/home/modesto/Applications/quast-5.1rc/quast-5.1.0rc1/quast.py -k -f --mgm --circos -t 32 --mgm --min-identity 90.0 --combined-ref --colors #E31A1C,#1F78B4,#33A02C,#6A3D9A,#FF7F00,#800000,#A6CEE3,#B2DF8A,#333300,#CCCC00 --ls solid,solid,solid,solid,solid,solid,solid,solid,solid,solid --ambiguity-usage all spades_results/Ctrl/contigs.fasta spades_results/Ctrl2/contigs.fasta spades_results/N4/contigs.fasta spades_results/D3/contigs.fasta spades_results/C3/contigs.fasta spades_results/F2/contigs.fasta spades_results/N2/contigs.fasta spades_results/B2/contigs.fasta spades_results/N6/contigs.fasta spades_results/A2/contigs.fasta -R /home/modesto/data/freeDNA/quast_results/results_2022_03_10_13_57_32/quast_corrected_input/combined_reference.fasta -o /home/modesto/data/freeDNA/quast_results/results_2022_03_10_13_57_32/combined_reference --labels "NA, NA_2, Phi29+RP, Phi29+RP_2, PrimPol+Phi29, piPolB+D, piMDA, piMDA_2, piMDA+D, piMDA+D_2"

Started: 2022-03-10 13:57:34

Logging to /home/modesto/data/freeDNA/quast_results/results_2022_03_10_13_57_32/combined_reference/quast.log

CWD: /home/modesto/data/freeDNA
Main parameters: 
  MODE: meta, threads: 32, min contig length: 500, min alignment length: 65, min alignment IDY: 90.0, \
  ambiguity: all, threshold for extensive misassembly size: 1000

Reference:
  /home/modesto/data/freeDNA/quast_results/results_2022_03_10_13_57_32/quast_corrected_input/combined_reference.fasta ==> combined_reference

Contigs:
  Pre-processing...
  1  spades_results/Ctrl/contigs.fasta ==> NA
  2  spades_results/Ctrl2/contigs.fasta ==> NA_2
  3  spades_results/N4/contigs.fasta ==> Phi29+RP
  4  spades_results/D3/contigs.fasta ==> Phi29+RP_2
  5  spades_results/C3/contigs.fasta ==> PrimPol+Phi29
  6  spades_results/F2/contigs.fasta ==> piPolB+D
  7  spades_results/N2/contigs.fasta ==> piMDA
  8  spades_results/B2/contigs.fasta ==> piMDA_2
  9  spades_results/N6/contigs.fasta ==> piMDA+D
  10 spades_results/A2/contigs.fasta ==> piMDA+D_2

2022-03-10 13:57:35
Running Basic statistics processor...
  Reference genome:
    combined_reference.fasta, length = 17818642, num fragments = 4, GC % = 57.69
  Contig files: 
    1  NA
    2  NA_2
    3  Phi29+RP
    4  Phi29+RP_2
    5  PrimPol+Phi29
    6  piPolB+D
    7  piMDA
    8  piMDA_2
    9  piMDA+D
    10 piMDA+D_2
  Calculating N50 and L50...
    1  NA, N50 = 271299, L50 = 18, Total length = 17899057, GC % = 57.95, # N's per 100 kbp =  0.00
    2  NA_2, N50 = 310147, L50 = 16, Total length = 17903287, GC % = 57.95, # N's per 100 kbp =  0.00
    3  Phi29+RP, N50 = 78604, L50 = 27, Total length = 13950118, GC % = 54.36, # N's per 100 kbp =  0.00
    4  Phi29+RP_2, N50 = 116557, L50 = 31, Total length = 17608082, GC % = 57.71, # N's per 100 kbp =  0.00
    5  PrimPol+Phi29, N50 = 269691, L50 = 17, Total length = 17887807, GC % = 57.95, # N's per 100 kbp =  0.00
    6  piPolB+D, N50 = 131949, L50 = 36, Total length = 17880904, GC % = 57.94, # N's per 100 kbp =  0.00
    7  piMDA, N50 = 239546, L50 = 21, Total length = 17932358, GC % = 57.97, # N's per 100 kbp =  0.00
    8  piMDA_2, N50 = 259558, L50 = 21, Total length = 17972980, GC % = 57.97, # N's per 100 kbp =  0.00
    9  piMDA+D, N50 = 304667, L50 = 18, Total length = 17901308, GC % = 57.95, # N's per 100 kbp =  0.00
    10 piMDA+D_2, N50 = 338304, L50 = 15, Total length = 17903920, GC % = 57.94, # N's per 100 kbp =  0.00
Done.

2022-03-10 13:57:46
Running analysis based on unique 101-mers...
  Running KMC on reference...
/home/modesto/Applications/quast-5.1rc/quast-5.1.0rc1/quast_libs/kmc/kmc -t32 -hp \
-m31 -n128 -k101 -fm -cx1 -ci1 quast_results/results_2022_03_10_13_57_32/quast_corrected_input/combined_reference.fasta \
quast_results/results_2022_03_10_13_57_32/combined_reference/k_mer_stats/tmp/combined_reference.fasta.kmc \
quast_results/results_2022_03_10_13_57_32/combined_reference/k_mer_stats/tmp >> quast_results/results_2022_03_10_13_57_32/combined_reference/k_mer_stats/kmc.log \
2>> quast_results/results_2022_03_10_13_57_32/combined_reference/k_mer_stats/kmc.err
/home/modesto/Applications/quast-5.1rc/quast-5.1.0rc1/quast_libs/kmc/kmc_tools -t32 \
-hp histogram quast_results/results_2022_03_10_13_57_32/combined_reference/k_mer_stats/tmp/combined_reference.fasta.kmc \
quast_results/results_2022_03_10_13_57_32/combined_reference/k_mer_stats/tmp/combined_reference.fasta.kmc.histo.txt \
>> quast_results/results_2022_03_10_13_57_32/combined_reference/k_mer_stats/kmc.log \
2>> quast_results/results_2022_03_10_13_57_32/combined_reference/k_mer_stats/kmc.err
  Analyzing assemblies completeness...
    1  NA
/home/modesto/Applications/quast-5.1rc/quast-5.1.0rc1/quast_libs/kmc/kmc -t32 -hp \
-m31 -n128 -k101 -fm -cx1 -ci1 quast_results/results_2022_03_10_13_57_32/quast_corrected_input/NA.fasta \
quast_results/results_2022_03_10_13_57_32/combined_reference/k_mer_stats/tmp/NA.fasta.kmc \
quast_results/results_2022_03_10_13_57_32/combined_reference/k_mer_stats/tmp >> quast_results/results_2022_03_10_13_57_32/combined_reference/k_mer_stats/kmc.log \
2>> quast_results/results_2022_03_10_13_57_32/combined_reference/k_mer_stats/kmc.err
/home/modesto/Applications/quast-5.1rc/quast-5.1.0rc1/quast_libs/kmc/kmc_tools -t32 \
-hp simple quast_results/results_2022_03_10_13_57_32/combined_reference/k_mer_stats/tmp/combined_reference.fasta.kmc \
quast_results/results_2022_03_10_13_57_32/combined_reference/k_mer_stats/tmp/NA.fasta.kmc \
intersect quast_results/results_2022_03_10_13_57_32/combined_reference/k_mer_stats/tmp/combined_reference.fasta_NA.fasta.kmc \
>> quast_results/results_2022_03_10_13_57_32/combined_reference/k_mer_stats/kmc.log \
2>> quast_results/results_2022_03_10_13_57_32/combined_reference/k_mer_stats/kmc.err
/home/modesto/Applications/quast-5.1rc/quast-5.1.0rc1/quast_libs/kmc/kmc_tools -t32 \
-hp histogram quast_results/results_2022_03_10_13_57_32/combined_reference/k_mer_stats/tmp/combined_reference.fasta_NA.fasta.kmc \
quast_results/results_2022_03_10_13_57_32/combined_reference/k_mer_stats/tmp/combined_reference.fasta_NA.fasta.kmc.histo.txt \
>> quast_results/results_2022_03_10_13_57_32/combined_reference/k_mer_stats/kmc.log \
2>> quast_results/results_2022_03_10_13_57_32/combined_reference/k_mer_stats/kmc.err
    2  NA_2
/home/modesto/Applications/quast-5.1rc/quast-5.1.0rc1/quast_libs/kmc/kmc -t32 -hp \
-m31 -n128 -k101 -fm -cx1 -ci1 quast_results/results_2022_03_10_13_57_32/quast_corrected_input/NA_2.fasta \
quast_results/results_2022_03_10_13_57_32/combined_reference/k_mer_stats/tmp/NA_2.fasta.kmc \
quast_results/results_2022_03_10_13_57_32/combined_reference/k_mer_stats/tmp >> quast_results/results_2022_03_10_13_57_32/combined_reference/k_mer_stats/kmc.log \
2>> quast_results/results_2022_03_10_13_57_32/combined_reference/k_mer_stats/kmc.err
/home/modesto/Applications/quast-5.1rc/quast-5.1.0rc1/quast_libs/kmc/kmc_tools -t32 \
-hp simple quast_results/results_2022_03_10_13_57_32/combined_reference/k_mer_stats/tmp/combined_reference.fasta.kmc \
quast_results/results_2022_03_10_13_57_32/combined_reference/k_mer_stats/tmp/NA_2.fasta.kmc \
intersect quast_results/results_2022_03_10_13_57_32/combined_reference/k_mer_stats/tmp/combined_reference.fasta_NA_2.fasta.kmc \
>> quast_results/results_2022_03_10_13_57_32/combined_reference/k_mer_stats/kmc.log \
2>> quast_results/results_2022_03_10_13_57_32/combined_reference/k_mer_stats/kmc.err
/home/modesto/Applications/quast-5.1rc/quast-5.1.0rc1/quast_libs/kmc/kmc_tools -t32 \
-hp histogram quast_results/results_2022_03_10_13_57_32/combined_reference/k_mer_stats/tmp/combined_reference.fasta_NA_2.fasta.kmc \
quast_results/results_2022_03_10_13_57_32/combined_reference/k_mer_stats/tmp/combined_reference.fasta_NA_2.fasta.kmc.histo.txt \
>> quast_results/results_2022_03_10_13_57_32/combined_reference/k_mer_stats/kmc.log \
2>> quast_results/results_2022_03_10_13_57_32/combined_reference/k_mer_stats/kmc.err
    3  Phi29+RP
/home/modesto/Applications/quast-5.1rc/quast-5.1.0rc1/quast_libs/kmc/kmc -t32 -hp \
-m31 -n128 -k101 -fm -cx1 -ci1 quast_results/results_2022_03_10_13_57_32/quast_corrected_input/Phi29_RP.fasta \
quast_results/results_2022_03_10_13_57_32/combined_reference/k_mer_stats/tmp/Phi29_RP.fasta.kmc \
quast_results/results_2022_03_10_13_57_32/combined_reference/k_mer_stats/tmp >> quast_results/results_2022_03_10_13_57_32/combined_reference/k_mer_stats/kmc.log \
2>> quast_results/results_2022_03_10_13_57_32/combined_reference/k_mer_stats/kmc.err
/home/modesto/Applications/quast-5.1rc/quast-5.1.0rc1/quast_libs/kmc/kmc_tools -t32 \
-hp simple quast_results/results_2022_03_10_13_57_32/combined_reference/k_mer_stats/tmp/combined_reference.fasta.kmc \
quast_results/results_2022_03_10_13_57_32/combined_reference/k_mer_stats/tmp/Phi29_RP.fasta.kmc \
intersect quast_results/results_2022_03_10_13_57_32/combined_reference/k_mer_stats/tmp/combined_reference.fasta_Phi29_RP.fasta.kmc \
>> quast_results/results_2022_03_10_13_57_32/combined_reference/k_mer_stats/kmc.log \
2>> quast_results/results_2022_03_10_13_57_32/combined_reference/k_mer_stats/kmc.err
/home/modesto/Applications/quast-5.1rc/quast-5.1.0rc1/quast_libs/kmc/kmc_tools -t32 \
-hp histogram quast_results/results_2022_03_10_13_57_32/combined_reference/k_mer_stats/tmp/combined_reference.fasta_Phi29_RP.fasta.kmc \
quast_results/results_2022_03_10_13_57_32/combined_reference/k_mer_stats/tmp/combined_reference.fasta_Phi29_RP.fasta.kmc.histo.txt \
>> quast_results/results_2022_03_10_13_57_32/combined_reference/k_mer_stats/kmc.log \
2>> quast_results/results_2022_03_10_13_57_32/combined_reference/k_mer_stats/kmc.err
    4  Phi29+RP_2
/home/modesto/Applications/quast-5.1rc/quast-5.1.0rc1/quast_libs/kmc/kmc -t32 -hp \
-m31 -n128 -k101 -fm -cx1 -ci1 quast_results/results_2022_03_10_13_57_32/quast_corrected_input/Phi29_RP_2.fasta \
quast_results/results_2022_03_10_13_57_32/combined_reference/k_mer_stats/tmp/Phi29_RP_2.fasta.kmc \
quast_results/results_2022_03_10_13_57_32/combined_reference/k_mer_stats/tmp >> quast_results/results_2022_03_10_13_57_32/combined_reference/k_mer_stats/kmc.log \
2>> quast_results/results_2022_03_10_13_57_32/combined_reference/k_mer_stats/kmc.err
/home/modesto/Applications/quast-5.1rc/quast-5.1.0rc1/quast_libs/kmc/kmc_tools -t32 \
-hp simple quast_results/results_2022_03_10_13_57_32/combined_reference/k_mer_stats/tmp/combined_reference.fasta.kmc \
quast_results/results_2022_03_10_13_57_32/combined_reference/k_mer_stats/tmp/Phi29_RP_2.fasta.kmc \
intersect quast_results/results_2022_03_10_13_57_32/combined_reference/k_mer_stats/tmp/combined_reference.fasta_Phi29_RP_2.fasta.kmc \
>> quast_results/results_2022_03_10_13_57_32/combined_reference/k_mer_stats/kmc.log \
2>> quast_results/results_2022_03_10_13_57_32/combined_reference/k_mer_stats/kmc.err
/home/modesto/Applications/quast-5.1rc/quast-5.1.0rc1/quast_libs/kmc/kmc_tools -t32 \
-hp histogram quast_results/results_2022_03_10_13_57_32/combined_reference/k_mer_stats/tmp/combined_reference.fasta_Phi29_RP_2.fasta.kmc \
quast_results/results_2022_03_10_13_57_32/combined_reference/k_mer_stats/tmp/combined_reference.fasta_Phi29_RP_2.fasta.kmc.histo.txt \
>> quast_results/results_2022_03_10_13_57_32/combined_reference/k_mer_stats/kmc.log \
2>> quast_results/results_2022_03_10_13_57_32/combined_reference/k_mer_stats/kmc.err
    5  PrimPol+Phi29
/home/modesto/Applications/quast-5.1rc/quast-5.1.0rc1/quast_libs/kmc/kmc -t32 -hp \
-m31 -n128 -k101 -fm -cx1 -ci1 quast_results/results_2022_03_10_13_57_32/quast_corrected_input/PrimPol_Phi29.fasta \
quast_results/results_2022_03_10_13_57_32/combined_reference/k_mer_stats/tmp/PrimPol_Phi29.fasta.kmc \
quast_results/results_2022_03_10_13_57_32/combined_reference/k_mer_stats/tmp >> quast_results/results_2022_03_10_13_57_32/combined_reference/k_mer_stats/kmc.log \
2>> quast_results/results_2022_03_10_13_57_32/combined_reference/k_mer_stats/kmc.err
/home/modesto/Applications/quast-5.1rc/quast-5.1.0rc1/quast_libs/kmc/kmc_tools -t32 \
-hp simple quast_results/results_2022_03_10_13_57_32/combined_reference/k_mer_stats/tmp/combined_reference.fasta.kmc \
quast_results/results_2022_03_10_13_57_32/combined_reference/k_mer_stats/tmp/PrimPol_Phi29.fasta.kmc \
intersect quast_results/results_2022_03_10_13_57_32/combined_reference/k_mer_stats/tmp/combined_reference.fasta_PrimPol_Phi29.fasta.kmc \
>> quast_results/results_2022_03_10_13_57_32/combined_reference/k_mer_stats/kmc.log \
2>> quast_results/results_2022_03_10_13_57_32/combined_reference/k_mer_stats/kmc.err
/home/modesto/Applications/quast-5.1rc/quast-5.1.0rc1/quast_libs/kmc/kmc_tools -t32 \
-hp histogram quast_results/results_2022_03_10_13_57_32/combined_reference/k_mer_stats/tmp/combined_reference.fasta_PrimPol_Phi29.fasta.kmc \
quast_results/results_2022_03_10_13_57_32/combined_reference/k_mer_stats/tmp/combined_reference.fasta_PrimPol_Phi29.fasta.kmc.histo.txt \
>> quast_results/results_2022_03_10_13_57_32/combined_reference/k_mer_stats/kmc.log \
2>> quast_results/results_2022_03_10_13_57_32/combined_reference/k_mer_stats/kmc.err
    6  piPolB+D
/home/modesto/Applications/quast-5.1rc/quast-5.1.0rc1/quast_libs/kmc/kmc -t32 -hp \
-m31 -n128 -k101 -fm -cx1 -ci1 quast_results/results_2022_03_10_13_57_32/quast_corrected_input/piPolB_D.fasta \
quast_results/results_2022_03_10_13_57_32/combined_reference/k_mer_stats/tmp/piPolB_D.fasta.kmc \
quast_results/results_2022_03_10_13_57_32/combined_reference/k_mer_stats/tmp >> quast_results/results_2022_03_10_13_57_32/combined_reference/k_mer_stats/kmc.log \
2>> quast_results/results_2022_03_10_13_57_32/combined_reference/k_mer_stats/kmc.err
/home/modesto/Applications/quast-5.1rc/quast-5.1.0rc1/quast_libs/kmc/kmc_tools -t32 \
-hp simple quast_results/results_2022_03_10_13_57_32/combined_reference/k_mer_stats/tmp/combined_reference.fasta.kmc \
quast_results/results_2022_03_10_13_57_32/combined_reference/k_mer_stats/tmp/piPolB_D.fasta.kmc \
intersect quast_results/results_2022_03_10_13_57_32/combined_reference/k_mer_stats/tmp/combined_reference.fasta_piPolB_D.fasta.kmc \
>> quast_results/results_2022_03_10_13_57_32/combined_reference/k_mer_stats/kmc.log \
2>> quast_results/results_2022_03_10_13_57_32/combined_reference/k_mer_stats/kmc.err
/home/modesto/Applications/quast-5.1rc/quast-5.1.0rc1/quast_libs/kmc/kmc_tools -t32 \
-hp histogram quast_results/results_2022_03_10_13_57_32/combined_reference/k_mer_stats/tmp/combined_reference.fasta_piPolB_D.fasta.kmc \
quast_results/results_2022_03_10_13_57_32/combined_reference/k_mer_stats/tmp/combined_reference.fasta_piPolB_D.fasta.kmc.histo.txt \
>> quast_results/results_2022_03_10_13_57_32/combined_reference/k_mer_stats/kmc.log \
2>> quast_results/results_2022_03_10_13_57_32/combined_reference/k_mer_stats/kmc.err
    7  piMDA
/home/modesto/Applications/quast-5.1rc/quast-5.1.0rc1/quast_libs/kmc/kmc -t32 -hp \
-m31 -n128 -k101 -fm -cx1 -ci1 quast_results/results_2022_03_10_13_57_32/quast_corrected_input/piMDA.fasta \
quast_results/results_2022_03_10_13_57_32/combined_reference/k_mer_stats/tmp/piMDA.fasta.kmc \
quast_results/results_2022_03_10_13_57_32/combined_reference/k_mer_stats/tmp >> quast_results/results_2022_03_10_13_57_32/combined_reference/k_mer_stats/kmc.log \
2>> quast_results/results_2022_03_10_13_57_32/combined_reference/k_mer_stats/kmc.err
/home/modesto/Applications/quast-5.1rc/quast-5.1.0rc1/quast_libs/kmc/kmc_tools -t32 \
-hp simple quast_results/results_2022_03_10_13_57_32/combined_reference/k_mer_stats/tmp/combined_reference.fasta.kmc \
quast_results/results_2022_03_10_13_57_32/combined_reference/k_mer_stats/tmp/piMDA.fasta.kmc \
intersect quast_results/results_2022_03_10_13_57_32/combined_reference/k_mer_stats/tmp/combined_reference.fasta_piMDA.fasta.kmc \
>> quast_results/results_2022_03_10_13_57_32/combined_reference/k_mer_stats/kmc.log \
2>> quast_results/results_2022_03_10_13_57_32/combined_reference/k_mer_stats/kmc.err
/home/modesto/Applications/quast-5.1rc/quast-5.1.0rc1/quast_libs/kmc/kmc_tools -t32 \
-hp histogram quast_results/results_2022_03_10_13_57_32/combined_reference/k_mer_stats/tmp/combined_reference.fasta_piMDA.fasta.kmc \
quast_results/results_2022_03_10_13_57_32/combined_reference/k_mer_stats/tmp/combined_reference.fasta_piMDA.fasta.kmc.histo.txt \
>> quast_results/results_2022_03_10_13_57_32/combined_reference/k_mer_stats/kmc.log \
2>> quast_results/results_2022_03_10_13_57_32/combined_reference/k_mer_stats/kmc.err
    8  piMDA_2
/home/modesto/Applications/quast-5.1rc/quast-5.1.0rc1/quast_libs/kmc/kmc -t32 -hp \
-m31 -n128 -k101 -fm -cx1 -ci1 quast_results/results_2022_03_10_13_57_32/quast_corrected_input/piMDA_2.fasta \
quast_results/results_2022_03_10_13_57_32/combined_reference/k_mer_stats/tmp/piMDA_2.fasta.kmc \
quast_results/results_2022_03_10_13_57_32/combined_reference/k_mer_stats/tmp >> quast_results/results_2022_03_10_13_57_32/combined_reference/k_mer_stats/kmc.log \
2>> quast_results/results_2022_03_10_13_57_32/combined_reference/k_mer_stats/kmc.err
/home/modesto/Applications/quast-5.1rc/quast-5.1.0rc1/quast_libs/kmc/kmc_tools -t32 \
-hp simple quast_results/results_2022_03_10_13_57_32/combined_reference/k_mer_stats/tmp/combined_reference.fasta.kmc \
quast_results/results_2022_03_10_13_57_32/combined_reference/k_mer_stats/tmp/piMDA_2.fasta.kmc \
intersect quast_results/results_2022_03_10_13_57_32/combined_reference/k_mer_stats/tmp/combined_reference.fasta_piMDA_2.fasta.kmc \
>> quast_results/results_2022_03_10_13_57_32/combined_reference/k_mer_stats/kmc.log \
2>> quast_results/results_2022_03_10_13_57_32/combined_reference/k_mer_stats/kmc.err
/home/modesto/Applications/quast-5.1rc/quast-5.1.0rc1/quast_libs/kmc/kmc_tools -t32 \
-hp histogram quast_results/results_2022_03_10_13_57_32/combined_reference/k_mer_stats/tmp/combined_reference.fasta_piMDA_2.fasta.kmc \
quast_results/results_2022_03_10_13_57_32/combined_reference/k_mer_stats/tmp/combined_reference.fasta_piMDA_2.fasta.kmc.histo.txt \
>> quast_results/results_2022_03_10_13_57_32/combined_reference/k_mer_stats/kmc.log \
2>> quast_results/results_2022_03_10_13_57_32/combined_reference/k_mer_stats/kmc.err
    9  piMDA+D
/home/modesto/Applications/quast-5.1rc/quast-5.1.0rc1/quast_libs/kmc/kmc -t32 -hp \
-m31 -n128 -k101 -fm -cx1 -ci1 quast_results/results_2022_03_10_13_57_32/quast_corrected_input/piMDA_D.fasta \
quast_results/results_2022_03_10_13_57_32/combined_reference/k_mer_stats/tmp/piMDA_D.fasta.kmc \
quast_results/results_2022_03_10_13_57_32/combined_reference/k_mer_stats/tmp >> quast_results/results_2022_03_10_13_57_32/combined_reference/k_mer_stats/kmc.log \
2>> quast_results/results_2022_03_10_13_57_32/combined_reference/k_mer_stats/kmc.err
/home/modesto/Applications/quast-5.1rc/quast-5.1.0rc1/quast_libs/kmc/kmc_tools -t32 \
-hp simple quast_results/results_2022_03_10_13_57_32/combined_reference/k_mer_stats/tmp/combined_reference.fasta.kmc \
quast_results/results_2022_03_10_13_57_32/combined_reference/k_mer_stats/tmp/piMDA_D.fasta.kmc \
intersect quast_results/results_2022_03_10_13_57_32/combined_reference/k_mer_stats/tmp/combined_reference.fasta_piMDA_D.fasta.kmc \
>> quast_results/results_2022_03_10_13_57_32/combined_reference/k_mer_stats/kmc.log \
2>> quast_results/results_2022_03_10_13_57_32/combined_reference/k_mer_stats/kmc.err
/home/modesto/Applications/quast-5.1rc/quast-5.1.0rc1/quast_libs/kmc/kmc_tools -t32 \
-hp histogram quast_results/results_2022_03_10_13_57_32/combined_reference/k_mer_stats/tmp/combined_reference.fasta_piMDA_D.fasta.kmc \
quast_results/results_2022_03_10_13_57_32/combined_reference/k_mer_stats/tmp/combined_reference.fasta_piMDA_D.fasta.kmc.histo.txt \
>> quast_results/results_2022_03_10_13_57_32/combined_reference/k_mer_stats/kmc.log \
2>> quast_results/results_2022_03_10_13_57_32/combined_reference/k_mer_stats/kmc.err
    10 piMDA+D_2
/home/modesto/Applications/quast-5.1rc/quast-5.1.0rc1/quast_libs/kmc/kmc -t32 -hp \
-m31 -n128 -k101 -fm -cx1 -ci1 quast_results/results_2022_03_10_13_57_32/quast_corrected_input/piMDA_D_2.fasta \
quast_results/results_2022_03_10_13_57_32/combined_reference/k_mer_stats/tmp/piMDA_D_2.fasta.kmc \
quast_results/results_2022_03_10_13_57_32/combined_reference/k_mer_stats/tmp >> quast_results/results_2022_03_10_13_57_32/combined_reference/k_mer_stats/kmc.log \
2>> quast_results/results_2022_03_10_13_57_32/combined_reference/k_mer_stats/kmc.err
/home/modesto/Applications/quast-5.1rc/quast-5.1.0rc1/quast_libs/kmc/kmc_tools -t32 \
-hp simple quast_results/results_2022_03_10_13_57_32/combined_reference/k_mer_stats/tmp/combined_reference.fasta.kmc \
quast_results/results_2022_03_10_13_57_32/combined_reference/k_mer_stats/tmp/piMDA_D_2.fasta.kmc \
intersect quast_results/results_2022_03_10_13_57_32/combined_reference/k_mer_stats/tmp/combined_reference.fasta_piMDA_D_2.fasta.kmc \
>> quast_results/results_2022_03_10_13_57_32/combined_reference/k_mer_stats/kmc.log \
2>> quast_results/results_2022_03_10_13_57_32/combined_reference/k_mer_stats/kmc.err
/home/modesto/Applications/quast-5.1rc/quast-5.1.0rc1/quast_libs/kmc/kmc_tools -t32 \
-hp histogram quast_results/results_2022_03_10_13_57_32/combined_reference/k_mer_stats/tmp/combined_reference.fasta_piMDA_D_2.fasta.kmc \
quast_results/results_2022_03_10_13_57_32/combined_reference/k_mer_stats/tmp/combined_reference.fasta_piMDA_D_2.fasta.kmc.histo.txt \
>> quast_results/results_2022_03_10_13_57_32/combined_reference/k_mer_stats/kmc.log \
2>> quast_results/results_2022_03_10_13_57_32/combined_reference/k_mer_stats/kmc.err
  Analyzing assemblies correctness...
    Downsampling k-mers...
/home/modesto/Applications/quast-5.1rc/quast-5.1.0rc1/quast_libs/kmc/kmc_tools -t32 \
-hp filter quast_results/results_2022_03_10_13_57_32/combined_reference/k_mer_stats/tmp/combined_reference.fasta.kmc \
quast_results/results_2022_03_10_13_57_32/combined_reference/k_mer_stats/tmp/kmers_NC_000964.3_NC_000964.3.fasta \
-ci1 -fa quast_results/results_2022_03_10_13_57_32/combined_reference/k_mer_stats/tmp/kmers_NC_000964.3_NC_000964.3.filtered.fasta \
>> quast_results/results_2022_03_10_13_57_32/combined_reference/k_mer_stats/kmc.log \
2>> quast_results/results_2022_03_10_13_57_32/combined_reference/k_mer_stats/kmc.err
/home/modesto/Applications/quast-5.1rc/quast-5.1.0rc1/quast_libs/kmc/kmc_tools -t32 \
-hp filter quast_results/results_2022_03_10_13_57_32/combined_reference/k_mer_stats/tmp/combined_reference.fasta.kmc \
quast_results/results_2022_03_10_13_57_32/combined_reference/k_mer_stats/tmp/kmers_GCF_000005845.2_ASM584v2_genomic_NC_000913.3.fasta \
-ci1 -fa quast_results/results_2022_03_10_13_57_32/combined_reference/k_mer_stats/tmp/kmers_GCF_000005845.2_ASM584v2_genomic_NC_000913.3.filtered.fasta \
>> quast_results/results_2022_03_10_13_57_32/combined_reference/k_mer_stats/kmc.log \
2>> quast_results/results_2022_03_10_13_57_32/combined_reference/k_mer_stats/kmc.err
/home/modesto/Applications/quast-5.1rc/quast-5.1.0rc1/quast_libs/kmc/kmc_tools -t32 \
-hp filter quast_results/results_2022_03_10_13_57_32/combined_reference/k_mer_stats/tmp/combined_reference.fasta.kmc \
quast_results/results_2022_03_10_13_57_32/combined_reference/k_mer_stats/tmp/kmers_Kocuria_rhizophila_ATCC_9341_NC_010617.1.fasta \
-ci1 -fa quast_results/results_2022_03_10_13_57_32/combined_reference/k_mer_stats/tmp/kmers_Kocuria_rhizophila_ATCC_9341_NC_010617.1.filtered.fasta \
>> quast_results/results_2022_03_10_13_57_32/combined_reference/k_mer_stats/kmc.log \
2>> quast_results/results_2022_03_10_13_57_32/combined_reference/k_mer_stats/kmc.err
/home/modesto/Applications/quast-5.1rc/quast-5.1.0rc1/quast_libs/kmc/kmc_tools -t32 \
-hp filter quast_results/results_2022_03_10_13_57_32/combined_reference/k_mer_stats/tmp/combined_reference.fasta.kmc \
quast_results/results_2022_03_10_13_57_32/combined_reference/k_mer_stats/tmp/kmers_GCF_000006765.1_ASM676v1_genomic_NC_002516.2.fasta \
-ci1 -fa quast_results/results_2022_03_10_13_57_32/combined_reference/k_mer_stats/tmp/kmers_GCF_000006765.1_ASM676v1_genomic_NC_002516.2.filtered.fasta \
>> quast_results/results_2022_03_10_13_57_32/combined_reference/k_mer_stats/kmc.log \
2>> quast_results/results_2022_03_10_13_57_32/combined_reference/k_mer_stats/kmc.err
    1  NA
  /home/modesto/Applications/quast-5.1rc/quast-5.1.0rc1/quast_libs/minimap2/minimap2 \
  -cx sr -s202 --frag=no -t 32 quast_results/results_2022_03_10_13_57_32/quast_corrected_input/NA.fasta \
  quast_results/results_2022_03_10_13_57_32/combined_reference/k_mer_stats/tmp/kmc.downsampled.txt \
  > quast_results/results_2022_03_10_13_57_32/combined_reference/k_mer_stats/tmp/kmers.coords \
  2>> quast_results/results_2022_03_10_13_57_32/combined_reference/k_mer_stats/kmc.err
    2  NA_2
  /home/modesto/Applications/quast-5.1rc/quast-5.1.0rc1/quast_libs/minimap2/minimap2 \
  -cx sr -s202 --frag=no -t 32 quast_results/results_2022_03_10_13_57_32/quast_corrected_input/NA_2.fasta \
  quast_results/results_2022_03_10_13_57_32/combined_reference/k_mer_stats/tmp/kmc.downsampled.txt \
  > quast_results/results_2022_03_10_13_57_32/combined_reference/k_mer_stats/tmp/kmers.coords \
  2>> quast_results/results_2022_03_10_13_57_32/combined_reference/k_mer_stats/kmc.err
    3  Phi29+RP
  /home/modesto/Applications/quast-5.1rc/quast-5.1.0rc1/quast_libs/minimap2/minimap2 \
  -cx sr -s202 --frag=no -t 32 quast_results/results_2022_03_10_13_57_32/quast_corrected_input/Phi29_RP.fasta \
  quast_results/results_2022_03_10_13_57_32/combined_reference/k_mer_stats/tmp/kmc.downsampled.txt \
  > quast_results/results_2022_03_10_13_57_32/combined_reference/k_mer_stats/tmp/kmers.coords \
  2>> quast_results/results_2022_03_10_13_57_32/combined_reference/k_mer_stats/kmc.err
    4  Phi29+RP_2
  /home/modesto/Applications/quast-5.1rc/quast-5.1.0rc1/quast_libs/minimap2/minimap2 \
  -cx sr -s202 --frag=no -t 32 quast_results/results_2022_03_10_13_57_32/quast_corrected_input/Phi29_RP_2.fasta \
  quast_results/results_2022_03_10_13_57_32/combined_reference/k_mer_stats/tmp/kmc.downsampled.txt \
  > quast_results/results_2022_03_10_13_57_32/combined_reference/k_mer_stats/tmp/kmers.coords \
  2>> quast_results/results_2022_03_10_13_57_32/combined_reference/k_mer_stats/kmc.err
    5  PrimPol+Phi29
  /home/modesto/Applications/quast-5.1rc/quast-5.1.0rc1/quast_libs/minimap2/minimap2 \
  -cx sr -s202 --frag=no -t 32 quast_results/results_2022_03_10_13_57_32/quast_corrected_input/PrimPol_Phi29.fasta \
  quast_results/results_2022_03_10_13_57_32/combined_reference/k_mer_stats/tmp/kmc.downsampled.txt \
  > quast_results/results_2022_03_10_13_57_32/combined_reference/k_mer_stats/tmp/kmers.coords \
  2>> quast_results/results_2022_03_10_13_57_32/combined_reference/k_mer_stats/kmc.err
    6  piPolB+D
  /home/modesto/Applications/quast-5.1rc/quast-5.1.0rc1/quast_libs/minimap2/minimap2 \
  -cx sr -s202 --frag=no -t 32 quast_results/results_2022_03_10_13_57_32/quast_corrected_input/piPolB_D.fasta \
  quast_results/results_2022_03_10_13_57_32/combined_reference/k_mer_stats/tmp/kmc.downsampled.txt \
  > quast_results/results_2022_03_10_13_57_32/combined_reference/k_mer_stats/tmp/kmers.coords \
  2>> quast_results/results_2022_03_10_13_57_32/combined_reference/k_mer_stats/kmc.err
    7  piMDA
  /home/modesto/Applications/quast-5.1rc/quast-5.1.0rc1/quast_libs/minimap2/minimap2 \
  -cx sr -s202 --frag=no -t 32 quast_results/results_2022_03_10_13_57_32/quast_corrected_input/piMDA.fasta \
  quast_results/results_2022_03_10_13_57_32/combined_reference/k_mer_stats/tmp/kmc.downsampled.txt \
  > quast_results/results_2022_03_10_13_57_32/combined_reference/k_mer_stats/tmp/kmers.coords \
  2>> quast_results/results_2022_03_10_13_57_32/combined_reference/k_mer_stats/kmc.err
    8  piMDA_2
  /home/modesto/Applications/quast-5.1rc/quast-5.1.0rc1/quast_libs/minimap2/minimap2 \
  -cx sr -s202 --frag=no -t 32 quast_results/results_2022_03_10_13_57_32/quast_corrected_input/piMDA_2.fasta \
  quast_results/results_2022_03_10_13_57_32/combined_reference/k_mer_stats/tmp/kmc.downsampled.txt \
  > quast_results/results_2022_03_10_13_57_32/combined_reference/k_mer_stats/tmp/kmers.coords \
  2>> quast_results/results_2022_03_10_13_57_32/combined_reference/k_mer_stats/kmc.err
    9  piMDA+D
  /home/modesto/Applications/quast-5.1rc/quast-5.1.0rc1/quast_libs/minimap2/minimap2 \
  -cx sr -s202 --frag=no -t 32 quast_results/results_2022_03_10_13_57_32/quast_corrected_input/piMDA_D.fasta \
  quast_results/results_2022_03_10_13_57_32/combined_reference/k_mer_stats/tmp/kmc.downsampled.txt \
  > quast_results/results_2022_03_10_13_57_32/combined_reference/k_mer_stats/tmp/kmers.coords \
  2>> quast_results/results_2022_03_10_13_57_32/combined_reference/k_mer_stats/kmc.err
    10 piMDA+D_2
  /home/modesto/Applications/quast-5.1rc/quast-5.1.0rc1/quast_libs/minimap2/minimap2 \
  -cx sr -s202 --frag=no -t 32 quast_results/results_2022_03_10_13_57_32/quast_corrected_input/piMDA_D_2.fasta \
  quast_results/results_2022_03_10_13_57_32/combined_reference/k_mer_stats/tmp/kmc.downsampled.txt \
  > quast_results/results_2022_03_10_13_57_32/combined_reference/k_mer_stats/tmp/kmers.coords \
  2>> quast_results/results_2022_03_10_13_57_32/combined_reference/k_mer_stats/kmc.err
  Creating total report...
    saved to /home/modesto/data/freeDNA/quast_results/results_2022_03_10_13_57_32/combined_reference/k_mer_stats/kmers_report.txt, kmers_report.tsv, and kmers_report.tex
Done.

2022-03-10 13:59:38
Running Contig analyzer...
  1  NA
  2  NA_2
  3  Phi29+RP
  3  Logging to files /home/modesto/data/freeDNA/quast_results/results_2022_03_10_13_57_32/combined_reference/contigs_reports/contigs_report_Phi29-RP.stdout and contigs_report_Phi29-RP.stderr...
  1  Logging to files /home/modesto/data/freeDNA/quast_results/results_2022_03_10_13_57_32/combined_reference/contigs_reports/contigs_report_NA.stdout and contigs_report_NA.stderr...
  2  Logging to files /home/modesto/data/freeDNA/quast_results/results_2022_03_10_13_57_32/combined_reference/contigs_reports/contigs_report_NA_2.stdout and contigs_report_NA_2.stderr...
  3  Aligning contigs to the reference
  1  Aligning contigs to the reference
  2  Aligning contigs to the reference
  4  Phi29+RP_2
  5  PrimPol+Phi29
  4  Logging to files /home/modesto/data/freeDNA/quast_results/results_2022_03_10_13_57_32/combined_reference/contigs_reports/contigs_report_Phi29-RP_2.stdout and contigs_report_Phi29-RP_2.stderr...
  5  Logging to files /home/modesto/data/freeDNA/quast_results/results_2022_03_10_13_57_32/combined_reference/contigs_reports/contigs_report_PrimPol-Phi29.stdout and contigs_report_PrimPol-Phi29.stderr...
  4  Aligning contigs to the reference
  6  piPolB+D
  5  Aligning contigs to the reference
  7  piMDA
  6  Logging to files /home/modesto/data/freeDNA/quast_results/results_2022_03_10_13_57_32/combined_reference/contigs_reports/contigs_report_piPolB-D.stdout and contigs_report_piPolB-D.stderr...
  8  piMDA_2
  6  Aligning contigs to the reference
  7  Logging to files /home/modesto/data/freeDNA/quast_results/results_2022_03_10_13_57_32/combined_reference/contigs_reports/contigs_report_piMDA.stdout and contigs_report_piMDA.stderr...
  8  Logging to files /home/modesto/data/freeDNA/quast_results/results_2022_03_10_13_57_32/combined_reference/contigs_reports/contigs_report_piMDA_2.stdout and contigs_report_piMDA_2.stderr...
  8  Aligning contigs to the reference
  10 piMDA+D_2
  9  piMDA+D
  7  Aligning contigs to the reference
  10 Logging to files /home/modesto/data/freeDNA/quast_results/results_2022_03_10_13_57_32/combined_reference/contigs_reports/contigs_report_piMDA-D_2.stdout and contigs_report_piMDA-D_2.stderr...
  9  Logging to files /home/modesto/data/freeDNA/quast_results/results_2022_03_10_13_57_32/combined_reference/contigs_reports/contigs_report_piMDA-D.stdout and contigs_report_piMDA-D.stderr...
  10 Aligning contigs to the reference
  9  Aligning contigs to the reference
  3  /home/modesto/Applications/quast-5.1rc/quast-5.1.0rc1/quast_libs/minimap2/minimap2 \
     -c -x asm10 -B5 -O4,16 --no-long-join -r 85 -N 100 -s 65 -z 200 --mask-level \
     1 --min-occ 200 -g 2500 --score-N 2 --cs -t 3 quast_results/results_2022_03_10_13_57_32/quast_corrected_input/combined_reference.fasta \
     quast_results/results_2022_03_10_13_57_32/quast_corrected_input/Phi29_RP.fasta \
     > quast_results/results_2022_03_10_13_57_32/combined_reference/contigs_reports/minimap_output/Phi29-RP.coords_tmp \
     2>> quast_results/results_2022_03_10_13_57_32/combined_reference/contigs_reports/contigs_report_Phi29-RP.stderr
  1  /home/modesto/Applications/quast-5.1rc/quast-5.1.0rc1/quast_libs/minimap2/minimap2 \
     -c -x asm10 -B5 -O4,16 --no-long-join -r 85 -N 100 -s 65 -z 200 --mask-level \
     1 --min-occ 200 -g 2500 --score-N 2 --cs -t 3 quast_results/results_2022_03_10_13_57_32/quast_corrected_input/combined_reference.fasta \
     quast_results/results_2022_03_10_13_57_32/quast_corrected_input/NA.fasta > quast_results/results_2022_03_10_13_57_32/combined_reference/contigs_reports/minimap_output/NA.coords_tmp \
     2>> quast_results/results_2022_03_10_13_57_32/combined_reference/contigs_reports/contigs_report_NA.stderr
  2  /home/modesto/Applications/quast-5.1rc/quast-5.1.0rc1/quast_libs/minimap2/minimap2 \
     -c -x asm10 -B5 -O4,16 --no-long-join -r 85 -N 100 -s 65 -z 200 --mask-level \
     1 --min-occ 200 -g 2500 --score-N 2 --cs -t 3 quast_results/results_2022_03_10_13_57_32/quast_corrected_input/combined_reference.fasta \
     quast_results/results_2022_03_10_13_57_32/quast_corrected_input/NA_2.fasta > \
     quast_results/results_2022_03_10_13_57_32/combined_reference/contigs_reports/minimap_output/NA_2.coords_tmp \
     2>> quast_results/results_2022_03_10_13_57_32/combined_reference/contigs_reports/contigs_report_NA_2.stderr
  4  /home/modesto/Applications/quast-5.1rc/quast-5.1.0rc1/quast_libs/minimap2/minimap2 \
     -c -x asm10 -B5 -O4,16 --no-long-join -r 85 -N 100 -s 65 -z 200 --mask-level \
     1 --min-occ 200 -g 2500 --score-N 2 --cs -t 3 quast_results/results_2022_03_10_13_57_32/quast_corrected_input/combined_reference.fasta \
     quast_results/results_2022_03_10_13_57_32/quast_corrected_input/Phi29_RP_2.fasta \
     > quast_results/results_2022_03_10_13_57_32/combined_reference/contigs_reports/minimap_output/Phi29-RP_2.coords_tmp \
     2>> quast_results/results_2022_03_10_13_57_32/combined_reference/contigs_reports/contigs_report_Phi29-RP_2.stderr
  6  /home/modesto/Applications/quast-5.1rc/quast-5.1.0rc1/quast_libs/minimap2/minimap2 \
     -c -x asm10 -B5 -O4,16 --no-long-join -r 85 -N 100 -s 65 -z 200 --mask-level \
     1 --min-occ 200 -g 2500 --score-N 2 --cs -t 3 quast_results/results_2022_03_10_13_57_32/quast_corrected_input/combined_reference.fasta \
     quast_results/results_2022_03_10_13_57_32/quast_corrected_input/piPolB_D.fasta \
     > quast_results/results_2022_03_10_13_57_32/combined_reference/contigs_reports/minimap_output/piPolB-D.coords_tmp \
     2>> quast_results/results_2022_03_10_13_57_32/combined_reference/contigs_reports/contigs_report_piPolB-D.stderr
  8  /home/modesto/Applications/quast-5.1rc/quast-5.1.0rc1/quast_libs/minimap2/minimap2 \
     -c -x asm10 -B5 -O4,16 --no-long-join -r 85 -N 100 -s 65 -z 200 --mask-level \
     1 --min-occ 200 -g 2500 --score-N 2 --cs -t 3 quast_results/results_2022_03_10_13_57_32/quast_corrected_input/combined_reference.fasta \
     quast_results/results_2022_03_10_13_57_32/quast_corrected_input/piMDA_2.fasta \
     > quast_results/results_2022_03_10_13_57_32/combined_reference/contigs_reports/minimap_output/piMDA_2.coords_tmp \
     2>> quast_results/results_2022_03_10_13_57_32/combined_reference/contigs_reports/contigs_report_piMDA_2.stderr
  5  /home/modesto/Applications/quast-5.1rc/quast-5.1.0rc1/quast_libs/minimap2/minimap2 \
     -c -x asm10 -B5 -O4,16 --no-long-join -r 85 -N 100 -s 65 -z 200 --mask-level \
     1 --min-occ 200 -g 2500 --score-N 2 --cs -t 3 quast_results/results_2022_03_10_13_57_32/quast_corrected_input/combined_reference.fasta \
     quast_results/results_2022_03_10_13_57_32/quast_corrected_input/PrimPol_Phi29.fasta \
     > quast_results/results_2022_03_10_13_57_32/combined_reference/contigs_reports/minimap_output/PrimPol-Phi29.coords_tmp \
     2>> quast_results/results_2022_03_10_13_57_32/combined_reference/contigs_reports/contigs_report_PrimPol-Phi29.stderr
  7  /home/modesto/Applications/quast-5.1rc/quast-5.1.0rc1/quast_libs/minimap2/minimap2 \
     -c -x asm10 -B5 -O4,16 --no-long-join -r 85 -N 100 -s 65 -z 200 --mask-level \
     1 --min-occ 200 -g 2500 --score-N 2 --cs -t 3 quast_results/results_2022_03_10_13_57_32/quast_corrected_input/combined_reference.fasta \
     quast_results/results_2022_03_10_13_57_32/quast_corrected_input/piMDA.fasta > \
     quast_results/results_2022_03_10_13_57_32/combined_reference/contigs_reports/minimap_output/piMDA.coords_tmp \
     2>> quast_results/results_2022_03_10_13_57_32/combined_reference/contigs_reports/contigs_report_piMDA.stderr
  9  /home/modesto/Applications/quast-5.1rc/quast-5.1.0rc1/quast_libs/minimap2/minimap2 \
     -c -x asm10 -B5 -O4,16 --no-long-join -r 85 -N 100 -s 65 -z 200 --mask-level \
     1 --min-occ 200 -g 2500 --score-N 2 --cs -t 3 quast_results/results_2022_03_10_13_57_32/quast_corrected_input/combined_reference.fasta \
     quast_results/results_2022_03_10_13_57_32/quast_corrected_input/piMDA_D.fasta \
     > quast_results/results_2022_03_10_13_57_32/combined_reference/contigs_reports/minimap_output/piMDA-D.coords_tmp \
     2>> quast_results/results_2022_03_10_13_57_32/combined_reference/contigs_reports/contigs_report_piMDA-D.stderr
  10 /home/modesto/Applications/quast-5.1rc/quast-5.1.0rc1/quast_libs/minimap2/minimap2 \
     -c -x asm10 -B5 -O4,16 --no-long-join -r 85 -N 100 -s 65 -z 200 --mask-level \
     1 --min-occ 200 -g 2500 --score-N 2 --cs -t 3 quast_results/results_2022_03_10_13_57_32/quast_corrected_input/combined_reference.fasta \
     quast_results/results_2022_03_10_13_57_32/quast_corrected_input/piMDA_D_2.fasta \
     > quast_results/results_2022_03_10_13_57_32/combined_reference/contigs_reports/minimap_output/piMDA-D_2.coords_tmp \
     2>> quast_results/results_2022_03_10_13_57_32/combined_reference/contigs_reports/contigs_report_piMDA-D_2.stderr
  3  Alignments: quast_results/results_2022_03_10_13_57_32/combined_reference/contigs_reports/alignments_Phi29-RP.tsv
  3  Analysis is finished.

  6  Alignments: quast_results/results_2022_03_10_13_57_32/combined_reference/contigs_reports/alignments_piPolB-D.tsv
  6  Analysis is finished.

  1  Alignments: quast_results/results_2022_03_10_13_57_32/combined_reference/contigs_reports/alignments_NA.tsv
  1  Analysis is finished.

  4  Alignments: quast_results/results_2022_03_10_13_57_32/combined_reference/contigs_reports/alignments_Phi29-RP_2.tsv
  4  Analysis is finished.

  10 Alignments: quast_results/results_2022_03_10_13_57_32/combined_reference/contigs_reports/alignments_piMDA-D_2.tsv
  10 Analysis is finished.

  9  Alignments: quast_results/results_2022_03_10_13_57_32/combined_reference/contigs_reports/alignments_piMDA-D.tsv
  9  Analysis is finished.

  5  Alignments: quast_results/results_2022_03_10_13_57_32/combined_reference/contigs_reports/alignments_PrimPol-Phi29.tsv
  5  Analysis is finished.

  7  Alignments: quast_results/results_2022_03_10_13_57_32/combined_reference/contigs_reports/alignments_piMDA.tsv
  7  Analysis is finished.

  2  Alignments: quast_results/results_2022_03_10_13_57_32/combined_reference/contigs_reports/alignments_NA_2.tsv
  2  Analysis is finished.

  8  Alignments: quast_results/results_2022_03_10_13_57_32/combined_reference/contigs_reports/alignments_piMDA_2.tsv
  8  Analysis is finished.

  Information about interspecies translocations by references for NA is saved to /home/modesto/data/freeDNA/quast_results/results_2022_03_10_13_57_32/combined_reference/contigs_reports/interspecies_translocations_by_refs_NA.info
  Information about interspecies translocations by references for NA_2 is saved to /home/modesto/data/freeDNA/quast_results/results_2022_03_10_13_57_32/combined_reference/contigs_reports/interspecies_translocations_by_refs_NA_2.info
  Information about interspecies translocations by references for Phi29_RP is saved to /home/modesto/data/freeDNA/quast_results/results_2022_03_10_13_57_32/combined_reference/contigs_reports/interspecies_translocations_by_refs_Phi29_RP.info
  Information about interspecies translocations by references for Phi29_RP_2 is saved to /home/modesto/data/freeDNA/quast_results/results_2022_03_10_13_57_32/combined_reference/contigs_reports/interspecies_translocations_by_refs_Phi29_RP_2.info
  Information about interspecies translocations by references for PrimPol_Phi29 is saved to /home/modesto/data/freeDNA/quast_results/results_2022_03_10_13_57_32/combined_reference/contigs_reports/interspecies_translocations_by_refs_PrimPol_Phi29.info
  Information about interspecies translocations by references for piPolB_D is saved to /home/modesto/data/freeDNA/quast_results/results_2022_03_10_13_57_32/combined_reference/contigs_reports/interspecies_translocations_by_refs_piPolB_D.info
  Information about interspecies translocations by references for piMDA is saved to /home/modesto/data/freeDNA/quast_results/results_2022_03_10_13_57_32/combined_reference/contigs_reports/interspecies_translocations_by_refs_piMDA.info
  Information about interspecies translocations by references for piMDA_2 is saved to /home/modesto/data/freeDNA/quast_results/results_2022_03_10_13_57_32/combined_reference/contigs_reports/interspecies_translocations_by_refs_piMDA_2.info
  Information about interspecies translocations by references for piMDA_D is saved to /home/modesto/data/freeDNA/quast_results/results_2022_03_10_13_57_32/combined_reference/contigs_reports/interspecies_translocations_by_refs_piMDA_D.info
  Information about interspecies translocations by references for piMDA_D_2 is saved to /home/modesto/data/freeDNA/quast_results/results_2022_03_10_13_57_32/combined_reference/contigs_reports/interspecies_translocations_by_refs_piMDA_D_2.info
  Creating total report...
    saved to /home/modesto/data/freeDNA/quast_results/results_2022_03_10_13_57_32/combined_reference/contigs_reports/misassemblies_report.txt, misassemblies_report.tsv, and misassemblies_report.tex
  Transposed version of total report...
    saved to /home/modesto/data/freeDNA/quast_results/results_2022_03_10_13_57_32/combined_reference/contigs_reports/transposed_report_misassemblies.txt, transposed_report_misassemblies.tsv, and transposed_report_misassemblies.tex
  Creating total report...
    saved to /home/modesto/data/freeDNA/quast_results/results_2022_03_10_13_57_32/combined_reference/contigs_reports/unaligned_report.txt, unaligned_report.tsv, and unaligned_report.tex
Done.

2022-03-10 13:59:44
Running NA-NGA calculation...
  1  NA, Largest alignment = 1042225, NA50 = 164022, LA50 = 24
  2  NA_2, Largest alignment = 1036878, NA50 = 200142, LA50 = 21
  3  Phi29+RP, Largest alignment = 995045, NA50 = 59674, LA50 = 35
  4  Phi29+RP_2, Largest alignment = 1200132, NA50 = 88547, LA50 = 43
  5  PrimPol+Phi29, Largest alignment = 1036878, NA50 = 177832, LA50 = 22
  6  piPolB+D, Largest alignment = 610348, NA50 = 102434, LA50 = 46
  7  piMDA, Largest alignment = 1028984, NA50 = 133707, LA50 = 33
  8  piMDA_2, Largest alignment = 1027920, NA50 = 149930, LA50 = 32
  9  piMDA+D, Largest alignment = 1015468, NA50 = 155806, LA50 = 24
  10 piMDA+D_2, Largest alignment = 1199874, NA50 = 202853, LA50 = 19
Done.

2022-03-10 13:59:45
Running Genome analyzer...
  NOTICE: No file with genomic features were provided. Use the --features option if you want to specify it.

  NOTICE: No file with operons were provided. Use the -O option if you want to specify it.
  1  NA
  3  Phi29+RP
  2  NA_2
  5  PrimPol+Phi29
  4  Phi29+RP_2
  6  piPolB+D
  7  piMDA
  8  piMDA_2
  10 piMDA+D_2
  9  piMDA+D
  3  Analysis is finished.
  1  Analysis is finished.
  9  Analysis is finished.
  10 Analysis is finished.
  8  Analysis is finished.
  5  Analysis is finished.
  4  Analysis is finished.
  6  Analysis is finished.
  7  Analysis is finished.
  2  Analysis is finished.
Done.

2022-03-10 13:59:50
Running MetaGeneMark...
  1  NA
  2  NA_2
  3  Phi29+RP
    1  /home/modesto/Applications/quast-5.1rc/quast-5.1.0rc1/quast_libs/genemark/linux_64/gmhmmp \
       -d -a -p 0 -m /home/modesto/Applications/quast-5.1rc/quast-5.1.0rc1/quast_libs/genemark/linux_64/../MetaGeneMark_v1.mod \
       -o quast_results/results_2022_03_10_13_57_32/quast_corrected_input/NA.fasta.gmhmm \
       quast_results/results_2022_03_10_13_57_32/quast_corrected_input/NA.fasta > \
       quast_results/results_2022_03_10_13_57_32/combined_reference/predicted_genes/NA_genemark.stderr \
       2> quast_results/results_2022_03_10_13_57_32/combined_reference/predicted_genes/NA_genemark.stderr
  4  Phi29+RP_2
    2  /home/modesto/Applications/quast-5.1rc/quast-5.1.0rc1/quast_libs/genemark/linux_64/gmhmmp \
       -d -a -p 0 -m /home/modesto/Applications/quast-5.1rc/quast-5.1.0rc1/quast_libs/genemark/linux_64/../MetaGeneMark_v1.mod \
       -o quast_results/results_2022_03_10_13_57_32/quast_corrected_input/NA_2.fasta.gmhmm \
       quast_results/results_2022_03_10_13_57_32/quast_corrected_input/NA_2.fasta \
       > quast_results/results_2022_03_10_13_57_32/combined_reference/predicted_genes/NA_2_genemark.stderr \
       2> quast_results/results_2022_03_10_13_57_32/combined_reference/predicted_genes/NA_2_genemark.stderr
  6  piPolB+D
  5  PrimPol+Phi29
    3  /home/modesto/Applications/quast-5.1rc/quast-5.1.0rc1/quast_libs/genemark/linux_64/gmhmmp \
       -d -a -p 0 -m /home/modesto/Applications/quast-5.1rc/quast-5.1.0rc1/quast_libs/genemark/linux_64/../MetaGeneMark_v1.mod \
       -o quast_results/results_2022_03_10_13_57_32/quast_corrected_input/Phi29_RP.fasta.gmhmm \
       quast_results/results_2022_03_10_13_57_32/quast_corrected_input/Phi29_RP.fasta \
       > quast_results/results_2022_03_10_13_57_32/combined_reference/predicted_genes/Phi29-RP_genemark.stderr \
       2> quast_results/results_2022_03_10_13_57_32/combined_reference/predicted_genes/Phi29-RP_genemark.stderr
    4  /home/modesto/Applications/quast-5.1rc/quast-5.1.0rc1/quast_libs/genemark/linux_64/gmhmmp \
       -d -a -p 0 -m /home/modesto/Applications/quast-5.1rc/quast-5.1.0rc1/quast_libs/genemark/linux_64/../MetaGeneMark_v1.mod \
       -o quast_results/results_2022_03_10_13_57_32/quast_corrected_input/Phi29_RP_2.fasta.gmhmm \
       quast_results/results_2022_03_10_13_57_32/quast_corrected_input/Phi29_RP_2.fasta \
       > quast_results/results_2022_03_10_13_57_32/combined_reference/predicted_genes/Phi29-RP_2_genemark.stderr \
       2> quast_results/results_2022_03_10_13_57_32/combined_reference/predicted_genes/Phi29-RP_2_genemark.stderr
    6  /home/modesto/Applications/quast-5.1rc/quast-5.1.0rc1/quast_libs/genemark/linux_64/gmhmmp \
       -d -a -p 0 -m /home/modesto/Applications/quast-5.1rc/quast-5.1.0rc1/quast_libs/genemark/linux_64/../MetaGeneMark_v1.mod \
       -o quast_results/results_2022_03_10_13_57_32/quast_corrected_input/piPolB_D.fasta.gmhmm \
       quast_results/results_2022_03_10_13_57_32/quast_corrected_input/piPolB_D.fasta \
       > quast_results/results_2022_03_10_13_57_32/combined_reference/predicted_genes/piPolB-D_genemark.stderr \
       2> quast_results/results_2022_03_10_13_57_32/combined_reference/predicted_genes/piPolB-D_genemark.stderr
  7  piMDA
    5  /home/modesto/Applications/quast-5.1rc/quast-5.1.0rc1/quast_libs/genemark/linux_64/gmhmmp \
       -d -a -p 0 -m /home/modesto/Applications/quast-5.1rc/quast-5.1.0rc1/quast_libs/genemark/linux_64/../MetaGeneMark_v1.mod \
       -o quast_results/results_2022_03_10_13_57_32/quast_corrected_input/PrimPol_Phi29.fasta.gmhmm \
       quast_results/results_2022_03_10_13_57_32/quast_corrected_input/PrimPol_Phi29.fasta \
       > quast_results/results_2022_03_10_13_57_32/combined_reference/predicted_genes/PrimPol-Phi29_genemark.stderr \
       2> quast_results/results_2022_03_10_13_57_32/combined_reference/predicted_genes/PrimPol-Phi29_genemark.stderr
  8  piMDA_2
  10 piMDA+D_2
    7  /home/modesto/Applications/quast-5.1rc/quast-5.1.0rc1/quast_libs/genemark/linux_64/gmhmmp \
       -d -a -p 0 -m /home/modesto/Applications/quast-5.1rc/quast-5.1.0rc1/quast_libs/genemark/linux_64/../MetaGeneMark_v1.mod \
       -o quast_results/results_2022_03_10_13_57_32/quast_corrected_input/piMDA.fasta.gmhmm \
       quast_results/results_2022_03_10_13_57_32/quast_corrected_input/piMDA.fasta \
       > quast_results/results_2022_03_10_13_57_32/combined_reference/predicted_genes/piMDA_genemark.stderr \
       2> quast_results/results_2022_03_10_13_57_32/combined_reference/predicted_genes/piMDA_genemark.stderr
  9  piMDA+D
    8  /home/modesto/Applications/quast-5.1rc/quast-5.1.0rc1/quast_libs/genemark/linux_64/gmhmmp \
       -d -a -p 0 -m /home/modesto/Applications/quast-5.1rc/quast-5.1.0rc1/quast_libs/genemark/linux_64/../MetaGeneMark_v1.mod \
       -o quast_results/results_2022_03_10_13_57_32/quast_corrected_input/piMDA_2.fasta.gmhmm \
       quast_results/results_2022_03_10_13_57_32/quast_corrected_input/piMDA_2.fasta \
       > quast_results/results_2022_03_10_13_57_32/combined_reference/predicted_genes/piMDA_2_genemark.stderr \
       2> quast_results/results_2022_03_10_13_57_32/combined_reference/predicted_genes/piMDA_2_genemark.stderr
    10 /home/modesto/Applications/quast-5.1rc/quast-5.1.0rc1/quast_libs/genemark/linux_64/gmhmmp \
       -d -a -p 0 -m /home/modesto/Applications/quast-5.1rc/quast-5.1.0rc1/quast_libs/genemark/linux_64/../MetaGeneMark_v1.mod \
       -o quast_results/results_2022_03_10_13_57_32/quast_corrected_input/piMDA_D_2.fasta.gmhmm \
       quast_results/results_2022_03_10_13_57_32/quast_corrected_input/piMDA_D_2.fasta \
       > quast_results/results_2022_03_10_13_57_32/combined_reference/predicted_genes/piMDA-D_2_genemark.stderr \
       2> quast_results/results_2022_03_10_13_57_32/combined_reference/predicted_genes/piMDA-D_2_genemark.stderr
    9  /home/modesto/Applications/quast-5.1rc/quast-5.1.0rc1/quast_libs/genemark/linux_64/gmhmmp \
       -d -a -p 0 -m /home/modesto/Applications/quast-5.1rc/quast-5.1.0rc1/quast_libs/genemark/linux_64/../MetaGeneMark_v1.mod \
       -o quast_results/results_2022_03_10_13_57_32/quast_corrected_input/piMDA_D.fasta.gmhmm \
       quast_results/results_2022_03_10_13_57_32/quast_corrected_input/piMDA_D.fasta \
       > quast_results/results_2022_03_10_13_57_32/combined_reference/predicted_genes/piMDA-D_genemark.stderr \
       2> quast_results/results_2022_03_10_13_57_32/combined_reference/predicted_genes/piMDA-D_genemark.stderr
       The tool returned non-zero. See quast_results/results_2022_03_10_13_57_32/combined_reference/predicted_genes/piMDA-D_genemark.stderr for stderr.
       The tool returned non-zero. See quast_results/results_2022_03_10_13_57_32/combined_reference/predicted_genes/PrimPol-Phi29_genemark.stderr for stderr.
       The tool returned non-zero. See quast_results/results_2022_03_10_13_57_32/combined_reference/predicted_genes/piMDA-D_2_genemark.stderr for stderr.
       The tool returned non-zero. See quast_results/results_2022_03_10_13_57_32/combined_reference/predicted_genes/NA_2_genemark.stderr for stderr.
       The tool returned non-zero. See quast_results/results_2022_03_10_13_57_32/combined_reference/predicted_genes/piMDA_2_genemark.stderr for stderr.
       The tool returned non-zero. See quast_results/results_2022_03_10_13_57_32/combined_reference/predicted_genes/Phi29-RP_2_genemark.stderr for stderr.
       The tool returned non-zero. See quast_results/results_2022_03_10_13_57_32/combined_reference/predicted_genes/NA_genemark.stderr for stderr.
       The tool returned non-zero. See quast_results/results_2022_03_10_13_57_32/combined_reference/predicted_genes/Phi29-RP_genemark.stderr for stderr.
       The tool returned non-zero. See quast_results/results_2022_03_10_13_57_32/combined_reference/predicted_genes/piMDA_genemark.stderr for stderr.
       The tool returned non-zero. See quast_results/results_2022_03_10_13_57_32/combined_reference/predicted_genes/piPolB-D_genemark.stderr for stderr.

WARNING: License period for GeneMark has ended! 
To update license, please visit http://exon.gatech.edu/GeneMark/license_download.cgi page and fill in the form.
You should choose GeneMarkS tool and your operating system (note that GeneMark is free for non-commercial use).
Download the license key and replace your ~/.gm_key with the updated version. After that you can restart QUAST.


NOTICE: Genes are not predicted by default. Use --gene-finding or --glimmer option to enable it.

2022-03-10 13:59:50
Creating large visual summaries...
This may take a while: press Ctrl-C to skip this step..
  1 of 2: Creating Icarus viewers...
  2 of 2: Creating Circos plot...
/home/linuxbrew/.linuxbrew/bin/circos -conf quast_results/results_2022_03_10_13_57_32/combined_reference/circos/circos.conf \
> quast_results/results_2022_03_10_13_57_32/combined_reference/circos/circos.log 2> \
quast_results/results_2022_03_10_13_57_32/combined_reference/circos/circos.err
The tool returned non-zero. See quast_results/results_2022_03_10_13_57_32/combined_reference/circos/circos.err for stderr.
WARNING:   Circos diagram was not created. See /home/modesto/data/freeDNA/quast_results/results_2022_03_10_13_57_32/combined_reference/circos/circos.log and /home/modesto/data/freeDNA/quast_results/results_2022_03_10_13_57_32/combined_reference/circos/circos.err for details
Done

2022-03-10 13:59:56
RESULTS:
  Text versions of total report are saved to /home/modesto/data/freeDNA/quast_results/results_2022_03_10_13_57_32/combined_reference/report.txt, report.tsv, and report.tex
  Text versions of transposed total report are saved to /home/modesto/data/freeDNA/quast_results/results_2022_03_10_13_57_32/combined_reference/transposed_report.txt, transposed_report.tsv, and transposed_report.tex
  HTML version (interactive tables and plots) is saved to /home/modesto/data/freeDNA/quast_results/results_2022_03_10_13_57_32/combined_reference/report.html
  Icarus (contig browser) is saved to /home/modesto/data/freeDNA/quast_results/results_2022_03_10_13_57_32/combined_reference/icarus.html
