1st stage: 0.16s
2nd stage: 1.64912s
Total    : 1.80912s
Tmp size : 3MB

Stats:
   No. of k-mers below min. threshold :            0
   No. of k-mers above max. threshold :         8265
   No. of unique k-mers               :      4174316
   No. of unique counted k-mers       :      4166051
   Total no. of k-mers                :      4215506
   Total no. of sequences             :            1
   Total no. of super-k-mers          :        85605
1st stage: 0.186938s
2nd stage: 1.64301s
Total    : 1.82994s
Tmp size : 3MB

Stats:
   No. of k-mers below min. threshold :            0
   No. of k-mers above max. threshold :         4267
   No. of unique k-mers               :      4026679
   No. of unique counted k-mers       :      4022412
   Total no. of k-mers                :      4030946
   Total no. of sequences             :           13
   Total no. of super-k-mers          :        81875
1st stage: 0.158804s
2nd stage: 1.59095s
Total    : 1.74976s
Tmp size : 3MB

Stats:
   No. of k-mers below min. threshold :            0
   No. of k-mers above max. threshold :         4162
   No. of unique k-mers               :      4026484
   No. of unique counted k-mers       :      4022322
   Total no. of k-mers                :      4030646
   Total no. of sequences             :           13
   Total no. of super-k-mers          :        81873
1st stage: 0.186073s
2nd stage: 1.68885s
Total    : 1.87492s
Tmp size : 3MB

Stats:
   No. of k-mers below min. threshold :            0
   No. of k-mers above max. threshold :        14501
   No. of unique k-mers               :      4026620
   No. of unique counted k-mers       :      4012119
   Total no. of k-mers                :      4042631
   Total no. of sequences             :           13
   Total no. of super-k-mers          :        82118
1st stage: 0.19486s
2nd stage: 1.68773s
Total    : 1.88259s
Tmp size : 3MB

Stats:
   No. of k-mers below min. threshold :            0
   No. of k-mers above max. threshold :         5424
   No. of unique k-mers               :      4026679
   No. of unique counted k-mers       :      4021255
   Total no. of k-mers                :      4033613
   Total no. of sequences             :           10
   Total no. of super-k-mers          :        81925
1st stage: 0.184961s
2nd stage: 1.60442s
Total    : 1.78938s
Tmp size : 3MB

Stats:
   No. of k-mers below min. threshold :            0
   No. of k-mers above max. threshold :         4077
   No. of unique k-mers               :      4027030
   No. of unique counted k-mers       :      4022953
   Total no. of k-mers                :      4031107
   Total no. of sequences             :           14
   Total no. of super-k-mers          :        81881
1st stage: 0.17057s
2nd stage: 1.69631s
Total    : 1.86688s
Tmp size : 3MB

Stats:
   No. of k-mers below min. threshold :            0
   No. of k-mers above max. threshold :         4062
   No. of unique k-mers               :      4023479
   No. of unique counted k-mers       :      4019417
   Total no. of k-mers                :      4027541
   Total no. of sequences             :           55
   Total no. of super-k-mers          :        81830
1st stage: 0.167968s
2nd stage: 1.68398s
Total    : 1.85195s
Tmp size : 3MB

Stats:
   No. of k-mers below min. threshold :            0
   No. of k-mers above max. threshold :         4056
   No. of unique k-mers               :      4026408
   No. of unique counted k-mers       :      4022352
   Total no. of k-mers                :      4030464
   Total no. of sequences             :           13
   Total no. of super-k-mers          :        81859
1st stage: 0.176309s
2nd stage: 1.69141s
Total    : 1.86772s
Tmp size : 3MB

Stats:
   No. of k-mers below min. threshold :            0
   No. of k-mers above max. threshold :         6607
   No. of unique k-mers               :      4027281
   No. of unique counted k-mers       :      4020674
   Total no. of k-mers                :      4033888
   Total no. of sequences             :           15
   Total no. of super-k-mers          :        81923
1st stage: 0.163486s
2nd stage: 1.69112s
Total    : 1.8546s
Tmp size : 3MB

Stats:
   No. of k-mers below min. threshold :            0
   No. of k-mers above max. threshold :         3992
   No. of unique k-mers               :      4025716
   No. of unique counted k-mers       :      4021724
   Total no. of k-mers                :      4029708
   Total no. of sequences             :           16
   Total no. of super-k-mers          :        81849
1st stage: 0.161819s
2nd stage: 1.68334s
Total    : 1.84516s
Tmp size : 3MB

Stats:
   No. of k-mers below min. threshold :            0
   No. of k-mers above max. threshold :         5137
   No. of unique k-mers               :      4026317
   No. of unique counted k-mers       :      4021180
   Total no. of k-mers                :      4032964
   Total no. of sequences             :            9
   Total no. of super-k-mers          :        81912
