/home/modesto/Applications/quast-5.1rc/quast-5.1.0rc1/quast.py -k -f --mgm --circos -t 32 --mgm --min-identity 90.0 --colors #E31A1C,#1F78B4,#33A02C,#6A3D9A,#FF7F00,#800000,#A6CEE3,#B2DF8A,#333300,#CCCC00 --ls solid,solid,solid,solid,solid,solid,solid,solid,solid,solid --no-check-meta --contig-thresholds 1000,5000,10000,25000,50000 /home/modesto/data/freeDNA/quast_results/results_2022_03_10_13_57_32/quast_corrected_input/NA_to_GCF_000005845.2_ASM584v2_genomic.fasta /home/modesto/data/freeDNA/quast_results/results_2022_03_10_13_57_32/quast_corrected_input/NA_2_to_GCF_000005845.2_ASM584v2_genomic.fasta /home/modesto/data/freeDNA/quast_results/results_2022_03_10_13_57_32/quast_corrected_input/Phi29-RP_to_GCF_000005845.2_ASM584v2_genomic.fasta /home/modesto/data/freeDNA/quast_results/results_2022_03_10_13_57_32/quast_corrected_input/Phi29-RP_2_to_GCF_000005845.2_ASM584v2_genomic.fasta /home/modesto/data/freeDNA/quast_results/results_2022_03_10_13_57_32/quast_corrected_input/PrimPol-Phi29_to_GCF_000005845.2_ASM584v2_genomic.fasta /home/modesto/data/freeDNA/quast_results/results_2022_03_10_13_57_32/quast_corrected_input/piPolB-D_to_GCF_000005845.2_ASM584v2_genomic.fasta /home/modesto/data/freeDNA/quast_results/results_2022_03_10_13_57_32/quast_corrected_input/piMDA_to_GCF_000005845.2_ASM584v2_genomic.fasta /home/modesto/data/freeDNA/quast_results/results_2022_03_10_13_57_32/quast_corrected_input/piMDA_2_to_GCF_000005845.2_ASM584v2_genomic.fasta /home/modesto/data/freeDNA/quast_results/results_2022_03_10_13_57_32/quast_corrected_input/piMDA-D_to_GCF_000005845.2_ASM584v2_genomic.fasta /home/modesto/data/freeDNA/quast_results/results_2022_03_10_13_57_32/quast_corrected_input/piMDA-D_2_to_GCF_000005845.2_ASM584v2_genomic.fasta -R /home/modesto/data/freeDNA/quast_results/results_2022_03_10_13_57_32/quast_corrected_input/GCF_000005845.2_ASM584v2_genomic.fna -o /home/modesto/data/freeDNA/quast_results/results_2022_03_10_13_57_32/runs_per_reference/GCF_000005845.2_ASM584v2_genomic --labels "NA, NA_2, Phi29+RP, Phi29+RP_2, PrimPol+Phi29, piPolB+D, piMDA, piMDA_2, piMDA+D, piMDA+D_2"

Started: 2022-03-10 14:00:45

Logging to /home/modesto/data/freeDNA/quast_results/results_2022_03_10_13_57_32/runs_per_reference/GCF_000005845.2_ASM584v2_genomic/quast.log

CWD: /home/modesto/data/freeDNA
Main parameters: 
  MODE: meta, threads: 32, min contig length: 500, min alignment length: 65, min alignment IDY: 90.0, \
  ambiguity: one, threshold for extensive misassembly size: 1000

Reference:
  /home/modesto/data/freeDNA/quast_results/results_2022_03_10_13_57_32/quast_corrected_input/GCF_000005845.2_ASM584v2_genomic.fna ==> GCF_000005845.2_ASM584v2_genomic

Contigs:
  Pre-processing...
  1  /home/modesto/data/freeDNA/quast_results/results_2022_03_10_13_57_32/quast_corrected_input/NA_to_GCF_000005845.2_ASM584v2_genomic.fasta ==> NA
  2  /home/modesto/data/freeDNA/quast_results/results_2022_03_10_13_57_32/quast_corrected_input/NA_2_to_GCF_000005845.2_ASM584v2_genomic.fasta ==> NA_2
  3  /home/modesto/data/freeDNA/quast_results/results_2022_03_10_13_57_32/quast_corrected_input/Phi29-RP_to_GCF_000005845.2_ASM584v2_genomic.fasta ==> Phi29+RP
  4  /home/modesto/data/freeDNA/quast_results/results_2022_03_10_13_57_32/quast_corrected_input/Phi29-RP_2_to_GCF_000005845.2_ASM584v2_genomic.fasta ==> Phi29+RP_2
  5  /home/modesto/data/freeDNA/quast_results/results_2022_03_10_13_57_32/quast_corrected_input/PrimPol-Phi29_to_GCF_000005845.2_ASM584v2_genomic.fasta ==> PrimPol+Phi29
  6  /home/modesto/data/freeDNA/quast_results/results_2022_03_10_13_57_32/quast_corrected_input/piPolB-D_to_GCF_000005845.2_ASM584v2_genomic.fasta ==> piPolB+D
  7  /home/modesto/data/freeDNA/quast_results/results_2022_03_10_13_57_32/quast_corrected_input/piMDA_to_GCF_000005845.2_ASM584v2_genomic.fasta ==> piMDA
  8  /home/modesto/data/freeDNA/quast_results/results_2022_03_10_13_57_32/quast_corrected_input/piMDA_2_to_GCF_000005845.2_ASM584v2_genomic.fasta ==> piMDA_2
  9  /home/modesto/data/freeDNA/quast_results/results_2022_03_10_13_57_32/quast_corrected_input/piMDA-D_to_GCF_000005845.2_ASM584v2_genomic.fasta ==> piMDA+D
  10 /home/modesto/data/freeDNA/quast_results/results_2022_03_10_13_57_32/quast_corrected_input/piMDA-D_2_to_GCF_000005845.2_ASM584v2_genomic.fasta ==> piMDA+D_2

2022-03-10 14:00:45
Running Basic statistics processor...
  Reference genome:
    GCF_000005845.2_ASM584v2_genomic.fna, length = 4641652, num fragments = 1, GC % = 50.79
  Contig files: 
    1  NA
    2  NA_2
    3  Phi29+RP
    4  Phi29+RP_2
    5  PrimPol+Phi29
    6  piPolB+D
    7  piMDA
    8  piMDA_2
    9  piMDA+D
    10 piMDA+D_2
  Calculating N50 and L50...
    1  NA, N50 = 112343, L50 = 14, Total length = 4559752, GC % = 50.74, # N's per 100 kbp =  0.00
    2  NA_2, N50 = 105741, L50 = 14, Total length = 4559895, GC % = 50.74, # N's per 100 kbp =  0.00
    3  Phi29+RP, N50 = 114111, L50 = 14, Total length = 4600897, GC % = 50.72, # N's per 100 kbp =  0.00
    4  Phi29+RP_2, N50 = 112343, L50 = 14, Total length = 4975634, GC % = 51.93, # N's per 100 kbp =  0.00
    5  PrimPol+Phi29, N50 = 107600, L50 = 14, Total length = 4558347, GC % = 50.74, # N's per 100 kbp =  0.00
    6  piPolB+D, N50 = 78604, L50 = 19, Total length = 4554118, GC % = 50.74, # N's per 100 kbp =  0.00
    7  piMDA, N50 = 105741, L50 = 14, Total length = 5055106, GC % = 52.21, # N's per 100 kbp =  0.00
    8  piMDA_2, N50 = 107980, L50 = 14, Total length = 4572235, GC % = 50.75, # N's per 100 kbp =  0.00
    9  piMDA+D, N50 = 105741, L50 = 15, Total length = 4558861, GC % = 50.74, # N's per 100 kbp =  0.00
    10 piMDA+D_2, N50 = 107600, L50 = 14, Total length = 4562017, GC % = 50.73, # N's per 100 kbp =  0.00
Done.

2022-03-10 14:00:47
Running analysis based on unique 101-mers...
  Running KMC on reference...
/home/modesto/Applications/quast-5.1rc/quast-5.1.0rc1/quast_libs/kmc/kmc -t32 -hp \
-m31 -n128 -k101 -fm -cx1 -ci1 quast_results/results_2022_03_10_13_57_32/quast_corrected_input/GCF_000005845.2_ASM584v2_genomic.fna \
quast_results/results_2022_03_10_13_57_32/runs_per_reference/GCF_000005845.2_ASM584v2_genomic/k_mer_stats/tmp/GCF_000005845.2_ASM584v2_genomic.fna.kmc \
quast_results/results_2022_03_10_13_57_32/runs_per_reference/GCF_000005845.2_ASM584v2_genomic/k_mer_stats/tmp \
>> quast_results/results_2022_03_10_13_57_32/runs_per_reference/GCF_000005845.2_ASM584v2_genomic/k_mer_stats/kmc.log \
2>> quast_results/results_2022_03_10_13_57_32/runs_per_reference/GCF_000005845.2_ASM584v2_genomic/k_mer_stats/kmc.err
/home/modesto/Applications/quast-5.1rc/quast-5.1.0rc1/quast_libs/kmc/kmc_tools -t32 \
-hp histogram quast_results/results_2022_03_10_13_57_32/runs_per_reference/GCF_000005845.2_ASM584v2_genomic/k_mer_stats/tmp/GCF_000005845.2_ASM584v2_genomic.fna.kmc \
quast_results/results_2022_03_10_13_57_32/runs_per_reference/GCF_000005845.2_ASM584v2_genomic/k_mer_stats/tmp/GCF_000005845.2_ASM584v2_genomic.fna.kmc.histo.txt \
>> quast_results/results_2022_03_10_13_57_32/runs_per_reference/GCF_000005845.2_ASM584v2_genomic/k_mer_stats/kmc.log \
2>> quast_results/results_2022_03_10_13_57_32/runs_per_reference/GCF_000005845.2_ASM584v2_genomic/k_mer_stats/kmc.err
  Analyzing assemblies completeness...
    1  NA
/home/modesto/Applications/quast-5.1rc/quast-5.1.0rc1/quast_libs/kmc/kmc -t32 -hp \
-m31 -n128 -k101 -fm -cx1 -ci1 quast_results/results_2022_03_10_13_57_32/quast_corrected_input/NA_to_GCF_000005845.2_ASM584v2_genomic.fasta \
quast_results/results_2022_03_10_13_57_32/runs_per_reference/GCF_000005845.2_ASM584v2_genomic/k_mer_stats/tmp/NA_to_GCF_000005845.2_ASM584v2_genomic.fasta.kmc \
quast_results/results_2022_03_10_13_57_32/runs_per_reference/GCF_000005845.2_ASM584v2_genomic/k_mer_stats/tmp \
>> quast_results/results_2022_03_10_13_57_32/runs_per_reference/GCF_000005845.2_ASM584v2_genomic/k_mer_stats/kmc.log \
2>> quast_results/results_2022_03_10_13_57_32/runs_per_reference/GCF_000005845.2_ASM584v2_genomic/k_mer_stats/kmc.err
/home/modesto/Applications/quast-5.1rc/quast-5.1.0rc1/quast_libs/kmc/kmc_tools -t32 \
-hp simple quast_results/results_2022_03_10_13_57_32/runs_per_reference/GCF_000005845.2_ASM584v2_genomic/k_mer_stats/tmp/GCF_000005845.2_ASM584v2_genomic.fna.kmc \
quast_results/results_2022_03_10_13_57_32/runs_per_reference/GCF_000005845.2_ASM584v2_genomic/k_mer_stats/tmp/NA_to_GCF_000005845.2_ASM584v2_genomic.fasta.kmc \
intersect quast_results/results_2022_03_10_13_57_32/runs_per_reference/GCF_000005845.2_ASM584v2_genomic/k_mer_stats/tmp/GCF_000005845.2_ASM584v2_genom_NA_to_GCF_000005845.2_ASM584v2.kmc \
>> quast_results/results_2022_03_10_13_57_32/runs_per_reference/GCF_000005845.2_ASM584v2_genomic/k_mer_stats/kmc.log \
2>> quast_results/results_2022_03_10_13_57_32/runs_per_reference/GCF_000005845.2_ASM584v2_genomic/k_mer_stats/kmc.err
/home/modesto/Applications/quast-5.1rc/quast-5.1.0rc1/quast_libs/kmc/kmc_tools -t32 \
-hp histogram quast_results/results_2022_03_10_13_57_32/runs_per_reference/GCF_000005845.2_ASM584v2_genomic/k_mer_stats/tmp/GCF_000005845.2_ASM584v2_genom_NA_to_GCF_000005845.2_ASM584v2.kmc \
quast_results/results_2022_03_10_13_57_32/runs_per_reference/GCF_000005845.2_ASM584v2_genomic/k_mer_stats/tmp/GCF_000005845.2_ASM584v2_genom_NA_to_GCF_000005845.2_ASM584v2.kmc.histo.txt \
>> quast_results/results_2022_03_10_13_57_32/runs_per_reference/GCF_000005845.2_ASM584v2_genomic/k_mer_stats/kmc.log \
2>> quast_results/results_2022_03_10_13_57_32/runs_per_reference/GCF_000005845.2_ASM584v2_genomic/k_mer_stats/kmc.err
    2  NA_2
/home/modesto/Applications/quast-5.1rc/quast-5.1.0rc1/quast_libs/kmc/kmc -t32 -hp \
-m31 -n128 -k101 -fm -cx1 -ci1 quast_results/results_2022_03_10_13_57_32/quast_corrected_input/NA_2_to_GCF_000005845.2_ASM584v2_genomic.fasta \
quast_results/results_2022_03_10_13_57_32/runs_per_reference/GCF_000005845.2_ASM584v2_genomic/k_mer_stats/tmp/NA_2_to_GCF_000005845.2_ASM584v2_genomic.fasta.kmc \
quast_results/results_2022_03_10_13_57_32/runs_per_reference/GCF_000005845.2_ASM584v2_genomic/k_mer_stats/tmp \
>> quast_results/results_2022_03_10_13_57_32/runs_per_reference/GCF_000005845.2_ASM584v2_genomic/k_mer_stats/kmc.log \
2>> quast_results/results_2022_03_10_13_57_32/runs_per_reference/GCF_000005845.2_ASM584v2_genomic/k_mer_stats/kmc.err
/home/modesto/Applications/quast-5.1rc/quast-5.1.0rc1/quast_libs/kmc/kmc_tools -t32 \
-hp simple quast_results/results_2022_03_10_13_57_32/runs_per_reference/GCF_000005845.2_ASM584v2_genomic/k_mer_stats/tmp/GCF_000005845.2_ASM584v2_genomic.fna.kmc \
quast_results/results_2022_03_10_13_57_32/runs_per_reference/GCF_000005845.2_ASM584v2_genomic/k_mer_stats/tmp/NA_2_to_GCF_000005845.2_ASM584v2_genomic.fasta.kmc \
intersect quast_results/results_2022_03_10_13_57_32/runs_per_reference/GCF_000005845.2_ASM584v2_genomic/k_mer_stats/tmp/GCF_000005845.2_ASM584v2_genom_NA_2_to_GCF_000005845.2_ASM584.kmc \
>> quast_results/results_2022_03_10_13_57_32/runs_per_reference/GCF_000005845.2_ASM584v2_genomic/k_mer_stats/kmc.log \
2>> quast_results/results_2022_03_10_13_57_32/runs_per_reference/GCF_000005845.2_ASM584v2_genomic/k_mer_stats/kmc.err
/home/modesto/Applications/quast-5.1rc/quast-5.1.0rc1/quast_libs/kmc/kmc_tools -t32 \
-hp histogram quast_results/results_2022_03_10_13_57_32/runs_per_reference/GCF_000005845.2_ASM584v2_genomic/k_mer_stats/tmp/GCF_000005845.2_ASM584v2_genom_NA_2_to_GCF_000005845.2_ASM584.kmc \
quast_results/results_2022_03_10_13_57_32/runs_per_reference/GCF_000005845.2_ASM584v2_genomic/k_mer_stats/tmp/GCF_000005845.2_ASM584v2_genom_NA_2_to_GCF_000005845.2_ASM584.kmc.histo.txt \
>> quast_results/results_2022_03_10_13_57_32/runs_per_reference/GCF_000005845.2_ASM584v2_genomic/k_mer_stats/kmc.log \
2>> quast_results/results_2022_03_10_13_57_32/runs_per_reference/GCF_000005845.2_ASM584v2_genomic/k_mer_stats/kmc.err
    3  Phi29+RP
/home/modesto/Applications/quast-5.1rc/quast-5.1.0rc1/quast_libs/kmc/kmc -t32 -hp \
-m31 -n128 -k101 -fm -cx1 -ci1 quast_results/results_2022_03_10_13_57_32/quast_corrected_input/Phi29-RP_to_GCF_000005845.2_ASM584v2_genomic.fasta \
quast_results/results_2022_03_10_13_57_32/runs_per_reference/GCF_000005845.2_ASM584v2_genomic/k_mer_stats/tmp/Phi29-RP_to_GCF_000005845.2_ASM584v2_genomic.fasta.kmc \
quast_results/results_2022_03_10_13_57_32/runs_per_reference/GCF_000005845.2_ASM584v2_genomic/k_mer_stats/tmp \
>> quast_results/results_2022_03_10_13_57_32/runs_per_reference/GCF_000005845.2_ASM584v2_genomic/k_mer_stats/kmc.log \
2>> quast_results/results_2022_03_10_13_57_32/runs_per_reference/GCF_000005845.2_ASM584v2_genomic/k_mer_stats/kmc.err
/home/modesto/Applications/quast-5.1rc/quast-5.1.0rc1/quast_libs/kmc/kmc_tools -t32 \
-hp simple quast_results/results_2022_03_10_13_57_32/runs_per_reference/GCF_000005845.2_ASM584v2_genomic/k_mer_stats/tmp/GCF_000005845.2_ASM584v2_genomic.fna.kmc \
quast_results/results_2022_03_10_13_57_32/runs_per_reference/GCF_000005845.2_ASM584v2_genomic/k_mer_stats/tmp/Phi29-RP_to_GCF_000005845.2_ASM584v2_genomic.fasta.kmc \
intersect quast_results/results_2022_03_10_13_57_32/runs_per_reference/GCF_000005845.2_ASM584v2_genomic/k_mer_stats/tmp/GCF_000005845.2_ASM584v2_genom_Phi29-RP_to_GCF_000005845.2_AS.kmc \
>> quast_results/results_2022_03_10_13_57_32/runs_per_reference/GCF_000005845.2_ASM584v2_genomic/k_mer_stats/kmc.log \
2>> quast_results/results_2022_03_10_13_57_32/runs_per_reference/GCF_000005845.2_ASM584v2_genomic/k_mer_stats/kmc.err
/home/modesto/Applications/quast-5.1rc/quast-5.1.0rc1/quast_libs/kmc/kmc_tools -t32 \
-hp histogram quast_results/results_2022_03_10_13_57_32/runs_per_reference/GCF_000005845.2_ASM584v2_genomic/k_mer_stats/tmp/GCF_000005845.2_ASM584v2_genom_Phi29-RP_to_GCF_000005845.2_AS.kmc \
quast_results/results_2022_03_10_13_57_32/runs_per_reference/GCF_000005845.2_ASM584v2_genomic/k_mer_stats/tmp/GCF_000005845.2_ASM584v2_genom_Phi29-RP_to_GCF_000005845.2_AS.kmc.histo.txt \
>> quast_results/results_2022_03_10_13_57_32/runs_per_reference/GCF_000005845.2_ASM584v2_genomic/k_mer_stats/kmc.log \
2>> quast_results/results_2022_03_10_13_57_32/runs_per_reference/GCF_000005845.2_ASM584v2_genomic/k_mer_stats/kmc.err
    4  Phi29+RP_2
/home/modesto/Applications/quast-5.1rc/quast-5.1.0rc1/quast_libs/kmc/kmc -t32 -hp \
-m31 -n128 -k101 -fm -cx1 -ci1 quast_results/results_2022_03_10_13_57_32/quast_corrected_input/Phi29-RP_2_to_GCF_000005845.2_ASM584v2_genomic.fasta \
quast_results/results_2022_03_10_13_57_32/runs_per_reference/GCF_000005845.2_ASM584v2_genomic/k_mer_stats/tmp/Phi29-RP_2_to_GCF_000005845.2_ASM584v2_genomic.fasta.kmc \
quast_results/results_2022_03_10_13_57_32/runs_per_reference/GCF_000005845.2_ASM584v2_genomic/k_mer_stats/tmp \
>> quast_results/results_2022_03_10_13_57_32/runs_per_reference/GCF_000005845.2_ASM584v2_genomic/k_mer_stats/kmc.log \
2>> quast_results/results_2022_03_10_13_57_32/runs_per_reference/GCF_000005845.2_ASM584v2_genomic/k_mer_stats/kmc.err
/home/modesto/Applications/quast-5.1rc/quast-5.1.0rc1/quast_libs/kmc/kmc_tools -t32 \
-hp simple quast_results/results_2022_03_10_13_57_32/runs_per_reference/GCF_000005845.2_ASM584v2_genomic/k_mer_stats/tmp/GCF_000005845.2_ASM584v2_genomic.fna.kmc \
quast_results/results_2022_03_10_13_57_32/runs_per_reference/GCF_000005845.2_ASM584v2_genomic/k_mer_stats/tmp/Phi29-RP_2_to_GCF_000005845.2_ASM584v2_genomic.fasta.kmc \
intersect quast_results/results_2022_03_10_13_57_32/runs_per_reference/GCF_000005845.2_ASM584v2_genomic/k_mer_stats/tmp/GCF_000005845.2_ASM584v2_genom_Phi29-RP_2_to_GCF_000005845.2_.kmc \
>> quast_results/results_2022_03_10_13_57_32/runs_per_reference/GCF_000005845.2_ASM584v2_genomic/k_mer_stats/kmc.log \
2>> quast_results/results_2022_03_10_13_57_32/runs_per_reference/GCF_000005845.2_ASM584v2_genomic/k_mer_stats/kmc.err
/home/modesto/Applications/quast-5.1rc/quast-5.1.0rc1/quast_libs/kmc/kmc_tools -t32 \
-hp histogram quast_results/results_2022_03_10_13_57_32/runs_per_reference/GCF_000005845.2_ASM584v2_genomic/k_mer_stats/tmp/GCF_000005845.2_ASM584v2_genom_Phi29-RP_2_to_GCF_000005845.2_.kmc \
quast_results/results_2022_03_10_13_57_32/runs_per_reference/GCF_000005845.2_ASM584v2_genomic/k_mer_stats/tmp/GCF_000005845.2_ASM584v2_genom_Phi29-RP_2_to_GCF_000005845.2_.kmc.histo.txt \
>> quast_results/results_2022_03_10_13_57_32/runs_per_reference/GCF_000005845.2_ASM584v2_genomic/k_mer_stats/kmc.log \
2>> quast_results/results_2022_03_10_13_57_32/runs_per_reference/GCF_000005845.2_ASM584v2_genomic/k_mer_stats/kmc.err
    5  PrimPol+Phi29
/home/modesto/Applications/quast-5.1rc/quast-5.1.0rc1/quast_libs/kmc/kmc -t32 -hp \
-m31 -n128 -k101 -fm -cx1 -ci1 quast_results/results_2022_03_10_13_57_32/quast_corrected_input/PrimPol-Phi29_to_GCF_000005845.2_ASM584v2_genomic.fasta \
quast_results/results_2022_03_10_13_57_32/runs_per_reference/GCF_000005845.2_ASM584v2_genomic/k_mer_stats/tmp/PrimPol-Phi29_to_GCF_000005845.2_ASM584v2_genomic.fasta.kmc \
quast_results/results_2022_03_10_13_57_32/runs_per_reference/GCF_000005845.2_ASM584v2_genomic/k_mer_stats/tmp \
>> quast_results/results_2022_03_10_13_57_32/runs_per_reference/GCF_000005845.2_ASM584v2_genomic/k_mer_stats/kmc.log \
2>> quast_results/results_2022_03_10_13_57_32/runs_per_reference/GCF_000005845.2_ASM584v2_genomic/k_mer_stats/kmc.err
/home/modesto/Applications/quast-5.1rc/quast-5.1.0rc1/quast_libs/kmc/kmc_tools -t32 \
-hp simple quast_results/results_2022_03_10_13_57_32/runs_per_reference/GCF_000005845.2_ASM584v2_genomic/k_mer_stats/tmp/GCF_000005845.2_ASM584v2_genomic.fna.kmc \
quast_results/results_2022_03_10_13_57_32/runs_per_reference/GCF_000005845.2_ASM584v2_genomic/k_mer_stats/tmp/PrimPol-Phi29_to_GCF_000005845.2_ASM584v2_genomic.fasta.kmc \
intersect quast_results/results_2022_03_10_13_57_32/runs_per_reference/GCF_000005845.2_ASM584v2_genomic/k_mer_stats/tmp/GCF_000005845.2_ASM584v2_genom_PrimPol-Phi29_to_GCF_000005845.kmc \
>> quast_results/results_2022_03_10_13_57_32/runs_per_reference/GCF_000005845.2_ASM584v2_genomic/k_mer_stats/kmc.log \
2>> quast_results/results_2022_03_10_13_57_32/runs_per_reference/GCF_000005845.2_ASM584v2_genomic/k_mer_stats/kmc.err
/home/modesto/Applications/quast-5.1rc/quast-5.1.0rc1/quast_libs/kmc/kmc_tools -t32 \
-hp histogram quast_results/results_2022_03_10_13_57_32/runs_per_reference/GCF_000005845.2_ASM584v2_genomic/k_mer_stats/tmp/GCF_000005845.2_ASM584v2_genom_PrimPol-Phi29_to_GCF_000005845.kmc \
quast_results/results_2022_03_10_13_57_32/runs_per_reference/GCF_000005845.2_ASM584v2_genomic/k_mer_stats/tmp/GCF_000005845.2_ASM584v2_genom_PrimPol-Phi29_to_GCF_000005845.kmc.histo.txt \
>> quast_results/results_2022_03_10_13_57_32/runs_per_reference/GCF_000005845.2_ASM584v2_genomic/k_mer_stats/kmc.log \
2>> quast_results/results_2022_03_10_13_57_32/runs_per_reference/GCF_000005845.2_ASM584v2_genomic/k_mer_stats/kmc.err
    6  piPolB+D
/home/modesto/Applications/quast-5.1rc/quast-5.1.0rc1/quast_libs/kmc/kmc -t32 -hp \
-m31 -n128 -k101 -fm -cx1 -ci1 quast_results/results_2022_03_10_13_57_32/quast_corrected_input/piPolB-D_to_GCF_000005845.2_ASM584v2_genomic.fasta \
quast_results/results_2022_03_10_13_57_32/runs_per_reference/GCF_000005845.2_ASM584v2_genomic/k_mer_stats/tmp/piPolB-D_to_GCF_000005845.2_ASM584v2_genomic.fasta.kmc \
quast_results/results_2022_03_10_13_57_32/runs_per_reference/GCF_000005845.2_ASM584v2_genomic/k_mer_stats/tmp \
>> quast_results/results_2022_03_10_13_57_32/runs_per_reference/GCF_000005845.2_ASM584v2_genomic/k_mer_stats/kmc.log \
2>> quast_results/results_2022_03_10_13_57_32/runs_per_reference/GCF_000005845.2_ASM584v2_genomic/k_mer_stats/kmc.err
/home/modesto/Applications/quast-5.1rc/quast-5.1.0rc1/quast_libs/kmc/kmc_tools -t32 \
-hp simple quast_results/results_2022_03_10_13_57_32/runs_per_reference/GCF_000005845.2_ASM584v2_genomic/k_mer_stats/tmp/GCF_000005845.2_ASM584v2_genomic.fna.kmc \
quast_results/results_2022_03_10_13_57_32/runs_per_reference/GCF_000005845.2_ASM584v2_genomic/k_mer_stats/tmp/piPolB-D_to_GCF_000005845.2_ASM584v2_genomic.fasta.kmc \
intersect quast_results/results_2022_03_10_13_57_32/runs_per_reference/GCF_000005845.2_ASM584v2_genomic/k_mer_stats/tmp/GCF_000005845.2_ASM584v2_genom_piPolB-D_to_GCF_000005845.2_AS.kmc \
>> quast_results/results_2022_03_10_13_57_32/runs_per_reference/GCF_000005845.2_ASM584v2_genomic/k_mer_stats/kmc.log \
2>> quast_results/results_2022_03_10_13_57_32/runs_per_reference/GCF_000005845.2_ASM584v2_genomic/k_mer_stats/kmc.err
/home/modesto/Applications/quast-5.1rc/quast-5.1.0rc1/quast_libs/kmc/kmc_tools -t32 \
-hp histogram quast_results/results_2022_03_10_13_57_32/runs_per_reference/GCF_000005845.2_ASM584v2_genomic/k_mer_stats/tmp/GCF_000005845.2_ASM584v2_genom_piPolB-D_to_GCF_000005845.2_AS.kmc \
quast_results/results_2022_03_10_13_57_32/runs_per_reference/GCF_000005845.2_ASM584v2_genomic/k_mer_stats/tmp/GCF_000005845.2_ASM584v2_genom_piPolB-D_to_GCF_000005845.2_AS.kmc.histo.txt \
>> quast_results/results_2022_03_10_13_57_32/runs_per_reference/GCF_000005845.2_ASM584v2_genomic/k_mer_stats/kmc.log \
2>> quast_results/results_2022_03_10_13_57_32/runs_per_reference/GCF_000005845.2_ASM584v2_genomic/k_mer_stats/kmc.err
    7  piMDA
/home/modesto/Applications/quast-5.1rc/quast-5.1.0rc1/quast_libs/kmc/kmc -t32 -hp \
-m31 -n128 -k101 -fm -cx1 -ci1 quast_results/results_2022_03_10_13_57_32/quast_corrected_input/piMDA_to_GCF_000005845.2_ASM584v2_genomic.fasta \
quast_results/results_2022_03_10_13_57_32/runs_per_reference/GCF_000005845.2_ASM584v2_genomic/k_mer_stats/tmp/piMDA_to_GCF_000005845.2_ASM584v2_genomic.fasta.kmc \
quast_results/results_2022_03_10_13_57_32/runs_per_reference/GCF_000005845.2_ASM584v2_genomic/k_mer_stats/tmp \
>> quast_results/results_2022_03_10_13_57_32/runs_per_reference/GCF_000005845.2_ASM584v2_genomic/k_mer_stats/kmc.log \
2>> quast_results/results_2022_03_10_13_57_32/runs_per_reference/GCF_000005845.2_ASM584v2_genomic/k_mer_stats/kmc.err
/home/modesto/Applications/quast-5.1rc/quast-5.1.0rc1/quast_libs/kmc/kmc_tools -t32 \
-hp simple quast_results/results_2022_03_10_13_57_32/runs_per_reference/GCF_000005845.2_ASM584v2_genomic/k_mer_stats/tmp/GCF_000005845.2_ASM584v2_genomic.fna.kmc \
quast_results/results_2022_03_10_13_57_32/runs_per_reference/GCF_000005845.2_ASM584v2_genomic/k_mer_stats/tmp/piMDA_to_GCF_000005845.2_ASM584v2_genomic.fasta.kmc \
intersect quast_results/results_2022_03_10_13_57_32/runs_per_reference/GCF_000005845.2_ASM584v2_genomic/k_mer_stats/tmp/GCF_000005845.2_ASM584v2_genom_piMDA_to_GCF_000005845.2_ASM58.kmc \
>> quast_results/results_2022_03_10_13_57_32/runs_per_reference/GCF_000005845.2_ASM584v2_genomic/k_mer_stats/kmc.log \
2>> quast_results/results_2022_03_10_13_57_32/runs_per_reference/GCF_000005845.2_ASM584v2_genomic/k_mer_stats/kmc.err
/home/modesto/Applications/quast-5.1rc/quast-5.1.0rc1/quast_libs/kmc/kmc_tools -t32 \
-hp histogram quast_results/results_2022_03_10_13_57_32/runs_per_reference/GCF_000005845.2_ASM584v2_genomic/k_mer_stats/tmp/GCF_000005845.2_ASM584v2_genom_piMDA_to_GCF_000005845.2_ASM58.kmc \
quast_results/results_2022_03_10_13_57_32/runs_per_reference/GCF_000005845.2_ASM584v2_genomic/k_mer_stats/tmp/GCF_000005845.2_ASM584v2_genom_piMDA_to_GCF_000005845.2_ASM58.kmc.histo.txt \
>> quast_results/results_2022_03_10_13_57_32/runs_per_reference/GCF_000005845.2_ASM584v2_genomic/k_mer_stats/kmc.log \
2>> quast_results/results_2022_03_10_13_57_32/runs_per_reference/GCF_000005845.2_ASM584v2_genomic/k_mer_stats/kmc.err
    8  piMDA_2
/home/modesto/Applications/quast-5.1rc/quast-5.1.0rc1/quast_libs/kmc/kmc -t32 -hp \
-m31 -n128 -k101 -fm -cx1 -ci1 quast_results/results_2022_03_10_13_57_32/quast_corrected_input/piMDA_2_to_GCF_000005845.2_ASM584v2_genomic.fasta \
quast_results/results_2022_03_10_13_57_32/runs_per_reference/GCF_000005845.2_ASM584v2_genomic/k_mer_stats/tmp/piMDA_2_to_GCF_000005845.2_ASM584v2_genomic.fasta.kmc \
quast_results/results_2022_03_10_13_57_32/runs_per_reference/GCF_000005845.2_ASM584v2_genomic/k_mer_stats/tmp \
>> quast_results/results_2022_03_10_13_57_32/runs_per_reference/GCF_000005845.2_ASM584v2_genomic/k_mer_stats/kmc.log \
2>> quast_results/results_2022_03_10_13_57_32/runs_per_reference/GCF_000005845.2_ASM584v2_genomic/k_mer_stats/kmc.err
/home/modesto/Applications/quast-5.1rc/quast-5.1.0rc1/quast_libs/kmc/kmc_tools -t32 \
-hp simple quast_results/results_2022_03_10_13_57_32/runs_per_reference/GCF_000005845.2_ASM584v2_genomic/k_mer_stats/tmp/GCF_000005845.2_ASM584v2_genomic.fna.kmc \
quast_results/results_2022_03_10_13_57_32/runs_per_reference/GCF_000005845.2_ASM584v2_genomic/k_mer_stats/tmp/piMDA_2_to_GCF_000005845.2_ASM584v2_genomic.fasta.kmc \
intersect quast_results/results_2022_03_10_13_57_32/runs_per_reference/GCF_000005845.2_ASM584v2_genomic/k_mer_stats/tmp/GCF_000005845.2_ASM584v2_genom_piMDA_2_to_GCF_000005845.2_ASM.kmc \
>> quast_results/results_2022_03_10_13_57_32/runs_per_reference/GCF_000005845.2_ASM584v2_genomic/k_mer_stats/kmc.log \
2>> quast_results/results_2022_03_10_13_57_32/runs_per_reference/GCF_000005845.2_ASM584v2_genomic/k_mer_stats/kmc.err
/home/modesto/Applications/quast-5.1rc/quast-5.1.0rc1/quast_libs/kmc/kmc_tools -t32 \
-hp histogram quast_results/results_2022_03_10_13_57_32/runs_per_reference/GCF_000005845.2_ASM584v2_genomic/k_mer_stats/tmp/GCF_000005845.2_ASM584v2_genom_piMDA_2_to_GCF_000005845.2_ASM.kmc \
quast_results/results_2022_03_10_13_57_32/runs_per_reference/GCF_000005845.2_ASM584v2_genomic/k_mer_stats/tmp/GCF_000005845.2_ASM584v2_genom_piMDA_2_to_GCF_000005845.2_ASM.kmc.histo.txt \
>> quast_results/results_2022_03_10_13_57_32/runs_per_reference/GCF_000005845.2_ASM584v2_genomic/k_mer_stats/kmc.log \
2>> quast_results/results_2022_03_10_13_57_32/runs_per_reference/GCF_000005845.2_ASM584v2_genomic/k_mer_stats/kmc.err
    9  piMDA+D
/home/modesto/Applications/quast-5.1rc/quast-5.1.0rc1/quast_libs/kmc/kmc -t32 -hp \
-m31 -n128 -k101 -fm -cx1 -ci1 quast_results/results_2022_03_10_13_57_32/quast_corrected_input/piMDA-D_to_GCF_000005845.2_ASM584v2_genomic.fasta \
quast_results/results_2022_03_10_13_57_32/runs_per_reference/GCF_000005845.2_ASM584v2_genomic/k_mer_stats/tmp/piMDA-D_to_GCF_000005845.2_ASM584v2_genomic.fasta.kmc \
quast_results/results_2022_03_10_13_57_32/runs_per_reference/GCF_000005845.2_ASM584v2_genomic/k_mer_stats/tmp \
>> quast_results/results_2022_03_10_13_57_32/runs_per_reference/GCF_000005845.2_ASM584v2_genomic/k_mer_stats/kmc.log \
2>> quast_results/results_2022_03_10_13_57_32/runs_per_reference/GCF_000005845.2_ASM584v2_genomic/k_mer_stats/kmc.err
/home/modesto/Applications/quast-5.1rc/quast-5.1.0rc1/quast_libs/kmc/kmc_tools -t32 \
-hp simple quast_results/results_2022_03_10_13_57_32/runs_per_reference/GCF_000005845.2_ASM584v2_genomic/k_mer_stats/tmp/GCF_000005845.2_ASM584v2_genomic.fna.kmc \
quast_results/results_2022_03_10_13_57_32/runs_per_reference/GCF_000005845.2_ASM584v2_genomic/k_mer_stats/tmp/piMDA-D_to_GCF_000005845.2_ASM584v2_genomic.fasta.kmc \
intersect quast_results/results_2022_03_10_13_57_32/runs_per_reference/GCF_000005845.2_ASM584v2_genomic/k_mer_stats/tmp/GCF_000005845.2_ASM584v2_genom_piMDA-D_to_GCF_000005845.2_ASM.kmc \
>> quast_results/results_2022_03_10_13_57_32/runs_per_reference/GCF_000005845.2_ASM584v2_genomic/k_mer_stats/kmc.log \
2>> quast_results/results_2022_03_10_13_57_32/runs_per_reference/GCF_000005845.2_ASM584v2_genomic/k_mer_stats/kmc.err
/home/modesto/Applications/quast-5.1rc/quast-5.1.0rc1/quast_libs/kmc/kmc_tools -t32 \
-hp histogram quast_results/results_2022_03_10_13_57_32/runs_per_reference/GCF_000005845.2_ASM584v2_genomic/k_mer_stats/tmp/GCF_000005845.2_ASM584v2_genom_piMDA-D_to_GCF_000005845.2_ASM.kmc \
quast_results/results_2022_03_10_13_57_32/runs_per_reference/GCF_000005845.2_ASM584v2_genomic/k_mer_stats/tmp/GCF_000005845.2_ASM584v2_genom_piMDA-D_to_GCF_000005845.2_ASM.kmc.histo.txt \
>> quast_results/results_2022_03_10_13_57_32/runs_per_reference/GCF_000005845.2_ASM584v2_genomic/k_mer_stats/kmc.log \
2>> quast_results/results_2022_03_10_13_57_32/runs_per_reference/GCF_000005845.2_ASM584v2_genomic/k_mer_stats/kmc.err
    10 piMDA+D_2
/home/modesto/Applications/quast-5.1rc/quast-5.1.0rc1/quast_libs/kmc/kmc -t32 -hp \
-m31 -n128 -k101 -fm -cx1 -ci1 quast_results/results_2022_03_10_13_57_32/quast_corrected_input/piMDA-D_2_to_GCF_000005845.2_ASM584v2_genomic.fasta \
quast_results/results_2022_03_10_13_57_32/runs_per_reference/GCF_000005845.2_ASM584v2_genomic/k_mer_stats/tmp/piMDA-D_2_to_GCF_000005845.2_ASM584v2_genomic.fasta.kmc \
quast_results/results_2022_03_10_13_57_32/runs_per_reference/GCF_000005845.2_ASM584v2_genomic/k_mer_stats/tmp \
>> quast_results/results_2022_03_10_13_57_32/runs_per_reference/GCF_000005845.2_ASM584v2_genomic/k_mer_stats/kmc.log \
2>> quast_results/results_2022_03_10_13_57_32/runs_per_reference/GCF_000005845.2_ASM584v2_genomic/k_mer_stats/kmc.err
/home/modesto/Applications/quast-5.1rc/quast-5.1.0rc1/quast_libs/kmc/kmc_tools -t32 \
-hp simple quast_results/results_2022_03_10_13_57_32/runs_per_reference/GCF_000005845.2_ASM584v2_genomic/k_mer_stats/tmp/GCF_000005845.2_ASM584v2_genomic.fna.kmc \
quast_results/results_2022_03_10_13_57_32/runs_per_reference/GCF_000005845.2_ASM584v2_genomic/k_mer_stats/tmp/piMDA-D_2_to_GCF_000005845.2_ASM584v2_genomic.fasta.kmc \
intersect quast_results/results_2022_03_10_13_57_32/runs_per_reference/GCF_000005845.2_ASM584v2_genomic/k_mer_stats/tmp/GCF_000005845.2_ASM584v2_genom_piMDA-D_2_to_GCF_000005845.2_A.kmc \
>> quast_results/results_2022_03_10_13_57_32/runs_per_reference/GCF_000005845.2_ASM584v2_genomic/k_mer_stats/kmc.log \
2>> quast_results/results_2022_03_10_13_57_32/runs_per_reference/GCF_000005845.2_ASM584v2_genomic/k_mer_stats/kmc.err
/home/modesto/Applications/quast-5.1rc/quast-5.1.0rc1/quast_libs/kmc/kmc_tools -t32 \
-hp histogram quast_results/results_2022_03_10_13_57_32/runs_per_reference/GCF_000005845.2_ASM584v2_genomic/k_mer_stats/tmp/GCF_000005845.2_ASM584v2_genom_piMDA-D_2_to_GCF_000005845.2_A.kmc \
quast_results/results_2022_03_10_13_57_32/runs_per_reference/GCF_000005845.2_ASM584v2_genomic/k_mer_stats/tmp/GCF_000005845.2_ASM584v2_genom_piMDA-D_2_to_GCF_000005845.2_A.kmc.histo.txt \
>> quast_results/results_2022_03_10_13_57_32/runs_per_reference/GCF_000005845.2_ASM584v2_genomic/k_mer_stats/kmc.log \
2>> quast_results/results_2022_03_10_13_57_32/runs_per_reference/GCF_000005845.2_ASM584v2_genomic/k_mer_stats/kmc.err
  Analyzing assemblies correctness...
    Downsampling k-mers...
/home/modesto/Applications/quast-5.1rc/quast-5.1.0rc1/quast_libs/kmc/kmc_tools -t32 \
-hp filter quast_results/results_2022_03_10_13_57_32/runs_per_reference/GCF_000005845.2_ASM584v2_genomic/k_mer_stats/tmp/GCF_000005845.2_ASM584v2_genomic.fna.kmc \
quast_results/results_2022_03_10_13_57_32/runs_per_reference/GCF_000005845.2_ASM584v2_genomic/k_mer_stats/tmp/kmers_GCF_000005845.2_ASM584v2_genomic_NC_000913.3.fasta \
-ci1 -fa quast_results/results_2022_03_10_13_57_32/runs_per_reference/GCF_000005845.2_ASM584v2_genomic/k_mer_stats/tmp/kmers_GCF_000005845.2_ASM584v2_genomic_NC_000913.3.filtered.fasta \
>> quast_results/results_2022_03_10_13_57_32/runs_per_reference/GCF_000005845.2_ASM584v2_genomic/k_mer_stats/kmc.log \
2>> quast_results/results_2022_03_10_13_57_32/runs_per_reference/GCF_000005845.2_ASM584v2_genomic/k_mer_stats/kmc.err
    1  NA
  /home/modesto/Applications/quast-5.1rc/quast-5.1.0rc1/quast_libs/minimap2/minimap2 \
  -cx sr -s202 --frag=no -t 32 quast_results/results_2022_03_10_13_57_32/quast_corrected_input/NA_to_GCF_000005845.2_ASM584v2_genomic.fasta \
  quast_results/results_2022_03_10_13_57_32/runs_per_reference/GCF_000005845.2_ASM584v2_genomic/k_mer_stats/tmp/kmc.downsampled.txt \
  > quast_results/results_2022_03_10_13_57_32/runs_per_reference/GCF_000005845.2_ASM584v2_genomic/k_mer_stats/tmp/kmers.coords \
  2>> quast_results/results_2022_03_10_13_57_32/runs_per_reference/GCF_000005845.2_ASM584v2_genomic/k_mer_stats/kmc.err
    2  NA_2
  /home/modesto/Applications/quast-5.1rc/quast-5.1.0rc1/quast_libs/minimap2/minimap2 \
  -cx sr -s202 --frag=no -t 32 quast_results/results_2022_03_10_13_57_32/quast_corrected_input/NA_2_to_GCF_000005845.2_ASM584v2_genomic.fasta \
  quast_results/results_2022_03_10_13_57_32/runs_per_reference/GCF_000005845.2_ASM584v2_genomic/k_mer_stats/tmp/kmc.downsampled.txt \
  > quast_results/results_2022_03_10_13_57_32/runs_per_reference/GCF_000005845.2_ASM584v2_genomic/k_mer_stats/tmp/kmers.coords \
  2>> quast_results/results_2022_03_10_13_57_32/runs_per_reference/GCF_000005845.2_ASM584v2_genomic/k_mer_stats/kmc.err
    3  Phi29+RP
  /home/modesto/Applications/quast-5.1rc/quast-5.1.0rc1/quast_libs/minimap2/minimap2 \
  -cx sr -s202 --frag=no -t 32 quast_results/results_2022_03_10_13_57_32/quast_corrected_input/Phi29-RP_to_GCF_000005845.2_ASM584v2_genomic.fasta \
  quast_results/results_2022_03_10_13_57_32/runs_per_reference/GCF_000005845.2_ASM584v2_genomic/k_mer_stats/tmp/kmc.downsampled.txt \
  > quast_results/results_2022_03_10_13_57_32/runs_per_reference/GCF_000005845.2_ASM584v2_genomic/k_mer_stats/tmp/kmers.coords \
  2>> quast_results/results_2022_03_10_13_57_32/runs_per_reference/GCF_000005845.2_ASM584v2_genomic/k_mer_stats/kmc.err
    4  Phi29+RP_2
  /home/modesto/Applications/quast-5.1rc/quast-5.1.0rc1/quast_libs/minimap2/minimap2 \
  -cx sr -s202 --frag=no -t 32 quast_results/results_2022_03_10_13_57_32/quast_corrected_input/Phi29-RP_2_to_GCF_000005845.2_ASM584v2_genomic.fasta \
  quast_results/results_2022_03_10_13_57_32/runs_per_reference/GCF_000005845.2_ASM584v2_genomic/k_mer_stats/tmp/kmc.downsampled.txt \
  > quast_results/results_2022_03_10_13_57_32/runs_per_reference/GCF_000005845.2_ASM584v2_genomic/k_mer_stats/tmp/kmers.coords \
  2>> quast_results/results_2022_03_10_13_57_32/runs_per_reference/GCF_000005845.2_ASM584v2_genomic/k_mer_stats/kmc.err
    5  PrimPol+Phi29
  /home/modesto/Applications/quast-5.1rc/quast-5.1.0rc1/quast_libs/minimap2/minimap2 \
  -cx sr -s202 --frag=no -t 32 quast_results/results_2022_03_10_13_57_32/quast_corrected_input/PrimPol-Phi29_to_GCF_000005845.2_ASM584v2_genomic.fasta \
  quast_results/results_2022_03_10_13_57_32/runs_per_reference/GCF_000005845.2_ASM584v2_genomic/k_mer_stats/tmp/kmc.downsampled.txt \
  > quast_results/results_2022_03_10_13_57_32/runs_per_reference/GCF_000005845.2_ASM584v2_genomic/k_mer_stats/tmp/kmers.coords \
  2>> quast_results/results_2022_03_10_13_57_32/runs_per_reference/GCF_000005845.2_ASM584v2_genomic/k_mer_stats/kmc.err
    6  piPolB+D
  /home/modesto/Applications/quast-5.1rc/quast-5.1.0rc1/quast_libs/minimap2/minimap2 \
  -cx sr -s202 --frag=no -t 32 quast_results/results_2022_03_10_13_57_32/quast_corrected_input/piPolB-D_to_GCF_000005845.2_ASM584v2_genomic.fasta \
  quast_results/results_2022_03_10_13_57_32/runs_per_reference/GCF_000005845.2_ASM584v2_genomic/k_mer_stats/tmp/kmc.downsampled.txt \
  > quast_results/results_2022_03_10_13_57_32/runs_per_reference/GCF_000005845.2_ASM584v2_genomic/k_mer_stats/tmp/kmers.coords \
  2>> quast_results/results_2022_03_10_13_57_32/runs_per_reference/GCF_000005845.2_ASM584v2_genomic/k_mer_stats/kmc.err
    7  piMDA
  /home/modesto/Applications/quast-5.1rc/quast-5.1.0rc1/quast_libs/minimap2/minimap2 \
  -cx sr -s202 --frag=no -t 32 quast_results/results_2022_03_10_13_57_32/quast_corrected_input/piMDA_to_GCF_000005845.2_ASM584v2_genomic.fasta \
  quast_results/results_2022_03_10_13_57_32/runs_per_reference/GCF_000005845.2_ASM584v2_genomic/k_mer_stats/tmp/kmc.downsampled.txt \
  > quast_results/results_2022_03_10_13_57_32/runs_per_reference/GCF_000005845.2_ASM584v2_genomic/k_mer_stats/tmp/kmers.coords \
  2>> quast_results/results_2022_03_10_13_57_32/runs_per_reference/GCF_000005845.2_ASM584v2_genomic/k_mer_stats/kmc.err
    8  piMDA_2
  /home/modesto/Applications/quast-5.1rc/quast-5.1.0rc1/quast_libs/minimap2/minimap2 \
  -cx sr -s202 --frag=no -t 32 quast_results/results_2022_03_10_13_57_32/quast_corrected_input/piMDA_2_to_GCF_000005845.2_ASM584v2_genomic.fasta \
  quast_results/results_2022_03_10_13_57_32/runs_per_reference/GCF_000005845.2_ASM584v2_genomic/k_mer_stats/tmp/kmc.downsampled.txt \
  > quast_results/results_2022_03_10_13_57_32/runs_per_reference/GCF_000005845.2_ASM584v2_genomic/k_mer_stats/tmp/kmers.coords \
  2>> quast_results/results_2022_03_10_13_57_32/runs_per_reference/GCF_000005845.2_ASM584v2_genomic/k_mer_stats/kmc.err
    9  piMDA+D
  /home/modesto/Applications/quast-5.1rc/quast-5.1.0rc1/quast_libs/minimap2/minimap2 \
  -cx sr -s202 --frag=no -t 32 quast_results/results_2022_03_10_13_57_32/quast_corrected_input/piMDA-D_to_GCF_000005845.2_ASM584v2_genomic.fasta \
  quast_results/results_2022_03_10_13_57_32/runs_per_reference/GCF_000005845.2_ASM584v2_genomic/k_mer_stats/tmp/kmc.downsampled.txt \
  > quast_results/results_2022_03_10_13_57_32/runs_per_reference/GCF_000005845.2_ASM584v2_genomic/k_mer_stats/tmp/kmers.coords \
  2>> quast_results/results_2022_03_10_13_57_32/runs_per_reference/GCF_000005845.2_ASM584v2_genomic/k_mer_stats/kmc.err
    10 piMDA+D_2
  /home/modesto/Applications/quast-5.1rc/quast-5.1.0rc1/quast_libs/minimap2/minimap2 \
  -cx sr -s202 --frag=no -t 32 quast_results/results_2022_03_10_13_57_32/quast_corrected_input/piMDA-D_2_to_GCF_000005845.2_ASM584v2_genomic.fasta \
  quast_results/results_2022_03_10_13_57_32/runs_per_reference/GCF_000005845.2_ASM584v2_genomic/k_mer_stats/tmp/kmc.downsampled.txt \
  > quast_results/results_2022_03_10_13_57_32/runs_per_reference/GCF_000005845.2_ASM584v2_genomic/k_mer_stats/tmp/kmers.coords \
  2>> quast_results/results_2022_03_10_13_57_32/runs_per_reference/GCF_000005845.2_ASM584v2_genomic/k_mer_stats/kmc.err
  Creating total report...
    saved to /home/modesto/data/freeDNA/quast_results/results_2022_03_10_13_57_32/runs_per_reference/GCF_000005845.2_ASM584v2_genomic/k_mer_stats/kmers_report.txt, kmers_report.tsv, and kmers_report.tex
Done.

2022-03-10 14:01:32
Running Contig analyzer...
  1  NA
  2  NA_2
  1  Logging to files /home/modesto/data/freeDNA/quast_results/results_2022_03_10_13_57_32/runs_per_reference/GCF_000005845.2_ASM584v2_genomic/contigs_reports/contigs_report_NA.stdout and contigs_report_NA.stderr...
  2  Logging to files /home/modesto/data/freeDNA/quast_results/results_2022_03_10_13_57_32/runs_per_reference/GCF_000005845.2_ASM584v2_genomic/contigs_reports/contigs_report_NA_2.stdout and contigs_report_NA_2.stderr...
  1  Aligning contigs to the reference
  2  Aligning contigs to the reference
  3  Phi29+RP
  4  Phi29+RP_2
  3  Logging to files /home/modesto/data/freeDNA/quast_results/results_2022_03_10_13_57_32/runs_per_reference/GCF_000005845.2_ASM584v2_genomic/contigs_reports/contigs_report_Phi29-RP.stdout and contigs_report_Phi29-RP.stderr...
  6  piPolB+D
  5  PrimPol+Phi29
  4  Logging to files /home/modesto/data/freeDNA/quast_results/results_2022_03_10_13_57_32/runs_per_reference/GCF_000005845.2_ASM584v2_genomic/contigs_reports/contigs_report_Phi29-RP_2.stdout and contigs_report_Phi29-RP_2.stderr...
  6  Logging to files /home/modesto/data/freeDNA/quast_results/results_2022_03_10_13_57_32/runs_per_reference/GCF_000005845.2_ASM584v2_genomic/contigs_reports/contigs_report_piPolB-D.stdout and contigs_report_piPolB-D.stderr...
  4  Aligning contigs to the reference
  3  Aligning contigs to the reference
  5  Logging to files /home/modesto/data/freeDNA/quast_results/results_2022_03_10_13_57_32/runs_per_reference/GCF_000005845.2_ASM584v2_genomic/contigs_reports/contigs_report_PrimPol-Phi29.stdout and contigs_report_PrimPol-Phi29.stderr...
  6  Aligning contigs to the reference
  5  Aligning contigs to the reference
  7  piMDA
  8  piMDA_2
  7  Logging to files /home/modesto/data/freeDNA/quast_results/results_2022_03_10_13_57_32/runs_per_reference/GCF_000005845.2_ASM584v2_genomic/contigs_reports/contigs_report_piMDA.stdout and contigs_report_piMDA.stderr...
  7  Aligning contigs to the reference
  8  Logging to files /home/modesto/data/freeDNA/quast_results/results_2022_03_10_13_57_32/runs_per_reference/GCF_000005845.2_ASM584v2_genomic/contigs_reports/contigs_report_piMDA_2.stdout and contigs_report_piMDA_2.stderr...
  9  piMDA+D
  8  Aligning contigs to the reference
  10 piMDA+D_2
  9  Logging to files /home/modesto/data/freeDNA/quast_results/results_2022_03_10_13_57_32/runs_per_reference/GCF_000005845.2_ASM584v2_genomic/contigs_reports/contigs_report_piMDA-D.stdout and contigs_report_piMDA-D.stderr...
  9  Aligning contigs to the reference
  10 Logging to files /home/modesto/data/freeDNA/quast_results/results_2022_03_10_13_57_32/runs_per_reference/GCF_000005845.2_ASM584v2_genomic/contigs_reports/contigs_report_piMDA-D_2.stdout and contigs_report_piMDA-D_2.stderr...
  10 Aligning contigs to the reference
  1  /home/modesto/Applications/quast-5.1rc/quast-5.1.0rc1/quast_libs/minimap2/minimap2 \
     -c -x asm10 -B5 -O4,16 --no-long-join -r 85 -N 50 -s 65 -z 200 --mask-level 0.9 \
     --min-occ 200 -g 2500 --score-N 2 --cs -t 3 quast_results/results_2022_03_10_13_57_32/quast_corrected_input/GCF_000005845.2_ASM584v2_genomic.fna \
     quast_results/results_2022_03_10_13_57_32/quast_corrected_input/NA_to_GCF_000005845.2_ASM584v2_genomic.fasta \
     > quast_results/results_2022_03_10_13_57_32/runs_per_reference/GCF_000005845.2_ASM584v2_genomic/contigs_reports/minimap_output/NA.coords_tmp \
     2>> quast_results/results_2022_03_10_13_57_32/runs_per_reference/GCF_000005845.2_ASM584v2_genomic/contigs_reports/contigs_report_NA.stderr
  2  /home/modesto/Applications/quast-5.1rc/quast-5.1.0rc1/quast_libs/minimap2/minimap2 \
     -c -x asm10 -B5 -O4,16 --no-long-join -r 85 -N 50 -s 65 -z 200 --mask-level 0.9 \
     --min-occ 200 -g 2500 --score-N 2 --cs -t 3 quast_results/results_2022_03_10_13_57_32/quast_corrected_input/GCF_000005845.2_ASM584v2_genomic.fna \
     quast_results/results_2022_03_10_13_57_32/quast_corrected_input/NA_2_to_GCF_000005845.2_ASM584v2_genomic.fasta \
     > quast_results/results_2022_03_10_13_57_32/runs_per_reference/GCF_000005845.2_ASM584v2_genomic/contigs_reports/minimap_output/NA_2.coords_tmp \
     2>> quast_results/results_2022_03_10_13_57_32/runs_per_reference/GCF_000005845.2_ASM584v2_genomic/contigs_reports/contigs_report_NA_2.stderr
  6  /home/modesto/Applications/quast-5.1rc/quast-5.1.0rc1/quast_libs/minimap2/minimap2 \
     -c -x asm10 -B5 -O4,16 --no-long-join -r 85 -N 50 -s 65 -z 200 --mask-level 0.9 \
     --min-occ 200 -g 2500 --score-N 2 --cs -t 3 quast_results/results_2022_03_10_13_57_32/quast_corrected_input/GCF_000005845.2_ASM584v2_genomic.fna \
     quast_results/results_2022_03_10_13_57_32/quast_corrected_input/piPolB-D_to_GCF_000005845.2_ASM584v2_genomic.fasta \
     > quast_results/results_2022_03_10_13_57_32/runs_per_reference/GCF_000005845.2_ASM584v2_genomic/contigs_reports/minimap_output/piPolB-D.coords_tmp \
     2>> quast_results/results_2022_03_10_13_57_32/runs_per_reference/GCF_000005845.2_ASM584v2_genomic/contigs_reports/contigs_report_piPolB-D.stderr
  5  /home/modesto/Applications/quast-5.1rc/quast-5.1.0rc1/quast_libs/minimap2/minimap2 \
     -c -x asm10 -B5 -O4,16 --no-long-join -r 85 -N 50 -s 65 -z 200 --mask-level 0.9 \
     --min-occ 200 -g 2500 --score-N 2 --cs -t 3 quast_results/results_2022_03_10_13_57_32/quast_corrected_input/GCF_000005845.2_ASM584v2_genomic.fna \
     quast_results/results_2022_03_10_13_57_32/quast_corrected_input/PrimPol-Phi29_to_GCF_000005845.2_ASM584v2_genomic.fasta \
     > quast_results/results_2022_03_10_13_57_32/runs_per_reference/GCF_000005845.2_ASM584v2_genomic/contigs_reports/minimap_output/PrimPol-Phi29.coords_tmp \
     2>> quast_results/results_2022_03_10_13_57_32/runs_per_reference/GCF_000005845.2_ASM584v2_genomic/contigs_reports/contigs_report_PrimPol-Phi29.stderr
  4  /home/modesto/Applications/quast-5.1rc/quast-5.1.0rc1/quast_libs/minimap2/minimap2 \
     -c -x asm10 -B5 -O4,16 --no-long-join -r 85 -N 50 -s 65 -z 200 --mask-level 0.9 \
     --min-occ 200 -g 2500 --score-N 2 --cs -t 3 quast_results/results_2022_03_10_13_57_32/quast_corrected_input/GCF_000005845.2_ASM584v2_genomic.fna \
     quast_results/results_2022_03_10_13_57_32/quast_corrected_input/Phi29-RP_2_to_GCF_000005845.2_ASM584v2_genomic.fasta \
     > quast_results/results_2022_03_10_13_57_32/runs_per_reference/GCF_000005845.2_ASM584v2_genomic/contigs_reports/minimap_output/Phi29-RP_2.coords_tmp \
     2>> quast_results/results_2022_03_10_13_57_32/runs_per_reference/GCF_000005845.2_ASM584v2_genomic/contigs_reports/contigs_report_Phi29-RP_2.stderr
  9  /home/modesto/Applications/quast-5.1rc/quast-5.1.0rc1/quast_libs/minimap2/minimap2 \
     -c -x asm10 -B5 -O4,16 --no-long-join -r 85 -N 50 -s 65 -z 200 --mask-level 0.9 \
     --min-occ 200 -g 2500 --score-N 2 --cs -t 3 quast_results/results_2022_03_10_13_57_32/quast_corrected_input/GCF_000005845.2_ASM584v2_genomic.fna \
     quast_results/results_2022_03_10_13_57_32/quast_corrected_input/piMDA-D_to_GCF_000005845.2_ASM584v2_genomic.fasta \
     > quast_results/results_2022_03_10_13_57_32/runs_per_reference/GCF_000005845.2_ASM584v2_genomic/contigs_reports/minimap_output/piMDA-D.coords_tmp \
     2>> quast_results/results_2022_03_10_13_57_32/runs_per_reference/GCF_000005845.2_ASM584v2_genomic/contigs_reports/contigs_report_piMDA-D.stderr
  10 /home/modesto/Applications/quast-5.1rc/quast-5.1.0rc1/quast_libs/minimap2/minimap2 \
     -c -x asm10 -B5 -O4,16 --no-long-join -r 85 -N 50 -s 65 -z 200 --mask-level 0.9 \
     --min-occ 200 -g 2500 --score-N 2 --cs -t 3 quast_results/results_2022_03_10_13_57_32/quast_corrected_input/GCF_000005845.2_ASM584v2_genomic.fna \
     quast_results/results_2022_03_10_13_57_32/quast_corrected_input/piMDA-D_2_to_GCF_000005845.2_ASM584v2_genomic.fasta \
     > quast_results/results_2022_03_10_13_57_32/runs_per_reference/GCF_000005845.2_ASM584v2_genomic/contigs_reports/minimap_output/piMDA-D_2.coords_tmp \
     2>> quast_results/results_2022_03_10_13_57_32/runs_per_reference/GCF_000005845.2_ASM584v2_genomic/contigs_reports/contigs_report_piMDA-D_2.stderr
  3  /home/modesto/Applications/quast-5.1rc/quast-5.1.0rc1/quast_libs/minimap2/minimap2 \
     -c -x asm10 -B5 -O4,16 --no-long-join -r 85 -N 50 -s 65 -z 200 --mask-level 0.9 \
     --min-occ 200 -g 2500 --score-N 2 --cs -t 3 quast_results/results_2022_03_10_13_57_32/quast_corrected_input/GCF_000005845.2_ASM584v2_genomic.fna \
     quast_results/results_2022_03_10_13_57_32/quast_corrected_input/Phi29-RP_to_GCF_000005845.2_ASM584v2_genomic.fasta \
     > quast_results/results_2022_03_10_13_57_32/runs_per_reference/GCF_000005845.2_ASM584v2_genomic/contigs_reports/minimap_output/Phi29-RP.coords_tmp \
     2>> quast_results/results_2022_03_10_13_57_32/runs_per_reference/GCF_000005845.2_ASM584v2_genomic/contigs_reports/contigs_report_Phi29-RP.stderr
  8  /home/modesto/Applications/quast-5.1rc/quast-5.1.0rc1/quast_libs/minimap2/minimap2 \
     -c -x asm10 -B5 -O4,16 --no-long-join -r 85 -N 50 -s 65 -z 200 --mask-level 0.9 \
     --min-occ 200 -g 2500 --score-N 2 --cs -t 3 quast_results/results_2022_03_10_13_57_32/quast_corrected_input/GCF_000005845.2_ASM584v2_genomic.fna \
     quast_results/results_2022_03_10_13_57_32/quast_corrected_input/piMDA_2_to_GCF_000005845.2_ASM584v2_genomic.fasta \
     > quast_results/results_2022_03_10_13_57_32/runs_per_reference/GCF_000005845.2_ASM584v2_genomic/contigs_reports/minimap_output/piMDA_2.coords_tmp \
     2>> quast_results/results_2022_03_10_13_57_32/runs_per_reference/GCF_000005845.2_ASM584v2_genomic/contigs_reports/contigs_report_piMDA_2.stderr
  7  /home/modesto/Applications/quast-5.1rc/quast-5.1.0rc1/quast_libs/minimap2/minimap2 \
     -c -x asm10 -B5 -O4,16 --no-long-join -r 85 -N 50 -s 65 -z 200 --mask-level 0.9 \
     --min-occ 200 -g 2500 --score-N 2 --cs -t 3 quast_results/results_2022_03_10_13_57_32/quast_corrected_input/GCF_000005845.2_ASM584v2_genomic.fna \
     quast_results/results_2022_03_10_13_57_32/quast_corrected_input/piMDA_to_GCF_000005845.2_ASM584v2_genomic.fasta \
     > quast_results/results_2022_03_10_13_57_32/runs_per_reference/GCF_000005845.2_ASM584v2_genomic/contigs_reports/minimap_output/piMDA.coords_tmp \
     2>> quast_results/results_2022_03_10_13_57_32/runs_per_reference/GCF_000005845.2_ASM584v2_genomic/contigs_reports/contigs_report_piMDA.stderr
  2  Analysis is finished.

  4  Analysis is finished.

  10 Analysis is finished.

  6  Analysis is finished.

  9  Analysis is finished.

  5  Analysis is finished.

  3  Analysis is finished.

  7  Analysis is finished.

  8  Analysis is finished.

  1  Analysis is finished.

  Creating total report...
    saved to /home/modesto/data/freeDNA/quast_results/results_2022_03_10_13_57_32/runs_per_reference/GCF_000005845.2_ASM584v2_genomic/contigs_reports/misassemblies_report.txt, misassemblies_report.tsv, and misassemblies_report.tex
  Transposed version of total report...
    saved to /home/modesto/data/freeDNA/quast_results/results_2022_03_10_13_57_32/runs_per_reference/GCF_000005845.2_ASM584v2_genomic/contigs_reports/transposed_report_misassemblies.txt, transposed_report_misassemblies.tsv, and transposed_report_misassemblies.tex
  Creating total report...
    saved to /home/modesto/data/freeDNA/quast_results/results_2022_03_10_13_57_32/runs_per_reference/GCF_000005845.2_ASM584v2_genomic/contigs_reports/unaligned_report.txt, unaligned_report.tsv, and unaligned_report.tex
Done.

2022-03-10 14:01:33
Running NA-NGA calculation...
  1  NA, Largest alignment = 269647, NA50 = 112343, NGA50 = 112343, LA50 = 14, LGA50 = 14
  2  NA_2, Largest alignment = 269647, NA50 = 102431, NGA50 = 102431, LA50 = 15, LGA50 = 15
  3  Phi29+RP, Largest alignment = 327359, NA50 = 91718, NGA50 = 91718, LA50 = 16, LGA50 = 16
  4  Phi29+RP_2, Largest alignment = 269647, NA50 = 95401, NGA50 = 102078, LA50 = 17, LGA50 = 16
  5  PrimPol+Phi29, Largest alignment = 269640, NA50 = 102431, NGA50 = 102096, LA50 = 15, LGA50 = 16
  6  piPolB+D, Largest alignment = 269833, NA50 = 78604, NGA50 = 78604, LA50 = 19, LGA50 = 19
  7  piMDA, Largest alignment = 269647, NA50 = 88326, NGA50 = 96249, LA50 = 19, LGA50 = 17
  8  piMDA_2, Largest alignment = 312907, NA50 = 102096, NGA50 = 102078, LA50 = 14, LGA50 = 15
  9  piMDA+D, Largest alignment = 327263, NA50 = 102078, NGA50 = 102078, LA50 = 16, LGA50 = 16
  10 piMDA+D_2, Largest alignment = 269647, NA50 = 102431, NGA50 = 102431, LA50 = 15, LGA50 = 15
Done.

2022-03-10 14:01:34
Running Genome analyzer...
  NOTICE: No file with genomic features were provided. Use the --features option if you want to specify it.

  NOTICE: No file with operons were provided. Use the -O option if you want to specify it.
  1  NA
  2  NA_2
  3  Phi29+RP
  4  Phi29+RP_2
  5  PrimPol+Phi29
  6  piPolB+D
  7  piMDA
  8  piMDA_2
  9  piMDA+D
  10 piMDA+D_2
  2  Analysis is finished.
  1  Analysis is finished.
  10 Analysis is finished.
  3  Analysis is finished.
  6  Analysis is finished.
  5  Analysis is finished.
  7  Analysis is finished.
  8  Analysis is finished.
  4  Analysis is finished.
  9  Analysis is finished.
Done.

2022-03-10 14:01:35
Running MetaGeneMark...
  1  NA
  2  NA_2
  3  Phi29+RP
    1  /home/modesto/Applications/quast-5.1rc/quast-5.1.0rc1/quast_libs/genemark/linux_64/gmhmmp \
       -d -a -p 0 -m /home/modesto/Applications/quast-5.1rc/quast-5.1.0rc1/quast_libs/genemark/linux_64/../MetaGeneMark_v1.mod \
       -o quast_results/results_2022_03_10_13_57_32/quast_corrected_input/NA_to_GCF_000005845.2_ASM584v2_genomic.fasta.gmhmm \
       quast_results/results_2022_03_10_13_57_32/quast_corrected_input/NA_to_GCF_000005845.2_ASM584v2_genomic.fasta \
       > quast_results/results_2022_03_10_13_57_32/runs_per_reference/GCF_000005845.2_ASM584v2_genomic/predicted_genes/NA_genemark.stderr \
       2> quast_results/results_2022_03_10_13_57_32/runs_per_reference/GCF_000005845.2_ASM584v2_genomic/predicted_genes/NA_genemark.stderr
    2  /home/modesto/Applications/quast-5.1rc/quast-5.1.0rc1/quast_libs/genemark/linux_64/gmhmmp \
       -d -a -p 0 -m /home/modesto/Applications/quast-5.1rc/quast-5.1.0rc1/quast_libs/genemark/linux_64/../MetaGeneMark_v1.mod \
       -o quast_results/results_2022_03_10_13_57_32/quast_corrected_input/NA_2_to_GCF_000005845.2_ASM584v2_genomic.fasta.gmhmm \
       quast_results/results_2022_03_10_13_57_32/quast_corrected_input/NA_2_to_GCF_000005845.2_ASM584v2_genomic.fasta \
       > quast_results/results_2022_03_10_13_57_32/runs_per_reference/GCF_000005845.2_ASM584v2_genomic/predicted_genes/NA_2_genemark.stderr \
       2> quast_results/results_2022_03_10_13_57_32/runs_per_reference/GCF_000005845.2_ASM584v2_genomic/predicted_genes/NA_2_genemark.stderr
  4  Phi29+RP_2
    3  /home/modesto/Applications/quast-5.1rc/quast-5.1.0rc1/quast_libs/genemark/linux_64/gmhmmp \
       -d -a -p 0 -m /home/modesto/Applications/quast-5.1rc/quast-5.1.0rc1/quast_libs/genemark/linux_64/../MetaGeneMark_v1.mod \
       -o quast_results/results_2022_03_10_13_57_32/quast_corrected_input/Phi29-RP_to_GCF_000005845.2_ASM584v2_genomic.fasta.gmhmm \
       quast_results/results_2022_03_10_13_57_32/quast_corrected_input/Phi29-RP_to_GCF_000005845.2_ASM584v2_genomic.fasta \
       > quast_results/results_2022_03_10_13_57_32/runs_per_reference/GCF_000005845.2_ASM584v2_genomic/predicted_genes/Phi29-RP_genemark.stderr \
       2> quast_results/results_2022_03_10_13_57_32/runs_per_reference/GCF_000005845.2_ASM584v2_genomic/predicted_genes/Phi29-RP_genemark.stderr
  5  PrimPol+Phi29
  6  piPolB+D
    4  /home/modesto/Applications/quast-5.1rc/quast-5.1.0rc1/quast_libs/genemark/linux_64/gmhmmp \
       -d -a -p 0 -m /home/modesto/Applications/quast-5.1rc/quast-5.1.0rc1/quast_libs/genemark/linux_64/../MetaGeneMark_v1.mod \
       -o quast_results/results_2022_03_10_13_57_32/quast_corrected_input/Phi29-RP_2_to_GCF_000005845.2_ASM584v2_genomic.fasta.gmhmm \
       quast_results/results_2022_03_10_13_57_32/quast_corrected_input/Phi29-RP_2_to_GCF_000005845.2_ASM584v2_genomic.fasta \
       > quast_results/results_2022_03_10_13_57_32/runs_per_reference/GCF_000005845.2_ASM584v2_genomic/predicted_genes/Phi29-RP_2_genemark.stderr \
       2> quast_results/results_2022_03_10_13_57_32/runs_per_reference/GCF_000005845.2_ASM584v2_genomic/predicted_genes/Phi29-RP_2_genemark.stderr
    5  /home/modesto/Applications/quast-5.1rc/quast-5.1.0rc1/quast_libs/genemark/linux_64/gmhmmp \
       -d -a -p 0 -m /home/modesto/Applications/quast-5.1rc/quast-5.1.0rc1/quast_libs/genemark/linux_64/../MetaGeneMark_v1.mod \
       -o quast_results/results_2022_03_10_13_57_32/quast_corrected_input/PrimPol-Phi29_to_GCF_000005845.2_ASM584v2_genomic.fasta.gmhmm \
       quast_results/results_2022_03_10_13_57_32/quast_corrected_input/PrimPol-Phi29_to_GCF_000005845.2_ASM584v2_genomic.fasta \
       > quast_results/results_2022_03_10_13_57_32/runs_per_reference/GCF_000005845.2_ASM584v2_genomic/predicted_genes/PrimPol-Phi29_genemark.stderr \
       2> quast_results/results_2022_03_10_13_57_32/runs_per_reference/GCF_000005845.2_ASM584v2_genomic/predicted_genes/PrimPol-Phi29_genemark.stderr
  7  piMDA
    6  /home/modesto/Applications/quast-5.1rc/quast-5.1.0rc1/quast_libs/genemark/linux_64/gmhmmp \
       -d -a -p 0 -m /home/modesto/Applications/quast-5.1rc/quast-5.1.0rc1/quast_libs/genemark/linux_64/../MetaGeneMark_v1.mod \
       -o quast_results/results_2022_03_10_13_57_32/quast_corrected_input/piPolB-D_to_GCF_000005845.2_ASM584v2_genomic.fasta.gmhmm \
       quast_results/results_2022_03_10_13_57_32/quast_corrected_input/piPolB-D_to_GCF_000005845.2_ASM584v2_genomic.fasta \
       > quast_results/results_2022_03_10_13_57_32/runs_per_reference/GCF_000005845.2_ASM584v2_genomic/predicted_genes/piPolB-D_genemark.stderr \
       2> quast_results/results_2022_03_10_13_57_32/runs_per_reference/GCF_000005845.2_ASM584v2_genomic/predicted_genes/piPolB-D_genemark.stderr
  8  piMDA_2
  9  piMDA+D
    7  /home/modesto/Applications/quast-5.1rc/quast-5.1.0rc1/quast_libs/genemark/linux_64/gmhmmp \
       -d -a -p 0 -m /home/modesto/Applications/quast-5.1rc/quast-5.1.0rc1/quast_libs/genemark/linux_64/../MetaGeneMark_v1.mod \
       -o quast_results/results_2022_03_10_13_57_32/quast_corrected_input/piMDA_to_GCF_000005845.2_ASM584v2_genomic.fasta.gmhmm \
       quast_results/results_2022_03_10_13_57_32/quast_corrected_input/piMDA_to_GCF_000005845.2_ASM584v2_genomic.fasta \
       > quast_results/results_2022_03_10_13_57_32/runs_per_reference/GCF_000005845.2_ASM584v2_genomic/predicted_genes/piMDA_genemark.stderr \
       2> quast_results/results_2022_03_10_13_57_32/runs_per_reference/GCF_000005845.2_ASM584v2_genomic/predicted_genes/piMDA_genemark.stderr
  10 piMDA+D_2
    8  /home/modesto/Applications/quast-5.1rc/quast-5.1.0rc1/quast_libs/genemark/linux_64/gmhmmp \
       -d -a -p 0 -m /home/modesto/Applications/quast-5.1rc/quast-5.1.0rc1/quast_libs/genemark/linux_64/../MetaGeneMark_v1.mod \
       -o quast_results/results_2022_03_10_13_57_32/quast_corrected_input/piMDA_2_to_GCF_000005845.2_ASM584v2_genomic.fasta.gmhmm \
       quast_results/results_2022_03_10_13_57_32/quast_corrected_input/piMDA_2_to_GCF_000005845.2_ASM584v2_genomic.fasta \
       > quast_results/results_2022_03_10_13_57_32/runs_per_reference/GCF_000005845.2_ASM584v2_genomic/predicted_genes/piMDA_2_genemark.stderr \
       2> quast_results/results_2022_03_10_13_57_32/runs_per_reference/GCF_000005845.2_ASM584v2_genomic/predicted_genes/piMDA_2_genemark.stderr
    9  /home/modesto/Applications/quast-5.1rc/quast-5.1.0rc1/quast_libs/genemark/linux_64/gmhmmp \
       -d -a -p 0 -m /home/modesto/Applications/quast-5.1rc/quast-5.1.0rc1/quast_libs/genemark/linux_64/../MetaGeneMark_v1.mod \
       -o quast_results/results_2022_03_10_13_57_32/quast_corrected_input/piMDA-D_to_GCF_000005845.2_ASM584v2_genomic.fasta.gmhmm \
       quast_results/results_2022_03_10_13_57_32/quast_corrected_input/piMDA-D_to_GCF_000005845.2_ASM584v2_genomic.fasta \
       > quast_results/results_2022_03_10_13_57_32/runs_per_reference/GCF_000005845.2_ASM584v2_genomic/predicted_genes/piMDA-D_genemark.stderr \
       2> quast_results/results_2022_03_10_13_57_32/runs_per_reference/GCF_000005845.2_ASM584v2_genomic/predicted_genes/piMDA-D_genemark.stderr
    10 /home/modesto/Applications/quast-5.1rc/quast-5.1.0rc1/quast_libs/genemark/linux_64/gmhmmp \
       -d -a -p 0 -m /home/modesto/Applications/quast-5.1rc/quast-5.1.0rc1/quast_libs/genemark/linux_64/../MetaGeneMark_v1.mod \
       -o quast_results/results_2022_03_10_13_57_32/quast_corrected_input/piMDA-D_2_to_GCF_000005845.2_ASM584v2_genomic.fasta.gmhmm \
       quast_results/results_2022_03_10_13_57_32/quast_corrected_input/piMDA-D_2_to_GCF_000005845.2_ASM584v2_genomic.fasta \
       > quast_results/results_2022_03_10_13_57_32/runs_per_reference/GCF_000005845.2_ASM584v2_genomic/predicted_genes/piMDA-D_2_genemark.stderr \
       2> quast_results/results_2022_03_10_13_57_32/runs_per_reference/GCF_000005845.2_ASM584v2_genomic/predicted_genes/piMDA-D_2_genemark.stderr
       The tool returned non-zero. See quast_results/results_2022_03_10_13_57_32/runs_per_reference/GCF_000005845.2_ASM584v2_genomic/predicted_genes/PrimPol-Phi29_genemark.stderr for stderr.
       The tool returned non-zero. See quast_results/results_2022_03_10_13_57_32/runs_per_reference/GCF_000005845.2_ASM584v2_genomic/predicted_genes/NA_genemark.stderr for stderr.
       The tool returned non-zero. See quast_results/results_2022_03_10_13_57_32/runs_per_reference/GCF_000005845.2_ASM584v2_genomic/predicted_genes/NA_2_genemark.stderr for stderr.
       The tool returned non-zero. See quast_results/results_2022_03_10_13_57_32/runs_per_reference/GCF_000005845.2_ASM584v2_genomic/predicted_genes/piPolB-D_genemark.stderr for stderr.
       The tool returned non-zero. See quast_results/results_2022_03_10_13_57_32/runs_per_reference/GCF_000005845.2_ASM584v2_genomic/predicted_genes/Phi29-RP_genemark.stderr for stderr.
       The tool returned non-zero. See quast_results/results_2022_03_10_13_57_32/runs_per_reference/GCF_000005845.2_ASM584v2_genomic/predicted_genes/Phi29-RP_2_genemark.stderr for stderr.
       The tool returned non-zero. See quast_results/results_2022_03_10_13_57_32/runs_per_reference/GCF_000005845.2_ASM584v2_genomic/predicted_genes/piMDA_genemark.stderr for stderr.
       The tool returned non-zero. See quast_results/results_2022_03_10_13_57_32/runs_per_reference/GCF_000005845.2_ASM584v2_genomic/predicted_genes/piMDA_2_genemark.stderr for stderr.
       The tool returned non-zero. See quast_results/results_2022_03_10_13_57_32/runs_per_reference/GCF_000005845.2_ASM584v2_genomic/predicted_genes/piMDA-D_2_genemark.stderr for stderr.
       The tool returned non-zero. See quast_results/results_2022_03_10_13_57_32/runs_per_reference/GCF_000005845.2_ASM584v2_genomic/predicted_genes/piMDA-D_genemark.stderr for stderr.

WARNING: License period for GeneMark has ended! 
To update license, please visit http://exon.gatech.edu/GeneMark/license_download.cgi page and fill in the form.
You should choose GeneMarkS tool and your operating system (note that GeneMark is free for non-commercial use).
Download the license key and replace your ~/.gm_key with the updated version. After that you can restart QUAST.


NOTICE: Genes are not predicted by default. Use --gene-finding or --glimmer option to enable it.

2022-03-10 14:01:35
Creating large visual summaries...
This may take a while: press Ctrl-C to skip this step..
  1 of 2: Creating Icarus viewers...
  2 of 2: Creating Circos plot...
/home/linuxbrew/.linuxbrew/bin/circos -conf quast_results/results_2022_03_10_13_57_32/runs_per_reference/GCF_000005845.2_ASM584v2_genomic/circos/circos.conf \
> quast_results/results_2022_03_10_13_57_32/runs_per_reference/GCF_000005845.2_ASM584v2_genomic/circos/circos.log \
2> quast_results/results_2022_03_10_13_57_32/runs_per_reference/GCF_000005845.2_ASM584v2_genomic/circos/circos.err
The tool returned non-zero. See quast_results/results_2022_03_10_13_57_32/runs_per_reference/GCF_000005845.2_ASM584v2_genomic/circos/circos.err for stderr.
WARNING:   Circos diagram was not created. See /home/modesto/data/freeDNA/quast_results/results_2022_03_10_13_57_32/runs_per_reference/GCF_000005845.2_ASM584v2_genomic/circos/circos.log and /home/modesto/data/freeDNA/quast_results/results_2022_03_10_13_57_32/runs_per_reference/GCF_000005845.2_ASM584v2_genomic/circos/circos.err for details
Done

2022-03-10 14:01:36
RESULTS:
  Text versions of total report are saved to /home/modesto/data/freeDNA/quast_results/results_2022_03_10_13_57_32/runs_per_reference/GCF_000005845.2_ASM584v2_genomic/report.txt, report.tsv, and report.tex
  Text versions of transposed total report are saved to /home/modesto/data/freeDNA/quast_results/results_2022_03_10_13_57_32/runs_per_reference/GCF_000005845.2_ASM584v2_genomic/transposed_report.txt, transposed_report.tsv, and transposed_report.tex
  HTML version (interactive tables and plots) is saved to /home/modesto/data/freeDNA/quast_results/results_2022_03_10_13_57_32/runs_per_reference/GCF_000005845.2_ASM584v2_genomic/report.html
  Icarus (contig browser) is saved to /home/modesto/data/freeDNA/quast_results/results_2022_03_10_13_57_32/runs_per_reference/GCF_000005845.2_ASM584v2_genomic/icarus.html
