1st stage: 0.17408s
2nd stage: 1.70551s
Total    : 1.87959s
Tmp size : 3MB

Stats:
   No. of k-mers below min. threshold :            0
   No. of k-mers above max. threshold :        22346
   No. of unique k-mers               :      4575510
   No. of unique counted k-mers       :      4553164
   Total no. of k-mers                :      4641552
   Total no. of sequences             :            1
   Total no. of super-k-mers          :        94409
1st stage: 0.17715s
2nd stage: 1.70353s
Total    : 1.88068s
Tmp size : 3MB

Stats:
   No. of k-mers below min. threshold :            0
   No. of k-mers above max. threshold :         5000
   No. of unique k-mers               :      4544719
   No. of unique counted k-mers       :      4539719
   Total no. of k-mers                :      4551352
   Total no. of sequences             :           84
   Total no. of super-k-mers          :        92589
1st stage: 0.185335s
2nd stage: 1.65034s
Total    : 1.83567s
Tmp size : 3MB

Stats:
   No. of k-mers below min. threshold :            0
   No. of k-mers above max. threshold :         5190
   No. of unique k-mers               :      4544493
   No. of unique counted k-mers       :      4539303
   Total no. of k-mers                :      4551495
   Total no. of sequences             :           84
   Total no. of super-k-mers          :        92591
1st stage: 0.173663s
2nd stage: 1.64183s
Total    : 1.81549s
Tmp size : 3MB

Stats:
   No. of k-mers below min. threshold :            0
   No. of k-mers above max. threshold :        46413
   No. of unique k-mers               :      4543764
   No. of unique counted k-mers       :      4497351
   Total no. of k-mers                :      4591297
   Total no. of sequences             :           96
   Total no. of super-k-mers          :        93442
1st stage: 0.180303s
2nd stage: 1.6921s
Total    : 1.8724s
Tmp size : 3MB

Stats:
   No. of k-mers below min. threshold :            0
   No. of k-mers above max. threshold :         5197
   No. of unique k-mers               :      4959467
   No. of unique counted k-mers       :      4954270
   Total no. of k-mers                :      4966534
   Total no. of sequences             :           91
   Total no. of super-k-mers          :       100966
1st stage: 0.172704s
2nd stage: 1.61457s
Total    : 1.78728s
Tmp size : 3MB

Stats:
   No. of k-mers below min. threshold :            0
   No. of k-mers above max. threshold :         6047
   No. of unique k-mers               :      4542118
   No. of unique counted k-mers       :      4536071
   Total no. of k-mers                :      4550047
   Total no. of sequences             :           83
   Total no. of super-k-mers          :        92564
1st stage: 0.18248s
2nd stage: 1.62985s
Total    : 1.81233s
Tmp size : 3MB

Stats:
   No. of k-mers below min. threshold :            0
   No. of k-mers above max. threshold :         3734
   No. of unique k-mers               :      4538968
   No. of unique counted k-mers       :      4535234
   Total no. of k-mers                :      4543018
   Total no. of sequences             :          111
   Total no. of super-k-mers          :        92461
1st stage: 0.176489s
2nd stage: 1.6874s
Total    : 1.86389s
Tmp size : 3MB

Stats:
   No. of k-mers below min. threshold :            0
   No. of k-mers above max. threshold :         7422
   No. of unique k-mers               :      5037851
   No. of unique counted k-mers       :      5030429
   Total no. of k-mers                :      5045906
   Total no. of sequences             :           92
   Total no. of super-k-mers          :       102616
1st stage: 0.174728s
2nd stage: 1.68376s
Total    : 1.85849s
Tmp size : 3MB

Stats:
   No. of k-mers below min. threshold :            0
   No. of k-mers above max. threshold :        17227
   No. of unique k-mers               :      4545963
   No. of unique counted k-mers       :      4528736
   Total no. of k-mers                :      4564035
   Total no. of sequences             :           82
   Total no. of super-k-mers          :        92827
1st stage: 0.16954s
2nd stage: 1.61615s
Total    : 1.78569s
Tmp size : 3MB

Stats:
   No. of k-mers below min. threshold :            0
   No. of k-mers above max. threshold :         4622
   No. of unique k-mers               :      4543969
   No. of unique counted k-mers       :      4539347
   Total no. of k-mers                :      4550461
   Total no. of sequences             :           84
   Total no. of super-k-mers          :        92571
1st stage: 0.17539s
2nd stage: 1.65285s
Total    : 1.82824s
Tmp size : 3MB

Stats:
   No. of k-mers below min. threshold :            0
   No. of k-mers above max. threshold :         7656
   No. of unique k-mers               :      4544132
   No. of unique counted k-mers       :      4536476
   Total no. of k-mers                :      4553617
   Total no. of sequences             :           84
   Total no. of super-k-mers          :        92640
