Aligning contigs to reference...
	Aligning contigs to the reference
Filtering alignments...
Parsing coords...
Loading reference...
	Loaded [GCF_000006765.1_ASM676v1_genomic_NC_002516.2]
	Total Regions: 1
	Total Region Length: 6264404
Analyzing contigs...
CONTIG: NODE_6_length_447001_cov_164.616772 (447001bp)
Best alignment score: 128607.4 (LEN: 129098, IDY: 99.62), Total number of alignments: 12
			Looking for the best set of alignments (out of 12 total alignments)
			Skipping redundant alignments after choosing the best set of alignments
		Skipping redundant alignment 630406 630515 | 363826 363935 | 110 110 | 100.0 | GCF_000006765.1_ASM676v1_genomic_NC_002516.2 NODE_6_length_447001_cov_164.616772
		This contig has several significant sets of alignments. [An ambiguously mapped contig]
		Using only the very best set (option --ambiguity-usage is set to "one").
			The best set is below. Score: 397648.2, number of alignments: 11, unaligned bases: 45917
		This contig is misassembled.
		This contig is partially unaligned. (Aligned 401084 out of 447001 non-N bases (89.73%))
			Real Alignment 1: 297511 370486 | 1 73001 | 72976 73001 | 99.49 | GCF_000006765.1_ASM676v1_genomic_NC_002516.2 NODE_6_length_447001_cov_164.616772
			  Gap between these two alignments (local misassembly). Inconsistency = -757
			Excluding internal overlap of size 82 between Alignment 2 and 3: 501220 515760 | 202994 217532 | 14541 14539 --> 501302 515760 | 203076 217532 | 14459 14457
			Real Alignment 2: 370706 499828 | 73978 203075 | 129123 129098 | 99.62 | GCF_000006765.1_ASM676v1_genomic_NC_002516.2 NODE_6_length_447001_cov_164.616772
			  Extensive misassembly (relocation, inconsistency = 1473) between these two alignments
			Real Alignment 3: 501302 515760 | 203076 217532 | 14459 14457 | 99.36 | GCF_000006765.1_ASM676v1_genomic_NC_002516.2 NODE_6_length_447001_cov_164.616772
			  Gap between these two alignments (local misassembly). Inconsistency = 267
			Excluding internal overlap of size 36 between Alignment 4 and 5: 516029 521367 | 217534 222871 | 5339 5338 --> 516029 521331 | 217534 222835 | 5303 5302
			Real Alignment 4: 516029 521331 | 217534 222835 | 5303 5302 | 99.18 | GCF_000006765.1_ASM676v1_genomic_NC_002516.2 NODE_6_length_447001_cov_164.616772
			  Gap between these two alignments (local misassembly). Inconsistency = 238
			Real Alignment 5: 521570 556266 | 222836 257518 | 34697 34683 | 99.2 | GCF_000006765.1_ASM676v1_genomic_NC_002516.2 NODE_6_length_447001_cov_164.616772
			  Extensive misassembly (relocation, inconsistency = 1088) between these two alignments
			Real Alignment 6: 558755 628414 | 258919 328602 | 69660 69684 | 99.54 | GCF_000006765.1_ASM676v1_genomic_NC_002516.2 NODE_6_length_447001_cov_164.616772
			  Extensive misassembly (relocation, inconsistency = -36079) between these two alignments
			Real Alignment 7: 630516 654090 | 366783 390357 | 23575 23575 | 99.38 | GCF_000006765.1_ASM676v1_genomic_NC_002516.2 NODE_6_length_447001_cov_164.616772
			  Gap between these two alignments (local misassembly). Inconsistency = -18
			Real Alignment 8: 655203 656593 | 391488 392878 | 1391 1391 | 98.63 | GCF_000006765.1_ASM676v1_genomic_NC_002516.2 NODE_6_length_447001_cov_164.616772
			  Extensive misassembly (relocation, inconsistency = -2990) between these two alignments
			Real Alignment 9: 656594 680157 | 395869 419430 | 23564 23562 | 99.54 | GCF_000006765.1_ASM676v1_genomic_NC_002516.2 NODE_6_length_447001_cov_164.616772
			  Gap between these two alignments (local misassembly). Inconsistency = -23
			Real Alignment 10: 681341 689219 | 420637 428515 | 7879 7879 | 99.3 | GCF_000006765.1_ASM676v1_genomic_NC_002516.2 NODE_6_length_447001_cov_164.616772
			  Extensive misassembly (relocation, inconsistency = 13908) between these two alignments
			Real Alignment 11: 703162 721614 | 428550 447001 | 18453 18452 | 99.3 | GCF_000006765.1_ASM676v1_genomic_NC_002516.2 NODE_6_length_447001_cov_164.616772
		Unaligned bases: 45917

CONTIG: NODE_7_length_441532_cov_136.420280 (441532bp)
Best alignment score: 215718.7 (LEN: 216585, IDY: 99.60), Total number of alignments: 8
			Looking for the best set of alignments (out of 8 total alignments)
		This contig has several significant sets of alignments. [An ambiguously mapped contig]
		Using only the very best set (option --ambiguity-usage is set to "one").
			The best set is below. Score: 427241.9, number of alignments: 8, unaligned bases: 11138
		This contig is misassembled.
		This contig is partially unaligned. (Aligned 430394 out of 441532 non-N bases (97.48%))
			Real Alignment 1: 4281739 4298247 | 16516 6 | 16509 16511 | 99.13 | GCF_000006765.1_ASM676v1_genomic_NC_002516.2 NODE_7_length_441532_cov_136.420280
			  Extensive misassembly (relocation, inconsistency = -3996) between these two alignments
			Real Alignment 2: 4225664 4281752 | 76586 20499 | 56089 56088 | 99.6 | GCF_000006765.1_ASM676v1_genomic_NC_002516.2 NODE_7_length_441532_cov_136.420280
			  Extensive misassembly (relocation, inconsistency = -6835) between these two alignments
			Excluding internal overlap of size 203 between Alignment 3 and 4: 3930743 4008924 | 378066 299914 | 78182 78153 --> 3930743 4008732 | 378066 300117 | 77990 77950
			Real Alignment 3: 4008951 4225553 | 300116 83532 | 216603 216585 | 99.6 | GCF_000006765.1_ASM676v1_genomic_NC_002516.2 NODE_7_length_441532_cov_136.420280
			  Gap between these two alignments (local misassembly). Inconsistency = 218
			Real Alignment 4: 3930743 4008732 | 378066 300117 | 77990 77950 | 99.57 | GCF_000006765.1_ASM676v1_genomic_NC_002516.2 NODE_7_length_441532_cov_136.420280
			  Extensive misassembly (relocation, inconsistency = 16488) between these two alignments
			Real Alignment 5: 3907188 3914108 | 385126 378213 | 6921 6914 | 99.57 | GCF_000006765.1_ASM676v1_genomic_NC_002516.2 NODE_7_length_441532_cov_136.420280
			  Extensive misassembly (relocation, inconsistency = 7193) between these two alignments
			Excluding internal overlap of size 642 between Alignment 6 and 7: 3873988 3899934 | 411110 385187 | 25947 25924 --> 3874646 3899934 | 410468 385187 | 25289 25282
			Real Alignment 6: 3874646 3899934 | 410468 385187 | 25289 25282 | 99.42 | GCF_000006765.1_ASM676v1_genomic_NC_002516.2 NODE_7_length_441532_cov_136.420280
			  Gap between these two alignments (local misassembly). Inconsistency = 114
			Excluding internal overlap of size 39 between Alignment 7 and 8: 3843323 3843435 | 441532 441420 | 113 113 --> 3843323 3843396 | 441532 441459 | 74 74
			Real Alignment 7: 3843599 3874531 | 441458 410469 | 30933 30990 | 99.15 | GCF_000006765.1_ASM676v1_genomic_NC_002516.2 NODE_7_length_441532_cov_136.420280
			  Gap between these two alignments (local misassembly). Inconsistency = 202
			Real Alignment 8: 3843323 3843396 | 441532 441459 | 74 74 | 95.58 | GCF_000006765.1_ASM676v1_genomic_NC_002516.2 NODE_7_length_441532_cov_136.420280
		Unaligned bases: 11138

CONTIG: NODE_8_length_400863_cov_135.792005 (400863bp)
Best alignment score: 209811.8 (LEN: 211142, IDY: 99.37), Total number of alignments: 3
			Looking for the best set of alignments (out of 3 total alignments)
			The best set is below. Score: 398004.2, number of alignments: 3, unaligned bases: 59
		This contig is misassembled.
			Real Alignment 1: 1671364 1882541 | 25 211166 | 211178 211142 | 99.37 | GCF_000006765.1_ASM676v1_genomic_NC_002516.2 NODE_8_length_400863_cov_135.792005
			  Gap between these two alignments (local misassembly). Inconsistency = -121
			Excluding internal overlap of size 1383 between Alignment 2 and 3: 2040010 2071350 | 369523 400863 | 31341 31341 --> 2041393 2071350 | 370906 400863 | 29958 29958
			Real Alignment 2: 1882456 2042130 | 211202 370905 | 159675 159704 | 99.38 | GCF_000006765.1_ASM676v1_genomic_NC_002516.2 NODE_8_length_400863_cov_135.792005
			  Overlap between these two alignments (local misassembly). Inconsistency = -738
			Real Alignment 3: 2041393 2071350 | 370906 400863 | 29958 29958 | 98.64 | GCF_000006765.1_ASM676v1_genomic_NC_002516.2 NODE_8_length_400863_cov_135.792005

CONTIG: NODE_9_length_395117_cov_124.548397 (395117bp)
Best alignment score: 120085.4 (LEN: 120701, IDY: 99.49), Total number of alignments: 9
			Looking for the best set of alignments (out of 9 total alignments)
			Skipping redundant alignments after choosing the best set of alignments
		Skipping redundant alignment 3874252 3874340 | 184008 184096 | 89 89 | 97.75 | GCF_000006765.1_ASM676v1_genomic_NC_002516.2 NODE_9_length_395117_cov_124.548397
		Skipping redundant alignment 2705339 2705423 | 184013 184097 | 85 85 | 98.82 | GCF_000006765.1_ASM676v1_genomic_NC_002516.2 NODE_9_length_395117_cov_124.548397
		This contig has several significant sets of alignments. [An ambiguously mapped contig]
		Using only the very best set (option --ambiguity-usage is set to "one").
			The best set is below. Score: 338389.3, number of alignments: 7, unaligned bases: 53379
		This contig is misassembled.
		This contig is partially unaligned. (Aligned 341738 out of 395117 non-N bases (86.49%))
			Real Alignment 1: 2122521 2226247 | 220 103948 | 103727 103729 | 99.5 | GCF_000006765.1_ASM676v1_genomic_NC_002516.2 NODE_9_length_395117_cov_124.548397
			  Extensive misassembly (relocation, inconsistency = 2742) between these two alignments
			Real Alignment 2: 2229137 2277496 | 104096 152485 | 48360 48390 | 99.1 | GCF_000006765.1_ASM676v1_genomic_NC_002516.2 NODE_9_length_395117_cov_124.548397
			  Extensive misassembly (relocation, inconsistency = 1880) between these two alignments
			Real Alignment 3: 2279379 2279535 | 152488 152644 | 157 157 | 98.09 | GCF_000006765.1_ASM676v1_genomic_NC_002516.2 NODE_9_length_395117_cov_124.548397
			  Gap between these two alignments (local misassembly). Inconsistency = 310
			Real Alignment 4: 2279853 2311107 | 152652 183904 | 31255 31253 | 99.43 | GCF_000006765.1_ASM676v1_genomic_NC_002516.2 NODE_9_length_395117_cov_124.548397
			  Extensive misassembly (relocation, inconsistency = 6707) between these two alignments
			Real Alignment 5: 2318223 2438984 | 184313 305013 | 120762 120701 | 99.49 | GCF_000006765.1_ASM676v1_genomic_NC_002516.2 NODE_9_length_395117_cov_124.548397
			  Extensive misassembly (relocation, inconsistency = 2820687) between these two alignments
			Real Alignment 6: 5260377 5263232 | 308574 305719 | 2856 2856 | 94.76 | GCF_000006765.1_ASM676v1_genomic_NC_002516.2 NODE_9_length_395117_cov_124.548397
			  Extensive misassembly (relocation, inconsistency = 2722298) between these two alignments
			Real Alignment 7: 2451596 2486242 | 360411 395062 | 34647 34652 | 99.5 | GCF_000006765.1_ASM676v1_genomic_NC_002516.2 NODE_9_length_395117_cov_124.548397
		Unaligned bases: 53379

CONTIG: NODE_10_length_394366_cov_133.695560 (394366bp)
Best alignment score: 300421.0 (LEN: 301779, IDY: 99.55), Total number of alignments: 3
			Looking for the best set of alignments (out of 3 total alignments)
			The best set is below. Score: 378814.1, number of alignments: 3, unaligned bases: 13564
		This contig is misassembled.
		This contig is partially unaligned. (Aligned 380802 out of 394366 non-N bases (96.56%))
			Real Alignment 1: 3547689 3575968 | 28274 1 | 28280 28274 | 99.58 | GCF_000006765.1_ASM676v1_genomic_NC_002516.2 NODE_10_length_394366_cov_133.695560
			  Extensive misassembly (relocation, inconsistency = 7647) between these two alignments
			Excluding internal overlap of size 82 between Alignment 2 and 3: 3475648 3526477 | 92669 41839 | 50830 50831 --> 3475730 3526477 | 92587 41839 | 50748 50749
			Real Alignment 2: 3475730 3526477 | 92587 41839 | 50748 50749 | 99.58 | GCF_000006765.1_ASM676v1_genomic_NC_002516.2 NODE_10_length_394366_cov_133.695560
			  Gap between these two alignments (local misassembly). Inconsistency = 191
			Real Alignment 3: 3173781 3475538 | 394366 92588 | 301758 301779 | 99.55 | GCF_000006765.1_ASM676v1_genomic_NC_002516.2 NODE_10_length_394366_cov_133.695560
		Unaligned bases: 13564

CONTIG: NODE_11_length_389013_cov_146.474915 (389013bp)
Best alignment score: 132288.0 (LEN: 132886, IDY: 99.55), Total number of alignments: 7
			Looking for the best set of alignments (out of 7 total alignments)
			Skipping redundant alignments after choosing the best set of alignments
		Skipping redundant alignment 688102 688200 | 188063 188161 | 99 99 | 94.95 | GCF_000006765.1_ASM676v1_genomic_NC_002516.2 NODE_11_length_389013_cov_146.474915
		This contig has several significant sets of alignments. [An ambiguously mapped contig]
		Using only the very best set (option --ambiguity-usage is set to "one").
			The best set is below. Score: 303709.7, number of alignments: 6, unaligned bases: 83097
		This contig is misassembled.
		This contig is partially unaligned. (Aligned 305916 out of 389013 non-N bases (78.64%))
			Real Alignment 1: 3087873 3088130 | 1006 749 | 258 258 | 97.29 | GCF_000006765.1_ASM676v1_genomic_NC_002516.2 NODE_11_length_389013_cov_146.474915
			  Gap between these two alignments (local misassembly). Inconsistency = 157
			Excluding internal overlap of size 1 between Alignment 2 and 3: 3044846 3087636 | 43928 1086 | 42791 42843 --> 3044847 3087636 | 43927 1086 | 42790 42842
			Real Alignment 2: 3044847 3087636 | 43927 1086 | 42790 42842 | 99.33 | GCF_000006765.1_ASM676v1_genomic_NC_002516.2 NODE_11_length_389013_cov_146.474915
			  Extensive misassembly (relocation, inconsistency = 1372) between these two alignments
			Real Alignment 3: 2947618 3043474 | 139772 43928 | 95857 95845 | 99.62 | GCF_000006765.1_ASM676v1_genomic_NC_002516.2 NODE_11_length_389013_cov_146.474915
			  Extensive misassembly (relocation, inconsistency = -50494) between these two alignments
			Real Alignment 4: 2936477 2947641 | 201407 190243 | 11165 11165 | 99.71 | GCF_000006765.1_ASM676v1_genomic_NC_002516.2 NODE_11_length_389013_cov_146.474915
			  Extensive misassembly (relocation, inconsistency = -31747) between these two alignments
			Real Alignment 5: 2803519 2936423 | 366093 233208 | 132905 132886 | 99.55 | GCF_000006765.1_ASM676v1_genomic_NC_002516.2 NODE_11_length_389013_cov_146.474915
			  Gap between these two alignments (local misassembly). Inconsistency = 96
			Real Alignment 6: 2780503 2803422 | 389013 366094 | 22920 22920 | 99.48 | GCF_000006765.1_ASM676v1_genomic_NC_002516.2 NODE_11_length_389013_cov_146.474915
		Unaligned bases: 83097

CONTIG: NODE_13_length_353576_cov_162.698097 (353576bp)
Best alignment score: 103292.6 (LEN: 103937, IDY: 99.38), Total number of alignments: 6
			Looking for the best set of alignments (out of 6 total alignments)
			The best set is below. Score: 349047.4, number of alignments: 6, unaligned bases: 2267
		This contig is misassembled.
		This contig is partially unaligned. (Aligned 351309 out of 353576 non-N bases (99.36%))
			Excluding internal overlap of size 4 between Alignment 1 and 2: 4528680 4553812 | 131278 106175 | 25133 25104 --> 4528680 4553808 | 131278 106179 | 25129 25100
			Real Alignment 1: 4554322 4658246 | 106178 2242 | 103925 103937 | 99.38 | GCF_000006765.1_ASM676v1_genomic_NC_002516.2 NODE_13_length_353576_cov_162.698097
			  Gap between these two alignments (local misassembly). Inconsistency = 513
			Excluding internal overlap of size 80 between Alignment 2 and 3: 4528680 4553808 | 131278 106179 | 25129 25100 --> 4528761 4553808 | 131198 106179 | 25048 25020
			Real Alignment 2: 4528761 4553808 | 131198 106179 | 25048 25020 | 99.42 | GCF_000006765.1_ASM676v1_genomic_NC_002516.2 NODE_13_length_353576_cov_162.698097
			  Gap between these two alignments (local misassembly). Inconsistency = 227
			Excluding internal overlap of size 1 between Alignment 3 and 4: 4474915 4528533 | 184817 131199 | 53619 53619 --> 4474916 4528533 | 184816 131199 | 53618 53618
			Real Alignment 3: 4474916 4528533 | 184816 131199 | 53618 53618 | 99.7 | GCF_000006765.1_ASM676v1_genomic_NC_002516.2 NODE_13_length_353576_cov_162.698097
			  Extensive misassembly (relocation, inconsistency = 1372) between these two alignments
			Excluding internal overlap of size 231 between Alignment 4 and 5: 4333206 4376986 | 324920 281146 | 43781 43775 --> 4333206 4376753 | 324920 281377 | 43548 43544
			Real Alignment 4: 4377012 4473543 | 281376 184817 | 96532 96560 | 99.65 | GCF_000006765.1_ASM676v1_genomic_NC_002516.2 NODE_13_length_353576_cov_162.698097
			  Gap between these two alignments (local misassembly). Inconsistency = 258
			Excluding internal overlap of size 6 between Alignment 5 and 6: 4298240 4326875 | 353550 324915 | 28636 28636 --> 4298240 4326869 | 353550 324921 | 28630 28630
			Real Alignment 5: 4333206 4376753 | 324920 281377 | 43548 43544 | 99.53 | GCF_000006765.1_ASM676v1_genomic_NC_002516.2 NODE_13_length_353576_cov_162.698097
			  Extensive misassembly (relocation, inconsistency = 6336) between these two alignments
			Real Alignment 6: 4298240 4326869 | 353550 324921 | 28630 28630 | 99.5 | GCF_000006765.1_ASM676v1_genomic_NC_002516.2 NODE_13_length_353576_cov_162.698097
		Unaligned bases: 2267

CONTIG: NODE_14_length_341015_cov_147.800941 (341015bp)
Best alignment score: 156307.2 (LEN: 156998, IDY: 99.56), Total number of alignments: 4
			Looking for the best set of alignments (out of 4 total alignments)
			The best set is below. Score: 338968.8, number of alignments: 4, unaligned bases: 250
		This contig is misassembled.
			Excluding internal overlap of size 87 between Alignment 1 and 2: 5361354 5382520 | 91503 112632 | 21167 21130 --> 5361441 5382520 | 91590 112632 | 21080 21043
			Real Alignment 1: 5269747 5361339 | 1 91589 | 91593 91589 | 99.58 | GCF_000006765.1_ASM676v1_genomic_NC_002516.2 NODE_14_length_341015_cov_147.800941
			  Gap between these two alignments (local misassembly). Inconsistency = 101
			Excluding internal overlap of size 1 between Alignment 2 and 3: 5361441 5382520 | 91590 112632 | 21080 21043 --> 5361441 5382519 | 91590 112631 | 21079 21042
			Real Alignment 2: 5361441 5382519 | 91590 112631 | 21079 21042 | 99.54 | GCF_000006765.1_ASM676v1_genomic_NC_002516.2 NODE_14_length_341015_cov_147.800941
			  Extensive misassembly (relocation, inconsistency = 1372) between these two alignments
			Excluding internal overlap of size 96 between Alignment 3 and 4: 5383892 5455107 | 112632 183863 | 71216 71232 --> 5383892 5455011 | 112632 183767 | 71120 71136
			Real Alignment 3: 5383892 5455011 | 112632 183767 | 71120 71136 | 99.61 | GCF_000006765.1_ASM676v1_genomic_NC_002516.2 NODE_14_length_341015_cov_147.800941
			  Gap between these two alignments (local misassembly). Inconsistency = 212
			Real Alignment 4: 5455224 5612211 | 183768 340765 | 156988 156998 | 99.56 | GCF_000006765.1_ASM676v1_genomic_NC_002516.2 NODE_14_length_341015_cov_147.800941

CONTIG: NODE_16_length_320156_cov_157.369446 (320156bp)
Best alignment score: 116146.4 (LEN: 116871, IDY: 99.38), Total number of alignments: 4
			Looking for the best set of alignments (out of 4 total alignments)
		This contig has several significant sets of alignments. [An ambiguously mapped contig]
		Using only the very best set (option --ambiguity-usage is set to "one").
			The best set is below. Score: 299342.7, number of alignments: 4, unaligned bases: 18742
		This contig is misassembled.
		This contig is partially unaligned. (Aligned 301414 out of 320156 non-N bases (94.15%))
			Real Alignment 1: 5612277 5725080 | 2268 115071 | 112804 112804 | 99.42 | GCF_000006765.1_ASM676v1_genomic_NC_002516.2 NODE_16_length_320156_cov_157.369446
			  Gap between these two alignments (local misassembly). Inconsistency = -878
			Real Alignment 2: 5726104 5726611 | 116973 117480 | 508 508 | 90.55 | GCF_000006765.1_ASM676v1_genomic_NC_002516.2 NODE_16_length_320156_cov_157.369446
			  Gap between these two alignments (local misassembly). Inconsistency = 3
			Real Alignment 3: 5727409 5798637 | 118275 189505 | 71229 71231 | 99.48 | GCF_000006765.1_ASM676v1_genomic_NC_002516.2 NODE_16_length_320156_cov_157.369446
			  Extensive misassembly (relocation, inconsistency = -13827) between these two alignments
			Real Alignment 4: 5798591 5915519 | 203286 320156 | 116929 116871 | 99.38 | GCF_000006765.1_ASM676v1_genomic_NC_002516.2 NODE_16_length_320156_cov_157.369446
		Unaligned bases: 18742

CONTIG: NODE_19_length_295755_cov_135.069472 (295755bp)
Best alignment score: 76445.0 (LEN: 77264, IDY: 98.94), Total number of alignments: 7
			Looking for the best set of alignments (out of 7 total alignments)
		This contig has several significant sets of alignments. [An ambiguously mapped contig]
		Using only the very best set (option --ambiguity-usage is set to "one").
			The best set is below. Score: 228376.4, number of alignments: 7, unaligned bases: 64456
		This contig is misassembled.
		This contig is partially unaligned. (Aligned 231299 out of 295755 non-N bases (78.21%))
			Real Alignment 1: 1244530 1247979 | 3503 54 | 3450 3450 | 99.45 | GCF_000006765.1_ASM676v1_genomic_NC_002516.2 NODE_19_length_295755_cov_135.069472
			  Gap between these two alignments (local misassembly). Inconsistency = 191
			Real Alignment 2: 1242899 1243394 | 4943 4448 | 496 496 | 96.98 | GCF_000006765.1_ASM676v1_genomic_NC_002516.2 NODE_19_length_295755_cov_135.069472
			  Gap between these two alignments (local misassembly). Inconsistency = -867
			Real Alignment 3: 1187274 1242668 | 61437 6041 | 55395 55397 | 99.41 | GCF_000006765.1_ASM676v1_genomic_NC_002516.2 NODE_19_length_295755_cov_135.069472
			  Extensive misassembly (relocation, inconsistency = -3505) between these two alignments
			Real Alignment 4: 1096940 1174198 | 155281 78018 | 77259 77264 | 98.94 | GCF_000006765.1_ASM676v1_genomic_NC_002516.2 NODE_19_length_295755_cov_135.069472
			  Extensive misassembly (relocation, inconsistency = -6821) between these two alignments
			Excluding internal overlap of size 22 between Alignment 5 and 6: 1069361 1096956 | 189662 162086 | 27596 27577 --> 1069383 1096956 | 189640 162086 | 27574 27555
			Real Alignment 5: 1069383 1096956 | 189640 162086 | 27574 27555 | 98.94 | GCF_000006765.1_ASM676v1_genomic_NC_002516.2 NODE_19_length_295755_cov_135.069472
			  Extensive misassembly (relocation, inconsistency = 8950) between these two alignments
			Real Alignment 6: 999717 1060432 | 250376 189641 | 60716 60736 | 99.47 | GCF_000006765.1_ASM676v1_genomic_NC_002516.2 NODE_19_length_295755_cov_135.069472
			  Extensive misassembly (relocation, inconsistency = -38971) between these two alignments
			Real Alignment 7: 993358 999724 | 295740 289340 | 6367 6401 | 98.91 | GCF_000006765.1_ASM676v1_genomic_NC_002516.2 NODE_19_length_295755_cov_135.069472
		Unaligned bases: 64456

CONTIG: NODE_21_length_268827_cov_182.179967 (268827bp)
Best alignment score: 96555.9 (LEN: 97217, IDY: 99.32), Total number of alignments: 6
			Looking for the best set of alignments (out of 6 total alignments)
			The best set is below. Score: 257910.4, number of alignments: 6, unaligned bases: 8842
		This contig is misassembled.
		This contig is partially unaligned. (Aligned 259985 out of 268827 non-N bases (96.71%))
			Real Alignment 1: 1 41215 | 41216 1 | 41215 41216 | 99.58 | GCF_000006765.1_ASM676v1_genomic_NC_002516.2 NODE_21_length_268827_cov_182.179967
			  Not a misassembly [linear representation of circular genome] between these two alignments
			Real Alignment 2: 6241772 6264404 | 63849 41217 | 22633 22633 | 99.51 | GCF_000006765.1_ASM676v1_genomic_NC_002516.2 NODE_21_length_268827_cov_182.179967
			  Extensive misassembly (relocation, inconsistency = -7151) between these two alignments
			Real Alignment 3: 6209481 6241499 | 103261 71273 | 32019 31989 | 99.28 | GCF_000006765.1_ASM676v1_genomic_NC_002516.2 NODE_21_length_268827_cov_182.179967
			  Extensive misassembly (relocation, inconsistency = -1215) between these two alignments
			Excluding internal overlap of size 125 between Alignment 4 and 5: 6187916 6209407 | 126040 104550 | 21492 21491 --> 6188042 6209407 | 125915 104550 | 21366 21366
			Real Alignment 4: 6188042 6209407 | 125915 104550 | 21366 21366 | 99.38 | GCF_000006765.1_ASM676v1_genomic_NC_002516.2 NODE_21_length_268827_cov_182.179967
			  Overlap between these two alignments (local misassembly). Inconsistency = -109
			Real Alignment 5: 6090921 6188150 | 223132 125916 | 97230 97217 | 99.32 | GCF_000006765.1_ASM676v1_genomic_NC_002516.2 NODE_21_length_268827_cov_182.179967
			  Gap between these two alignments (local misassembly). Inconsistency = 1
			Real Alignment 6: 6045214 6090788 | 268827 223264 | 45575 45564 | 99.52 | GCF_000006765.1_ASM676v1_genomic_NC_002516.2 NODE_21_length_268827_cov_182.179967
		Unaligned bases: 8842

CONTIG: NODE_24_length_241135_cov_124.884175 (241135bp)
Best alignment score: 137009.8 (LEN: 137726, IDY: 99.48), Total number of alignments: 4
			Looking for the best set of alignments (out of 4 total alignments)
		This contig has several significant sets of alignments. [An ambiguously mapped contig]
		Using only the very best set (option --ambiguity-usage is set to "one").
			The best set is below. Score: 234682.9, number of alignments: 4, unaligned bases: 4390
		This contig is misassembled.
		This contig is partially unaligned. (Aligned 236745 out of 241135 non-N bases (98.18%))
			Real Alignment 1: 1495586 1496000 | 461 47 | 415 415 | 97.83 | GCF_000006765.1_ASM676v1_genomic_NC_002516.2 NODE_24_length_241135_cov_124.884175
			  Extensive misassembly (relocation, inconsistency = -1547) between these two alignments
			Real Alignment 2: 1489618 1495495 | 7948 2099 | 5878 5850 | 98.37 | GCF_000006765.1_ASM676v1_genomic_NC_002516.2 NODE_24_length_241135_cov_124.884175
			  Extensive misassembly (relocation, inconsistency = 5864) between these two alignments
			Real Alignment 3: 1343379 1481162 | 148265 10540 | 137784 137726 | 99.48 | GCF_000006765.1_ASM676v1_genomic_NC_002516.2 NODE_24_length_241135_cov_124.884175
			  Extensive misassembly (relocation, inconsistency = 2573) between these two alignments
			Real Alignment 4: 1247975 1340741 | 241083 148330 | 92767 92754 | 99.47 | GCF_000006765.1_ASM676v1_genomic_NC_002516.2 NODE_24_length_241135_cov_124.884175
		Unaligned bases: 4390

CONTIG: NODE_26_length_233610_cov_120.568590 (233610bp)
Best alignment score: 80752.0 (LEN: 81354, IDY: 99.26), Total number of alignments: 10
			Looking for the best set of alignments (out of 10 total alignments)
			Skipping redundant alignments after choosing the best set of alignments
		Skipping redundant alignment 2676607 2678116 | 95191 93682 | 1510 1510 | 97.75 | GCF_000006765.1_ASM676v1_genomic_NC_002516.2 NODE_26_length_233610_cov_120.568590
		This contig has several significant sets of alignments. [An ambiguously mapped contig]
		Using only the very best set (option --ambiguity-usage is set to "one").
			The best set is below. Score: 199586.3, number of alignments: 9, unaligned bases: 30379
		This contig is misassembled.
		This contig is partially unaligned. (Aligned 203231 out of 233610 non-N bases (87.00%))
			Real Alignment 1: 2723313 2757549 | 34253 1 | 34237 34253 | 99.19 | GCF_000006765.1_ASM676v1_genomic_NC_002516.2 NODE_26_length_233610_cov_120.568590
			  Gap between these two alignments (local misassembly). Inconsistency = -692
			Real Alignment 2: 2707666 2722710 | 50592 35548 | 15045 15045 | 99.36 | GCF_000006765.1_ASM676v1_genomic_NC_002516.2 NODE_26_length_233610_cov_120.568590
			  Extensive misassembly (relocation, inconsistency = -1003) between these two alignments
			Real Alignment 3: 2682632 2707184 | 76608 52077 | 24553 24532 | 98.42 | GCF_000006765.1_ASM676v1_genomic_NC_002516.2 NODE_26_length_233610_cov_120.568590
			  Extensive misassembly (relocation, inconsistency = 7623) between these two alignments
			Real Alignment 4: 2672266 2673484 | 79351 78133 | 1219 1219 | 90.08 | GCF_000006765.1_ASM676v1_genomic_NC_002516.2 NODE_26_length_233610_cov_120.568590
			  Extensive misassembly (relocation, inconsistency = -27762) between these two alignments
			Real Alignment 5: 2683966 2685697 | 95413 93682 | 1732 1732 | 95.42 | GCF_000006765.1_ASM676v1_genomic_NC_002516.2 NODE_26_length_233610_cov_120.568590
			  Extensive misassembly (relocation, inconsistency = 21218) between these two alignments
			Real Alignment 6: 2648321 2653057 | 109837 105104 | 4737 4734 | 92.78 | GCF_000006765.1_ASM676v1_genomic_NC_002516.2 NODE_26_length_233610_cov_120.568590
			  Gap between these two alignments (local misassembly). Inconsistency = -12
			Real Alignment 7: 2641521 2647640 | 116647 110530 | 6120 6118 | 96.97 | GCF_000006765.1_ASM676v1_genomic_NC_002516.2 NODE_26_length_233610_cov_120.568590
			  Gap between these two alignments (local misassembly). Inconsistency = 19
			Excluding internal overlap of size 101 between Alignment 8 and 9: 2522460 2556801 | 233610 199266 | 34342 34345 --> 2522460 2556700 | 233610 199367 | 34241 34244
			Real Alignment 8: 2558730 2640136 | 199366 118013 | 81407 81354 | 99.26 | GCF_000006765.1_ASM676v1_genomic_NC_002516.2 NODE_26_length_233610_cov_120.568590
			  Extensive misassembly (relocation, inconsistency = 2029) between these two alignments
			Real Alignment 9: 2522460 2556700 | 233610 199367 | 34241 34244 | 99.33 | GCF_000006765.1_ASM676v1_genomic_NC_002516.2 NODE_26_length_233610_cov_120.568590
		Unaligned bases: 30379

CONTIG: NODE_29_length_184535_cov_164.079889 (184535bp)
Best alignment score: 160211.8 (LEN: 160936, IDY: 99.55), Total number of alignments: 2
			Looking for the best set of alignments (out of 2 total alignments)
			The best set is below. Score: 183330.0, number of alignments: 2, unaligned bases: 144
		This contig is misassembled.
			Real Alignment 1: 69537 230535 | 76 161011 | 160999 160936 | 99.55 | GCF_000006765.1_ASM676v1_genomic_NC_002516.2 NODE_29_length_184535_cov_164.079889
			  Extensive misassembly (relocation, inconsistency = 6586) between these two alignments
			Real Alignment 2: 237163 260600 | 161053 184507 | 23438 23455 | 99.63 | GCF_000006765.1_ASM676v1_genomic_NC_002516.2 NODE_29_length_184535_cov_164.079889

CONTIG: NODE_30_length_178097_cov_135.617225 (178097bp)
Best alignment score: 93195.5 (LEN: 93598, IDY: 99.57), Total number of alignments: 5
			Looking for the best set of alignments (out of 5 total alignments)
			Skipping redundant alignments after choosing the best set of alignments
		Skipping redundant alignment 3778546 3778725 | 1127 948 | 180 180 | 98.89 | GCF_000006765.1_ASM676v1_genomic_NC_002516.2 NODE_30_length_178097_cov_135.617225
		Skipping redundant alignment 53846 54026 | 1312 1132 | 181 181 | 92.31 | GCF_000006765.1_ASM676v1_genomic_NC_002516.2 NODE_30_length_178097_cov_135.617225
		This contig has several significant sets of alignments. [An ambiguously mapped contig]
		Using only the very best set (option --ambiguity-usage is set to "one").
			The best set is below. Score: 172940.1, number of alignments: 3, unaligned bases: 4334
		This contig is misassembled.
		This contig is partially unaligned. (Aligned 173763 out of 178097 non-N bases (97.57%))
			Real Alignment 1: 3684539 3778172 | 96913 3316 | 93634 93598 | 99.57 | GCF_000006765.1_ASM676v1_genomic_NC_002516.2 NODE_30_length_178097_cov_135.617225
			  Gap between these two alignments (local misassembly). Inconsistency = 0
			Real Alignment 2: 3618636 3683575 | 162817 97877 | 64940 64941 | 99.42 | GCF_000006765.1_ASM676v1_genomic_NC_002516.2 NODE_30_length_178097_cov_135.617225
			  Gap between these two alignments (local misassembly). Inconsistency = -114
			Real Alignment 3: 3603487 3618710 | 178080 162857 | 15224 15224 | 99.87 | GCF_000006765.1_ASM676v1_genomic_NC_002516.2 NODE_30_length_178097_cov_135.617225
		Unaligned bases: 4334

CONTIG: NODE_31_length_175956_cov_137.302102 (175956bp)
Best alignment score: 86434.5 (LEN: 87000, IDY: 99.35), Total number of alignments: 6
			Looking for the best set of alignments (out of 6 total alignments)
		This contig has several significant sets of alignments. [An ambiguously mapped contig]
		Using only the very best set (option --ambiguity-usage is set to "one").
			The best set is below. Score: 102878.1, number of alignments: 6, unaligned bases: 71245
		This contig is misassembled.
		This contig is partially unaligned. (Aligned 104711 out of 175956 non-N bases (59.51%))
			Real Alignment 1: 5101243 5188248 | 87000 1 | 87006 87000 | 99.35 | GCF_000006765.1_ASM676v1_genomic_NC_002516.2 NODE_31_length_175956_cov_137.302102
			  Gap between these two alignments (local misassembly). Inconsistency = -15
			Excluding internal overlap of size 79 between Alignment 2 and 3: 1060354 1061197 | 101255 102087 | 844 833 --> 1060433 1061197 | 101334 102087 | 765 754
			Real Alignment 2: 5086925 5100864 | 101333 87394 | 13940 13940 | 99.67 | GCF_000006765.1_ASM676v1_genomic_NC_002516.2 NODE_31_length_175956_cov_137.302102
			  Extensive misassembly (relocation, inconsistency = 4025727) between these two alignments
			Real Alignment 3: 1060433 1061197 | 101334 102087 | 765 754 | 92.79 | GCF_000006765.1_ASM676v1_genomic_NC_002516.2 NODE_31_length_175956_cov_137.302102
			  Extensive misassembly (relocation, inconsistency = -10019) between these two alignments
			Real Alignment 4: 1062435 1064232 | 113344 115143 | 1798 1800 | 97.72 | GCF_000006765.1_ASM676v1_genomic_NC_002516.2 NODE_31_length_175956_cov_137.302102
			  Extensive misassembly (relocation, inconsistency = -3812) between these two alignments
			Real Alignment 5: 1064259 1065080 | 118982 119802 | 822 821 | 92.1 | GCF_000006765.1_ASM676v1_genomic_NC_002516.2 NODE_31_length_175956_cov_137.302102
			  Extensive misassembly (relocation, inconsistency = -43367) between these two alignments
			Real Alignment 6: 1065390 1065785 | 163479 163874 | 396 396 | 94.7 | GCF_000006765.1_ASM676v1_genomic_NC_002516.2 NODE_31_length_175956_cov_137.302102
		Unaligned bases: 71245

CONTIG: NODE_32_length_158742_cov_119.704903 (158742bp)
Best alignment score: 101192.1 (LEN: 101721, IDY: 99.48), Total number of alignments: 3
			Looking for the best set of alignments (out of 3 total alignments)
			Skipping redundant alignments after choosing the best set of alignments
		Skipping redundant alignment 789727 789916 | 155925 155738 | 190 188 | 92.15 | GCF_000006765.1_ASM676v1_genomic_NC_002516.2 NODE_32_length_158742_cov_119.704903
		This contig has several significant sets of alignments. [An ambiguously mapped contig]
		Using only the very best set (option --ambiguity-usage is set to "one").
			The best set is below. Score: 150086.8, number of alignments: 2, unaligned bases: 7669
		This contig is misassembled.
		This contig is partially unaligned. (Aligned 151073 out of 158742 non-N bases (95.17%))
			Real Alignment 1: 901468 950823 | 49396 45 | 49356 49352 | 99.58 | GCF_000006765.1_ASM676v1_genomic_NC_002516.2 NODE_32_length_158742_cov_119.704903
			  Extensive misassembly (relocation, inconsistency = 1177) between these two alignments
			Real Alignment 2: 794431 896139 | 155268 53548 | 101709 101721 | 99.48 | GCF_000006765.1_ASM676v1_genomic_NC_002516.2 NODE_32_length_158742_cov_119.704903
		Unaligned bases: 7669

CONTIG: NODE_34_length_145236_cov_128.113252 (145236bp)
Best alignment score: 102391.1 (LEN: 102947, IDY: 99.46), Total number of alignments: 2
			Looking for the best set of alignments (out of 2 total alignments)
			The best set is below. Score: 143770.2, number of alignments: 2, unaligned bases: 573
		This contig is misassembled.
		This contig is partially unaligned. (Aligned 144663 out of 145236 non-N bases (99.61%))
			Real Alignment 1: 1600081 1641810 | 41716 1 | 41730 41716 | 99.25 | GCF_000006765.1_ASM676v1_genomic_NC_002516.2 NODE_34_length_145236_cov_128.113252
			  Gap between these two alignments (local misassembly). Inconsistency = 601
			Real Alignment 2: 1496003 1598962 | 145180 42234 | 102960 102947 | 99.46 | GCF_000006765.1_ASM676v1_genomic_NC_002516.2 NODE_34_length_145236_cov_128.113252
		Unaligned bases: 573

CONTIG: NODE_40_length_125447_cov_167.697963 (125447bp)
Best alignment score: 103520.5 (LEN: 103832, IDY: 99.70), Total number of alignments: 2
			Looking for the best set of alignments (out of 2 total alignments)
			The best set is below. Score: 124841.1, number of alignments: 2, unaligned bases: 161
		This contig is misassembled.
			Real Alignment 1: 4858419 4962249 | 103832 1 | 103831 103832 | 99.7 | GCF_000006765.1_ASM676v1_genomic_NC_002516.2 NODE_40_length_125447_cov_167.697963
			  Gap between these two alignments (local misassembly). Inconsistency = -222
			Real Alignment 2: 4837038 4858479 | 125447 103994 | 21442 21454 | 99.49 | GCF_000006765.1_ASM676v1_genomic_NC_002516.2 NODE_40_length_125447_cov_167.697963

CONTIG: NODE_41_length_125107_cov_177.096728 (125107bp)
Best alignment score: 108359.2 (LEN: 108849, IDY: 99.55), Total number of alignments: 2
			Looking for the best set of alignments (out of 2 total alignments)
			The best set is below. Score: 118483.4, number of alignments: 2, unaligned bases: 5797
		This contig is misassembled.
		This contig is partially unaligned. (Aligned 119310 out of 125107 non-N bases (95.37%))
			Real Alignment 1: 5915471 5925966 | 1 10461 | 10496 10461 | 99.17 | GCF_000006765.1_ASM676v1_genomic_NC_002516.2 NODE_41_length_125107_cov_177.096728
			  Extensive misassembly (relocation, inconsistency = -1004) between these two alignments
			Real Alignment 2: 5930760 6039582 | 16259 125107 | 108823 108849 | 99.55 | GCF_000006765.1_ASM676v1_genomic_NC_002516.2 NODE_41_length_125107_cov_177.096728
		Unaligned bases: 5797

CONTIG: NODE_48_length_103656_cov_149.343346 (103656bp)
Best alignment score: 52343.9 (LEN: 52644, IDY: 99.43), Total number of alignments: 2
			Looking for the best set of alignments (out of 2 total alignments)
			The best set is below. Score: 74271.3, number of alignments: 2, unaligned bases: 28703
		This contig is misassembled.
		This contig is partially unaligned. (Aligned 74953 out of 103656 non-N bases (72.31%))
			Real Alignment 1: 5189209 5241843 | 1 52644 | 52635 52644 | 99.43 | GCF_000006765.1_ASM676v1_genomic_NC_002516.2 NODE_48_length_103656_cov_149.343346
			  Extensive misassembly (relocation, inconsistency = -28711) between these two alignments
			Real Alignment 2: 5241836 5264145 | 81348 103656 | 22310 22309 | 99.41 | GCF_000006765.1_ASM676v1_genomic_NC_002516.2 NODE_48_length_103656_cov_149.343346
		Unaligned bases: 28703

CONTIG: NODE_52_length_88818_cov_156.887464 (88818bp)
Best alignment score: 87789.3 (LEN: 88533, IDY: 99.16), Total number of alignments: 1
		One align captures most of this contig: 4962250 5050782 | 88789 257 | 88533 88533 | 99.16 | GCF_000006765.1_ASM676v1_genomic_NC_002516.2 NODE_52_length_88818_cov_156.887464

CONTIG: NODE_57_length_81823_cov_110.376565 (81823bp)
Best alignment score: 48634.0 (LEN: 48962, IDY: 99.33), Total number of alignments: 5
			Looking for the best set of alignments (out of 5 total alignments)
			Skipping redundant alignments after choosing the best set of alignments
		Skipping redundant alignment 2118520 2118620 | 101 1 | 101 101 | 99.01 | GCF_000006765.1_ASM676v1_genomic_NC_002516.2 NODE_57_length_81823_cov_110.376565
		Skipping redundant alignment 1062334 1062434 | 1 101 | 101 101 | 97.03 | GCF_000006765.1_ASM676v1_genomic_NC_002516.2 NODE_57_length_81823_cov_110.376565
		Skipping redundant alignment 3173533 3173652 | 81704 81823 | 120 120 | 100.0 | GCF_000006765.1_ASM676v1_genomic_NC_002516.2 NODE_57_length_81823_cov_110.376565
		This contig has several significant sets of alignments. [An ambiguously mapped contig]
		Using only the very best set (option --ambiguity-usage is set to "one").
			The best set is below. Score: 71238.1, number of alignments: 2, unaligned bases: 9776
		This contig is misassembled.
		This contig is partially unaligned. (Aligned 72047 out of 81823 non-N bases (88.05%))
			Real Alignment 1: 3099303 3148252 | 423 49384 | 48950 48962 | 99.33 | GCF_000006765.1_ASM676v1_genomic_NC_002516.2 NODE_57_length_81823_cov_110.376565
			  Extensive misassembly (relocation, inconsistency = -2249) between these two alignments
			Real Alignment 2: 3148359 3171531 | 51740 74824 | 23173 23085 | 99.0 | GCF_000006765.1_ASM676v1_genomic_NC_002516.2 NODE_57_length_81823_cov_110.376565
		Unaligned bases: 9776

CONTIG: NODE_63_length_68627_cov_108.634457 (68627bp)
Best alignment score: 68155.6 (LEN: 68505, IDY: 99.49), Total number of alignments: 2
		Skipping these alignments as insignificant (option --ambiguity-score is set to "0.99"):
			Skipping alignment 4720069 4720241 | 68505 68333 | 173 173 | 98.27 | GCF_000006765.1_ASM676v1_genomic_NC_002516.2 NODE_63_length_68627_cov_108.634457
		One align captures most of this contig: 4720069 4788572 | 68505 1 | 68504 68505 | 99.49 | GCF_000006765.1_ASM676v1_genomic_NC_002516.2 NODE_63_length_68627_cov_108.634457

CONTIG: NODE_66_length_65668_cov_145.030924 (65668bp)
Best alignment score: 33839.7 (LEN: 34092, IDY: 99.26), Total number of alignments: 4
			Looking for the best set of alignments (out of 4 total alignments)
			Skipping redundant alignments after choosing the best set of alignments
		Skipping redundant alignment 3841871 3842042 | 173 1 | 172 173 | 95.95 | GCF_000006765.1_ASM676v1_genomic_NC_002516.2 NODE_66_length_65668_cov_145.030924
		Skipping redundant alignment 2757424 2757549 | 65543 65668 | 126 126 | 98.41 | GCF_000006765.1_ASM676v1_genomic_NC_002516.2 NODE_66_length_65668_cov_145.030924
		This contig has several significant sets of alignments. [An ambiguously mapped contig]
		Using only the very best set (option --ambiguity-usage is set to "one").
			The best set is below. Score: 62611.8, number of alignments: 2, unaligned bases: 2570
		This contig is misassembled.
		This contig is partially unaligned. (Aligned 63098 out of 65668 non-N bases (96.09%))
			Excluding internal overlap of size 8 between Alignment 1 and 2: 3812835 3841897 | 29058 45 | 29063 29014 --> 3812843 3841897 | 29050 45 | 29055 29006
			Real Alignment 1: 3812843 3841897 | 29050 45 | 29055 29006 | 99.29 | GCF_000006765.1_ASM676v1_genomic_NC_002516.2 NODE_66_length_65668_cov_145.030924
			  Gap between these two alignments (local misassembly). Inconsistency = 87
			Real Alignment 2: 3778655 3812755 | 63142 29051 | 34101 34092 | 99.26 | GCF_000006765.1_ASM676v1_genomic_NC_002516.2 NODE_66_length_65668_cov_145.030924
		Unaligned bases: 2570

CONTIG: NODE_69_length_60334_cov_106.521011 (60334bp)
Best alignment score: 57713.7 (LEN: 58103, IDY: 99.33), Total number of alignments: 1
			Looking for the best set of alignments (out of 1 total alignments)
			The best set is below. Score: 57713.7, number of alignments: 1, unaligned bases: 2231
		This contig is partially unaligned. (Aligned 58103 out of 60334 non-N bases (96.30%))
		Alignment: 727223 785338 | 60334 2232 | 58116 58103 | 99.33 | GCF_000006765.1_ASM676v1_genomic_NC_002516.2 NODE_69_length_60334_cov_106.521011
		Unaligned bases: 1 to 2231 (2231)

CONTIG: NODE_79_length_53265_cov_156.226330 (53265bp)
Best alignment score: 14304.5 (LEN: 14515, IDY: 98.55), Total number of alignments: 4
			Looking for the best set of alignments (out of 4 total alignments)
			The best set is below. Score: 30818.1, number of alignments: 4, unaligned bases: 21605
		This contig is misassembled.
		This contig is partially unaligned. (Aligned 31660 out of 53265 non-N bases (59.44%))
			Real Alignment 1: 5050782 5053630 | 61 2909 | 2849 2849 | 99.16 | GCF_000006765.1_ASM676v1_genomic_NC_002516.2 NODE_79_length_53265_cov_156.226330
			  Gap between these two alignments (local misassembly). Inconsistency = -39
			Real Alignment 2: 5055626 5069017 | 4944 18335 | 13392 13392 | 99.25 | GCF_000006765.1_ASM676v1_genomic_NC_002516.2 NODE_79_length_53265_cov_156.226330
			  Extensive misassembly (relocation, inconsistency = -1450) between these two alignments
			Real Alignment 3: 5072399 5086973 | 23167 37681 | 14575 14515 | 98.55 | GCF_000006765.1_ASM676v1_genomic_NC_002516.2 NODE_79_length_53265_cov_156.226330
			  Extensive misassembly (relocation, inconsistency = -786090) between these two alignments
			Real Alignment 4: 4309916 4310819 | 46714 47617 | 904 904 | 99.23 | GCF_000006765.1_ASM676v1_genomic_NC_002516.2 NODE_79_length_53265_cov_156.226330
		Unaligned bases: 21605

CONTIG: NODE_82_length_42941_cov_139.110362 (42941bp)
Best alignment score: 39307.8 (LEN: 39561, IDY: 99.36), Total number of alignments: 1
			Looking for the best set of alignments (out of 1 total alignments)
			The best set is below. Score: 39307.8, number of alignments: 1, unaligned bases: 3380
		This contig is partially unaligned. (Aligned 39561 out of 42941 non-N bases (92.13%))
		Alignment: 2076964 2116525 | 76 39636 | 39562 39561 | 99.36 | GCF_000006765.1_ASM676v1_genomic_NC_002516.2 NODE_82_length_42941_cov_139.110362
		Unaligned bases: 1 to 75 (75)
		Unaligned bases: 39637 to 42941 (3305)

CONTIG: NODE_85_length_41594_cov_140.161150 (41594bp)
Best alignment score: 41324.6 (LEN: 41549, IDY: 99.46), Total number of alignments: 1
		One align captures most of this contig: 4672934 4714455 | 46 41594 | 41522 41549 | 99.46 | GCF_000006765.1_ASM676v1_genomic_NC_002516.2 NODE_85_length_41594_cov_140.161150

CONTIG: NODE_88_length_40748_cov_128.509719 (40748bp)
Best alignment score: 40533.6 (LEN: 40680, IDY: 99.64), Total number of alignments: 1
		One align captures most of this contig: 950847 991529 | 69 40748 | 40683 40680 | 99.64 | GCF_000006765.1_ASM676v1_genomic_NC_002516.2 NODE_88_length_40748_cov_128.509719

CONTIG: NODE_91_length_38946_cov_165.130750 (38946bp)
Best alignment score: 38724.0 (LEN: 38946, IDY: 99.43), Total number of alignments: 1
		One align captures most of this contig: 4794219 4833166 | 38946 1 | 38948 38946 | 99.43 | GCF_000006765.1_ASM676v1_genomic_NC_002516.2 NODE_91_length_38946_cov_165.130750

CONTIG: NODE_95_length_35106_cov_130.389518 (35106bp)
Best alignment score: 34929.8 (LEN: 35063, IDY: 99.62), Total number of alignments: 2
		Skipping these alignments as insignificant (option --ambiguity-score is set to "0.99"):
			Skipping alignment 2558197 2558266 | 35106 35037 | 70 70 | 100.0 | GCF_000006765.1_ASM676v1_genomic_NC_002516.2 NODE_95_length_35106_cov_130.389518
		One align captures most of this contig: 2486251 2521314 | 35063 1 | 35064 35063 | 99.62 | GCF_000006765.1_ASM676v1_genomic_NC_002516.2 NODE_95_length_35106_cov_130.389518

CONTIG: NODE_100_length_31429_cov_51.420922 (31429bp)
Best alignment score: 196.2 (LEN: 217, IDY: 90.41), Total number of alignments: 3
			Looking for the best set of alignments (out of 3 total alignments)
			Skipping redundant alignments after choosing the best set of alignments
		Skipping redundant alignment 789725 789916 | 20149 20338 | 192 190 | 90.62 | GCF_000006765.1_ASM676v1_genomic_NC_002516.2 NODE_100_length_31429_cov_51.420922
		Skipping redundant alignment 789741 789918 | 31429 31254 | 178 176 | 92.18 | GCF_000006765.1_ASM676v1_genomic_NC_002516.2 NODE_100_length_31429_cov_51.420922
			The best set is below. Score: 196.2, number of alignments: 1, unaligned bases: 31212
		This contig is partially unaligned. (Aligned 217 out of 31429 non-N bases (0.69%))
		Alignment: 789699 789917 | 16652 16868 | 219 217 | 90.41 | GCF_000006765.1_ASM676v1_genomic_NC_002516.2 NODE_100_length_31429_cov_51.420922
		Unaligned bases: 1 to 16651 (16651)
		Unaligned bases: 16869 to 31429 (14561)

CONTIG: NODE_102_length_30358_cov_179.597928 (30358bp)
Best alignment score: 21264.8 (LEN: 21391, IDY: 99.41), Total number of alignments: 2
			Looking for the best set of alignments (out of 2 total alignments)
			The best set is below. Score: 29520.0, number of alignments: 2, unaligned bases: 647
		This contig is misassembled.
		This contig is partially unaligned. (Aligned 29711 out of 30358 non-N bases (97.87%))
			Real Alignment 1: 264842 286235 | 47 21437 | 21394 21391 | 99.41 | GCF_000006765.1_ASM676v1_genomic_NC_002516.2 NODE_102_length_30358_cov_179.597928
			  Gap between these two alignments (local misassembly). Inconsistency = -505
			Real Alignment 2: 286332 294646 | 22039 30358 | 8315 8320 | 99.51 | GCF_000006765.1_ASM676v1_genomic_NC_002516.2 NODE_102_length_30358_cov_179.597928
		Unaligned bases: 647

CONTIG: NODE_106_length_26612_cov_115.234289 (26612bp)
Best alignment score: 26263.9 (LEN: 26372, IDY: 99.59), Total number of alignments: 2
		Skipping these alignments as insignificant (option --ambiguity-score is set to "0.99"):
			Skipping alignment 1644941 1645012 | 1 72 | 72 72 | 100.0 | GCF_000006765.1_ASM676v1_genomic_NC_002516.2 NODE_106_length_26612_cov_115.234289
		One align captures most of this contig: 1645024 1671394 | 217 26588 | 26371 26372 | 99.59 | GCF_000006765.1_ASM676v1_genomic_NC_002516.2 NODE_106_length_26612_cov_115.234289

CONTIG: NODE_107_length_26392_cov_164.369328 (26392bp)
Best alignment score: 26285.0 (LEN: 26372, IDY: 99.67), Total number of alignments: 1
		One align captures most of this contig: 3577114 3603479 | 26392 21 | 26366 26372 | 99.67 | GCF_000006765.1_ASM676v1_genomic_NC_002516.2 NODE_107_length_26392_cov_164.369328

CONTIG: NODE_109_length_24223_cov_118.114366 (24223bp)
Best alignment score: 12505.2 (LEN: 12620, IDY: 99.09), Total number of alignments: 3
			Looking for the best set of alignments (out of 3 total alignments)
			The best set is below. Score: 21985.1, number of alignments: 3, unaligned bases: 1977
		This contig is misassembled.
		This contig is partially unaligned. (Aligned 22246 out of 24223 non-N bases (91.84%))
			Real Alignment 1: 44247 53082 | 1 8836 | 8836 8836 | 98.98 | GCF_000006765.1_ASM676v1_genomic_NC_002516.2 NODE_109_length_24223_cov_118.114366
			  Gap between these two alignments (local misassembly). Inconsistency = 101
			Real Alignment 2: 54050 54839 | 9703 10492 | 790 790 | 98.99 | GCF_000006765.1_ASM676v1_genomic_NC_002516.2 NODE_109_length_24223_cov_118.114366
			  Gap between these two alignments (local misassembly). Inconsistency = 258
			Real Alignment 3: 56084 68711 | 11479 24098 | 12628 12620 | 99.09 | GCF_000006765.1_ASM676v1_genomic_NC_002516.2 NODE_109_length_24223_cov_118.114366
		Unaligned bases: 1977

CONTIG: NODE_112_length_21264_cov_138.186477 (21264bp)
Best alignment score: 10094.5 (LEN: 10180, IDY: 99.16), Total number of alignments: 5
			Looking for the best set of alignments (out of 5 total alignments)
			Skipping redundant alignments after choosing the best set of alignments
		Skipping redundant alignment 2760361 2760819 | 3025 3484 | 459 460 | 98.26 | GCF_000006765.1_ASM676v1_genomic_NC_002516.2 NODE_112_length_21264_cov_138.186477
		This contig has several significant sets of alignments. [An ambiguously mapped contig]
		Using only the very best set (option --ambiguity-usage is set to "one").
			The best set is below. Score: 16427.0, number of alignments: 4, unaligned bases: 4293
		This contig is misassembled.
		This contig is partially unaligned. (Aligned 16971 out of 21264 non-N bases (79.81%))
			Real Alignment 1: 2761408 2762955 | 1699 3269 | 1548 1571 | 96.63 | GCF_000006765.1_ASM676v1_genomic_NC_002516.2 NODE_112_length_21264_cov_138.186477
			  Extensive misassembly (relocation, inconsistency = -4505) between these two alignments
			Real Alignment 2: 2759147 2760356 | 3966 5175 | 1210 1210 | 99.17 | GCF_000006765.1_ASM676v1_genomic_NC_002516.2 NODE_112_length_21264_cov_138.186477
			  Gap between these two alignments (local misassembly). Inconsistency = 975
			Real Alignment 3: 2762285 2766330 | 6129 10138 | 4046 4010 | 96.97 | GCF_000006765.1_ASM676v1_genomic_NC_002516.2 NODE_112_length_21264_cov_138.186477
			  Gap between these two alignments (local misassembly). Inconsistency = 15
			Real Alignment 4: 2767292 2777471 | 11085 21264 | 10180 10180 | 99.16 | GCF_000006765.1_ASM676v1_genomic_NC_002516.2 NODE_112_length_21264_cov_138.186477
		Unaligned bases: 4293

CONTIG: NODE_113_length_17558_cov_136.416100 (17558bp)
Best alignment score: 14380.5 (LEN: 14460, IDY: 99.45), Total number of alignments: 1
			Looking for the best set of alignments (out of 1 total alignments)
			The best set is below. Score: 14380.5, number of alignments: 1, unaligned bases: 3098
		This contig is partially unaligned. (Aligned 14460 out of 17558 non-N bases (82.36%))
		Alignment: 4658362 4672822 | 14507 48 | 14461 14460 | 99.45 | GCF_000006765.1_ASM676v1_genomic_NC_002516.2 NODE_113_length_17558_cov_136.416100
		Unaligned bases: 1 to 47 (47)
		Unaligned bases: 14508 to 17558 (3051)

CONTIG: NODE_114_length_16809_cov_103.465859 (16809bp)
Best alignment score: 290.0 (LEN: 297, IDY: 97.64), Total number of alignments: 4
			Looking for the best set of alignments (out of 4 total alignments)
			Skipping redundant alignments after choosing the best set of alignments
		Skipping redundant alignment 2119459 2119755 | 15229 14933 | 297 297 | 97.31 | GCF_000006765.1_ASM676v1_genomic_NC_002516.2 NODE_114_length_16809_cov_103.465859
		Skipping redundant alignment 2119335 2119458 | 16809 16686 | 124 124 | 100.0 | GCF_000006765.1_ASM676v1_genomic_NC_002516.2 NODE_114_length_16809_cov_103.465859
		Skipping redundant alignment 1061496 1061619 | 16686 16809 | 124 124 | 100.0 | GCF_000006765.1_ASM676v1_genomic_NC_002516.2 NODE_114_length_16809_cov_103.465859
		This contig has several significant sets of alignments. [An ambiguously mapped contig]
		Using only the very best set (option --ambiguity-usage is set to "one").
			The best set is below. Score: 290.0, number of alignments: 1, unaligned bases: 16512
		This contig is partially unaligned. (Aligned 297 out of 16809 non-N bases (1.77%))
		Alignment: 1061199 1061495 | 14933 15229 | 297 297 | 97.64 | GCF_000006765.1_ASM676v1_genomic_NC_002516.2 NODE_114_length_16809_cov_103.465859
		Unaligned bases: 1 to 14932 (14932)
		Unaligned bases: 15230 to 16809 (1580)

CONTIG: NODE_130_length_5699_cov_219.234408 (5699bp)
Best alignment score: 5634.0 (LEN: 5699, IDY: 98.86), Total number of alignments: 2
		This contig has 2 significant alignments. [An ambiguously mapped contig]
		Using only first of these alignment (option --ambiguity-usage is set to "one"):
			Alignment: 4714401 4720087 | 5699 1 | 5687 5699 | 98.86 | GCF_000006765.1_ASM676v1_genomic_NC_002516.2 NODE_130_length_5699_cov_219.234408
			Skipping alignment 2071296 2076982 | 5699 1 | 5687 5699 | 98.33 | GCF_000006765.1_ASM676v1_genomic_NC_002516.2 NODE_130_length_5699_cov_219.234408

CONTIG: NODE_131_length_5696_cov_269.458961 (5696bp)
Best alignment score: 5633.9 (LEN: 5696, IDY: 98.91), Total number of alignments: 4
		This contig has 4 significant alignments. [An ambiguously mapped contig]
		Using only first of these alignment (option --ambiguity-usage is set to "one"):
			Alignment: 6039575 6045268 | 5696 1 | 5694 5696 | 98.91 | GCF_000006765.1_ASM676v1_genomic_NC_002516.2 NODE_131_length_5696_cov_269.458961
			Skipping alignment 5264091 5269784 | 5696 1 | 5694 5696 | 98.9 | GCF_000006765.1_ASM676v1_genomic_NC_002516.2 NODE_131_length_5696_cov_269.458961
			Skipping alignment 721572 727265 | 1 5696 | 5694 5696 | 98.9 | GCF_000006765.1_ASM676v1_genomic_NC_002516.2 NODE_131_length_5696_cov_269.458961
			Skipping alignment 4788565 4794256 | 5696 1 | 5692 5696 | 98.86 | GCF_000006765.1_ASM676v1_genomic_NC_002516.2 NODE_131_length_5696_cov_269.458961

CONTIG: NODE_137_length_4037_cov_162.826218 (4037bp)
Best alignment score: 4017.1 (LEN: 4026, IDY: 99.78), Total number of alignments: 1
		One align captures most of this contig: 260601 264626 | 12 4037 | 4026 4026 | 99.78 | GCF_000006765.1_ASM676v1_genomic_NC_002516.2 NODE_137_length_4037_cov_162.826218

CONTIG: NODE_138_length_3816_cov_158.957458 (3816bp)
Best alignment score: 3808.0 (LEN: 3816, IDY: 99.79), Total number of alignments: 1
		One align captures most of this contig: 4833188 4837003 | 3816 1 | 3816 3816 | 99.79 | GCF_000006765.1_ASM676v1_genomic_NC_002516.2 NODE_138_length_3816_cov_158.957458

CONTIG: NODE_142_length_3141_cov_264.824692 (3141bp)
Best alignment score: 3119.0 (LEN: 3141, IDY: 99.30), Total number of alignments: 2
		This contig has 2 significant alignments. [An ambiguously mapped contig]
		Using only first of these alignment (option --ambiguity-usage is set to "one"):
			Alignment: 41161 44301 | 1 3141 | 3141 3141 | 99.3 | GCF_000006765.1_ASM676v1_genomic_NC_002516.2 NODE_142_length_3141_cov_264.824692
			Skipping alignment 2777417 2780557 | 3141 1 | 3141 3141 | 99.27 | GCF_000006765.1_ASM676v1_genomic_NC_002516.2 NODE_142_length_3141_cov_264.824692

CONTIG: NODE_144_length_2682_cov_87.991245 (2682bp)
Best alignment score: 1625.1 (LEN: 1651, IDY: 98.43), Total number of alignments: 1
			Looking for the best set of alignments (out of 1 total alignments)
			The best set is below. Score: 1625.1, number of alignments: 1, unaligned bases: 1031
		This contig is partially unaligned. (Aligned 1651 out of 2682 non-N bases (61.56%))
		Alignment: 2757495 2759146 | 1 1651 | 1652 1651 | 98.43 | GCF_000006765.1_ASM676v1_genomic_NC_002516.2 NODE_144_length_2682_cov_87.991245
		Unaligned bases: 1652 to 2682 (1031)

CONTIG: NODE_148_length_2219_cov_227.738447 (2219bp)
Best alignment score: 2201.0 (LEN: 2219, IDY: 99.19), Total number of alignments: 2
		This contig has 2 significant alignments. [An ambiguously mapped contig]
		Using only first of these alignment (option --ambiguity-usage is set to "one"):
			Alignment: 1641756 1643974 | 1 2219 | 2219 2219 | 99.19 | GCF_000006765.1_ASM676v1_genomic_NC_002516.2 NODE_148_length_2219_cov_227.738447
			Skipping alignment 294592 296810 | 1 2219 | 2219 2219 | 99.1 | GCF_000006765.1_ASM676v1_genomic_NC_002516.2 NODE_148_length_2219_cov_227.738447

CONTIG: NODE_150_length_1695_cov_61.123171 (1695bp)
Best alignment score: 1670.1 (LEN: 1689, IDY: 98.88), Total number of alignments: 1
		One align captures most of this contig: 991667 993367 | 1695 7 | 1701 1689 | 98.88 | GCF_000006765.1_ASM676v1_genomic_NC_002516.2 NODE_150_length_1695_cov_61.123171

CONTIG: NODE_155_length_1379_cov_1174.492447 (1379bp)
Best alignment score: 1376.0 (LEN: 1379, IDY: 99.78), Total number of alignments: 6
		This contig has 6 significant alignments. [An ambiguously mapped contig]
		Using only first of these alignment (option --ambiguity-usage is set to "one"):
			Alignment: 3043473 3044851 | 1379 1 | 1379 1379 | 99.78 | GCF_000006765.1_ASM676v1_genomic_NC_002516.2 NODE_155_length_1379_cov_1174.492447
			Skipping alignment 499827 501205 | 1379 1 | 1379 1379 | 99.78 | GCF_000006765.1_ASM676v1_genomic_NC_002516.2 NODE_155_length_1379_cov_1174.492447
			Skipping alignment 5382519 5383897 | 1379 1 | 1379 1379 | 99.78 | GCF_000006765.1_ASM676v1_genomic_NC_002516.2 NODE_155_length_1379_cov_1174.492447
			Skipping alignment 2556863 2558241 | 1 1379 | 1379 1379 | 99.78 | GCF_000006765.1_ASM676v1_genomic_NC_002516.2 NODE_155_length_1379_cov_1174.492447
			Skipping alignment 3841997 3843375 | 1379 1 | 1379 1379 | 99.78 | GCF_000006765.1_ASM676v1_genomic_NC_002516.2 NODE_155_length_1379_cov_1174.492447
			Skipping alignment 4473538 4474916 | 1 1379 | 1379 1379 | 99.78 | GCF_000006765.1_ASM676v1_genomic_NC_002516.2 NODE_155_length_1379_cov_1174.492447

CONTIG: NODE_157_length_1255_cov_253.481667 (1255bp)
Best alignment score: 1252.0 (LEN: 1255, IDY: 99.76), Total number of alignments: 2
		This contig has 2 significant alignments. [An ambiguously mapped contig]
		Using only first of these alignment (option --ambiguity-usage is set to "one"):
			Alignment: 3575914 3577168 | 1255 1 | 1255 1255 | 99.76 | GCF_000006765.1_ASM676v1_genomic_NC_002516.2 NODE_157_length_1255_cov_253.481667
			Skipping alignment 2521260 2522514 | 1255 1 | 1255 1255 | 99.68 | GCF_000006765.1_ASM676v1_genomic_NC_002516.2 NODE_157_length_1255_cov_253.481667

CONTIG: NODE_165_length_824_cov_533.076723 (824bp)
Best alignment score: 815.0 (LEN: 824, IDY: 98.91), Total number of alignments: 2
		Skipping these alignments as insignificant (option --ambiguity-score is set to "0.99"):
			Skipping alignment 1061565 1062388 | 824 1 | 824 824 | 96.97 | GCF_000006765.1_ASM676v1_genomic_NC_002516.2 NODE_165_length_824_cov_533.076723
		One align captures most of this contig: 2118566 2119389 | 1 824 | 824 824 | 98.91 | GCF_000006765.1_ASM676v1_genomic_NC_002516.2 NODE_165_length_824_cov_533.076723

Analyzing coverage...
Writing SNPs into /home/modesto/data/freeDNA/quast_results/results_2022_03_10_13_57_32/runs_per_reference/GCF_000006765.1_ASM676v1_genomic/contigs_reports/minimap_output/piMDA-D.used_snps.gz

Analysis is finished!
Founded SNPs were written into /home/modesto/data/freeDNA/quast_results/results_2022_03_10_13_57_32/runs_per_reference/GCF_000006765.1_ASM676v1_genomic/contigs_reports/minimap_output/piMDA-D.used_snps.gz

Results:
	Local Misassemblies: 40
	Misassemblies: 48
		Relocations: 48
		Translocations: 0
		Inversions: 0
	Scaffold gap extensive misassemblies: 0
	Scaffold gap local misassemblies: 0
	Misassembled Contigs: 20
	Misassembled Contig Bases: 5025451
	Misassemblies Inter-Contig Overlap ("Extra" Aligned Bases): 0
Unaligned Contigs: 0 + 29 part
Half Unaligned Contigs with Misassemblies: 0
Unaligned Bases in Fully and Partially Unaligned Contigs: 552824

Ambiguously Mapped Contigs: 21
Total Bases in Ambiguously Mapped Contigs: 3481067
"Extra" Aligned Bases in Ambiguously Mapped Contigs: 0
Note that --allow-ambiguity option was set to "one" and only first alignment per each of these contigs was used (there is no "extra" aligned bases).

	Covered Bases in Reference: 6001988
	Raw Aligned Bases in Assembly: 6008336
	Total Aligned Bases in Assembly (with "Extras"): 6008336

	SNPs: 30548
	Insertions: 1486
	Deletions: 2033

