Aligning contigs to reference...
	Aligning contigs to the reference
Filtering alignments...
Parsing coords...
Loading reference...
	Loaded [GCF_000006765.1_ASM676v1_genomic_NC_002516.2]
	Total Regions: 1
	Total Region Length: 6264404
Analyzing contigs...
CONTIG: NODE_6_length_453250_cov_165.245993 (453250bp)
Best alignment score: 215718.7 (LEN: 216585, IDY: 99.60), Total number of alignments: 8
			Looking for the best set of alignments (out of 8 total alignments)
		This contig has several significant sets of alignments. [An ambiguously mapped contig]
		Using only the very best set (option --ambiguity-usage is set to "one").
			The best set is below. Score: 438919.4, number of alignments: 8, unaligned bases: 11133
		This contig is misassembled.
		This contig is partially unaligned. (Aligned 442117 out of 453250 non-N bases (97.54%))
			Real Alignment 1: 4281739 4309970 | 28234 1 | 28232 28234 | 99.33 | GCF_000006765.1_ASM676v1_genomic_NC_002516.2 NODE_6_length_453250_cov_165.245993
			  Extensive misassembly (relocation, inconsistency = -3996) between these two alignments
			Real Alignment 2: 4225664 4281752 | 88304 32217 | 56089 56088 | 99.6 | GCF_000006765.1_ASM676v1_genomic_NC_002516.2 NODE_6_length_453250_cov_165.245993
			  Extensive misassembly (relocation, inconsistency = -6835) between these two alignments
			Excluding internal overlap of size 203 between Alignment 3 and 4: 3930743 4008924 | 389784 311632 | 78182 78153 --> 3930743 4008732 | 389784 311835 | 77990 77950
			Real Alignment 3: 4008951 4225553 | 311834 95250 | 216603 216585 | 99.6 | GCF_000006765.1_ASM676v1_genomic_NC_002516.2 NODE_6_length_453250_cov_165.245993
			  Gap between these two alignments (local misassembly). Inconsistency = 218
			Real Alignment 4: 3930743 4008732 | 389784 311835 | 77990 77950 | 99.57 | GCF_000006765.1_ASM676v1_genomic_NC_002516.2 NODE_6_length_453250_cov_165.245993
			  Extensive misassembly (relocation, inconsistency = 16488) between these two alignments
			Real Alignment 5: 3907188 3914108 | 396844 389931 | 6921 6914 | 99.57 | GCF_000006765.1_ASM676v1_genomic_NC_002516.2 NODE_6_length_453250_cov_165.245993
			  Extensive misassembly (relocation, inconsistency = 7193) between these two alignments
			Excluding internal overlap of size 642 between Alignment 6 and 7: 3873988 3899934 | 422828 396905 | 25947 25924 --> 3874646 3899934 | 422186 396905 | 25289 25282
			Real Alignment 6: 3874646 3899934 | 422186 396905 | 25289 25282 | 99.42 | GCF_000006765.1_ASM676v1_genomic_NC_002516.2 NODE_6_length_453250_cov_165.245993
			  Gap between these two alignments (local misassembly). Inconsistency = 114
			Excluding internal overlap of size 39 between Alignment 7 and 8: 3843323 3843435 | 453250 453138 | 113 113 --> 3843323 3843396 | 453250 453177 | 74 74
			Real Alignment 7: 3843599 3874531 | 453176 422187 | 30933 30990 | 99.15 | GCF_000006765.1_ASM676v1_genomic_NC_002516.2 NODE_6_length_453250_cov_165.245993
			  Gap between these two alignments (local misassembly). Inconsistency = 202
			Real Alignment 8: 3843323 3843396 | 453250 453177 | 74 74 | 95.58 | GCF_000006765.1_ASM676v1_genomic_NC_002516.2 NODE_6_length_453250_cov_165.245993
		Unaligned bases: 11133

CONTIG: NODE_7_length_447757_cov_204.296764 (447757bp)
Best alignment score: 128607.4 (LEN: 129098, IDY: 99.62), Total number of alignments: 12
			Looking for the best set of alignments (out of 12 total alignments)
			Skipping redundant alignments after choosing the best set of alignments
		Skipping redundant alignment 630406 630515 | 364582 364691 | 110 110 | 100.0 | GCF_000006765.1_ASM676v1_genomic_NC_002516.2 NODE_7_length_447757_cov_204.296764
		This contig has several significant sets of alignments. [An ambiguously mapped contig]
		Using only the very best set (option --ambiguity-usage is set to "one").
			The best set is below. Score: 398376.2, number of alignments: 11, unaligned bases: 45919
		This contig is misassembled.
		This contig is partially unaligned. (Aligned 401838 out of 447757 non-N bases (89.74%))
			Real Alignment 1: 296756 370486 | 1 73755 | 73731 73755 | 99.46 | GCF_000006765.1_ASM676v1_genomic_NC_002516.2 NODE_7_length_447757_cov_204.296764
			  Gap between these two alignments (local misassembly). Inconsistency = -757
			Excluding internal overlap of size 82 between Alignment 2 and 3: 501220 515760 | 203748 218286 | 14541 14539 --> 501302 515760 | 203830 218286 | 14459 14457
			Real Alignment 2: 370706 499828 | 74732 203829 | 129123 129098 | 99.62 | GCF_000006765.1_ASM676v1_genomic_NC_002516.2 NODE_7_length_447757_cov_204.296764
			  Extensive misassembly (relocation, inconsistency = 1473) between these two alignments
			Real Alignment 3: 501302 515760 | 203830 218286 | 14459 14457 | 99.36 | GCF_000006765.1_ASM676v1_genomic_NC_002516.2 NODE_7_length_447757_cov_204.296764
			  Gap between these two alignments (local misassembly). Inconsistency = 267
			Excluding internal overlap of size 36 between Alignment 4 and 5: 516029 521367 | 218288 223625 | 5339 5338 --> 516029 521331 | 218288 223589 | 5303 5302
			Real Alignment 4: 516029 521331 | 218288 223589 | 5303 5302 | 99.18 | GCF_000006765.1_ASM676v1_genomic_NC_002516.2 NODE_7_length_447757_cov_204.296764
			  Gap between these two alignments (local misassembly). Inconsistency = 238
			Real Alignment 5: 521570 556266 | 223590 258272 | 34697 34683 | 99.2 | GCF_000006765.1_ASM676v1_genomic_NC_002516.2 NODE_7_length_447757_cov_204.296764
			  Extensive misassembly (relocation, inconsistency = 1088) between these two alignments
			Real Alignment 6: 558755 628414 | 259673 329356 | 69660 69684 | 99.54 | GCF_000006765.1_ASM676v1_genomic_NC_002516.2 NODE_7_length_447757_cov_204.296764
			  Extensive misassembly (relocation, inconsistency = -36081) between these two alignments
			Real Alignment 7: 630516 654090 | 367539 391113 | 23575 23575 | 99.38 | GCF_000006765.1_ASM676v1_genomic_NC_002516.2 NODE_7_length_447757_cov_204.296764
			  Gap between these two alignments (local misassembly). Inconsistency = -18
			Real Alignment 8: 655203 656593 | 392244 393634 | 1391 1391 | 98.63 | GCF_000006765.1_ASM676v1_genomic_NC_002516.2 NODE_7_length_447757_cov_204.296764
			  Extensive misassembly (relocation, inconsistency = -2990) between these two alignments
			Real Alignment 9: 656594 680157 | 396625 420186 | 23564 23562 | 99.54 | GCF_000006765.1_ASM676v1_genomic_NC_002516.2 NODE_7_length_447757_cov_204.296764
			  Gap between these two alignments (local misassembly). Inconsistency = -23
			Real Alignment 10: 681341 689219 | 421393 429271 | 7879 7879 | 99.3 | GCF_000006765.1_ASM676v1_genomic_NC_002516.2 NODE_7_length_447757_cov_204.296764
			  Extensive misassembly (relocation, inconsistency = 13908) between these two alignments
			Real Alignment 11: 703162 721614 | 429306 447757 | 18453 18452 | 99.3 | GCF_000006765.1_ASM676v1_genomic_NC_002516.2 NODE_7_length_447757_cov_204.296764
		Unaligned bases: 45919

CONTIG: NODE_9_length_400827_cov_166.194133 (400827bp)
Best alignment score: 209797.1 (LEN: 211106, IDY: 99.38), Total number of alignments: 3
			Looking for the best set of alignments (out of 3 total alignments)
			The best set is below. Score: 397989.5, number of alignments: 3, unaligned bases: 59
		This contig is misassembled.
			Real Alignment 1: 1671364 1882541 | 25 211130 | 211178 211106 | 99.38 | GCF_000006765.1_ASM676v1_genomic_NC_002516.2 NODE_9_length_400827_cov_166.194133
			  Gap between these two alignments (local misassembly). Inconsistency = -121
			Excluding internal overlap of size 1383 between Alignment 2 and 3: 2040010 2071350 | 369487 400827 | 31341 31341 --> 2041393 2071350 | 370870 400827 | 29958 29958
			Real Alignment 2: 1882456 2042130 | 211166 370869 | 159675 159704 | 99.38 | GCF_000006765.1_ASM676v1_genomic_NC_002516.2 NODE_9_length_400827_cov_166.194133
			  Overlap between these two alignments (local misassembly). Inconsistency = -738
			Real Alignment 3: 2041393 2071350 | 370870 400827 | 29958 29958 | 98.64 | GCF_000006765.1_ASM676v1_genomic_NC_002516.2 NODE_9_length_400827_cov_166.194133

CONTIG: NODE_10_length_394350_cov_159.212638 (394350bp)
Best alignment score: 300435.2 (LEN: 301763, IDY: 99.56), Total number of alignments: 3
			Looking for the best set of alignments (out of 3 total alignments)
			The best set is below. Score: 378828.3, number of alignments: 3, unaligned bases: 13564
		This contig is misassembled.
		This contig is partially unaligned. (Aligned 380786 out of 394350 non-N bases (96.56%))
			Real Alignment 1: 3547689 3575968 | 28274 1 | 28280 28274 | 99.58 | GCF_000006765.1_ASM676v1_genomic_NC_002516.2 NODE_10_length_394350_cov_159.212638
			  Extensive misassembly (relocation, inconsistency = 7647) between these two alignments
			Excluding internal overlap of size 82 between Alignment 2 and 3: 3475648 3526477 | 92669 41839 | 50830 50831 --> 3475730 3526477 | 92587 41839 | 50748 50749
			Real Alignment 2: 3475730 3526477 | 92587 41839 | 50748 50749 | 99.58 | GCF_000006765.1_ASM676v1_genomic_NC_002516.2 NODE_10_length_394350_cov_159.212638
			  Gap between these two alignments (local misassembly). Inconsistency = 191
			Real Alignment 3: 3173782 3475538 | 394350 92588 | 301757 301763 | 99.56 | GCF_000006765.1_ASM676v1_genomic_NC_002516.2 NODE_10_length_394350_cov_159.212638
		Unaligned bases: 13564

CONTIG: NODE_11_length_389013_cov_189.169617 (389013bp)
Best alignment score: 132288.0 (LEN: 132886, IDY: 99.55), Total number of alignments: 7
			Looking for the best set of alignments (out of 7 total alignments)
			Skipping redundant alignments after choosing the best set of alignments
		Skipping redundant alignment 688102 688200 | 200951 200853 | 99 99 | 94.95 | GCF_000006765.1_ASM676v1_genomic_NC_002516.2 NODE_11_length_389013_cov_189.169617
		This contig has several significant sets of alignments. [An ambiguously mapped contig]
		Using only the very best set (option --ambiguity-usage is set to "one").
			The best set is below. Score: 303709.7, number of alignments: 6, unaligned bases: 83097
		This contig is misassembled.
		This contig is partially unaligned. (Aligned 305916 out of 389013 non-N bases (78.64%))
			Real Alignment 1: 2780503 2803422 | 1 22920 | 22920 22920 | 99.48 | GCF_000006765.1_ASM676v1_genomic_NC_002516.2 NODE_11_length_389013_cov_189.169617
			  Gap between these two alignments (local misassembly). Inconsistency = 96
			Real Alignment 2: 2803519 2936423 | 22921 155806 | 132905 132886 | 99.55 | GCF_000006765.1_ASM676v1_genomic_NC_002516.2 NODE_11_length_389013_cov_189.169617
			  Extensive misassembly (relocation, inconsistency = -31747) between these two alignments
			Real Alignment 3: 2936477 2947641 | 187607 198771 | 11165 11165 | 99.71 | GCF_000006765.1_ASM676v1_genomic_NC_002516.2 NODE_11_length_389013_cov_189.169617
			  Extensive misassembly (relocation, inconsistency = -50494) between these two alignments
			Excluding internal overlap of size 1 between Alignment 4 and 5: 3044846 3087636 | 345086 387928 | 42791 42843 --> 3044847 3087636 | 345087 387928 | 42790 42842
			Real Alignment 4: 2947618 3043474 | 249242 345086 | 95857 95845 | 99.62 | GCF_000006765.1_ASM676v1_genomic_NC_002516.2 NODE_11_length_389013_cov_189.169617
			  Extensive misassembly (relocation, inconsistency = 1372) between these two alignments
			Real Alignment 5: 3044847 3087636 | 345087 387928 | 42790 42842 | 99.33 | GCF_000006765.1_ASM676v1_genomic_NC_002516.2 NODE_11_length_389013_cov_189.169617
			  Gap between these two alignments (local misassembly). Inconsistency = 157
			Real Alignment 6: 3087873 3088130 | 388008 388265 | 258 258 | 97.29 | GCF_000006765.1_ASM676v1_genomic_NC_002516.2 NODE_11_length_389013_cov_189.169617
		Unaligned bases: 83097

CONTIG: NODE_13_length_345964_cov_144.676502 (345964bp)
Best alignment score: 120085.4 (LEN: 120701, IDY: 99.49), Total number of alignments: 9
			Looking for the best set of alignments (out of 9 total alignments)
			Skipping redundant alignments after choosing the best set of alignments
		Skipping redundant alignment 3874252 3874340 | 134855 134943 | 89 89 | 97.75 | GCF_000006765.1_ASM676v1_genomic_NC_002516.2 NODE_13_length_345964_cov_144.676502
		Skipping redundant alignment 2705339 2705423 | 134860 134944 | 85 85 | 98.82 | GCF_000006765.1_ASM676v1_genomic_NC_002516.2 NODE_13_length_345964_cov_144.676502
		This contig has several significant sets of alignments. [An ambiguously mapped contig]
		Using only the very best set (option --ambiguity-usage is set to "one").
			The best set is below. Score: 289753.9, number of alignments: 7, unaligned bases: 53160
		This contig is misassembled.
		This contig is partially unaligned. (Aligned 292804 out of 345964 non-N bases (84.63%))
			Real Alignment 1: 2171452 2226247 | 1 54795 | 54796 54795 | 99.6 | GCF_000006765.1_ASM676v1_genomic_NC_002516.2 NODE_13_length_345964_cov_144.676502
			  Extensive misassembly (relocation, inconsistency = 2742) between these two alignments
			Real Alignment 2: 2229137 2277496 | 54943 103332 | 48360 48390 | 99.1 | GCF_000006765.1_ASM676v1_genomic_NC_002516.2 NODE_13_length_345964_cov_144.676502
			  Extensive misassembly (relocation, inconsistency = 1880) between these two alignments
			Real Alignment 3: 2279379 2279535 | 103335 103491 | 157 157 | 98.09 | GCF_000006765.1_ASM676v1_genomic_NC_002516.2 NODE_13_length_345964_cov_144.676502
			  Gap between these two alignments (local misassembly). Inconsistency = 310
			Real Alignment 4: 2279853 2311107 | 103499 134751 | 31255 31253 | 99.43 | GCF_000006765.1_ASM676v1_genomic_NC_002516.2 NODE_13_length_345964_cov_144.676502
			  Extensive misassembly (relocation, inconsistency = 6707) between these two alignments
			Real Alignment 5: 2318223 2438984 | 135160 255860 | 120762 120701 | 99.49 | GCF_000006765.1_ASM676v1_genomic_NC_002516.2 NODE_13_length_345964_cov_144.676502
			  Extensive misassembly (relocation, inconsistency = 2820687) between these two alignments
			Real Alignment 6: 5260377 5263232 | 259421 256566 | 2856 2856 | 94.73 | GCF_000006765.1_ASM676v1_genomic_NC_002516.2 NODE_13_length_345964_cov_144.676502
			  Extensive misassembly (relocation, inconsistency = 2722298) between these two alignments
			Real Alignment 7: 2451596 2486242 | 311258 345909 | 34647 34652 | 99.5 | GCF_000006765.1_ASM676v1_genomic_NC_002516.2 NODE_13_length_345964_cov_144.676502
		Unaligned bases: 53160

CONTIG: NODE_14_length_341015_cov_170.922413 (341015bp)
Best alignment score: 156307.2 (LEN: 156998, IDY: 99.56), Total number of alignments: 4
			Looking for the best set of alignments (out of 4 total alignments)
			The best set is below. Score: 338968.8, number of alignments: 4, unaligned bases: 250
		This contig is misassembled.
			Excluding internal overlap of size 87 between Alignment 1 and 2: 5361354 5382520 | 91503 112632 | 21167 21130 --> 5361441 5382520 | 91590 112632 | 21080 21043
			Real Alignment 1: 5269747 5361339 | 1 91589 | 91593 91589 | 99.58 | GCF_000006765.1_ASM676v1_genomic_NC_002516.2 NODE_14_length_341015_cov_170.922413
			  Gap between these two alignments (local misassembly). Inconsistency = 101
			Excluding internal overlap of size 1 between Alignment 2 and 3: 5361441 5382520 | 91590 112632 | 21080 21043 --> 5361441 5382519 | 91590 112631 | 21079 21042
			Real Alignment 2: 5361441 5382519 | 91590 112631 | 21079 21042 | 99.54 | GCF_000006765.1_ASM676v1_genomic_NC_002516.2 NODE_14_length_341015_cov_170.922413
			  Extensive misassembly (relocation, inconsistency = 1372) between these two alignments
			Excluding internal overlap of size 96 between Alignment 3 and 4: 5383892 5455107 | 112632 183863 | 71216 71232 --> 5383892 5455011 | 112632 183767 | 71120 71136
			Real Alignment 3: 5383892 5455011 | 112632 183767 | 71120 71136 | 99.61 | GCF_000006765.1_ASM676v1_genomic_NC_002516.2 NODE_14_length_341015_cov_170.922413
			  Gap between these two alignments (local misassembly). Inconsistency = 212
			Real Alignment 4: 5455224 5612211 | 183768 340765 | 156988 156998 | 99.56 | GCF_000006765.1_ASM676v1_genomic_NC_002516.2 NODE_14_length_341015_cov_170.922413

CONTIG: NODE_15_length_338304_cov_174.734607 (338304bp)
Best alignment score: 76445.0 (LEN: 77264, IDY: 98.94), Total number of alignments: 7
			Looking for the best set of alignments (out of 7 total alignments)
		This contig has several significant sets of alignments. [An ambiguously mapped contig]
		Using only the very best set (option --ambiguity-usage is set to "one").
			The best set is below. Score: 270702.6, number of alignments: 7, unaligned bases: 64509
		This contig is misassembled.
		This contig is partially unaligned. (Aligned 273795 out of 338304 non-N bases (80.93%))
			Real Alignment 1: 1244530 1247979 | 3503 54 | 3450 3450 | 99.45 | GCF_000006765.1_ASM676v1_genomic_NC_002516.2 NODE_15_length_338304_cov_174.734607
			  Gap between these two alignments (local misassembly). Inconsistency = 191
			Real Alignment 2: 1242899 1243394 | 4943 4448 | 496 496 | 96.98 | GCF_000006765.1_ASM676v1_genomic_NC_002516.2 NODE_15_length_338304_cov_174.734607
			  Gap between these two alignments (local misassembly). Inconsistency = -867
			Real Alignment 3: 1187274 1242668 | 61437 6041 | 55395 55397 | 99.41 | GCF_000006765.1_ASM676v1_genomic_NC_002516.2 NODE_15_length_338304_cov_174.734607
			  Extensive misassembly (relocation, inconsistency = -3505) between these two alignments
			Real Alignment 4: 1096940 1174198 | 155281 78018 | 77259 77264 | 98.94 | GCF_000006765.1_ASM676v1_genomic_NC_002516.2 NODE_15_length_338304_cov_174.734607
			  Extensive misassembly (relocation, inconsistency = -6821) between these two alignments
			Excluding internal overlap of size 22 between Alignment 5 and 6: 1069361 1096956 | 189662 162086 | 27596 27577 --> 1069383 1096956 | 189640 162086 | 27574 27555
			Real Alignment 5: 1069383 1096956 | 189640 162086 | 27574 27555 | 98.94 | GCF_000006765.1_ASM676v1_genomic_NC_002516.2 NODE_15_length_338304_cov_174.734607
			  Extensive misassembly (relocation, inconsistency = 8950) between these two alignments
			Real Alignment 6: 999717 1060432 | 250376 189641 | 60716 60736 | 99.47 | GCF_000006765.1_ASM676v1_genomic_NC_002516.2 NODE_15_length_338304_cov_174.734607
			  Extensive misassembly (relocation, inconsistency = -38971) between these two alignments
			Real Alignment 7: 950847 999724 | 338236 289340 | 48878 48897 | 99.51 | GCF_000006765.1_ASM676v1_genomic_NC_002516.2 NODE_15_length_338304_cov_174.734607
		Unaligned bases: 64509

CONTIG: NODE_16_length_320081_cov_195.973318 (320081bp)
Best alignment score: 116138.0 (LEN: 116792, IDY: 99.44), Total number of alignments: 4
			Looking for the best set of alignments (out of 4 total alignments)
		This contig has several significant sets of alignments. [An ambiguously mapped contig]
		Using only the very best set (option --ambiguity-usage is set to "one").
			The best set is below. Score: 299323.0, number of alignments: 4, unaligned bases: 18746
		This contig is misassembled.
		This contig is partially unaligned. (Aligned 301335 out of 320081 non-N bases (94.14%))
			Real Alignment 1: 5612277 5725080 | 2268 115071 | 112804 112804 | 99.41 | GCF_000006765.1_ASM676v1_genomic_NC_002516.2 NODE_16_length_320081_cov_195.973318
			  Gap between these two alignments (local misassembly). Inconsistency = -878
			Real Alignment 2: 5726104 5726611 | 116973 117480 | 508 508 | 90.55 | GCF_000006765.1_ASM676v1_genomic_NC_002516.2 NODE_16_length_320081_cov_195.973318
			  Gap between these two alignments (local misassembly). Inconsistency = 3
			Real Alignment 3: 5727409 5798637 | 118275 189505 | 71229 71231 | 99.48 | GCF_000006765.1_ASM676v1_genomic_NC_002516.2 NODE_16_length_320081_cov_195.973318
			  Extensive misassembly (relocation, inconsistency = -13827) between these two alignments
			Real Alignment 4: 5798591 5915365 | 203286 320077 | 116775 116792 | 99.44 | GCF_000006765.1_ASM676v1_genomic_NC_002516.2 NODE_16_length_320081_cov_195.973318
		Unaligned bases: 18746

CONTIG: NODE_20_length_268827_cov_223.564858 (268827bp)
Best alignment score: 96555.9 (LEN: 97217, IDY: 99.32), Total number of alignments: 6
			Looking for the best set of alignments (out of 6 total alignments)
			The best set is below. Score: 257910.4, number of alignments: 6, unaligned bases: 8842
		This contig is misassembled.
		This contig is partially unaligned. (Aligned 259985 out of 268827 non-N bases (96.71%))
			Real Alignment 1: 6045214 6090788 | 1 45564 | 45575 45564 | 99.52 | GCF_000006765.1_ASM676v1_genomic_NC_002516.2 NODE_20_length_268827_cov_223.564858
			  Gap between these two alignments (local misassembly). Inconsistency = 1
			Excluding internal overlap of size 125 between Alignment 2 and 3: 6187916 6209407 | 142788 164278 | 21492 21491 --> 6188042 6209407 | 142913 164278 | 21366 21366
			Real Alignment 2: 6090921 6188150 | 45696 142912 | 97230 97217 | 99.32 | GCF_000006765.1_ASM676v1_genomic_NC_002516.2 NODE_20_length_268827_cov_223.564858
			  Overlap between these two alignments (local misassembly). Inconsistency = -109
			Real Alignment 3: 6188042 6209407 | 142913 164278 | 21366 21366 | 99.38 | GCF_000006765.1_ASM676v1_genomic_NC_002516.2 NODE_20_length_268827_cov_223.564858
			  Extensive misassembly (relocation, inconsistency = -1215) between these two alignments
			Real Alignment 4: 6209481 6241499 | 165567 197555 | 32019 31989 | 99.28 | GCF_000006765.1_ASM676v1_genomic_NC_002516.2 NODE_20_length_268827_cov_223.564858
			  Extensive misassembly (relocation, inconsistency = -7151) between these two alignments
			Real Alignment 5: 6241772 6264404 | 204979 227611 | 22633 22633 | 99.51 | GCF_000006765.1_ASM676v1_genomic_NC_002516.2 NODE_20_length_268827_cov_223.564858
			  Not a misassembly [linear representation of circular genome] between these two alignments
			Real Alignment 6: 1 41215 | 227612 268827 | 41215 41216 | 99.58 | GCF_000006765.1_ASM676v1_genomic_NC_002516.2 NODE_20_length_268827_cov_223.564858
		Unaligned bases: 8842

CONTIG: NODE_22_length_257053_cov_202.124662 (257053bp)
Best alignment score: 191307.0 (LEN: 192365, IDY: 99.45), Total number of alignments: 2
			Looking for the best set of alignments (out of 2 total alignments)
			The best set is below. Score: 255213.4, number of alignments: 2, unaligned bases: 417
		This contig is misassembled.
			Real Alignment 1: 4858419 5050782 | 192621 257 | 192364 192365 | 99.45 | GCF_000006765.1_ASM676v1_genomic_NC_002516.2 NODE_22_length_257053_cov_202.124662
			  Gap between these two alignments (local misassembly). Inconsistency = -222
			Real Alignment 2: 4794219 4858479 | 257053 192783 | 64261 64271 | 99.47 | GCF_000006765.1_ASM676v1_genomic_NC_002516.2 NODE_22_length_257053_cov_202.124662

CONTIG: NODE_23_length_241135_cov_146.061175 (241135bp)
Best alignment score: 137009.8 (LEN: 137726, IDY: 99.48), Total number of alignments: 4
			Looking for the best set of alignments (out of 4 total alignments)
		This contig has several significant sets of alignments. [An ambiguously mapped contig]
		Using only the very best set (option --ambiguity-usage is set to "one").
			The best set is below. Score: 234682.9, number of alignments: 4, unaligned bases: 4390
		This contig is misassembled.
		This contig is partially unaligned. (Aligned 236745 out of 241135 non-N bases (98.18%))
			Real Alignment 1: 1495586 1496000 | 461 47 | 415 415 | 97.83 | GCF_000006765.1_ASM676v1_genomic_NC_002516.2 NODE_23_length_241135_cov_146.061175
			  Extensive misassembly (relocation, inconsistency = -1547) between these two alignments
			Real Alignment 2: 1489618 1495495 | 7948 2099 | 5878 5850 | 98.37 | GCF_000006765.1_ASM676v1_genomic_NC_002516.2 NODE_23_length_241135_cov_146.061175
			  Extensive misassembly (relocation, inconsistency = 5864) between these two alignments
			Real Alignment 3: 1343379 1481162 | 148265 10540 | 137784 137726 | 99.48 | GCF_000006765.1_ASM676v1_genomic_NC_002516.2 NODE_23_length_241135_cov_146.061175
			  Extensive misassembly (relocation, inconsistency = 2573) between these two alignments
			Real Alignment 4: 1247975 1340741 | 241083 148330 | 92767 92754 | 99.47 | GCF_000006765.1_ASM676v1_genomic_NC_002516.2 NODE_23_length_241135_cov_146.061175
		Unaligned bases: 4390

CONTIG: NODE_24_length_233610_cov_131.305590 (233610bp)
Best alignment score: 80752.0 (LEN: 81354, IDY: 99.26), Total number of alignments: 10
			Looking for the best set of alignments (out of 10 total alignments)
			Skipping redundant alignments after choosing the best set of alignments
		Skipping redundant alignment 2676607 2678116 | 95191 93682 | 1510 1510 | 97.75 | GCF_000006765.1_ASM676v1_genomic_NC_002516.2 NODE_24_length_233610_cov_131.305590
		This contig has several significant sets of alignments. [An ambiguously mapped contig]
		Using only the very best set (option --ambiguity-usage is set to "one").
			The best set is below. Score: 199586.3, number of alignments: 9, unaligned bases: 30379
		This contig is misassembled.
		This contig is partially unaligned. (Aligned 203231 out of 233610 non-N bases (87.00%))
			Real Alignment 1: 2723313 2757549 | 34253 1 | 34237 34253 | 99.19 | GCF_000006765.1_ASM676v1_genomic_NC_002516.2 NODE_24_length_233610_cov_131.305590
			  Gap between these two alignments (local misassembly). Inconsistency = -692
			Real Alignment 2: 2707666 2722710 | 50592 35548 | 15045 15045 | 99.36 | GCF_000006765.1_ASM676v1_genomic_NC_002516.2 NODE_24_length_233610_cov_131.305590
			  Extensive misassembly (relocation, inconsistency = -1003) between these two alignments
			Real Alignment 3: 2682632 2707184 | 76608 52077 | 24553 24532 | 98.42 | GCF_000006765.1_ASM676v1_genomic_NC_002516.2 NODE_24_length_233610_cov_131.305590
			  Extensive misassembly (relocation, inconsistency = 7623) between these two alignments
			Real Alignment 4: 2672266 2673484 | 79351 78133 | 1219 1219 | 90.08 | GCF_000006765.1_ASM676v1_genomic_NC_002516.2 NODE_24_length_233610_cov_131.305590
			  Extensive misassembly (relocation, inconsistency = -27762) between these two alignments
			Real Alignment 5: 2683966 2685697 | 95413 93682 | 1732 1732 | 95.42 | GCF_000006765.1_ASM676v1_genomic_NC_002516.2 NODE_24_length_233610_cov_131.305590
			  Extensive misassembly (relocation, inconsistency = 21218) between these two alignments
			Real Alignment 6: 2648321 2653057 | 109837 105104 | 4737 4734 | 92.78 | GCF_000006765.1_ASM676v1_genomic_NC_002516.2 NODE_24_length_233610_cov_131.305590
			  Gap between these two alignments (local misassembly). Inconsistency = -12
			Real Alignment 7: 2641521 2647640 | 116647 110530 | 6120 6118 | 96.97 | GCF_000006765.1_ASM676v1_genomic_NC_002516.2 NODE_24_length_233610_cov_131.305590
			  Gap between these two alignments (local misassembly). Inconsistency = 19
			Excluding internal overlap of size 101 between Alignment 8 and 9: 2522460 2556801 | 233610 199266 | 34342 34345 --> 2522460 2556700 | 233610 199367 | 34241 34244
			Real Alignment 8: 2558730 2640136 | 199366 118013 | 81407 81354 | 99.26 | GCF_000006765.1_ASM676v1_genomic_NC_002516.2 NODE_24_length_233610_cov_131.305590
			  Extensive misassembly (relocation, inconsistency = 2029) between these two alignments
			Real Alignment 9: 2522460 2556700 | 233610 199367 | 34241 34244 | 99.33 | GCF_000006765.1_ASM676v1_genomic_NC_002516.2 NODE_24_length_233610_cov_131.305590
		Unaligned bases: 30379

CONTIG: NODE_25_length_218990_cov_138.053838 (218990bp)
Best alignment score: 101192.1 (LEN: 101721, IDY: 99.48), Total number of alignments: 4
			Looking for the best set of alignments (out of 4 total alignments)
		This contig has several significant sets of alignments. [An ambiguously mapped contig]
		Using only the very best set (option --ambiguity-usage is set to "one").
			The best set is below. Score: 207699.7, number of alignments: 4, unaligned bases: 9626
		This contig is misassembled.
		This contig is partially unaligned. (Aligned 209364 out of 218990 non-N bases (95.60%))
			Real Alignment 1: 901468 950823 | 49396 45 | 49356 49352 | 99.58 | GCF_000006765.1_ASM676v1_genomic_NC_002516.2 NODE_25_length_218990_cov_138.053838
			  Extensive misassembly (relocation, inconsistency = 1177) between these two alignments
			Real Alignment 2: 794431 896139 | 155268 53548 | 101709 101721 | 99.48 | GCF_000006765.1_ASM676v1_genomic_NC_002516.2 NODE_25_length_218990_cov_138.053838
			  Extensive misassembly (relocation, inconsistency = 4045) between these two alignments
			Real Alignment 3: 789727 789916 | 155925 155738 | 190 188 | 92.15 | GCF_000006765.1_ASM676v1_genomic_NC_002516.2 NODE_25_length_218990_cov_138.053838
			  Gap between these two alignments (local misassembly). Inconsistency = -574
			Real Alignment 4: 727223 785338 | 218990 160888 | 58116 58103 | 99.33 | GCF_000006765.1_ASM676v1_genomic_NC_002516.2 NODE_25_length_218990_cov_138.053838
		Unaligned bases: 9626

CONTIG: NODE_27_length_204459_cov_169.704233 (204459bp)
Best alignment score: 93195.5 (LEN: 93598, IDY: 99.57), Total number of alignments: 5
			Looking for the best set of alignments (out of 5 total alignments)
			Skipping redundant alignments after choosing the best set of alignments
		Skipping redundant alignment 3778546 3778725 | 1127 948 | 180 180 | 98.89 | GCF_000006765.1_ASM676v1_genomic_NC_002516.2 NODE_27_length_204459_cov_169.704233
		Skipping redundant alignment 53846 54026 | 1312 1132 | 181 181 | 92.31 | GCF_000006765.1_ASM676v1_genomic_NC_002516.2 NODE_27_length_204459_cov_169.704233
		This contig has several significant sets of alignments. [An ambiguously mapped contig]
		Using only the very best set (option --ambiguity-usage is set to "one").
			The best set is below. Score: 199237.2, number of alignments: 3, unaligned bases: 4317
		This contig is misassembled.
		This contig is partially unaligned. (Aligned 200142 out of 204459 non-N bases (97.89%))
			Real Alignment 1: 3684539 3778172 | 96913 3316 | 93634 93598 | 99.57 | GCF_000006765.1_ASM676v1_genomic_NC_002516.2 NODE_27_length_204459_cov_169.704233
			  Gap between these two alignments (local misassembly). Inconsistency = 0
			Real Alignment 2: 3618636 3683575 | 162817 97877 | 64940 64941 | 99.43 | GCF_000006765.1_ASM676v1_genomic_NC_002516.2 NODE_27_length_204459_cov_169.704233
			  Gap between these two alignments (local misassembly). Inconsistency = -114
			Real Alignment 3: 3577114 3618710 | 204459 162857 | 41597 41603 | 99.74 | GCF_000006765.1_ASM676v1_genomic_NC_002516.2 NODE_27_length_204459_cov_169.704233
		Unaligned bases: 4317

CONTIG: NODE_28_length_188879_cov_189.535658 (188879bp)
Best alignment score: 160211.8 (LEN: 160936, IDY: 99.55), Total number of alignments: 2
			Looking for the best set of alignments (out of 2 total alignments)
			The best set is below. Score: 187653.9, number of alignments: 2, unaligned bases: 148
		This contig is misassembled.
			Real Alignment 1: 69537 230535 | 76 161011 | 160999 160936 | 99.55 | GCF_000006765.1_ASM676v1_genomic_NC_002516.2 NODE_28_length_188879_cov_189.535658
			  Extensive misassembly (relocation, inconsistency = 6586) between these two alignments
			Real Alignment 2: 237163 264940 | 161053 188847 | 27778 27795 | 99.63 | GCF_000006765.1_ASM676v1_genomic_NC_002516.2 NODE_28_length_188879_cov_189.535658

CONTIG: NODE_30_length_183671_cov_211.174032 (183671bp)
Best alignment score: 96222.0 (LEN: 96560, IDY: 99.65), Total number of alignments: 4
			Looking for the best set of alignments (out of 4 total alignments)
			The best set is below. Score: 182395.4, number of alignments: 4, unaligned bases: 0
		This contig is misassembled.
			Excluding internal overlap of size 1 between Alignment 1 and 2: 4474915 4502376 | 27463 1 | 27462 27463 --> 4474916 4502376 | 27462 1 | 27461 27462
			Real Alignment 1: 4474916 4502376 | 27462 1 | 27461 27462 | 99.65 | GCF_000006765.1_ASM676v1_genomic_NC_002516.2 NODE_30_length_183671_cov_211.174032
			  Extensive misassembly (relocation, inconsistency = 1372) between these two alignments
			Excluding internal overlap of size 231 between Alignment 2 and 3: 4333206 4376986 | 167566 123792 | 43781 43775 --> 4333206 4376753 | 167566 124023 | 43548 43544
			Real Alignment 2: 4377012 4473543 | 124022 27463 | 96532 96560 | 99.65 | GCF_000006765.1_ASM676v1_genomic_NC_002516.2 NODE_30_length_183671_cov_211.174032
			  Gap between these two alignments (local misassembly). Inconsistency = 258
			Excluding internal overlap of size 6 between Alignment 3 and 4: 4310765 4326875 | 183671 167561 | 16111 16111 --> 4310765 4326869 | 183671 167567 | 16105 16105
			Real Alignment 3: 4333206 4376753 | 167566 124023 | 43548 43544 | 99.53 | GCF_000006765.1_ASM676v1_genomic_NC_002516.2 NODE_30_length_183671_cov_211.174032
			  Extensive misassembly (relocation, inconsistency = 6336) between these two alignments
			Real Alignment 4: 4310765 4326869 | 183671 167567 | 16105 16105 | 99.47 | GCF_000006765.1_ASM676v1_genomic_NC_002516.2 NODE_30_length_183671_cov_211.174032

CONTIG: NODE_33_length_175450_cov_187.471690 (175450bp)
Best alignment score: 85771.6 (LEN: 86272, IDY: 99.42), Total number of alignments: 6
			Looking for the best set of alignments (out of 6 total alignments)
		This contig has several significant sets of alignments. [An ambiguously mapped contig]
		Using only the very best set (option --ambiguity-usage is set to "one").
			The best set is below. Score: 102215.2, number of alignments: 6, unaligned bases: 71467
		This contig is misassembled.
		This contig is partially unaligned. (Aligned 103983 out of 175450 non-N bases (59.27%))
			Real Alignment 1: 1065390 1065785 | 12677 12282 | 396 396 | 94.7 | GCF_000006765.1_ASM676v1_genomic_NC_002516.2 NODE_33_length_175450_cov_187.471690
			  Extensive misassembly (relocation, inconsistency = -43367) between these two alignments
			Real Alignment 2: 1064259 1065080 | 57174 56354 | 822 821 | 92.1 | GCF_000006765.1_ASM676v1_genomic_NC_002516.2 NODE_33_length_175450_cov_187.471690
			  Extensive misassembly (relocation, inconsistency = -3812) between these two alignments
			Real Alignment 3: 1062435 1064232 | 62812 61013 | 1798 1800 | 97.72 | GCF_000006765.1_ASM676v1_genomic_NC_002516.2 NODE_33_length_175450_cov_187.471690
			  Extensive misassembly (relocation, inconsistency = -10019) between these two alignments
			Excluding internal overlap of size 79 between Alignment 4 and 5: 1060354 1061197 | 74901 74069 | 844 833 --> 1060433 1061197 | 74822 74069 | 765 754
			Real Alignment 4: 1060433 1061197 | 74822 74069 | 765 754 | 92.79 | GCF_000006765.1_ASM676v1_genomic_NC_002516.2 NODE_33_length_175450_cov_187.471690
			  Extensive misassembly (relocation, inconsistency = 4025727) between these two alignments
			Real Alignment 5: 5086925 5100864 | 74823 88762 | 13940 13940 | 99.67 | GCF_000006765.1_ASM676v1_genomic_NC_002516.2 NODE_33_length_175450_cov_187.471690
			  Gap between these two alignments (local misassembly). Inconsistency = -15
			Real Alignment 6: 5101243 5187517 | 89156 175427 | 86275 86272 | 99.42 | GCF_000006765.1_ASM676v1_genomic_NC_002516.2 NODE_33_length_175450_cov_187.471690
		Unaligned bases: 71467

CONTIG: NODE_34_length_173536_cov_161.388832 (173536bp)
Best alignment score: 103292.6 (LEN: 103937, IDY: 99.38), Total number of alignments: 4
			Looking for the best set of alignments (out of 4 total alignments)
			The best set is below. Score: 166962.2, number of alignments: 4, unaligned bases: 5321
		This contig is misassembled.
		This contig is partially unaligned. (Aligned 168215 out of 173536 non-N bases (96.93%))
			Real Alignment 1: 4658362 4672822 | 14507 48 | 14461 14460 | 99.45 | GCF_000006765.1_ASM676v1_genomic_NC_002516.2 NODE_34_length_173536_cov_161.388832
			  Extensive misassembly (relocation, inconsistency = -5159) between these two alignments
			Excluding internal overlap of size 4 between Alignment 2 and 3: 4528680 4553812 | 148818 123715 | 25133 25104 --> 4528680 4553808 | 148818 123719 | 25129 25100
			Real Alignment 2: 4554322 4658246 | 123718 19782 | 103925 103937 | 99.38 | GCF_000006765.1_ASM676v1_genomic_NC_002516.2 NODE_34_length_173536_cov_161.388832
			  Gap between these two alignments (local misassembly). Inconsistency = 513
			Excluding internal overlap of size 80 between Alignment 3 and 4: 4503735 4528533 | 173536 148739 | 24799 24798 --> 4503735 4528453 | 173536 148819 | 24719 24718
			Real Alignment 3: 4528680 4553808 | 148818 123719 | 25129 25100 | 99.42 | GCF_000006765.1_ASM676v1_genomic_NC_002516.2 NODE_34_length_173536_cov_161.388832
			  Gap between these two alignments (local misassembly). Inconsistency = 226
			Real Alignment 4: 4503735 4528453 | 173536 148819 | 24719 24718 | 99.76 | GCF_000006765.1_ASM676v1_genomic_NC_002516.2 NODE_34_length_173536_cov_161.388832
		Unaligned bases: 5321

CONTIG: NODE_36_length_145236_cov_152.343172 (145236bp)
Best alignment score: 102391.1 (LEN: 102947, IDY: 99.46), Total number of alignments: 2
			Looking for the best set of alignments (out of 2 total alignments)
			The best set is below. Score: 143770.2, number of alignments: 2, unaligned bases: 573
		This contig is misassembled.
		This contig is partially unaligned. (Aligned 144663 out of 145236 non-N bases (99.61%))
			Real Alignment 1: 1600081 1641810 | 41716 1 | 41730 41716 | 99.25 | GCF_000006765.1_ASM676v1_genomic_NC_002516.2 NODE_36_length_145236_cov_152.343172
			  Gap between these two alignments (local misassembly). Inconsistency = 601
			Real Alignment 2: 1496003 1598962 | 145180 42234 | 102960 102947 | 99.46 | GCF_000006765.1_ASM676v1_genomic_NC_002516.2 NODE_36_length_145236_cov_152.343172
		Unaligned bases: 573

CONTIG: NODE_40_length_125107_cov_217.801019 (125107bp)
Best alignment score: 108359.2 (LEN: 108849, IDY: 99.55), Total number of alignments: 2
			Looking for the best set of alignments (out of 2 total alignments)
			The best set is below. Score: 118483.4, number of alignments: 2, unaligned bases: 5797
		This contig is misassembled.
		This contig is partially unaligned. (Aligned 119310 out of 125107 non-N bases (95.37%))
			Real Alignment 1: 5915471 5925966 | 1 10461 | 10496 10461 | 99.17 | GCF_000006765.1_ASM676v1_genomic_NC_002516.2 NODE_40_length_125107_cov_217.801019
			  Extensive misassembly (relocation, inconsistency = -1004) between these two alignments
			Real Alignment 2: 5930760 6039582 | 16259 125107 | 108823 108849 | 99.55 | GCF_000006765.1_ASM676v1_genomic_NC_002516.2 NODE_40_length_125107_cov_217.801019
		Unaligned bases: 5797

CONTIG: NODE_46_length_103684_cov_200.449469 (103684bp)
Best alignment score: 52371.8 (LEN: 52672, IDY: 99.43), Total number of alignments: 2
			Looking for the best set of alignments (out of 2 total alignments)
			The best set is below. Score: 74299.1, number of alignments: 2, unaligned bases: 28703
		This contig is misassembled.
		This contig is partially unaligned. (Aligned 74981 out of 103684 non-N bases (72.32%))
			Real Alignment 1: 5241836 5264145 | 22309 1 | 22310 22309 | 99.41 | GCF_000006765.1_ASM676v1_genomic_NC_002516.2 NODE_46_length_103684_cov_200.449469
			  Extensive misassembly (relocation, inconsistency = -28711) between these two alignments
			Real Alignment 2: 5189181 5241843 | 103684 51013 | 52663 52672 | 99.43 | GCF_000006765.1_ASM676v1_genomic_NC_002516.2 NODE_46_length_103684_cov_200.449469
		Unaligned bases: 28703

CONTIG: NODE_54_length_81823_cov_147.756665 (81823bp)
Best alignment score: 48634.0 (LEN: 48962, IDY: 99.33), Total number of alignments: 5
			Looking for the best set of alignments (out of 5 total alignments)
			Skipping redundant alignments after choosing the best set of alignments
		Skipping redundant alignment 3173533 3173652 | 120 1 | 120 120 | 100.0 | GCF_000006765.1_ASM676v1_genomic_NC_002516.2 NODE_54_length_81823_cov_147.756665
		Skipping redundant alignment 2118520 2118620 | 81723 81823 | 101 101 | 99.01 | GCF_000006765.1_ASM676v1_genomic_NC_002516.2 NODE_54_length_81823_cov_147.756665
		Skipping redundant alignment 1062334 1062434 | 81823 81723 | 101 101 | 97.03 | GCF_000006765.1_ASM676v1_genomic_NC_002516.2 NODE_54_length_81823_cov_147.756665
		This contig has several significant sets of alignments. [An ambiguously mapped contig]
		Using only the very best set (option --ambiguity-usage is set to "one").
			The best set is below. Score: 71238.1, number of alignments: 2, unaligned bases: 9776
		This contig is misassembled.
		This contig is partially unaligned. (Aligned 72047 out of 81823 non-N bases (88.05%))
			Real Alignment 1: 3148359 3171531 | 30084 7000 | 23173 23085 | 99.0 | GCF_000006765.1_ASM676v1_genomic_NC_002516.2 NODE_54_length_81823_cov_147.756665
			  Extensive misassembly (relocation, inconsistency = -2249) between these two alignments
			Real Alignment 2: 3099303 3148252 | 81401 32440 | 48950 48962 | 99.33 | GCF_000006765.1_ASM676v1_genomic_NC_002516.2 NODE_54_length_81823_cov_147.756665
		Unaligned bases: 9776

CONTIG: NODE_58_length_68627_cov_130.435513 (68627bp)
Best alignment score: 68162.5 (LEN: 68505, IDY: 99.50), Total number of alignments: 2
		Skipping these alignments as insignificant (option --ambiguity-score is set to "0.99"):
			Skipping alignment 4720069 4720241 | 123 295 | 173 173 | 98.27 | GCF_000006765.1_ASM676v1_genomic_NC_002516.2 NODE_58_length_68627_cov_130.435513
		One align captures most of this contig: 4720069 4788572 | 123 68627 | 68504 68505 | 99.5 | GCF_000006765.1_ASM676v1_genomic_NC_002516.2 NODE_58_length_68627_cov_130.435513

CONTIG: NODE_60_length_65668_cov_162.250118 (65668bp)
Best alignment score: 33839.7 (LEN: 34092, IDY: 99.26), Total number of alignments: 4
			Looking for the best set of alignments (out of 4 total alignments)
			Skipping redundant alignments after choosing the best set of alignments
		Skipping redundant alignment 2757424 2757549 | 126 1 | 126 126 | 98.41 | GCF_000006765.1_ASM676v1_genomic_NC_002516.2 NODE_60_length_65668_cov_162.250118
		Skipping redundant alignment 3841871 3842042 | 65496 65668 | 172 173 | 95.95 | GCF_000006765.1_ASM676v1_genomic_NC_002516.2 NODE_60_length_65668_cov_162.250118
		This contig has several significant sets of alignments. [An ambiguously mapped contig]
		Using only the very best set (option --ambiguity-usage is set to "one").
			The best set is below. Score: 62611.8, number of alignments: 2, unaligned bases: 2570
		This contig is misassembled.
		This contig is partially unaligned. (Aligned 63098 out of 65668 non-N bases (96.09%))
			Excluding internal overlap of size 8 between Alignment 1 and 2: 3812835 3841897 | 36611 65624 | 29063 29014 --> 3812843 3841897 | 36619 65624 | 29055 29006
			Real Alignment 1: 3778655 3812755 | 2527 36618 | 34101 34092 | 99.26 | GCF_000006765.1_ASM676v1_genomic_NC_002516.2 NODE_60_length_65668_cov_162.250118
			  Gap between these two alignments (local misassembly). Inconsistency = 87
			Real Alignment 2: 3812843 3841897 | 36619 65624 | 29055 29006 | 99.29 | GCF_000006765.1_ASM676v1_genomic_NC_002516.2 NODE_60_length_65668_cov_162.250118
		Unaligned bases: 2570

CONTIG: NODE_70_length_47795_cov_155.095329 (47795bp)
Best alignment score: 47281.0 (LEN: 47576, IDY: 99.38), Total number of alignments: 1
		One align captures most of this contig: 2122521 2170093 | 47576 1 | 47573 47576 | 99.38 | GCF_000006765.1_ASM676v1_genomic_NC_002516.2 NODE_70_length_47795_cov_155.095329

CONTIG: NODE_72_length_46768_cov_215.010982 (46768bp)
Best alignment score: 14304.5 (LEN: 14515, IDY: 98.55), Total number of alignments: 3
			Looking for the best set of alignments (out of 3 total alignments)
			The best set is below. Score: 30171.2, number of alignments: 3, unaligned bases: 16012
		This contig is misassembled.
		This contig is partially unaligned. (Aligned 30756 out of 46768 non-N bases (65.76%))
			Real Alignment 1: 5050782 5053630 | 61 2909 | 2849 2849 | 99.16 | GCF_000006765.1_ASM676v1_genomic_NC_002516.2 NODE_72_length_46768_cov_215.010982
			  Gap between these two alignments (local misassembly). Inconsistency = -39
			Real Alignment 2: 5055626 5069017 | 4944 18335 | 13392 13392 | 99.25 | GCF_000006765.1_ASM676v1_genomic_NC_002516.2 NODE_72_length_46768_cov_215.010982
			  Extensive misassembly (relocation, inconsistency = -1450) between these two alignments
			Real Alignment 3: 5072399 5086973 | 23167 37681 | 14575 14515 | 98.55 | GCF_000006765.1_ASM676v1_genomic_NC_002516.2 NODE_72_length_46768_cov_215.010982
		Unaligned bases: 16012

CONTIG: NODE_75_length_43298_cov_167.128460 (43298bp)
Best alignment score: 39307.8 (LEN: 39561, IDY: 99.36), Total number of alignments: 2
			Looking for the best set of alignments (out of 2 total alignments)
			Skipping redundant alignments after choosing the best set of alignments
		Skipping redundant alignment 4720114 4720232 | 46 164 | 119 119 | 96.64 | GCF_000006765.1_ASM676v1_genomic_NC_002516.2 NODE_75_length_43298_cov_167.128460
		This contig has several significant sets of alignments. [An ambiguously mapped contig]
		Using only the very best set (option --ambiguity-usage is set to "one").
			The best set is below. Score: 39307.8, number of alignments: 1, unaligned bases: 3737
		This contig is partially unaligned. (Aligned 39561 out of 43298 non-N bases (91.37%))
		Alignment: 2076964 2116525 | 433 39993 | 39562 39561 | 99.36 | GCF_000006765.1_ASM676v1_genomic_NC_002516.2 NODE_75_length_43298_cov_167.128460
		Unaligned bases: 1 to 432 (432)
		Unaligned bases: 39994 to 43298 (3305)

CONTIG: NODE_78_length_41594_cov_153.915790 (41594bp)
Best alignment score: 41324.6 (LEN: 41549, IDY: 99.46), Total number of alignments: 1
		One align captures most of this contig: 4672934 4714455 | 46 41594 | 41522 41549 | 99.46 | GCF_000006765.1_ASM676v1_genomic_NC_002516.2 NODE_78_length_41594_cov_153.915790

CONTIG: NODE_84_length_35106_cov_142.408890 (35106bp)
Best alignment score: 34929.8 (LEN: 35063, IDY: 99.62), Total number of alignments: 2
		Skipping these alignments as insignificant (option --ambiguity-score is set to "0.99"):
			Skipping alignment 2558197 2558266 | 1 70 | 70 70 | 100.0 | GCF_000006765.1_ASM676v1_genomic_NC_002516.2 NODE_84_length_35106_cov_142.408890
		One align captures most of this contig: 2486251 2521314 | 44 35106 | 35064 35063 | 99.62 | GCF_000006765.1_ASM676v1_genomic_NC_002516.2 NODE_84_length_35106_cov_142.408890

CONTIG: NODE_88_length_31789_cov_93.776517 (31789bp)
Best alignment score: 196.2 (LEN: 217, IDY: 90.41), Total number of alignments: 3
			Looking for the best set of alignments (out of 3 total alignments)
			Skipping redundant alignments after choosing the best set of alignments
		Skipping redundant alignment 789725 789916 | 20233 20422 | 192 190 | 90.62 | GCF_000006765.1_ASM676v1_genomic_NC_002516.2 NODE_88_length_31789_cov_93.776517
		Skipping redundant alignment 789725 789918 | 31529 31338 | 194 192 | 91.79 | GCF_000006765.1_ASM676v1_genomic_NC_002516.2 NODE_88_length_31789_cov_93.776517
			The best set is below. Score: 196.2, number of alignments: 1, unaligned bases: 31572
		This contig is partially unaligned. (Aligned 217 out of 31789 non-N bases (0.68%))
		Alignment: 789699 789917 | 16736 16952 | 219 217 | 90.41 | GCF_000006765.1_ASM676v1_genomic_NC_002516.2 NODE_88_length_31789_cov_93.776517
		Unaligned bases: 1 to 16735 (16735)
		Unaligned bases: 16953 to 31789 (14837)

CONTIG: NODE_91_length_30357_cov_214.152630 (30357bp)
Best alignment score: 21264.8 (LEN: 21391, IDY: 99.41), Total number of alignments: 2
			Looking for the best set of alignments (out of 2 total alignments)
			The best set is below. Score: 29520.0, number of alignments: 2, unaligned bases: 646
		This contig is misassembled.
		This contig is partially unaligned. (Aligned 29711 out of 30357 non-N bases (97.87%))
			Real Alignment 1: 286332 294646 | 8320 1 | 8315 8320 | 99.51 | GCF_000006765.1_ASM676v1_genomic_NC_002516.2 NODE_91_length_30357_cov_214.152630
			  Gap between these two alignments (local misassembly). Inconsistency = -505
			Real Alignment 2: 264842 286235 | 30312 8922 | 21394 21391 | 99.41 | GCF_000006765.1_ASM676v1_genomic_NC_002516.2 NODE_91_length_30357_cov_214.152630
		Unaligned bases: 646

CONTIG: NODE_95_length_27633_cov_148.790993 (27633bp)
Best alignment score: 26263.9 (LEN: 26372, IDY: 99.59), Total number of alignments: 3
			Looking for the best set of alignments (out of 3 total alignments)
			Skipping redundant alignments after choosing the best set of alignments
		Skipping redundant alignment 296756 297831 | 1 1076 | 1076 1076 | 99.26 | GCF_000006765.1_ASM676v1_genomic_NC_002516.2 NODE_95_length_27633_cov_148.790993
		This contig has several significant sets of alignments. [An ambiguously mapped contig]
		Using only the very best set (option --ambiguity-usage is set to "one").
			The best set is below. Score: 27329.9, number of alignments: 2, unaligned bases: 168
		This contig is misassembled.
			Real Alignment 1: 1643920 1645012 | 1 1093 | 1093 1093 | 99.73 | GCF_000006765.1_ASM676v1_genomic_NC_002516.2 NODE_95_length_27633_cov_148.790993
			  Gap between these two alignments (local misassembly). Inconsistency = -133
			Real Alignment 2: 1645024 1671394 | 1238 27609 | 26371 26372 | 99.59 | GCF_000006765.1_ASM676v1_genomic_NC_002516.2 NODE_95_length_27633_cov_148.790993

CONTIG: NODE_100_length_19727_cov_129.636743 (19727bp)
Best alignment score: 12505.2 (LEN: 12620, IDY: 99.09), Total number of alignments: 3
			Looking for the best set of alignments (out of 3 total alignments)
			The best set is below. Score: 17536.2, number of alignments: 3, unaligned bases: 1977
		This contig is misassembled.
		This contig is partially unaligned. (Aligned 17750 out of 19727 non-N bases (89.98%))
			Real Alignment 1: 48743 53082 | 1 4340 | 4340 4340 | 99.01 | GCF_000006765.1_ASM676v1_genomic_NC_002516.2 NODE_100_length_19727_cov_129.636743
			  Gap between these two alignments (local misassembly). Inconsistency = 101
			Real Alignment 2: 54050 54839 | 5207 5996 | 790 790 | 98.99 | GCF_000006765.1_ASM676v1_genomic_NC_002516.2 NODE_100_length_19727_cov_129.636743
			  Gap between these two alignments (local misassembly). Inconsistency = 258
			Real Alignment 3: 56084 68711 | 6983 19602 | 12628 12620 | 99.09 | GCF_000006765.1_ASM676v1_genomic_NC_002516.2 NODE_100_length_19727_cov_129.636743
		Unaligned bases: 1977

CONTIG: NODE_101_length_16809_cov_167.348633 (16809bp)
Best alignment score: 290.0 (LEN: 297, IDY: 97.64), Total number of alignments: 4
			Looking for the best set of alignments (out of 4 total alignments)
			Skipping redundant alignments after choosing the best set of alignments
		Skipping redundant alignment 2119459 2119755 | 15229 14933 | 297 297 | 97.31 | GCF_000006765.1_ASM676v1_genomic_NC_002516.2 NODE_101_length_16809_cov_167.348633
		Skipping redundant alignment 2119335 2119458 | 16809 16686 | 124 124 | 100.0 | GCF_000006765.1_ASM676v1_genomic_NC_002516.2 NODE_101_length_16809_cov_167.348633
		Skipping redundant alignment 1061496 1061619 | 16686 16809 | 124 124 | 100.0 | GCF_000006765.1_ASM676v1_genomic_NC_002516.2 NODE_101_length_16809_cov_167.348633
		This contig has several significant sets of alignments. [An ambiguously mapped contig]
		Using only the very best set (option --ambiguity-usage is set to "one").
			The best set is below. Score: 290.0, number of alignments: 1, unaligned bases: 16512
		This contig is partially unaligned. (Aligned 297 out of 16809 non-N bases (1.77%))
		Alignment: 1061199 1061495 | 14933 15229 | 297 297 | 97.64 | GCF_000006765.1_ASM676v1_genomic_NC_002516.2 NODE_101_length_16809_cov_167.348633
		Unaligned bases: 1 to 14932 (14932)
		Unaligned bases: 15230 to 16809 (1580)

CONTIG: NODE_106_length_11134_cov_87.820652 (11134bp)
Best alignment score: 3888.5 (LEN: 4010, IDY: 96.97), Total number of alignments: 4
			Looking for the best set of alignments (out of 4 total alignments)
			Skipping redundant alignments after choosing the best set of alignments
		Skipping redundant alignment 2760361 2760819 | 3025 3484 | 459 460 | 98.26 | GCF_000006765.1_ASM676v1_genomic_NC_002516.2 NODE_106_length_11134_cov_87.820652
			The best set is below. Score: 6332.5, number of alignments: 3, unaligned bases: 4343
		This contig is misassembled.
		This contig is partially unaligned. (Aligned 6791 out of 11134 non-N bases (60.99%))
			Real Alignment 1: 2761408 2762955 | 1699 3269 | 1548 1571 | 96.63 | GCF_000006765.1_ASM676v1_genomic_NC_002516.2 NODE_106_length_11134_cov_87.820652
			  Extensive misassembly (relocation, inconsistency = -4505) between these two alignments
			Real Alignment 2: 2759147 2760356 | 3966 5175 | 1210 1210 | 99.17 | GCF_000006765.1_ASM676v1_genomic_NC_002516.2 NODE_106_length_11134_cov_87.820652
			  Gap between these two alignments (local misassembly). Inconsistency = 975
			Real Alignment 3: 2762285 2766330 | 6129 10138 | 4046 4010 | 96.97 | GCF_000006765.1_ASM676v1_genomic_NC_002516.2 NODE_106_length_11134_cov_87.820652
		Unaligned bases: 4343

CONTIG: NODE_114_length_6513_cov_207.282595 (6513bp)
Best alignment score: 6473.3 (LEN: 6513, IDY: 99.39), Total number of alignments: 1
		One align captures most of this contig: 2770959 2777471 | 6513 1 | 6513 6513 | 99.39 | GCF_000006765.1_ASM676v1_genomic_NC_002516.2 NODE_114_length_6513_cov_207.282595

CONTIG: NODE_116_length_5696_cov_430.674880 (5696bp)
Best alignment score: 5633.9 (LEN: 5696, IDY: 98.91), Total number of alignments: 4
		This contig has 4 significant alignments. [An ambiguously mapped contig]
		Using only first of these alignment (option --ambiguity-usage is set to "one"):
			Alignment: 6039575 6045268 | 5696 1 | 5694 5696 | 98.91 | GCF_000006765.1_ASM676v1_genomic_NC_002516.2 NODE_116_length_5696_cov_430.674880
			Skipping alignment 5264091 5269784 | 5696 1 | 5694 5696 | 98.9 | GCF_000006765.1_ASM676v1_genomic_NC_002516.2 NODE_116_length_5696_cov_430.674880
			Skipping alignment 721572 727265 | 1 5696 | 5694 5696 | 98.9 | GCF_000006765.1_ASM676v1_genomic_NC_002516.2 NODE_116_length_5696_cov_430.674880
			Skipping alignment 4788565 4794256 | 5696 1 | 5692 5696 | 98.86 | GCF_000006765.1_ASM676v1_genomic_NC_002516.2 NODE_116_length_5696_cov_430.674880

CONTIG: NODE_117_length_5687_cov_246.115234 (5687bp)
Best alignment score: 5643.2 (LEN: 5687, IDY: 99.23), Total number of alignments: 2
		This contig has 2 significant alignments. [An ambiguously mapped contig]
		Using only first of these alignment (option --ambiguity-usage is set to "one"):
			Alignment: 4714401 4720087 | 1 5687 | 5687 5687 | 99.23 | GCF_000006765.1_ASM676v1_genomic_NC_002516.2 NODE_117_length_5687_cov_246.115234
			Skipping alignment 2071296 2076982 | 1 5687 | 5687 5687 | 98.73 | GCF_000006765.1_ASM676v1_genomic_NC_002516.2 NODE_117_length_5687_cov_246.115234

CONTIG: NODE_124_length_3727_cov_322.388344 (3727bp)
Best alignment score: 3681.1 (LEN: 3722, IDY: 98.90), Total number of alignments: 2
		This contig has 2 significant alignments. [An ambiguously mapped contig]
		Using only first of these alignment (option --ambiguity-usage is set to "one"):
			Alignment: 45071 48792 | 1 3722 | 3722 3722 | 98.9 | GCF_000006765.1_ASM676v1_genomic_NC_002516.2 NODE_124_length_3727_cov_322.388344
			Skipping alignment 2767292 2771013 | 3722 1 | 3722 3722 | 98.76 | GCF_000006765.1_ASM676v1_genomic_NC_002516.2 NODE_124_length_3727_cov_322.388344

CONTIG: NODE_129_length_3141_cov_300.832145 (3141bp)
Best alignment score: 3119.0 (LEN: 3141, IDY: 99.30), Total number of alignments: 2
		This contig has 2 significant alignments. [An ambiguously mapped contig]
		Using only first of these alignment (option --ambiguity-usage is set to "one"):
			Alignment: 41161 44301 | 1 3141 | 3141 3141 | 99.3 | GCF_000006765.1_ASM676v1_genomic_NC_002516.2 NODE_129_length_3141_cov_300.832145
			Skipping alignment 2777417 2780557 | 3141 1 | 3141 3141 | 99.27 | GCF_000006765.1_ASM676v1_genomic_NC_002516.2 NODE_129_length_3141_cov_300.832145

CONTIG: NODE_131_length_2682_cov_126.204035 (2682bp)
Best alignment score: 1625.1 (LEN: 1651, IDY: 98.43), Total number of alignments: 1
			Looking for the best set of alignments (out of 1 total alignments)
			The best set is below. Score: 1625.1, number of alignments: 1, unaligned bases: 1031
		This contig is partially unaligned. (Aligned 1651 out of 2682 non-N bases (61.56%))
		Alignment: 2757495 2759146 | 1 1651 | 1652 1651 | 98.43 | GCF_000006765.1_ASM676v1_genomic_NC_002516.2 NODE_131_length_2682_cov_126.204035
		Unaligned bases: 1652 to 2682 (1031)

CONTIG: NODE_134_length_2219_cov_286.564233 (2219bp)
Best alignment score: 2201.0 (LEN: 2219, IDY: 99.19), Total number of alignments: 2
		This contig has 2 significant alignments. [An ambiguously mapped contig]
		Using only first of these alignment (option --ambiguity-usage is set to "one"):
			Alignment: 1641756 1643974 | 1 2219 | 2219 2219 | 99.19 | GCF_000006765.1_ASM676v1_genomic_NC_002516.2 NODE_134_length_2219_cov_286.564233
			Skipping alignment 294592 296810 | 1 2219 | 2219 2219 | 99.1 | GCF_000006765.1_ASM676v1_genomic_NC_002516.2 NODE_134_length_2219_cov_286.564233

CONTIG: NODE_140_length_1468_cov_446.840764 (1468bp)
Best alignment score: 1463.0 (LEN: 1468, IDY: 99.66), Total number of alignments: 2
		This contig has 2 significant alignments. [An ambiguously mapped contig]
		Using only first of these alignment (option --ambiguity-usage is set to "one"):
			Alignment: 2170039 2171506 | 1 1468 | 1468 1468 | 99.66 | GCF_000006765.1_ASM676v1_genomic_NC_002516.2 NODE_140_length_1468_cov_446.840764
			Skipping alignment 4502322 4503789 | 1 1468 | 1468 1468 | 99.46 | GCF_000006765.1_ASM676v1_genomic_NC_002516.2 NODE_140_length_1468_cov_446.840764

CONTIG: NODE_141_length_1379_cov_1437.719033 (1379bp)
Best alignment score: 1376.0 (LEN: 1379, IDY: 99.78), Total number of alignments: 6
		This contig has 6 significant alignments. [An ambiguously mapped contig]
		Using only first of these alignment (option --ambiguity-usage is set to "one"):
			Alignment: 5382519 5383897 | 1379 1 | 1379 1379 | 99.78 | GCF_000006765.1_ASM676v1_genomic_NC_002516.2 NODE_141_length_1379_cov_1437.719033
			Skipping alignment 499827 501205 | 1379 1 | 1379 1379 | 99.78 | GCF_000006765.1_ASM676v1_genomic_NC_002516.2 NODE_141_length_1379_cov_1437.719033
			Skipping alignment 3043473 3044851 | 1379 1 | 1379 1379 | 99.78 | GCF_000006765.1_ASM676v1_genomic_NC_002516.2 NODE_141_length_1379_cov_1437.719033
			Skipping alignment 2556863 2558241 | 1 1379 | 1379 1379 | 99.78 | GCF_000006765.1_ASM676v1_genomic_NC_002516.2 NODE_141_length_1379_cov_1437.719033
			Skipping alignment 4473538 4474916 | 1 1379 | 1379 1379 | 99.78 | GCF_000006765.1_ASM676v1_genomic_NC_002516.2 NODE_141_length_1379_cov_1437.719033
			Skipping alignment 3841997 3843375 | 1379 1 | 1379 1379 | 99.78 | GCF_000006765.1_ASM676v1_genomic_NC_002516.2 NODE_141_length_1379_cov_1437.719033

CONTIG: NODE_144_length_1255_cov_275.635000 (1255bp)
Best alignment score: 1252.0 (LEN: 1255, IDY: 99.76), Total number of alignments: 2
		This contig has 2 significant alignments. [An ambiguously mapped contig]
		Using only first of these alignment (option --ambiguity-usage is set to "one"):
			Alignment: 3575914 3577168 | 1255 1 | 1255 1255 | 99.76 | GCF_000006765.1_ASM676v1_genomic_NC_002516.2 NODE_144_length_1255_cov_275.635000
			Skipping alignment 2521260 2522514 | 1255 1 | 1255 1255 | 99.68 | GCF_000006765.1_ASM676v1_genomic_NC_002516.2 NODE_144_length_1255_cov_275.635000

CONTIG: NODE_152_length_904_cov_379.345112 (904bp)
Best alignment score: 897.0 (LEN: 904, IDY: 99.23), Total number of alignments: 1
		One align captures most of this contig: 4309916 4310819 | 904 1 | 904 904 | 99.23 | GCF_000006765.1_ASM676v1_genomic_NC_002516.2 NODE_152_length_904_cov_379.345112

CONTIG: NODE_153_length_879_cov_134.141990 (879bp)
Best alignment score: 873.0 (LEN: 879, IDY: 99.32), Total number of alignments: 1
		One align captures most of this contig: 44247 45125 | 1 879 | 879 879 | 99.32 | GCF_000006765.1_ASM676v1_genomic_NC_002516.2 NODE_153_length_879_cov_134.141990

CONTIG: NODE_154_length_824_cov_782.395319 (824bp)
Best alignment score: 815.0 (LEN: 824, IDY: 98.91), Total number of alignments: 2
		Skipping these alignments as insignificant (option --ambiguity-score is set to "0.99"):
			Skipping alignment 1061565 1062388 | 824 1 | 824 824 | 96.97 | GCF_000006765.1_ASM676v1_genomic_NC_002516.2 NODE_154_length_824_cov_782.395319
		One align captures most of this contig: 2118566 2119389 | 1 824 | 824 824 | 98.91 | GCF_000006765.1_ASM676v1_genomic_NC_002516.2 NODE_154_length_824_cov_782.395319

Analyzing coverage...
Writing SNPs into /home/modesto/data/freeDNA/quast_results/results_2022_03_10_13_57_32/runs_per_reference/GCF_000006765.1_ASM676v1_genomic/contigs_reports/minimap_output/piMDA-D_2.used_snps.gz

Analysis is finished!
Founded SNPs were written into /home/modesto/data/freeDNA/quast_results/results_2022_03_10_13_57_32/runs_per_reference/GCF_000006765.1_ASM676v1_genomic/contigs_reports/minimap_output/piMDA-D_2.used_snps.gz

Results:
	Local Misassemblies: 41
	Misassemblies: 49
		Relocations: 49
		Translocations: 0
		Inversions: 0
	Scaffold gap extensive misassemblies: 0
	Scaffold gap local misassemblies: 0
	Misassembled Contigs: 21
	Misassembled Contig Bases: 5082348
	Misassemblies Inter-Contig Overlap ("Extra" Aligned Bases): 0
Unaligned Contigs: 0 + 27 part
Half Unaligned Contigs with Misassemblies: 0
Unaligned Bases in Fully and Partially Unaligned Contigs: 547719

Ambiguously Mapped Contigs: 24
Total Bases in Ambiguously Mapped Contigs: 3627816
"Extra" Aligned Bases in Ambiguously Mapped Contigs: 0
Note that --allow-ambiguity option was set to "one" and only first alignment per each of these contigs was used (there is no "extra" aligned bases).

	Covered Bases in Reference: 5998362
	Raw Aligned Bases in Assembly: 6004547
	Total Aligned Bases in Assembly (with "Extras"): 6004547

	SNPs: 30458
	Insertions: 1419
	Deletions: 1955

