Aligning contigs to reference...
	Aligning contigs to the reference
Filtering alignments...
Parsing coords...
Loading reference...
	Loaded [GCF_000006765.1_ASM676v1_genomic_NC_002516.2]
	Total Regions: 1
	Total Region Length: 6264404
Analyzing contigs...
CONTIG: NODE_6_length_459318_cov_175.679441 (459318bp)
Best alignment score: 196896.8 (LEN: 197767, IDY: 99.56), Total number of alignments: 7
			Looking for the best set of alignments (out of 7 total alignments)
			The best set is below. Score: 433307.8, number of alignments: 7, unaligned bases: 22853
		This contig is misassembled.
		This contig is partially unaligned. (Aligned 436465 out of 459318 non-N bases (95.02%))
			Real Alignment 1: 3118691 3148252 | 56 29630 | 29562 29575 | 99.39 | GCF_000006765.1_ASM676v1_genomic_NC_002516.2 NODE_6_length_459318_cov_175.679441
			  Extensive misassembly (relocation, inconsistency = -2249) between these two alignments
			Real Alignment 2: 3148359 3171531 | 31986 55070 | 23173 23085 | 99.0 | GCF_000006765.1_ASM676v1_genomic_NC_002516.2 NODE_6_length_459318_cov_175.679441
			  Extensive misassembly (relocation, inconsistency = -4878) between these two alignments
			Real Alignment 3: 3173533 3371295 | 61950 259716 | 197763 197767 | 99.56 | GCF_000006765.1_ASM676v1_genomic_NC_002516.2 NODE_6_length_459318_cov_175.679441
			  Extensive misassembly (relocation, inconsistency = -2047) between these two alignments
			Real Alignment 4: 3369249 3408221 | 259717 298689 | 38973 38973 | 99.54 | GCF_000006765.1_ASM676v1_genomic_NC_002516.2 NODE_6_length_459318_cov_175.679441
			  Overlap between these two alignments (local misassembly). Inconsistency = -723
			Excluding internal overlap of size 82 between Alignment 5 and 6: 3475648 3526477 | 366650 417480 | 50830 50831 --> 3475730 3526477 | 366732 417480 | 50748 50749
			Real Alignment 5: 3407499 3475538 | 298690 366731 | 68040 68042 | 99.57 | GCF_000006765.1_ASM676v1_genomic_NC_002516.2 NODE_6_length_459318_cov_175.679441
			  Gap between these two alignments (local misassembly). Inconsistency = 191
			Real Alignment 6: 3475730 3526477 | 366732 417480 | 50748 50749 | 99.58 | GCF_000006765.1_ASM676v1_genomic_NC_002516.2 NODE_6_length_459318_cov_175.679441
			  Extensive misassembly (relocation, inconsistency = 7647) between these two alignments
			Real Alignment 7: 3547689 3575968 | 431045 459318 | 28280 28274 | 99.58 | GCF_000006765.1_ASM676v1_genomic_NC_002516.2 NODE_6_length_459318_cov_175.679441
		Unaligned bases: 22853

CONTIG: NODE_8_length_453819_cov_168.292731 (453819bp)
Best alignment score: 215718.7 (LEN: 216585, IDY: 99.60), Total number of alignments: 9
			Looking for the best set of alignments (out of 9 total alignments)
		This contig has several significant sets of alignments. [An ambiguously mapped contig]
		Using only the very best set (option --ambiguity-usage is set to "one").
			The best set is below. Score: 439453.5, number of alignments: 9, unaligned bases: 11133
		This contig is misassembled.
		This contig is partially unaligned. (Aligned 442686 out of 453819 non-N bases (97.55%))
			Real Alignment 1: 4281739 4309970 | 28234 1 | 28232 28234 | 99.32 | GCF_000006765.1_ASM676v1_genomic_NC_002516.2 NODE_8_length_453819_cov_168.292731
			  Extensive misassembly (relocation, inconsistency = -3996) between these two alignments
			Real Alignment 2: 4225664 4281752 | 88304 32217 | 56089 56088 | 99.6 | GCF_000006765.1_ASM676v1_genomic_NC_002516.2 NODE_8_length_453819_cov_168.292731
			  Extensive misassembly (relocation, inconsistency = -6835) between these two alignments
			Excluding internal overlap of size 203 between Alignment 3 and 4: 3948002 4008924 | 372542 311632 | 60923 60911 --> 3948002 4008732 | 372542 311835 | 60731 60708
			Real Alignment 3: 4008951 4225553 | 311834 95250 | 216603 216585 | 99.6 | GCF_000006765.1_ASM676v1_genomic_NC_002516.2 NODE_8_length_453819_cov_168.292731
			  Gap between these two alignments (local misassembly). Inconsistency = 218
			Excluding internal overlap of size 2 between Alignment 4 and 5: 3930743 3948572 | 390353 372541 | 17830 17813 --> 3930743 3948570 | 390353 372543 | 17828 17811
			Real Alignment 4: 3948002 4008732 | 372542 311835 | 60731 60708 | 99.58 | GCF_000006765.1_ASM676v1_genomic_NC_002516.2 NODE_8_length_453819_cov_168.292731
			  Overlap between these two alignments (local misassembly). Inconsistency = -569
			Real Alignment 5: 3930743 3948570 | 390353 372543 | 17828 17811 | 99.51 | GCF_000006765.1_ASM676v1_genomic_NC_002516.2 NODE_8_length_453819_cov_168.292731
			  Extensive misassembly (relocation, inconsistency = 16488) between these two alignments
			Real Alignment 6: 3907188 3914108 | 397413 390500 | 6921 6914 | 99.57 | GCF_000006765.1_ASM676v1_genomic_NC_002516.2 NODE_8_length_453819_cov_168.292731
			  Extensive misassembly (relocation, inconsistency = 7193) between these two alignments
			Excluding internal overlap of size 642 between Alignment 7 and 8: 3873988 3899934 | 423397 397474 | 25947 25924 --> 3874646 3899934 | 422755 397474 | 25289 25282
			Real Alignment 7: 3874646 3899934 | 422755 397474 | 25289 25282 | 99.42 | GCF_000006765.1_ASM676v1_genomic_NC_002516.2 NODE_8_length_453819_cov_168.292731
			  Gap between these two alignments (local misassembly). Inconsistency = 114
			Excluding internal overlap of size 39 between Alignment 8 and 9: 3843323 3843435 | 453819 453707 | 113 113 --> 3843323 3843396 | 453819 453746 | 74 74
			Real Alignment 8: 3843599 3874531 | 453745 422756 | 30933 30990 | 99.15 | GCF_000006765.1_ASM676v1_genomic_NC_002516.2 NODE_8_length_453819_cov_168.292731
			  Gap between these two alignments (local misassembly). Inconsistency = 202
			Real Alignment 9: 3843323 3843396 | 453819 453746 | 74 74 | 95.58 | GCF_000006765.1_ASM676v1_genomic_NC_002516.2 NODE_8_length_453819_cov_168.292731
		Unaligned bases: 11133

CONTIG: NODE_9_length_401563_cov_185.095971 (401563bp)
Best alignment score: 209797.1 (LEN: 211106, IDY: 99.38), Total number of alignments: 4
			Looking for the best set of alignments (out of 4 total alignments)
			The best set is below. Score: 398695.7, number of alignments: 4, unaligned bases: 59
		This contig is misassembled.
			Real Alignment 1: 1671364 1882541 | 25 211130 | 211178 211106 | 99.38 | GCF_000006765.1_ASM676v1_genomic_NC_002516.2 NODE_9_length_401563_cov_185.095971
			  Gap between these two alignments (local misassembly). Inconsistency = -121
			Real Alignment 2: 1882456 1888867 | 211166 217588 | 6412 6423 | 98.88 | GCF_000006765.1_ASM676v1_genomic_NC_002516.2 NODE_9_length_401563_cov_185.095971
			  Overlap between these two alignments (local misassembly). Inconsistency = -736
			Excluding internal overlap of size 1383 between Alignment 3 and 4: 2040010 2071350 | 370223 401563 | 31341 31341 --> 2041393 2071350 | 371606 401563 | 29958 29958
			Real Alignment 3: 1888132 2042130 | 217589 371605 | 153999 154017 | 99.4 | GCF_000006765.1_ASM676v1_genomic_NC_002516.2 NODE_9_length_401563_cov_185.095971
			  Overlap between these two alignments (local misassembly). Inconsistency = -738
			Real Alignment 4: 2041393 2071350 | 371606 401563 | 29958 29958 | 98.64 | GCF_000006765.1_ASM676v1_genomic_NC_002516.2 NODE_9_length_401563_cov_185.095971

CONTIG: NODE_11_length_346684_cov_155.370168 (346684bp)
Best alignment score: 120085.4 (LEN: 120701, IDY: 99.49), Total number of alignments: 10
			Looking for the best set of alignments (out of 10 total alignments)
			Skipping redundant alignments after choosing the best set of alignments
		Skipping redundant alignment 2705339 2705423 | 211105 211021 | 85 85 | 98.82 | GCF_000006765.1_ASM676v1_genomic_NC_002516.2 NODE_11_length_346684_cov_155.370168
		Skipping redundant alignment 3874252 3874340 | 211110 211022 | 89 89 | 97.75 | GCF_000006765.1_ASM676v1_genomic_NC_002516.2 NODE_11_length_346684_cov_155.370168
		This contig has several significant sets of alignments. [An ambiguously mapped contig]
		Using only the very best set (option --ambiguity-usage is set to "one").
			The best set is below. Score: 290431.9, number of alignments: 8, unaligned bases: 53160
		This contig is misassembled.
		This contig is partially unaligned. (Aligned 293524 out of 346684 non-N bases (84.67%))
			Real Alignment 1: 2451596 2486242 | 34707 56 | 34647 34652 | 99.5 | GCF_000006765.1_ASM676v1_genomic_NC_002516.2 NODE_11_length_346684_cov_155.370168
			  Extensive misassembly (relocation, inconsistency = 2722298) between these two alignments
			Real Alignment 2: 5260377 5263232 | 86544 89399 | 2856 2856 | 94.76 | GCF_000006765.1_ASM676v1_genomic_NC_002516.2 NODE_11_length_346684_cov_155.370168
			  Extensive misassembly (relocation, inconsistency = 2820687) between these two alignments
			Real Alignment 3: 2318223 2438984 | 210805 90105 | 120762 120701 | 99.49 | GCF_000006765.1_ASM676v1_genomic_NC_002516.2 NODE_11_length_346684_cov_155.370168
			  Extensive misassembly (relocation, inconsistency = 6707) between these two alignments
			Real Alignment 4: 2279853 2311107 | 242466 211214 | 31255 31253 | 99.43 | GCF_000006765.1_ASM676v1_genomic_NC_002516.2 NODE_11_length_346684_cov_155.370168
			  Gap between these two alignments (local misassembly). Inconsistency = 310
			Real Alignment 5: 2279379 2279535 | 242630 242474 | 157 157 | 98.09 | GCF_000006765.1_ASM676v1_genomic_NC_002516.2 NODE_11_length_346684_cov_155.370168
			  Extensive misassembly (relocation, inconsistency = 1880) between these two alignments
			Real Alignment 6: 2229137 2277496 | 291022 242633 | 48360 48390 | 99.1 | GCF_000006765.1_ASM676v1_genomic_NC_002516.2 NODE_11_length_346684_cov_155.370168
			  Extensive misassembly (relocation, inconsistency = 2742) between these two alignments
			Real Alignment 7: 2217336 2226247 | 300081 291170 | 8912 8912 | 99.42 | GCF_000006765.1_ASM676v1_genomic_NC_002516.2 NODE_11_length_346684_cov_155.370168
			  Overlap between these two alignments (local misassembly). Inconsistency = -704
			Real Alignment 8: 2171452 2218039 | 346684 300082 | 46588 46603 | 99.6 | GCF_000006765.1_ASM676v1_genomic_NC_002516.2 NODE_11_length_346684_cov_155.370168
		Unaligned bases: 53160

CONTIG: NODE_12_length_341645_cov_184.151052 (341645bp)
Best alignment score: 156307.2 (LEN: 156998, IDY: 99.56), Total number of alignments: 5
			Looking for the best set of alignments (out of 5 total alignments)
			The best set is below. Score: 339566.0, number of alignments: 5, unaligned bases: 250
		This contig is misassembled.
			Excluding internal overlap of size 4 between Alignment 1 and 2: 5320425 5361339 | 51308 92219 | 40915 40912 --> 5320429 5361339 | 51312 92219 | 40911 40908
			Real Alignment 1: 5269747 5321058 | 1 51311 | 51312 51311 | 99.54 | GCF_000006765.1_ASM676v1_genomic_NC_002516.2 NODE_12_length_341645_cov_184.151052
			  Overlap between these two alignments (local misassembly). Inconsistency = -630
			Excluding internal overlap of size 87 between Alignment 2 and 3: 5361354 5382520 | 92133 113262 | 21167 21130 --> 5361441 5382520 | 92220 113262 | 21080 21043
			Real Alignment 2: 5320429 5361339 | 51312 92219 | 40911 40908 | 99.62 | GCF_000006765.1_ASM676v1_genomic_NC_002516.2 NODE_12_length_341645_cov_184.151052
			  Gap between these two alignments (local misassembly). Inconsistency = 101
			Excluding internal overlap of size 1 between Alignment 3 and 4: 5361441 5382520 | 92220 113262 | 21080 21043 --> 5361441 5382519 | 92220 113261 | 21079 21042
			Real Alignment 3: 5361441 5382519 | 92220 113261 | 21079 21042 | 99.54 | GCF_000006765.1_ASM676v1_genomic_NC_002516.2 NODE_12_length_341645_cov_184.151052
			  Extensive misassembly (relocation, inconsistency = 1372) between these two alignments
			Excluding internal overlap of size 96 between Alignment 4 and 5: 5383892 5455107 | 113262 184493 | 71216 71232 --> 5383892 5455011 | 113262 184397 | 71120 71136
			Real Alignment 4: 5383892 5455011 | 113262 184397 | 71120 71136 | 99.61 | GCF_000006765.1_ASM676v1_genomic_NC_002516.2 NODE_12_length_341645_cov_184.151052
			  Gap between these two alignments (local misassembly). Inconsistency = 212
			Real Alignment 5: 5455224 5612211 | 184398 341395 | 156988 156998 | 99.56 | GCF_000006765.1_ASM676v1_genomic_NC_002516.2 NODE_12_length_341645_cov_184.151052

CONTIG: NODE_13_length_320081_cov_228.324255 (320081bp)
Best alignment score: 116138.0 (LEN: 116792, IDY: 99.44), Total number of alignments: 4
			Looking for the best set of alignments (out of 4 total alignments)
		This contig has several significant sets of alignments. [An ambiguously mapped contig]
		Using only the very best set (option --ambiguity-usage is set to "one").
			The best set is below. Score: 299323.0, number of alignments: 4, unaligned bases: 18746
		This contig is misassembled.
		This contig is partially unaligned. (Aligned 301335 out of 320081 non-N bases (94.14%))
			Real Alignment 1: 5612277 5725080 | 2268 115071 | 112804 112804 | 99.41 | GCF_000006765.1_ASM676v1_genomic_NC_002516.2 NODE_13_length_320081_cov_228.324255
			  Gap between these two alignments (local misassembly). Inconsistency = -878
			Real Alignment 2: 5726104 5726611 | 116973 117480 | 508 508 | 90.55 | GCF_000006765.1_ASM676v1_genomic_NC_002516.2 NODE_13_length_320081_cov_228.324255
			  Gap between these two alignments (local misassembly). Inconsistency = 3
			Real Alignment 3: 5727409 5798637 | 118275 189505 | 71229 71231 | 99.48 | GCF_000006765.1_ASM676v1_genomic_NC_002516.2 NODE_13_length_320081_cov_228.324255
			  Extensive misassembly (relocation, inconsistency = -13827) between these two alignments
			Real Alignment 4: 5798591 5915365 | 203286 320077 | 116775 116792 | 99.44 | GCF_000006765.1_ASM676v1_genomic_NC_002516.2 NODE_13_length_320081_cov_228.324255
		Unaligned bases: 18746

CONTIG: NODE_15_length_293427_cov_232.271192 (293427bp)
Best alignment score: 95480.8 (LEN: 95845, IDY: 99.62), Total number of alignments: 7
			Looking for the best set of alignments (out of 7 total alignments)
			Skipping redundant alignments after choosing the best set of alignments
		Skipping redundant alignment 688102 688200 | 188063 188161 | 99 99 | 94.95 | GCF_000006765.1_ASM676v1_genomic_NC_002516.2 NODE_15_length_293427_cov_232.271192
		This contig has several significant sets of alignments. [An ambiguously mapped contig]
		Using only the very best set (option --ambiguity-usage is set to "one").
			The best set is below. Score: 208508.8, number of alignments: 6, unaligned bases: 83150
		This contig is misassembled.
		This contig is partially unaligned. (Aligned 210277 out of 293427 non-N bases (71.66%))
			Real Alignment 1: 3087873 3088130 | 1006 749 | 258 258 | 97.29 | GCF_000006765.1_ASM676v1_genomic_NC_002516.2 NODE_15_length_293427_cov_232.271192
			  Gap between these two alignments (local misassembly). Inconsistency = 157
			Excluding internal overlap of size 1 between Alignment 2 and 3: 3044846 3087636 | 43928 1086 | 42791 42843 --> 3044847 3087636 | 43927 1086 | 42790 42842
			Real Alignment 2: 3044847 3087636 | 43927 1086 | 42790 42842 | 99.33 | GCF_000006765.1_ASM676v1_genomic_NC_002516.2 NODE_15_length_293427_cov_232.271192
			  Extensive misassembly (relocation, inconsistency = 1372) between these two alignments
			Real Alignment 3: 2947618 3043474 | 139772 43928 | 95857 95845 | 99.62 | GCF_000006765.1_ASM676v1_genomic_NC_002516.2 NODE_15_length_293427_cov_232.271192
			  Extensive misassembly (relocation, inconsistency = -50494) between these two alignments
			Real Alignment 4: 2936477 2947641 | 201407 190243 | 11165 11165 | 99.71 | GCF_000006765.1_ASM676v1_genomic_NC_002516.2 NODE_15_length_293427_cov_232.271192
			  Extensive misassembly (relocation, inconsistency = -31747) between these two alignments
			Real Alignment 5: 2915038 2936423 | 254594 233208 | 21386 21387 | 99.62 | GCF_000006765.1_ASM676v1_genomic_NC_002516.2 NODE_15_length_293427_cov_232.271192
			  Overlap between these two alignments (local misassembly). Inconsistency = -945
			Real Alignment 6: 2877186 2915982 | 293374 254595 | 38797 38780 | 99.49 | GCF_000006765.1_ASM676v1_genomic_NC_002516.2 NODE_15_length_293427_cov_232.271192
		Unaligned bases: 83150

CONTIG: NODE_17_length_271995_cov_262.106968 (271995bp)
Best alignment score: 94891.7 (LEN: 95551, IDY: 99.31), Total number of alignments: 9
			Looking for the best set of alignments (out of 9 total alignments)
		This contig has several significant sets of alignments. [An ambiguously mapped contig]
		Using only the very best set (option --ambiguity-usage is set to "one").
			The best set is below. Score: 260523.9, number of alignments: 9, unaligned bases: 8842
		This contig is misassembled.
		This contig is partially unaligned. (Aligned 263153 out of 271995 non-N bases (96.75%))
			Excluding internal overlap of size 1 between Alignment 1 and 2: 6084770 6090788 | 40981 46990 | 6019 6010 --> 6084771 6090788 | 40982 46990 | 6018 6009
			Real Alignment 1: 6045214 6086196 | 1 40981 | 40983 40981 | 99.59 | GCF_000006765.1_ASM676v1_genomic_NC_002516.2 NODE_17_length_271995_cov_262.106968
			  Extensive misassembly (relocation, inconsistency = -1426) between these two alignments
			Real Alignment 2: 6084771 6090788 | 40982 46990 | 6018 6009 | 98.97 | GCF_000006765.1_ASM676v1_genomic_NC_002516.2 NODE_17_length_271995_cov_262.106968
			  Gap between these two alignments (local misassembly). Inconsistency = 1
			Excluding internal overlap of size 1 between Alignment 3 and 4: 6185839 6188150 | 142672 144983 | 2312 2312 --> 6185840 6188150 | 142673 144983 | 2311 2311
			Real Alignment 3: 6090921 6186484 | 47122 142672 | 95564 95551 | 99.31 | GCF_000006765.1_ASM676v1_genomic_NC_002516.2 NODE_17_length_271995_cov_262.106968
			  Overlap between these two alignments (local misassembly). Inconsistency = -645
			Excluding internal overlap of size 125 between Alignment 4 and 5: 6185840 6188150 | 142673 144983 | 2311 2311 --> 6185840 6188025 | 142673 144858 | 2186 2186
			Real Alignment 4: 6185840 6188025 | 142673 144858 | 2186 2186 | 99.39 | GCF_000006765.1_ASM676v1_genomic_NC_002516.2 NODE_17_length_271995_cov_262.106968
			  Overlap between these two alignments (local misassembly). Inconsistency = -110
			Real Alignment 5: 6187916 6209407 | 144859 166349 | 21492 21491 | 99.38 | GCF_000006765.1_ASM676v1_genomic_NC_002516.2 NODE_17_length_271995_cov_262.106968
			  Extensive misassembly (relocation, inconsistency = -1215) between these two alignments
			Real Alignment 6: 6209481 6241499 | 167638 199626 | 32019 31989 | 99.28 | GCF_000006765.1_ASM676v1_genomic_NC_002516.2 NODE_17_length_271995_cov_262.106968
			  Extensive misassembly (relocation, inconsistency = -7151) between these two alignments
			Excluding internal overlap of size 1 between Alignment 7 and 8: 6260933 6264404 | 227307 230779 | 3472 3473 --> 6260934 6264404 | 227308 230779 | 3471 3472
			Real Alignment 7: 6241772 6262029 | 207050 227307 | 20258 20258 | 99.47 | GCF_000006765.1_ASM676v1_genomic_NC_002516.2 NODE_17_length_271995_cov_262.106968
			  Extensive misassembly (relocation, inconsistency = -1096) between these two alignments
			Real Alignment 8: 6260934 6264404 | 227308 230779 | 3471 3472 | 99.74 | GCF_000006765.1_ASM676v1_genomic_NC_002516.2 NODE_17_length_271995_cov_262.106968
			  Not a misassembly [linear representation of circular genome] between these two alignments
			Real Alignment 9: 1 41215 | 230780 271995 | 41215 41216 | 99.58 | GCF_000006765.1_ASM676v1_genomic_NC_002516.2 NODE_17_length_271995_cov_262.106968
		Unaligned bases: 8842

CONTIG: NODE_22_length_221448_cov_204.746726 (221448bp)
Best alignment score: 76445.0 (LEN: 77264, IDY: 98.94), Total number of alignments: 6
			Looking for the best set of alignments (out of 6 total alignments)
		This contig has several significant sets of alignments. [An ambiguously mapped contig]
		Using only the very best set (option --ambiguity-usage is set to "one").
			The best set is below. Score: 193453.7, number of alignments: 6, unaligned bases: 25478
		This contig is misassembled.
		This contig is partially unaligned. (Aligned 195970 out of 221448 non-N bases (88.49%))
			Real Alignment 1: 1244530 1247979 | 3503 54 | 3450 3450 | 99.45 | GCF_000006765.1_ASM676v1_genomic_NC_002516.2 NODE_22_length_221448_cov_204.746726
			  Gap between these two alignments (local misassembly). Inconsistency = 191
			Real Alignment 2: 1242899 1243394 | 4943 4448 | 496 496 | 96.98 | GCF_000006765.1_ASM676v1_genomic_NC_002516.2 NODE_22_length_221448_cov_204.746726
			  Gap between these two alignments (local misassembly). Inconsistency = -867
			Real Alignment 3: 1187274 1242668 | 61437 6041 | 55395 55397 | 99.41 | GCF_000006765.1_ASM676v1_genomic_NC_002516.2 NODE_22_length_221448_cov_204.746726
			  Extensive misassembly (relocation, inconsistency = -3505) between these two alignments
			Real Alignment 4: 1096940 1174198 | 155281 78018 | 77259 77264 | 98.94 | GCF_000006765.1_ASM676v1_genomic_NC_002516.2 NODE_22_length_221448_cov_204.746726
			  Extensive misassembly (relocation, inconsistency = -6821) between these two alignments
			Excluding internal overlap of size 22 between Alignment 5 and 6: 1069361 1096956 | 189662 162086 | 27596 27577 --> 1069383 1096956 | 189640 162086 | 27574 27555
			Real Alignment 5: 1069383 1096956 | 189640 162086 | 27574 27555 | 98.94 | GCF_000006765.1_ASM676v1_genomic_NC_002516.2 NODE_22_length_221448_cov_204.746726
			  Extensive misassembly (relocation, inconsistency = 8950) between these two alignments
			Real Alignment 6: 1028645 1060432 | 221448 189641 | 31788 31808 | 99.26 | GCF_000006765.1_ASM676v1_genomic_NC_002516.2 NODE_22_length_221448_cov_204.746726
		Unaligned bases: 25478

CONTIG: NODE_23_length_212077_cov_235.102532 (212077bp)
Best alignment score: 191307.0 (LEN: 192365, IDY: 99.45), Total number of alignments: 2
			Looking for the best set of alignments (out of 2 total alignments)
			The best set is below. Score: 210487.3, number of alignments: 2, unaligned bases: 417
		This contig is misassembled.
			Real Alignment 1: 4839197 4858479 | 1 19295 | 19283 19295 | 99.53 | GCF_000006765.1_ASM676v1_genomic_NC_002516.2 NODE_23_length_212077_cov_235.102532
			  Gap between these two alignments (local misassembly). Inconsistency = -222
			Real Alignment 2: 4858419 5050782 | 19457 211821 | 192364 192365 | 99.45 | GCF_000006765.1_ASM676v1_genomic_NC_002516.2 NODE_23_length_212077_cov_235.102532

CONTIG: NODE_25_length_204459_cov_178.138119 (204459bp)
Best alignment score: 93195.5 (LEN: 93598, IDY: 99.57), Total number of alignments: 5
			Looking for the best set of alignments (out of 5 total alignments)
			Skipping redundant alignments after choosing the best set of alignments
		Skipping redundant alignment 3778546 3778725 | 1127 948 | 180 180 | 98.89 | GCF_000006765.1_ASM676v1_genomic_NC_002516.2 NODE_25_length_204459_cov_178.138119
		Skipping redundant alignment 53846 54026 | 1312 1132 | 181 181 | 92.31 | GCF_000006765.1_ASM676v1_genomic_NC_002516.2 NODE_25_length_204459_cov_178.138119
		This contig has several significant sets of alignments. [An ambiguously mapped contig]
		Using only the very best set (option --ambiguity-usage is set to "one").
			The best set is below. Score: 199237.2, number of alignments: 3, unaligned bases: 4317
		This contig is misassembled.
		This contig is partially unaligned. (Aligned 200142 out of 204459 non-N bases (97.89%))
			Real Alignment 1: 3684539 3778172 | 96913 3316 | 93634 93598 | 99.57 | GCF_000006765.1_ASM676v1_genomic_NC_002516.2 NODE_25_length_204459_cov_178.138119
			  Gap between these two alignments (local misassembly). Inconsistency = 0
			Real Alignment 2: 3618636 3683575 | 162817 97877 | 64940 64941 | 99.43 | GCF_000006765.1_ASM676v1_genomic_NC_002516.2 NODE_25_length_204459_cov_178.138119
			  Gap between these two alignments (local misassembly). Inconsistency = -114
			Real Alignment 3: 3577114 3618710 | 204459 162857 | 41597 41603 | 99.74 | GCF_000006765.1_ASM676v1_genomic_NC_002516.2 NODE_25_length_204459_cov_178.138119
		Unaligned bases: 4317

CONTIG: NODE_27_length_188778_cov_173.078035 (188778bp)
Best alignment score: 160211.8 (LEN: 160936, IDY: 99.55), Total number of alignments: 2
			Looking for the best set of alignments (out of 2 total alignments)
			The best set is below. Score: 187547.8, number of alignments: 2, unaligned bases: 148
		This contig is misassembled.
			Real Alignment 1: 69537 230535 | 76 161011 | 160999 160936 | 99.55 | GCF_000006765.1_ASM676v1_genomic_NC_002516.2 NODE_27_length_188778_cov_173.078035
			  Extensive misassembly (relocation, inconsistency = 6586) between these two alignments
			Real Alignment 2: 237163 264839 | 161053 188746 | 27677 27694 | 99.61 | GCF_000006765.1_ASM676v1_genomic_NC_002516.2 NODE_27_length_188778_cov_173.078035

CONTIG: NODE_28_length_187724_cov_140.327081 (187724bp)
Best alignment score: 69169.4 (LEN: 69657, IDY: 99.30), Total number of alignments: 9
			Looking for the best set of alignments (out of 9 total alignments)
			Skipping redundant alignments after choosing the best set of alignments
		Skipping redundant alignment 2676607 2678116 | 92534 94043 | 1510 1510 | 97.75 | GCF_000006765.1_ASM676v1_genomic_NC_002516.2 NODE_28_length_187724_cov_140.327081
		This contig has several significant sets of alignments. [An ambiguously mapped contig]
		Using only the very best set (option --ambiguity-usage is set to "one").
			The best set is below. Score: 154299.9, number of alignments: 8, unaligned bases: 30434
		This contig is misassembled.
		This contig is partially unaligned. (Aligned 157290 out of 187724 non-N bases (83.79%))
			Real Alignment 1: 2570469 2640136 | 56 69712 | 69668 69657 | 99.3 | GCF_000006765.1_ASM676v1_genomic_NC_002516.2 NODE_28_length_187724_cov_140.327081
			  Gap between these two alignments (local misassembly). Inconsistency = 19
			Real Alignment 2: 2641521 2647640 | 71078 77195 | 6120 6118 | 96.97 | GCF_000006765.1_ASM676v1_genomic_NC_002516.2 NODE_28_length_187724_cov_140.327081
			  Gap between these two alignments (local misassembly). Inconsistency = -12
			Real Alignment 3: 2648321 2653057 | 77888 82621 | 4737 4734 | 92.78 | GCF_000006765.1_ASM676v1_genomic_NC_002516.2 NODE_28_length_187724_cov_140.327081
			  Extensive misassembly (relocation, inconsistency = 21218) between these two alignments
			Real Alignment 4: 2683966 2685697 | 92312 94043 | 1732 1732 | 95.42 | GCF_000006765.1_ASM676v1_genomic_NC_002516.2 NODE_28_length_187724_cov_140.327081
			  Extensive misassembly (relocation, inconsistency = -27762) between these two alignments
			Real Alignment 5: 2672266 2673484 | 108374 109592 | 1219 1219 | 90.08 | GCF_000006765.1_ASM676v1_genomic_NC_002516.2 NODE_28_length_187724_cov_140.327081
			  Extensive misassembly (relocation, inconsistency = 7623) between these two alignments
			Real Alignment 6: 2682632 2707184 | 111117 135648 | 24553 24532 | 98.42 | GCF_000006765.1_ASM676v1_genomic_NC_002516.2 NODE_28_length_187724_cov_140.327081
			  Extensive misassembly (relocation, inconsistency = -1003) between these two alignments
			Real Alignment 7: 2707666 2722710 | 137133 152177 | 15045 15045 | 99.36 | GCF_000006765.1_ASM676v1_genomic_NC_002516.2 NODE_28_length_187724_cov_140.327081
			  Gap between these two alignments (local misassembly). Inconsistency = -692
			Real Alignment 8: 2723313 2757549 | 153472 187724 | 34237 34253 | 99.22 | GCF_000006765.1_ASM676v1_genomic_NC_002516.2 NODE_28_length_187724_cov_140.327081
		Unaligned bases: 30434

CONTIG: NODE_29_length_183671_cov_225.762472 (183671bp)
Best alignment score: 96222.0 (LEN: 96560, IDY: 99.65), Total number of alignments: 4
			Looking for the best set of alignments (out of 4 total alignments)
			The best set is below. Score: 182395.4, number of alignments: 4, unaligned bases: 0
		This contig is misassembled.
			Excluding internal overlap of size 6 between Alignment 1 and 2: 4310765 4326875 | 1 16111 | 16111 16111 --> 4310765 4326869 | 1 16105 | 16105 16105
			Real Alignment 1: 4310765 4326869 | 1 16105 | 16105 16105 | 99.47 | GCF_000006765.1_ASM676v1_genomic_NC_002516.2 NODE_29_length_183671_cov_225.762472
			  Extensive misassembly (relocation, inconsistency = 6336) between these two alignments
			Excluding internal overlap of size 231 between Alignment 2 and 3: 4333206 4376986 | 16106 59880 | 43781 43775 --> 4333206 4376753 | 16106 59649 | 43548 43544
			Real Alignment 2: 4333206 4376753 | 16106 59649 | 43548 43544 | 99.53 | GCF_000006765.1_ASM676v1_genomic_NC_002516.2 NODE_29_length_183671_cov_225.762472
			  Gap between these two alignments (local misassembly). Inconsistency = 258
			Excluding internal overlap of size 1 between Alignment 3 and 4: 4474915 4502376 | 156209 183671 | 27462 27463 --> 4474916 4502376 | 156210 183671 | 27461 27462
			Real Alignment 3: 4377012 4473543 | 59650 156209 | 96532 96560 | 99.65 | GCF_000006765.1_ASM676v1_genomic_NC_002516.2 NODE_29_length_183671_cov_225.762472
			  Extensive misassembly (relocation, inconsistency = 1372) between these two alignments
			Real Alignment 4: 4474916 4502376 | 156210 183671 | 27461 27462 | 99.65 | GCF_000006765.1_ASM676v1_genomic_NC_002516.2 NODE_29_length_183671_cov_225.762472

CONTIG: NODE_30_length_183055_cov_214.753612 (183055bp)
Best alignment score: 108917.6 (LEN: 109344, IDY: 99.61), Total number of alignments: 2
			Looking for the best set of alignments (out of 2 total alignments)
			The best set is below. Score: 181257.6, number of alignments: 2, unaligned bases: 976
		This contig is misassembled.
		This contig is partially unaligned. (Aligned 182079 out of 183055 non-N bases (99.47%))
			Real Alignment 1: 297777 370486 | 1 72735 | 72710 72735 | 99.49 | GCF_000006765.1_ASM676v1_genomic_NC_002516.2 NODE_30_length_183055_cov_214.753612
			  Gap between these two alignments (local misassembly). Inconsistency = -757
			Real Alignment 2: 370706 480074 | 73712 183055 | 109369 109344 | 99.61 | GCF_000006765.1_ASM676v1_genomic_NC_002516.2 NODE_30_length_183055_cov_214.753612
		Unaligned bases: 976

CONTIG: NODE_32_length_175234_cov_237.296913 (175234bp)
Best alignment score: 85771.6 (LEN: 86272, IDY: 99.42), Total number of alignments: 6
			Looking for the best set of alignments (out of 6 total alignments)
		This contig has several significant sets of alignments. [An ambiguously mapped contig]
		Using only the very best set (option --ambiguity-usage is set to "one").
			The best set is below. Score: 102215.2, number of alignments: 6, unaligned bases: 71251
		This contig is misassembled.
		This contig is partially unaligned. (Aligned 103983 out of 175234 non-N bases (59.34%))
			Real Alignment 1: 5101243 5187517 | 86278 7 | 86275 86272 | 99.42 | GCF_000006765.1_ASM676v1_genomic_NC_002516.2 NODE_32_length_175234_cov_237.296913
			  Gap between these two alignments (local misassembly). Inconsistency = -15
			Excluding internal overlap of size 79 between Alignment 2 and 3: 1060354 1061197 | 100533 101365 | 844 833 --> 1060433 1061197 | 100612 101365 | 765 754
			Real Alignment 2: 5086925 5100864 | 100611 86672 | 13940 13940 | 99.67 | GCF_000006765.1_ASM676v1_genomic_NC_002516.2 NODE_32_length_175234_cov_237.296913
			  Extensive misassembly (relocation, inconsistency = 4025727) between these two alignments
			Real Alignment 3: 1060433 1061197 | 100612 101365 | 765 754 | 92.79 | GCF_000006765.1_ASM676v1_genomic_NC_002516.2 NODE_32_length_175234_cov_237.296913
			  Extensive misassembly (relocation, inconsistency = -10019) between these two alignments
			Real Alignment 4: 1062435 1064232 | 112622 114421 | 1798 1800 | 97.72 | GCF_000006765.1_ASM676v1_genomic_NC_002516.2 NODE_32_length_175234_cov_237.296913
			  Extensive misassembly (relocation, inconsistency = -3812) between these two alignments
			Real Alignment 5: 1064259 1065080 | 118260 119080 | 822 821 | 92.1 | GCF_000006765.1_ASM676v1_genomic_NC_002516.2 NODE_32_length_175234_cov_237.296913
			  Extensive misassembly (relocation, inconsistency = -43367) between these two alignments
			Real Alignment 6: 1065390 1065785 | 162757 163152 | 396 396 | 94.7 | GCF_000006765.1_ASM676v1_genomic_NC_002516.2 NODE_32_length_175234_cov_237.296913
		Unaligned bases: 71251

CONTIG: NODE_33_length_173536_cov_162.519579 (173536bp)
Best alignment score: 103292.6 (LEN: 103937, IDY: 99.38), Total number of alignments: 4
			Looking for the best set of alignments (out of 4 total alignments)
			The best set is below. Score: 166962.2, number of alignments: 4, unaligned bases: 5321
		This contig is misassembled.
		This contig is partially unaligned. (Aligned 168215 out of 173536 non-N bases (96.93%))
			Real Alignment 1: 4658362 4672822 | 14507 48 | 14461 14460 | 99.45 | GCF_000006765.1_ASM676v1_genomic_NC_002516.2 NODE_33_length_173536_cov_162.519579
			  Extensive misassembly (relocation, inconsistency = -5159) between these two alignments
			Excluding internal overlap of size 4 between Alignment 2 and 3: 4528680 4553812 | 148818 123715 | 25133 25104 --> 4528680 4553808 | 148818 123719 | 25129 25100
			Real Alignment 2: 4554322 4658246 | 123718 19782 | 103925 103937 | 99.38 | GCF_000006765.1_ASM676v1_genomic_NC_002516.2 NODE_33_length_173536_cov_162.519579
			  Gap between these two alignments (local misassembly). Inconsistency = 513
			Excluding internal overlap of size 80 between Alignment 3 and 4: 4503735 4528533 | 173536 148739 | 24799 24798 --> 4503735 4528453 | 173536 148819 | 24719 24718
			Real Alignment 3: 4528680 4553808 | 148818 123719 | 25129 25100 | 99.42 | GCF_000006765.1_ASM676v1_genomic_NC_002516.2 NODE_33_length_173536_cov_162.519579
			  Gap between these two alignments (local misassembly). Inconsistency = 226
			Real Alignment 4: 4503735 4528453 | 173536 148819 | 24719 24718 | 99.76 | GCF_000006765.1_ASM676v1_genomic_NC_002516.2 NODE_33_length_173536_cov_162.519579
		Unaligned bases: 5321

CONTIG: NODE_35_length_166401_cov_232.662036 (166401bp)
Best alignment score: 69363.5 (LEN: 69684, IDY: 99.54), Total number of alignments: 5
			Looking for the best set of alignments (out of 5 total alignments)
			The best set is below. Score: 142524.7, number of alignments: 5, unaligned bases: 22466
		This contig is misassembled.
		This contig is partially unaligned. (Aligned 143935 out of 166401 non-N bases (86.50%))
			Excluding internal overlap of size 82 between Alignment 1 and 2: 501220 515760 | 19728 34266 | 14541 14539 --> 501302 515760 | 19810 34266 | 14459 14457
			Real Alignment 1: 480020 499828 | 1 19809 | 19809 19809 | 99.65 | GCF_000006765.1_ASM676v1_genomic_NC_002516.2 NODE_35_length_166401_cov_232.662036
			  Extensive misassembly (relocation, inconsistency = 1473) between these two alignments
			Real Alignment 2: 501302 515760 | 19810 34266 | 14459 14457 | 99.36 | GCF_000006765.1_ASM676v1_genomic_NC_002516.2 NODE_35_length_166401_cov_232.662036
			  Gap between these two alignments (local misassembly). Inconsistency = 267
			Excluding internal overlap of size 36 between Alignment 3 and 4: 516029 521367 | 34268 39605 | 5339 5338 --> 516029 521331 | 34268 39569 | 5303 5302
			Real Alignment 3: 516029 521331 | 34268 39569 | 5303 5302 | 99.18 | GCF_000006765.1_ASM676v1_genomic_NC_002516.2 NODE_35_length_166401_cov_232.662036
			  Gap between these two alignments (local misassembly). Inconsistency = 238
			Real Alignment 4: 521570 556266 | 39570 74252 | 34697 34683 | 99.2 | GCF_000006765.1_ASM676v1_genomic_NC_002516.2 NODE_35_length_166401_cov_232.662036
			  Extensive misassembly (relocation, inconsistency = 1088) between these two alignments
			Real Alignment 5: 558755 628414 | 75653 145336 | 69660 69684 | 99.54 | GCF_000006765.1_ASM676v1_genomic_NC_002516.2 NODE_35_length_166401_cov_232.662036
		Unaligned bases: 22466

CONTIG: NODE_39_length_148387_cov_185.055288 (148387bp)
Best alignment score: 79341.1 (LEN: 79812, IDY: 99.41), Total number of alignments: 3
			Looking for the best set of alignments (out of 3 total alignments)
			The best set is below. Score: 146866.4, number of alignments: 3, unaligned bases: 573
		This contig is misassembled.
		This contig is partially unaligned. (Aligned 147814 out of 148387 non-N bases (99.61%))
			Real Alignment 1: 1496003 1575830 | 57 79868 | 79828 79812 | 99.41 | GCF_000006765.1_ASM676v1_genomic_NC_002516.2 NODE_39_length_148387_cov_185.055288
			  Overlap between these two alignments (local misassembly). Inconsistency = -693
			Real Alignment 2: 1575138 1598962 | 79869 103693 | 23825 23825 | 99.61 | GCF_000006765.1_ASM676v1_genomic_NC_002516.2 NODE_39_length_148387_cov_185.055288
			  Gap between these two alignments (local misassembly). Inconsistency = 601
			Real Alignment 3: 1600081 1644271 | 104211 148387 | 44191 44177 | 99.24 | GCF_000006765.1_ASM676v1_genomic_NC_002516.2 NODE_39_length_148387_cov_185.055288
		Unaligned bases: 573

CONTIG: NODE_42_length_138231_cov_157.706570 (138231bp)
Best alignment score: 127025.0 (LEN: 127689, IDY: 99.48), Total number of alignments: 3
			Looking for the best set of alignments (out of 3 total alignments)
		This contig has several significant sets of alignments. [An ambiguously mapped contig]
		Using only the very best set (option --ambiguity-usage is set to "one").
			The best set is below. Score: 132685.7, number of alignments: 3, unaligned bases: 4277
		This contig is misassembled.
		This contig is partially unaligned. (Aligned 133954 out of 138231 non-N bases (96.91%))
			Real Alignment 1: 1353416 1481162 | 1 127689 | 127747 127689 | 99.48 | GCF_000006765.1_ASM676v1_genomic_NC_002516.2 NODE_42_length_138231_cov_157.706570
			  Extensive misassembly (relocation, inconsistency = 5864) between these two alignments
			Real Alignment 2: 1489618 1495495 | 130281 136130 | 5878 5850 | 98.37 | GCF_000006765.1_ASM676v1_genomic_NC_002516.2 NODE_42_length_138231_cov_157.706570
			  Extensive misassembly (relocation, inconsistency = -1547) between these two alignments
			Real Alignment 3: 1495586 1496000 | 137768 138182 | 415 415 | 97.83 | GCF_000006765.1_ASM676v1_genomic_NC_002516.2 NODE_42_length_138231_cov_157.706570
		Unaligned bases: 4277

CONTIG: NODE_45_length_125107_cov_252.752503 (125107bp)
Best alignment score: 108359.2 (LEN: 108849, IDY: 99.55), Total number of alignments: 2
			Looking for the best set of alignments (out of 2 total alignments)
			The best set is below. Score: 118483.4, number of alignments: 2, unaligned bases: 5797
		This contig is misassembled.
		This contig is partially unaligned. (Aligned 119310 out of 125107 non-N bases (95.37%))
			Real Alignment 1: 5915471 5925966 | 1 10461 | 10496 10461 | 99.17 | GCF_000006765.1_ASM676v1_genomic_NC_002516.2 NODE_45_length_125107_cov_252.752503
			  Extensive misassembly (relocation, inconsistency = -1004) between these two alignments
			Real Alignment 2: 5930760 6039582 | 16259 125107 | 108823 108849 | 99.55 | GCF_000006765.1_ASM676v1_genomic_NC_002516.2 NODE_45_length_125107_cov_252.752503
		Unaligned bases: 5797

CONTIG: NODE_47_length_118939_cov_131.115365 (118939bp)
Best alignment score: 57095.7 (LEN: 57475, IDY: 99.34), Total number of alignments: 4
			Looking for the best set of alignments (out of 4 total alignments)
		This contig has several significant sets of alignments. [An ambiguously mapped contig]
		Using only the very best set (option --ambiguity-usage is set to "one").
			The best set is below. Score: 112449.7, number of alignments: 4, unaligned bases: 5487
		This contig is misassembled.
		This contig is partially unaligned. (Aligned 113452 out of 118939 non-N bases (95.39%))
			Real Alignment 1: 727223 784710 | 1 57475 | 57488 57475 | 99.34 | GCF_000006765.1_ASM676v1_genomic_NC_002516.2 NODE_47_length_118939_cov_131.115365
			  Overlap between these two alignments (local misassembly). Inconsistency = -972
			Real Alignment 2: 783739 785338 | 57476 59075 | 1600 1600 | 98.56 | GCF_000006765.1_ASM676v1_genomic_NC_002516.2 NODE_47_length_118939_cov_131.115365
			  Gap between these two alignments (local misassembly). Inconsistency = -576
			Real Alignment 3: 789727 789916 | 64040 64227 | 190 188 | 92.15 | GCF_000006765.1_ASM676v1_genomic_NC_002516.2 NODE_47_length_118939_cov_131.115365
			  Extensive misassembly (relocation, inconsistency = 4045) between these two alignments
			Real Alignment 4: 794431 848617 | 64697 118885 | 54187 54189 | 99.47 | GCF_000006765.1_ASM676v1_genomic_NC_002516.2 NODE_47_length_118939_cov_131.115365
		Unaligned bases: 5487

CONTIG: NODE_49_length_117462_cov_223.823333 (117462bp)
Best alignment score: 48657.4 (LEN: 48897, IDY: 99.51), Total number of alignments: 2
			Looking for the best set of alignments (out of 2 total alignments)
			The best set is below. Score: 77795.0, number of alignments: 2, unaligned bases: 39086
		This contig is misassembled.
		This contig is partially unaligned. (Aligned 78376 out of 117462 non-N bases (66.72%))
			Real Alignment 1: 999717 1029195 | 29534 56 | 29479 29479 | 99.69 | GCF_000006765.1_ASM676v1_genomic_NC_002516.2 NODE_49_length_117462_cov_223.823333
			  Extensive misassembly (relocation, inconsistency = -38971) between these two alignments
			Real Alignment 2: 950847 999724 | 117394 68498 | 48878 48897 | 99.51 | GCF_000006765.1_ASM676v1_genomic_NC_002516.2 NODE_49_length_117462_cov_223.823333
		Unaligned bases: 39086

CONTIG: NODE_54_length_104367_cov_256.982332 (104367bp)
Best alignment score: 32203.9 (LEN: 32444, IDY: 99.26), Total number of alignments: 3
			Looking for the best set of alignments (out of 3 total alignments)
			The best set is below. Score: 74959.7, number of alignments: 3, unaligned bases: 28703
		This contig is misassembled.
		This contig is partially unaligned. (Aligned 75664 out of 104367 non-N bases (72.50%))
			Real Alignment 1: 5189181 5221615 | 1 32444 | 32435 32444 | 99.26 | GCF_000006765.1_ASM676v1_genomic_NC_002516.2 NODE_54_length_104367_cov_256.982332
			  Overlap between these two alignments (local misassembly). Inconsistency = -683
			Real Alignment 2: 5220933 5241843 | 32445 53355 | 20911 20911 | 99.72 | GCF_000006765.1_ASM676v1_genomic_NC_002516.2 NODE_54_length_104367_cov_256.982332
			  Extensive misassembly (relocation, inconsistency = -28711) between these two alignments
			Real Alignment 3: 5241836 5264145 | 82059 104367 | 22310 22309 | 99.41 | GCF_000006765.1_ASM676v1_genomic_NC_002516.2 NODE_54_length_104367_cov_256.982332
		Unaligned bases: 28703

CONTIG: NODE_55_length_103750_cov_165.100419 (103750bp)
Best alignment score: 92262.4 (LEN: 92754, IDY: 99.47), Total number of alignments: 3
			Looking for the best set of alignments (out of 3 total alignments)
			The best set is below. Score: 102766.4, number of alignments: 3, unaligned bases: 171
		This contig is misassembled.
			Real Alignment 1: 1247975 1340741 | 53 92806 | 92767 92754 | 99.47 | GCF_000006765.1_ASM676v1_genomic_NC_002516.2 NODE_55_length_103750_cov_165.100419
			  Extensive misassembly (relocation, inconsistency = 2573) between these two alignments
			Real Alignment 2: 1343379 1345646 | 92871 95138 | 2268 2268 | 99.51 | GCF_000006765.1_ASM676v1_genomic_NC_002516.2 NODE_55_length_103750_cov_165.100419
			  Overlap between these two alignments (local misassembly). Inconsistency = -733
			Real Alignment 3: 1344914 1353470 | 95139 103695 | 8557 8557 | 99.58 | GCF_000006765.1_ASM676v1_genomic_NC_002516.2 NODE_55_length_103750_cov_165.100419

CONTIG: NODE_59_length_101134_cov_148.970518 (101134bp)
Best alignment score: 49144.7 (LEN: 49352, IDY: 99.58), Total number of alignments: 2
			Looking for the best set of alignments (out of 2 total alignments)
			The best set is below. Score: 96243.8, number of alignments: 2, unaligned bases: 4195
		This contig is misassembled.
		This contig is partially unaligned. (Aligned 96939 out of 101134 non-N bases (95.85%))
			Real Alignment 1: 848563 896139 | 1 47587 | 47577 47587 | 99.5 | GCF_000006765.1_ASM676v1_genomic_NC_002516.2 NODE_59_length_101134_cov_148.970518
			  Extensive misassembly (relocation, inconsistency = 1177) between these two alignments
			Real Alignment 2: 901468 950823 | 51739 101090 | 49356 49352 | 99.58 | GCF_000006765.1_ASM676v1_genomic_NC_002516.2 NODE_59_length_101134_cov_148.970518
		Unaligned bases: 4195

CONTIG: NODE_61_length_96638_cov_155.867792 (96638bp)
Best alignment score: 73393.6 (LEN: 73718, IDY: 99.56), Total number of alignments: 2
			Looking for the best set of alignments (out of 2 total alignments)
			The best set is below. Score: 96170.5, number of alignments: 2, unaligned bases: 0
		This contig is misassembled.
			Real Alignment 1: 2803519 2877240 | 73718 1 | 73722 73718 | 99.56 | GCF_000006765.1_ASM676v1_genomic_NC_002516.2 NODE_61_length_96638_cov_155.867792
			  Gap between these two alignments (local misassembly). Inconsistency = 96
			Real Alignment 2: 2780503 2803422 | 96638 73719 | 22920 22920 | 99.48 | GCF_000006765.1_ASM676v1_genomic_NC_002516.2 NODE_61_length_96638_cov_155.867792

CONTIG: NODE_62_length_94138_cov_264.741643 (94138bp)
Best alignment score: 23453.6 (LEN: 23562, IDY: 99.54), Total number of alignments: 6
			Looking for the best set of alignments (out of 6 total alignments)
			Skipping redundant alignments after choosing the best set of alignments
		Skipping redundant alignment 630406 630515 | 10963 11072 | 110 110 | 100.0 | GCF_000006765.1_ASM676v1_genomic_NC_002516.2 NODE_62_length_94138_cov_264.741643
		This contig has several significant sets of alignments. [An ambiguously mapped contig]
		Using only the very best set (option --ambiguity-usage is set to "one").
			The best set is below. Score: 73901.1, number of alignments: 5, unaligned bases: 19279
		This contig is misassembled.
		This contig is partially unaligned. (Aligned 74859 out of 94138 non-N bases (79.52%))
			Real Alignment 1: 630516 654090 | 13920 37494 | 23575 23575 | 99.38 | GCF_000006765.1_ASM676v1_genomic_NC_002516.2 NODE_62_length_94138_cov_264.741643
			  Gap between these two alignments (local misassembly). Inconsistency = -18
			Real Alignment 2: 655203 656593 | 38625 40015 | 1391 1391 | 98.63 | GCF_000006765.1_ASM676v1_genomic_NC_002516.2 NODE_62_length_94138_cov_264.741643
			  Extensive misassembly (relocation, inconsistency = -2990) between these two alignments
			Real Alignment 3: 656594 680157 | 43006 66567 | 23564 23562 | 99.54 | GCF_000006765.1_ASM676v1_genomic_NC_002516.2 NODE_62_length_94138_cov_264.741643
			  Gap between these two alignments (local misassembly). Inconsistency = -23
			Real Alignment 4: 681341 689219 | 67774 75652 | 7879 7879 | 99.3 | GCF_000006765.1_ASM676v1_genomic_NC_002516.2 NODE_62_length_94138_cov_264.741643
			  Extensive misassembly (relocation, inconsistency = 13908) between these two alignments
			Real Alignment 5: 703162 721614 | 75687 94138 | 18453 18452 | 99.3 | GCF_000006765.1_ASM676v1_genomic_NC_002516.2 NODE_62_length_94138_cov_264.741643
		Unaligned bases: 19279

CONTIG: NODE_71_length_68627_cov_155.280231 (68627bp)
Best alignment score: 68162.5 (LEN: 68505, IDY: 99.50), Total number of alignments: 2
		Skipping these alignments as insignificant (option --ambiguity-score is set to "0.99"):
			Skipping alignment 4720069 4720241 | 68505 68333 | 173 173 | 98.27 | GCF_000006765.1_ASM676v1_genomic_NC_002516.2 NODE_71_length_68627_cov_155.280231
		One align captures most of this contig: 4720069 4788572 | 68505 1 | 68504 68505 | 99.5 | GCF_000006765.1_ASM676v1_genomic_NC_002516.2 NODE_71_length_68627_cov_155.280231

CONTIG: NODE_73_length_65668_cov_165.172832 (65668bp)
Best alignment score: 33839.7 (LEN: 34092, IDY: 99.26), Total number of alignments: 4
			Looking for the best set of alignments (out of 4 total alignments)
			Skipping redundant alignments after choosing the best set of alignments
		Skipping redundant alignment 3841871 3842042 | 173 1 | 172 173 | 95.95 | GCF_000006765.1_ASM676v1_genomic_NC_002516.2 NODE_73_length_65668_cov_165.172832
		Skipping redundant alignment 2757424 2757549 | 65543 65668 | 126 126 | 98.41 | GCF_000006765.1_ASM676v1_genomic_NC_002516.2 NODE_73_length_65668_cov_165.172832
		This contig has several significant sets of alignments. [An ambiguously mapped contig]
		Using only the very best set (option --ambiguity-usage is set to "one").
			The best set is below. Score: 62611.8, number of alignments: 2, unaligned bases: 2570
		This contig is misassembled.
		This contig is partially unaligned. (Aligned 63098 out of 65668 non-N bases (96.09%))
			Excluding internal overlap of size 8 between Alignment 1 and 2: 3812835 3841897 | 29058 45 | 29063 29014 --> 3812843 3841897 | 29050 45 | 29055 29006
			Real Alignment 1: 3812843 3841897 | 29050 45 | 29055 29006 | 99.29 | GCF_000006765.1_ASM676v1_genomic_NC_002516.2 NODE_73_length_65668_cov_165.172832
			  Gap between these two alignments (local misassembly). Inconsistency = 87
			Real Alignment 2: 3778655 3812755 | 63142 29051 | 34101 34092 | 99.26 | GCF_000006765.1_ASM676v1_genomic_NC_002516.2 NODE_73_length_65668_cov_165.172832
		Unaligned bases: 2570

CONTIG: NODE_85_length_47795_cov_144.407646 (47795bp)
Best alignment score: 47281.0 (LEN: 47576, IDY: 99.38), Total number of alignments: 1
		One align captures most of this contig: 2122521 2170093 | 47576 1 | 47573 47576 | 99.38 | GCF_000006765.1_ASM676v1_genomic_NC_002516.2 NODE_85_length_47795_cov_144.407646

CONTIG: NODE_86_length_47107_cov_134.215357 (47107bp)
Best alignment score: 22020.2 (LEN: 22142, IDY: 99.45), Total number of alignments: 4
			Looking for the best set of alignments (out of 4 total alignments)
			The best set is below. Score: 46412.7, number of alignments: 4, unaligned bases: 0
		This contig is misassembled.
			Real Alignment 1: 2522460 2544597 | 1 22142 | 22138 22142 | 99.45 | GCF_000006765.1_ASM676v1_genomic_NC_002516.2 NODE_86_length_47107_cov_134.215357
			  Overlap between these two alignments (local misassembly). Inconsistency = -538
			Real Alignment 2: 2544060 2545310 | 22143 23393 | 1251 1251 | 99.52 | GCF_000006765.1_ASM676v1_genomic_NC_002516.2 NODE_86_length_47107_cov_134.215357
			  Overlap between these two alignments (local misassembly). Inconsistency = -573
			Excluding internal overlap of size 101 between Alignment 3 and 4: 2558730 2570523 | 35356 47107 | 11794 11752 --> 2558837 2570523 | 35457 47107 | 11687 11651
			Real Alignment 3: 2544738 2556801 | 23394 35456 | 12064 12063 | 99.12 | GCF_000006765.1_ASM676v1_genomic_NC_002516.2 NODE_86_length_47107_cov_134.215357
			  Extensive misassembly (relocation, inconsistency = 2035) between these two alignments
			Real Alignment 4: 2558837 2570523 | 35457 47107 | 11687 11651 | 99.04 | GCF_000006765.1_ASM676v1_genomic_NC_002516.2 NODE_86_length_47107_cov_134.215357

CONTIG: NODE_88_length_46768_cov_291.921414 (46768bp)
Best alignment score: 14304.5 (LEN: 14515, IDY: 98.55), Total number of alignments: 3
			Looking for the best set of alignments (out of 3 total alignments)
			The best set is below. Score: 30171.2, number of alignments: 3, unaligned bases: 16012
		This contig is misassembled.
		This contig is partially unaligned. (Aligned 30756 out of 46768 non-N bases (65.76%))
			Real Alignment 1: 5050782 5053630 | 61 2909 | 2849 2849 | 99.16 | GCF_000006765.1_ASM676v1_genomic_NC_002516.2 NODE_88_length_46768_cov_291.921414
			  Gap between these two alignments (local misassembly). Inconsistency = -39
			Real Alignment 2: 5055626 5069017 | 4944 18335 | 13392 13392 | 99.25 | GCF_000006765.1_ASM676v1_genomic_NC_002516.2 NODE_88_length_46768_cov_291.921414
			  Extensive misassembly (relocation, inconsistency = -1450) between these two alignments
			Real Alignment 3: 5072399 5086973 | 23167 37681 | 14575 14515 | 98.55 | GCF_000006765.1_ASM676v1_genomic_NC_002516.2 NODE_88_length_46768_cov_291.921414
		Unaligned bases: 16012

CONTIG: NODE_89_length_43085_cov_168.120567 (43085bp)
Best alignment score: 39307.8 (LEN: 39561, IDY: 99.36), Total number of alignments: 2
			Looking for the best set of alignments (out of 2 total alignments)
			Skipping redundant alignments after choosing the best set of alignments
		Skipping redundant alignment 4720140 4720232 | 43083 42991 | 93 93 | 98.92 | GCF_000006765.1_ASM676v1_genomic_NC_002516.2 NODE_89_length_43085_cov_168.120567
		This contig has several significant sets of alignments. [An ambiguously mapped contig]
		Using only the very best set (option --ambiguity-usage is set to "one").
			The best set is below. Score: 39307.8, number of alignments: 1, unaligned bases: 3524
		This contig is partially unaligned. (Aligned 39561 out of 43085 non-N bases (91.82%))
		Alignment: 2076964 2116525 | 42866 3306 | 39562 39561 | 99.36 | GCF_000006765.1_ASM676v1_genomic_NC_002516.2 NODE_89_length_43085_cov_168.120567
		Unaligned bases: 1 to 3305 (3305)
		Unaligned bases: 42867 to 43085 (219)

CONTIG: NODE_92_length_41594_cov_137.138232 (41594bp)
Best alignment score: 41324.6 (LEN: 41549, IDY: 99.46), Total number of alignments: 1
		One align captures most of this contig: 4672934 4714455 | 46 41594 | 41522 41549 | 99.46 | GCF_000006765.1_ASM676v1_genomic_NC_002516.2 NODE_92_length_41594_cov_137.138232

CONTIG: NODE_98_length_38946_cov_227.818261 (38946bp)
Best alignment score: 38724.0 (LEN: 38946, IDY: 99.43), Total number of alignments: 1
		One align captures most of this contig: 4794219 4833166 | 38946 1 | 38948 38946 | 99.43 | GCF_000006765.1_ASM676v1_genomic_NC_002516.2 NODE_98_length_38946_cov_227.818261

CONTIG: NODE_101_length_35106_cov_136.459673 (35106bp)
Best alignment score: 34929.8 (LEN: 35063, IDY: 99.62), Total number of alignments: 2
		Skipping these alignments as insignificant (option --ambiguity-score is set to "0.99"):
			Skipping alignment 2558197 2558266 | 1 70 | 70 70 | 100.0 | GCF_000006765.1_ASM676v1_genomic_NC_002516.2 NODE_101_length_35106_cov_136.459673
		One align captures most of this contig: 2486251 2521314 | 44 35106 | 35064 35063 | 99.62 | GCF_000006765.1_ASM676v1_genomic_NC_002516.2 NODE_101_length_35106_cov_136.459673

CONTIG: NODE_103_length_33399_cov_243.518054 (33399bp)
Best alignment score: 21264.8 (LEN: 21391, IDY: 99.41), Total number of alignments: 3
			Looking for the best set of alignments (out of 3 total alignments)
			The best set is below. Score: 32493.6, number of alignments: 3, unaligned bases: 647
		This contig is misassembled.
		This contig is partially unaligned. (Aligned 32752 out of 33399 non-N bases (98.06%))
			Excluding internal overlap of size 1 between Alignment 1 and 2: 286332 287851 | 11361 9842 | 1520 1520 --> 286332 287850 | 11361 9843 | 1519 1519
			Real Alignment 1: 287270 297107 | 9842 1 | 9838 9842 | 99.18 | GCF_000006765.1_ASM676v1_genomic_NC_002516.2 NODE_103_length_33399_cov_243.518054
			  Overlap between these two alignments (local misassembly). Inconsistency = -581
			Real Alignment 2: 286332 287850 | 11361 9843 | 1519 1519 | 99.8 | GCF_000006765.1_ASM676v1_genomic_NC_002516.2 NODE_103_length_33399_cov_243.518054
			  Gap between these two alignments (local misassembly). Inconsistency = -505
			Real Alignment 3: 264842 286235 | 33353 11963 | 21394 21391 | 99.41 | GCF_000006765.1_ASM676v1_genomic_NC_002516.2 NODE_103_length_33399_cov_243.518054
		Unaligned bases: 647

CONTIG: NODE_105_length_31705_cov_102.423096 (31705bp)
Best alignment score: 196.2 (LEN: 217, IDY: 90.41), Total number of alignments: 3
			Looking for the best set of alignments (out of 3 total alignments)
			Skipping redundant alignments after choosing the best set of alignments
		Skipping redundant alignment 789725 789916 | 20149 20338 | 192 190 | 90.62 | GCF_000006765.1_ASM676v1_genomic_NC_002516.2 NODE_105_length_31705_cov_102.423096
		Skipping redundant alignment 789725 789918 | 31445 31254 | 194 192 | 91.79 | GCF_000006765.1_ASM676v1_genomic_NC_002516.2 NODE_105_length_31705_cov_102.423096
			The best set is below. Score: 196.2, number of alignments: 1, unaligned bases: 31488
		This contig is partially unaligned. (Aligned 217 out of 31705 non-N bases (0.68%))
		Alignment: 789699 789917 | 16652 16868 | 219 217 | 90.41 | GCF_000006765.1_ASM676v1_genomic_NC_002516.2 NODE_105_length_31705_cov_102.423096
		Unaligned bases: 1 to 16651 (16651)
		Unaligned bases: 16869 to 31705 (14837)

CONTIG: NODE_112_length_24223_cov_153.572699 (24223bp)
Best alignment score: 12505.2 (LEN: 12620, IDY: 99.09), Total number of alignments: 3
			Looking for the best set of alignments (out of 3 total alignments)
			The best set is below. Score: 21984.2, number of alignments: 3, unaligned bases: 1977
		This contig is misassembled.
		This contig is partially unaligned. (Aligned 22246 out of 24223 non-N bases (91.84%))
			Real Alignment 1: 56084 68711 | 12745 126 | 12628 12620 | 99.09 | GCF_000006765.1_ASM676v1_genomic_NC_002516.2 NODE_112_length_24223_cov_153.572699
			  Gap between these two alignments (local misassembly). Inconsistency = 258
			Real Alignment 2: 54050 54839 | 14521 13732 | 790 790 | 98.99 | GCF_000006765.1_ASM676v1_genomic_NC_002516.2 NODE_112_length_24223_cov_153.572699
			  Gap between these two alignments (local misassembly). Inconsistency = 101
			Real Alignment 3: 44247 53082 | 24223 15388 | 8836 8836 | 98.97 | GCF_000006765.1_ASM676v1_genomic_NC_002516.2 NODE_112_length_24223_cov_153.572699
		Unaligned bases: 1977

CONTIG: NODE_116_length_21264_cov_215.527229 (21264bp)
Best alignment score: 10093.5 (LEN: 10180, IDY: 99.15), Total number of alignments: 5
			Looking for the best set of alignments (out of 5 total alignments)
			Skipping redundant alignments after choosing the best set of alignments
		Skipping redundant alignment 2760361 2760819 | 3025 3484 | 459 460 | 98.26 | GCF_000006765.1_ASM676v1_genomic_NC_002516.2 NODE_116_length_21264_cov_215.527229
		This contig has several significant sets of alignments. [An ambiguously mapped contig]
		Using only the very best set (option --ambiguity-usage is set to "one").
			The best set is below. Score: 16426.0, number of alignments: 4, unaligned bases: 4293
		This contig is misassembled.
		This contig is partially unaligned. (Aligned 16971 out of 21264 non-N bases (79.81%))
			Real Alignment 1: 2761408 2762955 | 1699 3269 | 1548 1571 | 96.63 | GCF_000006765.1_ASM676v1_genomic_NC_002516.2 NODE_116_length_21264_cov_215.527229
			  Extensive misassembly (relocation, inconsistency = -4505) between these two alignments
			Real Alignment 2: 2759147 2760356 | 3966 5175 | 1210 1210 | 99.17 | GCF_000006765.1_ASM676v1_genomic_NC_002516.2 NODE_116_length_21264_cov_215.527229
			  Gap between these two alignments (local misassembly). Inconsistency = 975
			Real Alignment 3: 2762285 2766330 | 6129 10138 | 4046 4010 | 96.97 | GCF_000006765.1_ASM676v1_genomic_NC_002516.2 NODE_116_length_21264_cov_215.527229
			  Gap between these two alignments (local misassembly). Inconsistency = 15
			Real Alignment 4: 2767292 2777471 | 11085 21264 | 10180 10180 | 99.15 | GCF_000006765.1_ASM676v1_genomic_NC_002516.2 NODE_116_length_21264_cov_215.527229
		Unaligned bases: 4293

CONTIG: NODE_117_length_20933_cov_194.750263 (20933bp)
Best alignment score: 20768.4 (LEN: 20856, IDY: 99.58), Total number of alignments: 1
		One align captures most of this contig: 1650539 1671394 | 54 20909 | 20856 20856 | 99.58 | GCF_000006765.1_ASM676v1_genomic_NC_002516.2 NODE_117_length_20933_cov_194.750263

CONTIG: NODE_118_length_19864_cov_206.598516 (19864bp)
Best alignment score: 19288.4 (LEN: 19442, IDY: 99.21), Total number of alignments: 3
			Looking for the best set of alignments (out of 3 total alignments)
			Skipping redundant alignments after choosing the best set of alignments
		Skipping redundant alignment 2118520 2118620 | 101 1 | 101 101 | 99.01 | GCF_000006765.1_ASM676v1_genomic_NC_002516.2 NODE_118_length_19864_cov_206.598516
		Skipping redundant alignment 1062334 1062434 | 1 101 | 101 101 | 97.03 | GCF_000006765.1_ASM676v1_genomic_NC_002516.2 NODE_118_length_19864_cov_206.598516
		This contig has several significant sets of alignments. [An ambiguously mapped contig]
		Using only the very best set (option --ambiguity-usage is set to "one").
			The best set is below. Score: 19288.4, number of alignments: 1, unaligned bases: 422
		Alignment: 3099303 3118745 | 423 19864 | 19443 19442 | 99.21 | GCF_000006765.1_ASM676v1_genomic_NC_002516.2 NODE_118_length_19864_cov_206.598516

CONTIG: NODE_119_length_16809_cov_187.355020 (16809bp)
Best alignment score: 290.0 (LEN: 297, IDY: 97.64), Total number of alignments: 4
			Looking for the best set of alignments (out of 4 total alignments)
			Skipping redundant alignments after choosing the best set of alignments
		Skipping redundant alignment 2119459 2119755 | 15229 14933 | 297 297 | 97.31 | GCF_000006765.1_ASM676v1_genomic_NC_002516.2 NODE_119_length_16809_cov_187.355020
		Skipping redundant alignment 1061496 1061619 | 16686 16809 | 124 124 | 100.0 | GCF_000006765.1_ASM676v1_genomic_NC_002516.2 NODE_119_length_16809_cov_187.355020
		Skipping redundant alignment 2119335 2119458 | 16809 16686 | 124 124 | 100.0 | GCF_000006765.1_ASM676v1_genomic_NC_002516.2 NODE_119_length_16809_cov_187.355020
		This contig has several significant sets of alignments. [An ambiguously mapped contig]
		Using only the very best set (option --ambiguity-usage is set to "one").
			The best set is below. Score: 290.0, number of alignments: 1, unaligned bases: 16512
		This contig is partially unaligned. (Aligned 297 out of 16809 non-N bases (1.77%))
		Alignment: 1061199 1061495 | 14933 15229 | 297 297 | 97.64 | GCF_000006765.1_ASM676v1_genomic_NC_002516.2 NODE_119_length_16809_cov_187.355020
		Unaligned bases: 1 to 14932 (14932)
		Unaligned bases: 15230 to 16809 (1580)

CONTIG: NODE_133_length_5787_cov_140.547104 (5787bp)
Best alignment score: 5543.9 (LEN: 5565, IDY: 99.62), Total number of alignments: 2
			Looking for the best set of alignments (out of 2 total alignments)
		This contig has several significant sets of alignments. [An ambiguously mapped contig]
		Using only the very best set (option --ambiguity-usage is set to "one").
			The best set is below. Score: 5591.9, number of alignments: 2, unaligned bases: 150
		This contig is misassembled.
			Real Alignment 1: 1644941 1645012 | 1 72 | 72 72 | 100.0 | GCF_000006765.1_ASM676v1_genomic_NC_002516.2 NODE_133_length_5787_cov_140.547104
			  Gap between these two alignments (local misassembly). Inconsistency = -133
			Real Alignment 2: 1645024 1650587 | 217 5781 | 5564 5565 | 99.62 | GCF_000006765.1_ASM676v1_genomic_NC_002516.2 NODE_133_length_5787_cov_140.547104

CONTIG: NODE_134_length_5696_cov_323.007800 (5696bp)
Best alignment score: 5633.9 (LEN: 5696, IDY: 98.91), Total number of alignments: 4
		This contig has 4 significant alignments. [An ambiguously mapped contig]
		Using only first of these alignment (option --ambiguity-usage is set to "one"):
			Alignment: 6039575 6045268 | 5696 1 | 5694 5696 | 98.91 | GCF_000006765.1_ASM676v1_genomic_NC_002516.2 NODE_134_length_5696_cov_323.007800
			Skipping alignment 5264091 5269784 | 5696 1 | 5694 5696 | 98.9 | GCF_000006765.1_ASM676v1_genomic_NC_002516.2 NODE_134_length_5696_cov_323.007800
			Skipping alignment 721572 727265 | 1 5696 | 5694 5696 | 98.9 | GCF_000006765.1_ASM676v1_genomic_NC_002516.2 NODE_134_length_5696_cov_323.007800
			Skipping alignment 4788565 4794256 | 5696 1 | 5692 5696 | 98.86 | GCF_000006765.1_ASM676v1_genomic_NC_002516.2 NODE_134_length_5696_cov_323.007800

CONTIG: NODE_135_length_5687_cov_267.502308 (5687bp)
Best alignment score: 5646.1 (LEN: 5687, IDY: 99.28), Total number of alignments: 2
		This contig has 2 significant alignments. [An ambiguously mapped contig]
		Using only first of these alignment (option --ambiguity-usage is set to "one"):
			Alignment: 2071296 2076982 | 5687 1 | 5687 5687 | 99.28 | GCF_000006765.1_ASM676v1_genomic_NC_002516.2 NODE_135_length_5687_cov_267.502308
			Skipping alignment 4714401 4720087 | 5687 1 | 5687 5687 | 98.68 | GCF_000006765.1_ASM676v1_genomic_NC_002516.2 NODE_135_length_5687_cov_267.502308

CONTIG: NODE_143_length_3816_cov_186.448285 (3816bp)
Best alignment score: 3808.0 (LEN: 3816, IDY: 99.79), Total number of alignments: 1
		One align captures most of this contig: 4833188 4837003 | 3816 1 | 3816 3816 | 99.79 | GCF_000006765.1_ASM676v1_genomic_NC_002516.2 NODE_143_length_3816_cov_186.448285

CONTIG: NODE_149_length_3141_cov_401.110823 (3141bp)
Best alignment score: 3120.0 (LEN: 3141, IDY: 99.33), Total number of alignments: 2
		This contig has 2 significant alignments. [An ambiguously mapped contig]
		Using only first of these alignment (option --ambiguity-usage is set to "one"):
			Alignment: 41161 44301 | 3141 1 | 3141 3141 | 99.33 | GCF_000006765.1_ASM676v1_genomic_NC_002516.2 NODE_149_length_3141_cov_401.110823
			Skipping alignment 2777417 2780557 | 1 3141 | 3141 3141 | 99.3 | GCF_000006765.1_ASM676v1_genomic_NC_002516.2 NODE_149_length_3141_cov_401.110823

CONTIG: NODE_151_length_2682_cov_102.248573 (2682bp)
Best alignment score: 1625.1 (LEN: 1651, IDY: 98.43), Total number of alignments: 1
			Looking for the best set of alignments (out of 1 total alignments)
			The best set is below. Score: 1625.1, number of alignments: 1, unaligned bases: 1031
		This contig is partially unaligned. (Aligned 1651 out of 2682 non-N bases (61.56%))
		Alignment: 2757495 2759146 | 1 1651 | 1652 1651 | 98.43 | GCF_000006765.1_ASM676v1_genomic_NC_002516.2 NODE_151_length_2682_cov_102.248573
		Unaligned bases: 1652 to 2682 (1031)

CONTIG: NODE_158_length_2092_cov_194.288660 (2092bp)
Best alignment score: 2075.1 (LEN: 2092, IDY: 99.19), Total number of alignments: 1
		One align captures most of this contig: 4837038 4839129 | 1 2092 | 2092 2092 | 99.19 | GCF_000006765.1_ASM676v1_genomic_NC_002516.2 NODE_158_length_2092_cov_194.288660

CONTIG: NODE_164_length_1468_cov_407.095541 (1468bp)
Best alignment score: 1463.0 (LEN: 1468, IDY: 99.66), Total number of alignments: 2
		This contig has 2 significant alignments. [An ambiguously mapped contig]
		Using only first of these alignment (option --ambiguity-usage is set to "one"):
			Alignment: 2170039 2171506 | 1468 1 | 1468 1468 | 99.66 | GCF_000006765.1_ASM676v1_genomic_NC_002516.2 NODE_164_length_1468_cov_407.095541
			Skipping alignment 4502322 4503789 | 1468 1 | 1468 1468 | 99.46 | GCF_000006765.1_ASM676v1_genomic_NC_002516.2 NODE_164_length_1468_cov_407.095541

CONTIG: NODE_165_length_1374_cov_2182.085671 (1374bp)
Best alignment score: 1371.0 (LEN: 1374, IDY: 99.78), Total number of alignments: 6
		This contig has 6 significant alignments. [An ambiguously mapped contig]
		Using only first of these alignment (option --ambiguity-usage is set to "one"):
			Alignment: 2556868 2558241 | 1 1374 | 1374 1374 | 99.78 | GCF_000006765.1_ASM676v1_genomic_NC_002516.2 NODE_165_length_1374_cov_2182.085671
			Skipping alignment 3043473 3044846 | 1374 1 | 1374 1374 | 99.78 | GCF_000006765.1_ASM676v1_genomic_NC_002516.2 NODE_165_length_1374_cov_2182.085671
			Skipping alignment 3841997 3843370 | 1374 1 | 1374 1374 | 99.78 | GCF_000006765.1_ASM676v1_genomic_NC_002516.2 NODE_165_length_1374_cov_2182.085671
			Skipping alignment 499827 501200 | 1374 1 | 1374 1374 | 99.78 | GCF_000006765.1_ASM676v1_genomic_NC_002516.2 NODE_165_length_1374_cov_2182.085671
			Skipping alignment 4473543 4474916 | 1 1374 | 1374 1374 | 99.78 | GCF_000006765.1_ASM676v1_genomic_NC_002516.2 NODE_165_length_1374_cov_2182.085671
			Skipping alignment 5382519 5383892 | 1374 1 | 1374 1374 | 99.78 | GCF_000006765.1_ASM676v1_genomic_NC_002516.2 NODE_165_length_1374_cov_2182.085671

CONTIG: NODE_169_length_1255_cov_269.765000 (1255bp)
Best alignment score: 1252.0 (LEN: 1255, IDY: 99.76), Total number of alignments: 2
		This contig has 2 significant alignments. [An ambiguously mapped contig]
		Using only first of these alignment (option --ambiguity-usage is set to "one"):
			Alignment: 3575914 3577168 | 1 1255 | 1255 1255 | 99.76 | GCF_000006765.1_ASM676v1_genomic_NC_002516.2 NODE_169_length_1255_cov_269.765000
			Skipping alignment 2521260 2522514 | 1 1255 | 1255 1255 | 99.68 | GCF_000006765.1_ASM676v1_genomic_NC_002516.2 NODE_169_length_1255_cov_269.765000

CONTIG: NODE_177_length_904_cov_554.525324 (904bp)
Best alignment score: 897.0 (LEN: 904, IDY: 99.23), Total number of alignments: 1
		One align captures most of this contig: 4309916 4310819 | 1 904 | 904 904 | 99.23 | GCF_000006765.1_ASM676v1_genomic_NC_002516.2 NODE_177_length_904_cov_554.525324

CONTIG: NODE_178_length_824_cov_797.895969 (824bp)
Best alignment score: 815.0 (LEN: 824, IDY: 98.91), Total number of alignments: 2
		Skipping these alignments as insignificant (option --ambiguity-score is set to "0.99"):
			Skipping alignment 1061565 1062388 | 824 1 | 824 824 | 96.97 | GCF_000006765.1_ASM676v1_genomic_NC_002516.2 NODE_178_length_824_cov_797.895969
		One align captures most of this contig: 2118566 2119389 | 1 824 | 824 824 | 98.91 | GCF_000006765.1_ASM676v1_genomic_NC_002516.2 NODE_178_length_824_cov_797.895969

CONTIG: NODE_179_length_779_cov_467.349448 (779bp)
Best alignment score: 778.0 (LEN: 779, IDY: 99.87), Total number of alignments: 2
		This contig has 2 significant alignments. [An ambiguously mapped contig]
		Using only first of these alignment (option --ambiguity-usage is set to "one"):
			Alignment: 1644217 1644995 | 1 779 | 779 779 | 99.87 | GCF_000006765.1_ASM676v1_genomic_NC_002516.2 NODE_179_length_779_cov_467.349448
			Skipping alignment 297053 297831 | 1 779 | 779 779 | 99.23 | GCF_000006765.1_ASM676v1_genomic_NC_002516.2 NODE_179_length_779_cov_467.349448

Analyzing coverage...
Writing SNPs into /home/modesto/data/freeDNA/quast_results/results_2022_03_10_13_57_32/runs_per_reference/GCF_000006765.1_ASM676v1_genomic/contigs_reports/minimap_output/piMDA_2.used_snps.gz

Analysis is finished!
Founded SNPs were written into /home/modesto/data/freeDNA/quast_results/results_2022_03_10_13_57_32/runs_per_reference/GCF_000006765.1_ASM676v1_genomic/contigs_reports/minimap_output/piMDA_2.used_snps.gz

Results:
	Local Misassemblies: 56
	Misassemblies: 52
		Relocations: 52
		Translocations: 0
		Inversions: 0
	Scaffold gap extensive misassemblies: 0
	Scaffold gap local misassemblies: 0
	Misassembled Contigs: 25
	Misassembled Contig Bases: 4802028
	Misassemblies Inter-Contig Overlap ("Extra" Aligned Bases): 0
Unaligned Contigs: 0 + 30 part
Half Unaligned Contigs with Misassemblies: 0
Unaligned Bases in Fully and Partially Unaligned Contigs: 543578

Ambiguously Mapped Contigs: 25
Total Bases in Ambiguously Mapped Contigs: 3018056
"Extra" Aligned Bases in Ambiguously Mapped Contigs: 0
Note that --allow-ambiguity option was set to "one" and only first alignment per each of these contigs was used (there is no "extra" aligned bases).

	Covered Bases in Reference: 6003590
	Raw Aligned Bases in Assembly: 6024611
	Total Aligned Bases in Assembly (with "Extras"): 6024611

	SNPs: 30591
	Insertions: 1436
	Deletions: 1927

