Aligning contigs to reference...
	Aligning contigs to the reference
Filtering alignments...
Parsing coords...
Loading reference...
	Loaded [GCF_000006765.1_ASM676v1_genomic_NC_002516.2]
	Total Regions: 1
	Total Region Length: 6264404
Analyzing contigs...
CONTIG: NODE_6_length_480222_cov_22.253024 (480222bp)
Best alignment score: 128607.4 (LEN: 129098, IDY: 99.62), Total number of alignments: 13
			Looking for the best set of alignments (out of 13 total alignments)
			Skipping redundant alignments after choosing the best set of alignments
		Skipping redundant alignment 630406 630515 | 397047 397156 | 110 110 | 100.0 | GCF_000006765.1_ASM676v1_genomic_NC_002516.2 NODE_6_length_480222_cov_22.253024
		This contig has several significant sets of alignments. [An ambiguously mapped contig]
		Using only the very best set (option --ambiguity-usage is set to "one").
			The best set is below. Score: 429964.4, number of alignments: 12, unaligned bases: 46564
		This contig is misassembled.
		This contig is partially unaligned. (Aligned 433658 out of 480222 non-N bases (90.30%))
			Real Alignment 1: 264842 286235 | 47 21437 | 21394 21391 | 99.41 | GCF_000006765.1_ASM676v1_genomic_NC_002516.2 NODE_6_length_480222_cov_22.253024
			  Gap between these two alignments (local misassembly). Inconsistency = -505
			Real Alignment 2: 286332 370486 | 22039 106222 | 84155 84184 | 99.43 | GCF_000006765.1_ASM676v1_genomic_NC_002516.2 NODE_6_length_480222_cov_22.253024
			  Gap between these two alignments (local misassembly). Inconsistency = -757
			Excluding internal overlap of size 82 between Alignment 3 and 4: 501220 515760 | 236215 250753 | 14541 14539 --> 501302 515760 | 236297 250753 | 14459 14457
			Real Alignment 3: 370706 499828 | 107199 236296 | 129123 129098 | 99.62 | GCF_000006765.1_ASM676v1_genomic_NC_002516.2 NODE_6_length_480222_cov_22.253024
			  Extensive misassembly (relocation, inconsistency = 1473) between these two alignments
			Real Alignment 4: 501302 515760 | 236297 250753 | 14459 14457 | 99.36 | GCF_000006765.1_ASM676v1_genomic_NC_002516.2 NODE_6_length_480222_cov_22.253024
			  Gap between these two alignments (local misassembly). Inconsistency = 267
			Excluding internal overlap of size 36 between Alignment 5 and 6: 516029 521367 | 250755 256092 | 5339 5338 --> 516029 521331 | 250755 256056 | 5303 5302
			Real Alignment 5: 516029 521331 | 250755 256056 | 5303 5302 | 99.18 | GCF_000006765.1_ASM676v1_genomic_NC_002516.2 NODE_6_length_480222_cov_22.253024
			  Gap between these two alignments (local misassembly). Inconsistency = 238
			Real Alignment 6: 521570 556266 | 256057 290739 | 34697 34683 | 99.2 | GCF_000006765.1_ASM676v1_genomic_NC_002516.2 NODE_6_length_480222_cov_22.253024
			  Extensive misassembly (relocation, inconsistency = 1088) between these two alignments
			Real Alignment 7: 558755 628414 | 292140 361823 | 69660 69684 | 99.54 | GCF_000006765.1_ASM676v1_genomic_NC_002516.2 NODE_6_length_480222_cov_22.253024
			  Extensive misassembly (relocation, inconsistency = -36079) between these two alignments
			Real Alignment 8: 630516 654090 | 400004 423578 | 23575 23575 | 99.38 | GCF_000006765.1_ASM676v1_genomic_NC_002516.2 NODE_6_length_480222_cov_22.253024
			  Gap between these two alignments (local misassembly). Inconsistency = -18
			Real Alignment 9: 655203 656593 | 424709 426099 | 1391 1391 | 98.63 | GCF_000006765.1_ASM676v1_genomic_NC_002516.2 NODE_6_length_480222_cov_22.253024
			  Extensive misassembly (relocation, inconsistency = -2990) between these two alignments
			Real Alignment 10: 656594 680157 | 429090 452651 | 23564 23562 | 99.54 | GCF_000006765.1_ASM676v1_genomic_NC_002516.2 NODE_6_length_480222_cov_22.253024
			  Gap between these two alignments (local misassembly). Inconsistency = -23
			Real Alignment 11: 681341 689219 | 453858 461736 | 7879 7879 | 99.3 | GCF_000006765.1_ASM676v1_genomic_NC_002516.2 NODE_6_length_480222_cov_22.253024
			  Extensive misassembly (relocation, inconsistency = 13908) between these two alignments
			Real Alignment 12: 703162 721614 | 461771 480222 | 18453 18452 | 99.3 | GCF_000006765.1_ASM676v1_genomic_NC_002516.2 NODE_6_length_480222_cov_22.253024
		Unaligned bases: 46564

CONTIG: NODE_7_length_453250_cov_18.589325 (453250bp)
Best alignment score: 215718.7 (LEN: 216585, IDY: 99.60), Total number of alignments: 8
			Looking for the best set of alignments (out of 8 total alignments)
		This contig has several significant sets of alignments. [An ambiguously mapped contig]
		Using only the very best set (option --ambiguity-usage is set to "one").
			The best set is below. Score: 438919.4, number of alignments: 8, unaligned bases: 11133
		This contig is misassembled.
		This contig is partially unaligned. (Aligned 442117 out of 453250 non-N bases (97.54%))
			Excluding internal overlap of size 39 between Alignment 1 and 2: 3843323 3843435 | 1 113 | 113 113 --> 3843323 3843396 | 1 74 | 74 74
			Real Alignment 1: 3843323 3843396 | 1 74 | 74 74 | 95.58 | GCF_000006765.1_ASM676v1_genomic_NC_002516.2 NODE_7_length_453250_cov_18.589325
			  Gap between these two alignments (local misassembly). Inconsistency = 202
			Excluding internal overlap of size 642 between Alignment 2 and 3: 3873988 3899934 | 30423 56346 | 25947 25924 --> 3874646 3899934 | 31065 56346 | 25289 25282
			Real Alignment 2: 3843599 3874531 | 75 31064 | 30933 30990 | 99.15 | GCF_000006765.1_ASM676v1_genomic_NC_002516.2 NODE_7_length_453250_cov_18.589325
			  Gap between these two alignments (local misassembly). Inconsistency = 114
			Real Alignment 3: 3874646 3899934 | 31065 56346 | 25289 25282 | 99.42 | GCF_000006765.1_ASM676v1_genomic_NC_002516.2 NODE_7_length_453250_cov_18.589325
			  Extensive misassembly (relocation, inconsistency = 7193) between these two alignments
			Real Alignment 4: 3907188 3914108 | 56407 63320 | 6921 6914 | 99.57 | GCF_000006765.1_ASM676v1_genomic_NC_002516.2 NODE_7_length_453250_cov_18.589325
			  Extensive misassembly (relocation, inconsistency = 16488) between these two alignments
			Excluding internal overlap of size 203 between Alignment 5 and 6: 3930743 4008924 | 63467 141619 | 78182 78153 --> 3930743 4008732 | 63467 141416 | 77990 77950
			Real Alignment 5: 3930743 4008732 | 63467 141416 | 77990 77950 | 99.57 | GCF_000006765.1_ASM676v1_genomic_NC_002516.2 NODE_7_length_453250_cov_18.589325
			  Gap between these two alignments (local misassembly). Inconsistency = 218
			Real Alignment 6: 4008951 4225553 | 141417 358001 | 216603 216585 | 99.6 | GCF_000006765.1_ASM676v1_genomic_NC_002516.2 NODE_7_length_453250_cov_18.589325
			  Extensive misassembly (relocation, inconsistency = -6835) between these two alignments
			Real Alignment 7: 4225664 4281752 | 364947 421034 | 56089 56088 | 99.6 | GCF_000006765.1_ASM676v1_genomic_NC_002516.2 NODE_7_length_453250_cov_18.589325
			  Extensive misassembly (relocation, inconsistency = -3996) between these two alignments
			Real Alignment 8: 4281739 4309970 | 425017 453250 | 28232 28234 | 99.33 | GCF_000006765.1_ASM676v1_genomic_NC_002516.2 NODE_7_length_453250_cov_18.589325
		Unaligned bases: 11133

CONTIG: NODE_9_length_400324_cov_16.163917 (400324bp)
Best alignment score: 209797.1 (LEN: 211106, IDY: 99.38), Total number of alignments: 3
			Looking for the best set of alignments (out of 3 total alignments)
			The best set is below. Score: 397487.5, number of alignments: 3, unaligned bases: 59
		This contig is misassembled.
			Excluding internal overlap of size 1383 between Alignment 1 and 2: 2040010 2070847 | 30838 1 | 30838 30838 --> 2041393 2070847 | 29455 1 | 29455 29455
			Real Alignment 1: 2041393 2070847 | 29455 1 | 29455 29455 | 98.62 | GCF_000006765.1_ASM676v1_genomic_NC_002516.2 NODE_9_length_400324_cov_16.163917
			  Overlap between these two alignments (local misassembly). Inconsistency = -738
			Real Alignment 2: 1882456 2042130 | 189159 29456 | 159675 159704 | 99.38 | GCF_000006765.1_ASM676v1_genomic_NC_002516.2 NODE_9_length_400324_cov_16.163917
			  Gap between these two alignments (local misassembly). Inconsistency = -121
			Real Alignment 3: 1671364 1882541 | 400300 189195 | 211178 211106 | 99.38 | GCF_000006765.1_ASM676v1_genomic_NC_002516.2 NODE_9_length_400324_cov_16.163917

CONTIG: NODE_10_length_394349_cov_17.781582 (394349bp)
Best alignment score: 300434.2 (LEN: 301762, IDY: 99.56), Total number of alignments: 3
			Looking for the best set of alignments (out of 3 total alignments)
			The best set is below. Score: 378827.3, number of alignments: 3, unaligned bases: 13564
		This contig is misassembled.
		This contig is partially unaligned. (Aligned 380785 out of 394349 non-N bases (96.56%))
			Real Alignment 1: 3547689 3575968 | 28274 1 | 28280 28274 | 99.58 | GCF_000006765.1_ASM676v1_genomic_NC_002516.2 NODE_10_length_394349_cov_17.781582
			  Extensive misassembly (relocation, inconsistency = 7647) between these two alignments
			Excluding internal overlap of size 82 between Alignment 2 and 3: 3475648 3526477 | 92669 41839 | 50830 50831 --> 3475730 3526477 | 92587 41839 | 50748 50749
			Real Alignment 2: 3475730 3526477 | 92587 41839 | 50748 50749 | 99.58 | GCF_000006765.1_ASM676v1_genomic_NC_002516.2 NODE_10_length_394349_cov_17.781582
			  Gap between these two alignments (local misassembly). Inconsistency = 191
			Real Alignment 3: 3173783 3475538 | 394349 92588 | 301756 301762 | 99.56 | GCF_000006765.1_ASM676v1_genomic_NC_002516.2 NODE_10_length_394349_cov_17.781582
		Unaligned bases: 13564

CONTIG: NODE_12_length_358565_cov_15.469970 (358565bp)
Best alignment score: 103292.6 (LEN: 103937, IDY: 99.38), Total number of alignments: 7
			Looking for the best set of alignments (out of 7 total alignments)
			The best set is below. Score: 350705.3, number of alignments: 7, unaligned bases: 5321
		This contig is misassembled.
		This contig is partially unaligned. (Aligned 353244 out of 358565 non-N bases (98.52%))
			Real Alignment 1: 4658362 4672822 | 14507 48 | 14461 14460 | 99.45 | GCF_000006765.1_ASM676v1_genomic_NC_002516.2 NODE_12_length_358565_cov_15.469970
			  Extensive misassembly (relocation, inconsistency = -5159) between these two alignments
			Excluding internal overlap of size 4 between Alignment 2 and 3: 4528680 4553812 | 148818 123715 | 25133 25104 --> 4528680 4553808 | 148818 123719 | 25129 25100
			Real Alignment 2: 4554322 4658246 | 123718 19782 | 103925 103937 | 99.38 | GCF_000006765.1_ASM676v1_genomic_NC_002516.2 NODE_12_length_358565_cov_15.469970
			  Gap between these two alignments (local misassembly). Inconsistency = 513
			Excluding internal overlap of size 80 between Alignment 3 and 4: 4528680 4553808 | 148818 123719 | 25129 25100 --> 4528761 4553808 | 148738 123719 | 25048 25020
			Real Alignment 3: 4528761 4553808 | 148738 123719 | 25048 25020 | 99.42 | GCF_000006765.1_ASM676v1_genomic_NC_002516.2 NODE_12_length_358565_cov_15.469970
			  Gap between these two alignments (local misassembly). Inconsistency = 227
			Excluding internal overlap of size 1 between Alignment 4 and 5: 4474915 4528533 | 202357 148739 | 53619 53619 --> 4474916 4528533 | 202356 148739 | 53618 53618
			Real Alignment 4: 4474916 4528533 | 202356 148739 | 53618 53618 | 99.69 | GCF_000006765.1_ASM676v1_genomic_NC_002516.2 NODE_12_length_358565_cov_15.469970
			  Extensive misassembly (relocation, inconsistency = 1372) between these two alignments
			Excluding internal overlap of size 231 between Alignment 5 and 6: 4333206 4376986 | 342460 298686 | 43781 43775 --> 4333206 4376753 | 342460 298917 | 43548 43544
			Real Alignment 5: 4377012 4473543 | 298916 202357 | 96532 96560 | 99.65 | GCF_000006765.1_ASM676v1_genomic_NC_002516.2 NODE_12_length_358565_cov_15.469970
			  Gap between these two alignments (local misassembly). Inconsistency = 258
			Excluding internal overlap of size 6 between Alignment 6 and 7: 4310765 4326875 | 358565 342455 | 16111 16111 --> 4310765 4326869 | 358565 342461 | 16105 16105
			Real Alignment 6: 4333206 4376753 | 342460 298917 | 43548 43544 | 99.53 | GCF_000006765.1_ASM676v1_genomic_NC_002516.2 NODE_12_length_358565_cov_15.469970
			  Extensive misassembly (relocation, inconsistency = 6336) between these two alignments
			Real Alignment 7: 4310765 4326869 | 358565 342461 | 16105 16105 | 99.47 | GCF_000006765.1_ASM676v1_genomic_NC_002516.2 NODE_12_length_358565_cov_15.469970
		Unaligned bases: 5321

CONTIG: NODE_13_length_341015_cov_17.718765 (341015bp)
Best alignment score: 156307.2 (LEN: 156998, IDY: 99.56), Total number of alignments: 4
			Looking for the best set of alignments (out of 4 total alignments)
			The best set is below. Score: 338968.8, number of alignments: 4, unaligned bases: 250
		This contig is misassembled.
			Excluding internal overlap of size 96 between Alignment 1 and 2: 5383892 5455107 | 228384 157153 | 71216 71232 --> 5383892 5455011 | 228384 157249 | 71120 71136
			Real Alignment 1: 5455224 5612211 | 157248 251 | 156988 156998 | 99.56 | GCF_000006765.1_ASM676v1_genomic_NC_002516.2 NODE_13_length_341015_cov_17.718765
			  Gap between these two alignments (local misassembly). Inconsistency = 212
			Excluding internal overlap of size 1 between Alignment 2 and 3: 5361354 5382520 | 249513 228384 | 21167 21130 --> 5361354 5382519 | 249513 228385 | 21166 21129
			Real Alignment 2: 5383892 5455011 | 228384 157249 | 71120 71136 | 99.61 | GCF_000006765.1_ASM676v1_genomic_NC_002516.2 NODE_13_length_341015_cov_17.718765
			  Extensive misassembly (relocation, inconsistency = 1372) between these two alignments
			Excluding internal overlap of size 87 between Alignment 3 and 4: 5361354 5382519 | 249513 228385 | 21166 21129 --> 5361441 5382519 | 249426 228385 | 21079 21042
			Real Alignment 3: 5361441 5382519 | 249426 228385 | 21079 21042 | 99.54 | GCF_000006765.1_ASM676v1_genomic_NC_002516.2 NODE_13_length_341015_cov_17.718765
			  Gap between these two alignments (local misassembly). Inconsistency = 101
			Real Alignment 4: 5269747 5361339 | 341015 249427 | 91593 91589 | 99.58 | GCF_000006765.1_ASM676v1_genomic_NC_002516.2 NODE_13_length_341015_cov_17.718765

CONTIG: NODE_15_length_320082_cov_22.810385 (320082bp)
Best alignment score: 116139.0 (LEN: 116793, IDY: 99.44), Total number of alignments: 4
			Looking for the best set of alignments (out of 4 total alignments)
		This contig has several significant sets of alignments. [An ambiguously mapped contig]
		Using only the very best set (option --ambiguity-usage is set to "one").
			The best set is below. Score: 299335.3, number of alignments: 4, unaligned bases: 18746
		This contig is misassembled.
		This contig is partially unaligned. (Aligned 301336 out of 320082 non-N bases (94.14%))
			Real Alignment 1: 5798591 5915365 | 116797 5 | 116775 116793 | 99.44 | GCF_000006765.1_ASM676v1_genomic_NC_002516.2 NODE_15_length_320082_cov_22.810385
			  Extensive misassembly (relocation, inconsistency = -13827) between these two alignments
			Real Alignment 2: 5727409 5798637 | 201808 130578 | 71229 71231 | 99.48 | GCF_000006765.1_ASM676v1_genomic_NC_002516.2 NODE_15_length_320082_cov_22.810385
			  Gap between these two alignments (local misassembly). Inconsistency = 3
			Real Alignment 3: 5726104 5726611 | 203110 202603 | 508 508 | 90.55 | GCF_000006765.1_ASM676v1_genomic_NC_002516.2 NODE_15_length_320082_cov_22.810385
			  Gap between these two alignments (local misassembly). Inconsistency = -878
			Real Alignment 4: 5612277 5725080 | 317815 205012 | 112804 112804 | 99.42 | GCF_000006765.1_ASM676v1_genomic_NC_002516.2 NODE_15_length_320082_cov_22.810385
		Unaligned bases: 18746

CONTIG: NODE_19_length_257014_cov_12.055347 (257014bp)
Best alignment score: 120085.4 (LEN: 120701, IDY: 99.49), Total number of alignments: 7
			Looking for the best set of alignments (out of 7 total alignments)
			Skipping redundant alignments after choosing the best set of alignments
		Skipping redundant alignment 2705339 2705423 | 122152 122068 | 85 85 | 98.82 | GCF_000006765.1_ASM676v1_genomic_NC_002516.2 NODE_19_length_257014_cov_12.055347
		Skipping redundant alignment 3874252 3874340 | 122157 122069 | 89 89 | 97.75 | GCF_000006765.1_ASM676v1_genomic_NC_002516.2 NODE_19_length_257014_cov_12.055347
		This contig has several significant sets of alignments. [An ambiguously mapped contig]
		Using only the very best set (option --ambiguity-usage is set to "one").
			The best set is below. Score: 253072.9, number of alignments: 5, unaligned bases: 1715
		This contig is misassembled.
		This contig is partially unaligned. (Aligned 255299 out of 257014 non-N bases (99.33%))
			Real Alignment 1: 2318223 2438984 | 121852 1152 | 120762 120701 | 99.49 | GCF_000006765.1_ASM676v1_genomic_NC_002516.2 NODE_19_length_257014_cov_12.055347
			  Extensive misassembly (relocation, inconsistency = 6707) between these two alignments
			Real Alignment 2: 2279853 2311107 | 153513 122261 | 31255 31253 | 99.43 | GCF_000006765.1_ASM676v1_genomic_NC_002516.2 NODE_19_length_257014_cov_12.055347
			  Gap between these two alignments (local misassembly). Inconsistency = 310
			Real Alignment 3: 2279379 2279535 | 153677 153521 | 157 157 | 98.09 | GCF_000006765.1_ASM676v1_genomic_NC_002516.2 NODE_19_length_257014_cov_12.055347
			  Extensive misassembly (relocation, inconsistency = 1880) between these two alignments
			Real Alignment 4: 2229137 2277496 | 202069 153680 | 48360 48390 | 99.11 | GCF_000006765.1_ASM676v1_genomic_NC_002516.2 NODE_19_length_257014_cov_12.055347
			  Extensive misassembly (relocation, inconsistency = 2742) between these two alignments
			Real Alignment 5: 2171452 2226247 | 257014 202217 | 54796 54798 | 99.59 | GCF_000006765.1_ASM676v1_genomic_NC_002516.2 NODE_19_length_257014_cov_12.055347
		Unaligned bases: 1715

CONTIG: NODE_20_length_250423_cov_22.701731 (250423bp)
Best alignment score: 76445.0 (LEN: 77264, IDY: 98.94), Total number of alignments: 6
			Looking for the best set of alignments (out of 6 total alignments)
		This contig has several significant sets of alignments. [An ambiguously mapped contig]
		Using only the very best set (option --ambiguity-usage is set to "one").
			The best set is below. Score: 222295.2, number of alignments: 6, unaligned bases: 25525
		This contig is misassembled.
		This contig is partially unaligned. (Aligned 224898 out of 250423 non-N bases (89.81%))
			Real Alignment 1: 1244530 1247979 | 3503 54 | 3450 3450 | 99.45 | GCF_000006765.1_ASM676v1_genomic_NC_002516.2 NODE_20_length_250423_cov_22.701731
			  Gap between these two alignments (local misassembly). Inconsistency = 191
			Real Alignment 2: 1242899 1243394 | 4943 4448 | 496 496 | 96.98 | GCF_000006765.1_ASM676v1_genomic_NC_002516.2 NODE_20_length_250423_cov_22.701731
			  Gap between these two alignments (local misassembly). Inconsistency = -867
			Real Alignment 3: 1187274 1242668 | 61437 6041 | 55395 55397 | 99.41 | GCF_000006765.1_ASM676v1_genomic_NC_002516.2 NODE_20_length_250423_cov_22.701731
			  Extensive misassembly (relocation, inconsistency = -3505) between these two alignments
			Real Alignment 4: 1096940 1174198 | 155281 78018 | 77259 77264 | 98.94 | GCF_000006765.1_ASM676v1_genomic_NC_002516.2 NODE_20_length_250423_cov_22.701731
			  Extensive misassembly (relocation, inconsistency = -6821) between these two alignments
			Excluding internal overlap of size 22 between Alignment 5 and 6: 1069361 1096956 | 189662 162086 | 27596 27577 --> 1069383 1096956 | 189640 162086 | 27574 27555
			Real Alignment 5: 1069383 1096956 | 189640 162086 | 27574 27555 | 98.94 | GCF_000006765.1_ASM676v1_genomic_NC_002516.2 NODE_20_length_250423_cov_22.701731
			  Extensive misassembly (relocation, inconsistency = 8950) between these two alignments
			Real Alignment 6: 999717 1060432 | 250376 189641 | 60716 60736 | 99.47 | GCF_000006765.1_ASM676v1_genomic_NC_002516.2 NODE_20_length_250423_cov_22.701731
		Unaligned bases: 25525

CONTIG: NODE_21_length_246384_cov_20.796983 (246384bp)
Best alignment score: 95480.8 (LEN: 95845, IDY: 99.62), Total number of alignments: 6
			Looking for the best set of alignments (out of 6 total alignments)
			Skipping redundant alignments after choosing the best set of alignments
		Skipping redundant alignment 688102 688200 | 58322 58224 | 99 99 | 94.95 | GCF_000006765.1_ASM676v1_genomic_NC_002516.2 NODE_21_length_246384_cov_20.796983
		This contig has several significant sets of alignments. [An ambiguously mapped contig]
		Using only the very best set (option --ambiguity-usage is set to "one").
			The best set is below. Score: 161770.5, number of alignments: 5, unaligned bases: 83097
		This contig is misassembled.
		This contig is partially unaligned. (Aligned 163287 out of 246384 non-N bases (66.27%))
			Real Alignment 1: 2923247 2936423 | 1 13177 | 13177 13177 | 99.61 | GCF_000006765.1_ASM676v1_genomic_NC_002516.2 NODE_21_length_246384_cov_20.796983
			  Extensive misassembly (relocation, inconsistency = -31747) between these two alignments
			Real Alignment 2: 2936477 2947641 | 44978 56142 | 11165 11165 | 99.71 | GCF_000006765.1_ASM676v1_genomic_NC_002516.2 NODE_21_length_246384_cov_20.796983
			  Extensive misassembly (relocation, inconsistency = -50494) between these two alignments
			Excluding internal overlap of size 1 between Alignment 3 and 4: 3044846 3087636 | 202457 245299 | 42791 42843 --> 3044847 3087636 | 202458 245299 | 42790 42842
			Real Alignment 3: 2947618 3043474 | 106613 202457 | 95857 95845 | 99.62 | GCF_000006765.1_ASM676v1_genomic_NC_002516.2 NODE_21_length_246384_cov_20.796983
			  Extensive misassembly (relocation, inconsistency = 1372) between these two alignments
			Real Alignment 4: 3044847 3087636 | 202458 245299 | 42790 42842 | 99.33 | GCF_000006765.1_ASM676v1_genomic_NC_002516.2 NODE_21_length_246384_cov_20.796983
			  Gap between these two alignments (local misassembly). Inconsistency = 157
			Real Alignment 5: 3087873 3088130 | 245379 245636 | 258 258 | 97.29 | GCF_000006765.1_ASM676v1_genomic_NC_002516.2 NODE_21_length_246384_cov_20.796983
		Unaligned bases: 83097

CONTIG: NODE_23_length_233920_cov_22.279272 (233920bp)
Best alignment score: 93644.4 (LEN: 94115, IDY: 99.50), Total number of alignments: 6
			Looking for the best set of alignments (out of 6 total alignments)
			The best set is below. Score: 222935.8, number of alignments: 6, unaligned bases: 8711
		This contig is misassembled.
		This contig is partially unaligned. (Aligned 225209 out of 233920 non-N bases (96.28%))
			Real Alignment 1: 1 41215 | 41216 1 | 41215 41216 | 99.58 | GCF_000006765.1_ASM676v1_genomic_NC_002516.2 NODE_23_length_233920_cov_22.279272
			  Not a misassembly [linear representation of circular genome] between these two alignments
			Real Alignment 2: 6241772 6264404 | 63849 41217 | 22633 22633 | 99.51 | GCF_000006765.1_ASM676v1_genomic_NC_002516.2 NODE_23_length_233920_cov_22.279272
			  Extensive misassembly (relocation, inconsistency = -7151) between these two alignments
			Real Alignment 3: 6209481 6241499 | 103261 71273 | 32019 31989 | 99.28 | GCF_000006765.1_ASM676v1_genomic_NC_002516.2 NODE_23_length_233920_cov_22.279272
			  Extensive misassembly (relocation, inconsistency = -1215) between these two alignments
			Excluding internal overlap of size 125 between Alignment 4 and 5: 6187916 6209407 | 126040 104550 | 21492 21491 --> 6188042 6209407 | 125915 104550 | 21366 21366
			Real Alignment 4: 6188042 6209407 | 125915 104550 | 21366 21366 | 99.38 | GCF_000006765.1_ASM676v1_genomic_NC_002516.2 NODE_23_length_233920_cov_22.279272
			  Overlap between these two alignments (local misassembly). Inconsistency = -109
			Excluding internal overlap of size 1100 between Alignment 5 and 6: 2742558 2757549 | 218931 233920 | 14992 14990 --> 2743658 2757549 | 220031 233920 | 13892 13890
			Real Alignment 5: 6094024 6188150 | 220030 125916 | 94127 94115 | 99.5 | GCF_000006765.1_ASM676v1_genomic_NC_002516.2 NODE_23_length_233920_cov_22.279272
			  Extensive misassembly (relocation, inconsistency = 3336474) between these two alignments
			Real Alignment 6: 2743658 2757549 | 220031 233920 | 13892 13890 | 99.22 | GCF_000006765.1_ASM676v1_genomic_NC_002516.2 NODE_23_length_233920_cov_22.279272
		Unaligned bases: 8711

CONTIG: NODE_24_length_218989_cov_19.061736 (218989bp)
Best alignment score: 101192.1 (LEN: 101721, IDY: 99.48), Total number of alignments: 4
			Looking for the best set of alignments (out of 4 total alignments)
		This contig has several significant sets of alignments. [An ambiguously mapped contig]
		Using only the very best set (option --ambiguity-usage is set to "one").
			The best set is below. Score: 207698.7, number of alignments: 4, unaligned bases: 9626
		This contig is misassembled.
		This contig is partially unaligned. (Aligned 209363 out of 218989 non-N bases (95.60%))
			Real Alignment 1: 901468 950823 | 49396 45 | 49356 49352 | 99.58 | GCF_000006765.1_ASM676v1_genomic_NC_002516.2 NODE_24_length_218989_cov_19.061736
			  Extensive misassembly (relocation, inconsistency = 1177) between these two alignments
			Real Alignment 2: 794431 896139 | 155268 53548 | 101709 101721 | 99.48 | GCF_000006765.1_ASM676v1_genomic_NC_002516.2 NODE_24_length_218989_cov_19.061736
			  Extensive misassembly (relocation, inconsistency = 4045) between these two alignments
			Real Alignment 3: 789727 789916 | 155925 155738 | 190 188 | 92.15 | GCF_000006765.1_ASM676v1_genomic_NC_002516.2 NODE_24_length_218989_cov_19.061736
			  Gap between these two alignments (local misassembly). Inconsistency = -574
			Real Alignment 4: 727224 785338 | 218989 160888 | 58115 58102 | 99.33 | GCF_000006765.1_ASM676v1_genomic_NC_002516.2 NODE_24_length_218989_cov_19.061736
		Unaligned bases: 9626

CONTIG: NODE_25_length_218675_cov_11.505773 (218675bp)
Best alignment score: 80752.0 (LEN: 81354, IDY: 99.26), Total number of alignments: 10
			Looking for the best set of alignments (out of 10 total alignments)
			Skipping redundant alignments after choosing the best set of alignments
		Skipping redundant alignment 2676607 2678116 | 80256 78747 | 1510 1510 | 97.55 | GCF_000006765.1_ASM676v1_genomic_NC_002516.2 NODE_25_length_218675_cov_11.505773
		This contig has several significant sets of alignments. [An ambiguously mapped contig]
		Using only the very best set (option --ambiguity-usage is set to "one").
			The best set is below. Score: 184782.7, number of alignments: 9, unaligned bases: 30379
		This contig is misassembled.
		This contig is partially unaligned. (Aligned 188296 out of 218675 non-N bases (86.11%))
			Real Alignment 1: 2723313 2742612 | 19318 1 | 19300 19318 | 99.17 | GCF_000006765.1_ASM676v1_genomic_NC_002516.2 NODE_25_length_218675_cov_11.505773
			  Gap between these two alignments (local misassembly). Inconsistency = -692
			Real Alignment 2: 2707666 2722710 | 35657 20613 | 15045 15045 | 99.36 | GCF_000006765.1_ASM676v1_genomic_NC_002516.2 NODE_25_length_218675_cov_11.505773
			  Extensive misassembly (relocation, inconsistency = -1003) between these two alignments
			Real Alignment 3: 2682632 2707184 | 61673 37142 | 24553 24532 | 98.45 | GCF_000006765.1_ASM676v1_genomic_NC_002516.2 NODE_25_length_218675_cov_11.505773
			  Extensive misassembly (relocation, inconsistency = 7623) between these two alignments
			Real Alignment 4: 2672266 2673484 | 64416 63198 | 1219 1219 | 90.08 | GCF_000006765.1_ASM676v1_genomic_NC_002516.2 NODE_25_length_218675_cov_11.505773
			  Extensive misassembly (relocation, inconsistency = -27762) between these two alignments
			Real Alignment 5: 2683966 2685697 | 80478 78747 | 1732 1732 | 95.82 | GCF_000006765.1_ASM676v1_genomic_NC_002516.2 NODE_25_length_218675_cov_11.505773
			  Extensive misassembly (relocation, inconsistency = 21218) between these two alignments
			Real Alignment 6: 2648321 2653057 | 94902 90169 | 4737 4734 | 92.78 | GCF_000006765.1_ASM676v1_genomic_NC_002516.2 NODE_25_length_218675_cov_11.505773
			  Gap between these two alignments (local misassembly). Inconsistency = -12
			Real Alignment 7: 2641521 2647640 | 101712 95595 | 6120 6118 | 96.97 | GCF_000006765.1_ASM676v1_genomic_NC_002516.2 NODE_25_length_218675_cov_11.505773
			  Gap between these two alignments (local misassembly). Inconsistency = 19
			Excluding internal overlap of size 101 between Alignment 8 and 9: 2522460 2556801 | 218675 184331 | 34342 34345 --> 2522460 2556700 | 218675 184432 | 34241 34244
			Real Alignment 8: 2558730 2640136 | 184431 103078 | 81407 81354 | 99.26 | GCF_000006765.1_ASM676v1_genomic_NC_002516.2 NODE_25_length_218675_cov_11.505773
			  Extensive misassembly (relocation, inconsistency = 2029) between these two alignments
			Real Alignment 9: 2522460 2556700 | 218675 184432 | 34241 34244 | 99.33 | GCF_000006765.1_ASM676v1_genomic_NC_002516.2 NODE_25_length_218675_cov_11.505773
		Unaligned bases: 30379

CONTIG: NODE_26_length_212110_cov_18.424126 (212110bp)
Best alignment score: 191307.0 (LEN: 192365, IDY: 99.45), Total number of alignments: 2
			Looking for the best set of alignments (out of 2 total alignments)
			The best set is below. Score: 210520.2, number of alignments: 2, unaligned bases: 417
		This contig is misassembled.
			Real Alignment 1: 4839164 4858479 | 1 19328 | 19316 19328 | 99.53 | GCF_000006765.1_ASM676v1_genomic_NC_002516.2 NODE_26_length_212110_cov_18.424126
			  Gap between these two alignments (local misassembly). Inconsistency = -222
			Real Alignment 2: 4858419 5050782 | 19490 211854 | 192364 192365 | 99.45 | GCF_000006765.1_ASM676v1_genomic_NC_002516.2 NODE_26_length_212110_cov_18.424126

CONTIG: NODE_28_length_204459_cov_17.889087 (204459bp)
Best alignment score: 93195.5 (LEN: 93598, IDY: 99.57), Total number of alignments: 5
			Looking for the best set of alignments (out of 5 total alignments)
			Skipping redundant alignments after choosing the best set of alignments
		Skipping redundant alignment 53846 54026 | 203148 203328 | 181 181 | 92.31 | GCF_000006765.1_ASM676v1_genomic_NC_002516.2 NODE_28_length_204459_cov_17.889087
		Skipping redundant alignment 3778546 3778725 | 203333 203512 | 180 180 | 98.89 | GCF_000006765.1_ASM676v1_genomic_NC_002516.2 NODE_28_length_204459_cov_17.889087
		This contig has several significant sets of alignments. [An ambiguously mapped contig]
		Using only the very best set (option --ambiguity-usage is set to "one").
			The best set is below. Score: 199237.2, number of alignments: 3, unaligned bases: 4317
		This contig is misassembled.
		This contig is partially unaligned. (Aligned 200142 out of 204459 non-N bases (97.89%))
			Real Alignment 1: 3577114 3618710 | 1 41603 | 41597 41603 | 99.74 | GCF_000006765.1_ASM676v1_genomic_NC_002516.2 NODE_28_length_204459_cov_17.889087
			  Gap between these two alignments (local misassembly). Inconsistency = -114
			Real Alignment 2: 3618636 3683575 | 41643 106583 | 64940 64941 | 99.43 | GCF_000006765.1_ASM676v1_genomic_NC_002516.2 NODE_28_length_204459_cov_17.889087
			  Gap between these two alignments (local misassembly). Inconsistency = 0
			Real Alignment 3: 3684539 3778172 | 107547 201144 | 93634 93598 | 99.57 | GCF_000006765.1_ASM676v1_genomic_NC_002516.2 NODE_28_length_204459_cov_17.889087
		Unaligned bases: 4317

CONTIG: NODE_30_length_184516_cov_17.587734 (184516bp)
Best alignment score: 160211.8 (LEN: 160936, IDY: 99.55), Total number of alignments: 2
			Looking for the best set of alignments (out of 2 total alignments)
			The best set is below. Score: 183330.0, number of alignments: 2, unaligned bases: 125
		This contig is misassembled.
			Real Alignment 1: 237163 260600 | 23464 10 | 23438 23455 | 99.63 | GCF_000006765.1_ASM676v1_genomic_NC_002516.2 NODE_30_length_184516_cov_17.587734
			  Extensive misassembly (relocation, inconsistency = 6586) between these two alignments
			Real Alignment 2: 69537 230535 | 184441 23506 | 160999 160936 | 99.55 | GCF_000006765.1_ASM676v1_genomic_NC_002516.2 NODE_30_length_184516_cov_17.587734

CONTIG: NODE_32_length_176155_cov_31.665281 (176155bp)
Best alignment score: 86434.5 (LEN: 87000, IDY: 99.35), Total number of alignments: 6
			Looking for the best set of alignments (out of 6 total alignments)
		This contig has several significant sets of alignments. [An ambiguously mapped contig]
		Using only the very best set (option --ambiguity-usage is set to "one").
			The best set is below. Score: 102878.1, number of alignments: 6, unaligned bases: 71444
		This contig is misassembled.
		This contig is partially unaligned. (Aligned 104711 out of 176155 non-N bases (59.44%))
			Real Alignment 1: 5101243 5188248 | 87000 1 | 87006 87000 | 99.35 | GCF_000006765.1_ASM676v1_genomic_NC_002516.2 NODE_32_length_176155_cov_31.665281
			  Gap between these two alignments (local misassembly). Inconsistency = -15
			Excluding internal overlap of size 79 between Alignment 2 and 3: 1060354 1061197 | 101255 102087 | 844 833 --> 1060433 1061197 | 101334 102087 | 765 754
			Real Alignment 2: 5086925 5100864 | 101333 87394 | 13940 13940 | 99.67 | GCF_000006765.1_ASM676v1_genomic_NC_002516.2 NODE_32_length_176155_cov_31.665281
			  Extensive misassembly (relocation, inconsistency = 4025727) between these two alignments
			Real Alignment 3: 1060433 1061197 | 101334 102087 | 765 754 | 92.79 | GCF_000006765.1_ASM676v1_genomic_NC_002516.2 NODE_32_length_176155_cov_31.665281
			  Extensive misassembly (relocation, inconsistency = -10019) between these two alignments
			Real Alignment 4: 1062435 1064232 | 113344 115143 | 1798 1800 | 97.72 | GCF_000006765.1_ASM676v1_genomic_NC_002516.2 NODE_32_length_176155_cov_31.665281
			  Extensive misassembly (relocation, inconsistency = -3812) between these two alignments
			Real Alignment 5: 1064259 1065080 | 118982 119802 | 822 821 | 92.1 | GCF_000006765.1_ASM676v1_genomic_NC_002516.2 NODE_32_length_176155_cov_31.665281
			  Extensive misassembly (relocation, inconsistency = -43367) between these two alignments
			Real Alignment 6: 1065390 1065785 | 163479 163874 | 396 396 | 94.7 | GCF_000006765.1_ASM676v1_genomic_NC_002516.2 NODE_32_length_176155_cov_31.665281
		Unaligned bases: 71444

CONTIG: NODE_33_length_174978_cov_18.139730 (174978bp)
Best alignment score: 102391.1 (LEN: 102947, IDY: 99.46), Total number of alignments: 3
			Looking for the best set of alignments (out of 3 total alignments)
			The best set is below. Score: 173188.1, number of alignments: 3, unaligned bases: 741
		This contig is misassembled.
		This contig is partially unaligned. (Aligned 174237 out of 174978 non-N bases (99.58%))
			Real Alignment 1: 1645024 1671394 | 26396 25 | 26371 26372 | 99.59 | GCF_000006765.1_ASM676v1_genomic_NC_002516.2 NODE_33_length_174978_cov_18.139730
			  Gap between these two alignments (local misassembly). Inconsistency = -133
			Real Alignment 2: 1600081 1645012 | 71458 26541 | 44932 44918 | 99.25 | GCF_000006765.1_ASM676v1_genomic_NC_002516.2 NODE_33_length_174978_cov_18.139730
			  Gap between these two alignments (local misassembly). Inconsistency = 601
			Real Alignment 3: 1496003 1598962 | 174922 71976 | 102960 102947 | 99.46 | GCF_000006765.1_ASM676v1_genomic_NC_002516.2 NODE_33_length_174978_cov_18.139730
		Unaligned bases: 741

CONTIG: NODE_37_length_142657_cov_14.561339 (142657bp)
Best alignment score: 119186.2 (LEN: 119737, IDY: 99.54), Total number of alignments: 2
			Looking for the best set of alignments (out of 2 total alignments)
			The best set is below. Score: 141963.0, number of alignments: 2, unaligned bases: 0
		This contig is misassembled.
			Real Alignment 1: 2780503 2803422 | 1 22920 | 22920 22920 | 99.48 | GCF_000006765.1_ASM676v1_genomic_NC_002516.2 NODE_37_length_142657_cov_14.561339
			  Gap between these two alignments (local misassembly). Inconsistency = 96
			Real Alignment 2: 2803519 2923274 | 22921 142657 | 119756 119737 | 99.54 | GCF_000006765.1_ASM676v1_genomic_NC_002516.2 NODE_37_length_142657_cov_14.561339

CONTIG: NODE_41_length_129407_cov_15.100888 (129407bp)
Best alignment score: 118249.9 (LEN: 118868, IDY: 99.48), Total number of alignments: 3
			Looking for the best set of alignments (out of 3 total alignments)
		This contig has several significant sets of alignments. [An ambiguously mapped contig]
		Using only the very best set (option --ambiguity-usage is set to "one").
			The best set is below. Score: 123910.5, number of alignments: 3, unaligned bases: 4274
		This contig is misassembled.
		This contig is partially unaligned. (Aligned 125133 out of 129407 non-N bases (96.70%))
			Real Alignment 1: 1362239 1481162 | 1 118868 | 118924 118868 | 99.48 | GCF_000006765.1_ASM676v1_genomic_NC_002516.2 NODE_41_length_129407_cov_15.100888
			  Extensive misassembly (relocation, inconsistency = 5864) between these two alignments
			Real Alignment 2: 1489618 1495495 | 121460 127309 | 5878 5850 | 98.37 | GCF_000006765.1_ASM676v1_genomic_NC_002516.2 NODE_41_length_129407_cov_15.100888
			  Extensive misassembly (relocation, inconsistency = -1547) between these two alignments
			Real Alignment 3: 1495586 1496000 | 128947 129361 | 415 415 | 97.83 | GCF_000006765.1_ASM676v1_genomic_NC_002516.2 NODE_41_length_129407_cov_15.100888
		Unaligned bases: 4274

CONTIG: NODE_42_length_125107_cov_20.835716 (125107bp)
Best alignment score: 108359.2 (LEN: 108849, IDY: 99.55), Total number of alignments: 2
			Looking for the best set of alignments (out of 2 total alignments)
			The best set is below. Score: 118483.4, number of alignments: 2, unaligned bases: 5797
		This contig is misassembled.
		This contig is partially unaligned. (Aligned 119310 out of 125107 non-N bases (95.37%))
			Real Alignment 1: 5930760 6039582 | 108849 1 | 108823 108849 | 99.55 | GCF_000006765.1_ASM676v1_genomic_NC_002516.2 NODE_42_length_125107_cov_20.835716
			  Extensive misassembly (relocation, inconsistency = -1004) between these two alignments
			Real Alignment 2: 5915471 5925966 | 125107 114647 | 10496 10461 | 99.17 | GCF_000006765.1_ASM676v1_genomic_NC_002516.2 NODE_42_length_125107_cov_20.835716
		Unaligned bases: 5797

CONTIG: NODE_52_length_100013_cov_27.780688 (100013bp)
Best alignment score: 52400.6 (LEN: 52701, IDY: 99.43), Total number of alignments: 2
			Looking for the best set of alignments (out of 2 total alignments)
			The best set is below. Score: 70683.3, number of alignments: 2, unaligned bases: 28703
		This contig is misassembled.
		This contig is partially unaligned. (Aligned 71310 out of 100013 non-N bases (71.30%))
			Real Alignment 1: 5189152 5241843 | 1 52701 | 52692 52701 | 99.43 | GCF_000006765.1_ASM676v1_genomic_NC_002516.2 NODE_52_length_100013_cov_27.780688
			  Extensive misassembly (relocation, inconsistency = -28711) between these two alignments
			Real Alignment 2: 5241836 5260445 | 81405 100013 | 18610 18609 | 99.59 | GCF_000006765.1_ASM676v1_genomic_NC_002516.2 NODE_52_length_100013_cov_27.780688
		Unaligned bases: 28703

CONTIG: NODE_53_length_99345_cov_28.383030 (99345bp)
Best alignment score: 48634.0 (LEN: 48962, IDY: 99.33), Total number of alignments: 7
			Looking for the best set of alignments (out of 7 total alignments)
			Skipping redundant alignments after choosing the best set of alignments
		Skipping redundant alignment 2119459 2119755 | 15229 14933 | 297 297 | 97.31 | GCF_000006765.1_ASM676v1_genomic_NC_002516.2 NODE_53_length_99345_cov_28.383030
		Skipping redundant alignment 1061496 1062434 | 16686 17624 | 939 939 | 97.12 | GCF_000006765.1_ASM676v1_genomic_NC_002516.2 NODE_53_length_99345_cov_28.383030
		Skipping redundant alignment 3173533 3173651 | 99227 99345 | 119 119 | 100.0 | GCF_000006765.1_ASM676v1_genomic_NC_002516.2 NODE_53_length_99345_cov_28.383030
		This contig has several significant sets of alignments. [An ambiguously mapped contig]
		Using only the very best set (option --ambiguity-usage is set to "one").
			The best set is below. Score: 71956.8, number of alignments: 4, unaligned bases: 26062
		This contig is misassembled.
		This contig is partially unaligned. (Aligned 73283 out of 99345 non-N bases (73.77%))
			Real Alignment 1: 1061199 1061495 | 14933 15229 | 297 297 | 97.64 | GCF_000006765.1_ASM676v1_genomic_NC_002516.2 NODE_53_length_99345_cov_28.383030
			  Extensive misassembly (relocation, inconsistency = 1055568) between these two alignments
			Real Alignment 2: 2118520 2119458 | 17624 16686 | 939 939 | 98.94 | GCF_000006765.1_ASM676v1_genomic_NC_002516.2 NODE_53_length_99345_cov_28.383030
			  Extensive misassembly (relocation, inconsistency = 979523) between these two alignments
			Real Alignment 3: 3099303 3148252 | 17946 66907 | 48950 48962 | 99.33 | GCF_000006765.1_ASM676v1_genomic_NC_002516.2 NODE_53_length_99345_cov_28.383030
			  Extensive misassembly (relocation, inconsistency = -2249) between these two alignments
			Real Alignment 4: 3148359 3171531 | 69263 92347 | 23173 23085 | 99.0 | GCF_000006765.1_ASM676v1_genomic_NC_002516.2 NODE_53_length_99345_cov_28.383030
		Unaligned bases: 26062

CONTIG: NODE_55_length_87620_cov_15.814972 (87620bp)
Best alignment score: 87099.9 (LEN: 87564, IDY: 99.47), Total number of alignments: 1
		One align captures most of this contig: 1247975 1335537 | 53 87616 | 87563 87564 | 99.47 | GCF_000006765.1_ASM676v1_genomic_NC_002516.2 NODE_55_length_87620_cov_15.814972

CONTIG: NODE_63_length_68627_cov_28.959109 (68627bp)
Best alignment score: 68155.6 (LEN: 68505, IDY: 99.49), Total number of alignments: 2
		Skipping these alignments as insignificant (option --ambiguity-score is set to "0.99"):
			Skipping alignment 4720069 4720241 | 123 295 | 173 173 | 98.27 | GCF_000006765.1_ASM676v1_genomic_NC_002516.2 NODE_63_length_68627_cov_28.959109
		One align captures most of this contig: 4720069 4788572 | 123 68627 | 68504 68505 | 99.49 | GCF_000006765.1_ASM676v1_genomic_NC_002516.2 NODE_63_length_68627_cov_28.959109

CONTIG: NODE_65_length_65668_cov_15.637785 (65668bp)
Best alignment score: 33839.7 (LEN: 34092, IDY: 99.26), Total number of alignments: 4
			Looking for the best set of alignments (out of 4 total alignments)
			Skipping redundant alignments after choosing the best set of alignments
		Skipping redundant alignment 2757424 2757549 | 126 1 | 126 126 | 98.41 | GCF_000006765.1_ASM676v1_genomic_NC_002516.2 NODE_65_length_65668_cov_15.637785
		Skipping redundant alignment 3841871 3842042 | 65496 65668 | 172 173 | 95.95 | GCF_000006765.1_ASM676v1_genomic_NC_002516.2 NODE_65_length_65668_cov_15.637785
		This contig has several significant sets of alignments. [An ambiguously mapped contig]
		Using only the very best set (option --ambiguity-usage is set to "one").
			The best set is below. Score: 62611.8, number of alignments: 2, unaligned bases: 2570
		This contig is misassembled.
		This contig is partially unaligned. (Aligned 63098 out of 65668 non-N bases (96.09%))
			Excluding internal overlap of size 8 between Alignment 1 and 2: 3812835 3841897 | 36611 65624 | 29063 29014 --> 3812843 3841897 | 36619 65624 | 29055 29006
			Real Alignment 1: 3778655 3812755 | 2527 36618 | 34101 34092 | 99.26 | GCF_000006765.1_ASM676v1_genomic_NC_002516.2 NODE_65_length_65668_cov_15.637785
			  Gap between these two alignments (local misassembly). Inconsistency = 87
			Real Alignment 2: 3812843 3841897 | 36619 65624 | 29055 29006 | 99.29 | GCF_000006765.1_ASM676v1_genomic_NC_002516.2 NODE_65_length_65668_cov_15.637785
		Unaligned bases: 2570

CONTIG: NODE_75_length_49014_cov_21.283707 (49014bp)
Best alignment score: 45345.3 (LEN: 45564, IDY: 99.52), Total number of alignments: 2
			Looking for the best set of alignments (out of 2 total alignments)
			The best set is below. Score: 48459.5, number of alignments: 2, unaligned bases: 131
		This contig is misassembled.
			Real Alignment 1: 6090921 6094240 | 3319 1 | 3320 3319 | 93.83 | GCF_000006765.1_ASM676v1_genomic_NC_002516.2 NODE_75_length_49014_cov_21.283707
			  Gap between these two alignments (local misassembly). Inconsistency = 1
			Real Alignment 2: 6045214 6090788 | 49014 3451 | 45575 45564 | 99.52 | GCF_000006765.1_ASM676v1_genomic_NC_002516.2 NODE_75_length_49014_cov_21.283707

CONTIG: NODE_76_length_49012_cov_19.893662 (49012bp)
Best alignment score: 48657.4 (LEN: 48897, IDY: 99.51), Total number of alignments: 1
		One align captures most of this contig: 950847 999724 | 69 48965 | 48878 48897 | 99.51 | GCF_000006765.1_ASM676v1_genomic_NC_002516.2 NODE_76_length_49012_cov_19.893662

CONTIG: NODE_77_length_47795_cov_13.608777 (47795bp)
Best alignment score: 47281.0 (LEN: 47576, IDY: 99.38), Total number of alignments: 1
		One align captures most of this contig: 2122521 2170093 | 47576 1 | 47573 47576 | 99.38 | GCF_000006765.1_ASM676v1_genomic_NC_002516.2 NODE_77_length_47795_cov_13.608777

CONTIG: NODE_78_length_46768_cov_29.032304 (46768bp)
Best alignment score: 14304.5 (LEN: 14515, IDY: 98.55), Total number of alignments: 3
			Looking for the best set of alignments (out of 3 total alignments)
			The best set is below. Score: 30171.2, number of alignments: 3, unaligned bases: 16012
		This contig is misassembled.
		This contig is partially unaligned. (Aligned 30756 out of 46768 non-N bases (65.76%))
			Real Alignment 1: 5072399 5086973 | 23602 9088 | 14575 14515 | 98.55 | GCF_000006765.1_ASM676v1_genomic_NC_002516.2 NODE_78_length_46768_cov_29.032304
			  Extensive misassembly (relocation, inconsistency = -1450) between these two alignments
			Real Alignment 2: 5055626 5069017 | 41825 28434 | 13392 13392 | 99.25 | GCF_000006765.1_ASM676v1_genomic_NC_002516.2 NODE_78_length_46768_cov_29.032304
			  Gap between these two alignments (local misassembly). Inconsistency = -39
			Real Alignment 3: 5050782 5053630 | 46708 43860 | 2849 2849 | 99.16 | GCF_000006765.1_ASM676v1_genomic_NC_002516.2 NODE_78_length_46768_cov_29.032304
		Unaligned bases: 16012

CONTIG: NODE_79_length_45919_cov_40.072998 (45919bp)
Best alignment score: 34478.7 (LEN: 34652, IDY: 99.50), Total number of alignments: 1
			Looking for the best set of alignments (out of 1 total alignments)
			The best set is below. Score: 34478.7, number of alignments: 1, unaligned bases: 11267
		This contig is partially unaligned. (Aligned 34652 out of 45919 non-N bases (75.46%))
		Alignment: 2451596 2486242 | 11213 45864 | 34647 34652 | 99.5 | GCF_000006765.1_ASM676v1_genomic_NC_002516.2 NODE_79_length_45919_cov_40.072998
		Unaligned bases: 1 to 11212 (11212)
		Unaligned bases: 45865 to 45919 (55)

CONTIG: NODE_81_length_43023_cov_13.435696 (43023bp)
Best alignment score: 39307.8 (LEN: 39561, IDY: 99.36), Total number of alignments: 1
			Looking for the best set of alignments (out of 1 total alignments)
			The best set is below. Score: 39307.8, number of alignments: 1, unaligned bases: 3462
		This contig is partially unaligned. (Aligned 39561 out of 43023 non-N bases (91.95%))
		Alignment: 2076964 2116525 | 42866 3306 | 39562 39561 | 99.36 | GCF_000006765.1_ASM676v1_genomic_NC_002516.2 NODE_81_length_43023_cov_13.435696
		Unaligned bases: 1 to 3305 (3305)
		Unaligned bases: 42867 to 43023 (157)

CONTIG: NODE_85_length_41097_cov_14.348399 (41097bp)
Best alignment score: 40830.3 (LEN: 41052, IDY: 99.46), Total number of alignments: 1
		One align captures most of this contig: 4672934 4713958 | 46 41097 | 41025 41052 | 99.46 | GCF_000006765.1_ASM676v1_genomic_NC_002516.2 NODE_85_length_41097_cov_14.348399

CONTIG: NODE_90_length_38121_cov_13.522986 (38121bp)
Best alignment score: 37903.7 (LEN: 38121, IDY: 99.43), Total number of alignments: 1
		One align captures most of this contig: 4794219 4832341 | 38121 1 | 38123 38121 | 99.43 | GCF_000006765.1_ASM676v1_genomic_NC_002516.2 NODE_90_length_38121_cov_13.522986

CONTIG: NODE_94_length_35106_cov_10.571482 (35106bp)
Best alignment score: 34929.8 (LEN: 35063, IDY: 99.62), Total number of alignments: 2
		Skipping these alignments as insignificant (option --ambiguity-score is set to "0.99"):
			Skipping alignment 2558197 2558266 | 1 70 | 70 70 | 100.0 | GCF_000006765.1_ASM676v1_genomic_NC_002516.2 NODE_94_length_35106_cov_10.571482
		One align captures most of this contig: 2486251 2521314 | 44 35106 | 35064 35063 | 99.62 | GCF_000006765.1_ASM676v1_genomic_NC_002516.2 NODE_94_length_35106_cov_10.571482

CONTIG: NODE_103_length_28656_cov_33.135590 (28656bp)
Best alignment score: 196.2 (LEN: 217, IDY: 90.41), Total number of alignments: 2
			Looking for the best set of alignments (out of 2 total alignments)
			Skipping redundant alignments after choosing the best set of alignments
		Skipping redundant alignment 789725 789916 | 20149 20338 | 192 190 | 90.62 | GCF_000006765.1_ASM676v1_genomic_NC_002516.2 NODE_103_length_28656_cov_33.135590
			The best set is below. Score: 196.2, number of alignments: 1, unaligned bases: 28439
		This contig is partially unaligned. (Aligned 217 out of 28656 non-N bases (0.76%))
		Alignment: 789699 789917 | 16652 16868 | 219 217 | 90.41 | GCF_000006765.1_ASM676v1_genomic_NC_002516.2 NODE_103_length_28656_cov_33.135590
		Unaligned bases: 1 to 16651 (16651)
		Unaligned bases: 16869 to 28656 (11788)

CONTIG: NODE_106_length_24114_cov_10.496114 (24114bp)
Best alignment score: 18758.5 (LEN: 18849, IDY: 99.52), Total number of alignments: 2
			Looking for the best set of alignments (out of 2 total alignments)
			The best set is below. Score: 23662.8, number of alignments: 2, unaligned bases: 76
		This contig is misassembled.
			Real Alignment 1: 1335539 1340741 | 1 5189 | 5203 5189 | 99.33 | GCF_000006765.1_ASM676v1_genomic_NC_002516.2 NODE_106_length_24114_cov_10.496114
			  Extensive misassembly (relocation, inconsistency = 2573) between these two alignments
			Real Alignment 2: 1343379 1362229 | 5254 24102 | 18851 18849 | 99.52 | GCF_000006765.1_ASM676v1_genomic_NC_002516.2 NODE_106_length_24114_cov_10.496114

CONTIG: NODE_108_length_21264_cov_33.045170 (21264bp)
Best alignment score: 10095.5 (LEN: 10180, IDY: 99.17), Total number of alignments: 5
			Looking for the best set of alignments (out of 5 total alignments)
			Skipping redundant alignments after choosing the best set of alignments
		Skipping redundant alignment 2760362 2760819 | 18239 17781 | 458 459 | 98.04 | GCF_000006765.1_ASM676v1_genomic_NC_002516.2 NODE_108_length_21264_cov_33.045170
		This contig has several significant sets of alignments. [An ambiguously mapped contig]
		Using only the very best set (option --ambiguity-usage is set to "one").
			The best set is below. Score: 16424.0, number of alignments: 4, unaligned bases: 4293
		This contig is misassembled.
		This contig is partially unaligned. (Aligned 16971 out of 21264 non-N bases (79.81%))
			Real Alignment 1: 2767292 2777471 | 10180 1 | 10180 10180 | 99.17 | GCF_000006765.1_ASM676v1_genomic_NC_002516.2 NODE_108_length_21264_cov_33.045170
			  Gap between these two alignments (local misassembly). Inconsistency = 15
			Real Alignment 2: 2762285 2766330 | 15136 11127 | 4046 4010 | 96.92 | GCF_000006765.1_ASM676v1_genomic_NC_002516.2 NODE_108_length_21264_cov_33.045170
			  Gap between these two alignments (local misassembly). Inconsistency = 975
			Real Alignment 3: 2759147 2760356 | 17299 16090 | 1210 1210 | 99.17 | GCF_000006765.1_ASM676v1_genomic_NC_002516.2 NODE_108_length_21264_cov_33.045170
			  Extensive misassembly (relocation, inconsistency = -4505) between these two alignments
			Real Alignment 4: 2761408 2762955 | 19566 17996 | 1548 1571 | 96.5 | GCF_000006765.1_ASM676v1_genomic_NC_002516.2 NODE_108_length_21264_cov_33.045170
		Unaligned bases: 4293

CONTIG: NODE_109_length_19735_cov_29.626778 (19735bp)
Best alignment score: 12505.2 (LEN: 12620, IDY: 99.09), Total number of alignments: 3
			Looking for the best set of alignments (out of 3 total alignments)
			The best set is below. Score: 17536.2, number of alignments: 3, unaligned bases: 1985
		This contig is misassembled.
		This contig is partially unaligned. (Aligned 17750 out of 19735 non-N bases (89.94%))
			Real Alignment 1: 48743 53082 | 1 4340 | 4340 4340 | 99.01 | GCF_000006765.1_ASM676v1_genomic_NC_002516.2 NODE_109_length_19735_cov_29.626778
			  Gap between these two alignments (local misassembly). Inconsistency = 101
			Real Alignment 2: 54050 54839 | 5207 5996 | 790 790 | 98.99 | GCF_000006765.1_ASM676v1_genomic_NC_002516.2 NODE_109_length_19735_cov_29.626778
			  Gap between these two alignments (local misassembly). Inconsistency = 258
			Real Alignment 3: 56084 68711 | 6983 19602 | 12628 12620 | 99.09 | GCF_000006765.1_ASM676v1_genomic_NC_002516.2 NODE_109_length_19735_cov_29.626778
		Unaligned bases: 1985

CONTIG: NODE_124_length_6190_cov_23.999348 (6190bp)
Best alignment score: 6152.9 (LEN: 6190, IDY: 99.40), Total number of alignments: 2
		Skipping these alignments as insignificant (option --ambiguity-score is set to "0.99"):
			Skipping alignment 4713904 4720087 | 1 6190 | 6184 6190 | 98.02 | GCF_000006765.1_ASM676v1_genomic_NC_002516.2 NODE_124_length_6190_cov_23.999348
		One align captures most of this contig: 2070793 2076982 | 1 6190 | 6190 6190 | 99.4 | GCF_000006765.1_ASM676v1_genomic_NC_002516.2 NODE_124_length_6190_cov_23.999348

CONTIG: NODE_130_length_4207_cov_474.082852 (4207bp)
Best alignment score: 4034.1 (LEN: 4207, IDY: 95.89), Total number of alignments: 4
		This contig has 4 significant alignments. [An ambiguously mapped contig]
		Using only first of these alignment (option --ambiguity-usage is set to "one"):
			Alignment: 6041067 6045268 | 4207 1 | 4202 4207 | 95.89 | GCF_000006765.1_ASM676v1_genomic_NC_002516.2 NODE_130_length_4207_cov_474.082852
			Skipping alignment 4790055 4794256 | 4207 1 | 4202 4207 | 95.87 | GCF_000006765.1_ASM676v1_genomic_NC_002516.2 NODE_130_length_4207_cov_474.082852
			Skipping alignment 721572 725773 | 1 4207 | 4202 4207 | 95.87 | GCF_000006765.1_ASM676v1_genomic_NC_002516.2 NODE_130_length_4207_cov_474.082852
			Skipping alignment 5265583 5269784 | 4207 1 | 4202 4207 | 95.87 | GCF_000006765.1_ASM676v1_genomic_NC_002516.2 NODE_130_length_4207_cov_474.082852

CONTIG: NODE_132_length_4030_cov_16.148176 (4030bp)
Best alignment score: 4018.1 (LEN: 4027, IDY: 99.78), Total number of alignments: 1
		One align captures most of this contig: 260601 264627 | 4027 1 | 4027 4027 | 99.78 | GCF_000006765.1_ASM676v1_genomic_NC_002516.2 NODE_132_length_4030_cov_16.148176

CONTIG: NODE_133_length_3816_cov_20.020739 (3816bp)
Best alignment score: 3808.0 (LEN: 3816, IDY: 99.79), Total number of alignments: 1
		One align captures most of this contig: 4833188 4837003 | 3816 1 | 3816 3816 | 99.79 | GCF_000006765.1_ASM676v1_genomic_NC_002516.2 NODE_133_length_3816_cov_20.020739

CONTIG: NODE_135_length_3755_cov_46.564595 (3755bp)
Best alignment score: 3720.8 (LEN: 3755, IDY: 99.09), Total number of alignments: 1
		One align captures most of this contig: 5260391 5264145 | 3755 1 | 3755 3755 | 99.09 | GCF_000006765.1_ASM676v1_genomic_NC_002516.2 NODE_135_length_3755_cov_46.564595

CONTIG: NODE_139_length_3141_cov_26.999676 (3141bp)
Best alignment score: 3119.0 (LEN: 3141, IDY: 99.30), Total number of alignments: 2
		This contig has 2 significant alignments. [An ambiguously mapped contig]
		Using only first of these alignment (option --ambiguity-usage is set to "one"):
			Alignment: 2777417 2780557 | 3141 1 | 3141 3141 | 99.3 | GCF_000006765.1_ASM676v1_genomic_NC_002516.2 NODE_139_length_3141_cov_26.999676
			Skipping alignment 41161 44301 | 1 3141 | 3141 3141 | 99.27 | GCF_000006765.1_ASM676v1_genomic_NC_002516.2 NODE_139_length_3141_cov_26.999676

CONTIG: NODE_140_length_3045_cov_22.992642 (3045bp)
Best alignment score: 176.2 (LEN: 192, IDY: 91.79), Total number of alignments: 1
			Looking for the best set of alignments (out of 1 total alignments)
			The best set is below. Score: 176.2, number of alignments: 1, unaligned bases: 2853
		This contig is partially unaligned. (Aligned 192 out of 3045 non-N bases (6.31%))
		Alignment: 789725 789918 | 2785 2594 | 194 192 | 91.79 | GCF_000006765.1_ASM676v1_genomic_NC_002516.2 NODE_140_length_3045_cov_22.992642
		Unaligned bases: 1 to 2593 (2593)
		Unaligned bases: 2786 to 3045 (260)

CONTIG: NODE_142_length_2682_cov_65.001903 (2682bp)
Best alignment score: 1625.1 (LEN: 1651, IDY: 98.43), Total number of alignments: 1
			Looking for the best set of alignments (out of 1 total alignments)
			The best set is below. Score: 1625.1, number of alignments: 1, unaligned bases: 1031
		This contig is partially unaligned. (Aligned 1651 out of 2682 non-N bases (61.56%))
		Alignment: 2757495 2759146 | 2682 1032 | 1652 1651 | 98.43 | GCF_000006765.1_ASM676v1_genomic_NC_002516.2 NODE_142_length_2682_cov_65.001903
		Unaligned bases: 1 to 1031 (1031)

CONTIG: NODE_149_length_1380_cov_156.086038 (1380bp)
Best alignment score: 1377.0 (LEN: 1380, IDY: 99.78), Total number of alignments: 6
		This contig has 6 significant alignments. [An ambiguously mapped contig]
		Using only first of these alignment (option --ambiguity-usage is set to "one"):
			Alignment: 3841997 3843376 | 1 1380 | 1380 1380 | 99.78 | GCF_000006765.1_ASM676v1_genomic_NC_002516.2 NODE_149_length_1380_cov_156.086038
			Skipping alignment 5382519 5383898 | 1 1380 | 1380 1380 | 99.78 | GCF_000006765.1_ASM676v1_genomic_NC_002516.2 NODE_149_length_1380_cov_156.086038
			Skipping alignment 3043473 3044852 | 1 1380 | 1380 1380 | 99.78 | GCF_000006765.1_ASM676v1_genomic_NC_002516.2 NODE_149_length_1380_cov_156.086038
			Skipping alignment 499827 501206 | 1 1380 | 1380 1380 | 99.78 | GCF_000006765.1_ASM676v1_genomic_NC_002516.2 NODE_149_length_1380_cov_156.086038
			Skipping alignment 2556862 2558241 | 1380 1 | 1380 1380 | 99.78 | GCF_000006765.1_ASM676v1_genomic_NC_002516.2 NODE_149_length_1380_cov_156.086038
			Skipping alignment 4473537 4474916 | 1380 1 | 1380 1380 | 99.78 | GCF_000006765.1_ASM676v1_genomic_NC_002516.2 NODE_149_length_1380_cov_156.086038

CONTIG: NODE_151_length_1313_cov_16.065978 (1313bp)
Best alignment score: 1309.1 (LEN: 1313, IDY: 99.70), Total number of alignments: 1
		One align captures most of this contig: 4837038 4838350 | 1 1313 | 1313 1313 | 99.7 | GCF_000006765.1_ASM676v1_genomic_NC_002516.2 NODE_151_length_1313_cov_16.065978

CONTIG: NODE_153_length_1255_cov_24.205833 (1255bp)
Best alignment score: 1252.0 (LEN: 1255, IDY: 99.76), Total number of alignments: 2
		This contig has 2 significant alignments. [An ambiguously mapped contig]
		Using only first of these alignment (option --ambiguity-usage is set to "one"):
			Alignment: 3575914 3577168 | 1 1255 | 1255 1255 | 99.76 | GCF_000006765.1_ASM676v1_genomic_NC_002516.2 NODE_153_length_1255_cov_24.205833
			Skipping alignment 2521260 2522514 | 1 1255 | 1255 1255 | 99.68 | GCF_000006765.1_ASM676v1_genomic_NC_002516.2 NODE_153_length_1255_cov_24.205833

CONTIG: NODE_162_length_904_cov_42.308598 (904bp)
Best alignment score: 897.0 (LEN: 904, IDY: 99.23), Total number of alignments: 1
		One align captures most of this contig: 4309916 4310819 | 904 1 | 904 904 | 99.23 | GCF_000006765.1_ASM676v1_genomic_NC_002516.2 NODE_162_length_904_cov_42.308598

CONTIG: NODE_163_length_879_cov_13.976942 (879bp)
Best alignment score: 873.0 (LEN: 879, IDY: 99.32), Total number of alignments: 1
		One align captures most of this contig: 44247 45125 | 1 879 | 879 879 | 99.32 | GCF_000006765.1_ASM676v1_genomic_NC_002516.2 NODE_163_length_879_cov_13.976942

CONTIG: NODE_167_length_606_cov_264.831216 (606bp)
Best alignment score: 605.0 (LEN: 606, IDY: 99.84), Total number of alignments: 4
		This contig has 4 significant alignments. [An ambiguously mapped contig]
		Using only first of these alignment (option --ambiguity-usage is set to "one"):
			Alignment: 726659 727265 | 1 606 | 607 606 | 99.84 | GCF_000006765.1_ASM676v1_genomic_NC_002516.2 NODE_167_length_606_cov_264.831216
			Skipping alignment 6039575 6040181 | 606 1 | 607 606 | 99.84 | GCF_000006765.1_ASM676v1_genomic_NC_002516.2 NODE_167_length_606_cov_264.831216
			Skipping alignment 5264091 5264697 | 606 1 | 607 606 | 99.84 | GCF_000006765.1_ASM676v1_genomic_NC_002516.2 NODE_167_length_606_cov_264.831216
			Skipping alignment 4788565 4789169 | 606 1 | 605 606 | 99.51 | GCF_000006765.1_ASM676v1_genomic_NC_002516.2 NODE_167_length_606_cov_264.831216

Analyzing coverage...
Writing SNPs into /home/modesto/data/freeDNA/quast_results/results_2022_03_10_13_57_32/runs_per_reference/GCF_000006765.1_ASM676v1_genomic/contigs_reports/minimap_output/PrimPol-Phi29.used_snps.gz

Analysis is finished!
Founded SNPs were written into /home/modesto/data/freeDNA/quast_results/results_2022_03_10_13_57_32/runs_per_reference/GCF_000006765.1_ASM676v1_genomic/contigs_reports/minimap_output/PrimPol-Phi29.used_snps.gz

Results:
	Local Misassemblies: 42
	Misassemblies: 49
		Relocations: 49
		Translocations: 0
		Inversions: 0
	Scaffold gap extensive misassemblies: 0
	Scaffold gap local misassemblies: 0
	Misassembled Contigs: 21
	Misassembled Contig Bases: 4679577
	Misassemblies Inter-Contig Overlap ("Extra" Aligned Bases): 0
Unaligned Contigs: 0 + 27 part
Half Unaligned Contigs with Misassemblies: 0
Unaligned Bases in Fully and Partially Unaligned Contigs: 467631

Ambiguously Mapped Contigs: 19
Total Bases in Ambiguously Mapped Contigs: 3151926
"Extra" Aligned Bases in Ambiguously Mapped Contigs: 0
Note that --allow-ambiguity option was set to "one" and only first alignment per each of these contigs was used (there is no "extra" aligned bases).

	Covered Bases in Reference: 5996970
	Raw Aligned Bases in Assembly: 6000773
	Total Aligned Bases in Assembly (with "Extras"): 6000773

	SNPs: 30456
	Insertions: 1436
	Deletions: 1966

