Aligning contigs to reference...
	Aligning contigs to the reference
Filtering alignments...
Parsing coords...
Loading reference...
	Loaded [GCF_000006765.1_ASM676v1_genomic_NC_002516.2]
	Total Regions: 1
	Total Region Length: 6264404
Analyzing contigs...
CONTIG: NODE_5_length_637715_cov_144.024893 (637715bp)
Best alignment score: 215718.7 (LEN: 216585, IDY: 99.60), Total number of alignments: 11
			Looking for the best set of alignments (out of 11 total alignments)
		This contig has several significant sets of alignments. [An ambiguously mapped contig]
		Using only the very best set (option --ambiguity-usage is set to "one").
			The best set is below. Score: 622103.5, number of alignments: 11, unaligned bases: 11133
		This contig is misassembled.
		This contig is partially unaligned. (Aligned 626582 out of 637715 non-N bases (98.25%))
			Excluding internal overlap of size 1 between Alignment 1 and 2: 4474915 4502376 | 27463 1 | 27462 27463 --> 4474916 4502376 | 27462 1 | 27461 27462
			Real Alignment 1: 4474916 4502376 | 27462 1 | 27461 27462 | 99.65 | GCF_000006765.1_ASM676v1_genomic_NC_002516.2 NODE_5_length_637715_cov_144.024893
			  Extensive misassembly (relocation, inconsistency = 1372) between these two alignments
			Excluding internal overlap of size 231 between Alignment 2 and 3: 4333206 4376986 | 167566 123792 | 43781 43775 --> 4333206 4376753 | 167566 124023 | 43548 43544
			Real Alignment 2: 4377012 4473543 | 124022 27463 | 96532 96560 | 99.65 | GCF_000006765.1_ASM676v1_genomic_NC_002516.2 NODE_5_length_637715_cov_144.024893
			  Gap between these two alignments (local misassembly). Inconsistency = 258
			Excluding internal overlap of size 6 between Alignment 3 and 4: 4333206 4376753 | 167566 124023 | 43548 43544 --> 4333212 4376753 | 167560 124023 | 43542 43538
			Real Alignment 3: 4333212 4376753 | 167560 124023 | 43542 43538 | 99.53 | GCF_000006765.1_ASM676v1_genomic_NC_002516.2 NODE_5_length_637715_cov_144.024893
			  Extensive misassembly (relocation, inconsistency = 6336) between these two alignments
			Real Alignment 4: 4281739 4326875 | 212699 167561 | 45137 45139 | 99.38 | GCF_000006765.1_ASM676v1_genomic_NC_002516.2 NODE_5_length_637715_cov_144.024893
			  Extensive misassembly (relocation, inconsistency = -3996) between these two alignments
			Real Alignment 5: 4225664 4281752 | 272769 216682 | 56089 56088 | 99.6 | GCF_000006765.1_ASM676v1_genomic_NC_002516.2 NODE_5_length_637715_cov_144.024893
			  Extensive misassembly (relocation, inconsistency = -6835) between these two alignments
			Excluding internal overlap of size 203 between Alignment 6 and 7: 3930743 4008924 | 574249 496097 | 78182 78153 --> 3930743 4008732 | 574249 496300 | 77990 77950
			Real Alignment 6: 4008951 4225553 | 496299 279715 | 216603 216585 | 99.6 | GCF_000006765.1_ASM676v1_genomic_NC_002516.2 NODE_5_length_637715_cov_144.024893
			  Gap between these two alignments (local misassembly). Inconsistency = 218
			Real Alignment 7: 3930743 4008732 | 574249 496300 | 77990 77950 | 99.57 | GCF_000006765.1_ASM676v1_genomic_NC_002516.2 NODE_5_length_637715_cov_144.024893
			  Extensive misassembly (relocation, inconsistency = 16488) between these two alignments
			Real Alignment 8: 3907188 3914108 | 581309 574396 | 6921 6914 | 99.57 | GCF_000006765.1_ASM676v1_genomic_NC_002516.2 NODE_5_length_637715_cov_144.024893
			  Extensive misassembly (relocation, inconsistency = 7193) between these two alignments
			Excluding internal overlap of size 642 between Alignment 9 and 10: 3873988 3899934 | 607293 581370 | 25947 25924 --> 3874646 3899934 | 606651 581370 | 25289 25282
			Real Alignment 9: 3874646 3899934 | 606651 581370 | 25289 25282 | 99.42 | GCF_000006765.1_ASM676v1_genomic_NC_002516.2 NODE_5_length_637715_cov_144.024893
			  Gap between these two alignments (local misassembly). Inconsistency = 114
			Excluding internal overlap of size 39 between Alignment 10 and 11: 3843323 3843435 | 637715 637603 | 113 113 --> 3843323 3843396 | 637715 637642 | 74 74
			Real Alignment 10: 3843599 3874531 | 637641 606652 | 30933 30990 | 99.15 | GCF_000006765.1_ASM676v1_genomic_NC_002516.2 NODE_5_length_637715_cov_144.024893
			  Gap between these two alignments (local misassembly). Inconsistency = 202
			Real Alignment 11: 3843323 3843396 | 637715 637642 | 74 74 | 95.58 | GCF_000006765.1_ASM676v1_genomic_NC_002516.2 NODE_5_length_637715_cov_144.024893
		Unaligned bases: 11133

CONTIG: NODE_8_length_480222_cov_158.511716 (480222bp)
Best alignment score: 128607.4 (LEN: 129098, IDY: 99.62), Total number of alignments: 13
			Looking for the best set of alignments (out of 13 total alignments)
			Skipping redundant alignments after choosing the best set of alignments
		Skipping redundant alignment 630406 630515 | 397047 397156 | 110 110 | 100.0 | GCF_000006765.1_ASM676v1_genomic_NC_002516.2 NODE_8_length_480222_cov_158.511716
		This contig has several significant sets of alignments. [An ambiguously mapped contig]
		Using only the very best set (option --ambiguity-usage is set to "one").
			The best set is below. Score: 429989.7, number of alignments: 12, unaligned bases: 46564
		This contig is misassembled.
		This contig is partially unaligned. (Aligned 433658 out of 480222 non-N bases (90.30%))
			Real Alignment 1: 264842 286235 | 47 21437 | 21394 21391 | 99.41 | GCF_000006765.1_ASM676v1_genomic_NC_002516.2 NODE_8_length_480222_cov_158.511716
			  Gap between these two alignments (local misassembly). Inconsistency = -505
			Real Alignment 2: 286332 370486 | 22039 106222 | 84155 84184 | 99.46 | GCF_000006765.1_ASM676v1_genomic_NC_002516.2 NODE_8_length_480222_cov_158.511716
			  Gap between these two alignments (local misassembly). Inconsistency = -757
			Excluding internal overlap of size 82 between Alignment 3 and 4: 501220 515760 | 236215 250753 | 14541 14539 --> 501302 515760 | 236297 250753 | 14459 14457
			Real Alignment 3: 370706 499828 | 107199 236296 | 129123 129098 | 99.62 | GCF_000006765.1_ASM676v1_genomic_NC_002516.2 NODE_8_length_480222_cov_158.511716
			  Extensive misassembly (relocation, inconsistency = 1473) between these two alignments
			Real Alignment 4: 501302 515760 | 236297 250753 | 14459 14457 | 99.36 | GCF_000006765.1_ASM676v1_genomic_NC_002516.2 NODE_8_length_480222_cov_158.511716
			  Gap between these two alignments (local misassembly). Inconsistency = 267
			Excluding internal overlap of size 36 between Alignment 5 and 6: 516029 521367 | 250755 256092 | 5339 5338 --> 516029 521331 | 250755 256056 | 5303 5302
			Real Alignment 5: 516029 521331 | 250755 256056 | 5303 5302 | 99.18 | GCF_000006765.1_ASM676v1_genomic_NC_002516.2 NODE_8_length_480222_cov_158.511716
			  Gap between these two alignments (local misassembly). Inconsistency = 238
			Real Alignment 6: 521570 556266 | 256057 290739 | 34697 34683 | 99.2 | GCF_000006765.1_ASM676v1_genomic_NC_002516.2 NODE_8_length_480222_cov_158.511716
			  Extensive misassembly (relocation, inconsistency = 1088) between these two alignments
			Real Alignment 7: 558755 628414 | 292140 361823 | 69660 69684 | 99.54 | GCF_000006765.1_ASM676v1_genomic_NC_002516.2 NODE_8_length_480222_cov_158.511716
			  Extensive misassembly (relocation, inconsistency = -36079) between these two alignments
			Real Alignment 8: 630516 654090 | 400004 423578 | 23575 23575 | 99.38 | GCF_000006765.1_ASM676v1_genomic_NC_002516.2 NODE_8_length_480222_cov_158.511716
			  Gap between these two alignments (local misassembly). Inconsistency = -18
			Real Alignment 9: 655203 656593 | 424709 426099 | 1391 1391 | 98.63 | GCF_000006765.1_ASM676v1_genomic_NC_002516.2 NODE_8_length_480222_cov_158.511716
			  Extensive misassembly (relocation, inconsistency = -2990) between these two alignments
			Real Alignment 10: 656594 680157 | 429090 452651 | 23564 23562 | 99.54 | GCF_000006765.1_ASM676v1_genomic_NC_002516.2 NODE_8_length_480222_cov_158.511716
			  Gap between these two alignments (local misassembly). Inconsistency = -23
			Real Alignment 11: 681341 689219 | 453858 461736 | 7879 7879 | 99.3 | GCF_000006765.1_ASM676v1_genomic_NC_002516.2 NODE_8_length_480222_cov_158.511716
			  Extensive misassembly (relocation, inconsistency = 13908) between these two alignments
			Real Alignment 12: 703162 721614 | 461771 480222 | 18453 18452 | 99.3 | GCF_000006765.1_ASM676v1_genomic_NC_002516.2 NODE_8_length_480222_cov_158.511716
		Unaligned bases: 46564

CONTIG: NODE_10_length_400827_cov_126.848675 (400827bp)
Best alignment score: 209797.1 (LEN: 211106, IDY: 99.38), Total number of alignments: 3
			Looking for the best set of alignments (out of 3 total alignments)
			The best set is below. Score: 397989.5, number of alignments: 3, unaligned bases: 59
		This contig is misassembled.
			Excluding internal overlap of size 1383 between Alignment 1 and 2: 2040010 2071350 | 31341 1 | 31341 31341 --> 2041393 2071350 | 29958 1 | 29958 29958
			Real Alignment 1: 2041393 2071350 | 29958 1 | 29958 29958 | 98.64 | GCF_000006765.1_ASM676v1_genomic_NC_002516.2 NODE_10_length_400827_cov_126.848675
			  Overlap between these two alignments (local misassembly). Inconsistency = -738
			Real Alignment 2: 1882456 2042130 | 189662 29959 | 159675 159704 | 99.38 | GCF_000006765.1_ASM676v1_genomic_NC_002516.2 NODE_10_length_400827_cov_126.848675
			  Gap between these two alignments (local misassembly). Inconsistency = -121
			Real Alignment 3: 1671364 1882541 | 400803 189698 | 211178 211106 | 99.38 | GCF_000006765.1_ASM676v1_genomic_NC_002516.2 NODE_10_length_400827_cov_126.848675

CONTIG: NODE_11_length_394350_cov_134.147684 (394350bp)
Best alignment score: 300435.2 (LEN: 301763, IDY: 99.56), Total number of alignments: 3
			Looking for the best set of alignments (out of 3 total alignments)
			The best set is below. Score: 378828.3, number of alignments: 3, unaligned bases: 13564
		This contig is misassembled.
		This contig is partially unaligned. (Aligned 380786 out of 394350 non-N bases (96.56%))
			Excluding internal overlap of size 82 between Alignment 1 and 2: 3475648 3526477 | 301682 352512 | 50830 50831 --> 3475730 3526477 | 301764 352512 | 50748 50749
			Real Alignment 1: 3173782 3475538 | 1 301763 | 301757 301763 | 99.56 | GCF_000006765.1_ASM676v1_genomic_NC_002516.2 NODE_11_length_394350_cov_134.147684
			  Gap between these two alignments (local misassembly). Inconsistency = 191
			Real Alignment 2: 3475730 3526477 | 301764 352512 | 50748 50749 | 99.58 | GCF_000006765.1_ASM676v1_genomic_NC_002516.2 NODE_11_length_394350_cov_134.147684
			  Extensive misassembly (relocation, inconsistency = 7647) between these two alignments
			Real Alignment 3: 3547689 3575968 | 366077 394350 | 28280 28274 | 99.58 | GCF_000006765.1_ASM676v1_genomic_NC_002516.2 NODE_11_length_394350_cov_134.147684
		Unaligned bases: 13564

CONTIG: NODE_12_length_389013_cov_127.627173 (389013bp)
Best alignment score: 132288.0 (LEN: 132886, IDY: 99.55), Total number of alignments: 7
			Looking for the best set of alignments (out of 7 total alignments)
			Skipping redundant alignments after choosing the best set of alignments
		Skipping redundant alignment 688102 688200 | 188063 188161 | 99 99 | 94.95 | GCF_000006765.1_ASM676v1_genomic_NC_002516.2 NODE_12_length_389013_cov_127.627173
		This contig has several significant sets of alignments. [An ambiguously mapped contig]
		Using only the very best set (option --ambiguity-usage is set to "one").
			The best set is below. Score: 303709.7, number of alignments: 6, unaligned bases: 83097
		This contig is misassembled.
		This contig is partially unaligned. (Aligned 305916 out of 389013 non-N bases (78.64%))
			Real Alignment 1: 3087873 3088130 | 1006 749 | 258 258 | 97.29 | GCF_000006765.1_ASM676v1_genomic_NC_002516.2 NODE_12_length_389013_cov_127.627173
			  Gap between these two alignments (local misassembly). Inconsistency = 157
			Excluding internal overlap of size 1 between Alignment 2 and 3: 3044846 3087636 | 43928 1086 | 42791 42843 --> 3044847 3087636 | 43927 1086 | 42790 42842
			Real Alignment 2: 3044847 3087636 | 43927 1086 | 42790 42842 | 99.33 | GCF_000006765.1_ASM676v1_genomic_NC_002516.2 NODE_12_length_389013_cov_127.627173
			  Extensive misassembly (relocation, inconsistency = 1372) between these two alignments
			Real Alignment 3: 2947618 3043474 | 139772 43928 | 95857 95845 | 99.62 | GCF_000006765.1_ASM676v1_genomic_NC_002516.2 NODE_12_length_389013_cov_127.627173
			  Extensive misassembly (relocation, inconsistency = -50494) between these two alignments
			Real Alignment 4: 2936477 2947641 | 201407 190243 | 11165 11165 | 99.71 | GCF_000006765.1_ASM676v1_genomic_NC_002516.2 NODE_12_length_389013_cov_127.627173
			  Extensive misassembly (relocation, inconsistency = -31747) between these two alignments
			Real Alignment 5: 2803519 2936423 | 366093 233208 | 132905 132886 | 99.55 | GCF_000006765.1_ASM676v1_genomic_NC_002516.2 NODE_12_length_389013_cov_127.627173
			  Gap between these two alignments (local misassembly). Inconsistency = 96
			Real Alignment 6: 2780503 2803422 | 389013 366094 | 22920 22920 | 99.48 | GCF_000006765.1_ASM676v1_genomic_NC_002516.2 NODE_12_length_389013_cov_127.627173
		Unaligned bases: 83097

CONTIG: NODE_13_length_341015_cov_151.704288 (341015bp)
Best alignment score: 156307.2 (LEN: 156998, IDY: 99.56), Total number of alignments: 4
			Looking for the best set of alignments (out of 4 total alignments)
			The best set is below. Score: 338968.8, number of alignments: 4, unaligned bases: 250
		This contig is misassembled.
			Excluding internal overlap of size 96 between Alignment 1 and 2: 5383892 5455107 | 228384 157153 | 71216 71232 --> 5383892 5455011 | 228384 157249 | 71120 71136
			Real Alignment 1: 5455224 5612211 | 157248 251 | 156988 156998 | 99.56 | GCF_000006765.1_ASM676v1_genomic_NC_002516.2 NODE_13_length_341015_cov_151.704288
			  Gap between these two alignments (local misassembly). Inconsistency = 212
			Excluding internal overlap of size 1 between Alignment 2 and 3: 5361354 5382520 | 249513 228384 | 21167 21130 --> 5361354 5382519 | 249513 228385 | 21166 21129
			Real Alignment 2: 5383892 5455011 | 228384 157249 | 71120 71136 | 99.61 | GCF_000006765.1_ASM676v1_genomic_NC_002516.2 NODE_13_length_341015_cov_151.704288
			  Extensive misassembly (relocation, inconsistency = 1372) between these two alignments
			Excluding internal overlap of size 87 between Alignment 3 and 4: 5361354 5382519 | 249513 228385 | 21166 21129 --> 5361441 5382519 | 249426 228385 | 21079 21042
			Real Alignment 3: 5361441 5382519 | 249426 228385 | 21079 21042 | 99.54 | GCF_000006765.1_ASM676v1_genomic_NC_002516.2 NODE_13_length_341015_cov_151.704288
			  Gap between these two alignments (local misassembly). Inconsistency = 101
			Real Alignment 4: 5269747 5361339 | 341015 249427 | 91593 91589 | 99.58 | GCF_000006765.1_ASM676v1_genomic_NC_002516.2 NODE_13_length_341015_cov_151.704288

CONTIG: NODE_14_length_338304_cov_137.115743 (338304bp)
Best alignment score: 76445.0 (LEN: 77264, IDY: 98.94), Total number of alignments: 7
			Looking for the best set of alignments (out of 7 total alignments)
		This contig has several significant sets of alignments. [An ambiguously mapped contig]
		Using only the very best set (option --ambiguity-usage is set to "one").
			The best set is below. Score: 270702.6, number of alignments: 7, unaligned bases: 64509
		This contig is misassembled.
		This contig is partially unaligned. (Aligned 273795 out of 338304 non-N bases (80.93%))
			Real Alignment 1: 950847 999724 | 69 48965 | 48878 48897 | 99.51 | GCF_000006765.1_ASM676v1_genomic_NC_002516.2 NODE_14_length_338304_cov_137.115743
			  Extensive misassembly (relocation, inconsistency = -38971) between these two alignments
			Excluding internal overlap of size 22 between Alignment 2 and 3: 1069361 1096956 | 148643 176219 | 27596 27577 --> 1069383 1096956 | 148665 176219 | 27574 27555
			Real Alignment 2: 999717 1060432 | 87929 148664 | 60716 60736 | 99.47 | GCF_000006765.1_ASM676v1_genomic_NC_002516.2 NODE_14_length_338304_cov_137.115743
			  Extensive misassembly (relocation, inconsistency = 8950) between these two alignments
			Real Alignment 3: 1069383 1096956 | 148665 176219 | 27574 27555 | 98.94 | GCF_000006765.1_ASM676v1_genomic_NC_002516.2 NODE_14_length_338304_cov_137.115743
			  Extensive misassembly (relocation, inconsistency = -6821) between these two alignments
			Real Alignment 4: 1096940 1174198 | 183024 260287 | 77259 77264 | 98.94 | GCF_000006765.1_ASM676v1_genomic_NC_002516.2 NODE_14_length_338304_cov_137.115743
			  Extensive misassembly (relocation, inconsistency = -3505) between these two alignments
			Real Alignment 5: 1187274 1242668 | 276868 332264 | 55395 55397 | 99.41 | GCF_000006765.1_ASM676v1_genomic_NC_002516.2 NODE_14_length_338304_cov_137.115743
			  Gap between these two alignments (local misassembly). Inconsistency = -867
			Real Alignment 6: 1242899 1243394 | 333362 333857 | 496 496 | 96.98 | GCF_000006765.1_ASM676v1_genomic_NC_002516.2 NODE_14_length_338304_cov_137.115743
			  Gap between these two alignments (local misassembly). Inconsistency = 191
			Real Alignment 7: 1244530 1247979 | 334802 338251 | 3450 3450 | 99.45 | GCF_000006765.1_ASM676v1_genomic_NC_002516.2 NODE_14_length_338304_cov_137.115743
		Unaligned bases: 64509

CONTIG: NODE_15_length_320157_cov_157.161723 (320157bp)
Best alignment score: 116135.7 (LEN: 116872, IDY: 99.37), Total number of alignments: 4
			Looking for the best set of alignments (out of 4 total alignments)
		This contig has several significant sets of alignments. [An ambiguously mapped contig]
		Using only the very best set (option --ambiguity-usage is set to "one").
			The best set is below. Score: 299320.8, number of alignments: 4, unaligned bases: 18742
		This contig is misassembled.
		This contig is partially unaligned. (Aligned 301415 out of 320157 non-N bases (94.15%))
			Real Alignment 1: 5798591 5915519 | 116872 1 | 116929 116872 | 99.37 | GCF_000006765.1_ASM676v1_genomic_NC_002516.2 NODE_15_length_320157_cov_157.161723
			  Extensive misassembly (relocation, inconsistency = -13827) between these two alignments
			Real Alignment 2: 5727409 5798637 | 201883 130653 | 71229 71231 | 99.48 | GCF_000006765.1_ASM676v1_genomic_NC_002516.2 NODE_15_length_320157_cov_157.161723
			  Gap between these two alignments (local misassembly). Inconsistency = 3
			Real Alignment 3: 5726104 5726611 | 203185 202678 | 508 508 | 90.55 | GCF_000006765.1_ASM676v1_genomic_NC_002516.2 NODE_15_length_320157_cov_157.161723
			  Gap between these two alignments (local misassembly). Inconsistency = -878
			Real Alignment 4: 5612277 5725080 | 317890 205087 | 112804 112804 | 99.41 | GCF_000006765.1_ASM676v1_genomic_NC_002516.2 NODE_15_length_320157_cov_157.161723
		Unaligned bases: 18742

CONTIG: NODE_18_length_301388_cov_129.294926 (301388bp)
Best alignment score: 120085.4 (LEN: 120701, IDY: 99.49), Total number of alignments: 8
			Looking for the best set of alignments (out of 8 total alignments)
			Skipping redundant alignments after choosing the best set of alignments
		Skipping redundant alignment 2705339 2705423 | 166529 166445 | 85 85 | 98.82 | GCF_000006765.1_ASM676v1_genomic_NC_002516.2 NODE_18_length_301388_cov_129.294926
		Skipping redundant alignment 3874252 3874340 | 166534 166446 | 89 89 | 97.75 | GCF_000006765.1_ASM676v1_genomic_NC_002516.2 NODE_18_length_301388_cov_129.294926
		This contig has several significant sets of alignments. [An ambiguously mapped contig]
		Using only the very best set (option --ambiguity-usage is set to "one").
			The best set is below. Score: 255542.1, number of alignments: 6, unaligned bases: 43236
		This contig is misassembled.
		This contig is partially unaligned. (Aligned 258152 out of 301388 non-N bases (85.65%))
			Real Alignment 1: 5260377 5263232 | 41968 44823 | 2856 2856 | 95.5 | GCF_000006765.1_ASM676v1_genomic_NC_002516.2 NODE_18_length_301388_cov_129.294926
			  Extensive misassembly (relocation, inconsistency = 2820687) between these two alignments
			Real Alignment 2: 2318223 2438984 | 166229 45529 | 120762 120701 | 99.49 | GCF_000006765.1_ASM676v1_genomic_NC_002516.2 NODE_18_length_301388_cov_129.294926
			  Extensive misassembly (relocation, inconsistency = 6707) between these two alignments
			Real Alignment 3: 2279853 2311107 | 197890 166638 | 31255 31253 | 99.43 | GCF_000006765.1_ASM676v1_genomic_NC_002516.2 NODE_18_length_301388_cov_129.294926
			  Gap between these two alignments (local misassembly). Inconsistency = 310
			Real Alignment 4: 2279379 2279535 | 198054 197898 | 157 157 | 98.09 | GCF_000006765.1_ASM676v1_genomic_NC_002516.2 NODE_18_length_301388_cov_129.294926
			  Extensive misassembly (relocation, inconsistency = 1880) between these two alignments
			Real Alignment 5: 2229137 2277496 | 246446 198057 | 48360 48390 | 99.1 | GCF_000006765.1_ASM676v1_genomic_NC_002516.2 NODE_18_length_301388_cov_129.294926
			  Extensive misassembly (relocation, inconsistency = 2742) between these two alignments
			Real Alignment 6: 2171452 2226247 | 301388 246594 | 54796 54795 | 99.59 | GCF_000006765.1_ASM676v1_genomic_NC_002516.2 NODE_18_length_301388_cov_129.294926
		Unaligned bases: 43236

CONTIG: NODE_21_length_268827_cov_169.074680 (268827bp)
Best alignment score: 96555.9 (LEN: 97217, IDY: 99.32), Total number of alignments: 6
			Looking for the best set of alignments (out of 6 total alignments)
			The best set is below. Score: 257910.4, number of alignments: 6, unaligned bases: 8842
		This contig is misassembled.
		This contig is partially unaligned. (Aligned 259985 out of 268827 non-N bases (96.71%))
			Real Alignment 1: 6045214 6090788 | 1 45564 | 45575 45564 | 99.52 | GCF_000006765.1_ASM676v1_genomic_NC_002516.2 NODE_21_length_268827_cov_169.074680
			  Gap between these two alignments (local misassembly). Inconsistency = 1
			Excluding internal overlap of size 125 between Alignment 2 and 3: 6187916 6209407 | 142788 164278 | 21492 21491 --> 6188042 6209407 | 142913 164278 | 21366 21366
			Real Alignment 2: 6090921 6188150 | 45696 142912 | 97230 97217 | 99.32 | GCF_000006765.1_ASM676v1_genomic_NC_002516.2 NODE_21_length_268827_cov_169.074680
			  Overlap between these two alignments (local misassembly). Inconsistency = -109
			Real Alignment 3: 6188042 6209407 | 142913 164278 | 21366 21366 | 99.38 | GCF_000006765.1_ASM676v1_genomic_NC_002516.2 NODE_21_length_268827_cov_169.074680
			  Extensive misassembly (relocation, inconsistency = -1215) between these two alignments
			Real Alignment 4: 6209481 6241499 | 165567 197555 | 32019 31989 | 99.28 | GCF_000006765.1_ASM676v1_genomic_NC_002516.2 NODE_21_length_268827_cov_169.074680
			  Extensive misassembly (relocation, inconsistency = -7151) between these two alignments
			Real Alignment 5: 6241772 6264404 | 204979 227611 | 22633 22633 | 99.51 | GCF_000006765.1_ASM676v1_genomic_NC_002516.2 NODE_21_length_268827_cov_169.074680
			  Not a misassembly [linear representation of circular genome] between these two alignments
			Real Alignment 6: 1 41215 | 227612 268827 | 41215 41216 | 99.58 | GCF_000006765.1_ASM676v1_genomic_NC_002516.2 NODE_21_length_268827_cov_169.074680
		Unaligned bases: 8842

CONTIG: NODE_24_length_241135_cov_131.983064 (241135bp)
Best alignment score: 137009.8 (LEN: 137726, IDY: 99.48), Total number of alignments: 4
			Looking for the best set of alignments (out of 4 total alignments)
		This contig has several significant sets of alignments. [An ambiguously mapped contig]
		Using only the very best set (option --ambiguity-usage is set to "one").
			The best set is below. Score: 234682.9, number of alignments: 4, unaligned bases: 4390
		This contig is misassembled.
		This contig is partially unaligned. (Aligned 236745 out of 241135 non-N bases (98.18%))
			Real Alignment 1: 1247975 1340741 | 53 92806 | 92767 92754 | 99.47 | GCF_000006765.1_ASM676v1_genomic_NC_002516.2 NODE_24_length_241135_cov_131.983064
			  Extensive misassembly (relocation, inconsistency = 2573) between these two alignments
			Real Alignment 2: 1343379 1481162 | 92871 230596 | 137784 137726 | 99.48 | GCF_000006765.1_ASM676v1_genomic_NC_002516.2 NODE_24_length_241135_cov_131.983064
			  Extensive misassembly (relocation, inconsistency = 5864) between these two alignments
			Real Alignment 3: 1489618 1495495 | 233188 239037 | 5878 5850 | 98.37 | GCF_000006765.1_ASM676v1_genomic_NC_002516.2 NODE_24_length_241135_cov_131.983064
			  Extensive misassembly (relocation, inconsistency = -1547) between these two alignments
			Real Alignment 4: 1495586 1496000 | 240675 241089 | 415 415 | 97.83 | GCF_000006765.1_ASM676v1_genomic_NC_002516.2 NODE_24_length_241135_cov_131.983064
		Unaligned bases: 4390

CONTIG: NODE_25_length_233610_cov_126.501347 (233610bp)
Best alignment score: 80752.0 (LEN: 81354, IDY: 99.26), Total number of alignments: 10
			Looking for the best set of alignments (out of 10 total alignments)
			Skipping redundant alignments after choosing the best set of alignments
		Skipping redundant alignment 2676607 2678116 | 138420 139929 | 1510 1510 | 97.75 | GCF_000006765.1_ASM676v1_genomic_NC_002516.2 NODE_25_length_233610_cov_126.501347
		This contig has several significant sets of alignments. [An ambiguously mapped contig]
		Using only the very best set (option --ambiguity-usage is set to "one").
			The best set is below. Score: 199586.3, number of alignments: 9, unaligned bases: 30379
		This contig is misassembled.
		This contig is partially unaligned. (Aligned 203231 out of 233610 non-N bases (87.00%))
			Excluding internal overlap of size 101 between Alignment 1 and 2: 2522460 2556801 | 1 34345 | 34342 34345 --> 2522460 2556700 | 1 34244 | 34241 34244
			Real Alignment 1: 2522460 2556700 | 1 34244 | 34241 34244 | 99.33 | GCF_000006765.1_ASM676v1_genomic_NC_002516.2 NODE_25_length_233610_cov_126.501347
			  Extensive misassembly (relocation, inconsistency = 2029) between these two alignments
			Real Alignment 2: 2558730 2640136 | 34245 115598 | 81407 81354 | 99.26 | GCF_000006765.1_ASM676v1_genomic_NC_002516.2 NODE_25_length_233610_cov_126.501347
			  Gap between these two alignments (local misassembly). Inconsistency = 19
			Real Alignment 3: 2641521 2647640 | 116964 123081 | 6120 6118 | 96.97 | GCF_000006765.1_ASM676v1_genomic_NC_002516.2 NODE_25_length_233610_cov_126.501347
			  Gap between these two alignments (local misassembly). Inconsistency = -12
			Real Alignment 4: 2648321 2653057 | 123774 128507 | 4737 4734 | 92.78 | GCF_000006765.1_ASM676v1_genomic_NC_002516.2 NODE_25_length_233610_cov_126.501347
			  Extensive misassembly (relocation, inconsistency = 21218) between these two alignments
			Real Alignment 5: 2683966 2685697 | 138198 139929 | 1732 1732 | 95.42 | GCF_000006765.1_ASM676v1_genomic_NC_002516.2 NODE_25_length_233610_cov_126.501347
			  Extensive misassembly (relocation, inconsistency = -27762) between these two alignments
			Real Alignment 6: 2672266 2673484 | 154260 155478 | 1219 1219 | 90.08 | GCF_000006765.1_ASM676v1_genomic_NC_002516.2 NODE_25_length_233610_cov_126.501347
			  Extensive misassembly (relocation, inconsistency = 7623) between these two alignments
			Real Alignment 7: 2682632 2707184 | 157003 181534 | 24553 24532 | 98.42 | GCF_000006765.1_ASM676v1_genomic_NC_002516.2 NODE_25_length_233610_cov_126.501347
			  Extensive misassembly (relocation, inconsistency = -1003) between these two alignments
			Real Alignment 8: 2707666 2722710 | 183019 198063 | 15045 15045 | 99.36 | GCF_000006765.1_ASM676v1_genomic_NC_002516.2 NODE_25_length_233610_cov_126.501347
			  Gap between these two alignments (local misassembly). Inconsistency = -692
			Real Alignment 9: 2723313 2757549 | 199358 233610 | 34237 34253 | 99.19 | GCF_000006765.1_ASM676v1_genomic_NC_002516.2 NODE_25_length_233610_cov_126.501347
		Unaligned bases: 30379

CONTIG: NODE_26_length_218990_cov_139.124832 (218990bp)
Best alignment score: 101192.1 (LEN: 101721, IDY: 99.48), Total number of alignments: 4
			Looking for the best set of alignments (out of 4 total alignments)
		This contig has several significant sets of alignments. [An ambiguously mapped contig]
		Using only the very best set (option --ambiguity-usage is set to "one").
			The best set is below. Score: 207699.7, number of alignments: 4, unaligned bases: 9626
		This contig is misassembled.
		This contig is partially unaligned. (Aligned 209364 out of 218990 non-N bases (95.60%))
			Real Alignment 1: 901468 950823 | 49396 45 | 49356 49352 | 99.58 | GCF_000006765.1_ASM676v1_genomic_NC_002516.2 NODE_26_length_218990_cov_139.124832
			  Extensive misassembly (relocation, inconsistency = 1177) between these two alignments
			Real Alignment 2: 794431 896139 | 155268 53548 | 101709 101721 | 99.48 | GCF_000006765.1_ASM676v1_genomic_NC_002516.2 NODE_26_length_218990_cov_139.124832
			  Extensive misassembly (relocation, inconsistency = 4045) between these two alignments
			Real Alignment 3: 789727 789916 | 155925 155738 | 190 188 | 92.15 | GCF_000006765.1_ASM676v1_genomic_NC_002516.2 NODE_26_length_218990_cov_139.124832
			  Gap between these two alignments (local misassembly). Inconsistency = -574
			Real Alignment 4: 727223 785338 | 218990 160888 | 58116 58103 | 99.33 | GCF_000006765.1_ASM676v1_genomic_NC_002516.2 NODE_26_length_218990_cov_139.124832
		Unaligned bases: 9626

CONTIG: NODE_27_length_212077_cov_142.427437 (212077bp)
Best alignment score: 191307.0 (LEN: 192365, IDY: 99.45), Total number of alignments: 2
			Looking for the best set of alignments (out of 2 total alignments)
			The best set is below. Score: 210487.3, number of alignments: 2, unaligned bases: 417
		This contig is misassembled.
			Real Alignment 1: 4858419 5050782 | 192621 257 | 192364 192365 | 99.45 | GCF_000006765.1_ASM676v1_genomic_NC_002516.2 NODE_27_length_212077_cov_142.427437
			  Gap between these two alignments (local misassembly). Inconsistency = -222
			Real Alignment 2: 4839197 4858479 | 212077 192783 | 19283 19295 | 99.53 | GCF_000006765.1_ASM676v1_genomic_NC_002516.2 NODE_27_length_212077_cov_142.427437

CONTIG: NODE_29_length_204459_cov_138.449570 (204459bp)
Best alignment score: 93195.5 (LEN: 93598, IDY: 99.57), Total number of alignments: 5
			Looking for the best set of alignments (out of 5 total alignments)
			Skipping redundant alignments after choosing the best set of alignments
		Skipping redundant alignment 3778546 3778725 | 1127 948 | 180 180 | 98.89 | GCF_000006765.1_ASM676v1_genomic_NC_002516.2 NODE_29_length_204459_cov_138.449570
		Skipping redundant alignment 53846 54026 | 1312 1132 | 181 181 | 92.31 | GCF_000006765.1_ASM676v1_genomic_NC_002516.2 NODE_29_length_204459_cov_138.449570
		This contig has several significant sets of alignments. [An ambiguously mapped contig]
		Using only the very best set (option --ambiguity-usage is set to "one").
			The best set is below. Score: 199237.2, number of alignments: 3, unaligned bases: 4317
		This contig is misassembled.
		This contig is partially unaligned. (Aligned 200142 out of 204459 non-N bases (97.89%))
			Real Alignment 1: 3684539 3778172 | 96913 3316 | 93634 93598 | 99.57 | GCF_000006765.1_ASM676v1_genomic_NC_002516.2 NODE_29_length_204459_cov_138.449570
			  Gap between these two alignments (local misassembly). Inconsistency = 0
			Real Alignment 2: 3618636 3683575 | 162817 97877 | 64940 64941 | 99.43 | GCF_000006765.1_ASM676v1_genomic_NC_002516.2 NODE_29_length_204459_cov_138.449570
			  Gap between these two alignments (local misassembly). Inconsistency = -114
			Real Alignment 3: 3577114 3618710 | 204459 162857 | 41597 41603 | 99.74 | GCF_000006765.1_ASM676v1_genomic_NC_002516.2 NODE_29_length_204459_cov_138.449570
		Unaligned bases: 4317

CONTIG: NODE_30_length_188778_cov_167.983961 (188778bp)
Best alignment score: 160211.8 (LEN: 160936, IDY: 99.55), Total number of alignments: 2
			Looking for the best set of alignments (out of 2 total alignments)
			The best set is below. Score: 187547.8, number of alignments: 2, unaligned bases: 148
		This contig is misassembled.
			Real Alignment 1: 69537 230535 | 76 161011 | 160999 160936 | 99.55 | GCF_000006765.1_ASM676v1_genomic_NC_002516.2 NODE_30_length_188778_cov_167.983961
			  Extensive misassembly (relocation, inconsistency = 6586) between these two alignments
			Real Alignment 2: 237163 264839 | 161053 188746 | 27677 27694 | 99.61 | GCF_000006765.1_ASM676v1_genomic_NC_002516.2 NODE_30_length_188778_cov_167.983961

CONTIG: NODE_32_length_175690_cov_146.317869 (175690bp)
Best alignment score: 85989.8 (LEN: 86535, IDY: 99.37), Total number of alignments: 6
			Looking for the best set of alignments (out of 6 total alignments)
		This contig has several significant sets of alignments. [An ambiguously mapped contig]
		Using only the very best set (option --ambiguity-usage is set to "one").
			The best set is below. Score: 102433.4, number of alignments: 6, unaligned bases: 71444
		This contig is misassembled.
		This contig is partially unaligned. (Aligned 104246 out of 175690 non-N bases (59.34%))
			Real Alignment 1: 5101243 5187783 | 86535 1 | 86541 86535 | 99.37 | GCF_000006765.1_ASM676v1_genomic_NC_002516.2 NODE_32_length_175690_cov_146.317869
			  Gap between these two alignments (local misassembly). Inconsistency = -15
			Excluding internal overlap of size 79 between Alignment 2 and 3: 1060354 1061197 | 100790 101622 | 844 833 --> 1060433 1061197 | 100869 101622 | 765 754
			Real Alignment 2: 5086925 5100864 | 100868 86929 | 13940 13940 | 99.67 | GCF_000006765.1_ASM676v1_genomic_NC_002516.2 NODE_32_length_175690_cov_146.317869
			  Extensive misassembly (relocation, inconsistency = 4025727) between these two alignments
			Real Alignment 3: 1060433 1061197 | 100869 101622 | 765 754 | 92.79 | GCF_000006765.1_ASM676v1_genomic_NC_002516.2 NODE_32_length_175690_cov_146.317869
			  Extensive misassembly (relocation, inconsistency = -10019) between these two alignments
			Real Alignment 4: 1062435 1064232 | 112879 114678 | 1798 1800 | 97.72 | GCF_000006765.1_ASM676v1_genomic_NC_002516.2 NODE_32_length_175690_cov_146.317869
			  Extensive misassembly (relocation, inconsistency = -3812) between these two alignments
			Real Alignment 5: 1064259 1065080 | 118517 119337 | 822 821 | 92.1 | GCF_000006765.1_ASM676v1_genomic_NC_002516.2 NODE_32_length_175690_cov_146.317869
			  Extensive misassembly (relocation, inconsistency = -43367) between these two alignments
			Real Alignment 6: 1065390 1065785 | 163014 163409 | 396 396 | 94.7 | GCF_000006765.1_ASM676v1_genomic_NC_002516.2 NODE_32_length_175690_cov_146.317869
		Unaligned bases: 71444

CONTIG: NODE_33_length_174978_cov_131.409557 (174978bp)
Best alignment score: 102391.1 (LEN: 102947, IDY: 99.46), Total number of alignments: 3
			Looking for the best set of alignments (out of 3 total alignments)
			The best set is below. Score: 173188.1, number of alignments: 3, unaligned bases: 741
		This contig is misassembled.
		This contig is partially unaligned. (Aligned 174237 out of 174978 non-N bases (99.58%))
			Real Alignment 1: 1645024 1671394 | 26396 25 | 26371 26372 | 99.59 | GCF_000006765.1_ASM676v1_genomic_NC_002516.2 NODE_33_length_174978_cov_131.409557
			  Gap between these two alignments (local misassembly). Inconsistency = -133
			Real Alignment 2: 1600081 1645012 | 71458 26541 | 44932 44918 | 99.25 | GCF_000006765.1_ASM676v1_genomic_NC_002516.2 NODE_33_length_174978_cov_131.409557
			  Gap between these two alignments (local misassembly). Inconsistency = 601
			Real Alignment 3: 1496003 1598962 | 174922 71976 | 102960 102947 | 99.46 | GCF_000006765.1_ASM676v1_genomic_NC_002516.2 NODE_33_length_174978_cov_131.409557
		Unaligned bases: 741

CONTIG: NODE_34_length_173536_cov_150.769277 (173536bp)
Best alignment score: 103292.6 (LEN: 103937, IDY: 99.38), Total number of alignments: 4
			Looking for the best set of alignments (out of 4 total alignments)
			The best set is below. Score: 166962.2, number of alignments: 4, unaligned bases: 5321
		This contig is misassembled.
		This contig is partially unaligned. (Aligned 168215 out of 173536 non-N bases (96.93%))
			Real Alignment 1: 4658362 4672822 | 14507 48 | 14461 14460 | 99.45 | GCF_000006765.1_ASM676v1_genomic_NC_002516.2 NODE_34_length_173536_cov_150.769277
			  Extensive misassembly (relocation, inconsistency = -5159) between these two alignments
			Excluding internal overlap of size 4 between Alignment 2 and 3: 4528680 4553812 | 148818 123715 | 25133 25104 --> 4528680 4553808 | 148818 123719 | 25129 25100
			Real Alignment 2: 4554322 4658246 | 123718 19782 | 103925 103937 | 99.38 | GCF_000006765.1_ASM676v1_genomic_NC_002516.2 NODE_34_length_173536_cov_150.769277
			  Gap between these two alignments (local misassembly). Inconsistency = 513
			Excluding internal overlap of size 80 between Alignment 3 and 4: 4503735 4528533 | 173536 148739 | 24799 24798 --> 4503735 4528453 | 173536 148819 | 24719 24718
			Real Alignment 3: 4528680 4553808 | 148818 123719 | 25129 25100 | 99.42 | GCF_000006765.1_ASM676v1_genomic_NC_002516.2 NODE_34_length_173536_cov_150.769277
			  Gap between these two alignments (local misassembly). Inconsistency = 226
			Real Alignment 4: 4503735 4528453 | 173536 148819 | 24719 24718 | 99.76 | GCF_000006765.1_ASM676v1_genomic_NC_002516.2 NODE_34_length_173536_cov_150.769277
		Unaligned bases: 5321

CONTIG: NODE_39_length_125107_cov_165.096520 (125107bp)
Best alignment score: 108359.2 (LEN: 108849, IDY: 99.55), Total number of alignments: 2
			Looking for the best set of alignments (out of 2 total alignments)
			The best set is below. Score: 118483.4, number of alignments: 2, unaligned bases: 5797
		This contig is misassembled.
		This contig is partially unaligned. (Aligned 119310 out of 125107 non-N bases (95.37%))
			Real Alignment 1: 5930760 6039582 | 108849 1 | 108823 108849 | 99.55 | GCF_000006765.1_ASM676v1_genomic_NC_002516.2 NODE_39_length_125107_cov_165.096520
			  Extensive misassembly (relocation, inconsistency = -1004) between these two alignments
			Real Alignment 2: 5915471 5925966 | 125107 114647 | 10496 10461 | 99.17 | GCF_000006765.1_ASM676v1_genomic_NC_002516.2 NODE_39_length_125107_cov_165.096520
		Unaligned bases: 5797

CONTIG: NODE_47_length_103656_cov_148.565226 (103656bp)
Best alignment score: 52343.9 (LEN: 52644, IDY: 99.43), Total number of alignments: 2
			Looking for the best set of alignments (out of 2 total alignments)
			The best set is below. Score: 74293.6, number of alignments: 2, unaligned bases: 28703
		This contig is misassembled.
		This contig is partially unaligned. (Aligned 74953 out of 103656 non-N bases (72.31%))
			Real Alignment 1: 5241836 5264145 | 22309 1 | 22310 22309 | 99.51 | GCF_000006765.1_ASM676v1_genomic_NC_002516.2 NODE_47_length_103656_cov_148.565226
			  Extensive misassembly (relocation, inconsistency = -28711) between these two alignments
			Real Alignment 2: 5189209 5241843 | 103656 51013 | 52635 52644 | 99.43 | GCF_000006765.1_ASM676v1_genomic_NC_002516.2 NODE_47_length_103656_cov_148.565226
		Unaligned bases: 28703

CONTIG: NODE_54_length_81823_cov_128.784121 (81823bp)
Best alignment score: 48634.0 (LEN: 48962, IDY: 99.33), Total number of alignments: 5
			Looking for the best set of alignments (out of 5 total alignments)
			Skipping redundant alignments after choosing the best set of alignments
		Skipping redundant alignment 2118520 2118620 | 101 1 | 101 101 | 99.01 | GCF_000006765.1_ASM676v1_genomic_NC_002516.2 NODE_54_length_81823_cov_128.784121
		Skipping redundant alignment 1062334 1062434 | 1 101 | 101 101 | 97.03 | GCF_000006765.1_ASM676v1_genomic_NC_002516.2 NODE_54_length_81823_cov_128.784121
		Skipping redundant alignment 3173533 3173652 | 81704 81823 | 120 120 | 100.0 | GCF_000006765.1_ASM676v1_genomic_NC_002516.2 NODE_54_length_81823_cov_128.784121
		This contig has several significant sets of alignments. [An ambiguously mapped contig]
		Using only the very best set (option --ambiguity-usage is set to "one").
			The best set is below. Score: 71238.1, number of alignments: 2, unaligned bases: 9776
		This contig is misassembled.
		This contig is partially unaligned. (Aligned 72047 out of 81823 non-N bases (88.05%))
			Real Alignment 1: 3099303 3148252 | 423 49384 | 48950 48962 | 99.33 | GCF_000006765.1_ASM676v1_genomic_NC_002516.2 NODE_54_length_81823_cov_128.784121
			  Extensive misassembly (relocation, inconsistency = -2249) between these two alignments
			Real Alignment 2: 3148359 3171531 | 51740 74824 | 23173 23085 | 99.0 | GCF_000006765.1_ASM676v1_genomic_NC_002516.2 NODE_54_length_81823_cov_128.784121
		Unaligned bases: 9776

CONTIG: NODE_59_length_68627_cov_155.487575 (68627bp)
Best alignment score: 68162.5 (LEN: 68505, IDY: 99.50), Total number of alignments: 2
		Skipping these alignments as insignificant (option --ambiguity-score is set to "0.99"):
			Skipping alignment 4720069 4720241 | 123 295 | 173 173 | 98.27 | GCF_000006765.1_ASM676v1_genomic_NC_002516.2 NODE_59_length_68627_cov_155.487575
		One align captures most of this contig: 4720069 4788572 | 123 68627 | 68504 68505 | 99.5 | GCF_000006765.1_ASM676v1_genomic_NC_002516.2 NODE_59_length_68627_cov_155.487575

CONTIG: NODE_62_length_65668_cov_139.556902 (65668bp)
Best alignment score: 33839.7 (LEN: 34092, IDY: 99.26), Total number of alignments: 4
			Looking for the best set of alignments (out of 4 total alignments)
			Skipping redundant alignments after choosing the best set of alignments
		Skipping redundant alignment 2757424 2757549 | 126 1 | 126 126 | 98.41 | GCF_000006765.1_ASM676v1_genomic_NC_002516.2 NODE_62_length_65668_cov_139.556902
		Skipping redundant alignment 3841871 3842042 | 65496 65668 | 172 173 | 95.95 | GCF_000006765.1_ASM676v1_genomic_NC_002516.2 NODE_62_length_65668_cov_139.556902
		This contig has several significant sets of alignments. [An ambiguously mapped contig]
		Using only the very best set (option --ambiguity-usage is set to "one").
			The best set is below. Score: 62611.8, number of alignments: 2, unaligned bases: 2570
		This contig is misassembled.
		This contig is partially unaligned. (Aligned 63098 out of 65668 non-N bases (96.09%))
			Excluding internal overlap of size 8 between Alignment 1 and 2: 3812835 3841897 | 36611 65624 | 29063 29014 --> 3812843 3841897 | 36619 65624 | 29055 29006
			Real Alignment 1: 3778655 3812755 | 2527 36618 | 34101 34092 | 99.26 | GCF_000006765.1_ASM676v1_genomic_NC_002516.2 NODE_62_length_65668_cov_139.556902
			  Gap between these two alignments (local misassembly). Inconsistency = 87
			Real Alignment 2: 3812843 3841897 | 36619 65624 | 29055 29006 | 99.29 | GCF_000006765.1_ASM676v1_genomic_NC_002516.2 NODE_62_length_65668_cov_139.556902
		Unaligned bases: 2570

CONTIG: NODE_71_length_53060_cov_143.966758 (53060bp)
Best alignment score: 14304.5 (LEN: 14515, IDY: 98.55), Total number of alignments: 4
			Looking for the best set of alignments (out of 4 total alignments)
			The best set is below. Score: 30820.1, number of alignments: 4, unaligned bases: 21400
		This contig is misassembled.
		This contig is partially unaligned. (Aligned 31660 out of 53060 non-N bases (59.67%))
			Real Alignment 1: 4309916 4310819 | 6347 5444 | 904 904 | 99.45 | GCF_000006765.1_ASM676v1_genomic_NC_002516.2 NODE_71_length_53060_cov_143.966758
			  Extensive misassembly (relocation, inconsistency = -786090) between these two alignments
			Real Alignment 2: 5072399 5086973 | 29894 15380 | 14575 14515 | 98.55 | GCF_000006765.1_ASM676v1_genomic_NC_002516.2 NODE_71_length_53060_cov_143.966758
			  Extensive misassembly (relocation, inconsistency = -1450) between these two alignments
			Real Alignment 3: 5055626 5069017 | 48117 34726 | 13392 13392 | 99.25 | GCF_000006765.1_ASM676v1_genomic_NC_002516.2 NODE_71_length_53060_cov_143.966758
			  Gap between these two alignments (local misassembly). Inconsistency = -39
			Real Alignment 4: 5050782 5053630 | 53000 50152 | 2849 2849 | 99.16 | GCF_000006765.1_ASM676v1_genomic_NC_002516.2 NODE_71_length_53060_cov_143.966758
		Unaligned bases: 21400

CONTIG: NODE_73_length_47795_cov_121.274696 (47795bp)
Best alignment score: 47281.0 (LEN: 47576, IDY: 99.38), Total number of alignments: 1
		One align captures most of this contig: 2122521 2170093 | 47576 1 | 47573 47576 | 99.38 | GCF_000006765.1_ASM676v1_genomic_NC_002516.2 NODE_73_length_47795_cov_121.274696

CONTIG: NODE_75_length_43085_cov_122.562143 (43085bp)
Best alignment score: 39307.8 (LEN: 39561, IDY: 99.36), Total number of alignments: 2
			Looking for the best set of alignments (out of 2 total alignments)
			Skipping redundant alignments after choosing the best set of alignments
		Skipping redundant alignment 4720140 4720232 | 3 95 | 93 93 | 98.92 | GCF_000006765.1_ASM676v1_genomic_NC_002516.2 NODE_75_length_43085_cov_122.562143
		This contig has several significant sets of alignments. [An ambiguously mapped contig]
		Using only the very best set (option --ambiguity-usage is set to "one").
			The best set is below. Score: 39307.8, number of alignments: 1, unaligned bases: 3524
		This contig is partially unaligned. (Aligned 39561 out of 43085 non-N bases (91.82%))
		Alignment: 2076964 2116525 | 220 39780 | 39562 39561 | 99.36 | GCF_000006765.1_ASM676v1_genomic_NC_002516.2 NODE_75_length_43085_cov_122.562143
		Unaligned bases: 1 to 219 (219)
		Unaligned bases: 39781 to 43085 (3305)

CONTIG: NODE_78_length_41594_cov_152.378247 (41594bp)
Best alignment score: 41324.6 (LEN: 41549, IDY: 99.46), Total number of alignments: 1
		One align captures most of this contig: 4672934 4714455 | 46 41594 | 41522 41549 | 99.46 | GCF_000006765.1_ASM676v1_genomic_NC_002516.2 NODE_78_length_41594_cov_152.378247

CONTIG: NODE_84_length_38346_cov_119.332950 (38346bp)
Best alignment score: 34478.7 (LEN: 34652, IDY: 99.50), Total number of alignments: 1
			Looking for the best set of alignments (out of 1 total alignments)
			The best set is below. Score: 34478.7, number of alignments: 1, unaligned bases: 3694
		This contig is partially unaligned. (Aligned 34652 out of 38346 non-N bases (90.37%))
		Alignment: 2451596 2486242 | 34707 56 | 34647 34652 | 99.5 | GCF_000006765.1_ASM676v1_genomic_NC_002516.2 NODE_84_length_38346_cov_119.332950
		Unaligned bases: 1 to 55 (55)
		Unaligned bases: 34708 to 38346 (3639)

CONTIG: NODE_85_length_38121_cov_141.895366 (38121bp)
Best alignment score: 37903.7 (LEN: 38121, IDY: 99.43), Total number of alignments: 1
		One align captures most of this contig: 4794219 4832341 | 1 38121 | 38123 38121 | 99.43 | GCF_000006765.1_ASM676v1_genomic_NC_002516.2 NODE_85_length_38121_cov_141.895366

CONTIG: NODE_89_length_35106_cov_122.035063 (35106bp)
Best alignment score: 34929.8 (LEN: 35063, IDY: 99.62), Total number of alignments: 2
		Skipping these alignments as insignificant (option --ambiguity-score is set to "0.99"):
			Skipping alignment 2558197 2558266 | 1 70 | 70 70 | 100.0 | GCF_000006765.1_ASM676v1_genomic_NC_002516.2 NODE_89_length_35106_cov_122.035063
		One align captures most of this contig: 2486251 2521314 | 44 35106 | 35064 35063 | 99.62 | GCF_000006765.1_ASM676v1_genomic_NC_002516.2 NODE_89_length_35106_cov_122.035063

CONTIG: NODE_92_length_31791_cov_103.823418 (31791bp)
Best alignment score: 196.2 (LEN: 217, IDY: 90.41), Total number of alignments: 3
			Looking for the best set of alignments (out of 3 total alignments)
			Skipping redundant alignments after choosing the best set of alignments
		Skipping redundant alignment 789725 789916 | 20149 20338 | 192 190 | 90.62 | GCF_000006765.1_ASM676v1_genomic_NC_002516.2 NODE_92_length_31791_cov_103.823418
		Skipping redundant alignment 789725 789918 | 31445 31254 | 194 192 | 91.79 | GCF_000006765.1_ASM676v1_genomic_NC_002516.2 NODE_92_length_31791_cov_103.823418
			The best set is below. Score: 196.2, number of alignments: 1, unaligned bases: 31574
		This contig is partially unaligned. (Aligned 217 out of 31791 non-N bases (0.68%))
		Alignment: 789699 789917 | 16652 16868 | 219 217 | 90.41 | GCF_000006765.1_ASM676v1_genomic_NC_002516.2 NODE_92_length_31791_cov_103.823418
		Unaligned bases: 1 to 16651 (16651)
		Unaligned bases: 16869 to 31791 (14923)

CONTIG: NODE_99_length_24223_cov_188.155329 (24223bp)
Best alignment score: 12505.2 (LEN: 12620, IDY: 99.09), Total number of alignments: 3
			Looking for the best set of alignments (out of 3 total alignments)
			The best set is below. Score: 21988.6, number of alignments: 3, unaligned bases: 1977
		This contig is misassembled.
		This contig is partially unaligned. (Aligned 22246 out of 24223 non-N bases (91.84%))
			Real Alignment 1: 56084 68711 | 12745 126 | 12628 12620 | 99.09 | GCF_000006765.1_ASM676v1_genomic_NC_002516.2 NODE_99_length_24223_cov_188.155329
			  Gap between these two alignments (local misassembly). Inconsistency = 258
			Real Alignment 2: 54050 54839 | 14521 13732 | 790 790 | 98.99 | GCF_000006765.1_ASM676v1_genomic_NC_002516.2 NODE_99_length_24223_cov_188.155329
			  Gap between these two alignments (local misassembly). Inconsistency = 101
			Real Alignment 3: 44247 53082 | 24223 15388 | 8836 8836 | 99.02 | GCF_000006765.1_ASM676v1_genomic_NC_002516.2 NODE_99_length_24223_cov_188.155329
		Unaligned bases: 1977

CONTIG: NODE_102_length_21264_cov_169.198595 (21264bp)
Best alignment score: 10101.6 (LEN: 10180, IDY: 99.23), Total number of alignments: 5
			Looking for the best set of alignments (out of 5 total alignments)
			Skipping redundant alignments after choosing the best set of alignments
		Skipping redundant alignment 2760362 2760819 | 3026 3484 | 458 459 | 98.04 | GCF_000006765.1_ASM676v1_genomic_NC_002516.2 NODE_102_length_21264_cov_169.198595
		This contig has several significant sets of alignments. [An ambiguously mapped contig]
		Using only the very best set (option --ambiguity-usage is set to "one").
			The best set is below. Score: 16430.9, number of alignments: 4, unaligned bases: 4293
		This contig is misassembled.
		This contig is partially unaligned. (Aligned 16971 out of 21264 non-N bases (79.81%))
			Real Alignment 1: 2761408 2762955 | 1699 3269 | 1548 1571 | 96.5 | GCF_000006765.1_ASM676v1_genomic_NC_002516.2 NODE_102_length_21264_cov_169.198595
			  Extensive misassembly (relocation, inconsistency = -4505) between these two alignments
			Real Alignment 2: 2759147 2760356 | 3966 5175 | 1210 1210 | 99.17 | GCF_000006765.1_ASM676v1_genomic_NC_002516.2 NODE_102_length_21264_cov_169.198595
			  Gap between these two alignments (local misassembly). Inconsistency = 975
			Real Alignment 3: 2762285 2766330 | 6129 10138 | 4046 4010 | 96.94 | GCF_000006765.1_ASM676v1_genomic_NC_002516.2 NODE_102_length_21264_cov_169.198595
			  Gap between these two alignments (local misassembly). Inconsistency = 15
			Real Alignment 4: 2767292 2777471 | 11085 21264 | 10180 10180 | 99.23 | GCF_000006765.1_ASM676v1_genomic_NC_002516.2 NODE_102_length_21264_cov_169.198595
		Unaligned bases: 4293

CONTIG: NODE_103_length_16809_cov_130.505014 (16809bp)
Best alignment score: 290.0 (LEN: 297, IDY: 97.64), Total number of alignments: 4
			Looking for the best set of alignments (out of 4 total alignments)
			Skipping redundant alignments after choosing the best set of alignments
		Skipping redundant alignment 2119459 2119755 | 15229 14933 | 297 297 | 97.31 | GCF_000006765.1_ASM676v1_genomic_NC_002516.2 NODE_103_length_16809_cov_130.505014
		Skipping redundant alignment 2119335 2119458 | 16809 16686 | 124 124 | 100.0 | GCF_000006765.1_ASM676v1_genomic_NC_002516.2 NODE_103_length_16809_cov_130.505014
		Skipping redundant alignment 1061496 1061619 | 16686 16809 | 124 124 | 100.0 | GCF_000006765.1_ASM676v1_genomic_NC_002516.2 NODE_103_length_16809_cov_130.505014
		This contig has several significant sets of alignments. [An ambiguously mapped contig]
		Using only the very best set (option --ambiguity-usage is set to "one").
			The best set is below. Score: 290.0, number of alignments: 1, unaligned bases: 16512
		This contig is partially unaligned. (Aligned 297 out of 16809 non-N bases (1.77%))
		Alignment: 1061199 1061495 | 14933 15229 | 297 297 | 97.64 | GCF_000006765.1_ASM676v1_genomic_NC_002516.2 NODE_103_length_16809_cov_130.505014
		Unaligned bases: 1 to 14932 (14932)
		Unaligned bases: 15230 to 16809 (1580)

CONTIG: NODE_118_length_5699_cov_275.872962 (5699bp)
Best alignment score: 5636.9 (LEN: 5699, IDY: 98.91), Total number of alignments: 2
		This contig has 2 significant alignments. [An ambiguously mapped contig]
		Using only first of these alignment (option --ambiguity-usage is set to "one"):
			Alignment: 4714401 4720087 | 1 5699 | 5687 5699 | 98.91 | GCF_000006765.1_ASM676v1_genomic_NC_002516.2 NODE_118_length_5699_cov_275.872962
			Skipping alignment 2071296 2076982 | 1 5699 | 5687 5699 | 98.39 | GCF_000006765.1_ASM676v1_genomic_NC_002516.2 NODE_118_length_5699_cov_275.872962

CONTIG: NODE_119_length_5696_cov_686.038823 (5696bp)
Best alignment score: 5633.9 (LEN: 5696, IDY: 98.91), Total number of alignments: 4
		This contig has 4 significant alignments. [An ambiguously mapped contig]
		Using only first of these alignment (option --ambiguity-usage is set to "one"):
			Alignment: 6039575 6045268 | 1 5696 | 5694 5696 | 98.91 | GCF_000006765.1_ASM676v1_genomic_NC_002516.2 NODE_119_length_5696_cov_686.038823
			Skipping alignment 721572 727265 | 5696 1 | 5694 5696 | 98.9 | GCF_000006765.1_ASM676v1_genomic_NC_002516.2 NODE_119_length_5696_cov_686.038823
			Skipping alignment 5264091 5269784 | 1 5696 | 5694 5696 | 98.9 | GCF_000006765.1_ASM676v1_genomic_NC_002516.2 NODE_119_length_5696_cov_686.038823
			Skipping alignment 4788565 4794256 | 1 5696 | 5692 5696 | 98.86 | GCF_000006765.1_ASM676v1_genomic_NC_002516.2 NODE_119_length_5696_cov_686.038823

CONTIG: NODE_123_length_3816_cov_156.373571 (3816bp)
Best alignment score: 3808.0 (LEN: 3816, IDY: 99.79), Total number of alignments: 1
		One align captures most of this contig: 4833188 4837003 | 1 3816 | 3816 3816 | 99.79 | GCF_000006765.1_ASM676v1_genomic_NC_002516.2 NODE_123_length_3816_cov_156.373571

CONTIG: NODE_128_length_3141_cov_308.654893 (3141bp)
Best alignment score: 3119.0 (LEN: 3141, IDY: 99.30), Total number of alignments: 2
		This contig has 2 significant alignments. [An ambiguously mapped contig]
		Using only first of these alignment (option --ambiguity-usage is set to "one"):
			Alignment: 2777417 2780557 | 1 3141 | 3141 3141 | 99.3 | GCF_000006765.1_ASM676v1_genomic_NC_002516.2 NODE_128_length_3141_cov_308.654893
			Skipping alignment 41161 44301 | 3141 1 | 3141 3141 | 99.27 | GCF_000006765.1_ASM676v1_genomic_NC_002516.2 NODE_128_length_3141_cov_308.654893

CONTIG: NODE_130_length_2682_cov_240.142748 (2682bp)
Best alignment score: 1625.1 (LEN: 1651, IDY: 98.43), Total number of alignments: 1
			Looking for the best set of alignments (out of 1 total alignments)
			The best set is below. Score: 1625.1, number of alignments: 1, unaligned bases: 1031
		This contig is partially unaligned. (Aligned 1651 out of 2682 non-N bases (61.56%))
		Alignment: 2757495 2759146 | 1 1651 | 1652 1651 | 98.43 | GCF_000006765.1_ASM676v1_genomic_NC_002516.2 NODE_130_length_2682_cov_240.142748
		Unaligned bases: 1652 to 2682 (1031)

CONTIG: NODE_135_length_2138_cov_163.275084 (2138bp)
Best alignment score: 2120.0 (LEN: 2138, IDY: 99.16), Total number of alignments: 1
		One align captures most of this contig: 4837038 4839175 | 2138 1 | 2138 2138 | 99.16 | GCF_000006765.1_ASM676v1_genomic_NC_002516.2 NODE_135_length_2138_cov_163.275084

CONTIG: NODE_140_length_1468_cov_279.366596 (1468bp)
Best alignment score: 1463.0 (LEN: 1468, IDY: 99.66), Total number of alignments: 2
		This contig has 2 significant alignments. [An ambiguously mapped contig]
		Using only first of these alignment (option --ambiguity-usage is set to "one"):
			Alignment: 2170039 2171506 | 1468 1 | 1468 1468 | 99.66 | GCF_000006765.1_ASM676v1_genomic_NC_002516.2 NODE_140_length_1468_cov_279.366596
			Skipping alignment 4502322 4503789 | 1468 1 | 1468 1468 | 99.46 | GCF_000006765.1_ASM676v1_genomic_NC_002516.2 NODE_140_length_1468_cov_279.366596

CONTIG: NODE_141_length_1379_cov_1259.708459 (1379bp)
Best alignment score: 1376.0 (LEN: 1379, IDY: 99.78), Total number of alignments: 6
		This contig has 6 significant alignments. [An ambiguously mapped contig]
		Using only first of these alignment (option --ambiguity-usage is set to "one"):
			Alignment: 5382519 5383897 | 1379 1 | 1379 1379 | 99.78 | GCF_000006765.1_ASM676v1_genomic_NC_002516.2 NODE_141_length_1379_cov_1259.708459
			Skipping alignment 4473538 4474916 | 1 1379 | 1379 1379 | 99.78 | GCF_000006765.1_ASM676v1_genomic_NC_002516.2 NODE_141_length_1379_cov_1259.708459
			Skipping alignment 499827 501205 | 1379 1 | 1379 1379 | 99.78 | GCF_000006765.1_ASM676v1_genomic_NC_002516.2 NODE_141_length_1379_cov_1259.708459
			Skipping alignment 3043473 3044851 | 1379 1 | 1379 1379 | 99.78 | GCF_000006765.1_ASM676v1_genomic_NC_002516.2 NODE_141_length_1379_cov_1259.708459
			Skipping alignment 2556863 2558241 | 1 1379 | 1379 1379 | 99.78 | GCF_000006765.1_ASM676v1_genomic_NC_002516.2 NODE_141_length_1379_cov_1259.708459
			Skipping alignment 3841997 3843375 | 1379 1 | 1379 1379 | 99.78 | GCF_000006765.1_ASM676v1_genomic_NC_002516.2 NODE_141_length_1379_cov_1259.708459

CONTIG: NODE_144_length_1255_cov_258.589167 (1255bp)
Best alignment score: 1252.0 (LEN: 1255, IDY: 99.76), Total number of alignments: 2
		This contig has 2 significant alignments. [An ambiguously mapped contig]
		Using only first of these alignment (option --ambiguity-usage is set to "one"):
			Alignment: 3575914 3577168 | 1 1255 | 1255 1255 | 99.76 | GCF_000006765.1_ASM676v1_genomic_NC_002516.2 NODE_144_length_1255_cov_258.589167
			Skipping alignment 2521260 2522514 | 1 1255 | 1255 1255 | 99.68 | GCF_000006765.1_ASM676v1_genomic_NC_002516.2 NODE_144_length_1255_cov_258.589167

CONTIG: NODE_151_length_824_cov_660.360208 (824bp)
Best alignment score: 815.0 (LEN: 824, IDY: 98.91), Total number of alignments: 2
		Skipping these alignments as insignificant (option --ambiguity-score is set to "0.99"):
			Skipping alignment 1061565 1062388 | 824 1 | 824 824 | 96.97 | GCF_000006765.1_ASM676v1_genomic_NC_002516.2 NODE_151_length_824_cov_660.360208
		One align captures most of this contig: 2118566 2119389 | 1 824 | 824 824 | 98.91 | GCF_000006765.1_ASM676v1_genomic_NC_002516.2 NODE_151_length_824_cov_660.360208

Analyzing coverage...
Writing SNPs into /home/modesto/data/freeDNA/quast_results/results_2022_03_10_13_57_32/runs_per_reference/GCF_000006765.1_ASM676v1_genomic/contigs_reports/minimap_output/NA_2.used_snps.gz

Analysis is finished!
Founded SNPs were written into /home/modesto/data/freeDNA/quast_results/results_2022_03_10_13_57_32/runs_per_reference/GCF_000006765.1_ASM676v1_genomic/contigs_reports/minimap_output/NA_2.used_snps.gz

Results:
	Local Misassemblies: 42
	Misassemblies: 49
		Relocations: 49
		Translocations: 0
		Inversions: 0
	Scaffold gap extensive misassemblies: 0
	Scaffold gap local misassemblies: 0
	Misassembled Contigs: 20
	Misassembled Contig Bases: 5087640
	Misassemblies Inter-Contig Overlap ("Extra" Aligned Bases): 0
Unaligned Contigs: 0 + 27 part
Half Unaligned Contigs with Misassemblies: 0
Unaligned Bases in Fully and Partially Unaligned Contigs: 546756

Ambiguously Mapped Contigs: 22
Total Bases in Ambiguously Mapped Contigs: 3787970
"Extra" Aligned Bases in Ambiguously Mapped Contigs: 0
Note that --allow-ambiguity option was set to "one" and only first alignment per each of these contigs was used (there is no "extra" aligned bases).

	Covered Bases in Reference: 6003578
	Raw Aligned Bases in Assembly: 6010413
	Total Aligned Bases in Assembly (with "Extras"): 6010413

	SNPs: 30519
	Insertions: 1434
	Deletions: 2035

