/home/modesto/Applications/quast-5.1rc/quast-5.1.0rc1/quast.py -k -f --mgm --circos -t 32 --mgm --min-identity 90.0 --colors #E31A1C,#1F78B4,#33A02C,#6A3D9A,#FF7F00,#800000,#A6CEE3,#B2DF8A,#333300,#CCCC00 --ls solid,solid,solid,solid,solid,solid,solid,solid,solid,solid --no-check-meta --contig-thresholds 1000,5000,10000,25000,50000 -t 32 /home/modesto/data/freeDNA/quast_results/results_2022_03_10_13_57_32/quast_corrected_input/NA_not_aligned_anywhere.fasta /home/modesto/data/freeDNA/quast_results/results_2022_03_10_13_57_32/quast_corrected_input/NA_2_not_aligned_anywhere.fasta /home/modesto/data/freeDNA/quast_results/results_2022_03_10_13_57_32/quast_corrected_input/Phi29-RP_not_aligned_anywhere.fasta /home/modesto/data/freeDNA/quast_results/results_2022_03_10_13_57_32/quast_corrected_input/Phi29-RP_2_not_aligned_anywhere.fasta /home/modesto/data/freeDNA/quast_results/results_2022_03_10_13_57_32/quast_corrected_input/PrimPol-Phi29_not_aligned_anywhere.fasta /home/modesto/data/freeDNA/quast_results/results_2022_03_10_13_57_32/quast_corrected_input/piPolB-D_not_aligned_anywhere.fasta /home/modesto/data/freeDNA/quast_results/results_2022_03_10_13_57_32/quast_corrected_input/piMDA_not_aligned_anywhere.fasta /home/modesto/data/freeDNA/quast_results/results_2022_03_10_13_57_32/quast_corrected_input/piMDA_2_not_aligned_anywhere.fasta /home/modesto/data/freeDNA/quast_results/results_2022_03_10_13_57_32/quast_corrected_input/piMDA-D_not_aligned_anywhere.fasta /home/modesto/data/freeDNA/quast_results/results_2022_03_10_13_57_32/quast_corrected_input/piMDA-D_2_not_aligned_anywhere.fasta -o /home/modesto/data/freeDNA/quast_results/results_2022_03_10_13_57_32/not_aligned --labels "NA, NA_2, Phi29+RP, Phi29+RP_2, PrimPol+Phi29, piPolB+D, piMDA, piMDA_2, piMDA+D, piMDA+D_2"

Started: 2022-03-10 14:03:17

Logging to /home/modesto/data/freeDNA/quast_results/results_2022_03_10_13_57_32/not_aligned/quast.log

CWD: /home/modesto/data/freeDNA
Main parameters: 
  MODE: meta, threads: 32, min contig length: 500, min alignment length: 65, min alignment IDY: 90.0, \
  ambiguity: one, threshold for extensive misassembly size: 1000

Contigs:
  Pre-processing...
  1  /home/modesto/data/freeDNA/quast_results/results_2022_03_10_13_57_32/quast_corrected_input/NA_not_aligned_anywhere.fasta ==> NA
  2  /home/modesto/data/freeDNA/quast_results/results_2022_03_10_13_57_32/quast_corrected_input/NA_2_not_aligned_anywhere.fasta ==> NA_2
  3  /home/modesto/data/freeDNA/quast_results/results_2022_03_10_13_57_32/quast_corrected_input/Phi29-RP_not_aligned_anywhere.fasta ==> Phi29+RP
  4  /home/modesto/data/freeDNA/quast_results/results_2022_03_10_13_57_32/quast_corrected_input/Phi29-RP_2_not_aligned_anywhere.fasta ==> Phi29+RP_2
  5  /home/modesto/data/freeDNA/quast_results/results_2022_03_10_13_57_32/quast_corrected_input/PrimPol-Phi29_not_aligned_anywhere.fasta ==> PrimPol+Phi29
  6  /home/modesto/data/freeDNA/quast_results/results_2022_03_10_13_57_32/quast_corrected_input/piPolB-D_not_aligned_anywhere.fasta ==> piPolB+D
  7  /home/modesto/data/freeDNA/quast_results/results_2022_03_10_13_57_32/quast_corrected_input/piMDA_not_aligned_anywhere.fasta ==> piMDA
  8  /home/modesto/data/freeDNA/quast_results/results_2022_03_10_13_57_32/quast_corrected_input/piMDA_2_not_aligned_anywhere.fasta ==> piMDA_2
  9  /home/modesto/data/freeDNA/quast_results/results_2022_03_10_13_57_32/quast_corrected_input/piMDA-D_not_aligned_anywhere.fasta ==> piMDA+D
  10 /home/modesto/data/freeDNA/quast_results/results_2022_03_10_13_57_32/quast_corrected_input/piMDA-D_2_not_aligned_anywhere.fasta ==> piMDA+D_2

2022-03-10 14:03:17
Running Basic statistics processor...
  Contig files: 
    1  NA
    2  NA_2
    3  Phi29+RP
    4  Phi29+RP_2
    5  PrimPol+Phi29
    6  piPolB+D
    7  piMDA
    8  piMDA_2
    9  piMDA+D
    10 piMDA+D_2
  Calculating N50 and L50...
    1  NA, N50 = 15419, L50 = 2, Total length = 63327, GC % = 58.87, # N's per 100 kbp =  0.00
    2  NA_2, N50 = 15419, L50 = 2, Total length = 63447, GC % = 58.90, # N's per 100 kbp =  0.00
    3  Phi29+RP, N50 = 30450, L50 = 2, Total length = 140980, GC % = 61.30, # N's per 100 kbp =  0.00
    4  Phi29+RP_2, N50 = 34463, L50 = 2, Total length = 143557, GC % = 61.31, # N's per 100 kbp =  0.00
    5  PrimPol+Phi29, N50 = 34463, L50 = 2, Total length = 142234, GC % = 61.13, # N's per 100 kbp =  0.00
    6  piPolB+D, N50 = 29014, L50 = 2, Total length = 140346, GC % = 59.23, # N's per 100 kbp =  0.00
    7  piMDA, N50 = 15419, L50 = 2, Total length = 67749, GC % = 59.25, # N's per 100 kbp =  0.00
    8  piMDA_2, N50 = 14362, L50 = 2, Total length = 81334, GC % = 58.70, # N's per 100 kbp =  0.00
    9  piMDA+D, N50 = 15419, L50 = 2, Total length = 63339, GC % = 58.88, # N's per 100 kbp =  0.00
    10 piMDA+D_2, N50 = 15419, L50 = 2, Total length = 69326, GC % = 58.96, # N's per 100 kbp =  0.00
Done.

2022-03-10 14:03:17
Running MetaGeneMark...
  1  NA
  2  NA_2
  3  Phi29+RP
    2  /home/modesto/Applications/quast-5.1rc/quast-5.1.0rc1/quast_libs/genemark/linux_64/gmhmmp \
       -d -a -p 0 -m /home/modesto/Applications/quast-5.1rc/quast-5.1.0rc1/quast_libs/genemark/linux_64/../MetaGeneMark_v1.mod \
       -o quast_results/results_2022_03_10_13_57_32/quast_corrected_input/NA_2_not_aligned_anywhere.fasta.gmhmm \
       quast_results/results_2022_03_10_13_57_32/quast_corrected_input/NA_2_not_aligned_anywhere.fasta \
       > quast_results/results_2022_03_10_13_57_32/not_aligned/predicted_genes/NA_2_genemark.stderr \
       2> quast_results/results_2022_03_10_13_57_32/not_aligned/predicted_genes/NA_2_genemark.stderr
    1  /home/modesto/Applications/quast-5.1rc/quast-5.1.0rc1/quast_libs/genemark/linux_64/gmhmmp \
       -d -a -p 0 -m /home/modesto/Applications/quast-5.1rc/quast-5.1.0rc1/quast_libs/genemark/linux_64/../MetaGeneMark_v1.mod \
       -o quast_results/results_2022_03_10_13_57_32/quast_corrected_input/NA_not_aligned_anywhere.fasta.gmhmm \
       quast_results/results_2022_03_10_13_57_32/quast_corrected_input/NA_not_aligned_anywhere.fasta \
       > quast_results/results_2022_03_10_13_57_32/not_aligned/predicted_genes/NA_genemark.stderr \
       2> quast_results/results_2022_03_10_13_57_32/not_aligned/predicted_genes/NA_genemark.stderr
  4  Phi29+RP_2
    3  /home/modesto/Applications/quast-5.1rc/quast-5.1.0rc1/quast_libs/genemark/linux_64/gmhmmp \
       -d -a -p 0 -m /home/modesto/Applications/quast-5.1rc/quast-5.1.0rc1/quast_libs/genemark/linux_64/../MetaGeneMark_v1.mod \
       -o quast_results/results_2022_03_10_13_57_32/quast_corrected_input/Phi29-RP_not_aligned_anywhere.fasta.gmhmm \
       quast_results/results_2022_03_10_13_57_32/quast_corrected_input/Phi29-RP_not_aligned_anywhere.fasta \
       > quast_results/results_2022_03_10_13_57_32/not_aligned/predicted_genes/Phi29-RP_genemark.stderr \
       2> quast_results/results_2022_03_10_13_57_32/not_aligned/predicted_genes/Phi29-RP_genemark.stderr
  5  PrimPol+Phi29
    4  /home/modesto/Applications/quast-5.1rc/quast-5.1.0rc1/quast_libs/genemark/linux_64/gmhmmp \
       -d -a -p 0 -m /home/modesto/Applications/quast-5.1rc/quast-5.1.0rc1/quast_libs/genemark/linux_64/../MetaGeneMark_v1.mod \
       -o quast_results/results_2022_03_10_13_57_32/quast_corrected_input/Phi29-RP_2_not_aligned_anywhere.fasta.gmhmm \
       quast_results/results_2022_03_10_13_57_32/quast_corrected_input/Phi29-RP_2_not_aligned_anywhere.fasta \
       > quast_results/results_2022_03_10_13_57_32/not_aligned/predicted_genes/Phi29-RP_2_genemark.stderr \
       2> quast_results/results_2022_03_10_13_57_32/not_aligned/predicted_genes/Phi29-RP_2_genemark.stderr
  6  piPolB+D
    5  /home/modesto/Applications/quast-5.1rc/quast-5.1.0rc1/quast_libs/genemark/linux_64/gmhmmp \
       -d -a -p 0 -m /home/modesto/Applications/quast-5.1rc/quast-5.1.0rc1/quast_libs/genemark/linux_64/../MetaGeneMark_v1.mod \
       -o quast_results/results_2022_03_10_13_57_32/quast_corrected_input/PrimPol-Phi29_not_aligned_anywhere.fasta.gmhmm \
       quast_results/results_2022_03_10_13_57_32/quast_corrected_input/PrimPol-Phi29_not_aligned_anywhere.fasta \
       > quast_results/results_2022_03_10_13_57_32/not_aligned/predicted_genes/PrimPol-Phi29_genemark.stderr \
       2> quast_results/results_2022_03_10_13_57_32/not_aligned/predicted_genes/PrimPol-Phi29_genemark.stderr
  7  piMDA
    6  /home/modesto/Applications/quast-5.1rc/quast-5.1.0rc1/quast_libs/genemark/linux_64/gmhmmp \
       -d -a -p 0 -m /home/modesto/Applications/quast-5.1rc/quast-5.1.0rc1/quast_libs/genemark/linux_64/../MetaGeneMark_v1.mod \
       -o quast_results/results_2022_03_10_13_57_32/quast_corrected_input/piPolB-D_not_aligned_anywhere.fasta.gmhmm \
       quast_results/results_2022_03_10_13_57_32/quast_corrected_input/piPolB-D_not_aligned_anywhere.fasta \
       > quast_results/results_2022_03_10_13_57_32/not_aligned/predicted_genes/piPolB-D_genemark.stderr \
       2> quast_results/results_2022_03_10_13_57_32/not_aligned/predicted_genes/piPolB-D_genemark.stderr
  8  piMDA_2
  9  piMDA+D
    8  /home/modesto/Applications/quast-5.1rc/quast-5.1.0rc1/quast_libs/genemark/linux_64/gmhmmp \
       -d -a -p 0 -m /home/modesto/Applications/quast-5.1rc/quast-5.1.0rc1/quast_libs/genemark/linux_64/../MetaGeneMark_v1.mod \
       -o quast_results/results_2022_03_10_13_57_32/quast_corrected_input/piMDA_2_not_aligned_anywhere.fasta.gmhmm \
       quast_results/results_2022_03_10_13_57_32/quast_corrected_input/piMDA_2_not_aligned_anywhere.fasta \
       > quast_results/results_2022_03_10_13_57_32/not_aligned/predicted_genes/piMDA_2_genemark.stderr \
       2> quast_results/results_2022_03_10_13_57_32/not_aligned/predicted_genes/piMDA_2_genemark.stderr
    7  /home/modesto/Applications/quast-5.1rc/quast-5.1.0rc1/quast_libs/genemark/linux_64/gmhmmp \
       -d -a -p 0 -m /home/modesto/Applications/quast-5.1rc/quast-5.1.0rc1/quast_libs/genemark/linux_64/../MetaGeneMark_v1.mod \
       -o quast_results/results_2022_03_10_13_57_32/quast_corrected_input/piMDA_not_aligned_anywhere.fasta.gmhmm \
       quast_results/results_2022_03_10_13_57_32/quast_corrected_input/piMDA_not_aligned_anywhere.fasta \
       > quast_results/results_2022_03_10_13_57_32/not_aligned/predicted_genes/piMDA_genemark.stderr \
       2> quast_results/results_2022_03_10_13_57_32/not_aligned/predicted_genes/piMDA_genemark.stderr
  10 piMDA+D_2
    9  /home/modesto/Applications/quast-5.1rc/quast-5.1.0rc1/quast_libs/genemark/linux_64/gmhmmp \
       -d -a -p 0 -m /home/modesto/Applications/quast-5.1rc/quast-5.1.0rc1/quast_libs/genemark/linux_64/../MetaGeneMark_v1.mod \
       -o quast_results/results_2022_03_10_13_57_32/quast_corrected_input/piMDA-D_not_aligned_anywhere.fasta.gmhmm \
       quast_results/results_2022_03_10_13_57_32/quast_corrected_input/piMDA-D_not_aligned_anywhere.fasta \
       > quast_results/results_2022_03_10_13_57_32/not_aligned/predicted_genes/piMDA-D_genemark.stderr \
       2> quast_results/results_2022_03_10_13_57_32/not_aligned/predicted_genes/piMDA-D_genemark.stderr
    10 /home/modesto/Applications/quast-5.1rc/quast-5.1.0rc1/quast_libs/genemark/linux_64/gmhmmp \
       -d -a -p 0 -m /home/modesto/Applications/quast-5.1rc/quast-5.1.0rc1/quast_libs/genemark/linux_64/../MetaGeneMark_v1.mod \
       -o quast_results/results_2022_03_10_13_57_32/quast_corrected_input/piMDA-D_2_not_aligned_anywhere.fasta.gmhmm \
       quast_results/results_2022_03_10_13_57_32/quast_corrected_input/piMDA-D_2_not_aligned_anywhere.fasta \
       > quast_results/results_2022_03_10_13_57_32/not_aligned/predicted_genes/piMDA-D_2_genemark.stderr \
       2> quast_results/results_2022_03_10_13_57_32/not_aligned/predicted_genes/piMDA-D_2_genemark.stderr
       The tool returned non-zero. See quast_results/results_2022_03_10_13_57_32/not_aligned/predicted_genes/NA_2_genemark.stderr for stderr.
       The tool returned non-zero. See quast_results/results_2022_03_10_13_57_32/not_aligned/predicted_genes/Phi29-RP_2_genemark.stderr for stderr.
       The tool returned non-zero. See quast_results/results_2022_03_10_13_57_32/not_aligned/predicted_genes/PrimPol-Phi29_genemark.stderr for stderr.
       The tool returned non-zero. See quast_results/results_2022_03_10_13_57_32/not_aligned/predicted_genes/piMDA_2_genemark.stderr for stderr.
       The tool returned non-zero. See quast_results/results_2022_03_10_13_57_32/not_aligned/predicted_genes/NA_genemark.stderr for stderr.
       The tool returned non-zero. See quast_results/results_2022_03_10_13_57_32/not_aligned/predicted_genes/piPolB-D_genemark.stderr for stderr.
       The tool returned non-zero. See quast_results/results_2022_03_10_13_57_32/not_aligned/predicted_genes/Phi29-RP_genemark.stderr for stderr.
       The tool returned non-zero. See quast_results/results_2022_03_10_13_57_32/not_aligned/predicted_genes/piMDA_genemark.stderr for stderr.
       The tool returned non-zero. See quast_results/results_2022_03_10_13_57_32/not_aligned/predicted_genes/piMDA-D_2_genemark.stderr for stderr.
       The tool returned non-zero. See quast_results/results_2022_03_10_13_57_32/not_aligned/predicted_genes/piMDA-D_genemark.stderr for stderr.

WARNING: License period for GeneMark has ended! 
To update license, please visit http://exon.gatech.edu/GeneMark/license_download.cgi page and fill in the form.
You should choose GeneMarkS tool and your operating system (note that GeneMark is free for non-commercial use).
Download the license key and replace your ~/.gm_key with the updated version. After that you can restart QUAST.


NOTICE: Genes are not predicted by default. Use --gene-finding or --glimmer option to enable it.

2022-03-10 14:03:17
Creating large visual summaries...
This may take a while: press Ctrl-C to skip this step..
  1 of 1: Creating Icarus viewers...
Done

2022-03-10 14:03:17
RESULTS:
  Text versions of total report are saved to /home/modesto/data/freeDNA/quast_results/results_2022_03_10_13_57_32/not_aligned/report.txt, report.tsv, and report.tex
  Text versions of transposed total report are saved to /home/modesto/data/freeDNA/quast_results/results_2022_03_10_13_57_32/not_aligned/transposed_report.txt, transposed_report.tsv, and transposed_report.tex
  HTML version (interactive tables and plots) is saved to /home/modesto/data/freeDNA/quast_results/results_2022_03_10_13_57_32/not_aligned/report.html
  Icarus (contig browser) is saved to /home/modesto/data/freeDNA/quast_results/results_2022_03_10_13_57_32/not_aligned/icarus.html
