[2022-02-14 15:47:38,106] multiqc                                            [DEBUG  ]  This is MultiQC v1.11
[2022-02-14 15:47:38,107] multiqc                                            [DEBUG  ]  No MultiQC config found: /Users/modesto/anaconda3/envs/multiqc/lib/python3.9/site-packages/multiqc_config.yaml
[2022-02-14 15:47:38,108] multiqc                                            [DEBUG  ]  No MultiQC config found: /Users/modesto/.multiqc_config.yaml
[2022-02-14 15:47:38,108] multiqc                                            [DEBUG  ]  No MultiQC config found: multiqc_config.yaml
[2022-02-14 15:47:38,108] multiqc                                            [DEBUG  ]  Command used: /Users/modesto/anaconda3/envs/multiqc/bin/multiqc qc_post -v --replace-names samples.tsv
[2022-02-14 15:47:38,424] multiqc                                            [WARNING]  MultiQC Version v1.12 now available!
[2022-02-14 15:47:38,424] multiqc                                            [DEBUG  ]  Loading sample replace config settings from: samples.tsv
[2022-02-14 15:47:38,424] multiqc                                            [DEBUG  ]  Found 11 sample replacing patterns
[2022-02-14 15:47:38,424] multiqc                                            [DEBUG  ]  Command     : /Users/modesto/anaconda3/envs/multiqc/bin/multiqc qc_post -v --replace-names samples.tsv
[2022-02-14 15:47:38,425] multiqc                                            [DEBUG  ]  Working dir : /Users/modesto/freeDNA_data
[2022-02-14 15:47:38,425] multiqc                                            [DEBUG  ]  Template    : default
[2022-02-14 15:47:38,425] multiqc                                            [DEBUG  ]  Running Python 3.9.7 | packaged by conda-forge | (default, Sep 29 2021, 20:33:18)  [Clang 11.1.0 ]
[2022-02-14 15:47:38,425] multiqc                                            [DEBUG  ]  Analysing modules: custom_content, ccs, ngsderive, purple, conpair, lima, peddy, somalier, methylQA, mosdepth, phantompeakqualtools, qualimap, preseq, quast, qorts, rna_seqc, rockhopper, rsem, rseqc, busco, bustools, goleft_indexcov, gffcompare, disambiguate, supernova, deeptools, sargasso, verifybamid, mirtrace, happy, mirtop, sambamba, homer, hops, macs2, theta2, snpeff, gatk, htseq, bcftools, featureCounts, fgbio, dragen, dedup, damageprofiler, biobambam2, jcvi, mtnucratio, picard, vep, sentieon, prokka, qc3C, nanostat, samblaster, samtools, sexdeterrmine, eigenstratdatabasetools, bamtools, jellyfish, vcftools, longranger, stacks, varscan2, snippy, bbmap, bismark, biscuit, hicexplorer, hicup, hicpro, salmon, kallisto, slamdunk, star, hisat2, tophat, bowtie2, bowtie1, snpsplit, odgi, pangolin, kat, leehom, adapterRemoval, clipandmerge, cutadapt, flexbar, kaiju, kraken, malt, trimmomatic, sickle, skewer, sortmerna, biobloomtools, fastq_screen, afterqc, fastp, fastqc, pychopper, pycoqc, minionqc, multivcfanalyzer, clusterflow, bcl2fastq, bclconvert, interop, ivar, flash, seqyclean, optitype
[2022-02-14 15:47:38,426] multiqc                                            [DEBUG  ]  Using temporary directory for creating report: /var/folders/6z/hz95tt497dgd98vmjzfch5nw0000gn/T/tmpip0ug53r
[2022-02-14 15:47:38,518] multiqc                                            [INFO   ]  Search path : /Users/modesto/freeDNA_data/qc_post
[2022-02-14 15:47:38,557] multiqc                                            [DEBUG  ]  File ignored by ccs/v4 because it exceeded search pattern filesize limit: B2_R2_pair_fastqc.html
[2022-02-14 15:47:38,558] multiqc                                            [DEBUG  ]  File ignored by hicexplorer because it exceeded search pattern filesize limit: B2_R2_pair_fastqc.html
[2022-02-14 15:47:38,559] multiqc                                            [DEBUG  ]  File ignored by nanostat because it exceeded search pattern filesize limit: B2_R2_pair_fastqc.html
[2022-02-14 15:47:38,559] multiqc                                            [DEBUG  ]  File ignored by lima/summary because it exceeded search pattern filesize limit: B2_R2_pair_fastqc.html
[2022-02-14 15:47:38,562] multiqc                                            [DEBUG  ]  File ignored by vep/vep_txt because it exceeded search pattern filesize limit: B2_R2_pair_fastqc.html
[2022-02-14 15:47:38,562] multiqc                                            [DEBUG  ]  File ignored by longranger/invocation because it exceeded search pattern filesize limit: B2_R2_pair_fastqc.html
[2022-02-14 15:47:38,591] multiqc                                            [DEBUG  ]  File ignored by ccs/v4 because it exceeded search pattern filesize limit: N4_R1_pair_fastqc.html
[2022-02-14 15:47:38,592] multiqc                                            [DEBUG  ]  File ignored by hicexplorer because it exceeded search pattern filesize limit: N4_R1_pair_fastqc.html
[2022-02-14 15:47:38,593] multiqc                                            [DEBUG  ]  File ignored by nanostat because it exceeded search pattern filesize limit: N4_R1_pair_fastqc.html
[2022-02-14 15:47:38,593] multiqc                                            [DEBUG  ]  File ignored by lima/summary because it exceeded search pattern filesize limit: N4_R1_pair_fastqc.html
[2022-02-14 15:47:38,595] multiqc                                            [DEBUG  ]  File ignored by vep/vep_txt because it exceeded search pattern filesize limit: N4_R1_pair_fastqc.html
[2022-02-14 15:47:38,595] multiqc                                            [DEBUG  ]  File ignored by longranger/invocation because it exceeded search pattern filesize limit: N4_R1_pair_fastqc.html
[2022-02-14 15:47:38,622] multiqc                                            [DEBUG  ]  File ignored by ccs/v4 because it exceeded search pattern filesize limit: N6_R1_pair_fastqc.html
[2022-02-14 15:47:38,623] multiqc                                            [DEBUG  ]  File ignored by hicexplorer because it exceeded search pattern filesize limit: N6_R1_pair_fastqc.html
[2022-02-14 15:47:38,623] multiqc                                            [DEBUG  ]  File ignored by nanostat because it exceeded search pattern filesize limit: N6_R1_pair_fastqc.html
[2022-02-14 15:47:38,623] multiqc                                            [DEBUG  ]  File ignored by lima/summary because it exceeded search pattern filesize limit: N6_R1_pair_fastqc.html
[2022-02-14 15:47:38,625] multiqc                                            [DEBUG  ]  File ignored by vep/vep_txt because it exceeded search pattern filesize limit: N6_R1_pair_fastqc.html
[2022-02-14 15:47:38,625] multiqc                                            [DEBUG  ]  File ignored by longranger/invocation because it exceeded search pattern filesize limit: N6_R1_pair_fastqc.html
[2022-02-14 15:47:38,654] multiqc                                            [DEBUG  ]  File ignored by ccs/v4 because it exceeded search pattern filesize limit: Ctrl2_R2_pair_fastqc.html
[2022-02-14 15:47:38,655] multiqc                                            [DEBUG  ]  File ignored by hicexplorer because it exceeded search pattern filesize limit: Ctrl2_R2_pair_fastqc.html
[2022-02-14 15:47:38,655] multiqc                                            [DEBUG  ]  File ignored by nanostat because it exceeded search pattern filesize limit: Ctrl2_R2_pair_fastqc.html
[2022-02-14 15:47:38,656] multiqc                                            [DEBUG  ]  File ignored by lima/summary because it exceeded search pattern filesize limit: Ctrl2_R2_pair_fastqc.html
[2022-02-14 15:47:38,657] multiqc                                            [DEBUG  ]  File ignored by vep/vep_txt because it exceeded search pattern filesize limit: Ctrl2_R2_pair_fastqc.html
[2022-02-14 15:47:38,657] multiqc                                            [DEBUG  ]  File ignored by longranger/invocation because it exceeded search pattern filesize limit: Ctrl2_R2_pair_fastqc.html
[2022-02-14 15:47:38,680] multiqc                                            [DEBUG  ]  Ignoring file as matched an ignore pattern: .DS_Store
[2022-02-14 15:47:38,683] multiqc                                            [DEBUG  ]  File ignored by ccs/v4 because it exceeded search pattern filesize limit: N1_R1_pair_fastqc.html
[2022-02-14 15:47:38,684] multiqc                                            [DEBUG  ]  File ignored by hicexplorer because it exceeded search pattern filesize limit: N1_R1_pair_fastqc.html
[2022-02-14 15:47:38,684] multiqc                                            [DEBUG  ]  File ignored by nanostat because it exceeded search pattern filesize limit: N1_R1_pair_fastqc.html
[2022-02-14 15:47:38,685] multiqc                                            [DEBUG  ]  File ignored by lima/summary because it exceeded search pattern filesize limit: N1_R1_pair_fastqc.html
[2022-02-14 15:47:38,686] multiqc                                            [DEBUG  ]  File ignored by vep/vep_txt because it exceeded search pattern filesize limit: N1_R1_pair_fastqc.html
[2022-02-14 15:47:38,686] multiqc                                            [DEBUG  ]  File ignored by longranger/invocation because it exceeded search pattern filesize limit: N1_R1_pair_fastqc.html
[2022-02-14 15:47:38,714] multiqc                                            [DEBUG  ]  File ignored by ccs/v4 because it exceeded search pattern filesize limit: A2_R1_pair_fastqc.html
[2022-02-14 15:47:38,715] multiqc                                            [DEBUG  ]  File ignored by hicexplorer because it exceeded search pattern filesize limit: A2_R1_pair_fastqc.html
[2022-02-14 15:47:38,715] multiqc                                            [DEBUG  ]  File ignored by nanostat because it exceeded search pattern filesize limit: A2_R1_pair_fastqc.html
[2022-02-14 15:47:38,716] multiqc                                            [DEBUG  ]  File ignored by lima/summary because it exceeded search pattern filesize limit: A2_R1_pair_fastqc.html
[2022-02-14 15:47:38,717] multiqc                                            [DEBUG  ]  File ignored by vep/vep_txt because it exceeded search pattern filesize limit: A2_R1_pair_fastqc.html
[2022-02-14 15:47:38,718] multiqc                                            [DEBUG  ]  File ignored by longranger/invocation because it exceeded search pattern filesize limit: A2_R1_pair_fastqc.html
[2022-02-14 15:47:38,745] multiqc                                            [DEBUG  ]  File ignored by ccs/v4 because it exceeded search pattern filesize limit: D3_R1_pair_fastqc.html
[2022-02-14 15:47:38,746] multiqc                                            [DEBUG  ]  File ignored by hicexplorer because it exceeded search pattern filesize limit: D3_R1_pair_fastqc.html
[2022-02-14 15:47:38,746] multiqc                                            [DEBUG  ]  File ignored by nanostat because it exceeded search pattern filesize limit: D3_R1_pair_fastqc.html
[2022-02-14 15:47:38,746] multiqc                                            [DEBUG  ]  File ignored by lima/summary because it exceeded search pattern filesize limit: D3_R1_pair_fastqc.html
[2022-02-14 15:47:38,748] multiqc                                            [DEBUG  ]  File ignored by vep/vep_txt because it exceeded search pattern filesize limit: D3_R1_pair_fastqc.html
[2022-02-14 15:47:38,748] multiqc                                            [DEBUG  ]  File ignored by longranger/invocation because it exceeded search pattern filesize limit: D3_R1_pair_fastqc.html
[2022-02-14 15:47:38,773] multiqc                                            [DEBUG  ]  File ignored by ccs/v4 because it exceeded search pattern filesize limit: Ctrl_R1_pair_fastqc.html
[2022-02-14 15:47:38,774] multiqc                                            [DEBUG  ]  File ignored by hicexplorer because it exceeded search pattern filesize limit: Ctrl_R1_pair_fastqc.html
[2022-02-14 15:47:38,774] multiqc                                            [DEBUG  ]  File ignored by nanostat because it exceeded search pattern filesize limit: Ctrl_R1_pair_fastqc.html
[2022-02-14 15:47:38,774] multiqc                                            [DEBUG  ]  File ignored by lima/summary because it exceeded search pattern filesize limit: Ctrl_R1_pair_fastqc.html
[2022-02-14 15:47:38,776] multiqc                                            [DEBUG  ]  File ignored by vep/vep_txt because it exceeded search pattern filesize limit: Ctrl_R1_pair_fastqc.html
[2022-02-14 15:47:38,776] multiqc                                            [DEBUG  ]  File ignored by longranger/invocation because it exceeded search pattern filesize limit: Ctrl_R1_pair_fastqc.html
[2022-02-14 15:47:38,803] multiqc                                            [DEBUG  ]  File ignored by ccs/v4 because it exceeded search pattern filesize limit: N2_R1_pair_fastqc.html
[2022-02-14 15:47:38,804] multiqc                                            [DEBUG  ]  File ignored by hicexplorer because it exceeded search pattern filesize limit: N2_R1_pair_fastqc.html
[2022-02-14 15:47:38,805] multiqc                                            [DEBUG  ]  File ignored by nanostat because it exceeded search pattern filesize limit: N2_R1_pair_fastqc.html
[2022-02-14 15:47:38,805] multiqc                                            [DEBUG  ]  File ignored by lima/summary because it exceeded search pattern filesize limit: N2_R1_pair_fastqc.html
[2022-02-14 15:47:38,807] multiqc                                            [DEBUG  ]  File ignored by vep/vep_txt because it exceeded search pattern filesize limit: N2_R1_pair_fastqc.html
[2022-02-14 15:47:38,807] multiqc                                            [DEBUG  ]  File ignored by longranger/invocation because it exceeded search pattern filesize limit: N2_R1_pair_fastqc.html
[2022-02-14 15:47:38,833] multiqc                                            [DEBUG  ]  File ignored by ccs/v4 because it exceeded search pattern filesize limit: N1_R1_unpair_fastqc.html
[2022-02-14 15:47:38,834] multiqc                                            [DEBUG  ]  File ignored by hicexplorer because it exceeded search pattern filesize limit: N1_R1_unpair_fastqc.html
[2022-02-14 15:47:38,834] multiqc                                            [DEBUG  ]  File ignored by nanostat because it exceeded search pattern filesize limit: N1_R1_unpair_fastqc.html
[2022-02-14 15:47:38,834] multiqc                                            [DEBUG  ]  File ignored by lima/summary because it exceeded search pattern filesize limit: N1_R1_unpair_fastqc.html
[2022-02-14 15:47:38,836] multiqc                                            [DEBUG  ]  File ignored by vep/vep_txt because it exceeded search pattern filesize limit: N1_R1_unpair_fastqc.html
[2022-02-14 15:47:38,836] multiqc                                            [DEBUG  ]  File ignored by longranger/invocation because it exceeded search pattern filesize limit: N1_R1_unpair_fastqc.html
[2022-02-14 15:47:38,867] multiqc                                            [DEBUG  ]  File ignored by ccs/v4 because it exceeded search pattern filesize limit: C3_R2_unpair_fastqc.html
[2022-02-14 15:47:38,868] multiqc                                            [DEBUG  ]  File ignored by hicexplorer because it exceeded search pattern filesize limit: C3_R2_unpair_fastqc.html
[2022-02-14 15:47:38,868] multiqc                                            [DEBUG  ]  File ignored by nanostat because it exceeded search pattern filesize limit: C3_R2_unpair_fastqc.html
[2022-02-14 15:47:38,868] multiqc                                            [DEBUG  ]  File ignored by lima/summary because it exceeded search pattern filesize limit: C3_R2_unpair_fastqc.html
[2022-02-14 15:47:38,871] multiqc                                            [DEBUG  ]  File ignored by vep/vep_txt because it exceeded search pattern filesize limit: C3_R2_unpair_fastqc.html
[2022-02-14 15:47:38,871] multiqc                                            [DEBUG  ]  File ignored by longranger/invocation because it exceeded search pattern filesize limit: C3_R2_unpair_fastqc.html
[2022-02-14 15:47:38,899] multiqc                                            [DEBUG  ]  File ignored by ccs/v4 because it exceeded search pattern filesize limit: D3_R2_unpair_fastqc.html
[2022-02-14 15:47:38,900] multiqc                                            [DEBUG  ]  File ignored by hicexplorer because it exceeded search pattern filesize limit: D3_R2_unpair_fastqc.html
[2022-02-14 15:47:38,900] multiqc                                            [DEBUG  ]  File ignored by nanostat because it exceeded search pattern filesize limit: D3_R2_unpair_fastqc.html
[2022-02-14 15:47:38,900] multiqc                                            [DEBUG  ]  File ignored by lima/summary because it exceeded search pattern filesize limit: D3_R2_unpair_fastqc.html
[2022-02-14 15:47:38,902] multiqc                                            [DEBUG  ]  File ignored by vep/vep_txt because it exceeded search pattern filesize limit: D3_R2_unpair_fastqc.html
[2022-02-14 15:47:38,902] multiqc                                            [DEBUG  ]  File ignored by longranger/invocation because it exceeded search pattern filesize limit: D3_R2_unpair_fastqc.html
[2022-02-14 15:47:38,933] multiqc                                            [DEBUG  ]  File ignored by ccs/v4 because it exceeded search pattern filesize limit: C3_R2_pair_fastqc.html
[2022-02-14 15:47:38,934] multiqc                                            [DEBUG  ]  File ignored by hicexplorer because it exceeded search pattern filesize limit: C3_R2_pair_fastqc.html
[2022-02-14 15:47:38,934] multiqc                                            [DEBUG  ]  File ignored by nanostat because it exceeded search pattern filesize limit: C3_R2_pair_fastqc.html
[2022-02-14 15:47:38,934] multiqc                                            [DEBUG  ]  File ignored by lima/summary because it exceeded search pattern filesize limit: C3_R2_pair_fastqc.html
[2022-02-14 15:47:38,936] multiqc                                            [DEBUG  ]  File ignored by vep/vep_txt because it exceeded search pattern filesize limit: C3_R2_pair_fastqc.html
[2022-02-14 15:47:38,936] multiqc                                            [DEBUG  ]  File ignored by longranger/invocation because it exceeded search pattern filesize limit: C3_R2_pair_fastqc.html
[2022-02-14 15:47:38,964] multiqc                                            [DEBUG  ]  File ignored by ccs/v4 because it exceeded search pattern filesize limit: F2_R2_pair_fastqc.html
[2022-02-14 15:47:38,965] multiqc                                            [DEBUG  ]  File ignored by hicexplorer because it exceeded search pattern filesize limit: F2_R2_pair_fastqc.html
[2022-02-14 15:47:38,966] multiqc                                            [DEBUG  ]  File ignored by nanostat because it exceeded search pattern filesize limit: F2_R2_pair_fastqc.html
[2022-02-14 15:47:38,966] multiqc                                            [DEBUG  ]  File ignored by lima/summary because it exceeded search pattern filesize limit: F2_R2_pair_fastqc.html
[2022-02-14 15:47:38,968] multiqc                                            [DEBUG  ]  File ignored by vep/vep_txt because it exceeded search pattern filesize limit: F2_R2_pair_fastqc.html
[2022-02-14 15:47:38,968] multiqc                                            [DEBUG  ]  File ignored by longranger/invocation because it exceeded search pattern filesize limit: F2_R2_pair_fastqc.html
[2022-02-14 15:47:38,996] multiqc                                            [DEBUG  ]  File ignored by ccs/v4 because it exceeded search pattern filesize limit: D3_R1_unpair_fastqc.html
[2022-02-14 15:47:38,997] multiqc                                            [DEBUG  ]  File ignored by hicexplorer because it exceeded search pattern filesize limit: D3_R1_unpair_fastqc.html
[2022-02-14 15:47:38,997] multiqc                                            [DEBUG  ]  File ignored by nanostat because it exceeded search pattern filesize limit: D3_R1_unpair_fastqc.html
[2022-02-14 15:47:38,997] multiqc                                            [DEBUG  ]  File ignored by lima/summary because it exceeded search pattern filesize limit: D3_R1_unpair_fastqc.html
[2022-02-14 15:47:38,999] multiqc                                            [DEBUG  ]  File ignored by vep/vep_txt because it exceeded search pattern filesize limit: D3_R1_unpair_fastqc.html
[2022-02-14 15:47:39,000] multiqc                                            [DEBUG  ]  File ignored by longranger/invocation because it exceeded search pattern filesize limit: D3_R1_unpair_fastqc.html
[2022-02-14 15:47:39,026] multiqc                                            [DEBUG  ]  File ignored by ccs/v4 because it exceeded search pattern filesize limit: N1_R2_unpair_fastqc.html
[2022-02-14 15:47:39,027] multiqc                                            [DEBUG  ]  File ignored by hicexplorer because it exceeded search pattern filesize limit: N1_R2_unpair_fastqc.html
[2022-02-14 15:47:39,027] multiqc                                            [DEBUG  ]  File ignored by nanostat because it exceeded search pattern filesize limit: N1_R2_unpair_fastqc.html
[2022-02-14 15:47:39,027] multiqc                                            [DEBUG  ]  File ignored by lima/summary because it exceeded search pattern filesize limit: N1_R2_unpair_fastqc.html
[2022-02-14 15:47:39,029] multiqc                                            [DEBUG  ]  File ignored by vep/vep_txt because it exceeded search pattern filesize limit: N1_R2_unpair_fastqc.html
[2022-02-14 15:47:39,030] multiqc                                            [DEBUG  ]  File ignored by longranger/invocation because it exceeded search pattern filesize limit: N1_R2_unpair_fastqc.html
[2022-02-14 15:47:39,064] multiqc                                            [DEBUG  ]  File ignored by ccs/v4 because it exceeded search pattern filesize limit: C3_R1_unpair_fastqc.html
[2022-02-14 15:47:39,065] multiqc                                            [DEBUG  ]  File ignored by hicexplorer because it exceeded search pattern filesize limit: C3_R1_unpair_fastqc.html
[2022-02-14 15:47:39,066] multiqc                                            [DEBUG  ]  File ignored by nanostat because it exceeded search pattern filesize limit: C3_R1_unpair_fastqc.html
[2022-02-14 15:47:39,066] multiqc                                            [DEBUG  ]  File ignored by lima/summary because it exceeded search pattern filesize limit: C3_R1_unpair_fastqc.html
[2022-02-14 15:47:39,068] multiqc                                            [DEBUG  ]  File ignored by vep/vep_txt because it exceeded search pattern filesize limit: C3_R1_unpair_fastqc.html
[2022-02-14 15:47:39,068] multiqc                                            [DEBUG  ]  File ignored by longranger/invocation because it exceeded search pattern filesize limit: C3_R1_unpair_fastqc.html
[2022-02-14 15:47:39,093] multiqc                                            [DEBUG  ]  File ignored by ccs/v4 because it exceeded search pattern filesize limit: N4_R1_unpair_fastqc.html
[2022-02-14 15:47:39,094] multiqc                                            [DEBUG  ]  File ignored by hicexplorer because it exceeded search pattern filesize limit: N4_R1_unpair_fastqc.html
[2022-02-14 15:47:39,095] multiqc                                            [DEBUG  ]  File ignored by nanostat because it exceeded search pattern filesize limit: N4_R1_unpair_fastqc.html
[2022-02-14 15:47:39,095] multiqc                                            [DEBUG  ]  File ignored by lima/summary because it exceeded search pattern filesize limit: N4_R1_unpair_fastqc.html
[2022-02-14 15:47:39,097] multiqc                                            [DEBUG  ]  File ignored by vep/vep_txt because it exceeded search pattern filesize limit: N4_R1_unpair_fastqc.html
[2022-02-14 15:47:39,097] multiqc                                            [DEBUG  ]  File ignored by longranger/invocation because it exceeded search pattern filesize limit: N4_R1_unpair_fastqc.html
[2022-02-14 15:47:39,121] multiqc                                            [DEBUG  ]  File ignored by ccs/v4 because it exceeded search pattern filesize limit: F2_R2_unpair_fastqc.html
[2022-02-14 15:47:39,122] multiqc                                            [DEBUG  ]  File ignored by hicexplorer because it exceeded search pattern filesize limit: F2_R2_unpair_fastqc.html
[2022-02-14 15:47:39,123] multiqc                                            [DEBUG  ]  File ignored by nanostat because it exceeded search pattern filesize limit: F2_R2_unpair_fastqc.html
[2022-02-14 15:47:39,123] multiqc                                            [DEBUG  ]  File ignored by lima/summary because it exceeded search pattern filesize limit: F2_R2_unpair_fastqc.html
[2022-02-14 15:47:39,125] multiqc                                            [DEBUG  ]  File ignored by vep/vep_txt because it exceeded search pattern filesize limit: F2_R2_unpair_fastqc.html
[2022-02-14 15:47:39,125] multiqc                                            [DEBUG  ]  File ignored by longranger/invocation because it exceeded search pattern filesize limit: F2_R2_unpair_fastqc.html
[2022-02-14 15:47:39,154] multiqc                                            [DEBUG  ]  File ignored by ccs/v4 because it exceeded search pattern filesize limit: C3_R1_pair_fastqc.html
[2022-02-14 15:47:39,155] multiqc                                            [DEBUG  ]  File ignored by hicexplorer because it exceeded search pattern filesize limit: C3_R1_pair_fastqc.html
[2022-02-14 15:47:39,157] multiqc                                            [DEBUG  ]  File ignored by nanostat because it exceeded search pattern filesize limit: C3_R1_pair_fastqc.html
[2022-02-14 15:47:39,158] multiqc                                            [DEBUG  ]  File ignored by lima/summary because it exceeded search pattern filesize limit: C3_R1_pair_fastqc.html
[2022-02-14 15:47:39,160] multiqc                                            [DEBUG  ]  File ignored by vep/vep_txt because it exceeded search pattern filesize limit: C3_R1_pair_fastqc.html
[2022-02-14 15:47:39,160] multiqc                                            [DEBUG  ]  File ignored by longranger/invocation because it exceeded search pattern filesize limit: C3_R1_pair_fastqc.html
[2022-02-14 15:47:39,189] multiqc                                            [DEBUG  ]  File ignored by ccs/v4 because it exceeded search pattern filesize limit: F2_R1_pair_fastqc.html
[2022-02-14 15:47:39,190] multiqc                                            [DEBUG  ]  File ignored by hicexplorer because it exceeded search pattern filesize limit: F2_R1_pair_fastqc.html
[2022-02-14 15:47:39,190] multiqc                                            [DEBUG  ]  File ignored by nanostat because it exceeded search pattern filesize limit: F2_R1_pair_fastqc.html
[2022-02-14 15:47:39,190] multiqc                                            [DEBUG  ]  File ignored by lima/summary because it exceeded search pattern filesize limit: F2_R1_pair_fastqc.html
[2022-02-14 15:47:39,192] multiqc                                            [DEBUG  ]  File ignored by vep/vep_txt because it exceeded search pattern filesize limit: F2_R1_pair_fastqc.html
[2022-02-14 15:47:39,192] multiqc                                            [DEBUG  ]  File ignored by longranger/invocation because it exceeded search pattern filesize limit: F2_R1_pair_fastqc.html
[2022-02-14 15:47:39,220] multiqc                                            [DEBUG  ]  File ignored by ccs/v4 because it exceeded search pattern filesize limit: B2_R1_unpair_fastqc.html
[2022-02-14 15:47:39,222] multiqc                                            [DEBUG  ]  File ignored by hicexplorer because it exceeded search pattern filesize limit: B2_R1_unpair_fastqc.html
[2022-02-14 15:47:39,222] multiqc                                            [DEBUG  ]  File ignored by nanostat because it exceeded search pattern filesize limit: B2_R1_unpair_fastqc.html
[2022-02-14 15:47:39,222] multiqc                                            [DEBUG  ]  File ignored by lima/summary because it exceeded search pattern filesize limit: B2_R1_unpair_fastqc.html
[2022-02-14 15:47:39,224] multiqc                                            [DEBUG  ]  File ignored by vep/vep_txt because it exceeded search pattern filesize limit: B2_R1_unpair_fastqc.html
[2022-02-14 15:47:39,224] multiqc                                            [DEBUG  ]  File ignored by longranger/invocation because it exceeded search pattern filesize limit: B2_R1_unpair_fastqc.html
[2022-02-14 15:47:39,250] multiqc                                            [DEBUG  ]  File ignored by ccs/v4 because it exceeded search pattern filesize limit: N6_R2_unpair_fastqc.html
[2022-02-14 15:47:39,251] multiqc                                            [DEBUG  ]  File ignored by hicexplorer because it exceeded search pattern filesize limit: N6_R2_unpair_fastqc.html
[2022-02-14 15:47:39,251] multiqc                                            [DEBUG  ]  File ignored by nanostat because it exceeded search pattern filesize limit: N6_R2_unpair_fastqc.html
[2022-02-14 15:47:39,251] multiqc                                            [DEBUG  ]  File ignored by lima/summary because it exceeded search pattern filesize limit: N6_R2_unpair_fastqc.html
[2022-02-14 15:47:39,253] multiqc                                            [DEBUG  ]  File ignored by vep/vep_txt because it exceeded search pattern filesize limit: N6_R2_unpair_fastqc.html
[2022-02-14 15:47:39,253] multiqc                                            [DEBUG  ]  File ignored by longranger/invocation because it exceeded search pattern filesize limit: N6_R2_unpair_fastqc.html
[2022-02-14 15:47:39,280] multiqc                                            [DEBUG  ]  File ignored by ccs/v4 because it exceeded search pattern filesize limit: A2_R2_unpair_fastqc.html
[2022-02-14 15:47:39,281] multiqc                                            [DEBUG  ]  File ignored by hicexplorer because it exceeded search pattern filesize limit: A2_R2_unpair_fastqc.html
[2022-02-14 15:47:39,282] multiqc                                            [DEBUG  ]  File ignored by nanostat because it exceeded search pattern filesize limit: A2_R2_unpair_fastqc.html
[2022-02-14 15:47:39,282] multiqc                                            [DEBUG  ]  File ignored by lima/summary because it exceeded search pattern filesize limit: A2_R2_unpair_fastqc.html
[2022-02-14 15:47:39,284] multiqc                                            [DEBUG  ]  File ignored by vep/vep_txt because it exceeded search pattern filesize limit: A2_R2_unpair_fastqc.html
[2022-02-14 15:47:39,284] multiqc                                            [DEBUG  ]  File ignored by longranger/invocation because it exceeded search pattern filesize limit: A2_R2_unpair_fastqc.html
[2022-02-14 15:47:39,311] multiqc                                            [DEBUG  ]  File ignored by ccs/v4 because it exceeded search pattern filesize limit: Ctrl2_R2_unpair_fastqc.html
[2022-02-14 15:47:39,312] multiqc                                            [DEBUG  ]  File ignored by hicexplorer because it exceeded search pattern filesize limit: Ctrl2_R2_unpair_fastqc.html
[2022-02-14 15:47:39,312] multiqc                                            [DEBUG  ]  File ignored by nanostat because it exceeded search pattern filesize limit: Ctrl2_R2_unpair_fastqc.html
[2022-02-14 15:47:39,312] multiqc                                            [DEBUG  ]  File ignored by lima/summary because it exceeded search pattern filesize limit: Ctrl2_R2_unpair_fastqc.html
[2022-02-14 15:47:39,314] multiqc                                            [DEBUG  ]  File ignored by vep/vep_txt because it exceeded search pattern filesize limit: Ctrl2_R2_unpair_fastqc.html
[2022-02-14 15:47:39,314] multiqc                                            [DEBUG  ]  File ignored by longranger/invocation because it exceeded search pattern filesize limit: Ctrl2_R2_unpair_fastqc.html
[2022-02-14 15:47:39,340] multiqc                                            [DEBUG  ]  File ignored by ccs/v4 because it exceeded search pattern filesize limit: Ctrl_R1_unpair_fastqc.html
[2022-02-14 15:47:39,341] multiqc                                            [DEBUG  ]  File ignored by hicexplorer because it exceeded search pattern filesize limit: Ctrl_R1_unpair_fastqc.html
[2022-02-14 15:47:39,342] multiqc                                            [DEBUG  ]  File ignored by nanostat because it exceeded search pattern filesize limit: Ctrl_R1_unpair_fastqc.html
[2022-02-14 15:47:39,342] multiqc                                            [DEBUG  ]  File ignored by lima/summary because it exceeded search pattern filesize limit: Ctrl_R1_unpair_fastqc.html
[2022-02-14 15:47:39,344] multiqc                                            [DEBUG  ]  File ignored by vep/vep_txt because it exceeded search pattern filesize limit: Ctrl_R1_unpair_fastqc.html
[2022-02-14 15:47:39,344] multiqc                                            [DEBUG  ]  File ignored by longranger/invocation because it exceeded search pattern filesize limit: Ctrl_R1_unpair_fastqc.html
[2022-02-14 15:47:39,373] multiqc                                            [DEBUG  ]  File ignored by ccs/v4 because it exceeded search pattern filesize limit: A2_R1_unpair_fastqc.html
[2022-02-14 15:47:39,374] multiqc                                            [DEBUG  ]  File ignored by hicexplorer because it exceeded search pattern filesize limit: A2_R1_unpair_fastqc.html
[2022-02-14 15:47:39,374] multiqc                                            [DEBUG  ]  File ignored by nanostat because it exceeded search pattern filesize limit: A2_R1_unpair_fastqc.html
[2022-02-14 15:47:39,374] multiqc                                            [DEBUG  ]  File ignored by lima/summary because it exceeded search pattern filesize limit: A2_R1_unpair_fastqc.html
[2022-02-14 15:47:39,376] multiqc                                            [DEBUG  ]  File ignored by vep/vep_txt because it exceeded search pattern filesize limit: A2_R1_unpair_fastqc.html
[2022-02-14 15:47:39,376] multiqc                                            [DEBUG  ]  File ignored by longranger/invocation because it exceeded search pattern filesize limit: A2_R1_unpair_fastqc.html
[2022-02-14 15:47:39,403] multiqc                                            [DEBUG  ]  File ignored by ccs/v4 because it exceeded search pattern filesize limit: Ctrl2_R1_unpair_fastqc.html
[2022-02-14 15:47:39,404] multiqc                                            [DEBUG  ]  File ignored by hicexplorer because it exceeded search pattern filesize limit: Ctrl2_R1_unpair_fastqc.html
[2022-02-14 15:47:39,404] multiqc                                            [DEBUG  ]  File ignored by nanostat because it exceeded search pattern filesize limit: Ctrl2_R1_unpair_fastqc.html
[2022-02-14 15:47:39,404] multiqc                                            [DEBUG  ]  File ignored by lima/summary because it exceeded search pattern filesize limit: Ctrl2_R1_unpair_fastqc.html
[2022-02-14 15:47:39,407] multiqc                                            [DEBUG  ]  File ignored by vep/vep_txt because it exceeded search pattern filesize limit: Ctrl2_R1_unpair_fastqc.html
[2022-02-14 15:47:39,407] multiqc                                            [DEBUG  ]  File ignored by longranger/invocation because it exceeded search pattern filesize limit: Ctrl2_R1_unpair_fastqc.html
[2022-02-14 15:47:39,432] multiqc                                            [DEBUG  ]  File ignored by ccs/v4 because it exceeded search pattern filesize limit: Ctrl_R2_unpair_fastqc.html
[2022-02-14 15:47:39,435] multiqc                                            [DEBUG  ]  File ignored by hicexplorer because it exceeded search pattern filesize limit: Ctrl_R2_unpair_fastqc.html
[2022-02-14 15:47:39,435] multiqc                                            [DEBUG  ]  File ignored by nanostat because it exceeded search pattern filesize limit: Ctrl_R2_unpair_fastqc.html
[2022-02-14 15:47:39,435] multiqc                                            [DEBUG  ]  File ignored by lima/summary because it exceeded search pattern filesize limit: Ctrl_R2_unpair_fastqc.html
[2022-02-14 15:47:39,437] multiqc                                            [DEBUG  ]  File ignored by vep/vep_txt because it exceeded search pattern filesize limit: Ctrl_R2_unpair_fastqc.html
[2022-02-14 15:47:39,437] multiqc                                            [DEBUG  ]  File ignored by longranger/invocation because it exceeded search pattern filesize limit: Ctrl_R2_unpair_fastqc.html
[2022-02-14 15:47:39,464] multiqc                                            [DEBUG  ]  File ignored by ccs/v4 because it exceeded search pattern filesize limit: N6_R1_unpair_fastqc.html
[2022-02-14 15:47:39,465] multiqc                                            [DEBUG  ]  File ignored by hicexplorer because it exceeded search pattern filesize limit: N6_R1_unpair_fastqc.html
[2022-02-14 15:47:39,465] multiqc                                            [DEBUG  ]  File ignored by nanostat because it exceeded search pattern filesize limit: N6_R1_unpair_fastqc.html
[2022-02-14 15:47:39,465] multiqc                                            [DEBUG  ]  File ignored by lima/summary because it exceeded search pattern filesize limit: N6_R1_unpair_fastqc.html
[2022-02-14 15:47:39,467] multiqc                                            [DEBUG  ]  File ignored by vep/vep_txt because it exceeded search pattern filesize limit: N6_R1_unpair_fastqc.html
[2022-02-14 15:47:39,467] multiqc                                            [DEBUG  ]  File ignored by longranger/invocation because it exceeded search pattern filesize limit: N6_R1_unpair_fastqc.html
[2022-02-14 15:47:39,494] multiqc                                            [DEBUG  ]  File ignored by ccs/v4 because it exceeded search pattern filesize limit: B2_R2_unpair_fastqc.html
[2022-02-14 15:47:39,495] multiqc                                            [DEBUG  ]  File ignored by hicexplorer because it exceeded search pattern filesize limit: B2_R2_unpair_fastqc.html
[2022-02-14 15:47:39,496] multiqc                                            [DEBUG  ]  File ignored by nanostat because it exceeded search pattern filesize limit: B2_R2_unpair_fastqc.html
[2022-02-14 15:47:39,496] multiqc                                            [DEBUG  ]  File ignored by lima/summary because it exceeded search pattern filesize limit: B2_R2_unpair_fastqc.html
[2022-02-14 15:47:39,498] multiqc                                            [DEBUG  ]  File ignored by vep/vep_txt because it exceeded search pattern filesize limit: B2_R2_unpair_fastqc.html
[2022-02-14 15:47:39,498] multiqc                                            [DEBUG  ]  File ignored by longranger/invocation because it exceeded search pattern filesize limit: B2_R2_unpair_fastqc.html
[2022-02-14 15:47:39,524] multiqc                                            [DEBUG  ]  File ignored by ccs/v4 because it exceeded search pattern filesize limit: F2_R1_unpair_fastqc.html
[2022-02-14 15:47:39,525] multiqc                                            [DEBUG  ]  File ignored by hicexplorer because it exceeded search pattern filesize limit: F2_R1_unpair_fastqc.html
[2022-02-14 15:47:39,525] multiqc                                            [DEBUG  ]  File ignored by nanostat because it exceeded search pattern filesize limit: F2_R1_unpair_fastqc.html
[2022-02-14 15:47:39,525] multiqc                                            [DEBUG  ]  File ignored by lima/summary because it exceeded search pattern filesize limit: F2_R1_unpair_fastqc.html
[2022-02-14 15:47:39,527] multiqc                                            [DEBUG  ]  File ignored by vep/vep_txt because it exceeded search pattern filesize limit: F2_R1_unpair_fastqc.html
[2022-02-14 15:47:39,527] multiqc                                            [DEBUG  ]  File ignored by longranger/invocation because it exceeded search pattern filesize limit: F2_R1_unpair_fastqc.html
[2022-02-14 15:47:39,555] multiqc                                            [DEBUG  ]  File ignored by ccs/v4 because it exceeded search pattern filesize limit: N4_R2_unpair_fastqc.html
[2022-02-14 15:47:39,556] multiqc                                            [DEBUG  ]  File ignored by hicexplorer because it exceeded search pattern filesize limit: N4_R2_unpair_fastqc.html
[2022-02-14 15:47:39,556] multiqc                                            [DEBUG  ]  File ignored by nanostat because it exceeded search pattern filesize limit: N4_R2_unpair_fastqc.html
[2022-02-14 15:47:39,556] multiqc                                            [DEBUG  ]  File ignored by lima/summary because it exceeded search pattern filesize limit: N4_R2_unpair_fastqc.html
[2022-02-14 15:47:39,559] multiqc                                            [DEBUG  ]  File ignored by vep/vep_txt because it exceeded search pattern filesize limit: N4_R2_unpair_fastqc.html
[2022-02-14 15:47:39,559] multiqc                                            [DEBUG  ]  File ignored by longranger/invocation because it exceeded search pattern filesize limit: N4_R2_unpair_fastqc.html
[2022-02-14 15:47:39,590] multiqc                                            [DEBUG  ]  File ignored by ccs/v4 because it exceeded search pattern filesize limit: N2_R2_unpair_fastqc.html
[2022-02-14 15:47:39,591] multiqc                                            [DEBUG  ]  File ignored by hicexplorer because it exceeded search pattern filesize limit: N2_R2_unpair_fastqc.html
[2022-02-14 15:47:39,591] multiqc                                            [DEBUG  ]  File ignored by nanostat because it exceeded search pattern filesize limit: N2_R2_unpair_fastqc.html
[2022-02-14 15:47:39,592] multiqc                                            [DEBUG  ]  File ignored by lima/summary because it exceeded search pattern filesize limit: N2_R2_unpair_fastqc.html
[2022-02-14 15:47:39,593] multiqc                                            [DEBUG  ]  File ignored by vep/vep_txt because it exceeded search pattern filesize limit: N2_R2_unpair_fastqc.html
[2022-02-14 15:47:39,593] multiqc                                            [DEBUG  ]  File ignored by longranger/invocation because it exceeded search pattern filesize limit: N2_R2_unpair_fastqc.html
[2022-02-14 15:47:39,622] multiqc                                            [DEBUG  ]  File ignored by ccs/v4 because it exceeded search pattern filesize limit: N6_R2_pair_fastqc.html
[2022-02-14 15:47:39,623] multiqc                                            [DEBUG  ]  File ignored by hicexplorer because it exceeded search pattern filesize limit: N6_R2_pair_fastqc.html
[2022-02-14 15:47:39,623] multiqc                                            [DEBUG  ]  File ignored by nanostat because it exceeded search pattern filesize limit: N6_R2_pair_fastqc.html
[2022-02-14 15:47:39,623] multiqc                                            [DEBUG  ]  File ignored by lima/summary because it exceeded search pattern filesize limit: N6_R2_pair_fastqc.html
[2022-02-14 15:47:39,625] multiqc                                            [DEBUG  ]  File ignored by vep/vep_txt because it exceeded search pattern filesize limit: N6_R2_pair_fastqc.html
[2022-02-14 15:47:39,625] multiqc                                            [DEBUG  ]  File ignored by longranger/invocation because it exceeded search pattern filesize limit: N6_R2_pair_fastqc.html
[2022-02-14 15:47:39,651] multiqc                                            [DEBUG  ]  File ignored by ccs/v4 because it exceeded search pattern filesize limit: B2_R1_pair_fastqc.html
[2022-02-14 15:47:39,652] multiqc                                            [DEBUG  ]  File ignored by hicexplorer because it exceeded search pattern filesize limit: B2_R1_pair_fastqc.html
[2022-02-14 15:47:39,652] multiqc                                            [DEBUG  ]  File ignored by nanostat because it exceeded search pattern filesize limit: B2_R1_pair_fastqc.html
[2022-02-14 15:47:39,652] multiqc                                            [DEBUG  ]  File ignored by lima/summary because it exceeded search pattern filesize limit: B2_R1_pair_fastqc.html
[2022-02-14 15:47:39,654] multiqc                                            [DEBUG  ]  File ignored by vep/vep_txt because it exceeded search pattern filesize limit: B2_R1_pair_fastqc.html
[2022-02-14 15:47:39,654] multiqc                                            [DEBUG  ]  File ignored by longranger/invocation because it exceeded search pattern filesize limit: B2_R1_pair_fastqc.html
[2022-02-14 15:47:39,681] multiqc                                            [DEBUG  ]  File ignored by ccs/v4 because it exceeded search pattern filesize limit: N4_R2_pair_fastqc.html
[2022-02-14 15:47:39,682] multiqc                                            [DEBUG  ]  File ignored by hicexplorer because it exceeded search pattern filesize limit: N4_R2_pair_fastqc.html
[2022-02-14 15:47:39,682] multiqc                                            [DEBUG  ]  File ignored by nanostat because it exceeded search pattern filesize limit: N4_R2_pair_fastqc.html
[2022-02-14 15:47:39,682] multiqc                                            [DEBUG  ]  File ignored by lima/summary because it exceeded search pattern filesize limit: N4_R2_pair_fastqc.html
[2022-02-14 15:47:39,686] multiqc                                            [DEBUG  ]  File ignored by vep/vep_txt because it exceeded search pattern filesize limit: N4_R2_pair_fastqc.html
[2022-02-14 15:47:39,686] multiqc                                            [DEBUG  ]  File ignored by longranger/invocation because it exceeded search pattern filesize limit: N4_R2_pair_fastqc.html
[2022-02-14 15:47:39,712] multiqc                                            [DEBUG  ]  File ignored by ccs/v4 because it exceeded search pattern filesize limit: Ctrl_R2_pair_fastqc.html
[2022-02-14 15:47:39,713] multiqc                                            [DEBUG  ]  File ignored by hicexplorer because it exceeded search pattern filesize limit: Ctrl_R2_pair_fastqc.html
[2022-02-14 15:47:39,713] multiqc                                            [DEBUG  ]  File ignored by nanostat because it exceeded search pattern filesize limit: Ctrl_R2_pair_fastqc.html
[2022-02-14 15:47:39,713] multiqc                                            [DEBUG  ]  File ignored by lima/summary because it exceeded search pattern filesize limit: Ctrl_R2_pair_fastqc.html
[2022-02-14 15:47:39,715] multiqc                                            [DEBUG  ]  File ignored by vep/vep_txt because it exceeded search pattern filesize limit: Ctrl_R2_pair_fastqc.html
[2022-02-14 15:47:39,715] multiqc                                            [DEBUG  ]  File ignored by longranger/invocation because it exceeded search pattern filesize limit: Ctrl_R2_pair_fastqc.html
[2022-02-14 15:47:39,742] multiqc                                            [DEBUG  ]  File ignored by ccs/v4 because it exceeded search pattern filesize limit: N2_R2_pair_fastqc.html
[2022-02-14 15:47:39,743] multiqc                                            [DEBUG  ]  File ignored by hicexplorer because it exceeded search pattern filesize limit: N2_R2_pair_fastqc.html
[2022-02-14 15:47:39,743] multiqc                                            [DEBUG  ]  File ignored by nanostat because it exceeded search pattern filesize limit: N2_R2_pair_fastqc.html
[2022-02-14 15:47:39,744] multiqc                                            [DEBUG  ]  File ignored by lima/summary because it exceeded search pattern filesize limit: N2_R2_pair_fastqc.html
[2022-02-14 15:47:39,745] multiqc                                            [DEBUG  ]  File ignored by vep/vep_txt because it exceeded search pattern filesize limit: N2_R2_pair_fastqc.html
[2022-02-14 15:47:39,746] multiqc                                            [DEBUG  ]  File ignored by longranger/invocation because it exceeded search pattern filesize limit: N2_R2_pair_fastqc.html
[2022-02-14 15:47:39,773] multiqc                                            [DEBUG  ]  File ignored by ccs/v4 because it exceeded search pattern filesize limit: Ctrl2_R1_pair_fastqc.html
[2022-02-14 15:47:39,774] multiqc                                            [DEBUG  ]  File ignored by hicexplorer because it exceeded search pattern filesize limit: Ctrl2_R1_pair_fastqc.html
[2022-02-14 15:47:39,774] multiqc                                            [DEBUG  ]  File ignored by nanostat because it exceeded search pattern filesize limit: Ctrl2_R1_pair_fastqc.html
[2022-02-14 15:47:39,774] multiqc                                            [DEBUG  ]  File ignored by lima/summary because it exceeded search pattern filesize limit: Ctrl2_R1_pair_fastqc.html
[2022-02-14 15:47:39,776] multiqc                                            [DEBUG  ]  File ignored by vep/vep_txt because it exceeded search pattern filesize limit: Ctrl2_R1_pair_fastqc.html
[2022-02-14 15:47:39,776] multiqc                                            [DEBUG  ]  File ignored by longranger/invocation because it exceeded search pattern filesize limit: Ctrl2_R1_pair_fastqc.html
[2022-02-14 15:47:39,803] multiqc                                            [DEBUG  ]  File ignored by ccs/v4 because it exceeded search pattern filesize limit: A2_R2_pair_fastqc.html
[2022-02-14 15:47:39,804] multiqc                                            [DEBUG  ]  File ignored by hicexplorer because it exceeded search pattern filesize limit: A2_R2_pair_fastqc.html
[2022-02-14 15:47:39,804] multiqc                                            [DEBUG  ]  File ignored by nanostat because it exceeded search pattern filesize limit: A2_R2_pair_fastqc.html
[2022-02-14 15:47:39,804] multiqc                                            [DEBUG  ]  File ignored by lima/summary because it exceeded search pattern filesize limit: A2_R2_pair_fastqc.html
[2022-02-14 15:47:39,806] multiqc                                            [DEBUG  ]  File ignored by vep/vep_txt because it exceeded search pattern filesize limit: A2_R2_pair_fastqc.html
[2022-02-14 15:47:39,806] multiqc                                            [DEBUG  ]  File ignored by longranger/invocation because it exceeded search pattern filesize limit: A2_R2_pair_fastqc.html
[2022-02-14 15:47:39,833] multiqc                                            [DEBUG  ]  File ignored by ccs/v4 because it exceeded search pattern filesize limit: D3_R2_pair_fastqc.html
[2022-02-14 15:47:39,834] multiqc                                            [DEBUG  ]  File ignored by hicexplorer because it exceeded search pattern filesize limit: D3_R2_pair_fastqc.html
[2022-02-14 15:47:39,834] multiqc                                            [DEBUG  ]  File ignored by nanostat because it exceeded search pattern filesize limit: D3_R2_pair_fastqc.html
[2022-02-14 15:47:39,834] multiqc                                            [DEBUG  ]  File ignored by lima/summary because it exceeded search pattern filesize limit: D3_R2_pair_fastqc.html
[2022-02-14 15:47:39,836] multiqc                                            [DEBUG  ]  File ignored by vep/vep_txt because it exceeded search pattern filesize limit: D3_R2_pair_fastqc.html
[2022-02-14 15:47:39,836] multiqc                                            [DEBUG  ]  File ignored by longranger/invocation because it exceeded search pattern filesize limit: D3_R2_pair_fastqc.html
[2022-02-14 15:47:39,862] multiqc                                            [DEBUG  ]  File ignored by ccs/v4 because it exceeded search pattern filesize limit: N1_R2_pair_fastqc.html
[2022-02-14 15:47:39,863] multiqc                                            [DEBUG  ]  File ignored by hicexplorer because it exceeded search pattern filesize limit: N1_R2_pair_fastqc.html
[2022-02-14 15:47:39,863] multiqc                                            [DEBUG  ]  File ignored by nanostat because it exceeded search pattern filesize limit: N1_R2_pair_fastqc.html
[2022-02-14 15:47:39,864] multiqc                                            [DEBUG  ]  File ignored by lima/summary because it exceeded search pattern filesize limit: N1_R2_pair_fastqc.html
[2022-02-14 15:47:39,867] multiqc                                            [DEBUG  ]  File ignored by vep/vep_txt because it exceeded search pattern filesize limit: N1_R2_pair_fastqc.html
[2022-02-14 15:47:39,867] multiqc                                            [DEBUG  ]  File ignored by longranger/invocation because it exceeded search pattern filesize limit: N1_R2_pair_fastqc.html
[2022-02-14 15:47:39,902] multiqc                                            [DEBUG  ]  File ignored by ccs/v4 because it exceeded search pattern filesize limit: N2_R1_unpair_fastqc.html
[2022-02-14 15:47:39,903] multiqc                                            [DEBUG  ]  File ignored by hicexplorer because it exceeded search pattern filesize limit: N2_R1_unpair_fastqc.html
[2022-02-14 15:47:39,904] multiqc                                            [DEBUG  ]  File ignored by nanostat because it exceeded search pattern filesize limit: N2_R1_unpair_fastqc.html
[2022-02-14 15:47:39,904] multiqc                                            [DEBUG  ]  File ignored by lima/summary because it exceeded search pattern filesize limit: N2_R1_unpair_fastqc.html
[2022-02-14 15:47:39,906] multiqc                                            [DEBUG  ]  File ignored by vep/vep_txt because it exceeded search pattern filesize limit: N2_R1_unpair_fastqc.html
[2022-02-14 15:47:39,906] multiqc                                            [DEBUG  ]  File ignored by longranger/invocation because it exceeded search pattern filesize limit: N2_R1_unpair_fastqc.html
[2022-02-14 15:47:41,351] multiqc.plots.bargraph                             [DEBUG  ]  Using matplotlib version 3.4.3
[2022-02-14 15:47:41,352] multiqc.plots.linegraph                            [DEBUG  ]  Using matplotlib version 3.4.3
[2022-02-14 15:47:41,354] multiqc                                            [DEBUG  ]  No samples found: custom_content
[2022-02-14 15:47:41,359] multiqc                                            [DEBUG  ]  No samples found: ccs
[2022-02-14 15:47:41,364] multiqc                                            [DEBUG  ]  No samples found: ngsderive
[2022-02-14 15:47:41,369] multiqc                                            [DEBUG  ]  No samples found: purple
[2022-02-14 15:47:41,373] multiqc                                            [DEBUG  ]  No samples found: conpair
[2022-02-14 15:47:41,377] multiqc                                            [DEBUG  ]  No samples found: lima
[2022-02-14 15:47:41,383] multiqc                                            [DEBUG  ]  No samples found: peddy
[2022-02-14 15:47:41,388] multiqc                                            [DEBUG  ]  No samples found: somalier
[2022-02-14 15:47:41,393] multiqc                                            [DEBUG  ]  No samples found: methylQA
[2022-02-14 15:47:41,400] multiqc.modules.mosdepth.mosdepth                  [DEBUG  ]  include_contigs: []
[2022-02-14 15:47:41,400] multiqc.modules.mosdepth.mosdepth                  [DEBUG  ]  exclude_contigs: []
[2022-02-14 15:47:41,400] multiqc                                            [DEBUG  ]  No samples found: mosdepth
[2022-02-14 15:47:41,404] multiqc                                            [DEBUG  ]  No samples found: phantompeakqualtools
[2022-02-14 15:47:41,407] multiqc                                            [DEBUG  ]  No samples found: qualimap
[2022-02-14 15:47:41,412] multiqc                                            [DEBUG  ]  No samples found: preseq
[2022-02-14 15:47:41,415] multiqc                                            [DEBUG  ]  No samples found: quast
[2022-02-14 15:47:41,419] multiqc                                            [DEBUG  ]  No samples found: qorts
[2022-02-14 15:47:41,422] multiqc                                            [DEBUG  ]  No samples found: rna_seqc
[2022-02-14 15:47:41,426] multiqc                                            [DEBUG  ]  No samples found: rockhopper
[2022-02-14 15:47:41,429] multiqc                                            [DEBUG  ]  No samples found: rsem
[2022-02-14 15:47:41,440] multiqc                                            [DEBUG  ]  No samples found: rseqc
[2022-02-14 15:47:41,443] multiqc                                            [DEBUG  ]  No samples found: busco
[2022-02-14 15:47:41,447] multiqc                                            [DEBUG  ]  No samples found: bustools
[2022-02-14 15:47:41,452] multiqc                                            [DEBUG  ]  No samples found: goleft_indexcov
[2022-02-14 15:47:41,456] multiqc                                            [DEBUG  ]  No samples found: gffcompare
[2022-02-14 15:47:41,460] multiqc                                            [DEBUG  ]  No samples found: disambiguate
[2022-02-14 15:47:41,464] multiqc                                            [DEBUG  ]  No samples found: supernova
[2022-02-14 15:47:41,473] multiqc                                            [DEBUG  ]  No samples found: deeptools
[2022-02-14 15:47:41,477] multiqc                                            [DEBUG  ]  No samples found: sargasso
[2022-02-14 15:47:41,481] multiqc                                            [DEBUG  ]  No samples found: verifybamid
[2022-02-14 15:47:41,485] multiqc                                            [DEBUG  ]  No samples found: mirtrace
[2022-02-14 15:47:41,488] multiqc                                            [DEBUG  ]  No samples found: happy
[2022-02-14 15:47:41,492] multiqc                                            [DEBUG  ]  No samples found: mirtop
[2022-02-14 15:47:41,497] multiqc                                            [DEBUG  ]  No samples found: sambamba
[2022-02-14 15:47:41,501] multiqc                                            [DEBUG  ]  No samples found: homer
[2022-02-14 15:47:41,505] multiqc                                            [DEBUG  ]  No samples found: hops
[2022-02-14 15:47:41,508] multiqc                                            [DEBUG  ]  No samples found: macs2
[2022-02-14 15:47:41,512] multiqc                                            [DEBUG  ]  No samples found: theta2
[2022-02-14 15:47:41,515] multiqc                                            [DEBUG  ]  No samples found: snpeff
[2022-02-14 15:47:41,520] multiqc                                            [DEBUG  ]  No samples found: gatk
[2022-02-14 15:47:41,523] multiqc                                            [DEBUG  ]  No samples found: htseq
[2022-02-14 15:47:41,527] multiqc                                            [DEBUG  ]  No samples found: bcftools
[2022-02-14 15:47:41,531] multiqc                                            [DEBUG  ]  No samples found: featureCounts
[2022-02-14 15:47:41,539] multiqc                                            [DEBUG  ]  No samples found: fgbio
[2022-02-14 15:47:41,548] multiqc                                            [DEBUG  ]  No samples found: dragen
[2022-02-14 15:47:41,551] multiqc                                            [DEBUG  ]  No samples found: dedup
[2022-02-14 15:47:41,555] multiqc                                            [DEBUG  ]  No samples found: damageprofiler
[2022-02-14 15:47:41,572] multiqc                                            [DEBUG  ]  No samples found: biobambam2
[2022-02-14 15:47:41,576] multiqc                                            [DEBUG  ]  No samples found: jcvi
[2022-02-14 15:47:41,579] multiqc                                            [DEBUG  ]  No samples found: mtnucratio
[2022-02-14 15:47:41,582] multiqc                                            [DEBUG  ]  No samples found: picard
[2022-02-14 15:47:41,586] multiqc                                            [DEBUG  ]  No samples found: vep
[2022-02-14 15:47:41,591] multiqc                                            [DEBUG  ]  No samples found: sentieon
[2022-02-14 15:47:41,595] multiqc                                            [DEBUG  ]  No samples found: prokka
[2022-02-14 15:47:41,599] multiqc                                            [DEBUG  ]  No samples found: qc3C
[2022-02-14 15:47:41,603] multiqc                                            [DEBUG  ]  No samples found: nanostat
[2022-02-14 15:47:41,607] multiqc                                            [DEBUG  ]  No samples found: samblaster
[2022-02-14 15:47:41,613] multiqc                                            [DEBUG  ]  No samples found: samtools
[2022-02-14 15:47:41,617] multiqc                                            [DEBUG  ]  No samples found: sexdeterrmine
[2022-02-14 15:47:41,621] multiqc                                            [DEBUG  ]  No samples found: eigenstratdatabasetools
[2022-02-14 15:47:41,626] multiqc                                            [DEBUG  ]  No samples found: bamtools
[2022-02-14 15:47:41,629] multiqc                                            [DEBUG  ]  No samples found: jellyfish
[2022-02-14 15:47:41,637] multiqc                                            [DEBUG  ]  No samples found: vcftools
[2022-02-14 15:47:41,642] multiqc                                            [DEBUG  ]  No samples found: longranger
[2022-02-14 15:47:41,647] multiqc                                            [DEBUG  ]  No samples found: stacks
[2022-02-14 15:47:41,651] multiqc                                            [DEBUG  ]  No samples found: varscan2
[2022-02-14 15:47:41,656] multiqc                                            [DEBUG  ]  No samples found: snippy
[2022-02-14 15:47:41,667] multiqc                                            [DEBUG  ]  No samples found: bbmap
[2022-02-14 15:47:41,671] multiqc                                            [DEBUG  ]  No samples found: bismark
[2022-02-14 15:47:41,675] multiqc                                            [DEBUG  ]  No samples found: biscuit
[2022-02-14 15:47:41,679] multiqc                                            [DEBUG  ]  No samples found: hicexplorer
[2022-02-14 15:47:41,683] multiqc                                            [DEBUG  ]  No samples found: hicup
[2022-02-14 15:47:41,687] multiqc                                            [DEBUG  ]  No samples found: hicpro
[2022-02-14 15:47:41,691] multiqc                                            [DEBUG  ]  No samples found: salmon
[2022-02-14 15:47:41,695] multiqc                                            [DEBUG  ]  No samples found: kallisto
[2022-02-14 15:47:41,699] multiqc                                            [DEBUG  ]  No samples found: slamdunk
[2022-02-14 15:47:41,703] multiqc                                            [DEBUG  ]  No samples found: star
[2022-02-14 15:47:41,707] multiqc                                            [DEBUG  ]  No samples found: hisat2
[2022-02-14 15:47:41,711] multiqc                                            [DEBUG  ]  No samples found: tophat
[2022-02-14 15:47:41,715] multiqc                                            [DEBUG  ]  No samples found: bowtie2
[2022-02-14 15:47:41,718] multiqc                                            [DEBUG  ]  No samples found: bowtie1
[2022-02-14 15:47:41,722] multiqc                                            [DEBUG  ]  No samples found: snpsplit
[2022-02-14 15:47:41,727] multiqc                                            [DEBUG  ]  No samples found: odgi
[2022-02-14 15:47:41,732] multiqc                                            [DEBUG  ]  No samples found: pangolin
[2022-02-14 15:47:41,736] multiqc                                            [DEBUG  ]  No samples found: kat
[2022-02-14 15:47:41,740] multiqc                                            [DEBUG  ]  No samples found: leehom
[2022-02-14 15:47:41,745] multiqc                                            [DEBUG  ]  No samples found: adapterRemoval
[2022-02-14 15:47:41,749] multiqc                                            [DEBUG  ]  No samples found: clipandmerge
[2022-02-14 15:47:41,753] multiqc                                            [DEBUG  ]  No samples found: cutadapt
[2022-02-14 15:47:41,757] multiqc                                            [DEBUG  ]  No samples found: flexbar
[2022-02-14 15:47:41,761] multiqc                                            [DEBUG  ]  No samples found: kaiju
[2022-02-14 15:47:41,766] multiqc                                            [DEBUG  ]  No samples found: kraken
[2022-02-14 15:47:41,770] multiqc                                            [DEBUG  ]  No samples found: malt
[2022-02-14 15:47:41,774] multiqc                                            [DEBUG  ]  No samples found: trimmomatic
[2022-02-14 15:47:41,779] multiqc                                            [DEBUG  ]  No samples found: sickle
[2022-02-14 15:47:41,783] multiqc                                            [DEBUG  ]  No samples found: skewer
[2022-02-14 15:47:41,788] multiqc                                            [DEBUG  ]  No samples found: sortmerna
[2022-02-14 15:47:41,792] multiqc                                            [DEBUG  ]  No samples found: biobloomtools
[2022-02-14 15:47:41,796] multiqc                                            [DEBUG  ]  No samples found: fastq_screen
[2022-02-14 15:47:41,800] multiqc                                            [DEBUG  ]  No samples found: afterqc
[2022-02-14 15:47:41,804] multiqc                                            [DEBUG  ]  No samples found: fastp
[2022-02-14 15:47:43,706] multiqc.modules.fastqc.fastqc                      [INFO   ]  Found 44 reports
[2022-02-14 15:47:44,254] multiqc                                            [DEBUG  ]  No samples found: pychopper
[2022-02-14 15:47:44,258] multiqc                                            [DEBUG  ]  No samples found: pycoqc
[2022-02-14 15:47:44,262] multiqc                                            [DEBUG  ]  No samples found: minionqc
[2022-02-14 15:47:44,266] multiqc                                            [DEBUG  ]  No samples found: multivcfanalyzer
[2022-02-14 15:47:44,270] multiqc                                            [DEBUG  ]  No samples found: clusterflow
[2022-02-14 15:47:44,274] multiqc                                            [DEBUG  ]  No samples found: bcl2fastq
[2022-02-14 15:47:44,278] multiqc                                            [DEBUG  ]  No samples found: bclconvert
[2022-02-14 15:47:44,282] multiqc                                            [DEBUG  ]  No samples found: interop
[2022-02-14 15:47:44,286] multiqc                                            [DEBUG  ]  No samples found: ivar
[2022-02-14 15:47:44,290] multiqc                                            [DEBUG  ]  No samples found: flash
[2022-02-14 15:47:44,294] multiqc                                            [DEBUG  ]  No samples found: seqyclean
[2022-02-14 15:47:44,298] multiqc                                            [DEBUG  ]  No samples found: optitype
[2022-02-14 15:47:44,339] multiqc                                            [INFO   ]  Compressing plot data
[2022-02-14 15:47:44,814] multiqc                                            [WARNING]  Previous MultiQC output found! Adjusting filenames..
[2022-02-14 15:47:44,814] multiqc                                            [WARNING]  Use -f or --force to overwrite existing reports instead
[2022-02-14 15:47:44,815] multiqc                                            [INFO   ]  Report      : multiqc_report_1.html
[2022-02-14 15:47:44,815] multiqc                                            [INFO   ]  Data        : multiqc_data_1
[2022-02-14 15:47:44,815] multiqc                                            [DEBUG  ]  Moving data file from '/var/folders/6z/hz95tt497dgd98vmjzfch5nw0000gn/T/tmpip0ug53r/multiqc_data' to '/Users/modesto/freeDNA_data/multiqc_data_1'
[2022-02-14 15:47:44,938] multiqc                                            [INFO   ]  MultiQC complete
