1st stage: 0.143259s
2nd stage: 1.58224s
Total    : 1.7255s
Tmp size : 2MB

Stats:
   No. of k-mers below min. threshold :            0
   No. of k-mers above max. threshold :         9689
   No. of unique k-mers               :      2681875
   No. of unique counted k-mers       :      2672186
   Total no. of k-mers                :      2696880
   Total no. of sequences             :            1
   Total no. of super-k-mers          :        55280
1st stage: 0.163116s
2nd stage: 1.60032s
Total    : 1.76344s
Tmp size : 2MB

Stats:
   No. of k-mers below min. threshold :            0
   No. of k-mers above max. threshold :         1022
   No. of unique k-mers               :      2681525
   No. of unique counted k-mers       :      2680503
   Total no. of k-mers                :      2682547
   Total no. of sequences             :           16
   Total no. of super-k-mers          :        55004
1st stage: 0.143083s
2nd stage: 1.64884s
Total    : 1.79192s
Tmp size : 2MB

Stats:
   No. of k-mers below min. threshold :            0
   No. of k-mers above max. threshold :         5761
   No. of unique k-mers               :      2682194
   No. of unique counted k-mers       :      2676433
   Total no. of k-mers                :      2687955
   Total no. of sequences             :            8
   Total no. of super-k-mers          :        55117
1st stage: 0.095821s
2nd stage: 1.56428s
Total    : 1.6601s
Tmp size : 0MB

Stats:
   No. of k-mers below min. threshold :            0
   No. of k-mers above max. threshold :         2945
   No. of unique k-mers               :       561065
   No. of unique counted k-mers       :       558120
   Total no. of k-mers                :       564010
   Total no. of sequences             :          401
   Total no. of super-k-mers          :        11845
1st stage: 0.14539s
2nd stage: 1.59486s
Total    : 1.74025s
Tmp size : 1MB

Stats:
   No. of k-mers below min. threshold :            0
   No. of k-mers above max. threshold :         1022
   No. of unique k-mers               :      2351410
   No. of unique counted k-mers       :      2350388
   Total no. of k-mers                :      2352432
   Total no. of sequences             :          661
   Total no. of super-k-mers          :        48819
1st stage: 0.151647s
2nd stage: 1.59213s
Total    : 1.74377s
Tmp size : 2MB

Stats:
   No. of k-mers below min. threshold :            0
   No. of k-mers above max. threshold :         1022
   No. of unique k-mers               :      2681696
   No. of unique counted k-mers       :      2680674
   Total no. of k-mers                :      2682718
   Total no. of sequences             :           13
   Total no. of super-k-mers          :        55007
1st stage: 0.136797s
2nd stage: 1.59725s
Total    : 1.73405s
Tmp size : 2MB

Stats:
   No. of k-mers below min. threshold :            0
   No. of k-mers above max. threshold :         1022
   No. of unique k-mers               :      2681360
   No. of unique counted k-mers       :      2680338
   Total no. of k-mers                :      2682382
   Total no. of sequences             :           18
   Total no. of super-k-mers          :        54999
1st stage: 0.147315s
2nd stage: 1.5739s
Total    : 1.72122s
Tmp size : 2MB

Stats:
   No. of k-mers below min. threshold :            0
   No. of k-mers above max. threshold :         7846
   No. of unique k-mers               :      2681932
   No. of unique counted k-mers       :      2674086
   Total no. of k-mers                :      2689778
   Total no. of sequences             :           30
   Total no. of super-k-mers          :        55147
1st stage: 0.138902s
2nd stage: 1.62483s
Total    : 1.76373s
Tmp size : 2MB

Stats:
   No. of k-mers below min. threshold :            0
   No. of k-mers above max. threshold :        26531
   No. of unique k-mers               :      2684326
   No. of unique counted k-mers       :      2657795
   Total no. of k-mers                :      2710857
   Total no. of sequences             :           17
   Total no. of super-k-mers          :        55567
1st stage: 0.147618s
2nd stage: 1.65774s
Total    : 1.80536s
Tmp size : 2MB

Stats:
   No. of k-mers below min. threshold :            0
   No. of k-mers above max. threshold :         1022
   No. of unique k-mers               :      2681778
   No. of unique counted k-mers       :      2680756
   Total no. of k-mers                :      2682800
   Total no. of sequences             :           13
   Total no. of super-k-mers          :        55009
1st stage: 0.154049s
2nd stage: 1.62696s
Total    : 1.78101s
Tmp size : 2MB

Stats:
   No. of k-mers below min. threshold :            0
   No. of k-mers above max. threshold :         1022
   No. of unique k-mers               :      2681991
   No. of unique counted k-mers       :      2680969
   Total no. of k-mers                :      2683013
   Total no. of sequences             :           10
   Total no. of super-k-mers          :        55013
