1st stage: 0.210789s
2nd stage: 1.71017s
Total    : 1.92096s
Tmp size : 4MB

Stats:
   No. of k-mers below min. threshold :            0
   No. of k-mers above max. threshold :        25814
   No. of unique k-mers               :      6222265
   No. of unique counted k-mers       :      6196451
   Total no. of k-mers                :      6264304
   Total no. of sequences             :            1
   Total no. of super-k-mers          :       126913
1st stage: 0.203138s
2nd stage: 1.66606s
Total    : 1.8692s
Tmp size : 5MB

Stats:
   No. of k-mers below min. threshold :            0
   No. of k-mers above max. threshold :        17725
   No. of unique k-mers               :      6535420
   No. of unique counted k-mers       :      6517695
   Total no. of k-mers                :      6554385
   Total no. of sequences             :           52
   Total no. of super-k-mers          :       132833
1st stage: 0.219944s
2nd stage: 1.66872s
Total    : 1.88866s
Tmp size : 5MB

Stats:
   No. of k-mers below min. threshold :            0
   No. of k-mers above max. threshold :        17384
   No. of unique k-mers               :      6536364
   No. of unique counted k-mers       :      6518980
   Total no. of k-mers                :      6554744
   Total no. of sequences             :           45
   Total no. of super-k-mers          :       132831
1st stage: 0.16432s
2nd stage: 1.67997s
Total    : 1.84429s
Tmp size : 3MB

Stats:
   No. of k-mers below min. threshold :            0
   No. of k-mers above max. threshold :        12905
   No. of unique k-mers               :      4382884
   No. of unique counted k-mers       :      4369979
   Total no. of k-mers                :      4396010
   Total no. of sequences             :         1750
   Total no. of super-k-mers          :        90706
1st stage: 0.216161s
2nd stage: 1.67895s
Total    : 1.89511s
Tmp size : 5MB

Stats:
   No. of k-mers below min. threshold :            0
   No. of k-mers above max. threshold :         7869
   No. of unique k-mers               :      6431401
   No. of unique counted k-mers       :      6423532
   Total no. of k-mers                :      6439510
   Total no. of sequences             :          151
   Total no. of super-k-mers          :       130642
1st stage: 0.222125s
2nd stage: 1.7323s
Total    : 1.95443s
Tmp size : 5MB

Stats:
   No. of k-mers below min. threshold :            0
   No. of k-mers above max. threshold :         9953
   No. of unique k-mers               :      6454452
   No. of unique counted k-mers       :      6444499
   Total no. of k-mers                :      6465401
   Total no. of sequences             :           53
   Total no. of super-k-mers          :       131083
1st stage: 0.208714s
2nd stage: 1.6672s
Total    : 1.87591s
Tmp size : 5MB

Stats:
   No. of k-mers below min. threshold :            0
   No. of k-mers above max. threshold :         8747
   No. of unique k-mers               :      6450551
   No. of unique counted k-mers       :      6441804
   Total no. of k-mers                :      6459517
   Total no. of sequences             :           97
   Total no. of super-k-mers          :       130978
1st stage: 0.213175s
2nd stage: 1.67231s
Total    : 1.88549s
Tmp size : 5MB

Stats:
   No. of k-mers below min. threshold :            0
   No. of k-mers above max. threshold :        37781
   No. of unique k-mers               :      6535774
   No. of unique counted k-mers       :      6497993
   Total no. of k-mers                :      6574388
   Total no. of sequences             :           65
   Total no. of super-k-mers          :       133256
1st stage: 0.216639s
2nd stage: 1.64068s
Total    : 1.85732s
Tmp size : 5MB

Stats:
   No. of k-mers below min. threshold :            0
   No. of k-mers above max. threshold :        35917
   No. of unique k-mers               :      6529016
   No. of unique counted k-mers       :      6493099
   Total no. of k-mers                :      6565766
   Total no. of sequences             :           57
   Total no. of super-k-mers          :       133089
1st stage: 0.207427s
2nd stage: 1.73617s
Total    : 1.9436s
Tmp size : 5MB

Stats:
   No. of k-mers below min. threshold :            0
   No. of k-mers above max. threshold :        22609
   No. of unique k-mers               :      6535158
   No. of unique counted k-mers       :      6512549
   Total no. of k-mers                :      6558600
   Total no. of sequences             :           51
   Total no. of super-k-mers          :       132914
1st stage: 0.215175s
2nd stage: 1.72711s
Total    : 1.94229s
Tmp size : 5MB

Stats:
   No. of k-mers below min. threshold :            0
   No. of k-mers above max. threshold :        17627
   No. of unique k-mers               :      6530933
   No. of unique counted k-mers       :      6513306
   Total no. of k-mers                :      6549800
   Total no. of sequences             :           49
   Total no. of super-k-mers          :       132746
