2022-02-09 22:09:47,061 - INFO - Welcome to MetaCoAG: Binning Metagenomic Contigs via Composition, Coverage and Assembly Graphs.
2022-02-09 22:09:47,061 - INFO - This version of MetaCoAG makes use of the assembly graph produced by SPAdes which is based on the de Bruijn graph approach.
2022-02-09 22:09:47,061 - INFO - Input arguments: 
2022-02-09 22:09:47,061 - INFO - Assembler used: spades
2022-02-09 22:09:47,061 - INFO - Contigs file: ../spades_results/N4/contigs.fasta
2022-02-09 22:09:47,061 - INFO - Assembly graph file: ../spades_results/N4/assembly_graph_with_scaffolds.gfa
2022-02-09 22:09:47,061 - INFO - Contig paths file: ../spades_results/N4/contigs.paths
2022-02-09 22:09:47,061 - INFO - Abundance file: ../binning/abundance_N4.tsv
2022-02-09 22:09:47,061 - INFO - Final binning output file: ../binning/N4/
2022-02-09 22:09:47,061 - INFO - Marker file: /home/modesto/data/freeDNA/MetaCoAG/auxiliary/marker.hmm
2022-02-09 22:09:47,061 - INFO - Minimum length of contigs to consider: 1000
2022-02-09 22:09:47,061 - INFO - Depth to consider for label propagation: 10
2022-02-09 22:09:47,061 - INFO - p_intra: 0.1
2022-02-09 22:09:47,061 - INFO - p_inter: 0.01
2022-02-09 22:09:47,061 - DEBUG - bin_threshold: 0.9999999999999998
2022-02-09 22:09:47,061 - DEBUG - break_threshold: 1.9999999999999996
2022-02-09 22:09:47,061 - INFO - mg_threshold: 0.5
2022-02-09 22:09:47,061 - INFO - bin_mg_threshold: 0.33333
2022-02-09 22:09:47,062 - INFO - min_bin_size: 200000 base pairs
2022-02-09 22:09:47,062 - INFO - d_limit: 20
2022-02-09 22:09:47,062 - INFO - Number of threads: 12
2022-02-09 22:09:47,062 - INFO - MetaCoAG started
2022-02-09 22:09:47,113 - INFO - Total number of contigs available: 5634
2022-02-09 22:09:47,170 - INFO - Total number of edges in the assembly graph: 495
2022-02-09 22:09:47,170 - INFO - Obtaining lengths and coverage values of contigs
2022-02-10 02:27:33,880 - INFO - Welcome to MetaCoAG: Binning Metagenomic Contigs via Composition, Coverage and Assembly Graphs.
2022-02-10 02:27:33,881 - INFO - This version of MetaCoAG makes use of the assembly graph produced by SPAdes which is based on the de Bruijn graph approach.
2022-02-10 02:27:33,881 - INFO - Input arguments: 
2022-02-10 02:27:33,881 - INFO - Assembler used: spades
2022-02-10 02:27:33,881 - INFO - Contigs file: ../spades_results/N4/contigs.fasta
2022-02-10 02:27:33,881 - INFO - Assembly graph file: ../spades_results/N4/assembly_graph_with_scaffolds.gfa
2022-02-10 02:27:33,881 - INFO - Contig paths file: ../spades_results/N4/contigs.paths
2022-02-10 02:27:33,881 - INFO - Abundance file: ../binning/abundance_N4.tsv
2022-02-10 02:27:33,881 - INFO - Final binning output file: ../binning/N4/
2022-02-10 02:27:33,881 - INFO - Marker file: /home/modesto/data/freeDNA/MetaCoAG/auxiliary/marker.hmm
2022-02-10 02:27:33,881 - INFO - Minimum length of contigs to consider: 1000
2022-02-10 02:27:33,881 - INFO - Depth to consider for label propagation: 10
2022-02-10 02:27:33,881 - INFO - p_intra: 0.1
2022-02-10 02:27:33,881 - INFO - p_inter: 0.01
2022-02-10 02:27:33,881 - DEBUG - bin_threshold: 0.9999999999999998
2022-02-10 02:27:33,881 - DEBUG - break_threshold: 1.9999999999999996
2022-02-10 02:27:33,881 - INFO - mg_threshold: 0.5
2022-02-10 02:27:33,881 - INFO - bin_mg_threshold: 0.33333
2022-02-10 02:27:33,881 - INFO - min_bin_size: 200000 base pairs
2022-02-10 02:27:33,881 - INFO - d_limit: 20
2022-02-10 02:27:33,881 - INFO - Number of threads: 12
2022-02-10 02:27:33,881 - INFO - MetaCoAG started
2022-02-10 02:27:33,936 - INFO - Total number of contigs available: 5634
2022-02-10 02:27:33,990 - INFO - Total number of edges in the assembly graph: 495
2022-02-10 02:27:33,990 - INFO - Obtaining lengths and coverage values of contigs
2022-02-10 02:27:34,075 - DEBUG - w_intra: 1.9999999999999996
2022-02-10 02:27:34,075 - DEBUG - w_inter: 3.999999999999999
2022-02-10 02:27:34,075 - INFO - Obtaining tetranucleotide frequencies of contigs
2022-02-10 02:27:45,171 - INFO - Scanning for single-copy marker genes
2022-02-10 02:27:45,172 - INFO - Obtaining hmmout file
2022-02-10 02:27:45,172 - DEBUG - /home/modesto/data/freeDNA/MetaCoAG/auxiliary/marker.hmm
2022-02-10 02:27:45,172 - DEBUG - exec cmd: run_FragGeneScan.pl -genome=../spades_results/N4/contigs.fasta -out=../spades_results/N4/contigs.fasta.frag -complete=0 -train=complete -thread=12 1>../spades_results/N4/contigs.fasta.frag.out 2>../spades_results/N4/contigs.fasta.frag.err
2022-02-10 02:27:47,312 - DEBUG - exec cmd: hmmsearch --domtblout ../spades_results/N4/contigs.fasta.hmmout --cut_tc --cpu 12 /home/modesto/data/freeDNA/MetaCoAG/auxiliary/marker.hmm ../spades_results/N4/contigs.fasta.frag.faa 1>../spades_results/N4/contigs.fasta.hmmout.out 2>../spades_results/N4/contigs.fasta.hmmout.err
2022-02-10 02:27:50,866 - INFO - Obtaining contigs with single-copy marker genes
2022-02-10 02:27:50,870 - INFO - Number of contigs containing single-copy marker genes: 80
2022-02-10 02:27:50,870 - INFO - Determining contig counts for each single-copy marker gene
2022-02-10 02:27:50,870 - DEBUG - Contig counts of single-copy marker genes: 
2022-02-10 02:27:50,870 - DEBUG - [6, 5, 4, 4, 4, 4, 4, 4, 4, 4, 4, 4, 4, 4, 4, 4, 4, 4, 4, 4, 4, 4, 4, 4, 4, 4, 4, 4, 4, 3, 3, 3, 3, 3, 3, 3, 3, 3, 3, 3, 3, 3, 3, 3, 3, 3, 3, 3, 3, 3, 3, 3, 3, 3, 3, 3, 3, 3, 3, 3, 3, 3, 3, 3, 3, 3, 3, 3, 3, 3, 3, 3, 3, 3, 3, 3, 3, 3, 3, 3, 3, 3, 3, 3, 3, 3, 3, 3, 3, 3, 3, 3, 3, 3, 2, 2, 2, 2, 2, 2, 2, 2, 2, 2, 2, 2, 2]
2022-02-10 02:27:50,870 - INFO - Initialising bins
2022-02-10 02:27:50,871 - DEBUG - Number of initial bins detected: 6
2022-02-10 02:27:50,871 - DEBUG - Initialised bins: 
2022-02-10 02:27:50,871 - DEBUG - {0: [0], 1: [2], 2: [1], 3: [141], 4: [735], 5: [544]}
2022-02-10 02:27:50,871 - INFO - Matching and assigning contigs with single-copy marker genes to bins
2022-02-10 02:27:50,871 - DEBUG - Iteration 0: 6 contig(s) with seed marker genes
2022-02-10 02:27:50,871 - DEBUG - Iteration 1: 5 contig(s) with seed marker genes
2022-02-10 02:27:50,871 - DEBUG - 2 contig(s) to bin in the iteration
2022-02-10 02:27:50,884 - DEBUG - Creating new bin...
2022-02-10 02:27:50,884 - DEBUG - New bin has contig 661 to bin 7 weight=8.813319453409179
2022-02-10 02:27:50,884 - DEBUG - 2 contig(s) binned in the iteration
2022-02-10 02:27:50,884 - DEBUG - Iteration 2: 4 contig(s) with seed marker genes
2022-02-10 02:27:50,884 - DEBUG - 4 contig(s) to bin in the iteration
2022-02-10 02:27:50,885 - DEBUG - 0 contig(s) binned in the iteration
2022-02-10 02:27:50,885 - DEBUG - Iteration 3: 4 contig(s) with seed marker genes
2022-02-10 02:27:50,885 - DEBUG - 4 contig(s) to bin in the iteration
2022-02-10 02:27:50,886 - DEBUG - 0 contig(s) binned in the iteration
2022-02-10 02:27:50,886 - DEBUG - Iteration 4: 4 contig(s) with seed marker genes
2022-02-10 02:27:50,886 - DEBUG - 4 contig(s) to bin in the iteration
2022-02-10 02:27:50,887 - DEBUG - 0 contig(s) binned in the iteration
2022-02-10 02:27:50,887 - DEBUG - Iteration 5: 4 contig(s) with seed marker genes
2022-02-10 02:27:50,887 - DEBUG - 4 contig(s) to bin in the iteration
2022-02-10 02:27:50,888 - DEBUG - 0 contig(s) binned in the iteration
2022-02-10 02:27:50,888 - DEBUG - Iteration 6: 4 contig(s) with seed marker genes
2022-02-10 02:27:50,888 - DEBUG - 4 contig(s) to bin in the iteration
2022-02-10 02:27:50,889 - DEBUG - 0 contig(s) binned in the iteration
2022-02-10 02:27:50,889 - DEBUG - Iteration 7: 4 contig(s) with seed marker genes
2022-02-10 02:27:50,889 - DEBUG - 4 contig(s) to bin in the iteration
2022-02-10 02:27:50,889 - DEBUG - 0 contig(s) binned in the iteration
2022-02-10 02:27:50,889 - DEBUG - Iteration 8: 4 contig(s) with seed marker genes
2022-02-10 02:27:50,890 - DEBUG - 4 contig(s) to bin in the iteration
2022-02-10 02:27:50,890 - DEBUG - 0 contig(s) binned in the iteration
2022-02-10 02:27:50,890 - DEBUG - Iteration 9: 4 contig(s) with seed marker genes
2022-02-10 02:27:50,890 - DEBUG - 4 contig(s) to bin in the iteration
2022-02-10 02:27:50,891 - DEBUG - 0 contig(s) binned in the iteration
2022-02-10 02:27:50,891 - DEBUG - Iteration 10: 4 contig(s) with seed marker genes
2022-02-10 02:27:50,891 - DEBUG - 4 contig(s) to bin in the iteration
2022-02-10 02:27:50,892 - DEBUG - 0 contig(s) binned in the iteration
2022-02-10 02:27:50,892 - DEBUG - Iteration 11: 4 contig(s) with seed marker genes
2022-02-10 02:27:50,892 - DEBUG - 4 contig(s) to bin in the iteration
2022-02-10 02:27:50,893 - DEBUG - 0 contig(s) binned in the iteration
2022-02-10 02:27:50,893 - DEBUG - Iteration 12: 4 contig(s) with seed marker genes
2022-02-10 02:27:50,893 - DEBUG - 4 contig(s) to bin in the iteration
2022-02-10 02:27:50,894 - DEBUG - 0 contig(s) binned in the iteration
2022-02-10 02:27:50,894 - DEBUG - Iteration 13: 4 contig(s) with seed marker genes
2022-02-10 02:27:50,894 - DEBUG - 4 contig(s) to bin in the iteration
2022-02-10 02:27:50,895 - DEBUG - 0 contig(s) binned in the iteration
2022-02-10 02:27:50,895 - DEBUG - Iteration 14: 4 contig(s) with seed marker genes
2022-02-10 02:27:50,895 - DEBUG - 4 contig(s) to bin in the iteration
2022-02-10 02:27:50,896 - DEBUG - 0 contig(s) binned in the iteration
2022-02-10 02:27:50,896 - DEBUG - Iteration 15: 4 contig(s) with seed marker genes
2022-02-10 02:27:50,896 - DEBUG - 4 contig(s) to bin in the iteration
2022-02-10 02:27:50,897 - DEBUG - 0 contig(s) binned in the iteration
2022-02-10 02:27:50,897 - DEBUG - Iteration 16: 4 contig(s) with seed marker genes
2022-02-10 02:27:50,897 - DEBUG - 4 contig(s) to bin in the iteration
2022-02-10 02:27:50,898 - DEBUG - 0 contig(s) binned in the iteration
2022-02-10 02:27:50,898 - DEBUG - Iteration 17: 4 contig(s) with seed marker genes
2022-02-10 02:27:50,898 - DEBUG - 4 contig(s) to bin in the iteration
2022-02-10 02:27:50,899 - DEBUG - 0 contig(s) binned in the iteration
2022-02-10 02:27:50,899 - DEBUG - Iteration 18: 4 contig(s) with seed marker genes
2022-02-10 02:27:50,899 - DEBUG - 2 contig(s) to bin in the iteration
2022-02-10 02:27:50,899 - DEBUG - 0 contig(s) binned in the iteration
2022-02-10 02:27:50,899 - DEBUG - Iteration 19: 4 contig(s) with seed marker genes
2022-02-10 02:27:50,899 - DEBUG - 3 contig(s) to bin in the iteration
2022-02-10 02:27:50,900 - DEBUG - 0 contig(s) binned in the iteration
2022-02-10 02:27:50,900 - DEBUG - Iteration 20: 4 contig(s) with seed marker genes
2022-02-10 02:27:50,900 - DEBUG - 4 contig(s) to bin in the iteration
2022-02-10 02:27:50,901 - DEBUG - 0 contig(s) binned in the iteration
2022-02-10 02:27:50,901 - DEBUG - Iteration 21: 4 contig(s) with seed marker genes
2022-02-10 02:27:50,901 - DEBUG - 4 contig(s) to bin in the iteration
2022-02-10 02:27:50,902 - DEBUG - 0 contig(s) binned in the iteration
2022-02-10 02:27:50,902 - DEBUG - Iteration 22: 4 contig(s) with seed marker genes
2022-02-10 02:27:50,902 - DEBUG - 3 contig(s) to bin in the iteration
2022-02-10 02:27:50,903 - DEBUG - Creating new bin...
2022-02-10 02:27:50,903 - DEBUG - New bin has contig 221 to bin 8 weight=4.6078504545369485
2022-02-10 02:27:50,903 - DEBUG - 2 contig(s) binned in the iteration
2022-02-10 02:27:50,903 - DEBUG - Iteration 23: 4 contig(s) with seed marker genes
2022-02-10 02:27:50,903 - DEBUG - 1 contig(s) to bin in the iteration
2022-02-10 02:27:50,903 - DEBUG - 0 contig(s) binned in the iteration
2022-02-10 02:27:50,903 - DEBUG - Iteration 24: 4 contig(s) with seed marker genes
2022-02-10 02:27:50,903 - DEBUG - 3 contig(s) to bin in the iteration
2022-02-10 02:27:50,904 - DEBUG - 0 contig(s) binned in the iteration
2022-02-10 02:27:50,904 - DEBUG - Iteration 25: 4 contig(s) with seed marker genes
2022-02-10 02:27:50,904 - DEBUG - 3 contig(s) to bin in the iteration
2022-02-10 02:27:50,905 - DEBUG - Creating new bin...
2022-02-10 02:27:50,905 - DEBUG - New bin has contig 1114 to bin 9 weight=8.266559346815345
2022-02-10 02:27:50,905 - DEBUG - 1 contig(s) binned in the iteration
2022-02-10 02:27:50,905 - DEBUG - Iteration 26: 4 contig(s) with seed marker genes
2022-02-10 02:27:50,905 - DEBUG - 2 contig(s) to bin in the iteration
2022-02-10 02:27:50,906 - DEBUG - Creating new bin...
2022-02-10 02:27:50,906 - DEBUG - New bin has contig 324 to bin 10 weight=4.437400524359169
2022-02-10 02:27:50,906 - DEBUG - 1 contig(s) binned in the iteration
2022-02-10 02:27:50,906 - DEBUG - Iteration 27: 4 contig(s) with seed marker genes
2022-02-10 02:27:50,906 - DEBUG - 3 contig(s) to bin in the iteration
2022-02-10 02:27:50,907 - DEBUG - 0 contig(s) binned in the iteration
2022-02-10 02:27:50,907 - DEBUG - Iteration 28: 4 contig(s) with seed marker genes
2022-02-10 02:27:50,907 - DEBUG - 4 contig(s) to bin in the iteration
2022-02-10 02:27:50,908 - DEBUG - 0 contig(s) binned in the iteration
2022-02-10 02:27:50,908 - DEBUG - Iteration 29: 3 contig(s) with seed marker genes
2022-02-10 02:27:50,908 - DEBUG - 2 contig(s) to bin in the iteration
2022-02-10 02:27:50,909 - DEBUG - 0 contig(s) binned in the iteration
2022-02-10 02:27:50,909 - DEBUG - Iteration 30: 3 contig(s) with seed marker genes
2022-02-10 02:27:50,909 - DEBUG - 3 contig(s) to bin in the iteration
2022-02-10 02:27:50,910 - DEBUG - 0 contig(s) binned in the iteration
2022-02-10 02:27:50,910 - DEBUG - Iteration 31: 3 contig(s) with seed marker genes
2022-02-10 02:27:50,910 - DEBUG - 3 contig(s) to bin in the iteration
2022-02-10 02:27:50,911 - DEBUG - 0 contig(s) binned in the iteration
2022-02-10 02:27:50,911 - DEBUG - Iteration 32: 3 contig(s) with seed marker genes
2022-02-10 02:27:50,911 - DEBUG - 3 contig(s) to bin in the iteration
2022-02-10 02:27:50,912 - DEBUG - 0 contig(s) binned in the iteration
2022-02-10 02:27:50,912 - DEBUG - Iteration 33: 3 contig(s) with seed marker genes
2022-02-10 02:27:50,912 - DEBUG - 3 contig(s) to bin in the iteration
2022-02-10 02:27:50,913 - DEBUG - 0 contig(s) binned in the iteration
2022-02-10 02:27:50,913 - DEBUG - Iteration 34: 3 contig(s) with seed marker genes
2022-02-10 02:27:50,913 - DEBUG - 3 contig(s) to bin in the iteration
2022-02-10 02:27:50,914 - DEBUG - 0 contig(s) binned in the iteration
2022-02-10 02:27:50,914 - DEBUG - Iteration 35: 3 contig(s) with seed marker genes
2022-02-10 02:27:50,914 - DEBUG - 3 contig(s) to bin in the iteration
2022-02-10 02:27:50,915 - DEBUG - 0 contig(s) binned in the iteration
2022-02-10 02:27:50,915 - DEBUG - Iteration 36: 3 contig(s) with seed marker genes
2022-02-10 02:27:50,915 - DEBUG - 3 contig(s) to bin in the iteration
2022-02-10 02:27:50,916 - DEBUG - 0 contig(s) binned in the iteration
2022-02-10 02:27:50,916 - DEBUG - Iteration 37: 3 contig(s) with seed marker genes
2022-02-10 02:27:50,916 - DEBUG - 0 contig(s) to bin in the iteration
2022-02-10 02:27:50,916 - DEBUG - 0 contig(s) binned in the iteration
2022-02-10 02:27:50,916 - DEBUG - Iteration 38: 3 contig(s) with seed marker genes
2022-02-10 02:27:50,916 - DEBUG - 0 contig(s) to bin in the iteration
2022-02-10 02:27:50,916 - DEBUG - 0 contig(s) binned in the iteration
2022-02-10 02:27:50,916 - DEBUG - Iteration 39: 3 contig(s) with seed marker genes
2022-02-10 02:27:50,916 - DEBUG - 0 contig(s) to bin in the iteration
2022-02-10 02:27:50,916 - DEBUG - 0 contig(s) binned in the iteration
2022-02-10 02:27:50,916 - DEBUG - Iteration 40: 3 contig(s) with seed marker genes
2022-02-10 02:27:50,916 - DEBUG - 0 contig(s) to bin in the iteration
2022-02-10 02:27:50,916 - DEBUG - 0 contig(s) binned in the iteration
2022-02-10 02:27:50,916 - DEBUG - Iteration 41: 3 contig(s) with seed marker genes
2022-02-10 02:27:50,916 - DEBUG - 0 contig(s) to bin in the iteration
2022-02-10 02:27:50,916 - DEBUG - 0 contig(s) binned in the iteration
2022-02-10 02:27:50,916 - DEBUG - Iteration 42: 3 contig(s) with seed marker genes
2022-02-10 02:27:50,916 - DEBUG - 2 contig(s) to bin in the iteration
2022-02-10 02:27:50,917 - DEBUG - 1 contig(s) binned in the iteration
2022-02-10 02:27:50,917 - DEBUG - Iteration 43: 3 contig(s) with seed marker genes
2022-02-10 02:27:50,917 - DEBUG - 1 contig(s) to bin in the iteration
2022-02-10 02:27:50,917 - DEBUG - 0 contig(s) binned in the iteration
2022-02-10 02:27:50,917 - DEBUG - Iteration 44: 3 contig(s) with seed marker genes
2022-02-10 02:27:50,917 - DEBUG - 2 contig(s) to bin in the iteration
2022-02-10 02:27:50,918 - DEBUG - 1 contig(s) binned in the iteration
2022-02-10 02:27:50,918 - DEBUG - Iteration 45: 3 contig(s) with seed marker genes
2022-02-10 02:27:50,918 - DEBUG - 1 contig(s) to bin in the iteration
2022-02-10 02:27:50,919 - DEBUG - 0 contig(s) binned in the iteration
2022-02-10 02:27:50,919 - DEBUG - Iteration 46: 3 contig(s) with seed marker genes
2022-02-10 02:27:50,919 - DEBUG - 1 contig(s) to bin in the iteration
2022-02-10 02:27:50,919 - DEBUG - 0 contig(s) binned in the iteration
2022-02-10 02:27:50,919 - DEBUG - Iteration 47: 3 contig(s) with seed marker genes
2022-02-10 02:27:50,919 - DEBUG - 1 contig(s) to bin in the iteration
2022-02-10 02:27:50,920 - DEBUG - 0 contig(s) binned in the iteration
2022-02-10 02:27:50,920 - DEBUG - Iteration 48: 3 contig(s) with seed marker genes
2022-02-10 02:27:50,920 - DEBUG - 1 contig(s) to bin in the iteration
2022-02-10 02:27:50,920 - DEBUG - 0 contig(s) binned in the iteration
2022-02-10 02:27:50,920 - DEBUG - Iteration 49: 3 contig(s) with seed marker genes
2022-02-10 02:27:50,920 - DEBUG - 1 contig(s) to bin in the iteration
2022-02-10 02:27:50,921 - DEBUG - 0 contig(s) binned in the iteration
2022-02-10 02:27:50,921 - DEBUG - Iteration 50: 3 contig(s) with seed marker genes
2022-02-10 02:27:50,921 - DEBUG - 1 contig(s) to bin in the iteration
2022-02-10 02:27:50,921 - DEBUG - 0 contig(s) binned in the iteration
2022-02-10 02:27:50,921 - DEBUG - Iteration 51: 3 contig(s) with seed marker genes
2022-02-10 02:27:50,921 - DEBUG - 1 contig(s) to bin in the iteration
2022-02-10 02:27:50,922 - DEBUG - 0 contig(s) binned in the iteration
2022-02-10 02:27:50,922 - DEBUG - Iteration 52: 3 contig(s) with seed marker genes
2022-02-10 02:27:50,922 - DEBUG - 2 contig(s) to bin in the iteration
2022-02-10 02:27:50,923 - DEBUG - 1 contig(s) binned in the iteration
2022-02-10 02:27:50,923 - DEBUG - Iteration 53: 3 contig(s) with seed marker genes
2022-02-10 02:27:50,923 - DEBUG - 2 contig(s) to bin in the iteration
2022-02-10 02:27:50,924 - DEBUG - 1 contig(s) binned in the iteration
2022-02-10 02:27:50,924 - DEBUG - Iteration 54: 3 contig(s) with seed marker genes
2022-02-10 02:27:50,924 - DEBUG - 2 contig(s) to bin in the iteration
2022-02-10 02:27:50,925 - DEBUG - 1 contig(s) binned in the iteration
2022-02-10 02:27:50,925 - DEBUG - Iteration 55: 3 contig(s) with seed marker genes
2022-02-10 02:27:50,925 - DEBUG - 1 contig(s) to bin in the iteration
2022-02-10 02:27:50,925 - DEBUG - 0 contig(s) binned in the iteration
2022-02-10 02:27:50,925 - DEBUG - Iteration 56: 3 contig(s) with seed marker genes
2022-02-10 02:27:50,925 - DEBUG - 1 contig(s) to bin in the iteration
2022-02-10 02:27:50,926 - DEBUG - 0 contig(s) binned in the iteration
2022-02-10 02:27:50,926 - DEBUG - Iteration 57: 3 contig(s) with seed marker genes
2022-02-10 02:27:50,926 - DEBUG - 1 contig(s) to bin in the iteration
2022-02-10 02:27:50,926 - DEBUG - 0 contig(s) binned in the iteration
2022-02-10 02:27:50,926 - DEBUG - Iteration 58: 3 contig(s) with seed marker genes
2022-02-10 02:27:50,926 - DEBUG - 1 contig(s) to bin in the iteration
2022-02-10 02:27:50,927 - DEBUG - 0 contig(s) binned in the iteration
2022-02-10 02:27:50,927 - DEBUG - Iteration 59: 3 contig(s) with seed marker genes
2022-02-10 02:27:50,927 - DEBUG - 2 contig(s) to bin in the iteration
2022-02-10 02:27:50,928 - DEBUG - 0 contig(s) binned in the iteration
2022-02-10 02:27:50,928 - DEBUG - Iteration 60: 3 contig(s) with seed marker genes
2022-02-10 02:27:50,928 - DEBUG - 1 contig(s) to bin in the iteration
2022-02-10 02:27:50,929 - DEBUG - 0 contig(s) binned in the iteration
2022-02-10 02:27:50,929 - DEBUG - Iteration 61: 3 contig(s) with seed marker genes
2022-02-10 02:27:50,929 - DEBUG - 2 contig(s) to bin in the iteration
2022-02-10 02:27:50,929 - DEBUG - 0 contig(s) binned in the iteration
2022-02-10 02:27:50,929 - DEBUG - Iteration 62: 3 contig(s) with seed marker genes
2022-02-10 02:27:50,929 - DEBUG - 2 contig(s) to bin in the iteration
2022-02-10 02:27:50,930 - DEBUG - 0 contig(s) binned in the iteration
2022-02-10 02:27:50,930 - DEBUG - Iteration 63: 3 contig(s) with seed marker genes
2022-02-10 02:27:50,930 - DEBUG - 1 contig(s) to bin in the iteration
2022-02-10 02:27:50,931 - DEBUG - Creating new bin...
2022-02-10 02:27:50,931 - DEBUG - New bin has contig 608 to bin 11 weight=6.095420386992134
2022-02-10 02:27:50,931 - DEBUG - 1 contig(s) binned in the iteration
2022-02-10 02:27:50,931 - DEBUG - Iteration 64: 3 contig(s) with seed marker genes
2022-02-10 02:27:50,931 - DEBUG - 2 contig(s) to bin in the iteration
2022-02-10 02:27:50,932 - DEBUG - Creating new bin...
2022-02-10 02:27:50,932 - DEBUG - New bin has contig 50 to bin 12 weight=6.18945838482734
2022-02-10 02:27:50,932 - DEBUG - 1 contig(s) binned in the iteration
2022-02-10 02:27:50,932 - DEBUG - Iteration 65: 3 contig(s) with seed marker genes
2022-02-10 02:27:50,932 - DEBUG - 2 contig(s) to bin in the iteration
2022-02-10 02:27:50,933 - DEBUG - 0 contig(s) binned in the iteration
2022-02-10 02:27:50,933 - DEBUG - Iteration 66: 3 contig(s) with seed marker genes
2022-02-10 02:27:50,933 - DEBUG - 2 contig(s) to bin in the iteration
2022-02-10 02:27:50,934 - DEBUG - 0 contig(s) binned in the iteration
2022-02-10 02:27:50,934 - DEBUG - Iteration 67: 3 contig(s) with seed marker genes
2022-02-10 02:27:50,934 - DEBUG - 3 contig(s) to bin in the iteration
2022-02-10 02:27:50,935 - DEBUG - 0 contig(s) binned in the iteration
2022-02-10 02:27:50,935 - DEBUG - Iteration 68: 3 contig(s) with seed marker genes
2022-02-10 02:27:50,935 - DEBUG - 2 contig(s) to bin in the iteration
2022-02-10 02:27:50,936 - DEBUG - 1 contig(s) binned in the iteration
2022-02-10 02:27:50,936 - DEBUG - Iteration 69: 3 contig(s) with seed marker genes
2022-02-10 02:27:50,936 - DEBUG - 3 contig(s) to bin in the iteration
2022-02-10 02:27:50,938 - DEBUG - 0 contig(s) binned in the iteration
2022-02-10 02:27:50,938 - DEBUG - Iteration 70: 3 contig(s) with seed marker genes
2022-02-10 02:27:50,938 - DEBUG - 3 contig(s) to bin in the iteration
2022-02-10 02:27:50,939 - DEBUG - 0 contig(s) binned in the iteration
2022-02-10 02:27:50,939 - DEBUG - Iteration 71: 3 contig(s) with seed marker genes
2022-02-10 02:27:50,939 - DEBUG - 3 contig(s) to bin in the iteration
2022-02-10 02:27:50,940 - DEBUG - 0 contig(s) binned in the iteration
2022-02-10 02:27:50,940 - DEBUG - Iteration 72: 3 contig(s) with seed marker genes
2022-02-10 02:27:50,940 - DEBUG - 3 contig(s) to bin in the iteration
2022-02-10 02:27:50,942 - DEBUG - 0 contig(s) binned in the iteration
2022-02-10 02:27:50,942 - DEBUG - Iteration 73: 3 contig(s) with seed marker genes
2022-02-10 02:27:50,942 - DEBUG - 3 contig(s) to bin in the iteration
2022-02-10 02:27:50,943 - DEBUG - 0 contig(s) binned in the iteration
2022-02-10 02:27:50,943 - DEBUG - Iteration 74: 3 contig(s) with seed marker genes
2022-02-10 02:27:50,943 - DEBUG - 2 contig(s) to bin in the iteration
2022-02-10 02:27:50,944 - DEBUG - 0 contig(s) binned in the iteration
2022-02-10 02:27:50,944 - DEBUG - Iteration 75: 3 contig(s) with seed marker genes
2022-02-10 02:27:50,944 - DEBUG - 2 contig(s) to bin in the iteration
2022-02-10 02:27:50,945 - DEBUG - 0 contig(s) binned in the iteration
2022-02-10 02:27:50,945 - DEBUG - Iteration 76: 3 contig(s) with seed marker genes
2022-02-10 02:27:50,945 - DEBUG - 1 contig(s) to bin in the iteration
2022-02-10 02:27:50,946 - DEBUG - 0 contig(s) binned in the iteration
2022-02-10 02:27:50,946 - DEBUG - Iteration 77: 3 contig(s) with seed marker genes
2022-02-10 02:27:50,946 - DEBUG - 3 contig(s) to bin in the iteration
2022-02-10 02:27:50,947 - DEBUG - 0 contig(s) binned in the iteration
2022-02-10 02:27:50,947 - DEBUG - Iteration 78: 3 contig(s) with seed marker genes
2022-02-10 02:27:50,947 - DEBUG - 2 contig(s) to bin in the iteration
2022-02-10 02:27:50,948 - DEBUG - 1 contig(s) binned in the iteration
2022-02-10 02:27:50,948 - DEBUG - Iteration 79: 3 contig(s) with seed marker genes
2022-02-10 02:27:50,949 - DEBUG - 2 contig(s) to bin in the iteration
2022-02-10 02:27:50,950 - DEBUG - 2 contig(s) binned in the iteration
2022-02-10 02:27:50,950 - DEBUG - Iteration 80: 3 contig(s) with seed marker genes
2022-02-10 02:27:50,950 - DEBUG - 2 contig(s) to bin in the iteration
2022-02-10 02:27:50,951 - DEBUG - 0 contig(s) binned in the iteration
2022-02-10 02:27:50,951 - DEBUG - Iteration 81: 3 contig(s) with seed marker genes
2022-02-10 02:27:50,951 - DEBUG - 2 contig(s) to bin in the iteration
2022-02-10 02:27:50,952 - DEBUG - 0 contig(s) binned in the iteration
2022-02-10 02:27:50,952 - DEBUG - Iteration 82: 3 contig(s) with seed marker genes
2022-02-10 02:27:50,952 - DEBUG - 3 contig(s) to bin in the iteration
2022-02-10 02:27:50,953 - DEBUG - 0 contig(s) binned in the iteration
2022-02-10 02:27:50,953 - DEBUG - Iteration 83: 3 contig(s) with seed marker genes
2022-02-10 02:27:50,953 - DEBUG - 3 contig(s) to bin in the iteration
2022-02-10 02:27:50,955 - DEBUG - 0 contig(s) binned in the iteration
2022-02-10 02:27:50,955 - DEBUG - Iteration 84: 3 contig(s) with seed marker genes
2022-02-10 02:27:50,955 - DEBUG - 1 contig(s) to bin in the iteration
2022-02-10 02:27:50,955 - DEBUG - 0 contig(s) binned in the iteration
2022-02-10 02:27:50,956 - DEBUG - Iteration 85: 3 contig(s) with seed marker genes
2022-02-10 02:27:50,956 - DEBUG - 1 contig(s) to bin in the iteration
2022-02-10 02:27:50,956 - DEBUG - 0 contig(s) binned in the iteration
2022-02-10 02:27:50,956 - DEBUG - Iteration 86: 3 contig(s) with seed marker genes
2022-02-10 02:27:50,956 - DEBUG - 1 contig(s) to bin in the iteration
2022-02-10 02:27:50,957 - DEBUG - 1 contig(s) binned in the iteration
2022-02-10 02:27:50,957 - DEBUG - Iteration 87: 3 contig(s) with seed marker genes
2022-02-10 02:27:50,957 - DEBUG - 0 contig(s) to bin in the iteration
2022-02-10 02:27:50,957 - DEBUG - 0 contig(s) binned in the iteration
2022-02-10 02:27:50,957 - DEBUG - Iteration 88: 3 contig(s) with seed marker genes
2022-02-10 02:27:50,957 - DEBUG - 1 contig(s) to bin in the iteration
2022-02-10 02:27:50,958 - DEBUG - 0 contig(s) binned in the iteration
2022-02-10 02:27:50,958 - DEBUG - Iteration 89: 3 contig(s) with seed marker genes
2022-02-10 02:27:50,958 - DEBUG - 2 contig(s) to bin in the iteration
2022-02-10 02:27:50,959 - DEBUG - 0 contig(s) binned in the iteration
2022-02-10 02:27:50,959 - DEBUG - Iteration 90: 3 contig(s) with seed marker genes
2022-02-10 02:27:50,959 - DEBUG - 2 contig(s) to bin in the iteration
2022-02-10 02:27:50,960 - DEBUG - 1 contig(s) binned in the iteration
2022-02-10 02:27:50,960 - DEBUG - Iteration 91: 3 contig(s) with seed marker genes
2022-02-10 02:27:50,960 - DEBUG - 2 contig(s) to bin in the iteration
2022-02-10 02:27:50,961 - DEBUG - 0 contig(s) binned in the iteration
2022-02-10 02:27:50,961 - DEBUG - Iteration 92: 3 contig(s) with seed marker genes
2022-02-10 02:27:50,961 - DEBUG - 2 contig(s) to bin in the iteration
2022-02-10 02:27:50,962 - DEBUG - 0 contig(s) binned in the iteration
2022-02-10 02:27:50,962 - DEBUG - Iteration 93: 3 contig(s) with seed marker genes
2022-02-10 02:27:50,962 - DEBUG - 2 contig(s) to bin in the iteration
2022-02-10 02:27:50,963 - DEBUG - 0 contig(s) binned in the iteration
2022-02-10 02:27:50,964 - DEBUG - Iteration 94: 2 contig(s) with seed marker genes
2022-02-10 02:27:50,964 - DEBUG - 1 contig(s) to bin in the iteration
2022-02-10 02:27:50,964 - DEBUG - 0 contig(s) binned in the iteration
2022-02-10 02:27:50,964 - DEBUG - Iteration 95: 2 contig(s) with seed marker genes
2022-02-10 02:27:50,964 - DEBUG - 1 contig(s) to bin in the iteration
2022-02-10 02:27:50,965 - DEBUG - 0 contig(s) binned in the iteration
2022-02-10 02:27:50,965 - DEBUG - Iteration 96: 2 contig(s) with seed marker genes
2022-02-10 02:27:50,965 - DEBUG - 1 contig(s) to bin in the iteration
2022-02-10 02:27:50,966 - DEBUG - 0 contig(s) binned in the iteration
2022-02-10 02:27:50,966 - DEBUG - Iteration 97: 2 contig(s) with seed marker genes
2022-02-10 02:27:50,966 - DEBUG - 1 contig(s) to bin in the iteration
2022-02-10 02:27:50,967 - DEBUG - 0 contig(s) binned in the iteration
2022-02-10 02:27:50,967 - DEBUG - Iteration 98: 2 contig(s) with seed marker genes
2022-02-10 02:27:50,967 - DEBUG - 1 contig(s) to bin in the iteration
2022-02-10 02:27:50,967 - DEBUG - 0 contig(s) binned in the iteration
2022-02-10 02:27:50,967 - DEBUG - Iteration 99: 2 contig(s) with seed marker genes
2022-02-10 02:27:50,967 - DEBUG - 1 contig(s) to bin in the iteration
2022-02-10 02:27:50,968 - DEBUG - 0 contig(s) binned in the iteration
2022-02-10 02:27:50,968 - DEBUG - Iteration 100: 2 contig(s) with seed marker genes
2022-02-10 02:27:50,968 - DEBUG - 2 contig(s) to bin in the iteration
2022-02-10 02:27:50,969 - DEBUG - 1 contig(s) binned in the iteration
2022-02-10 02:27:50,969 - DEBUG - Iteration 101: 2 contig(s) with seed marker genes
2022-02-10 02:27:50,969 - DEBUG - 2 contig(s) to bin in the iteration
2022-02-10 02:27:50,970 - DEBUG - Creating new bin...
2022-02-10 02:27:50,970 - DEBUG - New bin has contig 253 to bin 13 weight=8.08765616491646
2022-02-10 02:27:50,970 - DEBUG - 1 contig(s) binned in the iteration
2022-02-10 02:27:50,970 - DEBUG - Iteration 102: 2 contig(s) with seed marker genes
2022-02-10 02:27:50,970 - DEBUG - 1 contig(s) to bin in the iteration
2022-02-10 02:27:50,971 - DEBUG - 0 contig(s) binned in the iteration
2022-02-10 02:27:50,971 - DEBUG - Iteration 103: 2 contig(s) with seed marker genes
2022-02-10 02:27:50,971 - DEBUG - 1 contig(s) to bin in the iteration
2022-02-10 02:27:50,972 - DEBUG - 0 contig(s) binned in the iteration
2022-02-10 02:27:50,972 - DEBUG - Iteration 104: 2 contig(s) with seed marker genes
2022-02-10 02:27:50,972 - DEBUG - 2 contig(s) to bin in the iteration
2022-02-10 02:27:50,973 - DEBUG - 0 contig(s) binned in the iteration
2022-02-10 02:27:50,973 - DEBUG - Iteration 105: 2 contig(s) with seed marker genes
2022-02-10 02:27:50,973 - DEBUG - 2 contig(s) to bin in the iteration
2022-02-10 02:27:50,975 - DEBUG - 0 contig(s) binned in the iteration
2022-02-10 02:27:50,975 - DEBUG - Iteration 106: 2 contig(s) with seed marker genes
2022-02-10 02:27:50,975 - DEBUG - 2 contig(s) to bin in the iteration
2022-02-10 02:27:50,976 - DEBUG - 0 contig(s) binned in the iteration
2022-02-10 02:27:50,976 - DEBUG - Number of bins after matching: 13
2022-02-10 02:27:50,976 - DEBUG - Bins with contigs containing seed marker genes
2022-02-10 02:27:50,976 - DEBUG - 0: [0]
2022-02-10 02:27:50,976 - DEBUG - 1: [2, 12, 79, 56]
2022-02-10 02:27:50,976 - DEBUG - 2: [1]
2022-02-10 02:27:50,976 - DEBUG - 3: [141, 80, 57, 100, 71, 96, 46, 160, 48]
2022-02-10 02:27:50,976 - DEBUG - 4: [735]
2022-02-10 02:27:50,976 - DEBUG - 5: [544]
2022-02-10 02:27:50,976 - DEBUG - 6: [661]
2022-02-10 02:27:50,976 - DEBUG - 7: [221]
2022-02-10 02:27:50,976 - DEBUG - 8: [1114]
2022-02-10 02:27:50,976 - DEBUG - 9: [324, 97, 92]
2022-02-10 02:27:50,976 - DEBUG - 10: [608]
2022-02-10 02:27:50,976 - DEBUG - 11: [50, 123]
2022-02-10 02:27:50,976 - DEBUG - 12: [253]
2022-02-10 02:27:50,976 - DEBUG - Number of binned contigs with single-copy marker genes: 27
2022-02-10 02:27:50,991 - DEBUG - Number of unbinned contigs with single-copy marker genes: 53
2022-02-10 02:27:50,991 - INFO - Further assigning contigs with single-copy marker genes
2022-02-10 02:27:51,012 - DEBUG - Remaining number of unbinned MG seed contigs: 51
2022-02-10 02:27:51,012 - DEBUG - Number of binned contigs with single-copy marker genes: 29
2022-02-10 02:27:51,026 - DEBUG - Number of binned contigs: 29
2022-02-10 02:27:51,026 - DEBUG - Number of unbinned contigs: 5605
2022-02-10 02:27:51,026 - DEBUG - Number of binned contigs with markers: 29
2022-02-10 02:27:51,042 - DEBUG - Number of non-isolated contigs: 262
2022-02-10 02:27:51,042 - INFO - Propagating labels to connected vertices of unlabelled long contigs
2022-02-10 02:27:51,044 - DEBUG - Total number of binned contigs: 29
2022-02-10 02:27:51,072 - DEBUG - Total number of binned contigs: 34
2022-02-10 02:27:51,072 - DEBUG - Number of binned contigs: 34
2022-02-10 02:27:51,072 - DEBUG - Number of unbinned contigs: 5600
2022-02-10 02:27:51,072 - INFO - Further propagating labels to vertices of unlabelled long contigs
2022-02-10 02:27:51,426 - DEBUG - Total number of binned contigs: 1249
2022-02-10 02:27:51,427 - INFO - Further propagating labels to connected vertices of unlabelled long contigs
2022-02-10 02:27:51,549 - DEBUG - Total number of binned contigs: 1249
2022-02-10 02:27:51,549 - INFO - Elapsed time: 17.667800426483154 seconds
2022-02-10 02:27:51,550 - DEBUG - Bin 0: # contigs: 12, bin size: 2779894bp, # markers: 89
2022-02-10 02:27:51,550 - DEBUG - Bin 1: # contigs: 87, bin size: 4556781bp, # markers: 106
2022-02-10 02:27:51,550 - DEBUG - Bin 2: # contigs: 7, bin size: 1300681bp, # markers: 19
2022-02-10 02:27:51,550 - DEBUG - Bin 3: # contigs: 740, bin size: 2825476bp, # markers: 36
2022-02-10 02:27:51,550 - DEBUG - Bin 4: # contigs: 17, bin size: 24959bp, # markers: 2
2022-02-10 02:27:51,550 - DEBUG - Bin 5: # contigs: 88, bin size: 129196bp, # markers: 1
2022-02-10 02:27:51,550 - DEBUG - Bin 6: # contigs: 9, bin size: 12002bp, # markers: 1
2022-02-10 02:27:51,551 - DEBUG - Bin 7: # contigs: 98, bin size: 303595bp, # markers: 8
2022-02-10 02:27:51,551 - DEBUG - Bin 8: # contigs: 3, bin size: 3260bp, # markers: 2
2022-02-10 02:27:51,551 - DEBUG - Bin 9: # contigs: 146, bin size: 614403bp, # markers: 44
2022-02-10 02:27:51,551 - DEBUG - Bin 10: # contigs: 9, bin size: 13050bp, # markers: 1
2022-02-10 02:27:51,551 - DEBUG - Bin 11: # contigs: 25, bin size: 641355bp, # markers: 16
2022-02-10 02:27:51,552 - DEBUG - Bin 12: # contigs: 8, bin size: 15004bp, # markers: 15
2022-02-10 02:27:51,563 - INFO - Writing the Final Binning result to file
2022-02-10 02:27:51,649 - INFO - Producing 4 bins...
2022-02-10 02:27:51,649 - INFO - Final binning results can be found in ../binning/N4/bins/
2022-02-10 02:27:51,649 - INFO - Thank you for using MetaCoAG!
