/home/modesto/Applications/quast-5.1rc/quast-5.1.0rc1/metaquast.py -r refs/NC_000964.3.fna,refs/GCF_000005845.2_ASM584v2_genomic.fna,refs/Kocuria_rhizophila_ATCC_9341.fasta,refs/GCF_000006765.1_ASM676v1_genomic.fna -k -f --mgm --circos -t 32 -l NA, NA_2, Phi29+RP, Phi29+RP_2, PrimPol+Phi29, piPolB+D, piMDA, piMDA_2, piMDA+D, piMDA+D_2 spades_results/Ctrl/contigs.fasta spades_results/Ctrl2/contigs.fasta spades_results/N4/contigs.fasta spades_results/D3/contigs.fasta spades_results/C3/contigs.fasta spades_results/F2/contigs.fasta spades_results/N2/contigs.fasta spades_results/B2/contigs.fasta spades_results/N6/contigs.fasta spades_results/A2/contigs.fasta

Version: 5.1.0rc1, 6260eff0

System information:
  OS: Linux-5.13.0-30-generic-x86_64-with-glibc2.31 (linux_64)
  Python version: 3.9.7
  CPUs number: 32

Started: 2022-03-10 13:57:32

Logging to /home/modesto/data/freeDNA/quast_results/results_2022_03_10_13_57_32/metaquast.log

WARNING: Can't draw plots: python-matplotlib is missing or corrupted.

Reference(s):
  refs/NC_000964.3.fna ==> NC_000964.3
  refs/GCF_000005845.2_ASM584v2_genomic.fna ==> GCF_000005845.2_ASM584v2_genomic
  refs/Kocuria_rhizophila_ATCC_9341.fasta ==> Kocuria_rhizophila_ATCC_9341
  refs/GCF_000006765.1_ASM676v1_genomic.fna ==> GCF_000006765.1_ASM676v1_genomic
  All references were combined in combined_reference.fasta

Contigs:
  Pre-processing...
  1  spades_results/Ctrl/contigs.fasta ==> NA
  2  spades_results/Ctrl2/contigs.fasta ==> NA_2
  3  spades_results/N4/contigs.fasta ==> Phi29+RP
  4  spades_results/D3/contigs.fasta ==> Phi29+RP_2
  5  spades_results/C3/contigs.fasta ==> PrimPol+Phi29
  6  spades_results/F2/contigs.fasta ==> piPolB+D
  7  spades_results/N2/contigs.fasta ==> piMDA
  8  spades_results/B2/contigs.fasta ==> piMDA_2
  9  spades_results/N6/contigs.fasta ==> piMDA+D
  10 spades_results/A2/contigs.fasta ==> piMDA+D_2

Starting quast.py for the combined reference...
(logging to /home/modesto/data/freeDNA/quast_results/results_2022_03_10_13_57_32/combined_reference/quast.log)

Partitioning contigs into bins aligned to each reference..
  processing NA
  processing NA_2
  processing Phi29+RP
  processing Phi29+RP_2
  processing PrimPol+Phi29
  processing piPolB+D
  processing piMDA
  processing piMDA_2
  processing piMDA+D_2
  processing piMDA+D

Starting quast.py for the contigs aligned to NC_000964.3... (logging to /home/modesto/data/freeDNA/quast_results/results_2022_03_10_13_57_32/runs_per_reference/NC_000964.3/quast.log)

Starting quast.py for the contigs aligned to GCF_000005845.2_ASM584v2_genomic... (logging to /home/modesto/data/freeDNA/quast_results/results_2022_03_10_13_57_32/runs_per_reference/GCF_000005845.2_ASM584v2_genomic/quast.log)

Starting quast.py for the contigs aligned to Kocuria_rhizophila_ATCC_9341... (logging to /home/modesto/data/freeDNA/quast_results/results_2022_03_10_13_57_32/runs_per_reference/Kocuria_rhizophila_ATCC_9341/quast.log)

Starting quast.py for the contigs aligned to GCF_000006765.1_ASM676v1_genomic... (logging to /home/modesto/data/freeDNA/quast_results/results_2022_03_10_13_57_32/runs_per_reference/GCF_000006765.1_ASM676v1_genomic/quast.log)

Starting quast.py for the contigs not aligned anywhere... (logging to /home/modesto/data/freeDNA/quast_results/results_2022_03_10_13_57_32/not_aligned/quast.log)

2022-03-10 14:03:17
Summarizing results...

  Text versions of reports and plots for each metric (for all references and assemblies) are saved to /home/modesto/data/freeDNA/quast_results/results_2022_03_10_13_57_32/summary/
  Icarus (contig browser) is saved to /home/modesto/data/freeDNA/quast_results/results_2022_03_10_13_57_32/icarus.html
  Extended version of HTML-report (for all references and assemblies) is saved to /home/modesto/data/freeDNA/quast_results/results_2022_03_10_13_57_32/report.html

MetaQUAST finished.
  Log is saved to /home/modesto/data/freeDNA/quast_results/results_2022_03_10_13_57_32/metaquast.log

Finished: 2022-03-10 14:03:17
Elapsed time: 0:05:44.895373
Total NOTICEs: 8; WARNINGs: 6; non-fatal ERRORs: 0

Thank you for using QUAST!
