/home/modesto/Applications/quast-5.1rc/quast-5.1.0rc1/quast.py -k -f --mgm --circos -t 32 --mgm --min-identity 90.0 --colors #E31A1C,#1F78B4,#33A02C,#6A3D9A,#FF7F00,#800000,#A6CEE3,#B2DF8A,#333300,#CCCC00 --ls solid,solid,solid,solid,solid,solid,solid,solid,solid,solid --no-check-meta --contig-thresholds 1000,5000,10000,25000,50000 /home/modesto/data/freeDNA/quast_results/results_2022_03_10_13_57_32/quast_corrected_input/NA_to_GCF_000006765.1_ASM676v1_genomic.fasta /home/modesto/data/freeDNA/quast_results/results_2022_03_10_13_57_32/quast_corrected_input/NA_2_to_GCF_000006765.1_ASM676v1_genomic.fasta /home/modesto/data/freeDNA/quast_results/results_2022_03_10_13_57_32/quast_corrected_input/Phi29-RP_to_GCF_000006765.1_ASM676v1_genomic.fasta /home/modesto/data/freeDNA/quast_results/results_2022_03_10_13_57_32/quast_corrected_input/Phi29-RP_2_to_GCF_000006765.1_ASM676v1_genomic.fasta /home/modesto/data/freeDNA/quast_results/results_2022_03_10_13_57_32/quast_corrected_input/PrimPol-Phi29_to_GCF_000006765.1_ASM676v1_genomic.fasta /home/modesto/data/freeDNA/quast_results/results_2022_03_10_13_57_32/quast_corrected_input/piPolB-D_to_GCF_000006765.1_ASM676v1_genomic.fasta /home/modesto/data/freeDNA/quast_results/results_2022_03_10_13_57_32/quast_corrected_input/piMDA_to_GCF_000006765.1_ASM676v1_genomic.fasta /home/modesto/data/freeDNA/quast_results/results_2022_03_10_13_57_32/quast_corrected_input/piMDA_2_to_GCF_000006765.1_ASM676v1_genomic.fasta /home/modesto/data/freeDNA/quast_results/results_2022_03_10_13_57_32/quast_corrected_input/piMDA-D_to_GCF_000006765.1_ASM676v1_genomic.fasta /home/modesto/data/freeDNA/quast_results/results_2022_03_10_13_57_32/quast_corrected_input/piMDA-D_2_to_GCF_000006765.1_ASM676v1_genomic.fasta -R /home/modesto/data/freeDNA/quast_results/results_2022_03_10_13_57_32/quast_corrected_input/GCF_000006765.1_ASM676v1_genomic.fna -o /home/modesto/data/freeDNA/quast_results/results_2022_03_10_13_57_32/runs_per_reference/GCF_000006765.1_ASM676v1_genomic --labels "NA, NA_2, Phi29+RP, Phi29+RP_2, PrimPol+Phi29, piPolB+D, piMDA, piMDA_2, piMDA+D, piMDA+D_2"

Started: 2022-03-10 14:02:14

Logging to /home/modesto/data/freeDNA/quast_results/results_2022_03_10_13_57_32/runs_per_reference/GCF_000006765.1_ASM676v1_genomic/quast.log

CWD: /home/modesto/data/freeDNA
Main parameters: 
  MODE: meta, threads: 32, min contig length: 500, min alignment length: 65, min alignment IDY: 90.0, \
  ambiguity: one, threshold for extensive misassembly size: 1000

Reference:
  /home/modesto/data/freeDNA/quast_results/results_2022_03_10_13_57_32/quast_corrected_input/GCF_000006765.1_ASM676v1_genomic.fna ==> GCF_000006765.1_ASM676v1_genomic

Contigs:
  Pre-processing...
  1  /home/modesto/data/freeDNA/quast_results/results_2022_03_10_13_57_32/quast_corrected_input/NA_to_GCF_000006765.1_ASM676v1_genomic.fasta ==> NA
  2  /home/modesto/data/freeDNA/quast_results/results_2022_03_10_13_57_32/quast_corrected_input/NA_2_to_GCF_000006765.1_ASM676v1_genomic.fasta ==> NA_2
  3  /home/modesto/data/freeDNA/quast_results/results_2022_03_10_13_57_32/quast_corrected_input/Phi29-RP_to_GCF_000006765.1_ASM676v1_genomic.fasta ==> Phi29+RP
  4  /home/modesto/data/freeDNA/quast_results/results_2022_03_10_13_57_32/quast_corrected_input/Phi29-RP_2_to_GCF_000006765.1_ASM676v1_genomic.fasta ==> Phi29+RP_2
  5  /home/modesto/data/freeDNA/quast_results/results_2022_03_10_13_57_32/quast_corrected_input/PrimPol-Phi29_to_GCF_000006765.1_ASM676v1_genomic.fasta ==> PrimPol+Phi29
  6  /home/modesto/data/freeDNA/quast_results/results_2022_03_10_13_57_32/quast_corrected_input/piPolB-D_to_GCF_000006765.1_ASM676v1_genomic.fasta ==> piPolB+D
  7  /home/modesto/data/freeDNA/quast_results/results_2022_03_10_13_57_32/quast_corrected_input/piMDA_to_GCF_000006765.1_ASM676v1_genomic.fasta ==> piMDA
  8  /home/modesto/data/freeDNA/quast_results/results_2022_03_10_13_57_32/quast_corrected_input/piMDA_2_to_GCF_000006765.1_ASM676v1_genomic.fasta ==> piMDA_2
  9  /home/modesto/data/freeDNA/quast_results/results_2022_03_10_13_57_32/quast_corrected_input/piMDA-D_to_GCF_000006765.1_ASM676v1_genomic.fasta ==> piMDA+D
  10 /home/modesto/data/freeDNA/quast_results/results_2022_03_10_13_57_32/quast_corrected_input/piMDA-D_2_to_GCF_000006765.1_ASM676v1_genomic.fasta ==> piMDA+D_2

2022-03-10 14:02:14
Running Basic statistics processor...
  Reference genome:
    GCF_000006765.1_ASM676v1_genomic.fna, length = 6264404, num fragments = 1, GC % = 66.56
  Contig files: 
    1  NA
    2  NA_2
    3  Phi29+RP
    4  Phi29+RP_2
    5  PrimPol+Phi29
    6  piPolB+D
    7  piMDA
    8  piMDA_2
    9  piMDA+D
    10 piMDA+D_2
  Calculating N50 and L50...
    1  NA, N50 = 271299, L50 = 9, Total length = 6559585, GC % = 66.29, # N's per 100 kbp =  0.00
    2  NA_2, N50 = 320157, L50 = 8, Total length = 6559244, GC % = 66.29, # N's per 100 kbp =  0.00
    3  Phi29+RP, N50 = 5425, L50 = 153, Total length = 4571010, GC % = 65.40, # N's per 100 kbp =  0.00
    4  Phi29+RP_2, N50 = 103965, L50 = 18, Total length = 6454610, GC % = 66.32, # N's per 100 kbp =  0.00
    5  PrimPol+Phi29, N50 = 250423, L50 = 9, Total length = 6470701, GC % = 66.33, # N's per 100 kbp =  0.00
    6  piPolB+D, N50 = 164779, L50 = 13, Total length = 6469217, GC % = 66.37, # N's per 100 kbp =  0.00
    7  piMDA, N50 = 268827, L50 = 10, Total length = 6580888, GC % = 66.28, # N's per 100 kbp =  0.00
    8  piMDA_2, N50 = 212077, L50 = 10, Total length = 6571466, GC % = 66.29, # N's per 100 kbp =  0.00
    9  piMDA+D, N50 = 320156, L50 = 9, Total length = 6563700, GC % = 66.28, # N's per 100 kbp =  0.00
    10 piMDA+D_2, N50 = 320081, L50 = 9, Total length = 6554700, GC % = 66.28, # N's per 100 kbp =  0.00
Done.

2022-03-10 14:02:18
Running analysis based on unique 101-mers...
  Running KMC on reference...
/home/modesto/Applications/quast-5.1rc/quast-5.1.0rc1/quast_libs/kmc/kmc -t32 -hp \
-m31 -n128 -k101 -fm -cx1 -ci1 quast_results/results_2022_03_10_13_57_32/quast_corrected_input/GCF_000006765.1_ASM676v1_genomic.fna \
quast_results/results_2022_03_10_13_57_32/runs_per_reference/GCF_000006765.1_ASM676v1_genomic/k_mer_stats/tmp/GCF_000006765.1_ASM676v1_genomic.fna.kmc \
quast_results/results_2022_03_10_13_57_32/runs_per_reference/GCF_000006765.1_ASM676v1_genomic/k_mer_stats/tmp \
>> quast_results/results_2022_03_10_13_57_32/runs_per_reference/GCF_000006765.1_ASM676v1_genomic/k_mer_stats/kmc.log \
2>> quast_results/results_2022_03_10_13_57_32/runs_per_reference/GCF_000006765.1_ASM676v1_genomic/k_mer_stats/kmc.err
/home/modesto/Applications/quast-5.1rc/quast-5.1.0rc1/quast_libs/kmc/kmc_tools -t32 \
-hp histogram quast_results/results_2022_03_10_13_57_32/runs_per_reference/GCF_000006765.1_ASM676v1_genomic/k_mer_stats/tmp/GCF_000006765.1_ASM676v1_genomic.fna.kmc \
quast_results/results_2022_03_10_13_57_32/runs_per_reference/GCF_000006765.1_ASM676v1_genomic/k_mer_stats/tmp/GCF_000006765.1_ASM676v1_genomic.fna.kmc.histo.txt \
>> quast_results/results_2022_03_10_13_57_32/runs_per_reference/GCF_000006765.1_ASM676v1_genomic/k_mer_stats/kmc.log \
2>> quast_results/results_2022_03_10_13_57_32/runs_per_reference/GCF_000006765.1_ASM676v1_genomic/k_mer_stats/kmc.err
  Analyzing assemblies completeness...
    1  NA
/home/modesto/Applications/quast-5.1rc/quast-5.1.0rc1/quast_libs/kmc/kmc -t32 -hp \
-m31 -n128 -k101 -fm -cx1 -ci1 quast_results/results_2022_03_10_13_57_32/quast_corrected_input/NA_to_GCF_000006765.1_ASM676v1_genomic.fasta \
quast_results/results_2022_03_10_13_57_32/runs_per_reference/GCF_000006765.1_ASM676v1_genomic/k_mer_stats/tmp/NA_to_GCF_000006765.1_ASM676v1_genomic.fasta.kmc \
quast_results/results_2022_03_10_13_57_32/runs_per_reference/GCF_000006765.1_ASM676v1_genomic/k_mer_stats/tmp \
>> quast_results/results_2022_03_10_13_57_32/runs_per_reference/GCF_000006765.1_ASM676v1_genomic/k_mer_stats/kmc.log \
2>> quast_results/results_2022_03_10_13_57_32/runs_per_reference/GCF_000006765.1_ASM676v1_genomic/k_mer_stats/kmc.err
/home/modesto/Applications/quast-5.1rc/quast-5.1.0rc1/quast_libs/kmc/kmc_tools -t32 \
-hp simple quast_results/results_2022_03_10_13_57_32/runs_per_reference/GCF_000006765.1_ASM676v1_genomic/k_mer_stats/tmp/GCF_000006765.1_ASM676v1_genomic.fna.kmc \
quast_results/results_2022_03_10_13_57_32/runs_per_reference/GCF_000006765.1_ASM676v1_genomic/k_mer_stats/tmp/NA_to_GCF_000006765.1_ASM676v1_genomic.fasta.kmc \
intersect quast_results/results_2022_03_10_13_57_32/runs_per_reference/GCF_000006765.1_ASM676v1_genomic/k_mer_stats/tmp/GCF_000006765.1_ASM676v1_genom_NA_to_GCF_000006765.1_ASM676v1.kmc \
>> quast_results/results_2022_03_10_13_57_32/runs_per_reference/GCF_000006765.1_ASM676v1_genomic/k_mer_stats/kmc.log \
2>> quast_results/results_2022_03_10_13_57_32/runs_per_reference/GCF_000006765.1_ASM676v1_genomic/k_mer_stats/kmc.err
/home/modesto/Applications/quast-5.1rc/quast-5.1.0rc1/quast_libs/kmc/kmc_tools -t32 \
-hp histogram quast_results/results_2022_03_10_13_57_32/runs_per_reference/GCF_000006765.1_ASM676v1_genomic/k_mer_stats/tmp/GCF_000006765.1_ASM676v1_genom_NA_to_GCF_000006765.1_ASM676v1.kmc \
quast_results/results_2022_03_10_13_57_32/runs_per_reference/GCF_000006765.1_ASM676v1_genomic/k_mer_stats/tmp/GCF_000006765.1_ASM676v1_genom_NA_to_GCF_000006765.1_ASM676v1.kmc.histo.txt \
>> quast_results/results_2022_03_10_13_57_32/runs_per_reference/GCF_000006765.1_ASM676v1_genomic/k_mer_stats/kmc.log \
2>> quast_results/results_2022_03_10_13_57_32/runs_per_reference/GCF_000006765.1_ASM676v1_genomic/k_mer_stats/kmc.err
    2  NA_2
/home/modesto/Applications/quast-5.1rc/quast-5.1.0rc1/quast_libs/kmc/kmc -t32 -hp \
-m31 -n128 -k101 -fm -cx1 -ci1 quast_results/results_2022_03_10_13_57_32/quast_corrected_input/NA_2_to_GCF_000006765.1_ASM676v1_genomic.fasta \
quast_results/results_2022_03_10_13_57_32/runs_per_reference/GCF_000006765.1_ASM676v1_genomic/k_mer_stats/tmp/NA_2_to_GCF_000006765.1_ASM676v1_genomic.fasta.kmc \
quast_results/results_2022_03_10_13_57_32/runs_per_reference/GCF_000006765.1_ASM676v1_genomic/k_mer_stats/tmp \
>> quast_results/results_2022_03_10_13_57_32/runs_per_reference/GCF_000006765.1_ASM676v1_genomic/k_mer_stats/kmc.log \
2>> quast_results/results_2022_03_10_13_57_32/runs_per_reference/GCF_000006765.1_ASM676v1_genomic/k_mer_stats/kmc.err
/home/modesto/Applications/quast-5.1rc/quast-5.1.0rc1/quast_libs/kmc/kmc_tools -t32 \
-hp simple quast_results/results_2022_03_10_13_57_32/runs_per_reference/GCF_000006765.1_ASM676v1_genomic/k_mer_stats/tmp/GCF_000006765.1_ASM676v1_genomic.fna.kmc \
quast_results/results_2022_03_10_13_57_32/runs_per_reference/GCF_000006765.1_ASM676v1_genomic/k_mer_stats/tmp/NA_2_to_GCF_000006765.1_ASM676v1_genomic.fasta.kmc \
intersect quast_results/results_2022_03_10_13_57_32/runs_per_reference/GCF_000006765.1_ASM676v1_genomic/k_mer_stats/tmp/GCF_000006765.1_ASM676v1_genom_NA_2_to_GCF_000006765.1_ASM676.kmc \
>> quast_results/results_2022_03_10_13_57_32/runs_per_reference/GCF_000006765.1_ASM676v1_genomic/k_mer_stats/kmc.log \
2>> quast_results/results_2022_03_10_13_57_32/runs_per_reference/GCF_000006765.1_ASM676v1_genomic/k_mer_stats/kmc.err
/home/modesto/Applications/quast-5.1rc/quast-5.1.0rc1/quast_libs/kmc/kmc_tools -t32 \
-hp histogram quast_results/results_2022_03_10_13_57_32/runs_per_reference/GCF_000006765.1_ASM676v1_genomic/k_mer_stats/tmp/GCF_000006765.1_ASM676v1_genom_NA_2_to_GCF_000006765.1_ASM676.kmc \
quast_results/results_2022_03_10_13_57_32/runs_per_reference/GCF_000006765.1_ASM676v1_genomic/k_mer_stats/tmp/GCF_000006765.1_ASM676v1_genom_NA_2_to_GCF_000006765.1_ASM676.kmc.histo.txt \
>> quast_results/results_2022_03_10_13_57_32/runs_per_reference/GCF_000006765.1_ASM676v1_genomic/k_mer_stats/kmc.log \
2>> quast_results/results_2022_03_10_13_57_32/runs_per_reference/GCF_000006765.1_ASM676v1_genomic/k_mer_stats/kmc.err
    3  Phi29+RP
/home/modesto/Applications/quast-5.1rc/quast-5.1.0rc1/quast_libs/kmc/kmc -t32 -hp \
-m31 -n128 -k101 -fm -cx1 -ci1 quast_results/results_2022_03_10_13_57_32/quast_corrected_input/Phi29-RP_to_GCF_000006765.1_ASM676v1_genomic.fasta \
quast_results/results_2022_03_10_13_57_32/runs_per_reference/GCF_000006765.1_ASM676v1_genomic/k_mer_stats/tmp/Phi29-RP_to_GCF_000006765.1_ASM676v1_genomic.fasta.kmc \
quast_results/results_2022_03_10_13_57_32/runs_per_reference/GCF_000006765.1_ASM676v1_genomic/k_mer_stats/tmp \
>> quast_results/results_2022_03_10_13_57_32/runs_per_reference/GCF_000006765.1_ASM676v1_genomic/k_mer_stats/kmc.log \
2>> quast_results/results_2022_03_10_13_57_32/runs_per_reference/GCF_000006765.1_ASM676v1_genomic/k_mer_stats/kmc.err
/home/modesto/Applications/quast-5.1rc/quast-5.1.0rc1/quast_libs/kmc/kmc_tools -t32 \
-hp simple quast_results/results_2022_03_10_13_57_32/runs_per_reference/GCF_000006765.1_ASM676v1_genomic/k_mer_stats/tmp/GCF_000006765.1_ASM676v1_genomic.fna.kmc \
quast_results/results_2022_03_10_13_57_32/runs_per_reference/GCF_000006765.1_ASM676v1_genomic/k_mer_stats/tmp/Phi29-RP_to_GCF_000006765.1_ASM676v1_genomic.fasta.kmc \
intersect quast_results/results_2022_03_10_13_57_32/runs_per_reference/GCF_000006765.1_ASM676v1_genomic/k_mer_stats/tmp/GCF_000006765.1_ASM676v1_genom_Phi29-RP_to_GCF_000006765.1_AS.kmc \
>> quast_results/results_2022_03_10_13_57_32/runs_per_reference/GCF_000006765.1_ASM676v1_genomic/k_mer_stats/kmc.log \
2>> quast_results/results_2022_03_10_13_57_32/runs_per_reference/GCF_000006765.1_ASM676v1_genomic/k_mer_stats/kmc.err
/home/modesto/Applications/quast-5.1rc/quast-5.1.0rc1/quast_libs/kmc/kmc_tools -t32 \
-hp histogram quast_results/results_2022_03_10_13_57_32/runs_per_reference/GCF_000006765.1_ASM676v1_genomic/k_mer_stats/tmp/GCF_000006765.1_ASM676v1_genom_Phi29-RP_to_GCF_000006765.1_AS.kmc \
quast_results/results_2022_03_10_13_57_32/runs_per_reference/GCF_000006765.1_ASM676v1_genomic/k_mer_stats/tmp/GCF_000006765.1_ASM676v1_genom_Phi29-RP_to_GCF_000006765.1_AS.kmc.histo.txt \
>> quast_results/results_2022_03_10_13_57_32/runs_per_reference/GCF_000006765.1_ASM676v1_genomic/k_mer_stats/kmc.log \
2>> quast_results/results_2022_03_10_13_57_32/runs_per_reference/GCF_000006765.1_ASM676v1_genomic/k_mer_stats/kmc.err
    4  Phi29+RP_2
/home/modesto/Applications/quast-5.1rc/quast-5.1.0rc1/quast_libs/kmc/kmc -t32 -hp \
-m31 -n128 -k101 -fm -cx1 -ci1 quast_results/results_2022_03_10_13_57_32/quast_corrected_input/Phi29-RP_2_to_GCF_000006765.1_ASM676v1_genomic.fasta \
quast_results/results_2022_03_10_13_57_32/runs_per_reference/GCF_000006765.1_ASM676v1_genomic/k_mer_stats/tmp/Phi29-RP_2_to_GCF_000006765.1_ASM676v1_genomic.fasta.kmc \
quast_results/results_2022_03_10_13_57_32/runs_per_reference/GCF_000006765.1_ASM676v1_genomic/k_mer_stats/tmp \
>> quast_results/results_2022_03_10_13_57_32/runs_per_reference/GCF_000006765.1_ASM676v1_genomic/k_mer_stats/kmc.log \
2>> quast_results/results_2022_03_10_13_57_32/runs_per_reference/GCF_000006765.1_ASM676v1_genomic/k_mer_stats/kmc.err
/home/modesto/Applications/quast-5.1rc/quast-5.1.0rc1/quast_libs/kmc/kmc_tools -t32 \
-hp simple quast_results/results_2022_03_10_13_57_32/runs_per_reference/GCF_000006765.1_ASM676v1_genomic/k_mer_stats/tmp/GCF_000006765.1_ASM676v1_genomic.fna.kmc \
quast_results/results_2022_03_10_13_57_32/runs_per_reference/GCF_000006765.1_ASM676v1_genomic/k_mer_stats/tmp/Phi29-RP_2_to_GCF_000006765.1_ASM676v1_genomic.fasta.kmc \
intersect quast_results/results_2022_03_10_13_57_32/runs_per_reference/GCF_000006765.1_ASM676v1_genomic/k_mer_stats/tmp/GCF_000006765.1_ASM676v1_genom_Phi29-RP_2_to_GCF_000006765.1_.kmc \
>> quast_results/results_2022_03_10_13_57_32/runs_per_reference/GCF_000006765.1_ASM676v1_genomic/k_mer_stats/kmc.log \
2>> quast_results/results_2022_03_10_13_57_32/runs_per_reference/GCF_000006765.1_ASM676v1_genomic/k_mer_stats/kmc.err
/home/modesto/Applications/quast-5.1rc/quast-5.1.0rc1/quast_libs/kmc/kmc_tools -t32 \
-hp histogram quast_results/results_2022_03_10_13_57_32/runs_per_reference/GCF_000006765.1_ASM676v1_genomic/k_mer_stats/tmp/GCF_000006765.1_ASM676v1_genom_Phi29-RP_2_to_GCF_000006765.1_.kmc \
quast_results/results_2022_03_10_13_57_32/runs_per_reference/GCF_000006765.1_ASM676v1_genomic/k_mer_stats/tmp/GCF_000006765.1_ASM676v1_genom_Phi29-RP_2_to_GCF_000006765.1_.kmc.histo.txt \
>> quast_results/results_2022_03_10_13_57_32/runs_per_reference/GCF_000006765.1_ASM676v1_genomic/k_mer_stats/kmc.log \
2>> quast_results/results_2022_03_10_13_57_32/runs_per_reference/GCF_000006765.1_ASM676v1_genomic/k_mer_stats/kmc.err
    5  PrimPol+Phi29
/home/modesto/Applications/quast-5.1rc/quast-5.1.0rc1/quast_libs/kmc/kmc -t32 -hp \
-m31 -n128 -k101 -fm -cx1 -ci1 quast_results/results_2022_03_10_13_57_32/quast_corrected_input/PrimPol-Phi29_to_GCF_000006765.1_ASM676v1_genomic.fasta \
quast_results/results_2022_03_10_13_57_32/runs_per_reference/GCF_000006765.1_ASM676v1_genomic/k_mer_stats/tmp/PrimPol-Phi29_to_GCF_000006765.1_ASM676v1_genomic.fasta.kmc \
quast_results/results_2022_03_10_13_57_32/runs_per_reference/GCF_000006765.1_ASM676v1_genomic/k_mer_stats/tmp \
>> quast_results/results_2022_03_10_13_57_32/runs_per_reference/GCF_000006765.1_ASM676v1_genomic/k_mer_stats/kmc.log \
2>> quast_results/results_2022_03_10_13_57_32/runs_per_reference/GCF_000006765.1_ASM676v1_genomic/k_mer_stats/kmc.err
/home/modesto/Applications/quast-5.1rc/quast-5.1.0rc1/quast_libs/kmc/kmc_tools -t32 \
-hp simple quast_results/results_2022_03_10_13_57_32/runs_per_reference/GCF_000006765.1_ASM676v1_genomic/k_mer_stats/tmp/GCF_000006765.1_ASM676v1_genomic.fna.kmc \
quast_results/results_2022_03_10_13_57_32/runs_per_reference/GCF_000006765.1_ASM676v1_genomic/k_mer_stats/tmp/PrimPol-Phi29_to_GCF_000006765.1_ASM676v1_genomic.fasta.kmc \
intersect quast_results/results_2022_03_10_13_57_32/runs_per_reference/GCF_000006765.1_ASM676v1_genomic/k_mer_stats/tmp/GCF_000006765.1_ASM676v1_genom_PrimPol-Phi29_to_GCF_000006765.kmc \
>> quast_results/results_2022_03_10_13_57_32/runs_per_reference/GCF_000006765.1_ASM676v1_genomic/k_mer_stats/kmc.log \
2>> quast_results/results_2022_03_10_13_57_32/runs_per_reference/GCF_000006765.1_ASM676v1_genomic/k_mer_stats/kmc.err
/home/modesto/Applications/quast-5.1rc/quast-5.1.0rc1/quast_libs/kmc/kmc_tools -t32 \
-hp histogram quast_results/results_2022_03_10_13_57_32/runs_per_reference/GCF_000006765.1_ASM676v1_genomic/k_mer_stats/tmp/GCF_000006765.1_ASM676v1_genom_PrimPol-Phi29_to_GCF_000006765.kmc \
quast_results/results_2022_03_10_13_57_32/runs_per_reference/GCF_000006765.1_ASM676v1_genomic/k_mer_stats/tmp/GCF_000006765.1_ASM676v1_genom_PrimPol-Phi29_to_GCF_000006765.kmc.histo.txt \
>> quast_results/results_2022_03_10_13_57_32/runs_per_reference/GCF_000006765.1_ASM676v1_genomic/k_mer_stats/kmc.log \
2>> quast_results/results_2022_03_10_13_57_32/runs_per_reference/GCF_000006765.1_ASM676v1_genomic/k_mer_stats/kmc.err
    6  piPolB+D
/home/modesto/Applications/quast-5.1rc/quast-5.1.0rc1/quast_libs/kmc/kmc -t32 -hp \
-m31 -n128 -k101 -fm -cx1 -ci1 quast_results/results_2022_03_10_13_57_32/quast_corrected_input/piPolB-D_to_GCF_000006765.1_ASM676v1_genomic.fasta \
quast_results/results_2022_03_10_13_57_32/runs_per_reference/GCF_000006765.1_ASM676v1_genomic/k_mer_stats/tmp/piPolB-D_to_GCF_000006765.1_ASM676v1_genomic.fasta.kmc \
quast_results/results_2022_03_10_13_57_32/runs_per_reference/GCF_000006765.1_ASM676v1_genomic/k_mer_stats/tmp \
>> quast_results/results_2022_03_10_13_57_32/runs_per_reference/GCF_000006765.1_ASM676v1_genomic/k_mer_stats/kmc.log \
2>> quast_results/results_2022_03_10_13_57_32/runs_per_reference/GCF_000006765.1_ASM676v1_genomic/k_mer_stats/kmc.err
/home/modesto/Applications/quast-5.1rc/quast-5.1.0rc1/quast_libs/kmc/kmc_tools -t32 \
-hp simple quast_results/results_2022_03_10_13_57_32/runs_per_reference/GCF_000006765.1_ASM676v1_genomic/k_mer_stats/tmp/GCF_000006765.1_ASM676v1_genomic.fna.kmc \
quast_results/results_2022_03_10_13_57_32/runs_per_reference/GCF_000006765.1_ASM676v1_genomic/k_mer_stats/tmp/piPolB-D_to_GCF_000006765.1_ASM676v1_genomic.fasta.kmc \
intersect quast_results/results_2022_03_10_13_57_32/runs_per_reference/GCF_000006765.1_ASM676v1_genomic/k_mer_stats/tmp/GCF_000006765.1_ASM676v1_genom_piPolB-D_to_GCF_000006765.1_AS.kmc \
>> quast_results/results_2022_03_10_13_57_32/runs_per_reference/GCF_000006765.1_ASM676v1_genomic/k_mer_stats/kmc.log \
2>> quast_results/results_2022_03_10_13_57_32/runs_per_reference/GCF_000006765.1_ASM676v1_genomic/k_mer_stats/kmc.err
/home/modesto/Applications/quast-5.1rc/quast-5.1.0rc1/quast_libs/kmc/kmc_tools -t32 \
-hp histogram quast_results/results_2022_03_10_13_57_32/runs_per_reference/GCF_000006765.1_ASM676v1_genomic/k_mer_stats/tmp/GCF_000006765.1_ASM676v1_genom_piPolB-D_to_GCF_000006765.1_AS.kmc \
quast_results/results_2022_03_10_13_57_32/runs_per_reference/GCF_000006765.1_ASM676v1_genomic/k_mer_stats/tmp/GCF_000006765.1_ASM676v1_genom_piPolB-D_to_GCF_000006765.1_AS.kmc.histo.txt \
>> quast_results/results_2022_03_10_13_57_32/runs_per_reference/GCF_000006765.1_ASM676v1_genomic/k_mer_stats/kmc.log \
2>> quast_results/results_2022_03_10_13_57_32/runs_per_reference/GCF_000006765.1_ASM676v1_genomic/k_mer_stats/kmc.err
    7  piMDA
/home/modesto/Applications/quast-5.1rc/quast-5.1.0rc1/quast_libs/kmc/kmc -t32 -hp \
-m31 -n128 -k101 -fm -cx1 -ci1 quast_results/results_2022_03_10_13_57_32/quast_corrected_input/piMDA_to_GCF_000006765.1_ASM676v1_genomic.fasta \
quast_results/results_2022_03_10_13_57_32/runs_per_reference/GCF_000006765.1_ASM676v1_genomic/k_mer_stats/tmp/piMDA_to_GCF_000006765.1_ASM676v1_genomic.fasta.kmc \
quast_results/results_2022_03_10_13_57_32/runs_per_reference/GCF_000006765.1_ASM676v1_genomic/k_mer_stats/tmp \
>> quast_results/results_2022_03_10_13_57_32/runs_per_reference/GCF_000006765.1_ASM676v1_genomic/k_mer_stats/kmc.log \
2>> quast_results/results_2022_03_10_13_57_32/runs_per_reference/GCF_000006765.1_ASM676v1_genomic/k_mer_stats/kmc.err
/home/modesto/Applications/quast-5.1rc/quast-5.1.0rc1/quast_libs/kmc/kmc_tools -t32 \
-hp simple quast_results/results_2022_03_10_13_57_32/runs_per_reference/GCF_000006765.1_ASM676v1_genomic/k_mer_stats/tmp/GCF_000006765.1_ASM676v1_genomic.fna.kmc \
quast_results/results_2022_03_10_13_57_32/runs_per_reference/GCF_000006765.1_ASM676v1_genomic/k_mer_stats/tmp/piMDA_to_GCF_000006765.1_ASM676v1_genomic.fasta.kmc \
intersect quast_results/results_2022_03_10_13_57_32/runs_per_reference/GCF_000006765.1_ASM676v1_genomic/k_mer_stats/tmp/GCF_000006765.1_ASM676v1_genom_piMDA_to_GCF_000006765.1_ASM67.kmc \
>> quast_results/results_2022_03_10_13_57_32/runs_per_reference/GCF_000006765.1_ASM676v1_genomic/k_mer_stats/kmc.log \
2>> quast_results/results_2022_03_10_13_57_32/runs_per_reference/GCF_000006765.1_ASM676v1_genomic/k_mer_stats/kmc.err
/home/modesto/Applications/quast-5.1rc/quast-5.1.0rc1/quast_libs/kmc/kmc_tools -t32 \
-hp histogram quast_results/results_2022_03_10_13_57_32/runs_per_reference/GCF_000006765.1_ASM676v1_genomic/k_mer_stats/tmp/GCF_000006765.1_ASM676v1_genom_piMDA_to_GCF_000006765.1_ASM67.kmc \
quast_results/results_2022_03_10_13_57_32/runs_per_reference/GCF_000006765.1_ASM676v1_genomic/k_mer_stats/tmp/GCF_000006765.1_ASM676v1_genom_piMDA_to_GCF_000006765.1_ASM67.kmc.histo.txt \
>> quast_results/results_2022_03_10_13_57_32/runs_per_reference/GCF_000006765.1_ASM676v1_genomic/k_mer_stats/kmc.log \
2>> quast_results/results_2022_03_10_13_57_32/runs_per_reference/GCF_000006765.1_ASM676v1_genomic/k_mer_stats/kmc.err
    8  piMDA_2
/home/modesto/Applications/quast-5.1rc/quast-5.1.0rc1/quast_libs/kmc/kmc -t32 -hp \
-m31 -n128 -k101 -fm -cx1 -ci1 quast_results/results_2022_03_10_13_57_32/quast_corrected_input/piMDA_2_to_GCF_000006765.1_ASM676v1_genomic.fasta \
quast_results/results_2022_03_10_13_57_32/runs_per_reference/GCF_000006765.1_ASM676v1_genomic/k_mer_stats/tmp/piMDA_2_to_GCF_000006765.1_ASM676v1_genomic.fasta.kmc \
quast_results/results_2022_03_10_13_57_32/runs_per_reference/GCF_000006765.1_ASM676v1_genomic/k_mer_stats/tmp \
>> quast_results/results_2022_03_10_13_57_32/runs_per_reference/GCF_000006765.1_ASM676v1_genomic/k_mer_stats/kmc.log \
2>> quast_results/results_2022_03_10_13_57_32/runs_per_reference/GCF_000006765.1_ASM676v1_genomic/k_mer_stats/kmc.err
/home/modesto/Applications/quast-5.1rc/quast-5.1.0rc1/quast_libs/kmc/kmc_tools -t32 \
-hp simple quast_results/results_2022_03_10_13_57_32/runs_per_reference/GCF_000006765.1_ASM676v1_genomic/k_mer_stats/tmp/GCF_000006765.1_ASM676v1_genomic.fna.kmc \
quast_results/results_2022_03_10_13_57_32/runs_per_reference/GCF_000006765.1_ASM676v1_genomic/k_mer_stats/tmp/piMDA_2_to_GCF_000006765.1_ASM676v1_genomic.fasta.kmc \
intersect quast_results/results_2022_03_10_13_57_32/runs_per_reference/GCF_000006765.1_ASM676v1_genomic/k_mer_stats/tmp/GCF_000006765.1_ASM676v1_genom_piMDA_2_to_GCF_000006765.1_ASM.kmc \
>> quast_results/results_2022_03_10_13_57_32/runs_per_reference/GCF_000006765.1_ASM676v1_genomic/k_mer_stats/kmc.log \
2>> quast_results/results_2022_03_10_13_57_32/runs_per_reference/GCF_000006765.1_ASM676v1_genomic/k_mer_stats/kmc.err
/home/modesto/Applications/quast-5.1rc/quast-5.1.0rc1/quast_libs/kmc/kmc_tools -t32 \
-hp histogram quast_results/results_2022_03_10_13_57_32/runs_per_reference/GCF_000006765.1_ASM676v1_genomic/k_mer_stats/tmp/GCF_000006765.1_ASM676v1_genom_piMDA_2_to_GCF_000006765.1_ASM.kmc \
quast_results/results_2022_03_10_13_57_32/runs_per_reference/GCF_000006765.1_ASM676v1_genomic/k_mer_stats/tmp/GCF_000006765.1_ASM676v1_genom_piMDA_2_to_GCF_000006765.1_ASM.kmc.histo.txt \
>> quast_results/results_2022_03_10_13_57_32/runs_per_reference/GCF_000006765.1_ASM676v1_genomic/k_mer_stats/kmc.log \
2>> quast_results/results_2022_03_10_13_57_32/runs_per_reference/GCF_000006765.1_ASM676v1_genomic/k_mer_stats/kmc.err
    9  piMDA+D
/home/modesto/Applications/quast-5.1rc/quast-5.1.0rc1/quast_libs/kmc/kmc -t32 -hp \
-m31 -n128 -k101 -fm -cx1 -ci1 quast_results/results_2022_03_10_13_57_32/quast_corrected_input/piMDA-D_to_GCF_000006765.1_ASM676v1_genomic.fasta \
quast_results/results_2022_03_10_13_57_32/runs_per_reference/GCF_000006765.1_ASM676v1_genomic/k_mer_stats/tmp/piMDA-D_to_GCF_000006765.1_ASM676v1_genomic.fasta.kmc \
quast_results/results_2022_03_10_13_57_32/runs_per_reference/GCF_000006765.1_ASM676v1_genomic/k_mer_stats/tmp \
>> quast_results/results_2022_03_10_13_57_32/runs_per_reference/GCF_000006765.1_ASM676v1_genomic/k_mer_stats/kmc.log \
2>> quast_results/results_2022_03_10_13_57_32/runs_per_reference/GCF_000006765.1_ASM676v1_genomic/k_mer_stats/kmc.err
/home/modesto/Applications/quast-5.1rc/quast-5.1.0rc1/quast_libs/kmc/kmc_tools -t32 \
-hp simple quast_results/results_2022_03_10_13_57_32/runs_per_reference/GCF_000006765.1_ASM676v1_genomic/k_mer_stats/tmp/GCF_000006765.1_ASM676v1_genomic.fna.kmc \
quast_results/results_2022_03_10_13_57_32/runs_per_reference/GCF_000006765.1_ASM676v1_genomic/k_mer_stats/tmp/piMDA-D_to_GCF_000006765.1_ASM676v1_genomic.fasta.kmc \
intersect quast_results/results_2022_03_10_13_57_32/runs_per_reference/GCF_000006765.1_ASM676v1_genomic/k_mer_stats/tmp/GCF_000006765.1_ASM676v1_genom_piMDA-D_to_GCF_000006765.1_ASM.kmc \
>> quast_results/results_2022_03_10_13_57_32/runs_per_reference/GCF_000006765.1_ASM676v1_genomic/k_mer_stats/kmc.log \
2>> quast_results/results_2022_03_10_13_57_32/runs_per_reference/GCF_000006765.1_ASM676v1_genomic/k_mer_stats/kmc.err
/home/modesto/Applications/quast-5.1rc/quast-5.1.0rc1/quast_libs/kmc/kmc_tools -t32 \
-hp histogram quast_results/results_2022_03_10_13_57_32/runs_per_reference/GCF_000006765.1_ASM676v1_genomic/k_mer_stats/tmp/GCF_000006765.1_ASM676v1_genom_piMDA-D_to_GCF_000006765.1_ASM.kmc \
quast_results/results_2022_03_10_13_57_32/runs_per_reference/GCF_000006765.1_ASM676v1_genomic/k_mer_stats/tmp/GCF_000006765.1_ASM676v1_genom_piMDA-D_to_GCF_000006765.1_ASM.kmc.histo.txt \
>> quast_results/results_2022_03_10_13_57_32/runs_per_reference/GCF_000006765.1_ASM676v1_genomic/k_mer_stats/kmc.log \
2>> quast_results/results_2022_03_10_13_57_32/runs_per_reference/GCF_000006765.1_ASM676v1_genomic/k_mer_stats/kmc.err
    10 piMDA+D_2
/home/modesto/Applications/quast-5.1rc/quast-5.1.0rc1/quast_libs/kmc/kmc -t32 -hp \
-m31 -n128 -k101 -fm -cx1 -ci1 quast_results/results_2022_03_10_13_57_32/quast_corrected_input/piMDA-D_2_to_GCF_000006765.1_ASM676v1_genomic.fasta \
quast_results/results_2022_03_10_13_57_32/runs_per_reference/GCF_000006765.1_ASM676v1_genomic/k_mer_stats/tmp/piMDA-D_2_to_GCF_000006765.1_ASM676v1_genomic.fasta.kmc \
quast_results/results_2022_03_10_13_57_32/runs_per_reference/GCF_000006765.1_ASM676v1_genomic/k_mer_stats/tmp \
>> quast_results/results_2022_03_10_13_57_32/runs_per_reference/GCF_000006765.1_ASM676v1_genomic/k_mer_stats/kmc.log \
2>> quast_results/results_2022_03_10_13_57_32/runs_per_reference/GCF_000006765.1_ASM676v1_genomic/k_mer_stats/kmc.err
/home/modesto/Applications/quast-5.1rc/quast-5.1.0rc1/quast_libs/kmc/kmc_tools -t32 \
-hp simple quast_results/results_2022_03_10_13_57_32/runs_per_reference/GCF_000006765.1_ASM676v1_genomic/k_mer_stats/tmp/GCF_000006765.1_ASM676v1_genomic.fna.kmc \
quast_results/results_2022_03_10_13_57_32/runs_per_reference/GCF_000006765.1_ASM676v1_genomic/k_mer_stats/tmp/piMDA-D_2_to_GCF_000006765.1_ASM676v1_genomic.fasta.kmc \
intersect quast_results/results_2022_03_10_13_57_32/runs_per_reference/GCF_000006765.1_ASM676v1_genomic/k_mer_stats/tmp/GCF_000006765.1_ASM676v1_genom_piMDA-D_2_to_GCF_000006765.1_A.kmc \
>> quast_results/results_2022_03_10_13_57_32/runs_per_reference/GCF_000006765.1_ASM676v1_genomic/k_mer_stats/kmc.log \
2>> quast_results/results_2022_03_10_13_57_32/runs_per_reference/GCF_000006765.1_ASM676v1_genomic/k_mer_stats/kmc.err
/home/modesto/Applications/quast-5.1rc/quast-5.1.0rc1/quast_libs/kmc/kmc_tools -t32 \
-hp histogram quast_results/results_2022_03_10_13_57_32/runs_per_reference/GCF_000006765.1_ASM676v1_genomic/k_mer_stats/tmp/GCF_000006765.1_ASM676v1_genom_piMDA-D_2_to_GCF_000006765.1_A.kmc \
quast_results/results_2022_03_10_13_57_32/runs_per_reference/GCF_000006765.1_ASM676v1_genomic/k_mer_stats/tmp/GCF_000006765.1_ASM676v1_genom_piMDA-D_2_to_GCF_000006765.1_A.kmc.histo.txt \
>> quast_results/results_2022_03_10_13_57_32/runs_per_reference/GCF_000006765.1_ASM676v1_genomic/k_mer_stats/kmc.log \
2>> quast_results/results_2022_03_10_13_57_32/runs_per_reference/GCF_000006765.1_ASM676v1_genomic/k_mer_stats/kmc.err
  Analyzing assemblies correctness...
    Downsampling k-mers...
/home/modesto/Applications/quast-5.1rc/quast-5.1.0rc1/quast_libs/kmc/kmc_tools -t32 \
-hp filter quast_results/results_2022_03_10_13_57_32/runs_per_reference/GCF_000006765.1_ASM676v1_genomic/k_mer_stats/tmp/GCF_000006765.1_ASM676v1_genomic.fna.kmc \
quast_results/results_2022_03_10_13_57_32/runs_per_reference/GCF_000006765.1_ASM676v1_genomic/k_mer_stats/tmp/kmers_GCF_000006765.1_ASM676v1_genomic_NC_002516.2.fasta \
-ci1 -fa quast_results/results_2022_03_10_13_57_32/runs_per_reference/GCF_000006765.1_ASM676v1_genomic/k_mer_stats/tmp/kmers_GCF_000006765.1_ASM676v1_genomic_NC_002516.2.filtered.fasta \
>> quast_results/results_2022_03_10_13_57_32/runs_per_reference/GCF_000006765.1_ASM676v1_genomic/k_mer_stats/kmc.log \
2>> quast_results/results_2022_03_10_13_57_32/runs_per_reference/GCF_000006765.1_ASM676v1_genomic/k_mer_stats/kmc.err
    1  NA
  /home/modesto/Applications/quast-5.1rc/quast-5.1.0rc1/quast_libs/minimap2/minimap2 \
  -cx sr -s202 --frag=no -t 32 quast_results/results_2022_03_10_13_57_32/quast_corrected_input/NA_to_GCF_000006765.1_ASM676v1_genomic.fasta \
  quast_results/results_2022_03_10_13_57_32/runs_per_reference/GCF_000006765.1_ASM676v1_genomic/k_mer_stats/tmp/kmc.downsampled.txt \
  > quast_results/results_2022_03_10_13_57_32/runs_per_reference/GCF_000006765.1_ASM676v1_genomic/k_mer_stats/tmp/kmers.coords \
  2>> quast_results/results_2022_03_10_13_57_32/runs_per_reference/GCF_000006765.1_ASM676v1_genomic/k_mer_stats/kmc.err
    2  NA_2
  /home/modesto/Applications/quast-5.1rc/quast-5.1.0rc1/quast_libs/minimap2/minimap2 \
  -cx sr -s202 --frag=no -t 32 quast_results/results_2022_03_10_13_57_32/quast_corrected_input/NA_2_to_GCF_000006765.1_ASM676v1_genomic.fasta \
  quast_results/results_2022_03_10_13_57_32/runs_per_reference/GCF_000006765.1_ASM676v1_genomic/k_mer_stats/tmp/kmc.downsampled.txt \
  > quast_results/results_2022_03_10_13_57_32/runs_per_reference/GCF_000006765.1_ASM676v1_genomic/k_mer_stats/tmp/kmers.coords \
  2>> quast_results/results_2022_03_10_13_57_32/runs_per_reference/GCF_000006765.1_ASM676v1_genomic/k_mer_stats/kmc.err
    3  Phi29+RP
  /home/modesto/Applications/quast-5.1rc/quast-5.1.0rc1/quast_libs/minimap2/minimap2 \
  -cx sr -s202 --frag=no -t 32 quast_results/results_2022_03_10_13_57_32/quast_corrected_input/Phi29-RP_to_GCF_000006765.1_ASM676v1_genomic.fasta \
  quast_results/results_2022_03_10_13_57_32/runs_per_reference/GCF_000006765.1_ASM676v1_genomic/k_mer_stats/tmp/kmc.downsampled.txt \
  > quast_results/results_2022_03_10_13_57_32/runs_per_reference/GCF_000006765.1_ASM676v1_genomic/k_mer_stats/tmp/kmers.coords \
  2>> quast_results/results_2022_03_10_13_57_32/runs_per_reference/GCF_000006765.1_ASM676v1_genomic/k_mer_stats/kmc.err
    4  Phi29+RP_2
  /home/modesto/Applications/quast-5.1rc/quast-5.1.0rc1/quast_libs/minimap2/minimap2 \
  -cx sr -s202 --frag=no -t 32 quast_results/results_2022_03_10_13_57_32/quast_corrected_input/Phi29-RP_2_to_GCF_000006765.1_ASM676v1_genomic.fasta \
  quast_results/results_2022_03_10_13_57_32/runs_per_reference/GCF_000006765.1_ASM676v1_genomic/k_mer_stats/tmp/kmc.downsampled.txt \
  > quast_results/results_2022_03_10_13_57_32/runs_per_reference/GCF_000006765.1_ASM676v1_genomic/k_mer_stats/tmp/kmers.coords \
  2>> quast_results/results_2022_03_10_13_57_32/runs_per_reference/GCF_000006765.1_ASM676v1_genomic/k_mer_stats/kmc.err
    5  PrimPol+Phi29
  /home/modesto/Applications/quast-5.1rc/quast-5.1.0rc1/quast_libs/minimap2/minimap2 \
  -cx sr -s202 --frag=no -t 32 quast_results/results_2022_03_10_13_57_32/quast_corrected_input/PrimPol-Phi29_to_GCF_000006765.1_ASM676v1_genomic.fasta \
  quast_results/results_2022_03_10_13_57_32/runs_per_reference/GCF_000006765.1_ASM676v1_genomic/k_mer_stats/tmp/kmc.downsampled.txt \
  > quast_results/results_2022_03_10_13_57_32/runs_per_reference/GCF_000006765.1_ASM676v1_genomic/k_mer_stats/tmp/kmers.coords \
  2>> quast_results/results_2022_03_10_13_57_32/runs_per_reference/GCF_000006765.1_ASM676v1_genomic/k_mer_stats/kmc.err
    6  piPolB+D
  /home/modesto/Applications/quast-5.1rc/quast-5.1.0rc1/quast_libs/minimap2/minimap2 \
  -cx sr -s202 --frag=no -t 32 quast_results/results_2022_03_10_13_57_32/quast_corrected_input/piPolB-D_to_GCF_000006765.1_ASM676v1_genomic.fasta \
  quast_results/results_2022_03_10_13_57_32/runs_per_reference/GCF_000006765.1_ASM676v1_genomic/k_mer_stats/tmp/kmc.downsampled.txt \
  > quast_results/results_2022_03_10_13_57_32/runs_per_reference/GCF_000006765.1_ASM676v1_genomic/k_mer_stats/tmp/kmers.coords \
  2>> quast_results/results_2022_03_10_13_57_32/runs_per_reference/GCF_000006765.1_ASM676v1_genomic/k_mer_stats/kmc.err
    7  piMDA
  /home/modesto/Applications/quast-5.1rc/quast-5.1.0rc1/quast_libs/minimap2/minimap2 \
  -cx sr -s202 --frag=no -t 32 quast_results/results_2022_03_10_13_57_32/quast_corrected_input/piMDA_to_GCF_000006765.1_ASM676v1_genomic.fasta \
  quast_results/results_2022_03_10_13_57_32/runs_per_reference/GCF_000006765.1_ASM676v1_genomic/k_mer_stats/tmp/kmc.downsampled.txt \
  > quast_results/results_2022_03_10_13_57_32/runs_per_reference/GCF_000006765.1_ASM676v1_genomic/k_mer_stats/tmp/kmers.coords \
  2>> quast_results/results_2022_03_10_13_57_32/runs_per_reference/GCF_000006765.1_ASM676v1_genomic/k_mer_stats/kmc.err
    8  piMDA_2
  /home/modesto/Applications/quast-5.1rc/quast-5.1.0rc1/quast_libs/minimap2/minimap2 \
  -cx sr -s202 --frag=no -t 32 quast_results/results_2022_03_10_13_57_32/quast_corrected_input/piMDA_2_to_GCF_000006765.1_ASM676v1_genomic.fasta \
  quast_results/results_2022_03_10_13_57_32/runs_per_reference/GCF_000006765.1_ASM676v1_genomic/k_mer_stats/tmp/kmc.downsampled.txt \
  > quast_results/results_2022_03_10_13_57_32/runs_per_reference/GCF_000006765.1_ASM676v1_genomic/k_mer_stats/tmp/kmers.coords \
  2>> quast_results/results_2022_03_10_13_57_32/runs_per_reference/GCF_000006765.1_ASM676v1_genomic/k_mer_stats/kmc.err
    9  piMDA+D
  /home/modesto/Applications/quast-5.1rc/quast-5.1.0rc1/quast_libs/minimap2/minimap2 \
  -cx sr -s202 --frag=no -t 32 quast_results/results_2022_03_10_13_57_32/quast_corrected_input/piMDA-D_to_GCF_000006765.1_ASM676v1_genomic.fasta \
  quast_results/results_2022_03_10_13_57_32/runs_per_reference/GCF_000006765.1_ASM676v1_genomic/k_mer_stats/tmp/kmc.downsampled.txt \
  > quast_results/results_2022_03_10_13_57_32/runs_per_reference/GCF_000006765.1_ASM676v1_genomic/k_mer_stats/tmp/kmers.coords \
  2>> quast_results/results_2022_03_10_13_57_32/runs_per_reference/GCF_000006765.1_ASM676v1_genomic/k_mer_stats/kmc.err
    10 piMDA+D_2
  /home/modesto/Applications/quast-5.1rc/quast-5.1.0rc1/quast_libs/minimap2/minimap2 \
  -cx sr -s202 --frag=no -t 32 quast_results/results_2022_03_10_13_57_32/quast_corrected_input/piMDA-D_2_to_GCF_000006765.1_ASM676v1_genomic.fasta \
  quast_results/results_2022_03_10_13_57_32/runs_per_reference/GCF_000006765.1_ASM676v1_genomic/k_mer_stats/tmp/kmc.downsampled.txt \
  > quast_results/results_2022_03_10_13_57_32/runs_per_reference/GCF_000006765.1_ASM676v1_genomic/k_mer_stats/tmp/kmers.coords \
  2>> quast_results/results_2022_03_10_13_57_32/runs_per_reference/GCF_000006765.1_ASM676v1_genomic/k_mer_stats/kmc.err
  Creating total report...
    saved to /home/modesto/data/freeDNA/quast_results/results_2022_03_10_13_57_32/runs_per_reference/GCF_000006765.1_ASM676v1_genomic/k_mer_stats/kmers_report.txt, kmers_report.tsv, and kmers_report.tex
Done.

2022-03-10 14:03:10
Running Contig analyzer...
  2  NA_2
  1  NA
  2  Logging to files /home/modesto/data/freeDNA/quast_results/results_2022_03_10_13_57_32/runs_per_reference/GCF_000006765.1_ASM676v1_genomic/contigs_reports/contigs_report_NA_2.stdout and contigs_report_NA_2.stderr...
  3  Phi29+RP
  4  Phi29+RP_2
  1  Logging to files /home/modesto/data/freeDNA/quast_results/results_2022_03_10_13_57_32/runs_per_reference/GCF_000006765.1_ASM676v1_genomic/contigs_reports/contigs_report_NA.stdout and contigs_report_NA.stderr...
  2  Aligning contigs to the reference
  4  Logging to files /home/modesto/data/freeDNA/quast_results/results_2022_03_10_13_57_32/runs_per_reference/GCF_000006765.1_ASM676v1_genomic/contigs_reports/contigs_report_Phi29-RP_2.stdout and contigs_report_Phi29-RP_2.stderr...
  3  Logging to files /home/modesto/data/freeDNA/quast_results/results_2022_03_10_13_57_32/runs_per_reference/GCF_000006765.1_ASM676v1_genomic/contigs_reports/contigs_report_Phi29-RP.stdout and contigs_report_Phi29-RP.stderr...
  1  Aligning contigs to the reference
  4  Aligning contigs to the reference
  3  Aligning contigs to the reference
  5  PrimPol+Phi29
  5  Logging to files /home/modesto/data/freeDNA/quast_results/results_2022_03_10_13_57_32/runs_per_reference/GCF_000006765.1_ASM676v1_genomic/contigs_reports/contigs_report_PrimPol-Phi29.stdout and contigs_report_PrimPol-Phi29.stderr...
  6  piPolB+D
  5  Aligning contigs to the reference
  7  piMDA
  8  piMDA_2
  6  Logging to files /home/modesto/data/freeDNA/quast_results/results_2022_03_10_13_57_32/runs_per_reference/GCF_000006765.1_ASM676v1_genomic/contigs_reports/contigs_report_piPolB-D.stdout and contigs_report_piPolB-D.stderr...
  8  Logging to files /home/modesto/data/freeDNA/quast_results/results_2022_03_10_13_57_32/runs_per_reference/GCF_000006765.1_ASM676v1_genomic/contigs_reports/contigs_report_piMDA_2.stdout and contigs_report_piMDA_2.stderr...
  6  Aligning contigs to the reference
  7  Logging to files /home/modesto/data/freeDNA/quast_results/results_2022_03_10_13_57_32/runs_per_reference/GCF_000006765.1_ASM676v1_genomic/contigs_reports/contigs_report_piMDA.stdout and contigs_report_piMDA.stderr...
  8  Aligning contigs to the reference
  9  piMDA+D
  7  Aligning contigs to the reference
  10 piMDA+D_2
  9  Logging to files /home/modesto/data/freeDNA/quast_results/results_2022_03_10_13_57_32/runs_per_reference/GCF_000006765.1_ASM676v1_genomic/contigs_reports/contigs_report_piMDA-D.stdout and contigs_report_piMDA-D.stderr...
  10 Logging to files /home/modesto/data/freeDNA/quast_results/results_2022_03_10_13_57_32/runs_per_reference/GCF_000006765.1_ASM676v1_genomic/contigs_reports/contigs_report_piMDA-D_2.stdout and contigs_report_piMDA-D_2.stderr...
  9  Aligning contigs to the reference
  10 Aligning contigs to the reference
  4  /home/modesto/Applications/quast-5.1rc/quast-5.1.0rc1/quast_libs/minimap2/minimap2 \
     -c -x asm10 -B5 -O4,16 --no-long-join -r 85 -N 50 -s 65 -z 200 --mask-level 0.9 \
     --min-occ 200 -g 2500 --score-N 2 --cs -t 3 quast_results/results_2022_03_10_13_57_32/quast_corrected_input/GCF_000006765.1_ASM676v1_genomic.fna \
     quast_results/results_2022_03_10_13_57_32/quast_corrected_input/Phi29-RP_2_to_GCF_000006765.1_ASM676v1_genomic.fasta \
     > quast_results/results_2022_03_10_13_57_32/runs_per_reference/GCF_000006765.1_ASM676v1_genomic/contigs_reports/minimap_output/Phi29-RP_2.coords_tmp \
     2>> quast_results/results_2022_03_10_13_57_32/runs_per_reference/GCF_000006765.1_ASM676v1_genomic/contigs_reports/contigs_report_Phi29-RP_2.stderr
  2  /home/modesto/Applications/quast-5.1rc/quast-5.1.0rc1/quast_libs/minimap2/minimap2 \
     -c -x asm10 -B5 -O4,16 --no-long-join -r 85 -N 50 -s 65 -z 200 --mask-level 0.9 \
     --min-occ 200 -g 2500 --score-N 2 --cs -t 3 quast_results/results_2022_03_10_13_57_32/quast_corrected_input/GCF_000006765.1_ASM676v1_genomic.fna \
     quast_results/results_2022_03_10_13_57_32/quast_corrected_input/NA_2_to_GCF_000006765.1_ASM676v1_genomic.fasta \
     > quast_results/results_2022_03_10_13_57_32/runs_per_reference/GCF_000006765.1_ASM676v1_genomic/contigs_reports/minimap_output/NA_2.coords_tmp \
     2>> quast_results/results_2022_03_10_13_57_32/runs_per_reference/GCF_000006765.1_ASM676v1_genomic/contigs_reports/contigs_report_NA_2.stderr
  1  /home/modesto/Applications/quast-5.1rc/quast-5.1.0rc1/quast_libs/minimap2/minimap2 \
     -c -x asm10 -B5 -O4,16 --no-long-join -r 85 -N 50 -s 65 -z 200 --mask-level 0.9 \
     --min-occ 200 -g 2500 --score-N 2 --cs -t 3 quast_results/results_2022_03_10_13_57_32/quast_corrected_input/GCF_000006765.1_ASM676v1_genomic.fna \
     quast_results/results_2022_03_10_13_57_32/quast_corrected_input/NA_to_GCF_000006765.1_ASM676v1_genomic.fasta \
     > quast_results/results_2022_03_10_13_57_32/runs_per_reference/GCF_000006765.1_ASM676v1_genomic/contigs_reports/minimap_output/NA.coords_tmp \
     2>> quast_results/results_2022_03_10_13_57_32/runs_per_reference/GCF_000006765.1_ASM676v1_genomic/contigs_reports/contigs_report_NA.stderr
  3  /home/modesto/Applications/quast-5.1rc/quast-5.1.0rc1/quast_libs/minimap2/minimap2 \
     -c -x asm10 -B5 -O4,16 --no-long-join -r 85 -N 50 -s 65 -z 200 --mask-level 0.9 \
     --min-occ 200 -g 2500 --score-N 2 --cs -t 3 quast_results/results_2022_03_10_13_57_32/quast_corrected_input/GCF_000006765.1_ASM676v1_genomic.fna \
     quast_results/results_2022_03_10_13_57_32/quast_corrected_input/Phi29-RP_to_GCF_000006765.1_ASM676v1_genomic.fasta \
     > quast_results/results_2022_03_10_13_57_32/runs_per_reference/GCF_000006765.1_ASM676v1_genomic/contigs_reports/minimap_output/Phi29-RP.coords_tmp \
     2>> quast_results/results_2022_03_10_13_57_32/runs_per_reference/GCF_000006765.1_ASM676v1_genomic/contigs_reports/contigs_report_Phi29-RP.stderr
  6  /home/modesto/Applications/quast-5.1rc/quast-5.1.0rc1/quast_libs/minimap2/minimap2 \
     -c -x asm10 -B5 -O4,16 --no-long-join -r 85 -N 50 -s 65 -z 200 --mask-level 0.9 \
     --min-occ 200 -g 2500 --score-N 2 --cs -t 3 quast_results/results_2022_03_10_13_57_32/quast_corrected_input/GCF_000006765.1_ASM676v1_genomic.fna \
     quast_results/results_2022_03_10_13_57_32/quast_corrected_input/piPolB-D_to_GCF_000006765.1_ASM676v1_genomic.fasta \
     > quast_results/results_2022_03_10_13_57_32/runs_per_reference/GCF_000006765.1_ASM676v1_genomic/contigs_reports/minimap_output/piPolB-D.coords_tmp \
     2>> quast_results/results_2022_03_10_13_57_32/runs_per_reference/GCF_000006765.1_ASM676v1_genomic/contigs_reports/contigs_report_piPolB-D.stderr
  8  /home/modesto/Applications/quast-5.1rc/quast-5.1.0rc1/quast_libs/minimap2/minimap2 \
     -c -x asm10 -B5 -O4,16 --no-long-join -r 85 -N 50 -s 65 -z 200 --mask-level 0.9 \
     --min-occ 200 -g 2500 --score-N 2 --cs -t 3 quast_results/results_2022_03_10_13_57_32/quast_corrected_input/GCF_000006765.1_ASM676v1_genomic.fna \
     quast_results/results_2022_03_10_13_57_32/quast_corrected_input/piMDA_2_to_GCF_000006765.1_ASM676v1_genomic.fasta \
     > quast_results/results_2022_03_10_13_57_32/runs_per_reference/GCF_000006765.1_ASM676v1_genomic/contigs_reports/minimap_output/piMDA_2.coords_tmp \
     2>> quast_results/results_2022_03_10_13_57_32/runs_per_reference/GCF_000006765.1_ASM676v1_genomic/contigs_reports/contigs_report_piMDA_2.stderr
  7  /home/modesto/Applications/quast-5.1rc/quast-5.1.0rc1/quast_libs/minimap2/minimap2 \
     -c -x asm10 -B5 -O4,16 --no-long-join -r 85 -N 50 -s 65 -z 200 --mask-level 0.9 \
     --min-occ 200 -g 2500 --score-N 2 --cs -t 3 quast_results/results_2022_03_10_13_57_32/quast_corrected_input/GCF_000006765.1_ASM676v1_genomic.fna \
     quast_results/results_2022_03_10_13_57_32/quast_corrected_input/piMDA_to_GCF_000006765.1_ASM676v1_genomic.fasta \
     > quast_results/results_2022_03_10_13_57_32/runs_per_reference/GCF_000006765.1_ASM676v1_genomic/contigs_reports/minimap_output/piMDA.coords_tmp \
     2>> quast_results/results_2022_03_10_13_57_32/runs_per_reference/GCF_000006765.1_ASM676v1_genomic/contigs_reports/contigs_report_piMDA.stderr
  5  /home/modesto/Applications/quast-5.1rc/quast-5.1.0rc1/quast_libs/minimap2/minimap2 \
     -c -x asm10 -B5 -O4,16 --no-long-join -r 85 -N 50 -s 65 -z 200 --mask-level 0.9 \
     --min-occ 200 -g 2500 --score-N 2 --cs -t 3 quast_results/results_2022_03_10_13_57_32/quast_corrected_input/GCF_000006765.1_ASM676v1_genomic.fna \
     quast_results/results_2022_03_10_13_57_32/quast_corrected_input/PrimPol-Phi29_to_GCF_000006765.1_ASM676v1_genomic.fasta \
     > quast_results/results_2022_03_10_13_57_32/runs_per_reference/GCF_000006765.1_ASM676v1_genomic/contigs_reports/minimap_output/PrimPol-Phi29.coords_tmp \
     2>> quast_results/results_2022_03_10_13_57_32/runs_per_reference/GCF_000006765.1_ASM676v1_genomic/contigs_reports/contigs_report_PrimPol-Phi29.stderr
  9  /home/modesto/Applications/quast-5.1rc/quast-5.1.0rc1/quast_libs/minimap2/minimap2 \
     -c -x asm10 -B5 -O4,16 --no-long-join -r 85 -N 50 -s 65 -z 200 --mask-level 0.9 \
     --min-occ 200 -g 2500 --score-N 2 --cs -t 3 quast_results/results_2022_03_10_13_57_32/quast_corrected_input/GCF_000006765.1_ASM676v1_genomic.fna \
     quast_results/results_2022_03_10_13_57_32/quast_corrected_input/piMDA-D_to_GCF_000006765.1_ASM676v1_genomic.fasta \
     > quast_results/results_2022_03_10_13_57_32/runs_per_reference/GCF_000006765.1_ASM676v1_genomic/contigs_reports/minimap_output/piMDA-D.coords_tmp \
     2>> quast_results/results_2022_03_10_13_57_32/runs_per_reference/GCF_000006765.1_ASM676v1_genomic/contigs_reports/contigs_report_piMDA-D.stderr
  10 /home/modesto/Applications/quast-5.1rc/quast-5.1.0rc1/quast_libs/minimap2/minimap2 \
     -c -x asm10 -B5 -O4,16 --no-long-join -r 85 -N 50 -s 65 -z 200 --mask-level 0.9 \
     --min-occ 200 -g 2500 --score-N 2 --cs -t 3 quast_results/results_2022_03_10_13_57_32/quast_corrected_input/GCF_000006765.1_ASM676v1_genomic.fna \
     quast_results/results_2022_03_10_13_57_32/quast_corrected_input/piMDA-D_2_to_GCF_000006765.1_ASM676v1_genomic.fasta \
     > quast_results/results_2022_03_10_13_57_32/runs_per_reference/GCF_000006765.1_ASM676v1_genomic/contigs_reports/minimap_output/piMDA-D_2.coords_tmp \
     2>> quast_results/results_2022_03_10_13_57_32/runs_per_reference/GCF_000006765.1_ASM676v1_genomic/contigs_reports/contigs_report_piMDA-D_2.stderr
  3  Analysis is finished.

  6  Analysis is finished.

  10 Analysis is finished.

  4  Analysis is finished.

  5  Analysis is finished.

  7  Analysis is finished.

  2  Analysis is finished.

  8  Analysis is finished.

  1  Analysis is finished.

  9  Analysis is finished.

  Creating total report...
    saved to /home/modesto/data/freeDNA/quast_results/results_2022_03_10_13_57_32/runs_per_reference/GCF_000006765.1_ASM676v1_genomic/contigs_reports/misassemblies_report.txt, misassemblies_report.tsv, and misassemblies_report.tex
  Transposed version of total report...
    saved to /home/modesto/data/freeDNA/quast_results/results_2022_03_10_13_57_32/runs_per_reference/GCF_000006765.1_ASM676v1_genomic/contigs_reports/transposed_report_misassemblies.txt, transposed_report_misassemblies.tsv, and transposed_report_misassemblies.tex
  Creating total report...
    saved to /home/modesto/data/freeDNA/quast_results/results_2022_03_10_13_57_32/runs_per_reference/GCF_000006765.1_ASM676v1_genomic/contigs_reports/unaligned_report.txt, unaligned_report.tsv, and unaligned_report.tex
Done.

2022-03-10 14:03:12
Running NA-NGA calculation...
  1  NA, Largest alignment = 400768, NA50 = 116871, NGA50 = 120701, LA50 = 17, LGA50 = 16
  2  NA_2, Largest alignment = 400768, NA50 = 120701, NGA50 = 137726, LA50 = 16, LGA50 = 15
  3  Phi29+RP, Largest alignment = 44438, NA50 = 3470, NGA50 = 1548, LA50 = 263, LGA50 = 631
  4  Phi29+RP_2, Largest alignment = 247330, NA50 = 63369, NGA50 = 63948, LA50 = 31, LGA50 = 29
  5  PrimPol+Phi29, Largest alignment = 400265, NA50 = 116793, NGA50 = 118868, LA50 = 16, LGA50 = 15
  6  piPolB+D, Largest alignment = 319885, NA50 = 87493, NGA50 = 88056, LA50 = 22, LGA50 = 21
  7  piMDA, Largest alignment = 341687, NA50 = 101721, NGA50 = 105008, LA50 = 20, LGA50 = 19
  8  piMDA_2, Largest alignment = 401504, NA50 = 108849, NGA50 = 116792, LA50 = 19, LGA50 = 17
  9  piMDA+D, Largest alignment = 400804, NA50 = 116871, NGA50 = 120701, LA50 = 17, LGA50 = 16
  10 piMDA+D_2, Largest alignment = 400768, NA50 = 120701, NGA50 = 137726, LA50 = 16, LGA50 = 15
Done.

2022-03-10 14:03:13
Running Genome analyzer...
  NOTICE: No file with genomic features were provided. Use the --features option if you want to specify it.

  NOTICE: No file with operons were provided. Use the -O option if you want to specify it.
  1  NA
  2  NA_2
  3  Phi29+RP
  4  Phi29+RP_2
  5  PrimPol+Phi29
  6  piPolB+D
  7  piMDA
  8  piMDA_2
  9  piMDA+D
  10 piMDA+D_2
  3  Analysis is finished.
  6  Analysis is finished.
  2  Analysis is finished.
  10 Analysis is finished.
  5  Analysis is finished.
  1  Analysis is finished.
  7  Analysis is finished.
  8  Analysis is finished.
  9  Analysis is finished.
  4  Analysis is finished.
Done.

2022-03-10 14:03:14
Running MetaGeneMark...
  1  NA
  2  NA_2
  3  Phi29+RP
    1  /home/modesto/Applications/quast-5.1rc/quast-5.1.0rc1/quast_libs/genemark/linux_64/gmhmmp \
       -d -a -p 0 -m /home/modesto/Applications/quast-5.1rc/quast-5.1.0rc1/quast_libs/genemark/linux_64/../MetaGeneMark_v1.mod \
       -o quast_results/results_2022_03_10_13_57_32/quast_corrected_input/NA_to_GCF_000006765.1_ASM676v1_genomic.fasta.gmhmm \
       quast_results/results_2022_03_10_13_57_32/quast_corrected_input/NA_to_GCF_000006765.1_ASM676v1_genomic.fasta \
       > quast_results/results_2022_03_10_13_57_32/runs_per_reference/GCF_000006765.1_ASM676v1_genomic/predicted_genes/NA_genemark.stderr \
       2> quast_results/results_2022_03_10_13_57_32/runs_per_reference/GCF_000006765.1_ASM676v1_genomic/predicted_genes/NA_genemark.stderr
    2  /home/modesto/Applications/quast-5.1rc/quast-5.1.0rc1/quast_libs/genemark/linux_64/gmhmmp \
       -d -a -p 0 -m /home/modesto/Applications/quast-5.1rc/quast-5.1.0rc1/quast_libs/genemark/linux_64/../MetaGeneMark_v1.mod \
       -o quast_results/results_2022_03_10_13_57_32/quast_corrected_input/NA_2_to_GCF_000006765.1_ASM676v1_genomic.fasta.gmhmm \
       quast_results/results_2022_03_10_13_57_32/quast_corrected_input/NA_2_to_GCF_000006765.1_ASM676v1_genomic.fasta \
       > quast_results/results_2022_03_10_13_57_32/runs_per_reference/GCF_000006765.1_ASM676v1_genomic/predicted_genes/NA_2_genemark.stderr \
       2> quast_results/results_2022_03_10_13_57_32/runs_per_reference/GCF_000006765.1_ASM676v1_genomic/predicted_genes/NA_2_genemark.stderr
  4  Phi29+RP_2
    3  /home/modesto/Applications/quast-5.1rc/quast-5.1.0rc1/quast_libs/genemark/linux_64/gmhmmp \
       -d -a -p 0 -m /home/modesto/Applications/quast-5.1rc/quast-5.1.0rc1/quast_libs/genemark/linux_64/../MetaGeneMark_v1.mod \
       -o quast_results/results_2022_03_10_13_57_32/quast_corrected_input/Phi29-RP_to_GCF_000006765.1_ASM676v1_genomic.fasta.gmhmm \
       quast_results/results_2022_03_10_13_57_32/quast_corrected_input/Phi29-RP_to_GCF_000006765.1_ASM676v1_genomic.fasta \
       > quast_results/results_2022_03_10_13_57_32/runs_per_reference/GCF_000006765.1_ASM676v1_genomic/predicted_genes/Phi29-RP_genemark.stderr \
       2> quast_results/results_2022_03_10_13_57_32/runs_per_reference/GCF_000006765.1_ASM676v1_genomic/predicted_genes/Phi29-RP_genemark.stderr
  5  PrimPol+Phi29
  6  piPolB+D
    4  /home/modesto/Applications/quast-5.1rc/quast-5.1.0rc1/quast_libs/genemark/linux_64/gmhmmp \
       -d -a -p 0 -m /home/modesto/Applications/quast-5.1rc/quast-5.1.0rc1/quast_libs/genemark/linux_64/../MetaGeneMark_v1.mod \
       -o quast_results/results_2022_03_10_13_57_32/quast_corrected_input/Phi29-RP_2_to_GCF_000006765.1_ASM676v1_genomic.fasta.gmhmm \
       quast_results/results_2022_03_10_13_57_32/quast_corrected_input/Phi29-RP_2_to_GCF_000006765.1_ASM676v1_genomic.fasta \
       > quast_results/results_2022_03_10_13_57_32/runs_per_reference/GCF_000006765.1_ASM676v1_genomic/predicted_genes/Phi29-RP_2_genemark.stderr \
       2> quast_results/results_2022_03_10_13_57_32/runs_per_reference/GCF_000006765.1_ASM676v1_genomic/predicted_genes/Phi29-RP_2_genemark.stderr
    5  /home/modesto/Applications/quast-5.1rc/quast-5.1.0rc1/quast_libs/genemark/linux_64/gmhmmp \
       -d -a -p 0 -m /home/modesto/Applications/quast-5.1rc/quast-5.1.0rc1/quast_libs/genemark/linux_64/../MetaGeneMark_v1.mod \
       -o quast_results/results_2022_03_10_13_57_32/quast_corrected_input/PrimPol-Phi29_to_GCF_000006765.1_ASM676v1_genomic.fasta.gmhmm \
       quast_results/results_2022_03_10_13_57_32/quast_corrected_input/PrimPol-Phi29_to_GCF_000006765.1_ASM676v1_genomic.fasta \
       > quast_results/results_2022_03_10_13_57_32/runs_per_reference/GCF_000006765.1_ASM676v1_genomic/predicted_genes/PrimPol-Phi29_genemark.stderr \
       2> quast_results/results_2022_03_10_13_57_32/runs_per_reference/GCF_000006765.1_ASM676v1_genomic/predicted_genes/PrimPol-Phi29_genemark.stderr
  7  piMDA
    6  /home/modesto/Applications/quast-5.1rc/quast-5.1.0rc1/quast_libs/genemark/linux_64/gmhmmp \
       -d -a -p 0 -m /home/modesto/Applications/quast-5.1rc/quast-5.1.0rc1/quast_libs/genemark/linux_64/../MetaGeneMark_v1.mod \
       -o quast_results/results_2022_03_10_13_57_32/quast_corrected_input/piPolB-D_to_GCF_000006765.1_ASM676v1_genomic.fasta.gmhmm \
       quast_results/results_2022_03_10_13_57_32/quast_corrected_input/piPolB-D_to_GCF_000006765.1_ASM676v1_genomic.fasta \
       > quast_results/results_2022_03_10_13_57_32/runs_per_reference/GCF_000006765.1_ASM676v1_genomic/predicted_genes/piPolB-D_genemark.stderr \
       2> quast_results/results_2022_03_10_13_57_32/runs_per_reference/GCF_000006765.1_ASM676v1_genomic/predicted_genes/piPolB-D_genemark.stderr
  8  piMDA_2
    7  /home/modesto/Applications/quast-5.1rc/quast-5.1.0rc1/quast_libs/genemark/linux_64/gmhmmp \
       -d -a -p 0 -m /home/modesto/Applications/quast-5.1rc/quast-5.1.0rc1/quast_libs/genemark/linux_64/../MetaGeneMark_v1.mod \
       -o quast_results/results_2022_03_10_13_57_32/quast_corrected_input/piMDA_to_GCF_000006765.1_ASM676v1_genomic.fasta.gmhmm \
       quast_results/results_2022_03_10_13_57_32/quast_corrected_input/piMDA_to_GCF_000006765.1_ASM676v1_genomic.fasta \
       > quast_results/results_2022_03_10_13_57_32/runs_per_reference/GCF_000006765.1_ASM676v1_genomic/predicted_genes/piMDA_genemark.stderr \
       2> quast_results/results_2022_03_10_13_57_32/runs_per_reference/GCF_000006765.1_ASM676v1_genomic/predicted_genes/piMDA_genemark.stderr
  10 piMDA+D_2
    8  /home/modesto/Applications/quast-5.1rc/quast-5.1.0rc1/quast_libs/genemark/linux_64/gmhmmp \
       -d -a -p 0 -m /home/modesto/Applications/quast-5.1rc/quast-5.1.0rc1/quast_libs/genemark/linux_64/../MetaGeneMark_v1.mod \
       -o quast_results/results_2022_03_10_13_57_32/quast_corrected_input/piMDA_2_to_GCF_000006765.1_ASM676v1_genomic.fasta.gmhmm \
       quast_results/results_2022_03_10_13_57_32/quast_corrected_input/piMDA_2_to_GCF_000006765.1_ASM676v1_genomic.fasta \
       > quast_results/results_2022_03_10_13_57_32/runs_per_reference/GCF_000006765.1_ASM676v1_genomic/predicted_genes/piMDA_2_genemark.stderr \
       2> quast_results/results_2022_03_10_13_57_32/runs_per_reference/GCF_000006765.1_ASM676v1_genomic/predicted_genes/piMDA_2_genemark.stderr
    10 /home/modesto/Applications/quast-5.1rc/quast-5.1.0rc1/quast_libs/genemark/linux_64/gmhmmp \
       -d -a -p 0 -m /home/modesto/Applications/quast-5.1rc/quast-5.1.0rc1/quast_libs/genemark/linux_64/../MetaGeneMark_v1.mod \
       -o quast_results/results_2022_03_10_13_57_32/quast_corrected_input/piMDA-D_2_to_GCF_000006765.1_ASM676v1_genomic.fasta.gmhmm \
       quast_results/results_2022_03_10_13_57_32/quast_corrected_input/piMDA-D_2_to_GCF_000006765.1_ASM676v1_genomic.fasta \
       > quast_results/results_2022_03_10_13_57_32/runs_per_reference/GCF_000006765.1_ASM676v1_genomic/predicted_genes/piMDA-D_2_genemark.stderr \
       2> quast_results/results_2022_03_10_13_57_32/runs_per_reference/GCF_000006765.1_ASM676v1_genomic/predicted_genes/piMDA-D_2_genemark.stderr
  9  piMDA+D
    9  /home/modesto/Applications/quast-5.1rc/quast-5.1.0rc1/quast_libs/genemark/linux_64/gmhmmp \
       -d -a -p 0 -m /home/modesto/Applications/quast-5.1rc/quast-5.1.0rc1/quast_libs/genemark/linux_64/../MetaGeneMark_v1.mod \
       -o quast_results/results_2022_03_10_13_57_32/quast_corrected_input/piMDA-D_to_GCF_000006765.1_ASM676v1_genomic.fasta.gmhmm \
       quast_results/results_2022_03_10_13_57_32/quast_corrected_input/piMDA-D_to_GCF_000006765.1_ASM676v1_genomic.fasta \
       > quast_results/results_2022_03_10_13_57_32/runs_per_reference/GCF_000006765.1_ASM676v1_genomic/predicted_genes/piMDA-D_genemark.stderr \
       2> quast_results/results_2022_03_10_13_57_32/runs_per_reference/GCF_000006765.1_ASM676v1_genomic/predicted_genes/piMDA-D_genemark.stderr
       The tool returned non-zero. See quast_results/results_2022_03_10_13_57_32/runs_per_reference/GCF_000006765.1_ASM676v1_genomic/predicted_genes/Phi29-RP_genemark.stderr for stderr.
       The tool returned non-zero. See quast_results/results_2022_03_10_13_57_32/runs_per_reference/GCF_000006765.1_ASM676v1_genomic/predicted_genes/NA_2_genemark.stderr for stderr.
       The tool returned non-zero. See quast_results/results_2022_03_10_13_57_32/runs_per_reference/GCF_000006765.1_ASM676v1_genomic/predicted_genes/piMDA_genemark.stderr for stderr.
       The tool returned non-zero. See quast_results/results_2022_03_10_13_57_32/runs_per_reference/GCF_000006765.1_ASM676v1_genomic/predicted_genes/NA_genemark.stderr for stderr.
       The tool returned non-zero. See quast_results/results_2022_03_10_13_57_32/runs_per_reference/GCF_000006765.1_ASM676v1_genomic/predicted_genes/Phi29-RP_2_genemark.stderr for stderr.
       The tool returned non-zero. See quast_results/results_2022_03_10_13_57_32/runs_per_reference/GCF_000006765.1_ASM676v1_genomic/predicted_genes/piMDA-D_2_genemark.stderr for stderr.
       The tool returned non-zero. See quast_results/results_2022_03_10_13_57_32/runs_per_reference/GCF_000006765.1_ASM676v1_genomic/predicted_genes/piPolB-D_genemark.stderr for stderr.
       The tool returned non-zero. See quast_results/results_2022_03_10_13_57_32/runs_per_reference/GCF_000006765.1_ASM676v1_genomic/predicted_genes/piMDA-D_genemark.stderr for stderr.
       The tool returned non-zero. See quast_results/results_2022_03_10_13_57_32/runs_per_reference/GCF_000006765.1_ASM676v1_genomic/predicted_genes/piMDA_2_genemark.stderr for stderr.
       The tool returned non-zero. See quast_results/results_2022_03_10_13_57_32/runs_per_reference/GCF_000006765.1_ASM676v1_genomic/predicted_genes/PrimPol-Phi29_genemark.stderr for stderr.

WARNING: License period for GeneMark has ended! 
To update license, please visit http://exon.gatech.edu/GeneMark/license_download.cgi page and fill in the form.
You should choose GeneMarkS tool and your operating system (note that GeneMark is free for non-commercial use).
Download the license key and replace your ~/.gm_key with the updated version. After that you can restart QUAST.


NOTICE: Genes are not predicted by default. Use --gene-finding or --glimmer option to enable it.

2022-03-10 14:03:14
Creating large visual summaries...
This may take a while: press Ctrl-C to skip this step..
  1 of 2: Creating Icarus viewers...
  2 of 2: Creating Circos plot...
/home/linuxbrew/.linuxbrew/bin/circos -conf quast_results/results_2022_03_10_13_57_32/runs_per_reference/GCF_000006765.1_ASM676v1_genomic/circos/circos.conf \
> quast_results/results_2022_03_10_13_57_32/runs_per_reference/GCF_000006765.1_ASM676v1_genomic/circos/circos.log \
2> quast_results/results_2022_03_10_13_57_32/runs_per_reference/GCF_000006765.1_ASM676v1_genomic/circos/circos.err
The tool returned non-zero. See quast_results/results_2022_03_10_13_57_32/runs_per_reference/GCF_000006765.1_ASM676v1_genomic/circos/circos.err for stderr.
WARNING:   Circos diagram was not created. See /home/modesto/data/freeDNA/quast_results/results_2022_03_10_13_57_32/runs_per_reference/GCF_000006765.1_ASM676v1_genomic/circos/circos.log and /home/modesto/data/freeDNA/quast_results/results_2022_03_10_13_57_32/runs_per_reference/GCF_000006765.1_ASM676v1_genomic/circos/circos.err for details
Done

2022-03-10 14:03:17
RESULTS:
  Text versions of total report are saved to /home/modesto/data/freeDNA/quast_results/results_2022_03_10_13_57_32/runs_per_reference/GCF_000006765.1_ASM676v1_genomic/report.txt, report.tsv, and report.tex
  Text versions of transposed total report are saved to /home/modesto/data/freeDNA/quast_results/results_2022_03_10_13_57_32/runs_per_reference/GCF_000006765.1_ASM676v1_genomic/transposed_report.txt, transposed_report.tsv, and transposed_report.tex
  HTML version (interactive tables and plots) is saved to /home/modesto/data/freeDNA/quast_results/results_2022_03_10_13_57_32/runs_per_reference/GCF_000006765.1_ASM676v1_genomic/report.html
  Icarus (contig browser) is saved to /home/modesto/data/freeDNA/quast_results/results_2022_03_10_13_57_32/runs_per_reference/GCF_000006765.1_ASM676v1_genomic/icarus.html
