[2021-11-05 14:07:33,409] multiqc                                            [DEBUG  ]  This is MultiQC v1.11
[2021-11-05 14:07:33,410] multiqc                                            [DEBUG  ]  No MultiQC config found: /Users/modesto/anaconda3/envs/multiqc/lib/python3.9/site-packages/multiqc_config.yaml
[2021-11-05 14:07:33,411] multiqc                                            [DEBUG  ]  No MultiQC config found: /Users/modesto/.multiqc_config.yaml
[2021-11-05 14:07:33,412] multiqc                                            [DEBUG  ]  No MultiQC config found: multiqc_config.yaml
[2021-11-05 14:07:33,412] multiqc                                            [DEBUG  ]  Command used: /Users/modesto/anaconda3/envs/multiqc/bin/multiqc qc/ -v --replace-names samples.tsv
[2021-11-05 14:07:33,857] multiqc                                            [DEBUG  ]  Latest MultiQC version is v1.11
[2021-11-05 14:07:33,858] multiqc                                            [DEBUG  ]  Loading sample replace config settings from: samples.tsv
[2021-11-05 14:07:33,859] multiqc                                            [DEBUG  ]  Found 11 sample replacing patterns
[2021-11-05 14:07:33,860] multiqc                                            [DEBUG  ]  Command     : /Users/modesto/anaconda3/envs/multiqc/bin/multiqc qc/ -v --replace-names samples.tsv
[2021-11-05 14:07:33,860] multiqc                                            [DEBUG  ]  Working dir : /Users/modesto/freeDNA_data
[2021-11-05 14:07:33,861] multiqc                                            [DEBUG  ]  Template    : default
[2021-11-05 14:07:33,861] multiqc                                            [DEBUG  ]  Running Python 3.9.7 | packaged by conda-forge | (default, Sep 29 2021, 20:33:18)  [Clang 11.1.0 ]
[2021-11-05 14:07:33,863] multiqc                                            [DEBUG  ]  Analysing modules: custom_content, ccs, ngsderive, purple, conpair, lima, peddy, somalier, methylQA, mosdepth, phantompeakqualtools, qualimap, preseq, quast, qorts, rna_seqc, rockhopper, rsem, rseqc, busco, bustools, goleft_indexcov, gffcompare, disambiguate, supernova, deeptools, sargasso, verifybamid, mirtrace, happy, mirtop, sambamba, homer, hops, macs2, theta2, snpeff, gatk, htseq, bcftools, featureCounts, fgbio, dragen, dedup, damageprofiler, biobambam2, jcvi, mtnucratio, picard, vep, sentieon, prokka, qc3C, nanostat, samblaster, samtools, sexdeterrmine, eigenstratdatabasetools, bamtools, jellyfish, vcftools, longranger, stacks, varscan2, snippy, bbmap, bismark, biscuit, hicexplorer, hicup, hicpro, salmon, kallisto, slamdunk, star, hisat2, tophat, bowtie2, bowtie1, snpsplit, odgi, pangolin, kat, leehom, adapterRemoval, clipandmerge, cutadapt, flexbar, kaiju, kraken, malt, trimmomatic, sickle, skewer, sortmerna, biobloomtools, fastq_screen, afterqc, fastp, fastqc, pychopper, pycoqc, minionqc, multivcfanalyzer, clusterflow, bcl2fastq, bclconvert, interop, ivar, flash, seqyclean, optitype
[2021-11-05 14:07:33,864] multiqc                                            [DEBUG  ]  Using temporary directory for creating report: /var/folders/6z/hz95tt497dgd98vmjzfch5nw0000gn/T/tmp5kraimly
[2021-11-05 14:07:34,275] multiqc                                            [INFO   ]  Search path : /Users/modesto/freeDNA_data/qc
[2021-11-05 14:07:34,523] multiqc                                            [DEBUG  ]  File ignored by ccs/v4 because it exceeded search pattern filesize limit: D3_R1_fastqc.html
[2021-11-05 14:07:34,535] multiqc                                            [DEBUG  ]  File ignored by hicexplorer because it exceeded search pattern filesize limit: D3_R1_fastqc.html
[2021-11-05 14:07:34,537] multiqc                                            [DEBUG  ]  File ignored by nanostat because it exceeded search pattern filesize limit: D3_R1_fastqc.html
[2021-11-05 14:07:34,538] multiqc                                            [DEBUG  ]  File ignored by lima/summary because it exceeded search pattern filesize limit: D3_R1_fastqc.html
[2021-11-05 14:07:34,564] multiqc                                            [DEBUG  ]  File ignored by vep/vep_txt because it exceeded search pattern filesize limit: D3_R1_fastqc.html
[2021-11-05 14:07:34,565] multiqc                                            [DEBUG  ]  File ignored by longranger/invocation because it exceeded search pattern filesize limit: D3_R1_fastqc.html
[2021-11-05 14:07:34,565] multiqc                                            [DEBUG  ]  File ignored by rockhopper because it exceeded search pattern filesize limit: D3_R1_fastqc.html
[2021-11-05 14:07:34,565] multiqc                                            [DEBUG  ]  File ignored by rseqc/bam_stat because it exceeded search pattern filesize limit: D3_R1_fastqc.html
[2021-11-05 14:07:34,566] multiqc                                            [DEBUG  ]  File ignored by rseqc/junction_annotation because it exceeded search pattern filesize limit: D3_R1_fastqc.html
[2021-11-05 14:07:34,566] multiqc                                            [DEBUG  ]  File ignored by rseqc/read_distribution because it exceeded search pattern filesize limit: D3_R1_fastqc.html
[2021-11-05 14:07:34,567] multiqc                                            [DEBUG  ]  File ignored by rseqc/infer_experiment because it exceeded search pattern filesize limit: D3_R1_fastqc.html
[2021-11-05 14:07:35,118] multiqc                                            [DEBUG  ]  File ignored by ccs/v4 because it exceeded search pattern filesize limit: B2_R2_fastqc.html
[2021-11-05 14:07:35,125] multiqc                                            [DEBUG  ]  File ignored by hicexplorer because it exceeded search pattern filesize limit: B2_R2_fastqc.html
[2021-11-05 14:07:35,126] multiqc                                            [DEBUG  ]  File ignored by nanostat because it exceeded search pattern filesize limit: B2_R2_fastqc.html
[2021-11-05 14:07:35,126] multiqc                                            [DEBUG  ]  File ignored by lima/summary because it exceeded search pattern filesize limit: B2_R2_fastqc.html
[2021-11-05 14:07:35,139] multiqc                                            [DEBUG  ]  File ignored by vep/vep_txt because it exceeded search pattern filesize limit: B2_R2_fastqc.html
[2021-11-05 14:07:35,140] multiqc                                            [DEBUG  ]  File ignored by longranger/invocation because it exceeded search pattern filesize limit: B2_R2_fastqc.html
[2021-11-05 14:07:35,141] multiqc                                            [DEBUG  ]  File ignored by rockhopper because it exceeded search pattern filesize limit: B2_R2_fastqc.html
[2021-11-05 14:07:35,142] multiqc                                            [DEBUG  ]  File ignored by rseqc/bam_stat because it exceeded search pattern filesize limit: B2_R2_fastqc.html
[2021-11-05 14:07:35,143] multiqc                                            [DEBUG  ]  File ignored by rseqc/junction_annotation because it exceeded search pattern filesize limit: B2_R2_fastqc.html
[2021-11-05 14:07:35,144] multiqc                                            [DEBUG  ]  File ignored by rseqc/read_distribution because it exceeded search pattern filesize limit: B2_R2_fastqc.html
[2021-11-05 14:07:35,144] multiqc                                            [DEBUG  ]  File ignored by rseqc/infer_experiment because it exceeded search pattern filesize limit: B2_R2_fastqc.html
[2021-11-05 14:07:35,677] multiqc                                            [DEBUG  ]  File ignored by ccs/v4 because it exceeded search pattern filesize limit: Ctrl_R2_fastqc.html
[2021-11-05 14:07:35,683] multiqc                                            [DEBUG  ]  File ignored by hicexplorer because it exceeded search pattern filesize limit: Ctrl_R2_fastqc.html
[2021-11-05 14:07:35,684] multiqc                                            [DEBUG  ]  File ignored by nanostat because it exceeded search pattern filesize limit: Ctrl_R2_fastqc.html
[2021-11-05 14:07:35,684] multiqc                                            [DEBUG  ]  File ignored by lima/summary because it exceeded search pattern filesize limit: Ctrl_R2_fastqc.html
[2021-11-05 14:07:35,698] multiqc                                            [DEBUG  ]  File ignored by vep/vep_txt because it exceeded search pattern filesize limit: Ctrl_R2_fastqc.html
[2021-11-05 14:07:35,698] multiqc                                            [DEBUG  ]  File ignored by longranger/invocation because it exceeded search pattern filesize limit: Ctrl_R2_fastqc.html
[2021-11-05 14:07:35,699] multiqc                                            [DEBUG  ]  File ignored by rockhopper because it exceeded search pattern filesize limit: Ctrl_R2_fastqc.html
[2021-11-05 14:07:35,699] multiqc                                            [DEBUG  ]  File ignored by rseqc/bam_stat because it exceeded search pattern filesize limit: Ctrl_R2_fastqc.html
[2021-11-05 14:07:35,700] multiqc                                            [DEBUG  ]  File ignored by rseqc/junction_annotation because it exceeded search pattern filesize limit: Ctrl_R2_fastqc.html
[2021-11-05 14:07:35,700] multiqc                                            [DEBUG  ]  File ignored by rseqc/read_distribution because it exceeded search pattern filesize limit: Ctrl_R2_fastqc.html
[2021-11-05 14:07:35,701] multiqc                                            [DEBUG  ]  File ignored by rseqc/infer_experiment because it exceeded search pattern filesize limit: Ctrl_R2_fastqc.html
[2021-11-05 14:07:36,203] multiqc                                            [DEBUG  ]  File ignored by ccs/v4 because it exceeded search pattern filesize limit: C3_R1_fastqc.html
[2021-11-05 14:07:36,208] multiqc                                            [DEBUG  ]  File ignored by hicexplorer because it exceeded search pattern filesize limit: C3_R1_fastqc.html
[2021-11-05 14:07:36,209] multiqc                                            [DEBUG  ]  File ignored by nanostat because it exceeded search pattern filesize limit: C3_R1_fastqc.html
[2021-11-05 14:07:36,210] multiqc                                            [DEBUG  ]  File ignored by lima/summary because it exceeded search pattern filesize limit: C3_R1_fastqc.html
[2021-11-05 14:07:36,231] multiqc                                            [DEBUG  ]  File ignored by vep/vep_txt because it exceeded search pattern filesize limit: C3_R1_fastqc.html
[2021-11-05 14:07:36,232] multiqc                                            [DEBUG  ]  File ignored by longranger/invocation because it exceeded search pattern filesize limit: C3_R1_fastqc.html
[2021-11-05 14:07:36,232] multiqc                                            [DEBUG  ]  File ignored by rockhopper because it exceeded search pattern filesize limit: C3_R1_fastqc.html
[2021-11-05 14:07:36,233] multiqc                                            [DEBUG  ]  File ignored by rseqc/bam_stat because it exceeded search pattern filesize limit: C3_R1_fastqc.html
[2021-11-05 14:07:36,233] multiqc                                            [DEBUG  ]  File ignored by rseqc/junction_annotation because it exceeded search pattern filesize limit: C3_R1_fastqc.html
[2021-11-05 14:07:36,234] multiqc                                            [DEBUG  ]  File ignored by rseqc/read_distribution because it exceeded search pattern filesize limit: C3_R1_fastqc.html
[2021-11-05 14:07:36,234] multiqc                                            [DEBUG  ]  File ignored by rseqc/infer_experiment because it exceeded search pattern filesize limit: C3_R1_fastqc.html
[2021-11-05 14:07:36,739] multiqc                                            [DEBUG  ]  File ignored by ccs/v4 because it exceeded search pattern filesize limit: C3_R2_fastqc.html
[2021-11-05 14:07:36,748] multiqc                                            [DEBUG  ]  File ignored by hicexplorer because it exceeded search pattern filesize limit: C3_R2_fastqc.html
[2021-11-05 14:07:36,750] multiqc                                            [DEBUG  ]  File ignored by nanostat because it exceeded search pattern filesize limit: C3_R2_fastqc.html
[2021-11-05 14:07:36,750] multiqc                                            [DEBUG  ]  File ignored by lima/summary because it exceeded search pattern filesize limit: C3_R2_fastqc.html
[2021-11-05 14:07:36,765] multiqc                                            [DEBUG  ]  File ignored by vep/vep_txt because it exceeded search pattern filesize limit: C3_R2_fastqc.html
[2021-11-05 14:07:36,766] multiqc                                            [DEBUG  ]  File ignored by longranger/invocation because it exceeded search pattern filesize limit: C3_R2_fastqc.html
[2021-11-05 14:07:36,766] multiqc                                            [DEBUG  ]  File ignored by rockhopper because it exceeded search pattern filesize limit: C3_R2_fastqc.html
[2021-11-05 14:07:36,767] multiqc                                            [DEBUG  ]  File ignored by rseqc/bam_stat because it exceeded search pattern filesize limit: C3_R2_fastqc.html
[2021-11-05 14:07:36,768] multiqc                                            [DEBUG  ]  File ignored by rseqc/junction_annotation because it exceeded search pattern filesize limit: C3_R2_fastqc.html
[2021-11-05 14:07:36,768] multiqc                                            [DEBUG  ]  File ignored by rseqc/read_distribution because it exceeded search pattern filesize limit: C3_R2_fastqc.html
[2021-11-05 14:07:36,769] multiqc                                            [DEBUG  ]  File ignored by rseqc/infer_experiment because it exceeded search pattern filesize limit: C3_R2_fastqc.html
[2021-11-05 14:07:37,272] multiqc                                            [DEBUG  ]  File ignored by ccs/v4 because it exceeded search pattern filesize limit: Ctrl_R1_fastqc.html
[2021-11-05 14:07:37,278] multiqc                                            [DEBUG  ]  File ignored by hicexplorer because it exceeded search pattern filesize limit: Ctrl_R1_fastqc.html
[2021-11-05 14:07:37,280] multiqc                                            [DEBUG  ]  File ignored by nanostat because it exceeded search pattern filesize limit: Ctrl_R1_fastqc.html
[2021-11-05 14:07:37,280] multiqc                                            [DEBUG  ]  File ignored by lima/summary because it exceeded search pattern filesize limit: Ctrl_R1_fastqc.html
[2021-11-05 14:07:37,299] multiqc                                            [DEBUG  ]  File ignored by vep/vep_txt because it exceeded search pattern filesize limit: Ctrl_R1_fastqc.html
[2021-11-05 14:07:37,299] multiqc                                            [DEBUG  ]  File ignored by longranger/invocation because it exceeded search pattern filesize limit: Ctrl_R1_fastqc.html
[2021-11-05 14:07:37,300] multiqc                                            [DEBUG  ]  File ignored by rockhopper because it exceeded search pattern filesize limit: Ctrl_R1_fastqc.html
[2021-11-05 14:07:37,300] multiqc                                            [DEBUG  ]  File ignored by rseqc/bam_stat because it exceeded search pattern filesize limit: Ctrl_R1_fastqc.html
[2021-11-05 14:07:37,301] multiqc                                            [DEBUG  ]  File ignored by rseqc/junction_annotation because it exceeded search pattern filesize limit: Ctrl_R1_fastqc.html
[2021-11-05 14:07:37,301] multiqc                                            [DEBUG  ]  File ignored by rseqc/read_distribution because it exceeded search pattern filesize limit: Ctrl_R1_fastqc.html
[2021-11-05 14:07:37,302] multiqc                                            [DEBUG  ]  File ignored by rseqc/infer_experiment because it exceeded search pattern filesize limit: Ctrl_R1_fastqc.html
[2021-11-05 14:07:37,835] multiqc                                            [DEBUG  ]  File ignored by ccs/v4 because it exceeded search pattern filesize limit: B2_R1_fastqc.html
[2021-11-05 14:07:37,848] multiqc                                            [DEBUG  ]  File ignored by hicexplorer because it exceeded search pattern filesize limit: B2_R1_fastqc.html
[2021-11-05 14:07:37,849] multiqc                                            [DEBUG  ]  File ignored by nanostat because it exceeded search pattern filesize limit: B2_R1_fastqc.html
[2021-11-05 14:07:37,850] multiqc                                            [DEBUG  ]  File ignored by lima/summary because it exceeded search pattern filesize limit: B2_R1_fastqc.html
[2021-11-05 14:07:37,868] multiqc                                            [DEBUG  ]  File ignored by vep/vep_txt because it exceeded search pattern filesize limit: B2_R1_fastqc.html
[2021-11-05 14:07:37,869] multiqc                                            [DEBUG  ]  File ignored by longranger/invocation because it exceeded search pattern filesize limit: B2_R1_fastqc.html
[2021-11-05 14:07:37,870] multiqc                                            [DEBUG  ]  File ignored by rockhopper because it exceeded search pattern filesize limit: B2_R1_fastqc.html
[2021-11-05 14:07:37,872] multiqc                                            [DEBUG  ]  File ignored by rseqc/bam_stat because it exceeded search pattern filesize limit: B2_R1_fastqc.html
[2021-11-05 14:07:37,872] multiqc                                            [DEBUG  ]  File ignored by rseqc/junction_annotation because it exceeded search pattern filesize limit: B2_R1_fastqc.html
[2021-11-05 14:07:37,873] multiqc                                            [DEBUG  ]  File ignored by rseqc/read_distribution because it exceeded search pattern filesize limit: B2_R1_fastqc.html
[2021-11-05 14:07:37,874] multiqc                                            [DEBUG  ]  File ignored by rseqc/infer_experiment because it exceeded search pattern filesize limit: B2_R1_fastqc.html
[2021-11-05 14:07:38,403] multiqc                                            [DEBUG  ]  File ignored by ccs/v4 because it exceeded search pattern filesize limit: D3_R2_fastqc.html
[2021-11-05 14:07:38,409] multiqc                                            [DEBUG  ]  File ignored by hicexplorer because it exceeded search pattern filesize limit: D3_R2_fastqc.html
[2021-11-05 14:07:38,410] multiqc                                            [DEBUG  ]  File ignored by nanostat because it exceeded search pattern filesize limit: D3_R2_fastqc.html
[2021-11-05 14:07:38,410] multiqc                                            [DEBUG  ]  File ignored by lima/summary because it exceeded search pattern filesize limit: D3_R2_fastqc.html
[2021-11-05 14:07:38,437] multiqc                                            [DEBUG  ]  File ignored by vep/vep_txt because it exceeded search pattern filesize limit: D3_R2_fastqc.html
[2021-11-05 14:07:38,437] multiqc                                            [DEBUG  ]  File ignored by longranger/invocation because it exceeded search pattern filesize limit: D3_R2_fastqc.html
[2021-11-05 14:07:38,438] multiqc                                            [DEBUG  ]  File ignored by rockhopper because it exceeded search pattern filesize limit: D3_R2_fastqc.html
[2021-11-05 14:07:38,438] multiqc                                            [DEBUG  ]  File ignored by rseqc/bam_stat because it exceeded search pattern filesize limit: D3_R2_fastqc.html
[2021-11-05 14:07:38,439] multiqc                                            [DEBUG  ]  File ignored by rseqc/junction_annotation because it exceeded search pattern filesize limit: D3_R2_fastqc.html
[2021-11-05 14:07:38,439] multiqc                                            [DEBUG  ]  File ignored by rseqc/read_distribution because it exceeded search pattern filesize limit: D3_R2_fastqc.html
[2021-11-05 14:07:38,440] multiqc                                            [DEBUG  ]  File ignored by rseqc/infer_experiment because it exceeded search pattern filesize limit: D3_R2_fastqc.html
[2021-11-05 14:07:39,000] multiqc                                            [DEBUG  ]  File ignored by ccs/v4 because it exceeded search pattern filesize limit: N4_R2_fastqc.html
[2021-11-05 14:07:39,018] multiqc                                            [DEBUG  ]  File ignored by hicexplorer because it exceeded search pattern filesize limit: N4_R2_fastqc.html
[2021-11-05 14:07:39,019] multiqc                                            [DEBUG  ]  File ignored by nanostat because it exceeded search pattern filesize limit: N4_R2_fastqc.html
[2021-11-05 14:07:39,020] multiqc                                            [DEBUG  ]  File ignored by lima/summary because it exceeded search pattern filesize limit: N4_R2_fastqc.html
[2021-11-05 14:07:39,044] multiqc                                            [DEBUG  ]  File ignored by vep/vep_txt because it exceeded search pattern filesize limit: N4_R2_fastqc.html
[2021-11-05 14:07:39,045] multiqc                                            [DEBUG  ]  File ignored by longranger/invocation because it exceeded search pattern filesize limit: N4_R2_fastqc.html
[2021-11-05 14:07:39,046] multiqc                                            [DEBUG  ]  File ignored by rockhopper because it exceeded search pattern filesize limit: N4_R2_fastqc.html
[2021-11-05 14:07:39,046] multiqc                                            [DEBUG  ]  File ignored by rseqc/bam_stat because it exceeded search pattern filesize limit: N4_R2_fastqc.html
[2021-11-05 14:07:39,047] multiqc                                            [DEBUG  ]  File ignored by rseqc/junction_annotation because it exceeded search pattern filesize limit: N4_R2_fastqc.html
[2021-11-05 14:07:39,048] multiqc                                            [DEBUG  ]  File ignored by rseqc/read_distribution because it exceeded search pattern filesize limit: N4_R2_fastqc.html
[2021-11-05 14:07:39,049] multiqc                                            [DEBUG  ]  File ignored by rseqc/infer_experiment because it exceeded search pattern filesize limit: N4_R2_fastqc.html
[2021-11-05 14:07:39,612] multiqc                                            [DEBUG  ]  File ignored by ccs/v4 because it exceeded search pattern filesize limit: F2_R2_fastqc.html
[2021-11-05 14:07:39,625] multiqc                                            [DEBUG  ]  File ignored by hicexplorer because it exceeded search pattern filesize limit: F2_R2_fastqc.html
[2021-11-05 14:07:39,626] multiqc                                            [DEBUG  ]  File ignored by nanostat because it exceeded search pattern filesize limit: F2_R2_fastqc.html
[2021-11-05 14:07:39,627] multiqc                                            [DEBUG  ]  File ignored by lima/summary because it exceeded search pattern filesize limit: F2_R2_fastqc.html
[2021-11-05 14:07:39,643] multiqc                                            [DEBUG  ]  File ignored by vep/vep_txt because it exceeded search pattern filesize limit: F2_R2_fastqc.html
[2021-11-05 14:07:39,643] multiqc                                            [DEBUG  ]  File ignored by longranger/invocation because it exceeded search pattern filesize limit: F2_R2_fastqc.html
[2021-11-05 14:07:39,644] multiqc                                            [DEBUG  ]  File ignored by rockhopper because it exceeded search pattern filesize limit: F2_R2_fastqc.html
[2021-11-05 14:07:39,644] multiqc                                            [DEBUG  ]  File ignored by rseqc/bam_stat because it exceeded search pattern filesize limit: F2_R2_fastqc.html
[2021-11-05 14:07:39,645] multiqc                                            [DEBUG  ]  File ignored by rseqc/junction_annotation because it exceeded search pattern filesize limit: F2_R2_fastqc.html
[2021-11-05 14:07:39,645] multiqc                                            [DEBUG  ]  File ignored by rseqc/read_distribution because it exceeded search pattern filesize limit: F2_R2_fastqc.html
[2021-11-05 14:07:39,650] multiqc                                            [DEBUG  ]  File ignored by rseqc/infer_experiment because it exceeded search pattern filesize limit: F2_R2_fastqc.html
[2021-11-05 14:07:40,205] multiqc                                            [DEBUG  ]  File ignored by ccs/v4 because it exceeded search pattern filesize limit: N6_R1_fastqc.html
[2021-11-05 14:07:40,212] multiqc                                            [DEBUG  ]  File ignored by hicexplorer because it exceeded search pattern filesize limit: N6_R1_fastqc.html
[2021-11-05 14:07:40,213] multiqc                                            [DEBUG  ]  File ignored by nanostat because it exceeded search pattern filesize limit: N6_R1_fastqc.html
[2021-11-05 14:07:40,214] multiqc                                            [DEBUG  ]  File ignored by lima/summary because it exceeded search pattern filesize limit: N6_R1_fastqc.html
[2021-11-05 14:07:40,228] multiqc                                            [DEBUG  ]  File ignored by vep/vep_txt because it exceeded search pattern filesize limit: N6_R1_fastqc.html
[2021-11-05 14:07:40,228] multiqc                                            [DEBUG  ]  File ignored by longranger/invocation because it exceeded search pattern filesize limit: N6_R1_fastqc.html
[2021-11-05 14:07:40,229] multiqc                                            [DEBUG  ]  File ignored by rockhopper because it exceeded search pattern filesize limit: N6_R1_fastqc.html
[2021-11-05 14:07:40,229] multiqc                                            [DEBUG  ]  File ignored by rseqc/bam_stat because it exceeded search pattern filesize limit: N6_R1_fastqc.html
[2021-11-05 14:07:40,229] multiqc                                            [DEBUG  ]  File ignored by rseqc/junction_annotation because it exceeded search pattern filesize limit: N6_R1_fastqc.html
[2021-11-05 14:07:40,243] multiqc                                            [DEBUG  ]  File ignored by rseqc/read_distribution because it exceeded search pattern filesize limit: N6_R1_fastqc.html
[2021-11-05 14:07:40,243] multiqc                                            [DEBUG  ]  File ignored by rseqc/infer_experiment because it exceeded search pattern filesize limit: N6_R1_fastqc.html
[2021-11-05 14:07:40,744] multiqc                                            [DEBUG  ]  File ignored by ccs/v4 because it exceeded search pattern filesize limit: N1_R1_fastqc.html
[2021-11-05 14:07:40,751] multiqc                                            [DEBUG  ]  File ignored by hicexplorer because it exceeded search pattern filesize limit: N1_R1_fastqc.html
[2021-11-05 14:07:40,752] multiqc                                            [DEBUG  ]  File ignored by nanostat because it exceeded search pattern filesize limit: N1_R1_fastqc.html
[2021-11-05 14:07:40,752] multiqc                                            [DEBUG  ]  File ignored by lima/summary because it exceeded search pattern filesize limit: N1_R1_fastqc.html
[2021-11-05 14:07:40,766] multiqc                                            [DEBUG  ]  File ignored by vep/vep_txt because it exceeded search pattern filesize limit: N1_R1_fastqc.html
[2021-11-05 14:07:40,767] multiqc                                            [DEBUG  ]  File ignored by longranger/invocation because it exceeded search pattern filesize limit: N1_R1_fastqc.html
[2021-11-05 14:07:40,767] multiqc                                            [DEBUG  ]  File ignored by rockhopper because it exceeded search pattern filesize limit: N1_R1_fastqc.html
[2021-11-05 14:07:40,768] multiqc                                            [DEBUG  ]  File ignored by rseqc/bam_stat because it exceeded search pattern filesize limit: N1_R1_fastqc.html
[2021-11-05 14:07:40,768] multiqc                                            [DEBUG  ]  File ignored by rseqc/junction_annotation because it exceeded search pattern filesize limit: N1_R1_fastqc.html
[2021-11-05 14:07:40,769] multiqc                                            [DEBUG  ]  File ignored by rseqc/read_distribution because it exceeded search pattern filesize limit: N1_R1_fastqc.html
[2021-11-05 14:07:40,769] multiqc                                            [DEBUG  ]  File ignored by rseqc/infer_experiment because it exceeded search pattern filesize limit: N1_R1_fastqc.html
[2021-11-05 14:07:41,297] multiqc                                            [DEBUG  ]  File ignored by ccs/v4 because it exceeded search pattern filesize limit: N2_R2_fastqc.html
[2021-11-05 14:07:41,305] multiqc                                            [DEBUG  ]  File ignored by hicexplorer because it exceeded search pattern filesize limit: N2_R2_fastqc.html
[2021-11-05 14:07:41,307] multiqc                                            [DEBUG  ]  File ignored by nanostat because it exceeded search pattern filesize limit: N2_R2_fastqc.html
[2021-11-05 14:07:41,307] multiqc                                            [DEBUG  ]  File ignored by lima/summary because it exceeded search pattern filesize limit: N2_R2_fastqc.html
[2021-11-05 14:07:41,320] multiqc                                            [DEBUG  ]  File ignored by vep/vep_txt because it exceeded search pattern filesize limit: N2_R2_fastqc.html
[2021-11-05 14:07:41,320] multiqc                                            [DEBUG  ]  File ignored by longranger/invocation because it exceeded search pattern filesize limit: N2_R2_fastqc.html
[2021-11-05 14:07:41,321] multiqc                                            [DEBUG  ]  File ignored by rockhopper because it exceeded search pattern filesize limit: N2_R2_fastqc.html
[2021-11-05 14:07:41,321] multiqc                                            [DEBUG  ]  File ignored by rseqc/bam_stat because it exceeded search pattern filesize limit: N2_R2_fastqc.html
[2021-11-05 14:07:41,322] multiqc                                            [DEBUG  ]  File ignored by rseqc/junction_annotation because it exceeded search pattern filesize limit: N2_R2_fastqc.html
[2021-11-05 14:07:41,322] multiqc                                            [DEBUG  ]  File ignored by rseqc/read_distribution because it exceeded search pattern filesize limit: N2_R2_fastqc.html
[2021-11-05 14:07:41,323] multiqc                                            [DEBUG  ]  File ignored by rseqc/infer_experiment because it exceeded search pattern filesize limit: N2_R2_fastqc.html
[2021-11-05 14:07:41,841] multiqc                                            [DEBUG  ]  File ignored by ccs/v4 because it exceeded search pattern filesize limit: A2_R2_fastqc.html
[2021-11-05 14:07:41,848] multiqc                                            [DEBUG  ]  File ignored by hicexplorer because it exceeded search pattern filesize limit: A2_R2_fastqc.html
[2021-11-05 14:07:41,849] multiqc                                            [DEBUG  ]  File ignored by nanostat because it exceeded search pattern filesize limit: A2_R2_fastqc.html
[2021-11-05 14:07:41,850] multiqc                                            [DEBUG  ]  File ignored by lima/summary because it exceeded search pattern filesize limit: A2_R2_fastqc.html
[2021-11-05 14:07:41,862] multiqc                                            [DEBUG  ]  File ignored by vep/vep_txt because it exceeded search pattern filesize limit: A2_R2_fastqc.html
[2021-11-05 14:07:41,862] multiqc                                            [DEBUG  ]  File ignored by longranger/invocation because it exceeded search pattern filesize limit: A2_R2_fastqc.html
[2021-11-05 14:07:41,863] multiqc                                            [DEBUG  ]  File ignored by rockhopper because it exceeded search pattern filesize limit: A2_R2_fastqc.html
[2021-11-05 14:07:41,863] multiqc                                            [DEBUG  ]  File ignored by rseqc/bam_stat because it exceeded search pattern filesize limit: A2_R2_fastqc.html
[2021-11-05 14:07:41,864] multiqc                                            [DEBUG  ]  File ignored by rseqc/junction_annotation because it exceeded search pattern filesize limit: A2_R2_fastqc.html
[2021-11-05 14:07:41,864] multiqc                                            [DEBUG  ]  File ignored by rseqc/read_distribution because it exceeded search pattern filesize limit: A2_R2_fastqc.html
[2021-11-05 14:07:41,864] multiqc                                            [DEBUG  ]  File ignored by rseqc/infer_experiment because it exceeded search pattern filesize limit: A2_R2_fastqc.html
[2021-11-05 14:07:42,391] multiqc                                            [DEBUG  ]  File ignored by ccs/v4 because it exceeded search pattern filesize limit: Ctrl2_R1_fastqc.html
[2021-11-05 14:07:42,399] multiqc                                            [DEBUG  ]  File ignored by hicexplorer because it exceeded search pattern filesize limit: Ctrl2_R1_fastqc.html
[2021-11-05 14:07:42,400] multiqc                                            [DEBUG  ]  File ignored by nanostat because it exceeded search pattern filesize limit: Ctrl2_R1_fastqc.html
[2021-11-05 14:07:42,400] multiqc                                            [DEBUG  ]  File ignored by lima/summary because it exceeded search pattern filesize limit: Ctrl2_R1_fastqc.html
[2021-11-05 14:07:42,420] multiqc                                            [DEBUG  ]  File ignored by vep/vep_txt because it exceeded search pattern filesize limit: Ctrl2_R1_fastqc.html
[2021-11-05 14:07:42,420] multiqc                                            [DEBUG  ]  File ignored by longranger/invocation because it exceeded search pattern filesize limit: Ctrl2_R1_fastqc.html
[2021-11-05 14:07:42,421] multiqc                                            [DEBUG  ]  File ignored by rockhopper because it exceeded search pattern filesize limit: Ctrl2_R1_fastqc.html
[2021-11-05 14:07:42,422] multiqc                                            [DEBUG  ]  File ignored by rseqc/bam_stat because it exceeded search pattern filesize limit: Ctrl2_R1_fastqc.html
[2021-11-05 14:07:42,422] multiqc                                            [DEBUG  ]  File ignored by rseqc/junction_annotation because it exceeded search pattern filesize limit: Ctrl2_R1_fastqc.html
[2021-11-05 14:07:42,423] multiqc                                            [DEBUG  ]  File ignored by rseqc/read_distribution because it exceeded search pattern filesize limit: Ctrl2_R1_fastqc.html
[2021-11-05 14:07:42,423] multiqc                                            [DEBUG  ]  File ignored by rseqc/infer_experiment because it exceeded search pattern filesize limit: Ctrl2_R1_fastqc.html
[2021-11-05 14:07:42,938] multiqc                                            [DEBUG  ]  File ignored by ccs/v4 because it exceeded search pattern filesize limit: Ctrl2_R2_fastqc.html
[2021-11-05 14:07:42,946] multiqc                                            [DEBUG  ]  File ignored by hicexplorer because it exceeded search pattern filesize limit: Ctrl2_R2_fastqc.html
[2021-11-05 14:07:42,947] multiqc                                            [DEBUG  ]  File ignored by nanostat because it exceeded search pattern filesize limit: Ctrl2_R2_fastqc.html
[2021-11-05 14:07:42,948] multiqc                                            [DEBUG  ]  File ignored by lima/summary because it exceeded search pattern filesize limit: Ctrl2_R2_fastqc.html
[2021-11-05 14:07:42,961] multiqc                                            [DEBUG  ]  File ignored by vep/vep_txt because it exceeded search pattern filesize limit: Ctrl2_R2_fastqc.html
[2021-11-05 14:07:42,961] multiqc                                            [DEBUG  ]  File ignored by longranger/invocation because it exceeded search pattern filesize limit: Ctrl2_R2_fastqc.html
[2021-11-05 14:07:42,962] multiqc                                            [DEBUG  ]  File ignored by rockhopper because it exceeded search pattern filesize limit: Ctrl2_R2_fastqc.html
[2021-11-05 14:07:42,962] multiqc                                            [DEBUG  ]  File ignored by rseqc/bam_stat because it exceeded search pattern filesize limit: Ctrl2_R2_fastqc.html
[2021-11-05 14:07:42,963] multiqc                                            [DEBUG  ]  File ignored by rseqc/junction_annotation because it exceeded search pattern filesize limit: Ctrl2_R2_fastqc.html
[2021-11-05 14:07:42,963] multiqc                                            [DEBUG  ]  File ignored by rseqc/read_distribution because it exceeded search pattern filesize limit: Ctrl2_R2_fastqc.html
[2021-11-05 14:07:42,964] multiqc                                            [DEBUG  ]  File ignored by rseqc/infer_experiment because it exceeded search pattern filesize limit: Ctrl2_R2_fastqc.html
[2021-11-05 14:07:43,496] multiqc                                            [DEBUG  ]  File ignored by ccs/v4 because it exceeded search pattern filesize limit: A2_R1_fastqc.html
[2021-11-05 14:07:43,502] multiqc                                            [DEBUG  ]  File ignored by hicexplorer because it exceeded search pattern filesize limit: A2_R1_fastqc.html
[2021-11-05 14:07:43,505] multiqc                                            [DEBUG  ]  File ignored by nanostat because it exceeded search pattern filesize limit: A2_R1_fastqc.html
[2021-11-05 14:07:43,505] multiqc                                            [DEBUG  ]  File ignored by lima/summary because it exceeded search pattern filesize limit: A2_R1_fastqc.html
[2021-11-05 14:07:43,518] multiqc                                            [DEBUG  ]  File ignored by vep/vep_txt because it exceeded search pattern filesize limit: A2_R1_fastqc.html
[2021-11-05 14:07:43,519] multiqc                                            [DEBUG  ]  File ignored by longranger/invocation because it exceeded search pattern filesize limit: A2_R1_fastqc.html
[2021-11-05 14:07:43,520] multiqc                                            [DEBUG  ]  File ignored by rockhopper because it exceeded search pattern filesize limit: A2_R1_fastqc.html
[2021-11-05 14:07:43,520] multiqc                                            [DEBUG  ]  File ignored by rseqc/bam_stat because it exceeded search pattern filesize limit: A2_R1_fastqc.html
[2021-11-05 14:07:43,520] multiqc                                            [DEBUG  ]  File ignored by rseqc/junction_annotation because it exceeded search pattern filesize limit: A2_R1_fastqc.html
[2021-11-05 14:07:43,521] multiqc                                            [DEBUG  ]  File ignored by rseqc/read_distribution because it exceeded search pattern filesize limit: A2_R1_fastqc.html
[2021-11-05 14:07:43,521] multiqc                                            [DEBUG  ]  File ignored by rseqc/infer_experiment because it exceeded search pattern filesize limit: A2_R1_fastqc.html
[2021-11-05 14:07:44,042] multiqc                                            [DEBUG  ]  File ignored by ccs/v4 because it exceeded search pattern filesize limit: N2_R1_fastqc.html
[2021-11-05 14:07:44,056] multiqc                                            [DEBUG  ]  File ignored by hicexplorer because it exceeded search pattern filesize limit: N2_R1_fastqc.html
[2021-11-05 14:07:44,058] multiqc                                            [DEBUG  ]  File ignored by nanostat because it exceeded search pattern filesize limit: N2_R1_fastqc.html
[2021-11-05 14:07:44,058] multiqc                                            [DEBUG  ]  File ignored by lima/summary because it exceeded search pattern filesize limit: N2_R1_fastqc.html
[2021-11-05 14:07:44,072] multiqc                                            [DEBUG  ]  File ignored by vep/vep_txt because it exceeded search pattern filesize limit: N2_R1_fastqc.html
[2021-11-05 14:07:44,072] multiqc                                            [DEBUG  ]  File ignored by longranger/invocation because it exceeded search pattern filesize limit: N2_R1_fastqc.html
[2021-11-05 14:07:44,073] multiqc                                            [DEBUG  ]  File ignored by rockhopper because it exceeded search pattern filesize limit: N2_R1_fastqc.html
[2021-11-05 14:07:44,073] multiqc                                            [DEBUG  ]  File ignored by rseqc/bam_stat because it exceeded search pattern filesize limit: N2_R1_fastqc.html
[2021-11-05 14:07:44,074] multiqc                                            [DEBUG  ]  File ignored by rseqc/junction_annotation because it exceeded search pattern filesize limit: N2_R1_fastqc.html
[2021-11-05 14:07:44,074] multiqc                                            [DEBUG  ]  File ignored by rseqc/read_distribution because it exceeded search pattern filesize limit: N2_R1_fastqc.html
[2021-11-05 14:07:44,075] multiqc                                            [DEBUG  ]  File ignored by rseqc/infer_experiment because it exceeded search pattern filesize limit: N2_R1_fastqc.html
[2021-11-05 14:07:44,586] multiqc                                            [DEBUG  ]  File ignored by ccs/v4 because it exceeded search pattern filesize limit: N1_R2_fastqc.html
[2021-11-05 14:07:44,593] multiqc                                            [DEBUG  ]  File ignored by hicexplorer because it exceeded search pattern filesize limit: N1_R2_fastqc.html
[2021-11-05 14:07:44,596] multiqc                                            [DEBUG  ]  File ignored by nanostat because it exceeded search pattern filesize limit: N1_R2_fastqc.html
[2021-11-05 14:07:44,596] multiqc                                            [DEBUG  ]  File ignored by lima/summary because it exceeded search pattern filesize limit: N1_R2_fastqc.html
[2021-11-05 14:07:44,619] multiqc                                            [DEBUG  ]  File ignored by vep/vep_txt because it exceeded search pattern filesize limit: N1_R2_fastqc.html
[2021-11-05 14:07:44,619] multiqc                                            [DEBUG  ]  File ignored by longranger/invocation because it exceeded search pattern filesize limit: N1_R2_fastqc.html
[2021-11-05 14:07:44,620] multiqc                                            [DEBUG  ]  File ignored by rockhopper because it exceeded search pattern filesize limit: N1_R2_fastqc.html
[2021-11-05 14:07:44,620] multiqc                                            [DEBUG  ]  File ignored by rseqc/bam_stat because it exceeded search pattern filesize limit: N1_R2_fastqc.html
[2021-11-05 14:07:44,621] multiqc                                            [DEBUG  ]  File ignored by rseqc/junction_annotation because it exceeded search pattern filesize limit: N1_R2_fastqc.html
[2021-11-05 14:07:44,622] multiqc                                            [DEBUG  ]  File ignored by rseqc/read_distribution because it exceeded search pattern filesize limit: N1_R2_fastqc.html
[2021-11-05 14:07:44,623] multiqc                                            [DEBUG  ]  File ignored by rseqc/infer_experiment because it exceeded search pattern filesize limit: N1_R2_fastqc.html
[2021-11-05 14:07:45,210] multiqc                                            [DEBUG  ]  File ignored by ccs/v4 because it exceeded search pattern filesize limit: N6_R2_fastqc.html
[2021-11-05 14:07:45,216] multiqc                                            [DEBUG  ]  File ignored by hicexplorer because it exceeded search pattern filesize limit: N6_R2_fastqc.html
[2021-11-05 14:07:45,220] multiqc                                            [DEBUG  ]  File ignored by nanostat because it exceeded search pattern filesize limit: N6_R2_fastqc.html
[2021-11-05 14:07:45,220] multiqc                                            [DEBUG  ]  File ignored by lima/summary because it exceeded search pattern filesize limit: N6_R2_fastqc.html
[2021-11-05 14:07:45,243] multiqc                                            [DEBUG  ]  File ignored by vep/vep_txt because it exceeded search pattern filesize limit: N6_R2_fastqc.html
[2021-11-05 14:07:45,244] multiqc                                            [DEBUG  ]  File ignored by longranger/invocation because it exceeded search pattern filesize limit: N6_R2_fastqc.html
[2021-11-05 14:07:45,244] multiqc                                            [DEBUG  ]  File ignored by rockhopper because it exceeded search pattern filesize limit: N6_R2_fastqc.html
[2021-11-05 14:07:45,244] multiqc                                            [DEBUG  ]  File ignored by rseqc/bam_stat because it exceeded search pattern filesize limit: N6_R2_fastqc.html
[2021-11-05 14:07:45,245] multiqc                                            [DEBUG  ]  File ignored by rseqc/junction_annotation because it exceeded search pattern filesize limit: N6_R2_fastqc.html
[2021-11-05 14:07:45,245] multiqc                                            [DEBUG  ]  File ignored by rseqc/read_distribution because it exceeded search pattern filesize limit: N6_R2_fastqc.html
[2021-11-05 14:07:45,246] multiqc                                            [DEBUG  ]  File ignored by rseqc/infer_experiment because it exceeded search pattern filesize limit: N6_R2_fastqc.html
[2021-11-05 14:07:45,737] multiqc                                            [DEBUG  ]  File ignored by ccs/v4 because it exceeded search pattern filesize limit: F2_R1_fastqc.html
[2021-11-05 14:07:45,745] multiqc                                            [DEBUG  ]  File ignored by hicexplorer because it exceeded search pattern filesize limit: F2_R1_fastqc.html
[2021-11-05 14:07:45,746] multiqc                                            [DEBUG  ]  File ignored by nanostat because it exceeded search pattern filesize limit: F2_R1_fastqc.html
[2021-11-05 14:07:45,747] multiqc                                            [DEBUG  ]  File ignored by lima/summary because it exceeded search pattern filesize limit: F2_R1_fastqc.html
[2021-11-05 14:07:45,760] multiqc                                            [DEBUG  ]  File ignored by vep/vep_txt because it exceeded search pattern filesize limit: F2_R1_fastqc.html
[2021-11-05 14:07:45,761] multiqc                                            [DEBUG  ]  File ignored by longranger/invocation because it exceeded search pattern filesize limit: F2_R1_fastqc.html
[2021-11-05 14:07:45,761] multiqc                                            [DEBUG  ]  File ignored by rockhopper because it exceeded search pattern filesize limit: F2_R1_fastqc.html
[2021-11-05 14:07:45,762] multiqc                                            [DEBUG  ]  File ignored by rseqc/bam_stat because it exceeded search pattern filesize limit: F2_R1_fastqc.html
[2021-11-05 14:07:45,763] multiqc                                            [DEBUG  ]  File ignored by rseqc/junction_annotation because it exceeded search pattern filesize limit: F2_R1_fastqc.html
[2021-11-05 14:07:45,763] multiqc                                            [DEBUG  ]  File ignored by rseqc/read_distribution because it exceeded search pattern filesize limit: F2_R1_fastqc.html
[2021-11-05 14:07:45,764] multiqc                                            [DEBUG  ]  File ignored by rseqc/infer_experiment because it exceeded search pattern filesize limit: F2_R1_fastqc.html
[2021-11-05 14:07:46,255] multiqc                                            [DEBUG  ]  File ignored by ccs/v4 because it exceeded search pattern filesize limit: N4_R1_fastqc.html
[2021-11-05 14:07:46,265] multiqc                                            [DEBUG  ]  File ignored by hicexplorer because it exceeded search pattern filesize limit: N4_R1_fastqc.html
[2021-11-05 14:07:46,266] multiqc                                            [DEBUG  ]  File ignored by nanostat because it exceeded search pattern filesize limit: N4_R1_fastqc.html
[2021-11-05 14:07:46,267] multiqc                                            [DEBUG  ]  File ignored by lima/summary because it exceeded search pattern filesize limit: N4_R1_fastqc.html
[2021-11-05 14:07:46,281] multiqc                                            [DEBUG  ]  File ignored by vep/vep_txt because it exceeded search pattern filesize limit: N4_R1_fastqc.html
[2021-11-05 14:07:46,282] multiqc                                            [DEBUG  ]  File ignored by longranger/invocation because it exceeded search pattern filesize limit: N4_R1_fastqc.html
[2021-11-05 14:07:46,282] multiqc                                            [DEBUG  ]  File ignored by rockhopper because it exceeded search pattern filesize limit: N4_R1_fastqc.html
[2021-11-05 14:07:46,283] multiqc                                            [DEBUG  ]  File ignored by rseqc/bam_stat because it exceeded search pattern filesize limit: N4_R1_fastqc.html
[2021-11-05 14:07:46,284] multiqc                                            [DEBUG  ]  File ignored by rseqc/junction_annotation because it exceeded search pattern filesize limit: N4_R1_fastqc.html
[2021-11-05 14:07:46,285] multiqc                                            [DEBUG  ]  File ignored by rseqc/read_distribution because it exceeded search pattern filesize limit: N4_R1_fastqc.html
[2021-11-05 14:07:46,285] multiqc                                            [DEBUG  ]  File ignored by rseqc/infer_experiment because it exceeded search pattern filesize limit: N4_R1_fastqc.html
[2021-11-05 14:07:48,706] multiqc.plots.bargraph                             [DEBUG  ]  Using matplotlib version 3.4.3
[2021-11-05 14:07:48,710] multiqc.plots.linegraph                            [DEBUG  ]  Using matplotlib version 3.4.3
[2021-11-05 14:07:48,716] multiqc                                            [DEBUG  ]  No samples found: custom_content
[2021-11-05 14:07:48,735] multiqc                                            [DEBUG  ]  No samples found: ccs
[2021-11-05 14:07:48,762] multiqc                                            [DEBUG  ]  No samples found: ngsderive
[2021-11-05 14:07:48,784] multiqc                                            [DEBUG  ]  No samples found: purple
[2021-11-05 14:07:48,807] multiqc                                            [DEBUG  ]  No samples found: conpair
[2021-11-05 14:07:48,833] multiqc                                            [DEBUG  ]  No samples found: lima
[2021-11-05 14:07:48,855] multiqc                                            [DEBUG  ]  No samples found: peddy
[2021-11-05 14:07:48,881] multiqc                                            [DEBUG  ]  No samples found: somalier
[2021-11-05 14:07:48,902] multiqc                                            [DEBUG  ]  No samples found: methylQA
[2021-11-05 14:07:48,934] multiqc.modules.mosdepth.mosdepth                  [DEBUG  ]  include_contigs: []
[2021-11-05 14:07:48,934] multiqc.modules.mosdepth.mosdepth                  [DEBUG  ]  exclude_contigs: []
[2021-11-05 14:07:48,935] multiqc                                            [DEBUG  ]  No samples found: mosdepth
[2021-11-05 14:07:48,955] multiqc                                            [DEBUG  ]  No samples found: phantompeakqualtools
[2021-11-05 14:07:48,977] multiqc                                            [DEBUG  ]  No samples found: qualimap
[2021-11-05 14:07:49,000] multiqc                                            [DEBUG  ]  No samples found: preseq
[2021-11-05 14:07:49,035] multiqc                                            [DEBUG  ]  No samples found: quast
[2021-11-05 14:07:49,056] multiqc                                            [DEBUG  ]  No samples found: qorts
[2021-11-05 14:07:49,077] multiqc                                            [DEBUG  ]  No samples found: rna_seqc
[2021-11-05 14:07:49,098] multiqc                                            [DEBUG  ]  No samples found: rockhopper
[2021-11-05 14:07:49,120] multiqc                                            [DEBUG  ]  No samples found: rsem
[2021-11-05 14:07:49,166] multiqc                                            [DEBUG  ]  No samples found: rseqc
[2021-11-05 14:07:49,184] multiqc                                            [DEBUG  ]  No samples found: busco
[2021-11-05 14:07:49,202] multiqc                                            [DEBUG  ]  No samples found: bustools
[2021-11-05 14:07:49,225] multiqc                                            [DEBUG  ]  No samples found: goleft_indexcov
[2021-11-05 14:07:49,254] multiqc                                            [DEBUG  ]  No samples found: gffcompare
[2021-11-05 14:07:49,278] multiqc                                            [DEBUG  ]  No samples found: disambiguate
[2021-11-05 14:07:49,305] multiqc                                            [DEBUG  ]  No samples found: supernova
[2021-11-05 14:07:49,348] multiqc                                            [DEBUG  ]  No samples found: deeptools
[2021-11-05 14:07:49,374] multiqc                                            [DEBUG  ]  No samples found: sargasso
[2021-11-05 14:07:49,397] multiqc                                            [DEBUG  ]  No samples found: verifybamid
[2021-11-05 14:07:49,424] multiqc                                            [DEBUG  ]  No samples found: mirtrace
[2021-11-05 14:07:49,449] multiqc                                            [DEBUG  ]  No samples found: happy
[2021-11-05 14:07:49,480] multiqc                                            [DEBUG  ]  No samples found: mirtop
[2021-11-05 14:07:49,510] multiqc                                            [DEBUG  ]  No samples found: sambamba
[2021-11-05 14:07:49,537] multiqc                                            [DEBUG  ]  No samples found: homer
[2021-11-05 14:07:49,557] multiqc                                            [DEBUG  ]  No samples found: hops
[2021-11-05 14:07:49,579] multiqc                                            [DEBUG  ]  No samples found: macs2
[2021-11-05 14:07:49,602] multiqc                                            [DEBUG  ]  No samples found: theta2
[2021-11-05 14:07:49,629] multiqc                                            [DEBUG  ]  No samples found: snpeff
[2021-11-05 14:07:49,659] multiqc                                            [DEBUG  ]  No samples found: gatk
[2021-11-05 14:07:49,681] multiqc                                            [DEBUG  ]  No samples found: htseq
[2021-11-05 14:07:49,705] multiqc                                            [DEBUG  ]  No samples found: bcftools
[2021-11-05 14:07:49,727] multiqc                                            [DEBUG  ]  No samples found: featureCounts
[2021-11-05 14:07:49,767] multiqc                                            [DEBUG  ]  No samples found: fgbio
[2021-11-05 14:07:49,808] multiqc                                            [DEBUG  ]  No samples found: dragen
[2021-11-05 14:07:49,835] multiqc                                            [DEBUG  ]  No samples found: dedup
[2021-11-05 14:07:49,860] multiqc                                            [DEBUG  ]  No samples found: damageprofiler
[2021-11-05 14:07:49,938] multiqc                                            [DEBUG  ]  No samples found: biobambam2
[2021-11-05 14:07:49,962] multiqc                                            [DEBUG  ]  No samples found: jcvi
[2021-11-05 14:07:49,986] multiqc                                            [DEBUG  ]  No samples found: mtnucratio
[2021-11-05 14:07:50,007] multiqc                                            [DEBUG  ]  No samples found: picard
[2021-11-05 14:07:50,028] multiqc                                            [DEBUG  ]  No samples found: vep
[2021-11-05 14:07:50,057] multiqc                                            [DEBUG  ]  No samples found: sentieon
[2021-11-05 14:07:50,083] multiqc                                            [DEBUG  ]  No samples found: prokka
[2021-11-05 14:07:50,106] multiqc                                            [DEBUG  ]  No samples found: qc3C
[2021-11-05 14:07:50,127] multiqc                                            [DEBUG  ]  No samples found: nanostat
[2021-11-05 14:07:50,150] multiqc                                            [DEBUG  ]  No samples found: samblaster
[2021-11-05 14:07:50,181] multiqc                                            [DEBUG  ]  No samples found: samtools
[2021-11-05 14:07:50,206] multiqc                                            [DEBUG  ]  No samples found: sexdeterrmine
[2021-11-05 14:07:50,230] multiqc                                            [DEBUG  ]  No samples found: eigenstratdatabasetools
[2021-11-05 14:07:50,263] multiqc                                            [DEBUG  ]  No samples found: bamtools
[2021-11-05 14:07:50,284] multiqc                                            [DEBUG  ]  No samples found: jellyfish
[2021-11-05 14:07:50,318] multiqc                                            [DEBUG  ]  No samples found: vcftools
[2021-11-05 14:07:50,340] multiqc                                            [DEBUG  ]  No samples found: longranger
[2021-11-05 14:07:50,359] multiqc                                            [DEBUG  ]  No samples found: stacks
[2021-11-05 14:07:50,383] multiqc                                            [DEBUG  ]  No samples found: varscan2
[2021-11-05 14:07:50,406] multiqc                                            [DEBUG  ]  No samples found: snippy
[2021-11-05 14:07:50,455] multiqc                                            [DEBUG  ]  No samples found: bbmap
[2021-11-05 14:07:50,481] multiqc                                            [DEBUG  ]  No samples found: bismark
[2021-11-05 14:07:50,503] multiqc                                            [DEBUG  ]  No samples found: biscuit
[2021-11-05 14:07:50,527] multiqc                                            [DEBUG  ]  No samples found: hicexplorer
[2021-11-05 14:07:50,552] multiqc                                            [DEBUG  ]  No samples found: hicup
[2021-11-05 14:07:50,581] multiqc                                            [DEBUG  ]  No samples found: hicpro
[2021-11-05 14:07:50,612] multiqc                                            [DEBUG  ]  No samples found: salmon
[2021-11-05 14:07:50,633] multiqc                                            [DEBUG  ]  No samples found: kallisto
[2021-11-05 14:07:50,663] multiqc                                            [DEBUG  ]  No samples found: slamdunk
[2021-11-05 14:07:50,681] multiqc                                            [DEBUG  ]  No samples found: star
[2021-11-05 14:07:50,704] multiqc                                            [DEBUG  ]  No samples found: hisat2
[2021-11-05 14:07:50,728] multiqc                                            [DEBUG  ]  No samples found: tophat
[2021-11-05 14:07:50,747] multiqc                                            [DEBUG  ]  No samples found: bowtie2
[2021-11-05 14:07:50,773] multiqc                                            [DEBUG  ]  No samples found: bowtie1
[2021-11-05 14:07:50,793] multiqc                                            [DEBUG  ]  No samples found: snpsplit
[2021-11-05 14:07:50,815] multiqc                                            [DEBUG  ]  No samples found: odgi
[2021-11-05 14:07:50,841] multiqc                                            [DEBUG  ]  No samples found: pangolin
[2021-11-05 14:07:50,859] multiqc                                            [DEBUG  ]  No samples found: kat
[2021-11-05 14:07:50,887] multiqc                                            [DEBUG  ]  No samples found: leehom
[2021-11-05 14:07:50,909] multiqc                                            [DEBUG  ]  No samples found: adapterRemoval
[2021-11-05 14:07:50,927] multiqc                                            [DEBUG  ]  No samples found: clipandmerge
[2021-11-05 14:07:50,952] multiqc                                            [DEBUG  ]  No samples found: cutadapt
[2021-11-05 14:07:50,987] multiqc                                            [DEBUG  ]  No samples found: flexbar
[2021-11-05 14:07:51,013] multiqc                                            [DEBUG  ]  No samples found: kaiju
[2021-11-05 14:07:51,031] multiqc                                            [DEBUG  ]  No samples found: kraken
[2021-11-05 14:07:51,067] multiqc                                            [DEBUG  ]  No samples found: malt
[2021-11-05 14:07:51,090] multiqc                                            [DEBUG  ]  No samples found: trimmomatic
[2021-11-05 14:07:51,114] multiqc                                            [DEBUG  ]  No samples found: sickle
[2021-11-05 14:07:51,137] multiqc                                            [DEBUG  ]  No samples found: skewer
[2021-11-05 14:07:51,163] multiqc                                            [DEBUG  ]  No samples found: sortmerna
[2021-11-05 14:07:51,185] multiqc                                            [DEBUG  ]  No samples found: biobloomtools
[2021-11-05 14:07:51,213] multiqc                                            [DEBUG  ]  No samples found: fastq_screen
[2021-11-05 14:07:51,237] multiqc                                            [DEBUG  ]  No samples found: afterqc
[2021-11-05 14:07:51,261] multiqc                                            [DEBUG  ]  No samples found: fastp
[2021-11-05 14:07:58,727] multiqc.modules.fastqc.fastqc                      [INFO   ]  Found 22 reports
[2021-11-05 14:08:00,928] multiqc                                            [DEBUG  ]  No samples found: pychopper
[2021-11-05 14:08:00,948] multiqc                                            [DEBUG  ]  No samples found: pycoqc
[2021-11-05 14:08:00,971] multiqc                                            [DEBUG  ]  No samples found: minionqc
[2021-11-05 14:08:01,002] multiqc                                            [DEBUG  ]  No samples found: multivcfanalyzer
[2021-11-05 14:08:01,023] multiqc                                            [DEBUG  ]  No samples found: clusterflow
[2021-11-05 14:08:01,048] multiqc                                            [DEBUG  ]  No samples found: bcl2fastq
[2021-11-05 14:08:01,088] multiqc                                            [DEBUG  ]  No samples found: bclconvert
[2021-11-05 14:08:01,114] multiqc                                            [DEBUG  ]  No samples found: interop
[2021-11-05 14:08:01,132] multiqc                                            [DEBUG  ]  No samples found: ivar
[2021-11-05 14:08:01,159] multiqc                                            [DEBUG  ]  No samples found: flash
[2021-11-05 14:08:01,184] multiqc                                            [DEBUG  ]  No samples found: seqyclean
[2021-11-05 14:08:01,207] multiqc                                            [DEBUG  ]  No samples found: optitype
[2021-11-05 14:08:01,368] multiqc                                            [INFO   ]  Compressing plot data
[2021-11-05 14:08:03,296] multiqc                                            [WARNING]  Previous MultiQC output found! Adjusting filenames..
[2021-11-05 14:08:03,298] multiqc                                            [WARNING]  Use -f or --force to overwrite existing reports instead
[2021-11-05 14:08:03,299] multiqc                                            [INFO   ]  Report      : multiqc_report_1.html
[2021-11-05 14:08:03,301] multiqc                                            [INFO   ]  Data        : multiqc_data_1
[2021-11-05 14:08:03,302] multiqc                                            [DEBUG  ]  Moving data file from '/var/folders/6z/hz95tt497dgd98vmjzfch5nw0000gn/T/tmp5kraimly/multiqc_data' to '/Users/modesto/freeDNA_data/multiqc_data_1'
[2021-11-05 14:08:04,003] multiqc                                            [INFO   ]  MultiQC complete
