Aligning contigs to reference...
	Aligning contigs to the reference
Filtering alignments...
Parsing coords...
Loading reference...
	Loaded [GCF_000005845.2_ASM584v2_genomic_NC_000913.3]
	Total Regions: 1
	Total Region Length: 4641652
Analyzing contigs...
CONTIG: NODE_3_length_327461_cov_94.838772 (327461bp)
Best alignment score: 327359.0 (LEN: 327359, IDY: 100.00), Total number of alignments: 1
		One align captures most of this contig: 1651135 1978494 | 327410 52 | 327360 327359 | 100.0 | GCF_000005845.2_ASM584v2_genomic_NC_000913.3 NODE_3_length_327461_cov_94.838772

CONTIG: NODE_5_length_271084_cov_72.281490 (271084bp)
Best alignment score: 250561.0 (LEN: 250561, IDY: 100.00), Total number of alignments: 2
			Looking for the best set of alignments (out of 2 total alignments)
			The best set is below. Score: 270833.5, number of alignments: 2, unaligned bases: 0
		This contig is misassembled.
			Excluding internal overlap of size 1 between Alignment 1 and 2: 1029359 1049882 | 250561 271084 | 20524 20524 --> 1029360 1049882 | 250562 271084 | 20523 20523
			Real Alignment 1: 781390 1031950 | 1 250561 | 250561 250561 | 100.0 | GCF_000005845.2_ASM584v2_genomic_NC_000913.3 NODE_5_length_271084_cov_72.281490
			  Extensive misassembly (relocation, inconsistency = -2591) between these two alignments
			Real Alignment 2: 1029360 1049882 | 250562 271084 | 20523 20523 | 100.0 | GCF_000005845.2_ASM584v2_genomic_NC_000913.3 NODE_5_length_271084_cov_72.281490

CONTIG: NODE_7_length_226659_cov_80.666573 (226659bp)
Best alignment score: 48914.1 (LEN: 48919, IDY: 99.99), Total number of alignments: 7
			Looking for the best set of alignments (out of 7 total alignments)
			Skipping redundant alignments after choosing the best set of alignments
		Skipping redundant alignment 2817682 2818136 | 185261 184807 | 455 455 | 97.8 | GCF_000005845.2_ASM584v2_genomic_NC_000913.3 NODE_7_length_226659_cov_80.666573
			The best set is below. Score: 225784.6, number of alignments: 6, unaligned bases: 0
		This contig is misassembled.
			Excluding internal overlap of size 191 between Alignment 1 and 2: 2921451 2947575 | 74853 48729 | 26125 26125 --> 2921451 2947384 | 74853 48920 | 25934 25934
			Real Alignment 1: 2947495 2996413 | 48919 1 | 48919 48919 | 99.99 | GCF_000005845.2_ASM584v2_genomic_NC_000913.3 NODE_7_length_226659_cov_80.666573
			  Gap between these two alignments (local misassembly). Inconsistency = 110
			Excluding internal overlap of size 1 between Alignment 2 and 3: 2908557 2924590 | 90886 74853 | 16034 16034 --> 2908557 2924589 | 90886 74854 | 16033 16033
			Real Alignment 2: 2921451 2947384 | 74853 48920 | 25934 25934 | 100.0 | GCF_000005845.2_ASM584v2_genomic_NC_000913.3 NODE_7_length_226659_cov_80.666573
			  Extensive misassembly (relocation, inconsistency = -3139) between these two alignments
			Excluding internal overlap of size 1 between Alignment 3 and 4: 2908557 2924589 | 90886 74854 | 16033 16033 --> 2908558 2924589 | 90885 74854 | 16032 16032
			Real Alignment 3: 2908558 2924589 | 90885 74854 | 16032 16032 | 100.0 | GCF_000005845.2_ASM584v2_genomic_NC_000913.3 NODE_7_length_226659_cov_80.666573
			  Extensive misassembly (relocation, inconsistency = -2729) between these two alignments
			Real Alignment 4: 2862788 2911286 | 139384 90886 | 48499 48499 | 100.0 | GCF_000005845.2_ASM584v2_genomic_NC_000913.3 NODE_7_length_226659_cov_80.666573
			  Extensive misassembly (relocation, inconsistency = -1185) between these two alignments
			Excluding internal overlap of size 160 between Alignment 5 and 6: 2776559 2818216 | 226659 185001 | 41658 41659 --> 2776559 2818057 | 226659 185161 | 41499 41499
			Real Alignment 5: 2818197 2863972 | 185160 139385 | 45776 45776 | 99.96 | GCF_000005845.2_ASM584v2_genomic_NC_000913.3 NODE_7_length_226659_cov_80.666573
			  Gap between these two alignments (local misassembly). Inconsistency = 139
			Real Alignment 6: 2776559 2818057 | 226659 185161 | 41499 41499 | 99.99 | GCF_000005845.2_ASM584v2_genomic_NC_000913.3 NODE_7_length_226659_cov_80.666573

CONTIG: NODE_9_length_172203_cov_80.120147 (172203bp)
Best alignment score: 172203.0 (LEN: 172203, IDY: 100.00), Total number of alignments: 1
		One align captures most of this contig: 4326033 4498234 | 1 172203 | 172202 172203 | 100.0 | GCF_000005845.2_ASM584v2_genomic_NC_000913.3 NODE_9_length_172203_cov_80.120147

CONTIG: NODE_10_length_171185_cov_64.219038 (171185bp)
Best alignment score: 90822.0 (LEN: 90822, IDY: 100.00), Total number of alignments: 3
			Looking for the best set of alignments (out of 3 total alignments)
			The best set is below. Score: 171053.1, number of alignments: 3, unaligned bases: 54
		This contig is misassembled.
			Excluding internal overlap of size 185 between Alignment 1 and 2: 2662399 2692072 | 29728 55 | 29674 29674 --> 2662584 2692072 | 29543 55 | 29489 29489
			Real Alignment 1: 2662584 2692072 | 29543 55 | 29489 29489 | 99.98 | GCF_000005845.2_ASM584v2_genomic_NC_000913.3 NODE_10_length_171185_cov_64.219038
			  Gap between these two alignments (local misassembly). Inconsistency = 91
			Real Alignment 2: 2571671 2662492 | 120365 29544 | 90822 90822 | 100.0 | GCF_000005845.2_ASM584v2_genomic_NC_000913.3 NODE_10_length_171185_cov_64.219038
			  Overlap between these two alignments (local misassembly). Inconsistency = -622
			Real Alignment 3: 2521473 2572292 | 171185 120366 | 50820 50820 | 100.0 | GCF_000005845.2_ASM584v2_genomic_NC_000913.3 NODE_10_length_171185_cov_64.219038

CONTIG: NODE_11_length_150001_cov_85.109586 (150001bp)
Best alignment score: 121235.0 (LEN: 121235, IDY: 100.00), Total number of alignments: 3
			Looking for the best set of alignments (out of 3 total alignments)
			The best set is below. Score: 149751.0, number of alignments: 3, unaligned bases: 0
		This contig is misassembled.
			Real Alignment 1: 4508627 4521951 | 1 13325 | 13325 13325 | 100.0 | GCF_000005845.2_ASM584v2_genomic_NC_000913.3 NODE_11_length_150001_cov_85.109586
			  Extensive misassembly (relocation, inconsistency = -1534) between these two alignments
			Real Alignment 2: 4520418 4641652 | 13326 134560 | 121235 121235 | 100.0 | GCF_000005845.2_ASM584v2_genomic_NC_000913.3 NODE_11_length_150001_cov_85.109586
			  Not a misassembly [linear representation of circular genome] between these two alignments
			Real Alignment 3: 1 15441 | 134561 150001 | 15441 15441 | 100.0 | GCF_000005845.2_ASM584v2_genomic_NC_000913.3 NODE_11_length_150001_cov_85.109586

CONTIG: NODE_12_length_148124_cov_52.841486 (148124bp)
Best alignment score: 148070.0 (LEN: 148070, IDY: 100.00), Total number of alignments: 1
		One align captures most of this contig: 20510 168579 | 1 148070 | 148070 148070 | 100.0 | GCF_000005845.2_ASM584v2_genomic_NC_000913.3 NODE_12_length_148124_cov_52.841486

CONTIG: NODE_13_length_143836_cov_94.555282 (143836bp)
Best alignment score: 134119.6 (LEN: 134133, IDY: 99.99), Total number of alignments: 2
			Looking for the best set of alignments (out of 2 total alignments)
			The best set is below. Score: 143520.6, number of alignments: 2, unaligned bases: 51
		This contig is misassembled.
			Excluding internal overlap of size 2 between Alignment 1 and 2: 3897126 3906779 | 134132 143785 | 9654 9654 --> 3897128 3906779 | 134134 143785 | 9652 9652
			Real Alignment 1: 3765775 3899907 | 1 134133 | 134133 134133 | 99.99 | GCF_000005845.2_ASM584v2_genomic_NC_000913.3 NODE_13_length_143836_cov_94.555282
			  Extensive misassembly (relocation, inconsistency = -2780) between these two alignments
			Real Alignment 2: 3897128 3906779 | 134134 143785 | 9652 9652 | 100.0 | GCF_000005845.2_ASM584v2_genomic_NC_000913.3 NODE_13_length_143836_cov_94.555282

CONTIG: NODE_14_length_132867_cov_63.604320 (132867bp)
Best alignment score: 132867.0 (LEN: 132867, IDY: 100.00), Total number of alignments: 1
		One align captures most of this contig: 392918 525784 | 1 132867 | 132867 132867 | 100.0 | GCF_000005845.2_ASM584v2_genomic_NC_000913.3 NODE_14_length_132867_cov_63.604320

CONTIG: NODE_15_length_132556_cov_67.684153 (132556bp)
Best alignment score: 132556.0 (LEN: 132556, IDY: 100.00), Total number of alignments: 1
		One align captures most of this contig: 2997640 3130195 | 1 132556 | 132556 132556 | 100.0 | GCF_000005845.2_ASM584v2_genomic_NC_000913.3 NODE_15_length_132556_cov_67.684153

CONTIG: NODE_16_length_118658_cov_109.966097 (118658bp)
Best alignment score: 91718.0 (LEN: 91718, IDY: 100.00), Total number of alignments: 2
			Looking for the best set of alignments (out of 2 total alignments)
			The best set is below. Score: 118404.8, number of alignments: 2, unaligned bases: 0
		This contig is misassembled.
			Excluding internal overlap of size 1 between Alignment 1 and 2: 2171374 2198316 | 118658 91718 | 26943 26941 --> 2171374 2198315 | 118658 91719 | 26942 26940
			Real Alignment 1: 2197253 2288970 | 91718 1 | 91718 91718 | 100.0 | GCF_000005845.2_ASM584v2_genomic_NC_000913.3 NODE_16_length_118658_cov_109.966097
			  Extensive misassembly (relocation, inconsistency = -1063) between these two alignments
			Real Alignment 2: 2171374 2198315 | 118658 91719 | 26942 26940 | 99.99 | GCF_000005845.2_ASM584v2_genomic_NC_000913.3 NODE_16_length_118658_cov_109.966097

CONTIG: NODE_17_length_116670_cov_77.175123 (116670bp)
Best alignment score: 102265.8 (LEN: 102276, IDY: 99.99), Total number of alignments: 2
			Looking for the best set of alignments (out of 2 total alignments)
			The best set is below. Score: 116545.9, number of alignments: 2, unaligned bases: 53
		This contig is misassembled.
			Excluding internal overlap of size 553 between Alignment 1 and 2: 2290059 2304952 | 1 14894 | 14894 14894 --> 2290059 2304399 | 1 14341 | 14341 14341
			Real Alignment 1: 2290059 2304399 | 1 14341 | 14341 14341 | 99.91 | GCF_000005845.2_ASM584v2_genomic_NC_000913.3 NODE_17_length_116670_cov_77.175123
			  Gap between these two alignments (local misassembly). Inconsistency = 113
			Real Alignment 2: 2304513 2406788 | 14342 116617 | 102276 102276 | 99.99 | GCF_000005845.2_ASM584v2_genomic_NC_000913.3 NODE_17_length_116670_cov_77.175123

CONTIG: NODE_18_length_114646_cov_62.079570 (114646bp)
Best alignment score: 110380.0 (LEN: 110380, IDY: 100.00), Total number of alignments: 2
			Looking for the best set of alignments (out of 2 total alignments)
			The best set is below. Score: 114394.5, number of alignments: 2, unaligned bases: 0
		This contig is misassembled.
			Excluding internal overlap of size 3 between Alignment 1 and 2: 3579213 3583481 | 4269 1 | 4269 4269 --> 3579216 3583481 | 4266 1 | 4266 4266
			Real Alignment 1: 3579216 3583481 | 4266 1 | 4266 4266 | 100.0 | GCF_000005845.2_ASM584v2_genomic_NC_000913.3 NODE_18_length_114646_cov_62.079570
			  Extensive misassembly (relocation, inconsistency = -2303) between these two alignments
			Real Alignment 2: 3471140 3581518 | 114646 4267 | 110379 110380 | 100.0 | GCF_000005845.2_ASM584v2_genomic_NC_000913.3 NODE_18_length_114646_cov_62.079570

CONTIG: NODE_19_length_114111_cov_66.061645 (114111bp)
Best alignment score: 54340.1 (LEN: 54351, IDY: 99.98), Total number of alignments: 3
			Looking for the best set of alignments (out of 3 total alignments)
			The best set is below. Score: 113792.8, number of alignments: 3, unaligned bases: 0
		This contig is misassembled.
			Excluding internal overlap of size 1 between Alignment 1 and 2: 4213112 4243409 | 1 30298 | 30298 30298 --> 4213112 4243408 | 1 30297 | 30297 30297
			Real Alignment 1: 4213112 4243408 | 1 30297 | 30297 30297 | 100.0 | GCF_000005845.2_ASM584v2_genomic_NC_000913.3 NODE_19_length_114111_cov_66.061645
			  Extensive misassembly (relocation, inconsistency = -1437) between these two alignments
			Excluding internal overlap of size 488 between Alignment 2 and 3: 4295948 4325896 | 84161 114111 | 29949 29951 --> 4296434 4325896 | 84649 114111 | 29463 29463
			Real Alignment 2: 4241972 4296322 | 30298 84648 | 54351 54351 | 99.98 | GCF_000005845.2_ASM584v2_genomic_NC_000913.3 NODE_19_length_114111_cov_66.061645
			  Gap between these two alignments (local misassembly). Inconsistency = 111
			Real Alignment 3: 4296434 4325896 | 84649 114111 | 29463 29463 | 99.97 | GCF_000005845.2_ASM584v2_genomic_NC_000913.3 NODE_19_length_114111_cov_66.061645

CONTIG: NODE_20_length_107653_cov_80.837887 (107653bp)
Best alignment score: 95401.0 (LEN: 95401, IDY: 100.00), Total number of alignments: 2
			Looking for the best set of alignments (out of 2 total alignments)
			The best set is below. Score: 107401.0, number of alignments: 2, unaligned bases: 0
		This contig is misassembled.
			Excluding internal overlap of size 4 between Alignment 1 and 2: 1287243 1299498 | 1 12256 | 12256 12256 --> 1287243 1299494 | 1 12252 | 12252 12252
			Real Alignment 1: 1287243 1299494 | 1 12252 | 12252 12252 | 100.0 | GCF_000005845.2_ASM584v2_genomic_NC_000913.3 NODE_20_length_107653_cov_80.837887
			  Extensive misassembly (relocation, inconsistency = 1199) between these two alignments
			Real Alignment 2: 1300694 1396094 | 12253 107653 | 95401 95401 | 100.0 | GCF_000005845.2_ASM584v2_genomic_NC_000913.3 NODE_20_length_107653_cov_80.837887

CONTIG: NODE_21_length_107600_cov_92.719689 (107600bp)
Best alignment score: 107548.0 (LEN: 107548, IDY: 100.00), Total number of alignments: 1
		One align captures most of this contig: 2406780 2514327 | 53 107600 | 107548 107548 | 100.0 | GCF_000005845.2_ASM584v2_genomic_NC_000913.3 NODE_21_length_107600_cov_92.719689

CONTIG: NODE_22_length_102523_cov_76.229945 (102523bp)
Best alignment score: 102431.0 (LEN: 102431, IDY: 100.00), Total number of alignments: 1
		One align captures most of this contig: 1105375 1207805 | 102470 40 | 102431 102431 | 100.0 | GCF_000005845.2_ASM584v2_genomic_NC_000913.3 NODE_22_length_102523_cov_76.229945

CONTIG: NODE_23_length_102016_cov_63.030384 (102016bp)
Best alignment score: 95612.0 (LEN: 95612, IDY: 100.00), Total number of alignments: 2
			Looking for the best set of alignments (out of 2 total alignments)
			The best set is below. Score: 101915.7, number of alignments: 2, unaligned bases: 51
		This contig is misassembled.
			Excluding internal overlap of size 244 between Alignment 1 and 2: 3263529 3270125 | 101965 95369 | 6597 6597 --> 3263529 3269881 | 101965 95613 | 6353 6353
			Real Alignment 1: 3269995 3365606 | 95612 1 | 95612 95612 | 100.0 | GCF_000005845.2_ASM584v2_genomic_NC_000913.3 NODE_23_length_102016_cov_63.030384
			  Gap between these two alignments (local misassembly). Inconsistency = 113
			Real Alignment 2: 3263529 3269881 | 101965 95613 | 6353 6353 | 99.98 | GCF_000005845.2_ASM584v2_genomic_NC_000913.3 NODE_23_length_102016_cov_63.030384

CONTIG: NODE_24_length_88325_cov_60.835924 (88325bp)
Best alignment score: 88325.0 (LEN: 88325, IDY: 100.00), Total number of alignments: 1
		One align captures most of this contig: 3946895 4035219 | 88325 1 | 88325 88325 | 100.0 | GCF_000005845.2_ASM584v2_genomic_NC_000913.3 NODE_24_length_88325_cov_60.835924

CONTIG: NODE_26_length_83141_cov_84.300339 (83141bp)
Best alignment score: 53875.6 (LEN: 53881, IDY: 99.99), Total number of alignments: 2
			Looking for the best set of alignments (out of 2 total alignments)
			The best set is below. Score: 83037.6, number of alignments: 2, unaligned bases: 50
		This contig is misassembled.
			Excluding internal overlap of size 289 between Alignment 1 and 2: 4094430 4123928 | 29549 51 | 29499 29499 --> 4094719 4123928 | 29260 51 | 29210 29210
			Real Alignment 1: 4094719 4123928 | 29260 51 | 29210 29210 | 100.0 | GCF_000005845.2_ASM584v2_genomic_NC_000913.3 NODE_26_length_83141_cov_84.300339
			  Gap between these two alignments (local misassembly). Inconsistency = 92
			Real Alignment 2: 4040746 4094626 | 83141 29261 | 53881 53881 | 99.99 | GCF_000005845.2_ASM584v2_genomic_NC_000913.3 NODE_26_length_83141_cov_84.300339

CONTIG: NODE_27_length_78604_cov_76.814765 (78604bp)
Best alignment score: 78604.0 (LEN: 78604, IDY: 100.00), Total number of alignments: 1
		One align captures most of this contig: 609297 687900 | 78604 1 | 78604 78604 | 100.0 | GCF_000005845.2_ASM584v2_genomic_NC_000913.3 NODE_27_length_78604_cov_76.814765

CONTIG: NODE_28_length_76036_cov_85.254735 (76036bp)
Best alignment score: 47696.0 (LEN: 47696, IDY: 100.00), Total number of alignments: 3
			Looking for the best set of alignments (out of 3 total alignments)
			The best set is below. Score: 75675.6, number of alignments: 3, unaligned bases: 53
		This contig is misassembled.
			Real Alignment 1: 3667382 3689336 | 1 21921 | 21955 21921 | 99.85 | GCF_000005845.2_ASM584v2_genomic_NC_000913.3 NODE_28_length_76036_cov_85.254735
			  Overlap between these two alignments (local misassembly). Inconsistency = -601
			Excluding internal overlap of size 1 between Alignment 2 and 3: 3730775 3737141 | 69617 75983 | 6367 6367 --> 3730776 3737141 | 69618 75983 | 6366 6366
			Real Alignment 2: 3688736 3736431 | 21922 69617 | 47696 47696 | 100.0 | GCF_000005845.2_ASM584v2_genomic_NC_000913.3 NODE_28_length_76036_cov_85.254735
			  Extensive misassembly (relocation, inconsistency = -5656) between these two alignments
			Real Alignment 3: 3730776 3737141 | 69618 75983 | 6366 6366 | 100.0 | GCF_000005845.2_ASM584v2_genomic_NC_000913.3 NODE_28_length_76036_cov_85.254735

CONTIG: NODE_30_length_71304_cov_123.064211 (71304bp)
Best alignment score: 71304.0 (LEN: 71304, IDY: 100.00), Total number of alignments: 1
		One align captures most of this contig: 1994927 2066230 | 1 71304 | 71304 71304 | 100.0 | GCF_000005845.2_ASM584v2_genomic_NC_000913.3 NODE_30_length_71304_cov_123.064211

CONTIG: NODE_32_length_68003_cov_86.204966 (68003bp)
Best alignment score: 44069.0 (LEN: 44069, IDY: 100.00), Total number of alignments: 2
			Looking for the best set of alignments (out of 2 total alignments)
			The best set is below. Score: 67979.0, number of alignments: 2, unaligned bases: 0
		This contig is misassembled.
			Real Alignment 1: 2102894 2126827 | 1 23934 | 23934 23934 | 100.0 | GCF_000005845.2_ASM584v2_genomic_NC_000913.3 NODE_32_length_68003_cov_86.204966
			  Overlap between these two alignments (local misassembly). Inconsistency = -673
			Real Alignment 2: 2126155 2170223 | 23935 68003 | 44069 44069 | 100.0 | GCF_000005845.2_ASM584v2_genomic_NC_000913.3 NODE_32_length_68003_cov_86.204966

CONTIG: NODE_33_length_64069_cov_128.098150 (64069bp)
Best alignment score: 58069.0 (LEN: 58069, IDY: 100.00), Total number of alignments: 2
			Looking for the best set of alignments (out of 2 total alignments)
			The best set is below. Score: 63818.5, number of alignments: 2, unaligned bases: 0
		This contig is misassembled.
			Excluding internal overlap of size 1 between Alignment 1 and 2: 1571847 1577847 | 1 6001 | 6001 6001 --> 1571847 1577846 | 1 6000 | 6000 6000
			Real Alignment 1: 1571847 1577846 | 1 6000 | 6000 6000 | 100.0 | GCF_000005845.2_ASM584v2_genomic_NC_000913.3 NODE_33_length_64069_cov_128.098150
			  Extensive misassembly (relocation, inconsistency = -3301) between these two alignments
			Real Alignment 2: 1574546 1632614 | 6001 64069 | 58069 58069 | 100.0 | GCF_000005845.2_ASM584v2_genomic_NC_000913.3 NODE_33_length_64069_cov_128.098150

CONTIG: NODE_34_length_59822_cov_121.991534 (59822bp)
Best alignment score: 59816.0 (LEN: 59822, IDY: 99.99), Total number of alignments: 1
		One align captures most of this contig: 1209603 1269424 | 59822 1 | 59822 59822 | 99.99 | GCF_000005845.2_ASM584v2_genomic_NC_000913.3 NODE_34_length_59822_cov_121.991534

CONTIG: NODE_36_length_57777_cov_129.718669 (57777bp)
Best alignment score: 57777.0 (LEN: 57777, IDY: 100.00), Total number of alignments: 1
		One align captures most of this contig: 1470462 1528238 | 1 57777 | 57777 57777 | 100.0 | GCF_000005845.2_ASM584v2_genomic_NC_000913.3 NODE_36_length_57777_cov_129.718669

CONTIG: NODE_37_length_57016_cov_79.504521 (57016bp)
Best alignment score: 57010.3 (LEN: 57016, IDY: 99.99), Total number of alignments: 1
		One align captures most of this contig: 3366701 3423716 | 1 57016 | 57016 57016 | 99.99 | GCF_000005845.2_ASM584v2_genomic_NC_000913.3 NODE_37_length_57016_cov_79.504521

CONTIG: NODE_39_length_54855_cov_62.628157 (54855bp)
Best alignment score: 54855.0 (LEN: 54855, IDY: 100.00), Total number of alignments: 1
		One align captures most of this contig: 3131292 3186146 | 1 54855 | 54855 54855 | 100.0 | GCF_000005845.2_ASM584v2_genomic_NC_000913.3 NODE_39_length_54855_cov_62.628157

CONTIG: NODE_40_length_53896_cov_47.855055 (53896bp)
Best alignment score: 53896.0 (LEN: 53896, IDY: 100.00), Total number of alignments: 1
		One align captures most of this contig: 169624 223519 | 53896 1 | 53896 53896 | 100.0 | GCF_000005845.2_ASM584v2_genomic_NC_000913.3 NODE_40_length_53896_cov_47.855055

CONTIG: NODE_44_length_48696_cov_70.528196 (48696bp)
Best alignment score: 48642.0 (LEN: 48642, IDY: 100.00), Total number of alignments: 1
		One align captures most of this contig: 3214896 3263537 | 48696 55 | 48642 48642 | 100.0 | GCF_000005845.2_ASM584v2_genomic_NC_000913.3 NODE_44_length_48696_cov_70.528196

CONTIG: NODE_48_length_44471_cov_75.522875 (44471bp)
Best alignment score: 44216.0 (LEN: 44309, IDY: 99.79), Total number of alignments: 2
		Skipping these alignments as insignificant (option --ambiguity-score is set to "0.99"):
			Skipping alignment 736526 737061 | 7 543 | 536 537 | 94.6 | GCF_000005845.2_ASM584v2_genomic_NC_000913.3 NODE_48_length_44471_cov_75.522875
		One align captures most of this contig: 736302 780608 | 163 44471 | 44307 44309 | 99.79 | GCF_000005845.2_ASM584v2_genomic_NC_000913.3 NODE_48_length_44471_cov_75.522875

CONTIG: NODE_50_length_43804_cov_90.180850 (43804bp)
Best alignment score: 43804.0 (LEN: 43804, IDY: 100.00), Total number of alignments: 1
		One align captures most of this contig: 1050495 1094298 | 43804 1 | 43804 43804 | 100.0 | GCF_000005845.2_ASM584v2_genomic_NC_000913.3 NODE_50_length_43804_cov_90.180850

CONTIG: NODE_52_length_42482_cov_45.149527 (42482bp)
Best alignment score: 42432.0 (LEN: 42432, IDY: 100.00), Total number of alignments: 1
		One align captures most of this contig: 4123922 4166353 | 51 42482 | 42432 42432 | 100.0 | GCF_000005845.2_ASM584v2_genomic_NC_000913.3 NODE_52_length_42482_cov_45.149527

CONTIG: NODE_53_length_41605_cov_109.532178 (41605bp)
Best alignment score: 41600.8 (LEN: 41605, IDY: 99.99), Total number of alignments: 1
		One align captures most of this contig: 1529120 1570724 | 41605 1 | 41605 41605 | 99.99 | GCF_000005845.2_ASM584v2_genomic_NC_000913.3 NODE_53_length_41605_cov_109.532178

CONTIG: NODE_54_length_41279_cov_72.507544 (41279bp)
Best alignment score: 41279.0 (LEN: 41279, IDY: 100.00), Total number of alignments: 1
		One align captures most of this contig: 3428940 3470218 | 1 41279 | 41279 41279 | 100.0 | GCF_000005845.2_ASM584v2_genomic_NC_000913.3 NODE_54_length_41279_cov_72.507544

CONTIG: NODE_56_length_40570_cov_49.463310 (40570bp)
Best alignment score: 40570.0 (LEN: 40570, IDY: 100.00), Total number of alignments: 1
		One align captures most of this contig: 688997 729566 | 1 40570 | 40570 40570 | 100.0 | GCF_000005845.2_ASM584v2_genomic_NC_000913.3 NODE_56_length_40570_cov_49.463310

CONTIG: NODE_57_length_40160_cov_98.310610 (40160bp)
Best alignment score: 40160.0 (LEN: 40160, IDY: 100.00), Total number of alignments: 1
		One align captures most of this contig: 526666 566825 | 40160 1 | 40160 40160 | 100.0 | GCF_000005845.2_ASM584v2_genomic_NC_000913.3 NODE_57_length_40160_cov_98.310610

CONTIG: NODE_59_length_36649_cov_79.246461 (36649bp)
Best alignment score: 33311.0 (LEN: 33311, IDY: 100.00), Total number of alignments: 2
			Looking for the best set of alignments (out of 2 total alignments)
			The best set is below. Score: 36399.0, number of alignments: 2, unaligned bases: 0
		This contig is misassembled.
			Real Alignment 1: 2731431 2734768 | 1 3338 | 3338 3338 | 100.0 | GCF_000005845.2_ASM584v2_genomic_NC_000913.3 NODE_59_length_36649_cov_79.246461
			  Extensive misassembly (relocation, inconsistency = -1237) between these two alignments
			Real Alignment 2: 2733532 2766842 | 3339 36649 | 33311 33311 | 100.0 | GCF_000005845.2_ASM584v2_genomic_NC_000913.3 NODE_59_length_36649_cov_79.246461

CONTIG: NODE_60_length_36551_cov_89.929938 (36551bp)
Best alignment score: 23355.0 (LEN: 23355, IDY: 100.00), Total number of alignments: 2
			Looking for the best set of alignments (out of 2 total alignments)
			The best set is below. Score: 36300.0, number of alignments: 2, unaligned bases: 0
		This contig is misassembled.
			Excluding internal overlap of size 2 between Alignment 1 and 2: 3625423 3638620 | 36551 23354 | 13198 13198 --> 3625423 3638618 | 36551 23356 | 13196 13196
			Real Alignment 1: 3628730 3652084 | 23355 1 | 23355 23355 | 100.0 | GCF_000005845.2_ASM584v2_genomic_NC_000913.3 NODE_60_length_36551_cov_89.929938
			  Extensive misassembly (relocation, inconsistency = -9889) between these two alignments
			Real Alignment 2: 3625423 3638618 | 36551 23356 | 13196 13196 | 100.0 | GCF_000005845.2_ASM584v2_genomic_NC_000913.3 NODE_60_length_36551_cov_89.929938

CONTIG: NODE_61_length_35778_cov_61.671472 (35778bp)
Best alignment score: 35039.0 (LEN: 35039, IDY: 100.00), Total number of alignments: 2
			Looking for the best set of alignments (out of 2 total alignments)
			The best set is below. Score: 35753.5, number of alignments: 2, unaligned bases: 0
		This contig is misassembled.
			Excluding internal overlap of size 1 between Alignment 1 and 2: 339880 340619 | 35778 35039 | 740 740 --> 339880 340618 | 35778 35040 | 739 739
			Real Alignment 1: 340104 375142 | 35039 1 | 35039 35039 | 100.0 | GCF_000005845.2_ASM584v2_genomic_NC_000913.3 NODE_61_length_35778_cov_61.671472
			  Overlap between these two alignments (local misassembly). Inconsistency = -515
			Real Alignment 2: 339880 340618 | 35778 35040 | 739 739 | 100.0 | GCF_000005845.2_ASM584v2_genomic_NC_000913.3 NODE_61_length_35778_cov_61.671472

CONTIG: NODE_62_length_35493_cov_82.668125 (35493bp)
Best alignment score: 24941.5 (LEN: 24949, IDY: 99.97), Total number of alignments: 2
			Looking for the best set of alignments (out of 2 total alignments)
			The best set is below. Score: 35235.0, number of alignments: 2, unaligned bases: 0
		This contig is misassembled.
			Excluding internal overlap of size 1 between Alignment 1 and 2: 1434682 1445226 | 35493 24949 | 10545 10545 --> 1434682 1445225 | 35493 24950 | 10544 10544
			Real Alignment 1: 1443015 1467963 | 24949 1 | 24949 24949 | 99.97 | GCF_000005845.2_ASM584v2_genomic_NC_000913.3 NODE_62_length_35493_cov_82.668125
			  Extensive misassembly (relocation, inconsistency = -2211) between these two alignments
			Real Alignment 2: 1434682 1445225 | 35493 24950 | 10544 10544 | 100.0 | GCF_000005845.2_ASM584v2_genomic_NC_000913.3 NODE_62_length_35493_cov_82.668125

CONTIG: NODE_63_length_35183_cov_64.956957 (35183bp)
Best alignment score: 35183.0 (LEN: 35183, IDY: 100.00), Total number of alignments: 1
		One align captures most of this contig: 3584145 3619327 | 1 35183 | 35183 35183 | 100.0 | GCF_000005845.2_ASM584v2_genomic_NC_000913.3 NODE_63_length_35183_cov_64.956957

CONTIG: NODE_64_length_35140_cov_153.842611 (35140bp)
Best alignment score: 35136.5 (LEN: 35140, IDY: 99.99), Total number of alignments: 1
		One align captures most of this contig: 1397189 1432328 | 35140 1 | 35140 35140 | 99.99 | GCF_000005845.2_ASM584v2_genomic_NC_000913.3 NODE_64_length_35140_cov_153.842611

CONTIG: NODE_65_length_34099_cov_62.300464 (34099bp)
Best alignment score: 34099.0 (LEN: 34099, IDY: 100.00), Total number of alignments: 1
		One align captures most of this contig: 2692018 2726116 | 34099 1 | 34099 34099 | 100.0 | GCF_000005845.2_ASM584v2_genomic_NC_000913.3 NODE_65_length_34099_cov_62.300464

CONTIG: NODE_66_length_33077_cov_102.927563 (33077bp)
Best alignment score: 28951.2 (LEN: 28957, IDY: 99.98), Total number of alignments: 2
			Looking for the best set of alignments (out of 2 total alignments)
			The best set is below. Score: 33043.2, number of alignments: 2, unaligned bases: 0
		This contig is misassembled.
			Excluding internal overlap of size 8 between Alignment 1 and 2: 258676 262803 | 4128 1 | 4128 4128 --> 258684 262803 | 4120 1 | 4120 4120
			Real Alignment 1: 258684 262803 | 4120 1 | 4120 4120 | 100.0 | GCF_000005845.2_ASM584v2_genomic_NC_000913.3 NODE_66_length_33077_cov_102.927563
			  Gap between these two alignments (local misassembly). Inconsistency = 776
			Real Alignment 2: 228951 257907 | 33077 4121 | 28957 28957 | 99.98 | GCF_000005845.2_ASM584v2_genomic_NC_000913.3 NODE_66_length_33077_cov_102.927563

CONTIG: NODE_68_length_32326_cov_96.948096 (32326bp)
Best alignment score: 32296.9 (LEN: 32326, IDY: 99.91), Total number of alignments: 1
		One align captures most of this contig: 575736 608061 | 1 32326 | 32326 32326 | 99.91 | GCF_000005845.2_ASM584v2_genomic_NC_000913.3 NODE_68_length_32326_cov_96.948096

CONTIG: NODE_69_length_31581_cov_106.256677 (31581bp)
Best alignment score: 31581.0 (LEN: 31581, IDY: 100.00), Total number of alignments: 1
		One align captures most of this contig: 2070219 2101799 | 31581 1 | 31581 31581 | 100.0 | GCF_000005845.2_ASM584v2_genomic_NC_000913.3 NODE_69_length_31581_cov_106.256677

CONTIG: NODE_73_length_30843_cov_37.208166 (30843bp)
Best alignment score: 30843.0 (LEN: 30843, IDY: 100.00), Total number of alignments: 1
		One align captures most of this contig: 4177055 4207897 | 30843 1 | 30843 30843 | 100.0 | GCF_000005845.2_ASM584v2_genomic_NC_000913.3 NODE_73_length_30843_cov_37.208166

CONTIG: NODE_78_length_26744_cov_50.015475 (26744bp)
Best alignment score: 26637.0 (LEN: 26637, IDY: 100.00), Total number of alignments: 1
		One align captures most of this contig: 3906770 3933406 | 55 26691 | 26637 26637 | 100.0 | GCF_000005845.2_ASM584v2_genomic_NC_000913.3 NODE_78_length_26744_cov_50.015475

CONTIG: NODE_80_length_25860_cov_96.974695 (25860bp)
Best alignment score: 25860.0 (LEN: 25860, IDY: 100.00), Total number of alignments: 1
		One align captures most of this contig: 3187374 3213233 | 1 25860 | 25860 25860 | 100.0 | GCF_000005845.2_ASM584v2_genomic_NC_000913.3 NODE_80_length_25860_cov_96.974695

CONTIG: NODE_82_length_25084_cov_81.983499 (25084bp)
Best alignment score: 25032.0 (LEN: 25032, IDY: 100.00), Total number of alignments: 1
		One align captures most of this contig: 3737136 3762167 | 53 25084 | 25032 25032 | 100.0 | GCF_000005845.2_ASM584v2_genomic_NC_000913.3 NODE_82_length_25084_cov_81.983499

CONTIG: NODE_85_length_23933_cov_76.966790 (23933bp)
Best alignment score: 23933.0 (LEN: 23933, IDY: 100.00), Total number of alignments: 1
		One align captures most of this contig: 291351 315283 | 1 23933 | 23933 23933 | 100.0 | GCF_000005845.2_ASM584v2_genomic_NC_000913.3 NODE_85_length_23933_cov_76.966790

CONTIG: NODE_86_length_23475_cov_76.806106 (23475bp)
Best alignment score: 23475.0 (LEN: 23475, IDY: 100.00), Total number of alignments: 1
		One align captures most of this contig: 316429 339903 | 23475 1 | 23475 23475 | 100.0 | GCF_000005845.2_ASM584v2_genomic_NC_000913.3 NODE_86_length_23475_cov_76.806106

CONTIG: NODE_103_length_16531_cov_54.517055 (16531bp)
Best alignment score: 16525.0 (LEN: 16525, IDY: 100.00), Total number of alignments: 1
		One align captures most of this contig: 1270440 1286964 | 1 16525 | 16525 16525 | 100.0 | GCF_000005845.2_ASM584v2_genomic_NC_000913.3 NODE_103_length_16531_cov_54.517055

CONTIG: NODE_105_length_16229_cov_182.450971 (16229bp)
Best alignment score: 16174.0 (LEN: 16174, IDY: 100.00), Total number of alignments: 1
		One align captures most of this contig: 1634968 1651141 | 1 16174 | 16174 16174 | 100.0 | GCF_000005845.2_ASM584v2_genomic_NC_000913.3 NODE_105_length_16229_cov_182.450971

CONTIG: NODE_130_length_13078_cov_112.145435 (13078bp)
Best alignment score: 13078.0 (LEN: 13078, IDY: 100.00), Total number of alignments: 1
		One align captures most of this contig: 3653182 3666259 | 1 13078 | 13078 13078 | 100.0 | GCF_000005845.2_ASM584v2_genomic_NC_000913.3 NODE_130_length_13078_cov_112.145435

CONTIG: NODE_133_length_12459_cov_112.521203 (12459bp)
Best alignment score: 12404.0 (LEN: 12404, IDY: 100.00), Total number of alignments: 1
		One align captures most of this contig: 1979271 1991674 | 56 12459 | 12404 12404 | 100.0 | GCF_000005845.2_ASM584v2_genomic_NC_000913.3 NODE_133_length_12459_cov_112.521203

CONTIG: NODE_149_length_10811_cov_42.026032 (10811bp)
Best alignment score: 10811.0 (LEN: 10811, IDY: 100.00), Total number of alignments: 1
		One align captures most of this contig: 279878 290688 | 10811 1 | 10811 10811 | 100.0 | GCF_000005845.2_ASM584v2_genomic_NC_000913.3 NODE_149_length_10811_cov_42.026032

CONTIG: NODE_158_length_9826_cov_178.353700 (9826bp)
Best alignment score: 9826.0 (LEN: 9826, IDY: 100.00), Total number of alignments: 1
		One align captures most of this contig: 2766788 2776613 | 9826 1 | 9826 9826 | 100.0 | GCF_000005845.2_ASM584v2_genomic_NC_000913.3 NODE_158_length_9826_cov_178.353700

CONTIG: NODE_166_length_9223_cov_75.531523 (9223bp)
Best alignment score: 9223.0 (LEN: 9223, IDY: 100.00), Total number of alignments: 1
		One align captures most of this contig: 382540 391762 | 9223 1 | 9223 9223 | 100.0 | GCF_000005845.2_ASM584v2_genomic_NC_000913.3 NODE_166_length_9223_cov_75.531523

CONTIG: NODE_190_length_8086_cov_172.898892 (8086bp)
Best alignment score: 8033.0 (LEN: 8033, IDY: 100.00), Total number of alignments: 1
		One align captures most of this contig: 1097348 1105380 | 1 8033 | 8033 8033 | 100.0 | GCF_000005845.2_ASM584v2_genomic_NC_000913.3 NODE_190_length_8086_cov_172.898892

CONTIG: NODE_191_length_8055_cov_141.278625 (8055bp)
Best alignment score: 8055.0 (LEN: 8055, IDY: 100.00), Total number of alignments: 1
		One align captures most of this contig: 4499458 4507512 | 1 8055 | 8055 8055 | 100.0 | GCF_000005845.2_ASM584v2_genomic_NC_000913.3 NODE_191_length_8055_cov_141.278625

CONTIG: NODE_214_length_6660_cov_129.229069 (6660bp)
Best alignment score: 6660.0 (LEN: 6660, IDY: 100.00), Total number of alignments: 1
		One align captures most of this contig: 567981 574640 | 6660 1 | 6660 6660 | 100.0 | GCF_000005845.2_ASM584v2_genomic_NC_000913.3 NODE_214_length_6660_cov_129.229069

CONTIG: NODE_226_length_6042_cov_78.083514 (6042bp)
Best alignment score: 6042.0 (LEN: 6042, IDY: 100.00), Total number of alignments: 1
		One align captures most of this contig: 375271 381312 | 6042 1 | 6042 6042 | 100.0 | GCF_000005845.2_ASM584v2_genomic_NC_000913.3 NODE_226_length_6042_cov_78.083514

CONTIG: NODE_236_length_5735_cov_68.115493 (5735bp)
Best alignment score: 5735.0 (LEN: 5735, IDY: 100.00), Total number of alignments: 1
		One align captures most of this contig: 264859 270593 | 5735 1 | 5735 5735 | 100.0 | GCF_000005845.2_ASM584v2_genomic_NC_000913.3 NODE_236_length_5735_cov_68.115493

CONTIG: NODE_238_length_5690_cov_129.407276 (5690bp)
Best alignment score: 5659.3 (LEN: 5690, IDY: 99.46), Total number of alignments: 1
		One align captures most of this contig: 2515564 2521251 | 1 5690 | 5688 5690 | 99.46 | GCF_000005845.2_ASM584v2_genomic_NC_000913.3 NODE_238_length_5690_cov_129.407276

CONTIG: NODE_312_length_4223_cov_90.823177 (4223bp)
Best alignment score: 4223.0 (LEN: 4223, IDY: 100.00), Total number of alignments: 1
		One align captures most of this contig: 4171911 4176133 | 4223 1 | 4223 4223 | 100.0 | GCF_000005845.2_ASM584v2_genomic_NC_000913.3 NODE_312_length_4223_cov_90.823177

CONTIG: NODE_319_length_4122_cov_43.710843 (4122bp)
Best alignment score: 4122.0 (LEN: 4122, IDY: 100.00), Total number of alignments: 1
		One align captures most of this contig: 275095 279216 | 4122 1 | 4122 4122 | 100.0 | GCF_000005845.2_ASM584v2_genomic_NC_000913.3 NODE_319_length_4122_cov_43.710843

CONTIG: NODE_346_length_3778_cov_75.207091 (3778bp)
Best alignment score: 3725.0 (LEN: 3725, IDY: 100.00), Total number of alignments: 1
			Looking for the best set of alignments (out of 1 total alignments)
			The best set is below. Score: 3725.0, number of alignments: 1, unaligned bases: 53
		Alignment: 3937772 3941496 | 3725 1 | 3725 3725 | 100.0 | GCF_000005845.2_ASM584v2_genomic_NC_000913.3 NODE_346_length_3778_cov_75.207091

CONTIG: NODE_364_length_3566_cov_137.659926 (3566bp)
Best alignment score: 3559.9 (LEN: 3566, IDY: 99.83), Total number of alignments: 2
		This contig has 2 significant alignments. [An ambiguously mapped contig]
		Using only first of these alignment (option --ambiguity-usage is set to "one"):
			Alignment: 3619273 3622838 | 1 3566 | 3566 3566 | 99.83 | GCF_000005845.2_ASM584v2_genomic_NC_000913.3 NODE_364_length_3566_cov_137.659926
			Skipping alignment 3762264 3765829 | 1 3566 | 3566 3566 | 99.66 | GCF_000005845.2_ASM584v2_genomic_NC_000913.3 NODE_364_length_3566_cov_137.659926

CONTIG: NODE_367_length_3541_cov_1026.720310 (3541bp)
Best alignment score: 3532.1 (LEN: 3541, IDY: 99.75), Total number of alignments: 7
		Skipping these alignments as insignificant (option --ambiguity-score is set to "0.99"):
			Skipping alignment 3943582 3946757 | 3176 1 | 3176 3176 | 99.69 | GCF_000005845.2_ASM584v2_genomic_NC_000913.3 NODE_367_length_3541_cov_1026.720310
			Skipping alignment 4209921 4213097 | 3176 1 | 3177 3176 | 99.56 | GCF_000005845.2_ASM584v2_genomic_NC_000913.3 NODE_367_length_3541_cov_1026.720310
			Skipping alignment 4168519 4171694 | 3176 1 | 3176 3176 | 99.5 | GCF_000005845.2_ASM584v2_genomic_NC_000913.3 NODE_367_length_3541_cov_1026.720310
			Skipping alignment 2726131 2729297 | 1 3176 | 3167 3176 | 99.09 | GCF_000005845.2_ASM584v2_genomic_NC_000913.3 NODE_367_length_3541_cov_1026.720310
		This contig has 3 significant alignments. [An ambiguously mapped contig]
		Using only first of these alignment (option --ambiguity-usage is set to "one"):
			Alignment: 4037032 4040574 | 3541 1 | 3543 3541 | 99.75 | GCF_000005845.2_ASM584v2_genomic_NC_000913.3 NODE_367_length_3541_cov_1026.720310
			Skipping alignment 225272 228813 | 3541 1 | 3542 3541 | 99.6 | GCF_000005845.2_ASM584v2_genomic_NC_000913.3 NODE_367_length_3541_cov_1026.720310
			Skipping alignment 3423730 3427261 | 1 3541 | 3532 3541 | 99.38 | GCF_000005845.2_ASM584v2_genomic_NC_000913.3 NODE_367_length_3541_cov_1026.720310

CONTIG: NODE_388_length_3362_cov_149.057151 (3362bp)
Best alignment score: 3362.0 (LEN: 3362, IDY: 100.00), Total number of alignments: 1
		One align captures most of this contig: 1991620 1994981 | 1 3362 | 3362 3362 | 100.0 | GCF_000005845.2_ASM584v2_genomic_NC_000913.3 NODE_388_length_3362_cov_149.057151

CONTIG: NODE_413_length_3171_cov_67.542362 (3171bp)
Best alignment score: 3171.0 (LEN: 3171, IDY: 100.00), Total number of alignments: 1
		One align captures most of this contig: 16678 19848 | 1 3171 | 3171 3171 | 100.0 | GCF_000005845.2_ASM584v2_genomic_NC_000913.3 NODE_413_length_3171_cov_67.542362

CONTIG: NODE_519_length_2463_cov_380.285299 (2463bp)
Best alignment score: 2460.0 (LEN: 2463, IDY: 99.88), Total number of alignments: 2
		This contig has 2 significant alignments. [An ambiguously mapped contig]
		Using only first of these alignment (option --ambiguity-usage is set to "one"):
			Alignment: 1432274 1434736 | 2463 1 | 2463 2463 | 99.88 | GCF_000005845.2_ASM584v2_genomic_NC_000913.3 NODE_519_length_2463_cov_380.285299
			Skipping alignment 1632560 1635022 | 1 2463 | 2463 2463 | 99.55 | GCF_000005845.2_ASM584v2_genomic_NC_000913.3 NODE_519_length_2463_cov_380.285299

CONTIG: NODE_558_length_2303_cov_49.597420 (2303bp)
Best alignment score: 2303.0 (LEN: 2303, IDY: 100.00), Total number of alignments: 1
		One align captures most of this contig: 271707 274009 | 2303 1 | 2303 2303 | 100.0 | GCF_000005845.2_ASM584v2_genomic_NC_000913.3 NODE_558_length_2303_cov_49.597420

CONTIG: NODE_587_length_2165_cov_114.983886 (2165bp)
Best alignment score: 2163.1 (LEN: 2165, IDY: 99.91), Total number of alignments: 1
		One align captures most of this contig: 262749 264913 | 2165 1 | 2165 2165 | 99.91 | GCF_000005845.2_ASM584v2_genomic_NC_000913.3 NODE_587_length_2165_cov_114.983886

CONTIG: NODE_667_length_1868_cov_121.806398 (1868bp)
Best alignment score: 1829.0 (LEN: 1829, IDY: 100.00), Total number of alignments: 1
			Looking for the best set of alignments (out of 1 total alignments)
			The best set is below. Score: 1829.0, number of alignments: 1, unaligned bases: 39
		Alignment: 1207790 1209618 | 1829 1 | 1829 1829 | 100.0 | GCF_000005845.2_ASM584v2_genomic_NC_000913.3 NODE_667_length_1868_cov_121.806398

CONTIG: NODE_692_length_1772_cov_108.146185 (1772bp)
Best alignment score: 1772.0 (LEN: 1772, IDY: 100.00), Total number of alignments: 1
		One align captures most of this contig: 3213179 3214950 | 1 1772 | 1772 1772 | 100.0 | GCF_000005845.2_ASM584v2_genomic_NC_000913.3 NODE_692_length_1772_cov_108.146185

CONTIG: NODE_732_length_1692_cov_99.076970 (1692bp)
Best alignment score: 1692.0 (LEN: 1692, IDY: 100.00), Total number of alignments: 1
		One align captures most of this contig: 2067303 2068994 | 1692 1 | 1692 1692 | 100.0 | GCF_000005845.2_ASM584v2_genomic_NC_000913.3 NODE_732_length_1692_cov_99.076970

CONTIG: NODE_827_length_1493_cov_611.223922 (1493bp)
Best alignment score: 1493.0 (LEN: 1493, IDY: 100.00), Total number of alignments: 7
		This contig has 7 significant alignments. [An ambiguously mapped contig]
		Using only first of these alignment (option --ambiguity-usage is set to "one"):
			Alignment: 4208001 4209493 | 1493 1 | 1493 1493 | 100.0 | GCF_000005845.2_ASM584v2_genomic_NC_000913.3 NODE_827_length_1493_cov_611.223922
			Skipping alignment 4166513 4168005 | 1493 1 | 1493 1493 | 99.93 | GCF_000005845.2_ASM584v2_genomic_NC_000913.3 NODE_827_length_1493_cov_611.223922
			Skipping alignment 4035385 4036877 | 1493 1 | 1493 1493 | 99.87 | GCF_000005845.2_ASM584v2_genomic_NC_000913.3 NODE_827_length_1493_cov_611.223922
			Skipping alignment 3941662 3943154 | 1493 1 | 1493 1493 | 99.6 | GCF_000005845.2_ASM584v2_genomic_NC_000913.3 NODE_827_length_1493_cov_611.223922
			Skipping alignment 2729811 2731303 | 1 1493 | 1493 1493 | 99.46 | GCF_000005845.2_ASM584v2_genomic_NC_000913.3 NODE_827_length_1493_cov_611.223922
			Skipping alignment 3427416 3428908 | 1 1493 | 1493 1493 | 99.4 | GCF_000005845.2_ASM584v2_genomic_NC_000913.3 NODE_827_length_1493_cov_611.223922
			Skipping alignment 223625 225117 | 1493 1 | 1493 1493 | 99.4 | GCF_000005845.2_ASM584v2_genomic_NC_000913.3 NODE_827_length_1493_cov_611.223922

CONTIG: NODE_872_length_1414_cov_91.907285 (1414bp)
Best alignment score: 1406.9 (LEN: 1414, IDY: 99.50), Total number of alignments: 1
		One align captures most of this contig: 3622784 3624197 | 1 1414 | 1414 1414 | 99.5 | GCF_000005845.2_ASM584v2_genomic_NC_000913.3 NODE_872_length_1414_cov_91.907285

CONTIG: NODE_914_length_1345_cov_296.842636 (1345bp)
Best alignment score: 1345.0 (LEN: 1345, IDY: 100.00), Total number of alignments: 3
		This contig has 3 significant alignments. [An ambiguously mapped contig]
		Using only first of these alignment (option --ambiguity-usage is set to "one"):
			Alignment: 608007 609351 | 1 1345 | 1345 1345 | 100.0 | GCF_000005845.2_ASM584v2_genomic_NC_000913.3 NODE_914_length_1345_cov_296.842636
			Skipping alignment 2514273 2515617 | 1 1345 | 1345 1345 | 100.0 | GCF_000005845.2_ASM584v2_genomic_NC_000913.3 NODE_914_length_1345_cov_296.842636
			Skipping alignment 15387 16731 | 1 1345 | 1345 1345 | 100.0 | GCF_000005845.2_ASM584v2_genomic_NC_000913.3 NODE_914_length_1345_cov_296.842636

CONTIG: NODE_920_length_1334_cov_188.232995 (1334bp)
Best alignment score: 1334.0 (LEN: 1334, IDY: 100.00), Total number of alignments: 1
		One align captures most of this contig: 1095682 1097015 | 1 1334 | 1334 1334 | 100.0 | GCF_000005845.2_ASM584v2_genomic_NC_000913.3 NODE_920_length_1334_cov_188.232995

CONTIG: NODE_992_length_1232_cov_203.106202 (1232bp)
Best alignment score: 1232.0 (LEN: 1232, IDY: 100.00), Total number of alignments: 2
		This contig has 2 significant alignments. [An ambiguously mapped contig]
		Using only first of these alignment (option --ambiguity-usage is set to "one"):
			Alignment: 3666205 3667436 | 1232 1 | 1232 1232 | 100.0 | GCF_000005845.2_ASM584v2_genomic_NC_000913.3 NODE_992_length_1232_cov_203.106202
			Skipping alignment 1570670 1571901 | 1232 1 | 1232 1232 | 99.27 | GCF_000005845.2_ASM584v2_genomic_NC_000913.3 NODE_992_length_1232_cov_203.106202

CONTIG: NODE_1036_length_1178_cov_1159.247551 (1178bp)
Best alignment score: 1178.0 (LEN: 1178, IDY: 100.00), Total number of alignments: 11
		This contig has 11 significant alignments. [An ambiguously mapped contig]
		Using only first of these alignment (option --ambiguity-usage is set to "one"):
			Alignment: 1299499 1300676 | 1178 1 | 1178 1178 | 100.0 | GCF_000005845.2_ASM584v2_genomic_NC_000913.3 NODE_1036_length_1178_cov_1159.247551
			Skipping alignment 2101766 2102943 | 1 1178 | 1178 1178 | 100.0 | GCF_000005845.2_ASM584v2_genomic_NC_000913.3 NODE_1036_length_1178_cov_1159.247551
			Skipping alignment 2288936 2290113 | 1 1178 | 1178 1178 | 100.0 | GCF_000005845.2_ASM584v2_genomic_NC_000913.3 NODE_1036_length_1178_cov_1159.247551
			Skipping alignment 3652053 3653230 | 1 1178 | 1178 1178 | 100.0 | GCF_000005845.2_ASM584v2_genomic_NC_000913.3 NODE_1036_length_1178_cov_1159.247551
			Skipping alignment 273972 275149 | 1 1178 | 1178 1178 | 100.0 | GCF_000005845.2_ASM584v2_genomic_NC_000913.3 NODE_1036_length_1178_cov_1159.247551
			Skipping alignment 3130146 3131323 | 1178 1 | 1178 1178 | 100.0 | GCF_000005845.2_ASM584v2_genomic_NC_000913.3 NODE_1036_length_1178_cov_1159.247551
			Skipping alignment 1396044 1397221 | 1178 1 | 1178 1178 | 100.0 | GCF_000005845.2_ASM584v2_genomic_NC_000913.3 NODE_1036_length_1178_cov_1159.247551
			Skipping alignment 687868 689045 | 1 1178 | 1178 1178 | 100.0 | GCF_000005845.2_ASM584v2_genomic_NC_000913.3 NODE_1036_length_1178_cov_1159.247551
			Skipping alignment 3365573 3366750 | 1 1178 | 1178 1178 | 100.0 | GCF_000005845.2_ASM584v2_genomic_NC_000913.3 NODE_1036_length_1178_cov_1159.247551
			Skipping alignment 574608 575785 | 1 1178 | 1178 1178 | 100.0 | GCF_000005845.2_ASM584v2_genomic_NC_000913.3 NODE_1036_length_1178_cov_1159.247551
			Skipping alignment 2066176 2067353 | 1 1178 | 1178 1178 | 99.66 | GCF_000005845.2_ASM584v2_genomic_NC_000913.3 NODE_1036_length_1178_cov_1159.247551

CONTIG: NODE_1050_length_1155_cov_70.483636 (1155bp)
Best alignment score: 1104.0 (LEN: 1104, IDY: 100.00), Total number of alignments: 1
			Looking for the best set of alignments (out of 1 total alignments)
			The best set is below. Score: 1104.0, number of alignments: 1, unaligned bases: 51
		Alignment: 168575 169678 | 1104 1 | 1104 1104 | 100.0 | GCF_000005845.2_ASM584v2_genomic_NC_000913.3 NODE_1050_length_1155_cov_70.483636

CONTIG: NODE_1123_length_1095_cov_265.698077 (1095bp)
Best alignment score: 1095.0 (LEN: 1095, IDY: 100.00), Total number of alignments: 3
		This contig has 3 significant alignments. [An ambiguously mapped contig]
		Using only first of these alignment (option --ambiguity-usage is set to "one"):
			Alignment: 4507585 4508679 | 1095 1 | 1095 1095 | 100.0 | GCF_000005845.2_ASM584v2_genomic_NC_000913.3 NODE_1123_length_1095_cov_265.698077
			Skipping alignment 1469296 1470390 | 1 1095 | 1095 1095 | 100.0 | GCF_000005845.2_ASM584v2_genomic_NC_000913.3 NODE_1123_length_1095_cov_265.698077
			Skipping alignment 270541 271635 | 1 1095 | 1095 1095 | 99.73 | GCF_000005845.2_ASM584v2_genomic_NC_000913.3 NODE_1123_length_1095_cov_265.698077

CONTIG: NODE_1206_length_1031_cov_124.198770 (1031bp)
Best alignment score: 1031.0 (LEN: 1031, IDY: 100.00), Total number of alignments: 2
		This contig has 2 significant alignments. [An ambiguously mapped contig]
		Using only first of these alignment (option --ambiguity-usage is set to "one"):
			Alignment: 3470164 3471194 | 1 1031 | 1031 1031 | 100.0 | GCF_000005845.2_ASM584v2_genomic_NC_000913.3 NODE_1206_length_1031_cov_124.198770
			Skipping alignment 4176079 4177109 | 1031 1 | 1031 1031 | 99.81 | GCF_000005845.2_ASM584v2_genomic_NC_000913.3 NODE_1206_length_1031_cov_124.198770

CONTIG: NODE_1243_length_1004_cov_39.227608 (1004bp)
Best alignment score: 1004.0 (LEN: 1004, IDY: 100.00), Total number of alignments: 1
		One align captures most of this contig: 733199 734202 | 1 1004 | 1004 1004 | 100.0 | GCF_000005845.2_ASM584v2_genomic_NC_000913.3 NODE_1243_length_1004_cov_39.227608

CONTIG: NODE_1260_length_991_cov_216.706197 (991bp)
Best alignment score: 990.0 (LEN: 991, IDY: 99.90), Total number of alignments: 2
		This contig has 2 significant alignments. [An ambiguously mapped contig]
		Using only first of these alignment (option --ambiguity-usage is set to "one"):
			Alignment: 1528184 1529174 | 991 1 | 991 991 | 99.9 | GCF_000005845.2_ASM584v2_genomic_NC_000913.3 NODE_1260_length_991_cov_216.706197
			Skipping alignment 525730 526720 | 991 1 | 991 991 | 99.7 | GCF_000005845.2_ASM584v2_genomic_NC_000913.3 NODE_1260_length_991_cov_216.706197

CONTIG: NODE_1285_length_972_cov_1229.057797 (972bp)
Best alignment score: 972.0 (LEN: 972, IDY: 100.00), Total number of alignments: 6
		This contig has 6 significant alignments. [An ambiguously mapped contig]
		Using only first of these alignment (option --ambiguity-usage is set to "one"):
			Alignment: 2996720 2997691 | 1 972 | 972 972 | 100.0 | GCF_000005845.2_ASM584v2_genomic_NC_000913.3 NODE_1285_length_972_cov_1229.057797
			Skipping alignment 2069300 2070271 | 1 972 | 972 972 | 100.0 | GCF_000005845.2_ASM584v2_genomic_NC_000913.3 NODE_1285_length_972_cov_1229.057797
			Skipping alignment 3186096 3187067 | 972 1 | 972 972 | 100.0 | GCF_000005845.2_ASM584v2_genomic_NC_000913.3 NODE_1285_length_972_cov_1229.057797
			Skipping alignment 381260 382231 | 972 1 | 972 972 | 100.0 | GCF_000005845.2_ASM584v2_genomic_NC_000913.3 NODE_1285_length_972_cov_1229.057797
			Skipping alignment 4498181 4499152 | 972 1 | 972 972 | 100.0 | GCF_000005845.2_ASM584v2_genomic_NC_000913.3 NODE_1285_length_972_cov_1229.057797
			Skipping alignment 1468269 1469240 | 1 972 | 972 972 | 100.0 | GCF_000005845.2_ASM584v2_genomic_NC_000913.3 NODE_1285_length_972_cov_1229.057797

CONTIG: NODE_1681_length_718_cov_584.883861 (718bp)
Best alignment score: 718.0 (LEN: 718, IDY: 100.00), Total number of alignments: 7
		Skipping these alignments as insignificant (option --ambiguity-score is set to "0.99"):
			Skipping alignment 1049828 1050545 | 1 718 | 718 718 | 98.89 | GCF_000005845.2_ASM584v2_genomic_NC_000913.3 NODE_1681_length_718_cov_584.883861
			Skipping alignment 290634 291351 | 718 1 | 718 718 | 98.75 | GCF_000005845.2_ASM584v2_genomic_NC_000913.3 NODE_1681_length_718_cov_584.883861
			Skipping alignment 279163 279880 | 718 1 | 718 718 | 98.75 | GCF_000005845.2_ASM584v2_genomic_NC_000913.3 NODE_1681_length_718_cov_584.883861
		This contig has 4 significant alignments. [An ambiguously mapped contig]
		Using only first of these alignment (option --ambiguity-usage is set to "one"):
			Alignment: 19796 20513 | 718 1 | 718 718 | 100.0 | GCF_000005845.2_ASM584v2_genomic_NC_000913.3 NODE_1681_length_718_cov_584.883861
			Skipping alignment 257908 258625 | 718 1 | 718 718 | 100.0 | GCF_000005845.2_ASM584v2_genomic_NC_000913.3 NODE_1681_length_718_cov_584.883861
			Skipping alignment 3583478 3584195 | 1 718 | 718 718 | 100.0 | GCF_000005845.2_ASM584v2_genomic_NC_000913.3 NODE_1681_length_718_cov_584.883861
			Skipping alignment 1978503 1979220 | 718 1 | 718 718 | 100.0 | GCF_000005845.2_ASM584v2_genomic_NC_000913.3 NODE_1681_length_718_cov_584.883861

CONTIG: NODE_1714_length_695_cov_576.360937 (695bp)
Best alignment score: 695.0 (LEN: 695, IDY: 100.00), Total number of alignments: 5
		This contig has 5 significant alignments. [An ambiguously mapped contig]
		Using only first of these alignment (option --ambiguity-usage is set to "one"):
			Alignment: 392269 392963 | 1 695 | 695 695 | 100.0 | GCF_000005845.2_ASM584v2_genomic_NC_000913.3 NODE_1714_length_695_cov_576.360937
			Skipping alignment 315229 315923 | 695 1 | 695 695 | 100.0 | GCF_000005845.2_ASM584v2_genomic_NC_000913.3 NODE_1714_length_695_cov_576.360937
			Skipping alignment 566780 567474 | 695 1 | 695 695 | 100.0 | GCF_000005845.2_ASM584v2_genomic_NC_000913.3 NODE_1714_length_695_cov_576.360937
			Skipping alignment 1094805 1095499 | 1 695 | 695 695 | 100.0 | GCF_000005845.2_ASM584v2_genomic_NC_000913.3 NODE_1714_length_695_cov_576.360937
			Skipping alignment 2170174 2170868 | 695 1 | 695 695 | 100.0 | GCF_000005845.2_ASM584v2_genomic_NC_000913.3 NODE_1714_length_695_cov_576.360937

CONTIG: NODE_1917_length_615_cov_562.148214 (615bp)
Best alignment score: 615.0 (LEN: 615, IDY: 100.00), Total number of alignments: 5
		This contig has 5 significant alignments. [An ambiguously mapped contig]
		Using only first of these alignment (option --ambiguity-usage is set to "one"):
			Alignment: 2170814 2171428 | 615 1 | 615 615 | 100.0 | GCF_000005845.2_ASM584v2_genomic_NC_000913.3 NODE_1917_length_615_cov_562.148214
			Skipping alignment 1094245 1094859 | 1 615 | 615 615 | 100.0 | GCF_000005845.2_ASM584v2_genomic_NC_000913.3 NODE_1917_length_615_cov_562.148214
			Skipping alignment 567420 568034 | 615 1 | 615 615 | 100.0 | GCF_000005845.2_ASM584v2_genomic_NC_000913.3 NODE_1917_length_615_cov_562.148214
			Skipping alignment 315869 316483 | 615 1 | 615 615 | 100.0 | GCF_000005845.2_ASM584v2_genomic_NC_000913.3 NODE_1917_length_615_cov_562.148214
			Skipping alignment 391709 392323 | 1 615 | 615 615 | 100.0 | GCF_000005845.2_ASM584v2_genomic_NC_000913.3 NODE_1917_length_615_cov_562.148214

CONTIG: NODE_1976_length_590_cov_126.214953 (590bp)
Best alignment score: 587.0 (LEN: 590, IDY: 99.49), Total number of alignments: 2
		Skipping these alignments as insignificant (option --ambiguity-score is set to "0.99"):
			Skipping alignment 1269905 1270494 | 590 1 | 590 590 | 98.14 | GCF_000005845.2_ASM584v2_genomic_NC_000913.3 NODE_1976_length_590_cov_126.214953
		One align captures most of this contig: 1269370 1269959 | 590 1 | 590 590 | 99.49 | GCF_000005845.2_ASM584v2_genomic_NC_000913.3 NODE_1976_length_590_cov_126.214953

Analyzing coverage...
Writing SNPs into /home/modesto/data/freeDNA/quast_results/results_2022_03_10_13_57_32/runs_per_reference/GCF_000005845.2_ASM584v2_genomic/contigs_reports/minimap_output/Phi29-RP.used_snps.gz

Analysis is finished!
Founded SNPs were written into /home/modesto/data/freeDNA/quast_results/results_2022_03_10_13_57_32/runs_per_reference/GCF_000005845.2_ASM584v2_genomic/contigs_reports/minimap_output/Phi29-RP.used_snps.gz

Results:
	Local Misassemblies: 12
	Misassemblies: 15
		Relocations: 15
		Translocations: 0
		Inversions: 0
	Scaffold gap extensive misassemblies: 0
	Scaffold gap local misassemblies: 0
	Misassembled Contigs: 13
	Misassembled Contig Bases: 1495446
	Misassemblies Inter-Contig Overlap ("Extra" Aligned Bases): 0
Unaligned Contigs: 0 + 0 part
Half Unaligned Contigs with Misassemblies: 0
Unaligned Bases in Fully and Partially Unaligned Contigs: 0

Ambiguously Mapped Contigs: 14
Total Bases in Ambiguously Mapped Contigs: 20935
"Extra" Aligned Bases in Ambiguously Mapped Contigs: 0
Note that --allow-ambiguity option was set to "one" and only first alignment per each of these contigs was used (there is no "extra" aligned bases).

	Covered Bases in Reference: 4554472
	Raw Aligned Bases in Assembly: 4599547
	Total Aligned Bases in Assembly (with "Extras"): 4599547

	SNPs: 242
	Insertions: 24
	Deletions: 57

