Aligning contigs to reference...
	Aligning contigs to the reference
Filtering alignments...
Parsing coords...
Loading reference...
	Loaded [GCF_000005845.2_ASM584v2_genomic_NC_000913.3]
	Total Regions: 1
	Total Region Length: 4641652
Analyzing contigs...
CONTIG: NODE_14_length_312907_cov_101.838118 (312907bp)
Best alignment score: 312907.0 (LEN: 312907, IDY: 100.00), Total number of alignments: 1
		One align captures most of this contig: 781392 1094298 | 1 312907 | 312907 312907 | 100.0 | GCF_000005845.2_ASM584v2_genomic_NC_000913.3 NODE_14_length_312907_cov_101.838118

CONTIG: NODE_18_length_269698_cov_103.778923 (269698bp)
Best alignment score: 269647.0 (LEN: 269647, IDY: 100.00), Total number of alignments: 1
		One align captures most of this contig: 1708848 1978494 | 269698 52 | 269647 269647 | 100.0 | GCF_000005845.2_ASM584v2_genomic_NC_000913.3 NODE_18_length_269698_cov_103.778923

CONTIG: NODE_19_length_265650_cov_89.004066 (265650bp)
Best alignment score: 102019.0 (LEN: 102019, IDY: 100.00), Total number of alignments: 5
			Looking for the best set of alignments (out of 5 total alignments)
			The best set is below. Score: 265480.8, number of alignments: 5, unaligned bases: 0
		This contig is misassembled.
			Excluding internal overlap of size 2 between Alignment 1 and 2: 2731431 2771517 | 1 40087 | 40087 40087 --> 2731431 2771515 | 1 40085 | 40085 40085
			Real Alignment 1: 2731431 2771515 | 1 40085 | 40085 40085 | 100.0 | GCF_000005845.2_ASM584v2_genomic_NC_000913.3 NODE_19_length_265650_cov_89.004066
			  Overlap between these two alignments (local misassembly). Inconsistency = -534
			Excluding internal overlap of size 354 between Alignment 2 and 3: 2818197 2846213 | 86887 114903 | 28017 28017 --> 2818551 2846213 | 87241 114903 | 27663 27663
			Real Alignment 2: 2770982 2818136 | 40086 87240 | 47155 47155 | 100.0 | GCF_000005845.2_ASM584v2_genomic_NC_000913.3 NODE_19_length_265650_cov_89.004066
			  Gap between these two alignments (local misassembly). Inconsistency = 414
			Real Alignment 3: 2818551 2846213 | 87241 114903 | 27663 27663 | 99.93 | GCF_000005845.2_ASM584v2_genomic_NC_000913.3 NODE_19_length_265650_cov_89.004066
			  Overlap between these two alignments (local misassembly). Inconsistency = -657
			Excluding internal overlap of size 191 between Alignment 4 and 5: 2947495 2996413 | 216732 265650 | 48919 48919 --> 2947686 2996413 | 216923 265650 | 48728 48728
			Real Alignment 4: 2845557 2947575 | 114904 216922 | 102019 102019 | 100.0 | GCF_000005845.2_ASM584v2_genomic_NC_000913.3 NODE_19_length_265650_cov_89.004066
			  Gap between these two alignments (local misassembly). Inconsistency = 110
			Real Alignment 5: 2947686 2996413 | 216923 265650 | 48728 48728 | 99.99 | GCF_000005845.2_ASM584v2_genomic_NC_000913.3 NODE_19_length_265650_cov_89.004066

CONTIG: NODE_24_length_205402_cov_114.847103 (205402bp)
Best alignment score: 124822.0 (LEN: 124822, IDY: 100.00), Total number of alignments: 2
			Looking for the best set of alignments (out of 2 total alignments)
			The best set is below. Score: 205378.0, number of alignments: 2, unaligned bases: 0
		This contig is misassembled.
			Real Alignment 1: 2521274 2601853 | 1 80580 | 80580 80580 | 100.0 | GCF_000005845.2_ASM584v2_genomic_NC_000913.3 NODE_24_length_205402_cov_114.847103
			  Overlap between these two alignments (local misassembly). Inconsistency = -559
			Real Alignment 2: 2601295 2726116 | 80581 205402 | 124822 124822 | 100.0 | GCF_000005845.2_ASM584v2_genomic_NC_000913.3 NODE_24_length_205402_cov_114.847103

CONTIG: NODE_31_length_179090_cov_89.608853 (179090bp)
Best alignment score: 83202.7 (LEN: 83211, IDY: 99.99), Total number of alignments: 3
			Looking for the best set of alignments (out of 3 total alignments)
			The best set is below. Score: 178968.1, number of alignments: 3, unaligned bases: 0
		This contig is misassembled.
			Excluding internal overlap of size 488 between Alignment 1 and 2: 4295948 4326263 | 82724 113041 | 30316 30318 --> 4296434 4326263 | 83212 113041 | 29830 29830
			Real Alignment 1: 4213112 4296322 | 1 83211 | 83211 83211 | 99.99 | GCF_000005845.2_ASM584v2_genomic_NC_000913.3 NODE_31_length_179090_cov_89.608853
			  Gap between these two alignments (local misassembly). Inconsistency = 111
			Excluding internal overlap of size 459 between Alignment 2 and 3: 4296434 4326263 | 83212 113041 | 29830 29830 --> 4296434 4325804 | 83212 112582 | 29371 29371
			Real Alignment 2: 4296434 4325804 | 83212 112582 | 29371 29371 | 99.94 | GCF_000005845.2_ASM584v2_genomic_NC_000913.3 NODE_31_length_179090_cov_89.608853
			  Gap between these two alignments (local misassembly). Inconsistency = 100
			Real Alignment 3: 4325905 4392412 | 112583 179090 | 66508 66508 | 100.0 | GCF_000005845.2_ASM584v2_genomic_NC_000913.3 NODE_31_length_179090_cov_89.608853

CONTIG: NODE_37_length_150194_cov_119.781329 (150194bp)
Best alignment score: 89455.0 (LEN: 89455, IDY: 100.00), Total number of alignments: 3
			Looking for the best set of alignments (out of 3 total alignments)
			The best set is below. Score: 149865.0, number of alignments: 3, unaligned bases: 54
		This contig is misassembled.
			Excluding internal overlap of size 1 between Alignment 1 and 2: 20510 70125 | 1 49616 | 49616 49616 --> 20510 70124 | 1 49615 | 49615 49615
			Real Alignment 1: 20510 70124 | 1 49615 | 49615 49615 | 100.0 | GCF_000005845.2_ASM584v2_genomic_NC_000913.3 NODE_37_length_150194_cov_119.781329
			  Extensive misassembly (relocation, inconsistency = -1173) between these two alignments
			Excluding internal overlap of size 1 between Alignment 2 and 3: 157509 168579 | 139070 150140 | 11071 11071 --> 157510 168579 | 139071 150140 | 11070 11070
			Real Alignment 2: 68952 158406 | 49616 139070 | 89455 89455 | 100.0 | GCF_000005845.2_ASM584v2_genomic_NC_000913.3 NODE_37_length_150194_cov_119.781329
			  Overlap between these two alignments (local misassembly). Inconsistency = -897
			Real Alignment 3: 157510 168579 | 139071 150140 | 11070 11070 | 100.0 | GCF_000005845.2_ASM584v2_genomic_NC_000913.3 NODE_37_length_150194_cov_119.781329

CONTIG: NODE_38_length_149930_cov_100.141298 (149930bp)
Best alignment score: 88178.0 (LEN: 88178, IDY: 100.00), Total number of alignments: 4
			Looking for the best set of alignments (out of 4 total alignments)
			The best set is below. Score: 149881.0, number of alignments: 4, unaligned bases: 0
		This contig is misassembled.
			Excluding internal overlap of size 2 between Alignment 1 and 2: 4508627 4533160 | 1 24534 | 24534 24534 --> 4508627 4533158 | 1 24532 | 24532 24532
			Real Alignment 1: 4508627 4533158 | 1 24532 | 24532 24532 | 100.0 | GCF_000005845.2_ASM584v2_genomic_NC_000913.3 NODE_38_length_149930_cov_100.141298
			  Overlap between these two alignments (local misassembly). Inconsistency = -789
			Real Alignment 2: 4532370 4620547 | 24533 112710 | 88178 88178 | 100.0 | GCF_000005845.2_ASM584v2_genomic_NC_000913.3 NODE_38_length_149930_cov_100.141298
			  Overlap between these two alignments (local misassembly). Inconsistency = -674
			Real Alignment 3: 4619874 4641652 | 112711 134489 | 21779 21779 | 100.0 | GCF_000005845.2_ASM584v2_genomic_NC_000913.3 NODE_38_length_149930_cov_100.141298
			  Not a misassembly [linear representation of circular genome] between these two alignments
			Real Alignment 4: 1 15441 | 134490 149930 | 15441 15441 | 100.0 | GCF_000005845.2_ASM584v2_genomic_NC_000913.3 NODE_38_length_149930_cov_100.141298

CONTIG: NODE_40_length_142737_cov_92.016001 (142737bp)
Best alignment score: 82214.0 (LEN: 82214, IDY: 100.00), Total number of alignments: 2
			Looking for the best set of alignments (out of 2 total alignments)
			The best set is below. Score: 142417.9, number of alignments: 2, unaligned bases: 51
		This contig is misassembled.
			Real Alignment 1: 3824566 3906779 | 82265 52 | 82214 82214 | 100.0 | GCF_000005845.2_ASM584v2_genomic_NC_000913.3 NODE_40_length_142737_cov_92.016001
			  Extensive misassembly (relocation, inconsistency = -1739) between these two alignments
			Real Alignment 2: 3765833 3826304 | 142737 82266 | 60472 60472 | 99.97 | GCF_000005845.2_ASM584v2_genomic_NC_000913.3 NODE_40_length_142737_cov_92.016001

CONTIG: NODE_43_length_133627_cov_100.925299 (133627bp)
Best alignment score: 124424.0 (LEN: 124424, IDY: 100.00), Total number of alignments: 2
			Looking for the best set of alignments (out of 2 total alignments)
			The best set is below. Score: 133603.0, number of alignments: 2, unaligned bases: 0
		This contig is misassembled.
			Real Alignment 1: 392918 517341 | 1 124424 | 124424 124424 | 100.0 | GCF_000005845.2_ASM584v2_genomic_NC_000913.3 NODE_43_length_133627_cov_100.925299
			  Overlap between these two alignments (local misassembly). Inconsistency = -760
			Real Alignment 2: 516582 525784 | 124425 133627 | 9203 9203 | 100.0 | GCF_000005845.2_ASM584v2_genomic_NC_000913.3 NODE_43_length_133627_cov_100.925299

CONTIG: NODE_44_length_132556_cov_118.678342 (132556bp)
Best alignment score: 132556.0 (LEN: 132556, IDY: 100.00), Total number of alignments: 1
		One align captures most of this contig: 2997640 3130195 | 1 132556 | 132556 132556 | 100.0 | GCF_000005845.2_ASM584v2_genomic_NC_000913.3 NODE_44_length_132556_cov_118.678342

CONTIG: NODE_48_length_117595_cov_95.454313 (117595bp)
Best alignment score: 117595.0 (LEN: 117595, IDY: 100.00), Total number of alignments: 1
		One align captures most of this contig: 2171374 2288970 | 1 117595 | 117597 117595 | 100.0 | GCF_000005845.2_ASM584v2_genomic_NC_000913.3 NODE_48_length_117595_cov_95.454313

CONTIG: NODE_50_length_113128_cov_108.851706 (113128bp)
Best alignment score: 83299.0 (LEN: 83299, IDY: 100.00), Total number of alignments: 2
			Looking for the best set of alignments (out of 2 total alignments)
			The best set is below. Score: 113103.5, number of alignments: 2, unaligned bases: 0
		This contig is misassembled.
			Excluding internal overlap of size 1 between Alignment 1 and 2: 3471140 3500969 | 113128 83299 | 29830 29830 --> 3471140 3500968 | 113128 83300 | 29829 29829
			Real Alignment 1: 3500184 3583481 | 83299 1 | 83298 83299 | 100.0 | GCF_000005845.2_ASM584v2_genomic_NC_000913.3 NODE_50_length_113128_cov_108.851706
			  Overlap between these two alignments (local misassembly). Inconsistency = -785
			Real Alignment 2: 3471140 3500968 | 113128 83300 | 29829 29829 | 100.0 | GCF_000005845.2_ASM584v2_genomic_NC_000913.3 NODE_50_length_113128_cov_108.851706

CONTIG: NODE_51_length_108176_cov_88.622765 (108176bp)
Best alignment score: 70702.0 (LEN: 70702, IDY: 100.00), Total number of alignments: 2
			Looking for the best set of alignments (out of 2 total alignments)
			The best set is below. Score: 108098.5, number of alignments: 2, unaligned bases: 52
		This contig is misassembled.
			Excluding internal overlap of size 3 between Alignment 1 and 2: 2406780 2444204 | 108124 70700 | 37425 37425 --> 2406780 2444201 | 108124 70703 | 37422 37422
			Real Alignment 1: 2443626 2514327 | 70702 1 | 70702 70702 | 100.0 | GCF_000005845.2_ASM584v2_genomic_NC_000913.3 NODE_51_length_108176_cov_88.622765
			  Overlap between these two alignments (local misassembly). Inconsistency = -576
			Real Alignment 2: 2406780 2444201 | 108124 70703 | 37422 37422 | 100.0 | GCF_000005845.2_ASM584v2_genomic_NC_000913.3 NODE_51_length_108176_cov_88.622765

CONTIG: NODE_52_length_107980_cov_94.337651 (107980bp)
Best alignment score: 95401.0 (LEN: 95401, IDY: 100.00), Total number of alignments: 2
			Looking for the best set of alignments (out of 2 total alignments)
			The best set is below. Score: 107719.2, number of alignments: 2, unaligned bases: 0
		This contig is misassembled.
			Excluding internal overlap of size 4 between Alignment 1 and 2: 1286916 1299498 | 107980 95398 | 12583 12583 --> 1286916 1299494 | 107980 95402 | 12579 12579
			Real Alignment 1: 1300694 1396094 | 95401 1 | 95401 95401 | 100.0 | GCF_000005845.2_ASM584v2_genomic_NC_000913.3 NODE_52_length_107980_cov_94.337651
			  Extensive misassembly (relocation, inconsistency = 1199) between these two alignments
			Real Alignment 2: 1286916 1299494 | 107980 95402 | 12579 12579 | 99.93 | GCF_000005845.2_ASM584v2_genomic_NC_000913.3 NODE_52_length_107980_cov_94.337651

CONTIG: NODE_53_length_105851_cov_88.994092 (105851bp)
Best alignment score: 105851.0 (LEN: 105851, IDY: 100.00), Total number of alignments: 1
		One align captures most of this contig: 4392383 4498234 | 105851 1 | 105852 105851 | 100.0 | GCF_000005845.2_ASM584v2_genomic_NC_000913.3 NODE_53_length_105851_cov_88.994092

CONTIG: NODE_56_length_102484_cov_83.712991 (102484bp)
Best alignment score: 102431.0 (LEN: 102431, IDY: 100.00), Total number of alignments: 1
		One align captures most of this contig: 1105375 1207805 | 54 102484 | 102431 102431 | 100.0 | GCF_000005845.2_ASM584v2_genomic_NC_000913.3 NODE_56_length_102484_cov_83.712991

CONTIG: NODE_57_length_102149_cov_114.458734 (102149bp)
Best alignment score: 102096.0 (LEN: 102096, IDY: 100.00), Total number of alignments: 1
		One align captures most of this contig: 2304693 2406788 | 102149 54 | 102096 102096 | 100.0 | GCF_000005845.2_ASM584v2_genomic_NC_000913.3 NODE_57_length_102149_cov_114.458734

CONTIG: NODE_58_length_102129_cov_91.088103 (102129bp)
Best alignment score: 102078.0 (LEN: 102078, IDY: 100.00), Total number of alignments: 1
		One align captures most of this contig: 3263529 3365606 | 52 102129 | 102078 102078 | 100.0 | GCF_000005845.2_ASM584v2_genomic_NC_000913.3 NODE_58_length_102129_cov_91.088103

CONTIG: NODE_63_length_88325_cov_111.184128 (88325bp)
Best alignment score: 88325.0 (LEN: 88325, IDY: 100.00), Total number of alignments: 1
		One align captures most of this contig: 3946895 4035219 | 1 88325 | 88325 88325 | 100.0 | GCF_000005845.2_ASM584v2_genomic_NC_000913.3 NODE_63_length_88325_cov_111.184128

CONTIG: NODE_64_length_87015_cov_86.588086 (87015bp)
Best alignment score: 86960.0 (LEN: 86960, IDY: 100.00), Total number of alignments: 1
		One align captures most of this contig: 1979271 2066230 | 56 87015 | 86960 86960 | 100.0 | GCF_000005845.2_ASM584v2_genomic_NC_000913.3 NODE_64_length_87015_cov_86.588086

CONTIG: NODE_65_length_79012_cov_86.358360 (79012bp)
Best alignment score: 77144.6 (LEN: 77160, IDY: 99.98), Total number of alignments: 2
			Looking for the best set of alignments (out of 2 total alignments)
			The best set is below. Score: 78692.6, number of alignments: 2, unaligned bases: 55
		This contig is misassembled.
			Real Alignment 1: 1209603 1286762 | 77160 1 | 77160 77160 | 99.98 | GCF_000005845.2_ASM584v2_genomic_NC_000913.3 NODE_65_length_79012_cov_86.358360
			  Extensive misassembly (inversion) between these two alignments
			Real Alignment 2: 1207806 1209602 | 77161 78957 | 1797 1797 | 100.0 | GCF_000005845.2_ASM584v2_genomic_NC_000913.3 NODE_65_length_79012_cov_86.358360

CONTIG: NODE_67_length_78604_cov_130.147093 (78604bp)
Best alignment score: 78604.0 (LEN: 78604, IDY: 100.00), Total number of alignments: 1
		One align captures most of this contig: 609297 687900 | 78604 1 | 78604 78604 | 100.0 | GCF_000005845.2_ASM584v2_genomic_NC_000913.3 NODE_67_length_78604_cov_130.147093

CONTIG: NODE_68_length_76218_cov_102.223153 (76218bp)
Best alignment score: 76164.0 (LEN: 76164, IDY: 100.00), Total number of alignments: 1
		One align captures most of this contig: 3187374 3263537 | 1 76164 | 76164 76164 | 100.0 | GCF_000005845.2_ASM584v2_genomic_NC_000913.3 NODE_68_length_76218_cov_102.223153

CONTIG: NODE_69_length_70481_cov_94.554284 (70481bp)
Best alignment score: 69348.4 (LEN: 69390, IDY: 99.94), Total number of alignments: 2
			Looking for the best set of alignments (out of 2 total alignments)
			The best set is below. Score: 70388.0, number of alignments: 2, unaligned bases: 0
		This contig is misassembled.
			Excluding internal overlap of size 510 between Alignment 1 and 2: 1466363 1467963 | 1601 1 | 1601 1601 --> 1466873 1467963 | 1091 1 | 1091 1091
			Real Alignment 1: 1466873 1467963 | 1091 1 | 1091 1091 | 99.69 | GCF_000005845.2_ASM584v2_genomic_NC_000913.3 NODE_69_length_70481_cov_94.554284
			  Gap between these two alignments (local misassembly). Inconsistency = 294
			Real Alignment 2: 1397189 1466578 | 70481 1092 | 69390 69390 | 99.94 | GCF_000005845.2_ASM584v2_genomic_NC_000913.3 NODE_69_length_70481_cov_94.554284

CONTIG: NODE_70_length_69779_cov_132.515318 (69779bp)
Best alignment score: 69691.1 (LEN: 69726, IDY: 99.95), Total number of alignments: 1
		One align captures most of this contig: 3667382 3737141 | 1 69726 | 69760 69726 | 99.95 | GCF_000005845.2_ASM584v2_genomic_NC_000913.3 NODE_70_length_69779_cov_132.515318

CONTIG: NODE_72_length_67330_cov_100.103055 (67330bp)
Best alignment score: 67330.0 (LEN: 67330, IDY: 100.00), Total number of alignments: 1
		One align captures most of this contig: 2102894 2170223 | 67330 1 | 67330 67330 | 100.0 | GCF_000005845.2_ASM584v2_genomic_NC_000913.3 NODE_72_length_67330_cov_100.103055

CONTIG: NODE_74_length_60768_cov_89.184903 (60768bp)
Best alignment score: 60768.0 (LEN: 60768, IDY: 100.00), Total number of alignments: 1
		One align captures most of this contig: 1571847 1632614 | 60768 1 | 60768 60768 | 100.0 | GCF_000005845.2_ASM584v2_genomic_NC_000913.3 NODE_74_length_60768_cov_89.184903

CONTIG: NODE_76_length_57777_cov_74.172447 (57777bp)
Best alignment score: 57777.0 (LEN: 57777, IDY: 100.00), Total number of alignments: 1
		One align captures most of this contig: 1470462 1528238 | 57777 1 | 57777 57777 | 100.0 | GCF_000005845.2_ASM584v2_genomic_NC_000913.3 NODE_76_length_57777_cov_74.172447

CONTIG: NODE_78_length_57624_cov_87.607132 (57624bp)
Best alignment score: 57573.0 (LEN: 57573, IDY: 100.00), Total number of alignments: 1
		One align captures most of this contig: 1651135 1708708 | 57573 1 | 57574 57573 | 100.0 | GCF_000005845.2_ASM584v2_genomic_NC_000913.3 NODE_78_length_57624_cov_87.607132

CONTIG: NODE_79_length_56613_cov_77.569698 (56613bp)
Best alignment score: 56613.0 (LEN: 56613, IDY: 100.00), Total number of alignments: 1
		One align captures most of this contig: 3366701 3423313 | 1 56613 | 56613 56613 | 100.0 | GCF_000005845.2_ASM584v2_genomic_NC_000913.3 NODE_79_length_56613_cov_77.569698

CONTIG: NODE_80_length_55874_cov_104.504291 (55874bp)
Best alignment score: 29037.0 (LEN: 29037, IDY: 100.00), Total number of alignments: 2
			Looking for the best set of alignments (out of 2 total alignments)
			The best set is below. Score: 55799.0, number of alignments: 2, unaligned bases: 51
		This contig is misassembled.
			Real Alignment 1: 196734 223519 | 26786 1 | 26786 26786 | 100.0 | GCF_000005845.2_ASM584v2_genomic_NC_000913.3 NODE_80_length_55874_cov_104.504291
			  Overlap between these two alignments (local misassembly). Inconsistency = -878
			Real Alignment 2: 168575 197611 | 55823 26787 | 29037 29037 | 100.0 | GCF_000005845.2_ASM584v2_genomic_NC_000913.3 NODE_80_length_55874_cov_104.504291

CONTIG: NODE_82_length_54855_cov_97.413376 (54855bp)
Best alignment score: 54855.0 (LEN: 54855, IDY: 100.00), Total number of alignments: 1
		One align captures most of this contig: 3131292 3186146 | 1 54855 | 54855 54855 | 100.0 | GCF_000005845.2_ASM584v2_genomic_NC_000913.3 NODE_82_length_54855_cov_97.413376

CONTIG: NODE_83_length_53786_cov_87.001880 (53786bp)
Best alignment score: 53786.0 (LEN: 53786, IDY: 100.00), Total number of alignments: 1
		One align captures most of this contig: 4040791 4094576 | 53786 1 | 53786 53786 | 100.0 | GCF_000005845.2_ASM584v2_genomic_NC_000913.3 NODE_83_length_53786_cov_87.001880

CONTIG: NODE_84_length_47926_cov_111.055190 (47926bp)
Best alignment score: 47868.5 (LEN: 47926, IDY: 99.88), Total number of alignments: 1
		One align captures most of this contig: 733199 781122 | 1 47926 | 47924 47926 | 99.88 | GCF_000005845.2_ASM584v2_genomic_NC_000913.3 NODE_84_length_47926_cov_111.055190

CONTIG: NODE_90_length_42482_cov_95.264242 (42482bp)
Best alignment score: 42432.0 (LEN: 42432, IDY: 100.00), Total number of alignments: 1
		One align captures most of this contig: 4123922 4166353 | 51 42482 | 42432 42432 | 100.0 | GCF_000005845.2_ASM584v2_genomic_NC_000913.3 NODE_90_length_42482_cov_95.264242

CONTIG: NODE_91_length_41915_cov_60.411276 (41915bp)
Best alignment score: 21607.0 (LEN: 21607, IDY: 100.00), Total number of alignments: 2
			Looking for the best set of alignments (out of 2 total alignments)
			The best set is below. Score: 41891.0, number of alignments: 2, unaligned bases: 0
		This contig is misassembled.
			Real Alignment 1: 3449911 3470218 | 20308 1 | 20308 20308 | 100.0 | GCF_000005845.2_ASM584v2_genomic_NC_000913.3 NODE_91_length_41915_cov_60.411276
			  Overlap between these two alignments (local misassembly). Inconsistency = -636
			Real Alignment 2: 3428940 3450546 | 41915 20309 | 21607 21607 | 100.0 | GCF_000005845.2_ASM584v2_genomic_NC_000913.3 NODE_91_length_41915_cov_60.411276

CONTIG: NODE_93_length_40868_cov_99.281797 (40868bp)
Best alignment score: 28954.1 (LEN: 28957, IDY: 99.99), Total number of alignments: 2
			Looking for the best set of alignments (out of 2 total alignments)
			The best set is below. Score: 40827.6, number of alignments: 2, unaligned bases: 0
		This contig is misassembled.
			Excluding internal overlap of size 8 between Alignment 1 and 2: 258676 270593 | 11919 1 | 11918 11919 --> 258684 270593 | 11911 1 | 11910 11911
			Real Alignment 1: 258684 270593 | 11911 1 | 11910 11911 | 99.92 | GCF_000005845.2_ASM584v2_genomic_NC_000913.3 NODE_93_length_40868_cov_99.281797
			  Gap between these two alignments (local misassembly). Inconsistency = 776
			Real Alignment 2: 228951 257907 | 40868 11912 | 28957 28957 | 99.99 | GCF_000005845.2_ASM584v2_genomic_NC_000913.3 NODE_93_length_40868_cov_99.281797

CONTIG: NODE_94_length_40794_cov_90.703626 (40794bp)
Best alignment score: 40794.0 (LEN: 40794, IDY: 100.00), Total number of alignments: 1
		One align captures most of this contig: 688997 729790 | 40794 1 | 40794 40794 | 100.0 | GCF_000005845.2_ASM584v2_genomic_NC_000913.3 NODE_94_length_40794_cov_90.703626

CONTIG: NODE_95_length_40160_cov_90.345967 (40160bp)
Best alignment score: 40160.0 (LEN: 40160, IDY: 100.00), Total number of alignments: 1
		One align captures most of this contig: 526666 566825 | 40160 1 | 40160 40160 | 100.0 | GCF_000005845.2_ASM584v2_genomic_NC_000913.3 NODE_95_length_40160_cov_90.345967

CONTIG: NODE_97_length_39013_cov_122.856230 (39013bp)
Best alignment score: 39001.3 (LEN: 39013, IDY: 99.97), Total number of alignments: 1
		One align captures most of this contig: 1531712 1570724 | 1 39013 | 39013 39013 | 99.97 | GCF_000005845.2_ASM584v2_genomic_NC_000913.3 NODE_97_length_39013_cov_122.856230

CONTIG: NODE_99_length_35263_cov_118.282947 (35263bp)
Best alignment score: 35263.0 (LEN: 35263, IDY: 100.00), Total number of alignments: 1
		One align captures most of this contig: 339880 375142 | 35263 1 | 35263 35263 | 100.0 | GCF_000005845.2_ASM584v2_genomic_NC_000913.3 NODE_99_length_35263_cov_118.282947

CONTIG: NODE_100_length_35183_cov_92.108033 (35183bp)
Best alignment score: 35183.0 (LEN: 35183, IDY: 100.00), Total number of alignments: 1
		One align captures most of this contig: 3584145 3619327 | 1 35183 | 35183 35183 | 100.0 | GCF_000005845.2_ASM584v2_genomic_NC_000913.3 NODE_100_length_35183_cov_92.108033

CONTIG: NODE_104_length_32326_cov_103.660407 (32326bp)
Best alignment score: 32296.9 (LEN: 32326, IDY: 99.91), Total number of alignments: 1
		One align captures most of this contig: 575736 608061 | 1 32326 | 32326 32326 | 99.91 | GCF_000005845.2_ASM584v2_genomic_NC_000913.3 NODE_104_length_32326_cov_103.660407

CONTIG: NODE_106_length_31581_cov_119.884318 (31581bp)
Best alignment score: 31581.0 (LEN: 31581, IDY: 100.00), Total number of alignments: 1
		One align captures most of this contig: 2070219 2101799 | 1 31581 | 31581 31581 | 100.0 | GCF_000005845.2_ASM584v2_genomic_NC_000913.3 NODE_106_length_31581_cov_119.884318

CONTIG: NODE_107_length_30843_cov_104.081200 (30843bp)
Best alignment score: 30843.0 (LEN: 30843, IDY: 100.00), Total number of alignments: 1
		One align captures most of this contig: 4177055 4207897 | 1 30843 | 30843 30843 | 100.0 | GCF_000005845.2_ASM584v2_genomic_NC_000913.3 NODE_107_length_30843_cov_104.081200

CONTIG: NODE_108_length_29351_cov_86.739214 (29351bp)
Best alignment score: 29301.0 (LEN: 29301, IDY: 100.00), Total number of alignments: 1
		One align captures most of this contig: 4094628 4123928 | 29351 51 | 29301 29301 | 100.0 | GCF_000005845.2_ASM584v2_genomic_NC_000913.3 NODE_108_length_29351_cov_86.739214

CONTIG: NODE_109_length_29195_cov_93.852917 (29195bp)
Best alignment score: 24369.0 (LEN: 24369, IDY: 100.00), Total number of alignments: 2
			Looking for the best set of alignments (out of 2 total alignments)
			The best set is below. Score: 28945.0, number of alignments: 2, unaligned bases: 0
		This contig is misassembled.
			Real Alignment 1: 3625423 3630248 | 1 4826 | 4826 4826 | 100.0 | GCF_000005845.2_ASM584v2_genomic_NC_000913.3 NODE_109_length_29195_cov_93.852917
			  Extensive misassembly (relocation, inconsistency = -2533) between these two alignments
			Real Alignment 2: 3627716 3652084 | 4827 29195 | 24369 24369 | 100.0 | GCF_000005845.2_ASM584v2_genomic_NC_000913.3 NODE_109_length_29195_cov_93.852917

CONTIG: NODE_110_length_26744_cov_105.140320 (26744bp)
Best alignment score: 26637.0 (LEN: 26637, IDY: 100.00), Total number of alignments: 1
		One align captures most of this contig: 3906770 3933406 | 55 26691 | 26637 26637 | 100.0 | GCF_000005845.2_ASM584v2_genomic_NC_000913.3 NODE_110_length_26744_cov_105.140320

CONTIG: NODE_111_length_25235_cov_137.511636 (25235bp)
Best alignment score: 25183.0 (LEN: 25183, IDY: 100.00), Total number of alignments: 1
		One align captures most of this contig: 3737136 3762318 | 25183 1 | 25183 25183 | 100.0 | GCF_000005845.2_ASM584v2_genomic_NC_000913.3 NODE_111_length_25235_cov_137.511636

CONTIG: NODE_114_length_23933_cov_70.262585 (23933bp)
Best alignment score: 23933.0 (LEN: 23933, IDY: 100.00), Total number of alignments: 1
		One align captures most of this contig: 291351 315283 | 1 23933 | 23933 23933 | 100.0 | GCF_000005845.2_ASM584v2_genomic_NC_000913.3 NODE_114_length_23933_cov_70.262585

CONTIG: NODE_115_length_23382_cov_87.660908 (23382bp)
Best alignment score: 23382.0 (LEN: 23382, IDY: 100.00), Total number of alignments: 1
		One align captures most of this contig: 316429 339810 | 23382 1 | 23382 23382 | 100.0 | GCF_000005845.2_ASM584v2_genomic_NC_000913.3 NODE_115_length_23382_cov_87.660908

CONTIG: NODE_120_length_16229_cov_68.602819 (16229bp)
Best alignment score: 16174.0 (LEN: 16174, IDY: 100.00), Total number of alignments: 1
		One align captures most of this contig: 1634968 1651141 | 16229 56 | 16174 16174 | 100.0 | GCF_000005845.2_ASM584v2_genomic_NC_000913.3 NODE_120_length_16229_cov_68.602819

CONTIG: NODE_122_length_14456_cov_96.206097 (14456bp)
Best alignment score: 14456.0 (LEN: 14456, IDY: 100.00), Total number of alignments: 1
		One align captures most of this contig: 2290059 2304514 | 14456 1 | 14456 14456 | 100.0 | GCF_000005845.2_ASM584v2_genomic_NC_000913.3 NODE_122_length_14456_cov_96.206097

CONTIG: NODE_124_length_13078_cov_74.448514 (13078bp)
Best alignment score: 13078.0 (LEN: 13078, IDY: 100.00), Total number of alignments: 1
		One align captures most of this contig: 3653182 3666259 | 1 13078 | 13078 13078 | 100.0 | GCF_000005845.2_ASM584v2_genomic_NC_000913.3 NODE_124_length_13078_cov_74.448514

CONTIG: NODE_126_length_10811_cov_131.641967 (10811bp)
Best alignment score: 10811.0 (LEN: 10811, IDY: 100.00), Total number of alignments: 1
		One align captures most of this contig: 279878 290688 | 1 10811 | 10811 10811 | 100.0 | GCF_000005845.2_ASM584v2_genomic_NC_000913.3 NODE_126_length_10811_cov_131.641967

CONTIG: NODE_128_length_9223_cov_70.090205 (9223bp)
Best alignment score: 9223.0 (LEN: 9223, IDY: 100.00), Total number of alignments: 1
		One align captures most of this contig: 382540 391762 | 1 9223 | 9223 9223 | 100.0 | GCF_000005845.2_ASM584v2_genomic_NC_000913.3 NODE_128_length_9223_cov_70.090205

CONTIG: NODE_129_length_8663_cov_96.036942 (8663bp)
Best alignment score: 7320.0 (LEN: 7320, IDY: 100.00), Total number of alignments: 2
			Looking for the best set of alignments (out of 2 total alignments)
			The best set is below. Score: 8586.0, number of alignments: 2, unaligned bases: 53
		This contig is misassembled.
			Real Alignment 1: 1098061 1105380 | 7373 54 | 7320 7320 | 100.0 | GCF_000005845.2_ASM584v2_genomic_NC_000913.3 NODE_129_length_8663_cov_96.036942
			  Overlap between these two alignments (local misassembly). Inconsistency = -577
			Real Alignment 2: 1097348 1098637 | 8663 7374 | 1290 1290 | 100.0 | GCF_000005845.2_ASM584v2_genomic_NC_000913.3 NODE_129_length_8663_cov_96.036942

CONTIG: NODE_130_length_8056_cov_76.590926 (8056bp)
Best alignment score: 8055.2 (LEN: 8056, IDY: 99.99), Total number of alignments: 1
		One align captures most of this contig: 4499458 4507512 | 1 8056 | 8055 8056 | 99.99 | GCF_000005845.2_ASM584v2_genomic_NC_000913.3 NODE_130_length_8056_cov_76.590926

CONTIG: NODE_131_length_6660_cov_52.061469 (6660bp)
Best alignment score: 6660.0 (LEN: 6660, IDY: 100.00), Total number of alignments: 1
		One align captures most of this contig: 567981 574640 | 1 6660 | 6660 6660 | 100.0 | GCF_000005845.2_ASM584v2_genomic_NC_000913.3 NODE_131_length_6660_cov_52.061469

CONTIG: NODE_132_length_6042_cov_105.270586 (6042bp)
Best alignment score: 6042.0 (LEN: 6042, IDY: 100.00), Total number of alignments: 1
		One align captures most of this contig: 375271 381312 | 6042 1 | 6042 6042 | 100.0 | GCF_000005845.2_ASM584v2_genomic_NC_000913.3 NODE_132_length_6042_cov_105.270586

CONTIG: NODE_138_length_5422_cov_71.273151 (5422bp)
Best alignment score: 5422.0 (LEN: 5422, IDY: 100.00), Total number of alignments: 1
		One align captures most of this contig: 2515564 2520985 | 1 5422 | 5422 5422 | 100.0 | GCF_000005845.2_ASM584v2_genomic_NC_000913.3 NODE_138_length_5422_cov_71.273151

CONTIG: NODE_140_length_4223_cov_59.373560 (4223bp)
Best alignment score: 4223.0 (LEN: 4223, IDY: 100.00), Total number of alignments: 1
		One align captures most of this contig: 4171911 4176133 | 4223 1 | 4223 4223 | 100.0 | GCF_000005845.2_ASM584v2_genomic_NC_000913.3 NODE_140_length_4223_cov_59.373560

CONTIG: NODE_141_length_4122_cov_139.857881 (4122bp)
Best alignment score: 4122.0 (LEN: 4122, IDY: 100.00), Total number of alignments: 1
		One align captures most of this contig: 275095 279216 | 4122 1 | 4122 4122 | 100.0 | GCF_000005845.2_ASM584v2_genomic_NC_000913.3 NODE_141_length_4122_cov_139.857881

CONTIG: NODE_144_length_3778_cov_71.333333 (3778bp)
Best alignment score: 3725.0 (LEN: 3725, IDY: 100.00), Total number of alignments: 1
			Looking for the best set of alignments (out of 1 total alignments)
			The best set is below. Score: 3725.0, number of alignments: 1, unaligned bases: 53
		Alignment: 3937772 3941496 | 3725 1 | 3725 3725 | 100.0 | GCF_000005845.2_ASM584v2_genomic_NC_000913.3 NODE_144_length_3778_cov_71.333333

CONTIG: NODE_147_length_3171_cov_78.329910 (3171bp)
Best alignment score: 3171.0 (LEN: 3171, IDY: 100.00), Total number of alignments: 1
		One align captures most of this contig: 16678 19848 | 3171 1 | 3171 3171 | 100.0 | GCF_000005845.2_ASM584v2_genomic_NC_000913.3 NODE_147_length_3171_cov_78.329910

CONTIG: NODE_148_length_3141_cov_457.468244 (3141bp)
Best alignment score: 3133.1 (LEN: 3141, IDY: 99.75), Total number of alignments: 7
		This contig has 7 significant alignments. [An ambiguously mapped contig]
		Using only first of these alignment (option --ambiguity-usage is set to "one"):
			Alignment: 225739 228880 | 3141 1 | 3142 3141 | 99.75 | GCF_000005845.2_ASM584v2_genomic_NC_000913.3 NODE_148_length_3141_cov_457.468244
			Skipping alignment 3423663 3426803 | 1 3141 | 3141 3141 | 99.75 | GCF_000005845.2_ASM584v2_genomic_NC_000913.3 NODE_148_length_3141_cov_457.468244
			Skipping alignment 3943684 3946824 | 3141 1 | 3141 3141 | 99.68 | GCF_000005845.2_ASM584v2_genomic_NC_000913.3 NODE_148_length_3141_cov_457.468244
			Skipping alignment 4037499 4040641 | 3141 1 | 3143 3141 | 99.68 | GCF_000005845.2_ASM584v2_genomic_NC_000913.3 NODE_148_length_3141_cov_457.468244
			Skipping alignment 4210023 4213164 | 3141 1 | 3142 3141 | 99.59 | GCF_000005845.2_ASM584v2_genomic_NC_000913.3 NODE_148_length_3141_cov_457.468244
			Skipping alignment 4168621 4171761 | 3141 1 | 3141 3141 | 99.52 | GCF_000005845.2_ASM584v2_genomic_NC_000913.3 NODE_148_length_3141_cov_457.468244
			Skipping alignment 2726064 2729204 | 1 3141 | 3141 3141 | 99.49 | GCF_000005845.2_ASM584v2_genomic_NC_000913.3 NODE_148_length_3141_cov_457.468244

CONTIG: NODE_152_length_2646_cov_71.849479 (2646bp)
Best alignment score: 2646.0 (LEN: 2646, IDY: 100.00), Total number of alignments: 1
		One align captures most of this contig: 1529120 1531765 | 1 2646 | 2646 2646 | 100.0 | GCF_000005845.2_ASM584v2_genomic_NC_000913.3 NODE_152_length_2646_cov_71.849479

CONTIG: NODE_154_length_2596_cov_354.101928 (2596bp)
Best alignment score: 2596.0 (LEN: 2596, IDY: 100.00), Total number of alignments: 2
		This contig has 2 significant alignments. [An ambiguously mapped contig]
		Using only first of these alignment (option --ambiguity-usage is set to "one"):
			Alignment: 3619345 3621940 | 1 2596 | 2596 2596 | 100.0 | GCF_000005845.2_ASM584v2_genomic_NC_000913.3 NODE_154_length_2596_cov_354.101928
			Skipping alignment 3762336 3764931 | 1 2596 | 2596 2596 | 99.96 | GCF_000005845.2_ASM584v2_genomic_NC_000913.3 NODE_154_length_2596_cov_354.101928

CONTIG: NODE_156_length_2303_cov_91.789146 (2303bp)
Best alignment score: 2303.0 (LEN: 2303, IDY: 100.00), Total number of alignments: 1
		One align captures most of this contig: 271707 274009 | 2303 1 | 2303 2303 | 100.0 | GCF_000005845.2_ASM584v2_genomic_NC_000913.3 NODE_156_length_2303_cov_91.789146

CONTIG: NODE_159_length_1706_cov_137.660206 (1706bp)
Best alignment score: 1706.0 (LEN: 1706, IDY: 100.00), Total number of alignments: 1
		One align captures most of this contig: 3622808 3624513 | 1706 1 | 1706 1706 | 100.0 | GCF_000005845.2_ASM584v2_genomic_NC_000913.3 NODE_159_length_1706_cov_137.660206

CONTIG: NODE_160_length_1692_cov_162.492975 (1692bp)
Best alignment score: 1692.0 (LEN: 1692, IDY: 100.00), Total number of alignments: 1
		One align captures most of this contig: 2067303 2068994 | 1692 1 | 1692 1692 | 100.0 | GCF_000005845.2_ASM584v2_genomic_NC_000913.3 NODE_160_length_1692_cov_162.492975

CONTIG: NODE_162_length_1567_cov_68.947751 (1567bp)
Best alignment score: 1567.0 (LEN: 1567, IDY: 100.00), Total number of alignments: 1
		One align captures most of this contig: 1095449 1097015 | 1567 1 | 1567 1567 | 100.0 | GCF_000005845.2_ASM584v2_genomic_NC_000913.3 NODE_162_length_1567_cov_68.947751

CONTIG: NODE_163_length_1493_cov_542.610570 (1493bp)
Best alignment score: 1493.0 (LEN: 1493, IDY: 100.00), Total number of alignments: 7
		This contig has 7 significant alignments. [An ambiguously mapped contig]
		Using only first of these alignment (option --ambiguity-usage is set to "one"):
			Alignment: 4208001 4209493 | 1 1493 | 1493 1493 | 100.0 | GCF_000005845.2_ASM584v2_genomic_NC_000913.3 NODE_163_length_1493_cov_542.610570
			Skipping alignment 4166513 4168005 | 1 1493 | 1493 1493 | 99.93 | GCF_000005845.2_ASM584v2_genomic_NC_000913.3 NODE_163_length_1493_cov_542.610570
			Skipping alignment 4035385 4036877 | 1 1493 | 1493 1493 | 99.87 | GCF_000005845.2_ASM584v2_genomic_NC_000913.3 NODE_163_length_1493_cov_542.610570
			Skipping alignment 3941662 3943154 | 1 1493 | 1493 1493 | 99.6 | GCF_000005845.2_ASM584v2_genomic_NC_000913.3 NODE_163_length_1493_cov_542.610570
			Skipping alignment 2729811 2731303 | 1493 1 | 1493 1493 | 99.46 | GCF_000005845.2_ASM584v2_genomic_NC_000913.3 NODE_163_length_1493_cov_542.610570
			Skipping alignment 3427416 3428908 | 1493 1 | 1493 1493 | 99.4 | GCF_000005845.2_ASM584v2_genomic_NC_000913.3 NODE_163_length_1493_cov_542.610570
			Skipping alignment 223625 225117 | 1 1493 | 1493 1493 | 99.4 | GCF_000005845.2_ASM584v2_genomic_NC_000913.3 NODE_163_length_1493_cov_542.610570

CONTIG: NODE_166_length_1345_cov_304.318605 (1345bp)
Best alignment score: 1345.0 (LEN: 1345, IDY: 100.00), Total number of alignments: 3
		This contig has 3 significant alignments. [An ambiguously mapped contig]
		Using only first of these alignment (option --ambiguity-usage is set to "one"):
			Alignment: 2514273 2515617 | 1 1345 | 1345 1345 | 100.0 | GCF_000005845.2_ASM584v2_genomic_NC_000913.3 NODE_166_length_1345_cov_304.318605
			Skipping alignment 15387 16731 | 1 1345 | 1345 1345 | 100.0 | GCF_000005845.2_ASM584v2_genomic_NC_000913.3 NODE_166_length_1345_cov_304.318605
			Skipping alignment 608007 609351 | 1 1345 | 1345 1345 | 100.0 | GCF_000005845.2_ASM584v2_genomic_NC_000913.3 NODE_166_length_1345_cov_304.318605

CONTIG: NODE_168_length_1255_cov_332.717500 (1255bp)
Best alignment score: 1255.0 (LEN: 1255, IDY: 100.00), Total number of alignments: 5
		This contig has 5 significant alignments. [An ambiguously mapped contig]
		Using only first of these alignment (option --ambiguity-usage is set to "one"):
			Alignment: 391709 392963 | 1255 1 | 1255 1255 | 100.0 | GCF_000005845.2_ASM584v2_genomic_NC_000913.3 NODE_168_length_1255_cov_332.717500
			Skipping alignment 566780 568034 | 1 1255 | 1255 1255 | 100.0 | GCF_000005845.2_ASM584v2_genomic_NC_000913.3 NODE_168_length_1255_cov_332.717500
			Skipping alignment 1094245 1095499 | 1255 1 | 1255 1255 | 100.0 | GCF_000005845.2_ASM584v2_genomic_NC_000913.3 NODE_168_length_1255_cov_332.717500
			Skipping alignment 315229 316483 | 1 1255 | 1255 1255 | 100.0 | GCF_000005845.2_ASM584v2_genomic_NC_000913.3 NODE_168_length_1255_cov_332.717500
			Skipping alignment 2170174 2171428 | 1 1255 | 1255 1255 | 100.0 | GCF_000005845.2_ASM584v2_genomic_NC_000913.3 NODE_168_length_1255_cov_332.717500

CONTIG: NODE_170_length_1232_cov_173.028887 (1232bp)
Best alignment score: 1232.0 (LEN: 1232, IDY: 100.00), Total number of alignments: 2
		This contig has 2 significant alignments. [An ambiguously mapped contig]
		Using only first of these alignment (option --ambiguity-usage is set to "one"):
			Alignment: 1570670 1571901 | 1232 1 | 1232 1232 | 100.0 | GCF_000005845.2_ASM584v2_genomic_NC_000913.3 NODE_170_length_1232_cov_173.028887
			Skipping alignment 3666205 3667436 | 1232 1 | 1232 1232 | 99.27 | GCF_000005845.2_ASM584v2_genomic_NC_000913.3 NODE_170_length_1232_cov_173.028887

CONTIG: NODE_171_length_1178_cov_1247.813891 (1178bp)
Best alignment score: 1178.0 (LEN: 1178, IDY: 100.00), Total number of alignments: 11
		This contig has 11 significant alignments. [An ambiguously mapped contig]
		Using only first of these alignment (option --ambiguity-usage is set to "one"):
			Alignment: 1299499 1300676 | 1 1178 | 1178 1178 | 100.0 | GCF_000005845.2_ASM584v2_genomic_NC_000913.3 NODE_171_length_1178_cov_1247.813891
			Skipping alignment 574608 575785 | 1178 1 | 1178 1178 | 100.0 | GCF_000005845.2_ASM584v2_genomic_NC_000913.3 NODE_171_length_1178_cov_1247.813891
			Skipping alignment 2288936 2290113 | 1178 1 | 1178 1178 | 100.0 | GCF_000005845.2_ASM584v2_genomic_NC_000913.3 NODE_171_length_1178_cov_1247.813891
			Skipping alignment 273972 275149 | 1178 1 | 1178 1178 | 100.0 | GCF_000005845.2_ASM584v2_genomic_NC_000913.3 NODE_171_length_1178_cov_1247.813891
			Skipping alignment 687868 689045 | 1178 1 | 1178 1178 | 100.0 | GCF_000005845.2_ASM584v2_genomic_NC_000913.3 NODE_171_length_1178_cov_1247.813891
			Skipping alignment 3130146 3131323 | 1 1178 | 1178 1178 | 100.0 | GCF_000005845.2_ASM584v2_genomic_NC_000913.3 NODE_171_length_1178_cov_1247.813891
			Skipping alignment 3365573 3366750 | 1178 1 | 1178 1178 | 100.0 | GCF_000005845.2_ASM584v2_genomic_NC_000913.3 NODE_171_length_1178_cov_1247.813891
			Skipping alignment 1396044 1397221 | 1 1178 | 1178 1178 | 100.0 | GCF_000005845.2_ASM584v2_genomic_NC_000913.3 NODE_171_length_1178_cov_1247.813891
			Skipping alignment 3652053 3653230 | 1178 1 | 1178 1178 | 100.0 | GCF_000005845.2_ASM584v2_genomic_NC_000913.3 NODE_171_length_1178_cov_1247.813891
			Skipping alignment 2101766 2102943 | 1178 1 | 1178 1178 | 100.0 | GCF_000005845.2_ASM584v2_genomic_NC_000913.3 NODE_171_length_1178_cov_1247.813891
			Skipping alignment 2066176 2067353 | 1178 1 | 1178 1178 | 99.66 | GCF_000005845.2_ASM584v2_genomic_NC_000913.3 NODE_171_length_1178_cov_1247.813891

CONTIG: NODE_172_length_1095_cov_261.107692 (1095bp)
Best alignment score: 1095.0 (LEN: 1095, IDY: 100.00), Total number of alignments: 3
		This contig has 3 significant alignments. [An ambiguously mapped contig]
		Using only first of these alignment (option --ambiguity-usage is set to "one"):
			Alignment: 4507585 4508679 | 1 1095 | 1095 1095 | 100.0 | GCF_000005845.2_ASM584v2_genomic_NC_000913.3 NODE_172_length_1095_cov_261.107692
			Skipping alignment 1469296 1470390 | 1095 1 | 1095 1095 | 100.0 | GCF_000005845.2_ASM584v2_genomic_NC_000913.3 NODE_172_length_1095_cov_261.107692
			Skipping alignment 270541 271635 | 1095 1 | 1095 1095 | 99.73 | GCF_000005845.2_ASM584v2_genomic_NC_000913.3 NODE_172_length_1095_cov_261.107692

CONTIG: NODE_173_length_1031_cov_131.222336 (1031bp)
Best alignment score: 1031.0 (LEN: 1031, IDY: 100.00), Total number of alignments: 2
		This contig has 2 significant alignments. [An ambiguously mapped contig]
		Using only first of these alignment (option --ambiguity-usage is set to "one"):
			Alignment: 3470164 3471194 | 1 1031 | 1031 1031 | 100.0 | GCF_000005845.2_ASM584v2_genomic_NC_000913.3 NODE_173_length_1031_cov_131.222336
			Skipping alignment 4176079 4177109 | 1031 1 | 1031 1031 | 99.81 | GCF_000005845.2_ASM584v2_genomic_NC_000913.3 NODE_173_length_1031_cov_131.222336

CONTIG: NODE_174_length_991_cov_113.719017 (991bp)
Best alignment score: 991.0 (LEN: 991, IDY: 100.00), Total number of alignments: 2
		This contig has 2 significant alignments. [An ambiguously mapped contig]
		Using only first of these alignment (option --ambiguity-usage is set to "one"):
			Alignment: 525730 526720 | 1 991 | 991 991 | 100.0 | GCF_000005845.2_ASM584v2_genomic_NC_000913.3 NODE_174_length_991_cov_113.719017
			Skipping alignment 1528184 1529174 | 1 991 | 991 991 | 99.6 | GCF_000005845.2_ASM584v2_genomic_NC_000913.3 NODE_174_length_991_cov_113.719017

CONTIG: NODE_175_length_972_cov_1456.267176 (972bp)
Best alignment score: 972.0 (LEN: 972, IDY: 100.00), Total number of alignments: 6
		This contig has 6 significant alignments. [An ambiguously mapped contig]
		Using only first of these alignment (option --ambiguity-usage is set to "one"):
			Alignment: 2069300 2070271 | 1 972 | 972 972 | 100.0 | GCF_000005845.2_ASM584v2_genomic_NC_000913.3 NODE_175_length_972_cov_1456.267176
			Skipping alignment 4498181 4499152 | 972 1 | 972 972 | 100.0 | GCF_000005845.2_ASM584v2_genomic_NC_000913.3 NODE_175_length_972_cov_1456.267176
			Skipping alignment 3186096 3187067 | 972 1 | 972 972 | 100.0 | GCF_000005845.2_ASM584v2_genomic_NC_000913.3 NODE_175_length_972_cov_1456.267176
			Skipping alignment 381260 382231 | 972 1 | 972 972 | 100.0 | GCF_000005845.2_ASM584v2_genomic_NC_000913.3 NODE_175_length_972_cov_1456.267176
			Skipping alignment 1468269 1469240 | 1 972 | 972 972 | 100.0 | GCF_000005845.2_ASM584v2_genomic_NC_000913.3 NODE_175_length_972_cov_1456.267176
			Skipping alignment 2996720 2997691 | 1 972 | 972 972 | 100.0 | GCF_000005845.2_ASM584v2_genomic_NC_000913.3 NODE_175_length_972_cov_1456.267176

CONTIG: NODE_181_length_520_cov_230.337634 (520bp)
Best alignment score: 520.0 (LEN: 520, IDY: 100.00), Total number of alignments: 3
		Skipping these alignments as insignificant (option --ambiguity-score is set to "0.99"):
			Skipping alignment 225272 225791 | 1 520 | 520 520 | 98.85 | GCF_000005845.2_ASM584v2_genomic_NC_000913.3 NODE_181_length_520_cov_230.337634
			Skipping alignment 3426751 3427261 | 520 1 | 511 520 | 97.31 | GCF_000005845.2_ASM584v2_genomic_NC_000913.3 NODE_181_length_520_cov_230.337634
		One align captures most of this contig: 4037032 4037551 | 1 520 | 520 520 | 100.0 | GCF_000005845.2_ASM584v2_genomic_NC_000913.3 NODE_181_length_520_cov_230.337634

Analyzing coverage...
Writing SNPs into /home/modesto/data/freeDNA/quast_results/results_2022_03_10_13_57_32/runs_per_reference/GCF_000005845.2_ASM584v2_genomic/contigs_reports/minimap_output/piMDA_2.used_snps.gz

Analysis is finished!
Founded SNPs were written into /home/modesto/data/freeDNA/quast_results/results_2022_03_10_13_57_32/runs_per_reference/GCF_000005845.2_ASM584v2_genomic/contigs_reports/minimap_output/piMDA_2.used_snps.gz

Results:
	Local Misassemblies: 18
	Misassemblies: 5
		Relocations: 4
		Translocations: 0
		Inversions: 1
	Scaffold gap extensive misassemblies: 0
	Scaffold gap local misassemblies: 0
	Misassembled Contigs: 5
	Misassembled Contig Bases: 509118
	Misassemblies Inter-Contig Overlap ("Extra" Aligned Bases): 0
Unaligned Contigs: 0 + 0 part
Half Unaligned Contigs with Misassemblies: 0
Unaligned Bases in Fully and Partially Unaligned Contigs: 0

Ambiguously Mapped Contigs: 11
Total Bases in Ambiguously Mapped Contigs: 16329
"Extra" Aligned Bases in Ambiguously Mapped Contigs: 0
Note that --allow-ambiguity option was set to "one" and only first alignment per each of these contigs was used (there is no "extra" aligned bases).

	Covered Bases in Reference: 4556610
	Raw Aligned Bases in Assembly: 4570672
	Total Aligned Bases in Assembly (with "Extras"): 4570672

	SNPs: 242
	Insertions: 7
	Deletions: 41

