Aligning contigs to reference...
	Aligning contigs to the reference
Filtering alignments...
Parsing coords...
Loading reference...
	Loaded [GCF_000005845.2_ASM584v2_genomic_NC_000913.3]
	Total Regions: 1
	Total Region Length: 4641652
Analyzing contigs...
CONTIG: NODE_15_length_327365_cov_56.982915 (327365bp)
Best alignment score: 269785.0 (LEN: 269785, IDY: 100.00), Total number of alignments: 2
			Looking for the best set of alignments (out of 2 total alignments)
			The best set is below. Score: 327197.8, number of alignments: 2, unaligned bases: 102
		This contig is misassembled.
			Excluding internal overlap of size 316 between Alignment 1 and 2: 1651135 1708929 | 327314 269521 | 57795 57794 --> 1651135 1708613 | 327314 269837 | 57479 57478
			Real Alignment 1: 1708710 1978494 | 269836 52 | 269785 269785 | 100.0 | GCF_000005845.2_ASM584v2_genomic_NC_000913.3 NODE_15_length_327365_cov_56.982915
			  Gap between these two alignments (local misassembly). Inconsistency = 96
			Real Alignment 2: 1651135 1708613 | 327314 269837 | 57479 57478 | 99.97 | GCF_000005845.2_ASM584v2_genomic_NC_000913.3 NODE_15_length_327365_cov_56.982915

CONTIG: NODE_22_length_264459_cov_51.282836 (264459bp)
Best alignment score: 129353.1 (LEN: 129379, IDY: 99.98), Total number of alignments: 3
			Looking for the best set of alignments (out of 3 total alignments)
			The best set is below. Score: 264332.3, number of alignments: 3, unaligned bases: 0
		This contig is misassembled.
			Excluding internal overlap of size 191 between Alignment 1 and 2: 2947495 2996413 | 48919 1 | 48919 48919 --> 2947686 2996413 | 48728 1 | 48728 48728
			Real Alignment 1: 2947686 2996413 | 48728 1 | 48728 48728 | 99.99 | GCF_000005845.2_ASM584v2_genomic_NC_000913.3 NODE_22_length_264459_cov_51.282836
			  Gap between these two alignments (local misassembly). Inconsistency = 110
			Excluding internal overlap of size 354 between Alignment 2 and 3: 2731431 2818136 | 264459 177754 | 86706 86706 --> 2731431 2817782 | 264459 178108 | 86352 86352
			Real Alignment 2: 2818197 2947575 | 178107 48729 | 129379 129379 | 99.98 | GCF_000005845.2_ASM584v2_genomic_NC_000913.3 NODE_22_length_264459_cov_51.282836
			  Gap between these two alignments (local misassembly). Inconsistency = 414
			Real Alignment 3: 2731431 2817782 | 264459 178108 | 86352 86352 | 100.0 | GCF_000005845.2_ASM584v2_genomic_NC_000913.3 NODE_22_length_264459_cov_51.282836

CONTIG: NODE_27_length_207732_cov_71.224527 (207732bp)
Best alignment score: 207711.2 (LEN: 207732, IDY: 99.99), Total number of alignments: 1
		One align captures most of this contig: 2521473 2729204 | 1 207732 | 207732 207732 | 99.99 | GCF_000005845.2_ASM584v2_genomic_NC_000913.3 NODE_27_length_207732_cov_71.224527

CONTIG: NODE_28_length_185154_cov_51.181795 (185154bp)
Best alignment score: 95401.0 (LEN: 95401, IDY: 100.00), Total number of alignments: 3
			Looking for the best set of alignments (out of 3 total alignments)
			The best set is below. Score: 184783.2, number of alignments: 3, unaligned bases: 39
		This contig is misassembled.
			Excluding internal overlap of size 4 between Alignment 1 and 2: 1286886 1299498 | 108010 95398 | 12613 12613 --> 1286886 1299494 | 108010 95402 | 12609 12609
			Real Alignment 1: 1300694 1396094 | 95401 1 | 95401 95401 | 100.0 | GCF_000005845.2_ASM584v2_genomic_NC_000913.3 NODE_28_length_185154_cov_51.181795
			  Extensive misassembly (relocation, inconsistency = 1199) between these two alignments
			Excluding internal overlap of size 377 between Alignment 2 and 3: 1286886 1299494 | 108010 95402 | 12609 12609 --> 1287263 1299494 | 107633 95402 | 12232 12232
			Real Alignment 2: 1287263 1299494 | 107633 95402 | 12232 12232 | 99.93 | GCF_000005845.2_ASM584v2_genomic_NC_000913.3 NODE_28_length_185154_cov_51.181795
			  Gap between these two alignments (local misassembly). Inconsistency = 178
			Real Alignment 3: 1209603 1287084 | 185115 107634 | 77482 77482 | 99.97 | GCF_000005845.2_ASM584v2_genomic_NC_000913.3 NODE_28_length_185154_cov_51.181795

CONTIG: NODE_33_length_148124_cov_67.104681 (148124bp)
Best alignment score: 148070.0 (LEN: 148070, IDY: 100.00), Total number of alignments: 1
		One align captures most of this contig: 20510 168579 | 1 148070 | 148070 148070 | 100.0 | GCF_000005845.2_ASM584v2_genomic_NC_000913.3 NODE_33_length_148124_cov_67.104681

CONTIG: NODE_35_length_140998_cov_52.201074 (140998bp)
Best alignment score: 140932.9 (LEN: 140947, IDY: 99.99), Total number of alignments: 1
		One align captures most of this contig: 3765833 3906779 | 140998 52 | 140947 140947 | 99.99 | GCF_000005845.2_ASM584v2_genomic_NC_000913.3 NODE_35_length_140998_cov_52.201074

CONTIG: NODE_36_length_134677_cov_62.736819 (134677bp)
Best alignment score: 134655.0 (LEN: 134655, IDY: 100.00), Total number of alignments: 1
		One align captures most of this contig: 915228 1049882 | 23 134677 | 134655 134655 | 100.0 | GCF_000005845.2_ASM584v2_genomic_NC_000913.3 NODE_36_length_134677_cov_62.736819

CONTIG: NODE_37_length_133707_cov_60.175942 (133707bp)
Best alignment score: 133707.0 (LEN: 133707, IDY: 100.00), Total number of alignments: 1
		One align captures most of this contig: 781392 915098 | 1 133707 | 133707 133707 | 100.0 | GCF_000005845.2_ASM584v2_genomic_NC_000913.3 NODE_37_length_133707_cov_60.175942

CONTIG: NODE_38_length_132867_cov_59.160927 (132867bp)
Best alignment score: 132867.0 (LEN: 132867, IDY: 100.00), Total number of alignments: 1
		One align captures most of this contig: 392918 525784 | 1 132867 | 132867 132867 | 100.0 | GCF_000005845.2_ASM584v2_genomic_NC_000913.3 NODE_38_length_132867_cov_59.160927

CONTIG: NODE_39_length_132556_cov_66.093486 (132556bp)
Best alignment score: 132556.0 (LEN: 132556, IDY: 100.00), Total number of alignments: 1
		One align captures most of this contig: 2997640 3130195 | 132556 1 | 132556 132556 | 100.0 | GCF_000005845.2_ASM584v2_genomic_NC_000913.3 NODE_39_length_132556_cov_66.093486

CONTIG: NODE_43_length_112680_cov_55.898291 (112680bp)
Best alignment score: 83202.7 (LEN: 83211, IDY: 99.99), Total number of alignments: 2
			Looking for the best set of alignments (out of 2 total alignments)
			The best set is below. Score: 112614.8, number of alignments: 2, unaligned bases: 0
		This contig is misassembled.
			Excluding internal overlap of size 488 between Alignment 1 and 2: 4295948 4325902 | 82724 112680 | 29955 29957 --> 4296434 4325902 | 83212 112680 | 29469 29469
			Real Alignment 1: 4213112 4296322 | 1 83211 | 83211 83211 | 99.99 | GCF_000005845.2_ASM584v2_genomic_NC_000913.3 NODE_43_length_112680_cov_55.898291
			  Gap between these two alignments (local misassembly). Inconsistency = 111
			Real Alignment 2: 4296434 4325902 | 83212 112680 | 29469 29469 | 99.97 | GCF_000005845.2_ASM584v2_genomic_NC_000913.3 NODE_43_length_112680_cov_55.898291

CONTIG: NODE_44_length_112506_cov_66.218095 (112506bp)
Best alignment score: 70889.4 (LEN: 70932, IDY: 99.94), Total number of alignments: 2
			Looking for the best set of alignments (out of 2 total alignments)
			The best set is below. Score: 111865.3, number of alignments: 2, unaligned bases: 53
		This contig is misassembled.
			Excluding internal overlap of size 1504 between Alignment 1 and 2: 1529120 1572144 | 112506 69482 | 43025 43025 --> 1529120 1570640 | 112506 70986 | 41521 41521
			Real Alignment 1: 3666176 3737141 | 70985 54 | 70966 70932 | 99.94 | GCF_000005845.2_ASM584v2_genomic_NC_000913.3 NODE_44_length_112506_cov_66.218095
			  Extensive misassembly (relocation, inconsistency = 2095535) between these two alignments
			Real Alignment 2: 1529120 1570640 | 112506 70986 | 41521 41521 | 99.89 | GCF_000005845.2_ASM584v2_genomic_NC_000913.3 NODE_44_length_112506_cov_66.218095

CONTIG: NODE_45_length_112343_cov_65.633193 (112343bp)
Best alignment score: 112343.0 (LEN: 112343, IDY: 100.00), Total number of alignments: 1
		One align captures most of this contig: 3471140 3583481 | 1 112343 | 112342 112343 | 100.0 | GCF_000005845.2_ASM584v2_genomic_NC_000913.3 NODE_45_length_112343_cov_65.633193

CONTIG: NODE_46_length_107600_cov_51.168804 (107600bp)
Best alignment score: 107548.0 (LEN: 107548, IDY: 100.00), Total number of alignments: 1
		One align captures most of this contig: 2406780 2514327 | 53 107600 | 107548 107548 | 100.0 | GCF_000005845.2_ASM584v2_genomic_NC_000913.3 NODE_46_length_107600_cov_51.168804

CONTIG: NODE_47_length_105741_cov_52.741300 (105741bp)
Best alignment score: 105741.0 (LEN: 105741, IDY: 100.00), Total number of alignments: 1
		One align captures most of this contig: 4392495 4498234 | 1 105741 | 105740 105741 | 100.0 | GCF_000005845.2_ASM584v2_genomic_NC_000913.3 NODE_47_length_105741_cov_52.741300

CONTIG: NODE_49_length_102484_cov_51.882006 (102484bp)
Best alignment score: 102431.0 (LEN: 102431, IDY: 100.00), Total number of alignments: 1
		One align captures most of this contig: 1105375 1207805 | 102431 1 | 102431 102431 | 100.0 | GCF_000005845.2_ASM584v2_genomic_NC_000913.3 NODE_49_length_102484_cov_51.882006

CONTIG: NODE_50_length_102262_cov_67.608843 (102262bp)
Best alignment score: 102198.8 (LEN: 102209, IDY: 99.99), Total number of alignments: 1
		One align captures most of this contig: 2304580 2406788 | 102262 54 | 102209 102209 | 99.99 | GCF_000005845.2_ASM584v2_genomic_NC_000913.3 NODE_50_length_102262_cov_67.608843

CONTIG: NODE_51_length_102129_cov_53.150851 (102129bp)
Best alignment score: 102078.0 (LEN: 102078, IDY: 100.00), Total number of alignments: 1
		One align captures most of this contig: 3263529 3365606 | 52 102129 | 102078 102078 | 100.0 | GCF_000005845.2_ASM584v2_genomic_NC_000913.3 NODE_51_length_102129_cov_53.150851

CONTIG: NODE_53_length_88448_cov_68.098560 (88448bp)
Best alignment score: 88448.0 (LEN: 88448, IDY: 100.00), Total number of alignments: 1
		One align captures most of this contig: 3946772 4035219 | 88448 1 | 88448 88448 | 100.0 | GCF_000005845.2_ASM584v2_genomic_NC_000913.3 NODE_53_length_88448_cov_68.098560

CONTIG: NODE_54_length_87015_cov_47.773724 (87015bp)
Best alignment score: 86960.0 (LEN: 86960, IDY: 100.00), Total number of alignments: 1
		One align captures most of this contig: 1979271 2066230 | 86960 1 | 86960 86960 | 100.0 | GCF_000005845.2_ASM584v2_genomic_NC_000913.3 NODE_54_length_87015_cov_47.773724

CONTIG: NODE_56_length_83096_cov_54.074072 (83096bp)
Best alignment score: 53830.6 (LEN: 53836, IDY: 99.99), Total number of alignments: 2
			Looking for the best set of alignments (out of 2 total alignments)
			The best set is below. Score: 82992.6, number of alignments: 2, unaligned bases: 50
		This contig is misassembled.
			Excluding internal overlap of size 289 between Alignment 1 and 2: 4094430 4123928 | 29549 51 | 29499 29499 --> 4094719 4123928 | 29260 51 | 29210 29210
			Real Alignment 1: 4094719 4123928 | 29260 51 | 29210 29210 | 100.0 | GCF_000005845.2_ASM584v2_genomic_NC_000913.3 NODE_56_length_83096_cov_54.074072
			  Gap between these two alignments (local misassembly). Inconsistency = 92
			Real Alignment 2: 4040791 4094626 | 83096 29261 | 53836 53836 | 99.99 | GCF_000005845.2_ASM584v2_genomic_NC_000913.3 NODE_56_length_83096_cov_54.074072

CONTIG: NODE_58_length_78604_cov_69.695680 (78604bp)
Best alignment score: 78604.0 (LEN: 78604, IDY: 100.00), Total number of alignments: 1
		One align captures most of this contig: 609297 687900 | 1 78604 | 78604 78604 | 100.0 | GCF_000005845.2_ASM584v2_genomic_NC_000913.3 NODE_58_length_78604_cov_69.695680

CONTIG: NODE_59_length_76219_cov_61.857492 (76219bp)
Best alignment score: 76165.0 (LEN: 76165, IDY: 100.00), Total number of alignments: 1
		One align captures most of this contig: 3187373 3263537 | 1 76165 | 76165 76165 | 100.0 | GCF_000005845.2_ASM584v2_genomic_NC_000913.3 NODE_59_length_76219_cov_61.857492

CONTIG: NODE_61_length_71369_cov_51.902964 (71369bp)
Best alignment score: 71369.0 (LEN: 71369, IDY: 100.00), Total number of alignments: 1
		One align captures most of this contig: 4542941 4614309 | 71369 1 | 71369 71369 | 100.0 | GCF_000005845.2_ASM584v2_genomic_NC_000913.3 NODE_61_length_71369_cov_51.902964

CONTIG: NODE_64_length_67330_cov_62.081858 (67330bp)
Best alignment score: 67330.0 (LEN: 67330, IDY: 100.00), Total number of alignments: 1
		One align captures most of this contig: 2102894 2170223 | 1 67330 | 67330 67330 | 100.0 | GCF_000005845.2_ASM584v2_genomic_NC_000913.3 NODE_64_length_67330_cov_62.081858

CONTIG: NODE_65_length_66180_cov_47.803992 (66180bp)
Best alignment score: 66180.0 (LEN: 66180, IDY: 100.00), Total number of alignments: 1
		One align captures most of this contig: 4326233 4392412 | 1 66180 | 66180 66180 | 100.0 | GCF_000005845.2_ASM584v2_genomic_NC_000913.3 NODE_65_length_66180_cov_47.803992

CONTIG: NODE_68_length_60768_cov_46.135721 (60768bp)
Best alignment score: 60768.0 (LEN: 60768, IDY: 100.00), Total number of alignments: 1
		One align captures most of this contig: 1571847 1632614 | 60768 1 | 60768 60768 | 100.0 | GCF_000005845.2_ASM584v2_genomic_NC_000913.3 NODE_68_length_60768_cov_46.135721

CONTIG: NODE_71_length_59666_cov_56.233128 (59666bp)
Best alignment score: 59666.0 (LEN: 59666, IDY: 100.00), Total number of alignments: 1
		One align captures most of this contig: 2229305 2288970 | 1 59666 | 59666 59666 | 100.0 | GCF_000005845.2_ASM584v2_genomic_NC_000913.3 NODE_71_length_59666_cov_56.233128

CONTIG: NODE_73_length_57984_cov_64.597041 (57984bp)
Best alignment score: 57978.2 (LEN: 57984, IDY: 99.99), Total number of alignments: 1
		One align captures most of this contig: 2171374 2229359 | 1 57984 | 57986 57984 | 99.99 | GCF_000005845.2_ASM584v2_genomic_NC_000913.3 NODE_73_length_57984_cov_64.597041

CONTIG: NODE_74_length_57777_cov_45.341741 (57777bp)
Best alignment score: 57777.0 (LEN: 57777, IDY: 100.00), Total number of alignments: 1
		One align captures most of this contig: 1470462 1528238 | 1 57777 | 57777 57777 | 100.0 | GCF_000005845.2_ASM584v2_genomic_NC_000913.3 NODE_74_length_57777_cov_45.341741

CONTIG: NODE_75_length_56772_cov_50.891003 (56772bp)
Best alignment score: 56766.3 (LEN: 56772, IDY: 99.99), Total number of alignments: 1
		One align captures most of this contig: 3366701 3423472 | 56772 1 | 56772 56772 | 99.99 | GCF_000005845.2_ASM584v2_genomic_NC_000913.3 NODE_75_length_56772_cov_50.891003

CONTIG: NODE_77_length_54996_cov_62.050054 (54996bp)
Best alignment score: 54945.0 (LEN: 54945, IDY: 100.00), Total number of alignments: 1
		One align captures most of this contig: 168575 223519 | 52 54996 | 54945 54945 | 100.0 | GCF_000005845.2_ASM584v2_genomic_NC_000913.3 NODE_77_length_54996_cov_62.050054

CONTIG: NODE_78_length_54855_cov_57.616770 (54855bp)
Best alignment score: 54855.0 (LEN: 54855, IDY: 100.00), Total number of alignments: 1
		One align captures most of this contig: 3131292 3186146 | 54855 1 | 54855 54855 | 100.0 | GCF_000005845.2_ASM584v2_genomic_NC_000913.3 NODE_78_length_54855_cov_57.616770

CONTIG: NODE_80_length_47701_cov_64.300970 (47701bp)
Best alignment score: 47634.2 (LEN: 47701, IDY: 99.86), Total number of alignments: 1
		One align captures most of this contig: 733199 780897 | 1 47701 | 47699 47701 | 99.86 | GCF_000005845.2_ASM584v2_genomic_NC_000913.3 NODE_80_length_47701_cov_64.300970

CONTIG: NODE_81_length_43804_cov_50.160964 (43804bp)
Best alignment score: 43804.0 (LEN: 43804, IDY: 100.00), Total number of alignments: 1
		One align captures most of this contig: 1050495 1094298 | 1 43804 | 43804 43804 | 100.0 | GCF_000005845.2_ASM584v2_genomic_NC_000913.3 NODE_81_length_43804_cov_50.160964

CONTIG: NODE_83_length_42727_cov_60.538034 (42727bp)
Best alignment score: 27286.0 (LEN: 27286, IDY: 100.00), Total number of alignments: 2
			Looking for the best set of alignments (out of 2 total alignments)
			The best set is below. Score: 42727.0, number of alignments: 2, unaligned bases: 0
		This contig is misassembled.
			Real Alignment 1: 1 15441 | 15441 1 | 15441 15441 | 100.0 | GCF_000005845.2_ASM584v2_genomic_NC_000913.3 NODE_83_length_42727_cov_60.538034
			  Not a misassembly [linear representation of circular genome] between these two alignments
			Real Alignment 2: 4614367 4641652 | 42727 15442 | 27286 27286 | 100.0 | GCF_000005845.2_ASM584v2_genomic_NC_000913.3 NODE_83_length_42727_cov_60.538034

CONTIG: NODE_84_length_42482_cov_64.687463 (42482bp)
Best alignment score: 42432.0 (LEN: 42432, IDY: 100.00), Total number of alignments: 1
		One align captures most of this contig: 4123922 4166353 | 51 42482 | 42432 42432 | 100.0 | GCF_000005845.2_ASM584v2_genomic_NC_000913.3 NODE_84_length_42482_cov_64.687463

CONTIG: NODE_86_length_41279_cov_42.079153 (41279bp)
Best alignment score: 41279.0 (LEN: 41279, IDY: 100.00), Total number of alignments: 1
		One align captures most of this contig: 3428940 3470218 | 1 41279 | 41279 41279 | 100.0 | GCF_000005845.2_ASM584v2_genomic_NC_000913.3 NODE_86_length_41279_cov_42.079153

CONTIG: NODE_87_length_40866_cov_58.866703 (40866bp)
Best alignment score: 28953.1 (LEN: 28956, IDY: 99.99), Total number of alignments: 2
			Looking for the best set of alignments (out of 2 total alignments)
			The best set is below. Score: 40835.1, number of alignments: 2, unaligned bases: 0
		This contig is misassembled.
			Excluding internal overlap of size 8 between Alignment 1 and 2: 258676 270593 | 28949 40866 | 11918 11918 --> 258684 270593 | 28957 40866 | 11910 11910
			Real Alignment 1: 228952 257907 | 1 28956 | 28956 28956 | 99.99 | GCF_000005845.2_ASM584v2_genomic_NC_000913.3 NODE_87_length_40866_cov_58.866703
			  Gap between these two alignments (local misassembly). Inconsistency = 776
			Real Alignment 2: 258684 270593 | 28957 40866 | 11910 11910 | 100.0 | GCF_000005845.2_ASM584v2_genomic_NC_000913.3 NODE_87_length_40866_cov_58.866703

CONTIG: NODE_89_length_40682_cov_55.058385 (40682bp)
Best alignment score: 33249.0 (LEN: 33249, IDY: 100.00), Total number of alignments: 2
			Looking for the best set of alignments (out of 2 total alignments)
			The best set is below. Score: 40427.4, number of alignments: 2, unaligned bases: 0
		This contig is misassembled.
			Excluding internal overlap of size 398 between Alignment 1 and 2: 688997 696830 | 40682 32852 | 7834 7831 --> 688997 696429 | 40682 33250 | 7433 7433
			Real Alignment 1: 696542 729790 | 33249 1 | 33249 33249 | 100.0 | GCF_000005845.2_ASM584v2_genomic_NC_000913.3 NODE_89_length_40682_cov_55.058385
			  Gap between these two alignments (local misassembly). Inconsistency = 112
			Real Alignment 2: 688997 696429 | 40682 33250 | 7433 7433 | 97.22 | GCF_000005845.2_ASM584v2_genomic_NC_000913.3 NODE_89_length_40682_cov_55.058385

CONTIG: NODE_90_length_40160_cov_50.785139 (40160bp)
Best alignment score: 40160.0 (LEN: 40160, IDY: 100.00), Total number of alignments: 1
		One align captures most of this contig: 526666 566825 | 1 40160 | 40160 40160 | 100.0 | GCF_000005845.2_ASM584v2_genomic_NC_000913.3 NODE_90_length_40160_cov_50.785139

CONTIG: NODE_92_length_35263_cov_69.809702 (35263bp)
Best alignment score: 35263.0 (LEN: 35263, IDY: 100.00), Total number of alignments: 1
		One align captures most of this contig: 339880 375142 | 35263 1 | 35263 35263 | 100.0 | GCF_000005845.2_ASM584v2_genomic_NC_000913.3 NODE_92_length_35263_cov_69.809702

CONTIG: NODE_93_length_35186_cov_58.724346 (35186bp)
Best alignment score: 35186.0 (LEN: 35186, IDY: 100.00), Total number of alignments: 1
		One align captures most of this contig: 3584142 3619327 | 1 35186 | 35186 35186 | 100.0 | GCF_000005845.2_ASM584v2_genomic_NC_000913.3 NODE_93_length_35186_cov_58.724346

CONTIG: NODE_94_length_35140_cov_46.028474 (35140bp)
Best alignment score: 35136.5 (LEN: 35140, IDY: 99.99), Total number of alignments: 1
		One align captures most of this contig: 1397189 1432328 | 1 35140 | 35140 35140 | 99.99 | GCF_000005845.2_ASM584v2_genomic_NC_000913.3 NODE_94_length_35140_cov_46.028474

CONTIG: NODE_96_length_34064_cov_65.415949 (34064bp)
Best alignment score: 34064.0 (LEN: 34064, IDY: 100.00), Total number of alignments: 1
		One align captures most of this contig: 4508627 4542690 | 34064 1 | 34064 34064 | 100.0 | GCF_000005845.2_ASM584v2_genomic_NC_000913.3 NODE_96_length_34064_cov_65.415949

CONTIG: NODE_97_length_33282_cov_54.800975 (33282bp)
Best alignment score: 33258.7 (LEN: 33282, IDY: 99.93), Total number of alignments: 1
		One align captures most of this contig: 1434682 1467963 | 1 33282 | 33282 33282 | 99.93 | GCF_000005845.2_ASM584v2_genomic_NC_000913.3 NODE_97_length_33282_cov_54.800975

CONTIG: NODE_98_length_32326_cov_59.525332 (32326bp)
Best alignment score: 32306.6 (LEN: 32326, IDY: 99.94), Total number of alignments: 1
		One align captures most of this contig: 575736 608061 | 1 32326 | 32326 32326 | 99.94 | GCF_000005845.2_ASM584v2_genomic_NC_000913.3 NODE_98_length_32326_cov_59.525332

CONTIG: NODE_99_length_31581_cov_63.172968 (31581bp)
Best alignment score: 31581.0 (LEN: 31581, IDY: 100.00), Total number of alignments: 1
		One align captures most of this contig: 2070219 2101799 | 1 31581 | 31581 31581 | 100.0 | GCF_000005845.2_ASM584v2_genomic_NC_000913.3 NODE_99_length_31581_cov_63.172968

CONTIG: NODE_101_length_30843_cov_64.352897 (30843bp)
Best alignment score: 30843.0 (LEN: 30843, IDY: 100.00), Total number of alignments: 1
		One align captures most of this contig: 4177055 4207897 | 30843 1 | 30843 30843 | 100.0 | GCF_000005845.2_ASM584v2_genomic_NC_000913.3 NODE_101_length_30843_cov_64.352897

CONTIG: NODE_103_length_29277_cov_54.524605 (29277bp)
Best alignment score: 29268.2 (LEN: 29277, IDY: 99.97), Total number of alignments: 1
		One align captures most of this contig: 3622808 3652084 | 1 29277 | 29277 29277 | 99.97 | GCF_000005845.2_ASM584v2_genomic_NC_000913.3 NODE_103_length_29277_cov_54.524605

CONTIG: NODE_105_length_26744_cov_59.960133 (26744bp)
Best alignment score: 26637.0 (LEN: 26637, IDY: 100.00), Total number of alignments: 1
		One align captures most of this contig: 3906770 3933406 | 26690 54 | 26637 26637 | 100.0 | GCF_000005845.2_ASM584v2_genomic_NC_000913.3 NODE_105_length_26744_cov_59.960133

CONTIG: NODE_108_length_25236_cov_68.873714 (25236bp)
Best alignment score: 25183.0 (LEN: 25183, IDY: 100.00), Total number of alignments: 1
		One align captures most of this contig: 3737136 3762318 | 25183 1 | 25183 25183 | 100.0 | GCF_000005845.2_ASM584v2_genomic_NC_000913.3 NODE_108_length_25236_cov_68.873714

CONTIG: NODE_110_length_23933_cov_45.630999 (23933bp)
Best alignment score: 23933.0 (LEN: 23933, IDY: 100.00), Total number of alignments: 1
		One align captures most of this contig: 291351 315283 | 1 23933 | 23933 23933 | 100.0 | GCF_000005845.2_ASM584v2_genomic_NC_000913.3 NODE_110_length_23933_cov_45.630999

CONTIG: NODE_111_length_23382_cov_51.207313 (23382bp)
Best alignment score: 23382.0 (LEN: 23382, IDY: 100.00), Total number of alignments: 1
		One align captures most of this contig: 316429 339810 | 23382 1 | 23382 23382 | 100.0 | GCF_000005845.2_ASM584v2_genomic_NC_000913.3 NODE_111_length_23382_cov_51.207313

CONTIG: NODE_115_length_15930_cov_27.979339 (15930bp)
Best alignment score: 15920.4 (LEN: 15930, IDY: 99.94), Total number of alignments: 1
		One align captures most of this contig: 1634968 1650897 | 15930 1 | 15930 15930 | 99.94 | GCF_000005845.2_ASM584v2_genomic_NC_000913.3 NODE_115_length_15930_cov_27.979339

CONTIG: NODE_118_length_14456_cov_56.496077 (14456bp)
Best alignment score: 14456.0 (LEN: 14456, IDY: 100.00), Total number of alignments: 1
		One align captures most of this contig: 2290059 2304514 | 14456 1 | 14456 14456 | 100.0 | GCF_000005845.2_ASM584v2_genomic_NC_000913.3 NODE_118_length_14456_cov_56.496077

CONTIG: NODE_120_length_13078_cov_38.394379 (13078bp)
Best alignment score: 13078.0 (LEN: 13078, IDY: 100.00), Total number of alignments: 1
		One align captures most of this contig: 3653182 3666259 | 13078 1 | 13078 13078 | 100.0 | GCF_000005845.2_ASM584v2_genomic_NC_000913.3 NODE_120_length_13078_cov_38.394379

CONTIG: NODE_123_length_10811_cov_73.796393 (10811bp)
Best alignment score: 10811.0 (LEN: 10811, IDY: 100.00), Total number of alignments: 1
		One align captures most of this contig: 279878 290688 | 10811 1 | 10811 10811 | 100.0 | GCF_000005845.2_ASM584v2_genomic_NC_000913.3 NODE_123_length_10811_cov_73.796393

CONTIG: NODE_124_length_9223_cov_44.306065 (9223bp)
Best alignment score: 9223.0 (LEN: 9223, IDY: 100.00), Total number of alignments: 1
		One align captures most of this contig: 382540 391762 | 1 9223 | 9223 9223 | 100.0 | GCF_000005845.2_ASM584v2_genomic_NC_000913.3 NODE_124_length_9223_cov_44.306065

CONTIG: NODE_125_length_8086_cov_47.978708 (8086bp)
Best alignment score: 8033.0 (LEN: 8033, IDY: 100.00), Total number of alignments: 1
		One align captures most of this contig: 1097348 1105380 | 8086 54 | 8033 8033 | 100.0 | GCF_000005845.2_ASM584v2_genomic_NC_000913.3 NODE_125_length_8086_cov_47.978708

CONTIG: NODE_126_length_8055_cov_43.630250 (8055bp)
Best alignment score: 8055.0 (LEN: 8055, IDY: 100.00), Total number of alignments: 1
		One align captures most of this contig: 4499458 4507512 | 1 8055 | 8055 8055 | 100.0 | GCF_000005845.2_ASM584v2_genomic_NC_000913.3 NODE_126_length_8055_cov_43.630250

CONTIG: NODE_127_length_6660_cov_28.045420 (6660bp)
Best alignment score: 6660.0 (LEN: 6660, IDY: 100.00), Total number of alignments: 1
		One align captures most of this contig: 567981 574640 | 1 6660 | 6660 6660 | 100.0 | GCF_000005845.2_ASM584v2_genomic_NC_000913.3 NODE_127_length_6660_cov_28.045420

CONTIG: NODE_129_length_6042_cov_68.594956 (6042bp)
Best alignment score: 6042.0 (LEN: 6042, IDY: 100.00), Total number of alignments: 1
		One align captures most of this contig: 375271 381312 | 6042 1 | 6042 6042 | 100.0 | GCF_000005845.2_ASM584v2_genomic_NC_000913.3 NODE_129_length_6042_cov_68.594956

CONTIG: NODE_132_length_5666_cov_47.919979 (5666bp)
Best alignment score: 5634.8 (LEN: 5666, IDY: 99.45), Total number of alignments: 1
		One align captures most of this contig: 2515564 2521227 | 1 5666 | 5664 5666 | 99.45 | GCF_000005845.2_ASM584v2_genomic_NC_000913.3 NODE_132_length_5666_cov_47.919979

CONTIG: NODE_135_length_4223_cov_42.684741 (4223bp)
Best alignment score: 4223.0 (LEN: 4223, IDY: 100.00), Total number of alignments: 1
		One align captures most of this contig: 4171911 4176133 | 1 4223 | 4223 4223 | 100.0 | GCF_000005845.2_ASM584v2_genomic_NC_000913.3 NODE_135_length_4223_cov_42.684741

CONTIG: NODE_136_length_4122_cov_85.252520 (4122bp)
Best alignment score: 4122.0 (LEN: 4122, IDY: 100.00), Total number of alignments: 1
		One align captures most of this contig: 275095 279216 | 1 4122 | 4122 4122 | 100.0 | GCF_000005845.2_ASM584v2_genomic_NC_000913.3 NODE_136_length_4122_cov_85.252520

CONTIG: NODE_139_length_3778_cov_47.308622 (3778bp)
Best alignment score: 3725.0 (LEN: 3725, IDY: 100.00), Total number of alignments: 1
			Looking for the best set of alignments (out of 1 total alignments)
			The best set is below. Score: 3725.0, number of alignments: 1, unaligned bases: 53
		Alignment: 3937772 3941496 | 3725 1 | 3725 3725 | 100.0 | GCF_000005845.2_ASM584v2_genomic_NC_000913.3 NODE_139_length_3778_cov_47.308622

CONTIG: NODE_141_length_3171_cov_50.039153 (3171bp)
Best alignment score: 3171.0 (LEN: 3171, IDY: 100.00), Total number of alignments: 1
		One align captures most of this contig: 16678 19848 | 3171 1 | 3171 3171 | 100.0 | GCF_000005845.2_ASM584v2_genomic_NC_000913.3 NODE_141_length_3171_cov_50.039153

CONTIG: NODE_145_length_2596_cov_182.830775 (2596bp)
Best alignment score: 2596.0 (LEN: 2596, IDY: 100.00), Total number of alignments: 2
		This contig has 2 significant alignments. [An ambiguously mapped contig]
		Using only first of these alignment (option --ambiguity-usage is set to "one"):
			Alignment: 3619345 3621940 | 1 2596 | 2596 2596 | 100.0 | GCF_000005845.2_ASM584v2_genomic_NC_000913.3 NODE_145_length_2596_cov_182.830775
			Skipping alignment 3762336 3764931 | 1 2596 | 2596 2596 | 99.96 | GCF_000005845.2_ASM584v2_genomic_NC_000913.3 NODE_145_length_2596_cov_182.830775

CONTIG: NODE_146_length_2463_cov_61.772425 (2463bp)
Best alignment score: 2461.0 (LEN: 2463, IDY: 99.92), Total number of alignments: 2
		This contig has 2 significant alignments. [An ambiguously mapped contig]
		Using only first of these alignment (option --ambiguity-usage is set to "one"):
			Alignment: 1632560 1635022 | 2463 1 | 2463 2463 | 99.92 | GCF_000005845.2_ASM584v2_genomic_NC_000913.3 NODE_146_length_2463_cov_61.772425
			Skipping alignment 1432274 1434736 | 1 2463 | 2463 2463 | 99.51 | GCF_000005845.2_ASM584v2_genomic_NC_000913.3 NODE_146_length_2463_cov_61.772425

CONTIG: NODE_147_length_2303_cov_58.032473 (2303bp)
Best alignment score: 2303.0 (LEN: 2303, IDY: 100.00), Total number of alignments: 1
		One align captures most of this contig: 271707 274009 | 1 2303 | 2303 2303 | 100.0 | GCF_000005845.2_ASM584v2_genomic_NC_000913.3 NODE_147_length_2303_cov_58.032473

CONTIG: NODE_149_length_1868_cov_65.258136 (1868bp)
Best alignment score: 1829.0 (LEN: 1829, IDY: 100.00), Total number of alignments: 1
			Looking for the best set of alignments (out of 1 total alignments)
			The best set is below. Score: 1829.0, number of alignments: 1, unaligned bases: 39
		Alignment: 1207790 1209618 | 1 1829 | 1829 1829 | 100.0 | GCF_000005845.2_ASM584v2_genomic_NC_000913.3 NODE_149_length_1868_cov_65.258136

CONTIG: NODE_151_length_1692_cov_67.972511 (1692bp)
Best alignment score: 1692.0 (LEN: 1692, IDY: 100.00), Total number of alignments: 1
		One align captures most of this contig: 2067303 2068994 | 1 1692 | 1692 1692 | 100.0 | GCF_000005845.2_ASM584v2_genomic_NC_000913.3 NODE_151_length_1692_cov_67.972511

CONTIG: NODE_153_length_1567_cov_37.093254 (1567bp)
Best alignment score: 1567.0 (LEN: 1567, IDY: 100.00), Total number of alignments: 1
		One align captures most of this contig: 1095449 1097015 | 1567 1 | 1567 1567 | 100.0 | GCF_000005845.2_ASM584v2_genomic_NC_000913.3 NODE_153_length_1567_cov_37.093254

CONTIG: NODE_154_length_1493_cov_345.059805 (1493bp)
Best alignment score: 1493.0 (LEN: 1493, IDY: 100.00), Total number of alignments: 7
		This contig has 7 significant alignments. [An ambiguously mapped contig]
		Using only first of these alignment (option --ambiguity-usage is set to "one"):
			Alignment: 4208001 4209493 | 1 1493 | 1493 1493 | 100.0 | GCF_000005845.2_ASM584v2_genomic_NC_000913.3 NODE_154_length_1493_cov_345.059805
			Skipping alignment 4166513 4168005 | 1 1493 | 1493 1493 | 99.93 | GCF_000005845.2_ASM584v2_genomic_NC_000913.3 NODE_154_length_1493_cov_345.059805
			Skipping alignment 4035385 4036877 | 1 1493 | 1493 1493 | 99.87 | GCF_000005845.2_ASM584v2_genomic_NC_000913.3 NODE_154_length_1493_cov_345.059805
			Skipping alignment 3941662 3943154 | 1 1493 | 1493 1493 | 99.6 | GCF_000005845.2_ASM584v2_genomic_NC_000913.3 NODE_154_length_1493_cov_345.059805
			Skipping alignment 2729811 2731303 | 1493 1 | 1493 1493 | 99.46 | GCF_000005845.2_ASM584v2_genomic_NC_000913.3 NODE_154_length_1493_cov_345.059805
			Skipping alignment 3427416 3428908 | 1493 1 | 1493 1493 | 99.4 | GCF_000005845.2_ASM584v2_genomic_NC_000913.3 NODE_154_length_1493_cov_345.059805
			Skipping alignment 223625 225117 | 1 1493 | 1493 1493 | 99.4 | GCF_000005845.2_ASM584v2_genomic_NC_000913.3 NODE_154_length_1493_cov_345.059805

CONTIG: NODE_156_length_1345_cov_189.990698 (1345bp)
Best alignment score: 1345.0 (LEN: 1345, IDY: 100.00), Total number of alignments: 3
		This contig has 3 significant alignments. [An ambiguously mapped contig]
		Using only first of these alignment (option --ambiguity-usage is set to "one"):
			Alignment: 2514273 2515617 | 1 1345 | 1345 1345 | 100.0 | GCF_000005845.2_ASM584v2_genomic_NC_000913.3 NODE_156_length_1345_cov_189.990698
			Skipping alignment 608007 609351 | 1 1345 | 1345 1345 | 100.0 | GCF_000005845.2_ASM584v2_genomic_NC_000913.3 NODE_156_length_1345_cov_189.990698
			Skipping alignment 15387 16731 | 1 1345 | 1345 1345 | 100.0 | GCF_000005845.2_ASM584v2_genomic_NC_000913.3 NODE_156_length_1345_cov_189.990698

CONTIG: NODE_158_length_1255_cov_217.088333 (1255bp)
Best alignment score: 1255.0 (LEN: 1255, IDY: 100.00), Total number of alignments: 5
		This contig has 5 significant alignments. [An ambiguously mapped contig]
		Using only first of these alignment (option --ambiguity-usage is set to "one"):
			Alignment: 391709 392963 | 1255 1 | 1255 1255 | 100.0 | GCF_000005845.2_ASM584v2_genomic_NC_000913.3 NODE_158_length_1255_cov_217.088333
			Skipping alignment 2170174 2171428 | 1 1255 | 1255 1255 | 100.0 | GCF_000005845.2_ASM584v2_genomic_NC_000913.3 NODE_158_length_1255_cov_217.088333
			Skipping alignment 1094245 1095499 | 1255 1 | 1255 1255 | 100.0 | GCF_000005845.2_ASM584v2_genomic_NC_000913.3 NODE_158_length_1255_cov_217.088333
			Skipping alignment 566780 568034 | 1 1255 | 1255 1255 | 100.0 | GCF_000005845.2_ASM584v2_genomic_NC_000913.3 NODE_158_length_1255_cov_217.088333
			Skipping alignment 315229 316483 | 1 1255 | 1255 1255 | 100.0 | GCF_000005845.2_ASM584v2_genomic_NC_000913.3 NODE_158_length_1255_cov_217.088333

CONTIG: NODE_159_length_1178_cov_669.117542 (1178bp)
Best alignment score: 1178.0 (LEN: 1178, IDY: 100.00), Total number of alignments: 11
		This contig has 11 significant alignments. [An ambiguously mapped contig]
		Using only first of these alignment (option --ambiguity-usage is set to "one"):
			Alignment: 1299499 1300676 | 1178 1 | 1178 1178 | 100.0 | GCF_000005845.2_ASM584v2_genomic_NC_000913.3 NODE_159_length_1178_cov_669.117542
			Skipping alignment 1396044 1397221 | 1178 1 | 1178 1178 | 100.0 | GCF_000005845.2_ASM584v2_genomic_NC_000913.3 NODE_159_length_1178_cov_669.117542
			Skipping alignment 2288936 2290113 | 1 1178 | 1178 1178 | 100.0 | GCF_000005845.2_ASM584v2_genomic_NC_000913.3 NODE_159_length_1178_cov_669.117542
			Skipping alignment 2101766 2102943 | 1 1178 | 1178 1178 | 100.0 | GCF_000005845.2_ASM584v2_genomic_NC_000913.3 NODE_159_length_1178_cov_669.117542
			Skipping alignment 687868 689045 | 1 1178 | 1178 1178 | 100.0 | GCF_000005845.2_ASM584v2_genomic_NC_000913.3 NODE_159_length_1178_cov_669.117542
			Skipping alignment 3365573 3366750 | 1 1178 | 1178 1178 | 100.0 | GCF_000005845.2_ASM584v2_genomic_NC_000913.3 NODE_159_length_1178_cov_669.117542
			Skipping alignment 574608 575785 | 1 1178 | 1178 1178 | 100.0 | GCF_000005845.2_ASM584v2_genomic_NC_000913.3 NODE_159_length_1178_cov_669.117542
			Skipping alignment 273972 275149 | 1 1178 | 1178 1178 | 100.0 | GCF_000005845.2_ASM584v2_genomic_NC_000913.3 NODE_159_length_1178_cov_669.117542
			Skipping alignment 3130146 3131323 | 1178 1 | 1178 1178 | 100.0 | GCF_000005845.2_ASM584v2_genomic_NC_000913.3 NODE_159_length_1178_cov_669.117542
			Skipping alignment 3652053 3653230 | 1 1178 | 1178 1178 | 100.0 | GCF_000005845.2_ASM584v2_genomic_NC_000913.3 NODE_159_length_1178_cov_669.117542
			Skipping alignment 2066176 2067353 | 1 1178 | 1178 1178 | 99.66 | GCF_000005845.2_ASM584v2_genomic_NC_000913.3 NODE_159_length_1178_cov_669.117542

CONTIG: NODE_160_length_1095_cov_155.260577 (1095bp)
Best alignment score: 1095.0 (LEN: 1095, IDY: 100.00), Total number of alignments: 3
		This contig has 3 significant alignments. [An ambiguously mapped contig]
		Using only first of these alignment (option --ambiguity-usage is set to "one"):
			Alignment: 4507585 4508679 | 1095 1 | 1095 1095 | 100.0 | GCF_000005845.2_ASM584v2_genomic_NC_000913.3 NODE_160_length_1095_cov_155.260577
			Skipping alignment 1469296 1470390 | 1 1095 | 1095 1095 | 100.0 | GCF_000005845.2_ASM584v2_genomic_NC_000913.3 NODE_160_length_1095_cov_155.260577
			Skipping alignment 270541 271635 | 1 1095 | 1095 1095 | 99.73 | GCF_000005845.2_ASM584v2_genomic_NC_000913.3 NODE_160_length_1095_cov_155.260577

CONTIG: NODE_162_length_1031_cov_86.365779 (1031bp)
Best alignment score: 1030.0 (LEN: 1031, IDY: 99.90), Total number of alignments: 2
		This contig has 2 significant alignments. [An ambiguously mapped contig]
		Using only first of these alignment (option --ambiguity-usage is set to "one"):
			Alignment: 4176079 4177109 | 1031 1 | 1031 1031 | 99.9 | GCF_000005845.2_ASM584v2_genomic_NC_000913.3 NODE_162_length_1031_cov_86.365779
			Skipping alignment 3470164 3471194 | 1 1031 | 1031 1031 | 99.9 | GCF_000005845.2_ASM584v2_genomic_NC_000913.3 NODE_162_length_1031_cov_86.365779

CONTIG: NODE_163_length_991_cov_61.509615 (991bp)
Best alignment score: 991.0 (LEN: 991, IDY: 100.00), Total number of alignments: 2
		This contig has 2 significant alignments. [An ambiguously mapped contig]
		Using only first of these alignment (option --ambiguity-usage is set to "one"):
			Alignment: 525730 526720 | 1 991 | 991 991 | 100.0 | GCF_000005845.2_ASM584v2_genomic_NC_000913.3 NODE_163_length_991_cov_61.509615
			Skipping alignment 1528184 1529174 | 1 991 | 991 991 | 99.6 | GCF_000005845.2_ASM584v2_genomic_NC_000913.3 NODE_163_length_991_cov_61.509615

CONTIG: NODE_164_length_972_cov_578.034896 (972bp)
Best alignment score: 972.0 (LEN: 972, IDY: 100.00), Total number of alignments: 6
		This contig has 6 significant alignments. [An ambiguously mapped contig]
		Using only first of these alignment (option --ambiguity-usage is set to "one"):
			Alignment: 2996720 2997691 | 972 1 | 972 972 | 100.0 | GCF_000005845.2_ASM584v2_genomic_NC_000913.3 NODE_164_length_972_cov_578.034896
			Skipping alignment 3186096 3187067 | 1 972 | 972 972 | 100.0 | GCF_000005845.2_ASM584v2_genomic_NC_000913.3 NODE_164_length_972_cov_578.034896
			Skipping alignment 2069300 2070271 | 972 1 | 972 972 | 100.0 | GCF_000005845.2_ASM584v2_genomic_NC_000913.3 NODE_164_length_972_cov_578.034896
			Skipping alignment 381260 382231 | 1 972 | 972 972 | 100.0 | GCF_000005845.2_ASM584v2_genomic_NC_000913.3 NODE_164_length_972_cov_578.034896
			Skipping alignment 4498181 4499152 | 1 972 | 972 972 | 100.0 | GCF_000005845.2_ASM584v2_genomic_NC_000913.3 NODE_164_length_972_cov_578.034896
			Skipping alignment 1468269 1469240 | 972 1 | 972 972 | 100.0 | GCF_000005845.2_ASM584v2_genomic_NC_000913.3 NODE_164_length_972_cov_578.034896

CONTIG: NODE_166_length_768_cov_428.033661 (768bp)
Best alignment score: 768.0 (LEN: 768, IDY: 100.00), Total number of alignments: 7
		Skipping these alignments as insignificant (option --ambiguity-score is set to "0.99"):
			Skipping alignment 1049778 1050545 | 1 768 | 768 768 | 98.83 | GCF_000005845.2_ASM584v2_genomic_NC_000913.3 NODE_166_length_768_cov_428.033661
			Skipping alignment 279163 279930 | 768 1 | 768 768 | 98.83 | GCF_000005845.2_ASM584v2_genomic_NC_000913.3 NODE_166_length_768_cov_428.033661
			Skipping alignment 290634 291401 | 768 1 | 768 768 | 98.83 | GCF_000005845.2_ASM584v2_genomic_NC_000913.3 NODE_166_length_768_cov_428.033661
		This contig has 4 significant alignments. [An ambiguously mapped contig]
		Using only first of these alignment (option --ambiguity-usage is set to "one"):
			Alignment: 257908 258675 | 768 1 | 768 768 | 100.0 | GCF_000005845.2_ASM584v2_genomic_NC_000913.3 NODE_166_length_768_cov_428.033661
			Skipping alignment 3583428 3584195 | 1 768 | 768 768 | 100.0 | GCF_000005845.2_ASM584v2_genomic_NC_000913.3 NODE_166_length_768_cov_428.033661
			Skipping alignment 19796 20563 | 768 1 | 768 768 | 100.0 | GCF_000005845.2_ASM584v2_genomic_NC_000913.3 NODE_166_length_768_cov_428.033661
			Skipping alignment 1978503 1979270 | 768 1 | 768 768 | 100.0 | GCF_000005845.2_ASM584v2_genomic_NC_000913.3 NODE_166_length_768_cov_428.033661

CONTIG: NODE_168_length_522_cov_135.843683 (522bp)
Best alignment score: 522.0 (LEN: 522, IDY: 100.00), Total number of alignments: 3
		Skipping these alignments as insignificant (option --ambiguity-score is set to "0.99"):
			Skipping alignment 225272 225793 | 1 522 | 522 522 | 98.85 | GCF_000005845.2_ASM584v2_genomic_NC_000913.3 NODE_168_length_522_cov_135.843683
			Skipping alignment 3426749 3427261 | 522 1 | 513 522 | 97.32 | GCF_000005845.2_ASM584v2_genomic_NC_000913.3 NODE_168_length_522_cov_135.843683
		One align captures most of this contig: 4037032 4037553 | 1 522 | 522 522 | 100.0 | GCF_000005845.2_ASM584v2_genomic_NC_000913.3 NODE_168_length_522_cov_135.843683

Analyzing coverage...
Writing SNPs into /home/modesto/data/freeDNA/quast_results/results_2022_03_10_13_57_32/runs_per_reference/GCF_000005845.2_ASM584v2_genomic/contigs_reports/minimap_output/piMDA-D.used_snps.gz

Analysis is finished!
Founded SNPs were written into /home/modesto/data/freeDNA/quast_results/results_2022_03_10_13_57_32/runs_per_reference/GCF_000005845.2_ASM584v2_genomic/contigs_reports/minimap_output/piMDA-D.used_snps.gz

Results:
	Local Misassemblies: 8
	Misassemblies: 2
		Relocations: 2
		Translocations: 0
		Inversions: 0
	Scaffold gap extensive misassemblies: 0
	Scaffold gap local misassemblies: 0
	Misassembled Contigs: 2
	Misassembled Contig Bases: 297660
	Misassemblies Inter-Contig Overlap ("Extra" Aligned Bases): 0
Unaligned Contigs: 0 + 0 part
Half Unaligned Contigs with Misassemblies: 0
Unaligned Bases in Fully and Partially Unaligned Contigs: 0

Ambiguously Mapped Contigs: 11
Total Bases in Ambiguously Mapped Contigs: 15187
"Extra" Aligned Bases in Ambiguously Mapped Contigs: 0
Note that --allow-ambiguity option was set to "one" and only first alignment per each of these contigs was used (there is no "extra" aligned bases).

	Covered Bases in Reference: 4556930
	Raw Aligned Bases in Assembly: 4557389
	Total Aligned Bases in Assembly (with "Extras"): 4557389

	SNPs: 265
	Insertions: 27
	Deletions: 58

