Aligning contigs to reference...
	Aligning contigs to the reference
Filtering alignments...
Parsing coords...
Loading reference...
	Loaded [GCF_000005845.2_ASM584v2_genomic_NC_000913.3]
	Total Regions: 1
	Total Region Length: 4641652
Analyzing contigs...
CONTIG: NODE_3_length_495927_cov_172.178689 (495927bp)
Best alignment score: 82.2 (LEN: 89, IDY: 92.39), Total number of alignments: 4
			Looking for the best set of alignments (out of 4 total alignments)
			Skipping redundant alignments after choosing the best set of alignments
		Skipping redundant alignment 4392472 4392549 | 395426 395503 | 78 78 | 100.0 | GCF_000005845.2_ASM584v2_genomic_NC_000913.3 NODE_3_length_495927_cov_172.178689
		Skipping redundant alignment 4392358 4392437 | 395584 395663 | 80 80 | 100.0 | GCF_000005845.2_ASM584v2_genomic_NC_000913.3 NODE_3_length_495927_cov_172.178689
			The best set is below. Score: 161.2, number of alignments: 2, unaligned bases: 495758
		This contig is misassembled.
		This contig is partially unaligned. (Aligned 169 out of 495927 non-N bases (0.03%))
			Warning! This contig is more unaligned than misassembled. Contig length is 495927 (number of Ns: 0) and total length of all aligns is 169
		Alignment: 4392360 4392440 | 395426 395505 | 81 80 | 98.77 | GCF_000005845.2_ASM584v2_genomic_NC_000913.3 NODE_3_length_495927_cov_172.178689
		Alignment: 4392458 4392549 | 395575 395663 | 92 89 | 92.39 | GCF_000005845.2_ASM584v2_genomic_NC_000913.3 NODE_3_length_495927_cov_172.178689
		Unaligned bases: 495758

CONTIG: NODE_16_length_269698_cov_94.843515 (269698bp)
Best alignment score: 269647.0 (LEN: 269647, IDY: 100.00), Total number of alignments: 1
		One align captures most of this contig: 1708848 1978494 | 269698 52 | 269647 269647 | 100.0 | GCF_000005845.2_ASM584v2_genomic_NC_000913.3 NODE_16_length_269698_cov_94.843515

CONTIG: NODE_18_length_264459_cov_81.513589 (264459bp)
Best alignment score: 129353.1 (LEN: 129379, IDY: 99.98), Total number of alignments: 3
			Looking for the best set of alignments (out of 3 total alignments)
			The best set is below. Score: 264332.3, number of alignments: 3, unaligned bases: 0
		This contig is misassembled.
			Excluding internal overlap of size 354 between Alignment 1 and 2: 2731431 2818136 | 1 86706 | 86706 86706 --> 2731431 2817782 | 1 86352 | 86352 86352
			Real Alignment 1: 2731431 2817782 | 1 86352 | 86352 86352 | 100.0 | GCF_000005845.2_ASM584v2_genomic_NC_000913.3 NODE_18_length_264459_cov_81.513589
			  Gap between these two alignments (local misassembly). Inconsistency = 414
			Excluding internal overlap of size 191 between Alignment 2 and 3: 2947495 2996413 | 215541 264459 | 48919 48919 --> 2947686 2996413 | 215732 264459 | 48728 48728
			Real Alignment 2: 2818197 2947575 | 86353 215731 | 129379 129379 | 99.98 | GCF_000005845.2_ASM584v2_genomic_NC_000913.3 NODE_18_length_264459_cov_81.513589
			  Gap between these two alignments (local misassembly). Inconsistency = 110
			Real Alignment 3: 2947686 2996413 | 215732 264459 | 48728 48728 | 99.99 | GCF_000005845.2_ASM584v2_genomic_NC_000913.3 NODE_18_length_264459_cov_81.513589

CONTIG: NODE_26_length_185963_cov_84.427539 (185963bp)
Best alignment score: 77458.8 (LEN: 77482, IDY: 99.97), Total number of alignments: 4
			Looking for the best set of alignments (out of 4 total alignments)
			The best set is below. Score: 185606.7, number of alignments: 4, unaligned bases: 0
		This contig is misassembled.
			Excluding internal overlap of size 1 between Alignment 1 and 2: 1363371 1396094 | 32724 1 | 32724 32724 --> 1363372 1396094 | 32723 1 | 32723 32723
			Real Alignment 1: 1363372 1396094 | 32723 1 | 32723 32723 | 100.0 | GCF_000005845.2_ASM584v2_genomic_NC_000913.3 NODE_26_length_185963_cov_84.427539
			  Overlap between these two alignments (local misassembly). Inconsistency = -848
			Excluding internal overlap of size 4 between Alignment 2 and 3: 1286886 1299498 | 108858 96246 | 12613 12613 --> 1286886 1299494 | 108858 96250 | 12609 12609
			Real Alignment 2: 1300694 1364219 | 96249 32724 | 63526 63526 | 100.0 | GCF_000005845.2_ASM584v2_genomic_NC_000913.3 NODE_26_length_185963_cov_84.427539
			  Extensive misassembly (relocation, inconsistency = 1199) between these two alignments
			Excluding internal overlap of size 377 between Alignment 3 and 4: 1286886 1299494 | 108858 96250 | 12609 12609 --> 1287263 1299494 | 108481 96250 | 12232 12232
			Real Alignment 3: 1287263 1299494 | 108481 96250 | 12232 12232 | 99.93 | GCF_000005845.2_ASM584v2_genomic_NC_000913.3 NODE_26_length_185963_cov_84.427539
			  Gap between these two alignments (local misassembly). Inconsistency = 178
			Real Alignment 4: 1209603 1287084 | 185963 108482 | 77482 77482 | 99.97 | GCF_000005845.2_ASM584v2_genomic_NC_000913.3 NODE_26_length_185963_cov_84.427539

CONTIG: NODE_31_length_165783_cov_99.434036 (165783bp)
Best alignment score: 165740.4 (LEN: 165757, IDY: 99.99), Total number of alignments: 1
		One align captures most of this contig: 915228 1080983 | 27 165783 | 165756 165757 | 99.99 | GCF_000005845.2_ASM584v2_genomic_NC_000913.3 NODE_31_length_165783_cov_99.434036

CONTIG: NODE_34_length_148124_cov_111.050990 (148124bp)
Best alignment score: 148070.0 (LEN: 148070, IDY: 100.00), Total number of alignments: 1
		One align captures most of this contig: 20510 168579 | 1 148070 | 148070 148070 | 100.0 | GCF_000005845.2_ASM584v2_genomic_NC_000913.3 NODE_34_length_148124_cov_111.050990

CONTIG: NODE_36_length_146347_cov_104.385612 (146347bp)
Best alignment score: 146292.0 (LEN: 146292, IDY: 100.00), Total number of alignments: 1
		One align captures most of this contig: 2579825 2726116 | 56 146347 | 146292 146292 | 100.0 | GCF_000005845.2_ASM584v2_genomic_NC_000913.3 NODE_36_length_146347_cov_104.385612

CONTIG: NODE_37_length_141056_cov_85.046241 (141056bp)
Best alignment score: 140990.9 (LEN: 141005, IDY: 99.99), Total number of alignments: 1
		One align captures most of this contig: 3765775 3906779 | 141056 52 | 141005 141005 | 99.99 | GCF_000005845.2_ASM584v2_genomic_NC_000913.3 NODE_37_length_141056_cov_85.046241

CONTIG: NODE_39_length_133707_cov_87.220752 (133707bp)
Best alignment score: 133707.0 (LEN: 133707, IDY: 100.00), Total number of alignments: 1
		One align captures most of this contig: 781392 915098 | 1 133707 | 133707 133707 | 100.0 | GCF_000005845.2_ASM584v2_genomic_NC_000913.3 NODE_39_length_133707_cov_87.220752

CONTIG: NODE_40_length_133478_cov_92.870232 (133478bp)
Best alignment score: 75679.0 (LEN: 75679, IDY: 100.00), Total number of alignments: 2
			Looking for the best set of alignments (out of 2 total alignments)
			The best set is below. Score: 133454.0, number of alignments: 2, unaligned bases: 0
		This contig is misassembled.
			Real Alignment 1: 450106 525784 | 75679 1 | 75679 75679 | 100.0 | GCF_000005845.2_ASM584v2_genomic_NC_000913.3 NODE_40_length_133478_cov_92.870232
			  Overlap between these two alignments (local misassembly). Inconsistency = -611
			Real Alignment 2: 392918 450716 | 133478 75680 | 57799 57799 | 100.0 | GCF_000005845.2_ASM584v2_genomic_NC_000913.3 NODE_40_length_133478_cov_92.870232

CONTIG: NODE_41_length_132556_cov_110.604758 (132556bp)
Best alignment score: 132556.0 (LEN: 132556, IDY: 100.00), Total number of alignments: 1
		One align captures most of this contig: 2997640 3130195 | 132556 1 | 132556 132556 | 100.0 | GCF_000005845.2_ASM584v2_genomic_NC_000913.3 NODE_41_length_132556_cov_110.604758

CONTIG: NODE_44_length_112343_cov_102.602059 (112343bp)
Best alignment score: 112343.0 (LEN: 112343, IDY: 100.00), Total number of alignments: 1
		One align captures most of this contig: 3471140 3583481 | 112343 1 | 112342 112343 | 100.0 | GCF_000005845.2_ASM584v2_genomic_NC_000913.3 NODE_44_length_112343_cov_102.602059

CONTIG: NODE_47_length_107600_cov_82.046074 (107600bp)
Best alignment score: 107548.0 (LEN: 107548, IDY: 100.00), Total number of alignments: 1
		One align captures most of this contig: 2406780 2514327 | 107548 1 | 107548 107548 | 100.0 | GCF_000005845.2_ASM584v2_genomic_NC_000913.3 NODE_47_length_107600_cov_82.046074

CONTIG: NODE_48_length_105741_cov_78.970564 (105741bp)
Best alignment score: 105741.0 (LEN: 105741, IDY: 100.00), Total number of alignments: 1
		One align captures most of this contig: 4392495 4498234 | 1 105741 | 105740 105741 | 100.0 | GCF_000005845.2_ASM584v2_genomic_NC_000913.3 NODE_48_length_105741_cov_78.970564

CONTIG: NODE_49_length_105685_cov_97.210707 (105685bp)
Best alignment score: 105685.0 (LEN: 105685, IDY: 100.00), Total number of alignments: 1
		One align captures most of this contig: 4508627 4614309 | 1 105685 | 105683 105685 | 100.0 | GCF_000005845.2_ASM584v2_genomic_NC_000913.3 NODE_49_length_105685_cov_97.210707

CONTIG: NODE_50_length_102484_cov_82.325601 (102484bp)
Best alignment score: 102431.0 (LEN: 102431, IDY: 100.00), Total number of alignments: 1
		One align captures most of this contig: 1105375 1207805 | 102431 1 | 102431 102431 | 100.0 | GCF_000005845.2_ASM584v2_genomic_NC_000913.3 NODE_50_length_102484_cov_82.325601

CONTIG: NODE_51_length_102375_cov_114.799384 (102375bp)
Best alignment score: 102311.8 (LEN: 102322, IDY: 99.99), Total number of alignments: 1
		One align captures most of this contig: 2304467 2406788 | 1 102322 | 102322 102322 | 99.99 | GCF_000005845.2_ASM584v2_genomic_NC_000913.3 NODE_51_length_102375_cov_114.799384

CONTIG: NODE_52_length_102129_cov_83.543880 (102129bp)
Best alignment score: 102078.0 (LEN: 102078, IDY: 100.00), Total number of alignments: 1
		One align captures most of this contig: 3263529 3365606 | 52 102129 | 102078 102078 | 100.0 | GCF_000005845.2_ASM584v2_genomic_NC_000913.3 NODE_52_length_102129_cov_83.543880

CONTIG: NODE_56_length_88326_cov_105.982792 (88326bp)
Best alignment score: 88326.0 (LEN: 88326, IDY: 100.00), Total number of alignments: 1
		One align captures most of this contig: 3946895 4035219 | 1 88326 | 88325 88326 | 100.0 | GCF_000005845.2_ASM584v2_genomic_NC_000913.3 NODE_56_length_88326_cov_105.982792

CONTIG: NODE_58_length_87015_cov_83.644135 (87015bp)
Best alignment score: 86960.0 (LEN: 86960, IDY: 100.00), Total number of alignments: 1
		One align captures most of this contig: 1979271 2066230 | 56 87015 | 86960 86960 | 100.0 | GCF_000005845.2_ASM584v2_genomic_NC_000913.3 NODE_58_length_87015_cov_83.644135

CONTIG: NODE_60_length_83096_cov_76.071808 (83096bp)
Best alignment score: 53830.6 (LEN: 53836, IDY: 99.99), Total number of alignments: 2
			Looking for the best set of alignments (out of 2 total alignments)
			The best set is below. Score: 82992.6, number of alignments: 2, unaligned bases: 50
		This contig is misassembled.
			Excluding internal overlap of size 289 between Alignment 1 and 2: 4094430 4123928 | 53548 83046 | 29499 29499 --> 4094719 4123928 | 53837 83046 | 29210 29210
			Real Alignment 1: 4040791 4094626 | 1 53836 | 53836 53836 | 99.99 | GCF_000005845.2_ASM584v2_genomic_NC_000913.3 NODE_60_length_83096_cov_76.071808
			  Gap between these two alignments (local misassembly). Inconsistency = 92
			Real Alignment 2: 4094719 4123928 | 53837 83046 | 29210 29210 | 100.0 | GCF_000005845.2_ASM584v2_genomic_NC_000913.3 NODE_60_length_83096_cov_76.071808

CONTIG: NODE_61_length_82891_cov_78.598617 (82891bp)
Best alignment score: 82891.0 (LEN: 82891, IDY: 100.00), Total number of alignments: 1
		One align captures most of this contig: 4213112 4296002 | 82891 1 | 82891 82891 | 100.0 | GCF_000005845.2_ASM584v2_genomic_NC_000913.3 NODE_61_length_82891_cov_78.598617

CONTIG: NODE_62_length_78604_cov_117.113840 (78604bp)
Best alignment score: 78604.0 (LEN: 78604, IDY: 100.00), Total number of alignments: 1
		One align captures most of this contig: 609297 687900 | 1 78604 | 78604 78604 | 100.0 | GCF_000005845.2_ASM584v2_genomic_NC_000913.3 NODE_62_length_78604_cov_117.113840

CONTIG: NODE_64_length_76218_cov_91.215065 (76218bp)
Best alignment score: 76164.0 (LEN: 76164, IDY: 100.00), Total number of alignments: 1
		One align captures most of this contig: 3187374 3263537 | 1 76164 | 76164 76164 | 100.0 | GCF_000005845.2_ASM584v2_genomic_NC_000913.3 NODE_64_length_76218_cov_91.215065

CONTIG: NODE_68_length_69779_cov_116.134516 (69779bp)
Best alignment score: 69691.1 (LEN: 69726, IDY: 99.95), Total number of alignments: 1
		One align captures most of this contig: 3667382 3737141 | 1 69726 | 69760 69726 | 99.95 | GCF_000005845.2_ASM584v2_genomic_NC_000913.3 NODE_68_length_69779_cov_116.134516

CONTIG: NODE_69_length_69302_cov_91.072032 (69302bp)
Best alignment score: 69260.4 (LEN: 69302, IDY: 99.94), Total number of alignments: 1
		One align captures most of this contig: 1397189 1466490 | 69302 1 | 69302 69302 | 99.94 | GCF_000005845.2_ASM584v2_genomic_NC_000913.3 NODE_69_length_69302_cov_91.072032

CONTIG: NODE_71_length_67330_cov_107.662311 (67330bp)
Best alignment score: 67330.0 (LEN: 67330, IDY: 100.00), Total number of alignments: 1
		One align captures most of this contig: 2102894 2170223 | 1 67330 | 67330 67330 | 100.0 | GCF_000005845.2_ASM584v2_genomic_NC_000913.3 NODE_71_length_67330_cov_107.662311

CONTIG: NODE_72_length_66129_cov_69.806913 (66129bp)
Best alignment score: 66129.0 (LEN: 66129, IDY: 100.00), Total number of alignments: 1
		One align captures most of this contig: 4326284 4392412 | 66129 1 | 66129 66129 | 100.0 | GCF_000005845.2_ASM584v2_genomic_NC_000913.3 NODE_72_length_66129_cov_69.806913

CONTIG: NODE_76_length_59666_cov_82.335425 (59666bp)
Best alignment score: 59666.0 (LEN: 59666, IDY: 100.00), Total number of alignments: 1
		One align captures most of this contig: 2229305 2288970 | 59666 1 | 59666 59666 | 100.0 | GCF_000005845.2_ASM584v2_genomic_NC_000913.3 NODE_76_length_59666_cov_82.335425

CONTIG: NODE_79_length_58407_cov_113.166867 (58407bp)
Best alignment score: 58407.0 (LEN: 58407, IDY: 100.00), Total number of alignments: 1
		One align captures most of this contig: 2521473 2579879 | 1 58407 | 58407 58407 | 100.0 | GCF_000005845.2_ASM584v2_genomic_NC_000913.3 NODE_79_length_58407_cov_113.166867

CONTIG: NODE_80_length_57984_cov_100.633897 (57984bp)
Best alignment score: 57984.0 (LEN: 57984, IDY: 100.00), Total number of alignments: 1
		One align captures most of this contig: 2171374 2229359 | 57984 1 | 57986 57984 | 100.0 | GCF_000005845.2_ASM584v2_genomic_NC_000913.3 NODE_80_length_57984_cov_100.633897

CONTIG: NODE_81_length_57777_cov_67.743356 (57777bp)
Best alignment score: 57777.0 (LEN: 57777, IDY: 100.00), Total number of alignments: 1
		One align captures most of this contig: 1470462 1528238 | 57777 1 | 57777 57777 | 100.0 | GCF_000005845.2_ASM584v2_genomic_NC_000913.3 NODE_81_length_57777_cov_67.743356

CONTIG: NODE_82_length_57624_cov_83.281106 (57624bp)
Best alignment score: 57573.0 (LEN: 57573, IDY: 100.00), Total number of alignments: 1
		One align captures most of this contig: 1651135 1708708 | 57573 1 | 57574 57573 | 100.0 | GCF_000005845.2_ASM584v2_genomic_NC_000913.3 NODE_82_length_57624_cov_83.281106

CONTIG: NODE_84_length_56772_cov_76.797380 (56772bp)
Best alignment score: 56766.3 (LEN: 56772, IDY: 99.99), Total number of alignments: 1
		One align captures most of this contig: 3366701 3423472 | 56772 1 | 56772 56772 | 99.99 | GCF_000005845.2_ASM584v2_genomic_NC_000913.3 NODE_84_length_56772_cov_76.797380

CONTIG: NODE_85_length_56512_cov_79.743522 (56512bp)
Best alignment score: 56512.0 (LEN: 56512, IDY: 100.00), Total number of alignments: 1
		One align captures most of this contig: 1571847 1628358 | 1 56512 | 56512 56512 | 100.0 | GCF_000005845.2_ASM584v2_genomic_NC_000913.3 NODE_85_length_56512_cov_79.743522

CONTIG: NODE_87_length_54996_cov_92.266358 (54996bp)
Best alignment score: 54945.0 (LEN: 54945, IDY: 100.00), Total number of alignments: 1
		One align captures most of this contig: 168575 223519 | 54945 1 | 54945 54945 | 100.0 | GCF_000005845.2_ASM584v2_genomic_NC_000913.3 NODE_87_length_54996_cov_92.266358

CONTIG: NODE_88_length_54855_cov_94.241679 (54855bp)
Best alignment score: 54855.0 (LEN: 54855, IDY: 100.00), Total number of alignments: 1
		One align captures most of this contig: 3131292 3186146 | 54855 1 | 54855 54855 | 100.0 | GCF_000005845.2_ASM584v2_genomic_NC_000913.3 NODE_88_length_54855_cov_94.241679

CONTIG: NODE_94_length_42727_cov_92.949006 (42727bp)
Best alignment score: 27286.0 (LEN: 27286, IDY: 100.00), Total number of alignments: 2
			Looking for the best set of alignments (out of 2 total alignments)
			The best set is below. Score: 42727.0, number of alignments: 2, unaligned bases: 0
		This contig is misassembled.
			Real Alignment 1: 4614367 4641652 | 1 27286 | 27286 27286 | 100.0 | GCF_000005845.2_ASM584v2_genomic_NC_000913.3 NODE_94_length_42727_cov_92.949006
			  Not a misassembly [linear representation of circular genome] between these two alignments
			Real Alignment 2: 1 15441 | 27287 42727 | 15441 15441 | 100.0 | GCF_000005845.2_ASM584v2_genomic_NC_000913.3 NODE_94_length_42727_cov_92.949006

CONTIG: NODE_96_length_42482_cov_94.063379 (42482bp)
Best alignment score: 42432.0 (LEN: 42432, IDY: 100.00), Total number of alignments: 1
		One align captures most of this contig: 4123922 4166353 | 51 42482 | 42432 42432 | 100.0 | GCF_000005845.2_ASM584v2_genomic_NC_000913.3 NODE_96_length_42482_cov_94.063379

CONTIG: NODE_97_length_41967_cov_92.415680 (41967bp)
Best alignment score: 41967.0 (LEN: 41967, IDY: 100.00), Total number of alignments: 1
		One align captures most of this contig: 738642 780608 | 41967 1 | 41967 41967 | 100.0 | GCF_000005845.2_ASM584v2_genomic_NC_000913.3 NODE_97_length_41967_cov_92.415680

CONTIG: NODE_98_length_41605_cov_108.027702 (41605bp)
Best alignment score: 41592.5 (LEN: 41605, IDY: 99.97), Total number of alignments: 1
		One align captures most of this contig: 1529120 1570724 | 41605 1 | 41605 41605 | 99.97 | GCF_000005845.2_ASM584v2_genomic_NC_000913.3 NODE_98_length_41605_cov_108.027702

CONTIG: NODE_100_length_41434_cov_102.720462 (41434bp)
Best alignment score: 41429.9 (LEN: 41434, IDY: 99.99), Total number of alignments: 1
		One align captures most of this contig: 339880 381312 | 41434 1 | 41433 41434 | 99.99 | GCF_000005845.2_ASM584v2_genomic_NC_000913.3 NODE_100_length_41434_cov_102.720462

CONTIG: NODE_101_length_41279_cov_64.756671 (41279bp)
Best alignment score: 41279.0 (LEN: 41279, IDY: 100.00), Total number of alignments: 1
		One align captures most of this contig: 3428940 3470218 | 1 41279 | 41279 41279 | 100.0 | GCF_000005845.2_ASM584v2_genomic_NC_000913.3 NODE_101_length_41279_cov_64.756671

CONTIG: NODE_103_length_40868_cov_93.417906 (40868bp)
Best alignment score: 28954.1 (LEN: 28957, IDY: 99.99), Total number of alignments: 2
			Looking for the best set of alignments (out of 2 total alignments)
			The best set is below. Score: 40835.9, number of alignments: 2, unaligned bases: 0
		This contig is misassembled.
			Excluding internal overlap of size 8 between Alignment 1 and 2: 258676 270593 | 28950 40868 | 11918 11919 --> 258684 270593 | 28958 40868 | 11910 11911
			Real Alignment 1: 228951 257907 | 1 28957 | 28957 28957 | 99.99 | GCF_000005845.2_ASM584v2_genomic_NC_000913.3 NODE_103_length_40868_cov_93.417906
			  Gap between these two alignments (local misassembly). Inconsistency = 776
			Real Alignment 2: 258684 270593 | 28958 40868 | 11910 11911 | 99.99 | GCF_000005845.2_ASM584v2_genomic_NC_000913.3 NODE_103_length_40868_cov_93.417906

CONTIG: NODE_104_length_40160_cov_89.136068 (40160bp)
Best alignment score: 40160.0 (LEN: 40160, IDY: 100.00), Total number of alignments: 1
		One align captures most of this contig: 526666 566825 | 40160 1 | 40160 40160 | 100.0 | GCF_000005845.2_ASM584v2_genomic_NC_000913.3 NODE_104_length_40160_cov_89.136068

CONTIG: NODE_108_length_35183_cov_90.997153 (35183bp)
Best alignment score: 35183.0 (LEN: 35183, IDY: 100.00), Total number of alignments: 1
		One align captures most of this contig: 3584145 3619327 | 1 35183 | 35183 35183 | 100.0 | GCF_000005845.2_ASM584v2_genomic_NC_000913.3 NODE_108_length_35183_cov_90.997153

CONTIG: NODE_110_length_33015_cov_78.371663 (33015bp)
Best alignment score: 33015.0 (LEN: 33015, IDY: 100.00), Total number of alignments: 1
		One align captures most of this contig: 696776 729790 | 33015 1 | 33015 33015 | 100.0 | GCF_000005845.2_ASM584v2_genomic_NC_000913.3 NODE_110_length_33015_cov_78.371663

CONTIG: NODE_113_length_32326_cov_107.768492 (32326bp)
Best alignment score: 32309.8 (LEN: 32326, IDY: 99.95), Total number of alignments: 1
		One align captures most of this contig: 575736 608061 | 32326 1 | 32326 32326 | 99.95 | GCF_000005845.2_ASM584v2_genomic_NC_000913.3 NODE_113_length_32326_cov_107.768492

CONTIG: NODE_115_length_31581_cov_128.928662 (31581bp)
Best alignment score: 31581.0 (LEN: 31581, IDY: 100.00), Total number of alignments: 1
		One align captures most of this contig: 2070219 2101799 | 1 31581 | 31581 31581 | 100.0 | GCF_000005845.2_ASM584v2_genomic_NC_000913.3 NODE_115_length_31581_cov_128.928662

CONTIG: NODE_116_length_30843_cov_98.792484 (30843bp)
Best alignment score: 30843.0 (LEN: 30843, IDY: 100.00), Total number of alignments: 1
		One align captures most of this contig: 4177055 4207897 | 1 30843 | 30843 30843 | 100.0 | GCF_000005845.2_ASM584v2_genomic_NC_000913.3 NODE_116_length_30843_cov_98.792484

CONTIG: NODE_118_length_29646_cov_102.719340 (29646bp)
Best alignment score: 29643.0 (LEN: 29646, IDY: 99.99), Total number of alignments: 1
		One align captures most of this contig: 4296344 4325987 | 29646 1 | 29644 29646 | 99.99 | GCF_000005845.2_ASM584v2_genomic_NC_000913.3 NODE_118_length_29646_cov_102.719340

CONTIG: NODE_119_length_29301_cov_89.760719 (29301bp)
Best alignment score: 29289.3 (LEN: 29301, IDY: 99.96), Total number of alignments: 1
		One align captures most of this contig: 3622784 3652084 | 29301 1 | 29301 29301 | 99.96 | GCF_000005845.2_ASM584v2_genomic_NC_000913.3 NODE_119_length_29301_cov_89.760719

CONTIG: NODE_122_length_26744_cov_102.024767 (26744bp)
Best alignment score: 26637.0 (LEN: 26637, IDY: 100.00), Total number of alignments: 1
		One align captures most of this contig: 3906770 3933406 | 26690 54 | 26637 26637 | 100.0 | GCF_000005845.2_ASM584v2_genomic_NC_000913.3 NODE_122_length_26744_cov_102.024767

CONTIG: NODE_125_length_25235_cov_131.682645 (25235bp)
Best alignment score: 25183.0 (LEN: 25183, IDY: 100.00), Total number of alignments: 1
		One align captures most of this contig: 3737136 3762318 | 53 25235 | 25183 25183 | 100.0 | GCF_000005845.2_ASM584v2_genomic_NC_000913.3 NODE_125_length_25235_cov_131.682645

CONTIG: NODE_127_length_23933_cov_59.504984 (23933bp)
Best alignment score: 23933.0 (LEN: 23933, IDY: 100.00), Total number of alignments: 1
		One align captures most of this contig: 291351 315283 | 23933 1 | 23933 23933 | 100.0 | GCF_000005845.2_ASM584v2_genomic_NC_000913.3 NODE_127_length_23933_cov_59.504984

CONTIG: NODE_128_length_23382_cov_75.477258 (23382bp)
Best alignment score: 23382.0 (LEN: 23382, IDY: 100.00), Total number of alignments: 1
		One align captures most of this contig: 316429 339810 | 23382 1 | 23382 23382 | 100.0 | GCF_000005845.2_ASM584v2_genomic_NC_000913.3 NODE_128_length_23382_cov_75.477258

CONTIG: NODE_132_length_16229_cov_64.268703 (16229bp)
Best alignment score: 16162.7 (LEN: 16174, IDY: 99.93), Total number of alignments: 1
		One align captures most of this contig: 1634968 1651141 | 16229 56 | 16174 16174 | 99.93 | GCF_000005845.2_ASM584v2_genomic_NC_000913.3 NODE_132_length_16229_cov_64.268703

CONTIG: NODE_137_length_14456_cov_86.018054 (14456bp)
Best alignment score: 14456.0 (LEN: 14456, IDY: 100.00), Total number of alignments: 1
		One align captures most of this contig: 2290059 2304514 | 1 14456 | 14456 14456 | 100.0 | GCF_000005845.2_ASM584v2_genomic_NC_000913.3 NODE_137_length_14456_cov_86.018054

CONTIG: NODE_139_length_13408_cov_64.657755 (13408bp)
Best alignment score: 13408.0 (LEN: 13408, IDY: 100.00), Total number of alignments: 1
		One align captures most of this contig: 1080891 1094298 | 13408 1 | 13408 13408 | 100.0 | GCF_000005845.2_ASM584v2_genomic_NC_000913.3 NODE_139_length_13408_cov_64.657755

CONTIG: NODE_140_length_13078_cov_63.259771 (13078bp)
Best alignment score: 13078.0 (LEN: 13078, IDY: 100.00), Total number of alignments: 1
		One align captures most of this contig: 3653182 3666259 | 13078 1 | 13078 13078 | 100.0 | GCF_000005845.2_ASM584v2_genomic_NC_000913.3 NODE_140_length_13078_cov_63.259771

CONTIG: NODE_144_length_10811_cov_110.928691 (10811bp)
Best alignment score: 10811.0 (LEN: 10811, IDY: 100.00), Total number of alignments: 1
		One align captures most of this contig: 279878 290688 | 1 10811 | 10811 10811 | 100.0 | GCF_000005845.2_ASM584v2_genomic_NC_000913.3 NODE_144_length_10811_cov_110.928691

CONTIG: NODE_146_length_9223_cov_62.475458 (9223bp)
Best alignment score: 9223.0 (LEN: 9223, IDY: 100.00), Total number of alignments: 1
		One align captures most of this contig: 382540 391762 | 1 9223 | 9223 9223 | 100.0 | GCF_000005845.2_ASM584v2_genomic_NC_000913.3 NODE_146_length_9223_cov_62.475458

CONTIG: NODE_147_length_8086_cov_74.430457 (8086bp)
Best alignment score: 8033.0 (LEN: 8033, IDY: 100.00), Total number of alignments: 1
		One align captures most of this contig: 1097348 1105380 | 1 8033 | 8033 8033 | 100.0 | GCF_000005845.2_ASM584v2_genomic_NC_000913.3 NODE_147_length_8086_cov_74.430457

CONTIG: NODE_148_length_8056_cov_69.322960 (8056bp)
Best alignment score: 8052.0 (LEN: 8056, IDY: 99.95), Total number of alignments: 1
		One align captures most of this contig: 4499458 4507512 | 8056 1 | 8055 8056 | 99.95 | GCF_000005845.2_ASM584v2_genomic_NC_000913.3 NODE_148_length_8056_cov_69.322960

CONTIG: NODE_149_length_7812_cov_100.647157 (7812bp)
Best alignment score: 7812.0 (LEN: 7812, IDY: 100.00), Total number of alignments: 1
		One align captures most of this contig: 688997 696808 | 7812 1 | 7812 7812 | 100.0 | GCF_000005845.2_ASM584v2_genomic_NC_000913.3 NODE_149_length_7812_cov_100.647157

CONTIG: NODE_150_length_6660_cov_45.480242 (6660bp)
Best alignment score: 6660.0 (LEN: 6660, IDY: 100.00), Total number of alignments: 1
		One align captures most of this contig: 567981 574640 | 6660 1 | 6660 6660 | 100.0 | GCF_000005845.2_ASM584v2_genomic_NC_000913.3 NODE_150_length_6660_cov_45.480242

CONTIG: NODE_154_length_5691_cov_69.422818 (5691bp)
Best alignment score: 5660.3 (LEN: 5691, IDY: 99.46), Total number of alignments: 1
		One align captures most of this contig: 2515563 2521251 | 1 5691 | 5689 5691 | 99.46 | GCF_000005845.2_ASM584v2_genomic_NC_000913.3 NODE_154_length_5691_cov_69.422818

CONTIG: NODE_157_length_4311_cov_77.750000 (4311bp)
Best alignment score: 4311.0 (LEN: 4311, IDY: 100.00), Total number of alignments: 1
		One align captures most of this contig: 1628304 1632614 | 4311 1 | 4311 4311 | 100.0 | GCF_000005845.2_ASM584v2_genomic_NC_000913.3 NODE_157_length_4311_cov_77.750000

CONTIG: NODE_158_length_4223_cov_51.128119 (4223bp)
Best alignment score: 4223.0 (LEN: 4223, IDY: 100.00), Total number of alignments: 1
		One align captures most of this contig: 4171911 4176133 | 1 4223 | 4223 4223 | 100.0 | GCF_000005845.2_ASM584v2_genomic_NC_000913.3 NODE_158_length_4223_cov_51.128119

CONTIG: NODE_159_length_4122_cov_135.478239 (4122bp)
Best alignment score: 4122.0 (LEN: 4122, IDY: 100.00), Total number of alignments: 1
		One align captures most of this contig: 275095 279216 | 4122 1 | 4122 4122 | 100.0 | GCF_000005845.2_ASM584v2_genomic_NC_000913.3 NODE_159_length_4122_cov_135.478239

CONTIG: NODE_162_length_3778_cov_74.308085 (3778bp)
Best alignment score: 3725.0 (LEN: 3725, IDY: 100.00), Total number of alignments: 1
			Looking for the best set of alignments (out of 1 total alignments)
			The best set is below. Score: 3725.0, number of alignments: 1, unaligned bases: 53
		Alignment: 3937772 3941496 | 3725 1 | 3725 3725 | 100.0 | GCF_000005845.2_ASM584v2_genomic_NC_000913.3 NODE_162_length_3778_cov_74.308085

CONTIG: NODE_163_length_3494_cov_363.325095 (3494bp)
Best alignment score: 3483.2 (LEN: 3494, IDY: 99.69), Total number of alignments: 2
		This contig has 2 significant alignments. [An ambiguously mapped contig]
		Using only first of these alignment (option --ambiguity-usage is set to "one"):
			Alignment: 3762336 3765829 | 3494 1 | 3494 3494 | 99.69 | GCF_000005845.2_ASM584v2_genomic_NC_000913.3 NODE_163_length_3494_cov_363.325095
			Skipping alignment 3619345 3622838 | 3494 1 | 3494 3494 | 99.63 | GCF_000005845.2_ASM584v2_genomic_NC_000913.3 NODE_163_length_3494_cov_363.325095

CONTIG: NODE_165_length_3171_cov_71.733954 (3171bp)
Best alignment score: 3171.0 (LEN: 3171, IDY: 100.00), Total number of alignments: 1
		One align captures most of this contig: 16678 19848 | 1 3171 | 3171 3171 | 100.0 | GCF_000005845.2_ASM584v2_genomic_NC_000913.3 NODE_165_length_3171_cov_71.733954

CONTIG: NODE_168_length_3141_cov_365.365846 (3141bp)
Best alignment score: 3133.1 (LEN: 3141, IDY: 99.75), Total number of alignments: 7
		This contig has 7 significant alignments. [An ambiguously mapped contig]
		Using only first of these alignment (option --ambiguity-usage is set to "one"):
			Alignment: 225739 228880 | 1 3141 | 3142 3141 | 99.75 | GCF_000005845.2_ASM584v2_genomic_NC_000913.3 NODE_168_length_3141_cov_365.365846
			Skipping alignment 3423663 3426803 | 3141 1 | 3141 3141 | 99.75 | GCF_000005845.2_ASM584v2_genomic_NC_000913.3 NODE_168_length_3141_cov_365.365846
			Skipping alignment 3943684 3946824 | 1 3141 | 3141 3141 | 99.68 | GCF_000005845.2_ASM584v2_genomic_NC_000913.3 NODE_168_length_3141_cov_365.365846
			Skipping alignment 4037499 4040641 | 1 3141 | 3143 3141 | 99.68 | GCF_000005845.2_ASM584v2_genomic_NC_000913.3 NODE_168_length_3141_cov_365.365846
			Skipping alignment 4210023 4213164 | 1 3141 | 3142 3141 | 99.59 | GCF_000005845.2_ASM584v2_genomic_NC_000913.3 NODE_168_length_3141_cov_365.365846
			Skipping alignment 4168621 4171761 | 1 3141 | 3141 3141 | 99.52 | GCF_000005845.2_ASM584v2_genomic_NC_000913.3 NODE_168_length_3141_cov_365.365846
			Skipping alignment 2726064 2729204 | 3141 1 | 3141 3141 | 99.49 | GCF_000005845.2_ASM584v2_genomic_NC_000913.3 NODE_168_length_3141_cov_365.365846

CONTIG: NODE_174_length_2303_cov_89.143683 (2303bp)
Best alignment score: 2303.0 (LEN: 2303, IDY: 100.00), Total number of alignments: 1
		One align captures most of this contig: 271707 274009 | 2303 1 | 2303 2303 | 100.0 | GCF_000005845.2_ASM584v2_genomic_NC_000913.3 NODE_174_length_2303_cov_89.143683

CONTIG: NODE_175_length_1995_cov_85.647938 (1995bp)
Best alignment score: 1994.0 (LEN: 1995, IDY: 99.95), Total number of alignments: 1
		One align captures most of this contig: 735104 737098 | 1995 1 | 1995 1995 | 99.95 | GCF_000005845.2_ASM584v2_genomic_NC_000913.3 NODE_175_length_1995_cov_85.647938

CONTIG: NODE_176_length_1907_cov_117.710043 (1907bp)
Best alignment score: 1829.0 (LEN: 1829, IDY: 100.00), Total number of alignments: 1
			Looking for the best set of alignments (out of 1 total alignments)
			The best set is below. Score: 1829.0, number of alignments: 1, unaligned bases: 78
		Alignment: 1207790 1209618 | 1868 40 | 1829 1829 | 100.0 | GCF_000005845.2_ASM584v2_genomic_NC_000913.3 NODE_176_length_1907_cov_117.710043

CONTIG: NODE_177_length_1692_cov_164.835675 (1692bp)
Best alignment score: 1692.0 (LEN: 1692, IDY: 100.00), Total number of alignments: 1
		One align captures most of this contig: 2067303 2068994 | 1 1692 | 1692 1692 | 100.0 | GCF_000005845.2_ASM584v2_genomic_NC_000913.3 NODE_177_length_1692_cov_164.835675

CONTIG: NODE_180_length_1567_cov_49.658069 (1567bp)
Best alignment score: 1567.0 (LEN: 1567, IDY: 100.00), Total number of alignments: 1
		One align captures most of this contig: 1095449 1097015 | 1 1567 | 1567 1567 | 100.0 | GCF_000005845.2_ASM584v2_genomic_NC_000913.3 NODE_180_length_1567_cov_49.658069

CONTIG: NODE_182_length_1493_cov_463.436718 (1493bp)
Best alignment score: 1491.1 (LEN: 1493, IDY: 99.87), Total number of alignments: 7
		This contig has 7 significant alignments. [An ambiguously mapped contig]
		Using only first of these alignment (option --ambiguity-usage is set to "one"):
			Alignment: 4208001 4209493 | 1 1493 | 1493 1493 | 99.87 | GCF_000005845.2_ASM584v2_genomic_NC_000913.3 NODE_182_length_1493_cov_463.436718
			Skipping alignment 4166513 4168005 | 1 1493 | 1493 1493 | 99.8 | GCF_000005845.2_ASM584v2_genomic_NC_000913.3 NODE_182_length_1493_cov_463.436718
			Skipping alignment 4035385 4036877 | 1 1493 | 1493 1493 | 99.73 | GCF_000005845.2_ASM584v2_genomic_NC_000913.3 NODE_182_length_1493_cov_463.436718
			Skipping alignment 2729811 2731303 | 1493 1 | 1493 1493 | 99.6 | GCF_000005845.2_ASM584v2_genomic_NC_000913.3 NODE_182_length_1493_cov_463.436718
			Skipping alignment 3427416 3428908 | 1493 1 | 1493 1493 | 99.53 | GCF_000005845.2_ASM584v2_genomic_NC_000913.3 NODE_182_length_1493_cov_463.436718
			Skipping alignment 3941662 3943154 | 1 1493 | 1493 1493 | 99.46 | GCF_000005845.2_ASM584v2_genomic_NC_000913.3 NODE_182_length_1493_cov_463.436718
			Skipping alignment 223625 225117 | 1 1493 | 1493 1493 | 99.26 | GCF_000005845.2_ASM584v2_genomic_NC_000913.3 NODE_182_length_1493_cov_463.436718

CONTIG: NODE_184_length_1345_cov_288.514729 (1345bp)
Best alignment score: 1345.0 (LEN: 1345, IDY: 100.00), Total number of alignments: 3
		This contig has 3 significant alignments. [An ambiguously mapped contig]
		Using only first of these alignment (option --ambiguity-usage is set to "one"):
			Alignment: 608007 609351 | 1 1345 | 1345 1345 | 100.0 | GCF_000005845.2_ASM584v2_genomic_NC_000913.3 NODE_184_length_1345_cov_288.514729
			Skipping alignment 15387 16731 | 1 1345 | 1345 1345 | 100.0 | GCF_000005845.2_ASM584v2_genomic_NC_000913.3 NODE_184_length_1345_cov_288.514729
			Skipping alignment 2514273 2515617 | 1 1345 | 1345 1345 | 100.0 | GCF_000005845.2_ASM584v2_genomic_NC_000913.3 NODE_184_length_1345_cov_288.514729

CONTIG: NODE_186_length_1255_cov_311.620833 (1255bp)
Best alignment score: 1255.0 (LEN: 1255, IDY: 100.00), Total number of alignments: 5
		This contig has 5 significant alignments. [An ambiguously mapped contig]
		Using only first of these alignment (option --ambiguity-usage is set to "one"):
			Alignment: 2170174 2171428 | 1255 1 | 1255 1255 | 100.0 | GCF_000005845.2_ASM584v2_genomic_NC_000913.3 NODE_186_length_1255_cov_311.620833
			Skipping alignment 1094245 1095499 | 1 1255 | 1255 1255 | 100.0 | GCF_000005845.2_ASM584v2_genomic_NC_000913.3 NODE_186_length_1255_cov_311.620833
			Skipping alignment 391709 392963 | 1 1255 | 1255 1255 | 100.0 | GCF_000005845.2_ASM584v2_genomic_NC_000913.3 NODE_186_length_1255_cov_311.620833
			Skipping alignment 315229 316483 | 1255 1 | 1255 1255 | 100.0 | GCF_000005845.2_ASM584v2_genomic_NC_000913.3 NODE_186_length_1255_cov_311.620833
			Skipping alignment 566780 568034 | 1255 1 | 1255 1255 | 100.0 | GCF_000005845.2_ASM584v2_genomic_NC_000913.3 NODE_186_length_1255_cov_311.620833

CONTIG: NODE_188_length_1178_cov_1167.000000 (1178bp)
Best alignment score: 1178.0 (LEN: 1178, IDY: 100.00), Total number of alignments: 11
		This contig has 11 significant alignments. [An ambiguously mapped contig]
		Using only first of these alignment (option --ambiguity-usage is set to "one"):
			Alignment: 2101766 2102943 | 1 1178 | 1178 1178 | 100.0 | GCF_000005845.2_ASM584v2_genomic_NC_000913.3 NODE_188_length_1178_cov_1167.000000
			Skipping alignment 1299499 1300676 | 1178 1 | 1178 1178 | 100.0 | GCF_000005845.2_ASM584v2_genomic_NC_000913.3 NODE_188_length_1178_cov_1167.000000
			Skipping alignment 273972 275149 | 1 1178 | 1178 1178 | 100.0 | GCF_000005845.2_ASM584v2_genomic_NC_000913.3 NODE_188_length_1178_cov_1167.000000
			Skipping alignment 687868 689045 | 1 1178 | 1178 1178 | 100.0 | GCF_000005845.2_ASM584v2_genomic_NC_000913.3 NODE_188_length_1178_cov_1167.000000
			Skipping alignment 3130146 3131323 | 1178 1 | 1178 1178 | 100.0 | GCF_000005845.2_ASM584v2_genomic_NC_000913.3 NODE_188_length_1178_cov_1167.000000
			Skipping alignment 1396044 1397221 | 1178 1 | 1178 1178 | 100.0 | GCF_000005845.2_ASM584v2_genomic_NC_000913.3 NODE_188_length_1178_cov_1167.000000
			Skipping alignment 2288936 2290113 | 1 1178 | 1178 1178 | 100.0 | GCF_000005845.2_ASM584v2_genomic_NC_000913.3 NODE_188_length_1178_cov_1167.000000
			Skipping alignment 574608 575785 | 1 1178 | 1178 1178 | 100.0 | GCF_000005845.2_ASM584v2_genomic_NC_000913.3 NODE_188_length_1178_cov_1167.000000
			Skipping alignment 3652053 3653230 | 1 1178 | 1178 1178 | 100.0 | GCF_000005845.2_ASM584v2_genomic_NC_000913.3 NODE_188_length_1178_cov_1167.000000
			Skipping alignment 3365573 3366750 | 1 1178 | 1178 1178 | 100.0 | GCF_000005845.2_ASM584v2_genomic_NC_000913.3 NODE_188_length_1178_cov_1167.000000
			Skipping alignment 2066176 2067353 | 1 1178 | 1178 1178 | 99.66 | GCF_000005845.2_ASM584v2_genomic_NC_000913.3 NODE_188_length_1178_cov_1167.000000

CONTIG: NODE_190_length_1163_cov_131.439531 (1163bp)
Best alignment score: 1163.0 (LEN: 1163, IDY: 100.00), Total number of alignments: 1
		One align captures most of this contig: 1466801 1467963 | 1163 1 | 1163 1163 | 100.0 | GCF_000005845.2_ASM584v2_genomic_NC_000913.3 NODE_190_length_1163_cov_131.439531

CONTIG: NODE_192_length_1095_cov_259.399038 (1095bp)
Best alignment score: 1095.0 (LEN: 1095, IDY: 100.00), Total number of alignments: 3
		This contig has 3 significant alignments. [An ambiguously mapped contig]
		Using only first of these alignment (option --ambiguity-usage is set to "one"):
			Alignment: 4507585 4508679 | 1095 1 | 1095 1095 | 100.0 | GCF_000005845.2_ASM584v2_genomic_NC_000913.3 NODE_192_length_1095_cov_259.399038
			Skipping alignment 1469296 1470390 | 1 1095 | 1095 1095 | 100.0 | GCF_000005845.2_ASM584v2_genomic_NC_000913.3 NODE_192_length_1095_cov_259.399038
			Skipping alignment 270541 271635 | 1 1095 | 1095 1095 | 99.73 | GCF_000005845.2_ASM584v2_genomic_NC_000913.3 NODE_192_length_1095_cov_259.399038

CONTIG: NODE_193_length_1031_cov_114.702869 (1031bp)
Best alignment score: 1031.0 (LEN: 1031, IDY: 100.00), Total number of alignments: 2
		This contig has 2 significant alignments. [An ambiguously mapped contig]
		Using only first of these alignment (option --ambiguity-usage is set to "one"):
			Alignment: 3470164 3471194 | 1031 1 | 1031 1031 | 100.0 | GCF_000005845.2_ASM584v2_genomic_NC_000913.3 NODE_193_length_1031_cov_114.702869
			Skipping alignment 4176079 4177109 | 1 1031 | 1031 1031 | 99.81 | GCF_000005845.2_ASM584v2_genomic_NC_000913.3 NODE_193_length_1031_cov_114.702869

CONTIG: NODE_194_length_1004_cov_98.541623 (1004bp)
Best alignment score: 1004.0 (LEN: 1004, IDY: 100.00), Total number of alignments: 1
		One align captures most of this contig: 733199 734202 | 1 1004 | 1004 1004 | 100.0 | GCF_000005845.2_ASM584v2_genomic_NC_000913.3 NODE_194_length_1004_cov_98.541623

CONTIG: NODE_195_length_991_cov_101.957265 (991bp)
Best alignment score: 991.0 (LEN: 991, IDY: 100.00), Total number of alignments: 2
		This contig has 2 significant alignments. [An ambiguously mapped contig]
		Using only first of these alignment (option --ambiguity-usage is set to "one"):
			Alignment: 525730 526720 | 991 1 | 991 991 | 100.0 | GCF_000005845.2_ASM584v2_genomic_NC_000913.3 NODE_195_length_991_cov_101.957265
			Skipping alignment 1528184 1529174 | 991 1 | 991 991 | 99.6 | GCF_000005845.2_ASM584v2_genomic_NC_000913.3 NODE_195_length_991_cov_101.957265

CONTIG: NODE_197_length_972_cov_1385.215921 (972bp)
Best alignment score: 972.0 (LEN: 972, IDY: 100.00), Total number of alignments: 6
		This contig has 6 significant alignments. [An ambiguously mapped contig]
		Using only first of these alignment (option --ambiguity-usage is set to "one"):
			Alignment: 4498181 4499152 | 972 1 | 972 972 | 100.0 | GCF_000005845.2_ASM584v2_genomic_NC_000913.3 NODE_197_length_972_cov_1385.215921
			Skipping alignment 3186096 3187067 | 972 1 | 972 972 | 100.0 | GCF_000005845.2_ASM584v2_genomic_NC_000913.3 NODE_197_length_972_cov_1385.215921
			Skipping alignment 2996720 2997691 | 1 972 | 972 972 | 100.0 | GCF_000005845.2_ASM584v2_genomic_NC_000913.3 NODE_197_length_972_cov_1385.215921
			Skipping alignment 2069300 2070271 | 1 972 | 972 972 | 100.0 | GCF_000005845.2_ASM584v2_genomic_NC_000913.3 NODE_197_length_972_cov_1385.215921
			Skipping alignment 381260 382231 | 972 1 | 972 972 | 100.0 | GCF_000005845.2_ASM584v2_genomic_NC_000913.3 NODE_197_length_972_cov_1385.215921
			Skipping alignment 1468269 1469240 | 1 972 | 972 972 | 100.0 | GCF_000005845.2_ASM584v2_genomic_NC_000913.3 NODE_197_length_972_cov_1385.215921

CONTIG: NODE_198_length_867_cov_196.289409 (867bp)
Best alignment score: 866.0 (LEN: 867, IDY: 99.88), Total number of alignments: 2
		This contig has 2 significant alignments. [An ambiguously mapped contig]
		Using only first of these alignment (option --ambiguity-usage is set to "one"):
			Alignment: 3666205 3667071 | 867 1 | 867 867 | 99.88 | GCF_000005845.2_ASM584v2_genomic_NC_000913.3 NODE_198_length_867_cov_196.289409
			Skipping alignment 1570670 1571536 | 867 1 | 867 867 | 99.77 | GCF_000005845.2_ASM584v2_genomic_NC_000913.3 NODE_198_length_867_cov_196.289409

CONTIG: NODE_203_length_529_cov_258.255274 (529bp)
Best alignment score: 529.0 (LEN: 529, IDY: 100.00), Total number of alignments: 2
		This contig has 2 significant alignments. [An ambiguously mapped contig]
		Using only first of these alignment (option --ambiguity-usage is set to "one"):
			Alignment: 2729337 2729865 | 529 1 | 529 529 | 100.0 | GCF_000005845.2_ASM584v2_genomic_NC_000913.3 NODE_203_length_529_cov_258.255274
			Skipping alignment 4167951 4168479 | 1 529 | 529 529 | 99.24 | GCF_000005845.2_ASM584v2_genomic_NC_000913.3 NODE_203_length_529_cov_258.255274

CONTIG: NODE_204_length_520_cov_186.438710 (520bp)
Best alignment score: 520.0 (LEN: 520, IDY: 100.00), Total number of alignments: 3
		Skipping these alignments as insignificant (option --ambiguity-score is set to "0.99"):
			Skipping alignment 225272 225791 | 1 520 | 520 520 | 98.85 | GCF_000005845.2_ASM584v2_genomic_NC_000913.3 NODE_204_length_520_cov_186.438710
			Skipping alignment 3426751 3427261 | 520 1 | 511 520 | 97.31 | GCF_000005845.2_ASM584v2_genomic_NC_000913.3 NODE_204_length_520_cov_186.438710
		One align captures most of this contig: 4037032 4037551 | 1 520 | 520 520 | 100.0 | GCF_000005845.2_ASM584v2_genomic_NC_000913.3 NODE_204_length_520_cov_186.438710

Analyzing coverage...
Writing SNPs into /home/modesto/data/freeDNA/quast_results/results_2022_03_10_13_57_32/runs_per_reference/GCF_000005845.2_ASM584v2_genomic/contigs_reports/minimap_output/piMDA.used_snps.gz

Analysis is finished!
Founded SNPs were written into /home/modesto/data/freeDNA/quast_results/results_2022_03_10_13_57_32/runs_per_reference/GCF_000005845.2_ASM584v2_genomic/contigs_reports/minimap_output/piMDA.used_snps.gz

Results:
	Local Misassemblies: 7
	Misassemblies: 1
		Relocations: 1
		Translocations: 0
		Inversions: 0
	Scaffold gap extensive misassemblies: 0
	Scaffold gap local misassemblies: 0
	Misassembled Contigs: 1
	Misassembled Contig Bases: 185963
	Misassemblies Inter-Contig Overlap ("Extra" Aligned Bases): 0
Unaligned Contigs: 0 + 1 part
Half Unaligned Contigs with Misassemblies: 1
Unaligned Bases in Fully and Partially Unaligned Contigs: 495758

Ambiguously Mapped Contigs: 12
Total Bases in Ambiguously Mapped Contigs: 17391
"Extra" Aligned Bases in Ambiguously Mapped Contigs: 0
Note that --allow-ambiguity option was set to "one" and only first alignment per each of these contigs was used (there is no "extra" aligned bases).

	Covered Bases in Reference: 4555436
	Raw Aligned Bases in Assembly: 4557763
	Total Aligned Bases in Assembly (with "Extras"): 4557763

	SNPs: 233
	Insertions: 35
	Deletions: 64

