2022-02-10 22:28:09,876 - INFO - Welcome to MetaCoAG: Binning Metagenomic Contigs via Composition, Coverage and Assembly Graphs.
2022-02-10 22:28:09,876 - INFO - This version of MetaCoAG makes use of the assembly graph produced by SPAdes which is based on the de Bruijn graph approach.
2022-02-10 22:28:09,876 - INFO - Input arguments: 
2022-02-10 22:28:09,876 - INFO - Assembler used: spades
2022-02-10 22:28:09,876 - INFO - Contigs file: ../spades_results/Ctrl2/contigs.fasta
2022-02-10 22:28:09,876 - INFO - Assembly graph file: ../spades_results/Ctrl2/assembly_graph_with_scaffolds.gfa
2022-02-10 22:28:09,876 - INFO - Contig paths file: ../spades_results/Ctrl2/contigs.paths
2022-02-10 22:28:09,876 - INFO - Abundance file: ../binning/abundance_Ctrl2.tsv
2022-02-10 22:28:09,876 - INFO - Final binning output file: ../binning/Ctrl2b/
2022-02-10 22:28:09,876 - INFO - Marker file: /home/modesto/data/freeDNA/MetaCoAG/auxiliary/marker.hmm
2022-02-10 22:28:09,876 - INFO - Minimum length of contigs to consider: 1000
2022-02-10 22:28:09,876 - INFO - Depth to consider for label propagation: 10
2022-02-10 22:28:09,876 - INFO - p_intra: 0.1
2022-02-10 22:28:09,876 - INFO - p_inter: 0.01
2022-02-10 22:28:09,876 - DEBUG - bin_threshold: 0.9999999999999998
2022-02-10 22:28:09,876 - DEBUG - break_threshold: 1.9999999999999996
2022-02-10 22:28:09,876 - INFO - mg_threshold: 0.5
2022-02-10 22:28:09,876 - INFO - bin_mg_threshold: 0.33333
2022-02-10 22:28:09,876 - INFO - min_bin_size: 200000 base pairs
2022-02-10 22:28:09,877 - INFO - d_limit: 20
2022-02-10 22:28:09,877 - INFO - Number of threads: 12
2022-02-10 22:28:09,877 - INFO - MetaCoAG started
2022-02-10 22:28:09,881 - INFO - Total number of contigs available: 325
2022-02-10 22:28:09,910 - INFO - Total number of edges in the assembly graph: 532
2022-02-10 22:28:09,910 - INFO - Obtaining lengths and coverage values of contigs
2022-02-10 22:28:09,987 - DEBUG - w_intra: 1.9999999999999996
2022-02-10 22:28:09,987 - DEBUG - w_inter: 3.999999999999999
2022-02-10 22:28:09,987 - INFO - Obtaining tetranucleotide frequencies of contigs
2022-02-10 22:28:16,302 - INFO - Scanning for single-copy marker genes
2022-02-10 22:28:16,303 - INFO - .hmmout file already exists
2022-02-10 22:28:16,303 - INFO - Obtaining contigs with single-copy marker genes
2022-02-10 22:28:16,306 - INFO - Number of contigs containing single-copy marker genes: 58
2022-02-10 22:28:16,306 - INFO - Determining contig counts for each single-copy marker gene
2022-02-10 22:28:16,306 - DEBUG - Contig counts of single-copy marker genes: 
2022-02-10 22:28:16,306 - DEBUG - [6, 5, 5, 4, 4, 4, 4, 4, 4, 4, 4, 4, 4, 4, 4, 4, 4, 4, 4, 4, 4, 4, 4, 4, 4, 4, 4, 4, 4, 4, 4, 4, 4, 4, 4, 4, 4, 4, 4, 4, 4, 4, 4, 4, 4, 4, 4, 4, 4, 4, 4, 4, 4, 4, 4, 4, 4, 4, 4, 4, 4, 4, 4, 4, 4, 4, 4, 4, 4, 4, 4, 4, 4, 4, 4, 4, 4, 4, 4, 4, 4, 4, 4, 4, 4, 4, 4, 4, 4, 4, 4, 4, 4, 4, 4, 4, 4, 3, 3, 3, 3, 3, 3, 3, 3, 2, 1]
2022-02-10 22:28:16,306 - INFO - Initialising bins
2022-02-10 22:28:16,306 - DEBUG - Number of initial bins detected: 6
2022-02-10 22:28:16,306 - DEBUG - Initialised bins: 
2022-02-10 22:28:16,306 - DEBUG - {0: [1], 1: [19], 2: [0], 3: [7], 4: [56], 5: [33]}
2022-02-10 22:28:16,306 - INFO - Matching and assigning contigs with single-copy marker genes to bins
2022-02-10 22:28:16,306 - DEBUG - Iteration 0: 6 contig(s) with seed marker genes
2022-02-10 22:28:16,306 - DEBUG - Iteration 1: 5 contig(s) with seed marker genes
2022-02-10 22:28:16,306 - DEBUG - 2 contig(s) to bin in the iteration
2022-02-10 22:28:16,319 - DEBUG - 0 contig(s) binned in the iteration
2022-02-10 22:28:16,319 - DEBUG - Iteration 2: 5 contig(s) with seed marker genes
2022-02-10 22:28:16,319 - DEBUG - 4 contig(s) to bin in the iteration
2022-02-10 22:28:16,320 - DEBUG - 2 contig(s) binned in the iteration
2022-02-10 22:28:16,320 - DEBUG - Iteration 3: 4 contig(s) with seed marker genes
2022-02-10 22:28:16,320 - DEBUG - 4 contig(s) to bin in the iteration
2022-02-10 22:28:16,321 - DEBUG - 0 contig(s) binned in the iteration
2022-02-10 22:28:16,321 - DEBUG - Iteration 4: 4 contig(s) with seed marker genes
2022-02-10 22:28:16,321 - DEBUG - 4 contig(s) to bin in the iteration
2022-02-10 22:28:16,322 - DEBUG - 0 contig(s) binned in the iteration
2022-02-10 22:28:16,322 - DEBUG - Iteration 5: 4 contig(s) with seed marker genes
2022-02-10 22:28:16,322 - DEBUG - 4 contig(s) to bin in the iteration
2022-02-10 22:28:16,323 - DEBUG - 0 contig(s) binned in the iteration
2022-02-10 22:28:16,323 - DEBUG - Iteration 6: 4 contig(s) with seed marker genes
2022-02-10 22:28:16,323 - DEBUG - 4 contig(s) to bin in the iteration
2022-02-10 22:28:16,324 - DEBUG - 0 contig(s) binned in the iteration
2022-02-10 22:28:16,324 - DEBUG - Iteration 7: 4 contig(s) with seed marker genes
2022-02-10 22:28:16,324 - DEBUG - 4 contig(s) to bin in the iteration
2022-02-10 22:28:16,325 - DEBUG - 0 contig(s) binned in the iteration
2022-02-10 22:28:16,325 - DEBUG - Iteration 8: 4 contig(s) with seed marker genes
2022-02-10 22:28:16,325 - DEBUG - 4 contig(s) to bin in the iteration
2022-02-10 22:28:16,326 - DEBUG - 0 contig(s) binned in the iteration
2022-02-10 22:28:16,326 - DEBUG - Iteration 9: 4 contig(s) with seed marker genes
2022-02-10 22:28:16,326 - DEBUG - 4 contig(s) to bin in the iteration
2022-02-10 22:28:16,327 - DEBUG - 0 contig(s) binned in the iteration
2022-02-10 22:28:16,327 - DEBUG - Iteration 10: 4 contig(s) with seed marker genes
2022-02-10 22:28:16,327 - DEBUG - 4 contig(s) to bin in the iteration
2022-02-10 22:28:16,328 - DEBUG - 0 contig(s) binned in the iteration
2022-02-10 22:28:16,328 - DEBUG - Iteration 11: 4 contig(s) with seed marker genes
2022-02-10 22:28:16,328 - DEBUG - 4 contig(s) to bin in the iteration
2022-02-10 22:28:16,328 - DEBUG - 0 contig(s) binned in the iteration
2022-02-10 22:28:16,329 - DEBUG - Iteration 12: 4 contig(s) with seed marker genes
2022-02-10 22:28:16,329 - DEBUG - 4 contig(s) to bin in the iteration
2022-02-10 22:28:16,329 - DEBUG - 0 contig(s) binned in the iteration
2022-02-10 22:28:16,329 - DEBUG - Iteration 13: 4 contig(s) with seed marker genes
2022-02-10 22:28:16,329 - DEBUG - 4 contig(s) to bin in the iteration
2022-02-10 22:28:16,330 - DEBUG - 0 contig(s) binned in the iteration
2022-02-10 22:28:16,330 - DEBUG - Iteration 14: 4 contig(s) with seed marker genes
2022-02-10 22:28:16,330 - DEBUG - 4 contig(s) to bin in the iteration
2022-02-10 22:28:16,331 - DEBUG - 0 contig(s) binned in the iteration
2022-02-10 22:28:16,331 - DEBUG - Iteration 15: 4 contig(s) with seed marker genes
2022-02-10 22:28:16,331 - DEBUG - 4 contig(s) to bin in the iteration
2022-02-10 22:28:16,332 - DEBUG - 0 contig(s) binned in the iteration
2022-02-10 22:28:16,332 - DEBUG - Iteration 16: 4 contig(s) with seed marker genes
2022-02-10 22:28:16,332 - DEBUG - 4 contig(s) to bin in the iteration
2022-02-10 22:28:16,333 - DEBUG - 0 contig(s) binned in the iteration
2022-02-10 22:28:16,333 - DEBUG - Iteration 17: 4 contig(s) with seed marker genes
2022-02-10 22:28:16,333 - DEBUG - 4 contig(s) to bin in the iteration
2022-02-10 22:28:16,334 - DEBUG - 0 contig(s) binned in the iteration
2022-02-10 22:28:16,334 - DEBUG - Iteration 18: 4 contig(s) with seed marker genes
2022-02-10 22:28:16,334 - DEBUG - 4 contig(s) to bin in the iteration
2022-02-10 22:28:16,335 - DEBUG - 0 contig(s) binned in the iteration
2022-02-10 22:28:16,335 - DEBUG - Iteration 19: 4 contig(s) with seed marker genes
2022-02-10 22:28:16,335 - DEBUG - 4 contig(s) to bin in the iteration
2022-02-10 22:28:16,336 - DEBUG - 0 contig(s) binned in the iteration
2022-02-10 22:28:16,336 - DEBUG - Iteration 20: 4 contig(s) with seed marker genes
2022-02-10 22:28:16,336 - DEBUG - 4 contig(s) to bin in the iteration
2022-02-10 22:28:16,337 - DEBUG - 0 contig(s) binned in the iteration
2022-02-10 22:28:16,337 - DEBUG - Iteration 21: 4 contig(s) with seed marker genes
2022-02-10 22:28:16,337 - DEBUG - 4 contig(s) to bin in the iteration
2022-02-10 22:28:16,337 - DEBUG - 0 contig(s) binned in the iteration
2022-02-10 22:28:16,337 - DEBUG - Iteration 22: 4 contig(s) with seed marker genes
2022-02-10 22:28:16,337 - DEBUG - 4 contig(s) to bin in the iteration
2022-02-10 22:28:16,338 - DEBUG - 0 contig(s) binned in the iteration
2022-02-10 22:28:16,338 - DEBUG - Iteration 23: 4 contig(s) with seed marker genes
2022-02-10 22:28:16,338 - DEBUG - 4 contig(s) to bin in the iteration
2022-02-10 22:28:16,339 - DEBUG - 0 contig(s) binned in the iteration
2022-02-10 22:28:16,339 - DEBUG - Iteration 24: 4 contig(s) with seed marker genes
2022-02-10 22:28:16,339 - DEBUG - 4 contig(s) to bin in the iteration
2022-02-10 22:28:16,340 - DEBUG - 0 contig(s) binned in the iteration
2022-02-10 22:28:16,340 - DEBUG - Iteration 25: 4 contig(s) with seed marker genes
2022-02-10 22:28:16,340 - DEBUG - 4 contig(s) to bin in the iteration
2022-02-10 22:28:16,341 - DEBUG - 0 contig(s) binned in the iteration
2022-02-10 22:28:16,341 - DEBUG - Iteration 26: 4 contig(s) with seed marker genes
2022-02-10 22:28:16,341 - DEBUG - 4 contig(s) to bin in the iteration
2022-02-10 22:28:16,342 - DEBUG - 0 contig(s) binned in the iteration
2022-02-10 22:28:16,342 - DEBUG - Iteration 27: 4 contig(s) with seed marker genes
2022-02-10 22:28:16,342 - DEBUG - 4 contig(s) to bin in the iteration
2022-02-10 22:28:16,343 - DEBUG - 0 contig(s) binned in the iteration
2022-02-10 22:28:16,343 - DEBUG - Iteration 28: 4 contig(s) with seed marker genes
2022-02-10 22:28:16,343 - DEBUG - 4 contig(s) to bin in the iteration
2022-02-10 22:28:16,344 - DEBUG - 0 contig(s) binned in the iteration
2022-02-10 22:28:16,344 - DEBUG - Iteration 29: 4 contig(s) with seed marker genes
2022-02-10 22:28:16,344 - DEBUG - 4 contig(s) to bin in the iteration
2022-02-10 22:28:16,344 - DEBUG - 0 contig(s) binned in the iteration
2022-02-10 22:28:16,345 - DEBUG - Iteration 30: 4 contig(s) with seed marker genes
2022-02-10 22:28:16,345 - DEBUG - 4 contig(s) to bin in the iteration
2022-02-10 22:28:16,345 - DEBUG - 0 contig(s) binned in the iteration
2022-02-10 22:28:16,345 - DEBUG - Iteration 31: 4 contig(s) with seed marker genes
2022-02-10 22:28:16,345 - DEBUG - 4 contig(s) to bin in the iteration
2022-02-10 22:28:16,346 - DEBUG - 0 contig(s) binned in the iteration
2022-02-10 22:28:16,346 - DEBUG - Iteration 32: 4 contig(s) with seed marker genes
2022-02-10 22:28:16,346 - DEBUG - 4 contig(s) to bin in the iteration
2022-02-10 22:28:16,347 - DEBUG - 0 contig(s) binned in the iteration
2022-02-10 22:28:16,347 - DEBUG - Iteration 33: 4 contig(s) with seed marker genes
2022-02-10 22:28:16,347 - DEBUG - 3 contig(s) to bin in the iteration
2022-02-10 22:28:16,348 - DEBUG - 0 contig(s) binned in the iteration
2022-02-10 22:28:16,348 - DEBUG - Iteration 34: 4 contig(s) with seed marker genes
2022-02-10 22:28:16,348 - DEBUG - 4 contig(s) to bin in the iteration
2022-02-10 22:28:16,349 - DEBUG - 1 contig(s) binned in the iteration
2022-02-10 22:28:16,349 - DEBUG - Iteration 35: 4 contig(s) with seed marker genes
2022-02-10 22:28:16,349 - DEBUG - 3 contig(s) to bin in the iteration
2022-02-10 22:28:16,350 - DEBUG - 0 contig(s) binned in the iteration
2022-02-10 22:28:16,350 - DEBUG - Iteration 36: 4 contig(s) with seed marker genes
2022-02-10 22:28:16,350 - DEBUG - 3 contig(s) to bin in the iteration
2022-02-10 22:28:16,350 - DEBUG - 2 contig(s) binned in the iteration
2022-02-10 22:28:16,350 - DEBUG - Iteration 37: 4 contig(s) with seed marker genes
2022-02-10 22:28:16,350 - DEBUG - 4 contig(s) to bin in the iteration
2022-02-10 22:28:16,351 - DEBUG - 1 contig(s) binned in the iteration
2022-02-10 22:28:16,351 - DEBUG - Iteration 38: 4 contig(s) with seed marker genes
2022-02-10 22:28:16,351 - DEBUG - 3 contig(s) to bin in the iteration
2022-02-10 22:28:16,352 - DEBUG - 0 contig(s) binned in the iteration
2022-02-10 22:28:16,352 - DEBUG - Iteration 39: 4 contig(s) with seed marker genes
2022-02-10 22:28:16,352 - DEBUG - 2 contig(s) to bin in the iteration
2022-02-10 22:28:16,353 - DEBUG - 1 contig(s) binned in the iteration
2022-02-10 22:28:16,353 - DEBUG - Iteration 40: 4 contig(s) with seed marker genes
2022-02-10 22:28:16,353 - DEBUG - 3 contig(s) to bin in the iteration
2022-02-10 22:28:16,354 - DEBUG - 1 contig(s) binned in the iteration
2022-02-10 22:28:16,354 - DEBUG - Iteration 41: 4 contig(s) with seed marker genes
2022-02-10 22:28:16,354 - DEBUG - 2 contig(s) to bin in the iteration
2022-02-10 22:28:16,355 - DEBUG - 0 contig(s) binned in the iteration
2022-02-10 22:28:16,355 - DEBUG - Iteration 42: 4 contig(s) with seed marker genes
2022-02-10 22:28:16,355 - DEBUG - 3 contig(s) to bin in the iteration
2022-02-10 22:28:16,356 - DEBUG - 1 contig(s) binned in the iteration
2022-02-10 22:28:16,356 - DEBUG - Iteration 43: 4 contig(s) with seed marker genes
2022-02-10 22:28:16,356 - DEBUG - 2 contig(s) to bin in the iteration
2022-02-10 22:28:16,357 - DEBUG - 0 contig(s) binned in the iteration
2022-02-10 22:28:16,357 - DEBUG - Iteration 44: 4 contig(s) with seed marker genes
2022-02-10 22:28:16,357 - DEBUG - 2 contig(s) to bin in the iteration
2022-02-10 22:28:16,357 - DEBUG - 0 contig(s) binned in the iteration
2022-02-10 22:28:16,357 - DEBUG - Iteration 45: 4 contig(s) with seed marker genes
2022-02-10 22:28:16,357 - DEBUG - 3 contig(s) to bin in the iteration
2022-02-10 22:28:16,358 - DEBUG - 1 contig(s) binned in the iteration
2022-02-10 22:28:16,358 - DEBUG - Iteration 46: 4 contig(s) with seed marker genes
2022-02-10 22:28:16,358 - DEBUG - 2 contig(s) to bin in the iteration
2022-02-10 22:28:16,359 - DEBUG - 0 contig(s) binned in the iteration
2022-02-10 22:28:16,359 - DEBUG - Iteration 47: 4 contig(s) with seed marker genes
2022-02-10 22:28:16,359 - DEBUG - 2 contig(s) to bin in the iteration
2022-02-10 22:28:16,360 - DEBUG - 0 contig(s) binned in the iteration
2022-02-10 22:28:16,360 - DEBUG - Iteration 48: 4 contig(s) with seed marker genes
2022-02-10 22:28:16,360 - DEBUG - 3 contig(s) to bin in the iteration
2022-02-10 22:28:16,361 - DEBUG - 1 contig(s) binned in the iteration
2022-02-10 22:28:16,361 - DEBUG - Iteration 49: 4 contig(s) with seed marker genes
2022-02-10 22:28:16,361 - DEBUG - 2 contig(s) to bin in the iteration
2022-02-10 22:28:16,362 - DEBUG - 0 contig(s) binned in the iteration
2022-02-10 22:28:16,362 - DEBUG - Iteration 50: 4 contig(s) with seed marker genes
2022-02-10 22:28:16,362 - DEBUG - 3 contig(s) to bin in the iteration
2022-02-10 22:28:16,363 - DEBUG - 1 contig(s) binned in the iteration
2022-02-10 22:28:16,363 - DEBUG - Iteration 51: 4 contig(s) with seed marker genes
2022-02-10 22:28:16,364 - DEBUG - 2 contig(s) to bin in the iteration
2022-02-10 22:28:16,364 - DEBUG - 0 contig(s) binned in the iteration
2022-02-10 22:28:16,364 - DEBUG - Iteration 52: 4 contig(s) with seed marker genes
2022-02-10 22:28:16,364 - DEBUG - 1 contig(s) to bin in the iteration
2022-02-10 22:28:16,365 - DEBUG - 0 contig(s) binned in the iteration
2022-02-10 22:28:16,365 - DEBUG - Iteration 53: 4 contig(s) with seed marker genes
2022-02-10 22:28:16,365 - DEBUG - 2 contig(s) to bin in the iteration
2022-02-10 22:28:16,366 - DEBUG - 0 contig(s) binned in the iteration
2022-02-10 22:28:16,366 - DEBUG - Iteration 54: 4 contig(s) with seed marker genes
2022-02-10 22:28:16,366 - DEBUG - 2 contig(s) to bin in the iteration
2022-02-10 22:28:16,367 - DEBUG - 0 contig(s) binned in the iteration
2022-02-10 22:28:16,367 - DEBUG - Iteration 55: 4 contig(s) with seed marker genes
2022-02-10 22:28:16,367 - DEBUG - 3 contig(s) to bin in the iteration
2022-02-10 22:28:16,368 - DEBUG - 0 contig(s) binned in the iteration
2022-02-10 22:28:16,368 - DEBUG - Iteration 56: 4 contig(s) with seed marker genes
2022-02-10 22:28:16,368 - DEBUG - 3 contig(s) to bin in the iteration
2022-02-10 22:28:16,370 - DEBUG - 1 contig(s) binned in the iteration
2022-02-10 22:28:16,370 - DEBUG - Iteration 57: 4 contig(s) with seed marker genes
2022-02-10 22:28:16,370 - DEBUG - 2 contig(s) to bin in the iteration
2022-02-10 22:28:16,372 - DEBUG - 0 contig(s) binned in the iteration
2022-02-10 22:28:16,372 - DEBUG - Iteration 58: 4 contig(s) with seed marker genes
2022-02-10 22:28:16,372 - DEBUG - 3 contig(s) to bin in the iteration
2022-02-10 22:28:16,374 - DEBUG - 1 contig(s) binned in the iteration
2022-02-10 22:28:16,374 - DEBUG - Iteration 59: 4 contig(s) with seed marker genes
2022-02-10 22:28:16,374 - DEBUG - 2 contig(s) to bin in the iteration
2022-02-10 22:28:16,375 - DEBUG - 0 contig(s) binned in the iteration
2022-02-10 22:28:16,375 - DEBUG - Iteration 60: 4 contig(s) with seed marker genes
2022-02-10 22:28:16,375 - DEBUG - 2 contig(s) to bin in the iteration
2022-02-10 22:28:16,375 - DEBUG - 1 contig(s) binned in the iteration
2022-02-10 22:28:16,376 - DEBUG - Iteration 61: 4 contig(s) with seed marker genes
2022-02-10 22:28:16,376 - DEBUG - 2 contig(s) to bin in the iteration
2022-02-10 22:28:16,377 - DEBUG - 0 contig(s) binned in the iteration
2022-02-10 22:28:16,377 - DEBUG - Iteration 62: 4 contig(s) with seed marker genes
2022-02-10 22:28:16,377 - DEBUG - 2 contig(s) to bin in the iteration
2022-02-10 22:28:16,378 - DEBUG - 0 contig(s) binned in the iteration
2022-02-10 22:28:16,378 - DEBUG - Iteration 63: 4 contig(s) with seed marker genes
2022-02-10 22:28:16,378 - DEBUG - 2 contig(s) to bin in the iteration
2022-02-10 22:28:16,379 - DEBUG - 0 contig(s) binned in the iteration
2022-02-10 22:28:16,379 - DEBUG - Iteration 64: 4 contig(s) with seed marker genes
2022-02-10 22:28:16,379 - DEBUG - 2 contig(s) to bin in the iteration
2022-02-10 22:28:16,380 - DEBUG - 1 contig(s) binned in the iteration
2022-02-10 22:28:16,380 - DEBUG - Iteration 65: 4 contig(s) with seed marker genes
2022-02-10 22:28:16,380 - DEBUG - 3 contig(s) to bin in the iteration
2022-02-10 22:28:16,381 - DEBUG - 1 contig(s) binned in the iteration
2022-02-10 22:28:16,381 - DEBUG - Iteration 66: 4 contig(s) with seed marker genes
2022-02-10 22:28:16,381 - DEBUG - 1 contig(s) to bin in the iteration
2022-02-10 22:28:16,382 - DEBUG - 0 contig(s) binned in the iteration
2022-02-10 22:28:16,382 - DEBUG - Iteration 67: 4 contig(s) with seed marker genes
2022-02-10 22:28:16,382 - DEBUG - 3 contig(s) to bin in the iteration
2022-02-10 22:28:16,383 - DEBUG - 0 contig(s) binned in the iteration
2022-02-10 22:28:16,383 - DEBUG - Iteration 68: 4 contig(s) with seed marker genes
2022-02-10 22:28:16,383 - DEBUG - 1 contig(s) to bin in the iteration
2022-02-10 22:28:16,384 - DEBUG - 0 contig(s) binned in the iteration
2022-02-10 22:28:16,384 - DEBUG - Iteration 69: 4 contig(s) with seed marker genes
2022-02-10 22:28:16,384 - DEBUG - 1 contig(s) to bin in the iteration
2022-02-10 22:28:16,385 - DEBUG - 0 contig(s) binned in the iteration
2022-02-10 22:28:16,385 - DEBUG - Iteration 70: 4 contig(s) with seed marker genes
2022-02-10 22:28:16,385 - DEBUG - 1 contig(s) to bin in the iteration
2022-02-10 22:28:16,385 - DEBUG - 0 contig(s) binned in the iteration
2022-02-10 22:28:16,385 - DEBUG - Iteration 71: 4 contig(s) with seed marker genes
2022-02-10 22:28:16,385 - DEBUG - 1 contig(s) to bin in the iteration
2022-02-10 22:28:16,386 - DEBUG - 0 contig(s) binned in the iteration
2022-02-10 22:28:16,386 - DEBUG - Iteration 72: 4 contig(s) with seed marker genes
2022-02-10 22:28:16,386 - DEBUG - 1 contig(s) to bin in the iteration
2022-02-10 22:28:16,387 - DEBUG - 0 contig(s) binned in the iteration
2022-02-10 22:28:16,387 - DEBUG - Iteration 73: 4 contig(s) with seed marker genes
2022-02-10 22:28:16,387 - DEBUG - 2 contig(s) to bin in the iteration
2022-02-10 22:28:16,388 - DEBUG - 1 contig(s) binned in the iteration
2022-02-10 22:28:16,388 - DEBUG - Iteration 74: 4 contig(s) with seed marker genes
2022-02-10 22:28:16,388 - DEBUG - 0 contig(s) to bin in the iteration
2022-02-10 22:28:16,388 - DEBUG - 0 contig(s) binned in the iteration
2022-02-10 22:28:16,388 - DEBUG - Iteration 75: 4 contig(s) with seed marker genes
2022-02-10 22:28:16,388 - DEBUG - 3 contig(s) to bin in the iteration
2022-02-10 22:28:16,390 - DEBUG - 1 contig(s) binned in the iteration
2022-02-10 22:28:16,390 - DEBUG - Iteration 76: 4 contig(s) with seed marker genes
2022-02-10 22:28:16,390 - DEBUG - 1 contig(s) to bin in the iteration
2022-02-10 22:28:16,390 - DEBUG - 0 contig(s) binned in the iteration
2022-02-10 22:28:16,390 - DEBUG - Iteration 77: 4 contig(s) with seed marker genes
2022-02-10 22:28:16,390 - DEBUG - 2 contig(s) to bin in the iteration
2022-02-10 22:28:16,391 - DEBUG - 0 contig(s) binned in the iteration
2022-02-10 22:28:16,391 - DEBUG - Iteration 78: 4 contig(s) with seed marker genes
2022-02-10 22:28:16,391 - DEBUG - 0 contig(s) to bin in the iteration
2022-02-10 22:28:16,391 - DEBUG - 0 contig(s) binned in the iteration
2022-02-10 22:28:16,391 - DEBUG - Iteration 79: 4 contig(s) with seed marker genes
2022-02-10 22:28:16,392 - DEBUG - 2 contig(s) to bin in the iteration
2022-02-10 22:28:16,393 - DEBUG - 0 contig(s) binned in the iteration
2022-02-10 22:28:16,393 - DEBUG - Iteration 80: 4 contig(s) with seed marker genes
2022-02-10 22:28:16,393 - DEBUG - 1 contig(s) to bin in the iteration
2022-02-10 22:28:16,393 - DEBUG - 0 contig(s) binned in the iteration
2022-02-10 22:28:16,393 - DEBUG - Iteration 81: 4 contig(s) with seed marker genes
2022-02-10 22:28:16,393 - DEBUG - 3 contig(s) to bin in the iteration
2022-02-10 22:28:16,395 - DEBUG - 0 contig(s) binned in the iteration
2022-02-10 22:28:16,395 - DEBUG - Iteration 82: 4 contig(s) with seed marker genes
2022-02-10 22:28:16,395 - DEBUG - 1 contig(s) to bin in the iteration
2022-02-10 22:28:16,396 - DEBUG - 0 contig(s) binned in the iteration
2022-02-10 22:28:16,396 - DEBUG - Iteration 83: 4 contig(s) with seed marker genes
2022-02-10 22:28:16,396 - DEBUG - 2 contig(s) to bin in the iteration
2022-02-10 22:28:16,397 - DEBUG - 1 contig(s) binned in the iteration
2022-02-10 22:28:16,397 - DEBUG - Iteration 84: 4 contig(s) with seed marker genes
2022-02-10 22:28:16,397 - DEBUG - 4 contig(s) to bin in the iteration
2022-02-10 22:28:16,399 - DEBUG - 1 contig(s) binned in the iteration
2022-02-10 22:28:16,399 - DEBUG - Iteration 85: 4 contig(s) with seed marker genes
2022-02-10 22:28:16,399 - DEBUG - 2 contig(s) to bin in the iteration
2022-02-10 22:28:16,400 - DEBUG - 1 contig(s) binned in the iteration
2022-02-10 22:28:16,400 - DEBUG - Iteration 86: 4 contig(s) with seed marker genes
2022-02-10 22:28:16,400 - DEBUG - 1 contig(s) to bin in the iteration
2022-02-10 22:28:16,401 - DEBUG - 0 contig(s) binned in the iteration
2022-02-10 22:28:16,401 - DEBUG - Iteration 87: 4 contig(s) with seed marker genes
2022-02-10 22:28:16,401 - DEBUG - 1 contig(s) to bin in the iteration
2022-02-10 22:28:16,402 - DEBUG - 0 contig(s) binned in the iteration
2022-02-10 22:28:16,402 - DEBUG - Iteration 88: 4 contig(s) with seed marker genes
2022-02-10 22:28:16,402 - DEBUG - 2 contig(s) to bin in the iteration
2022-02-10 22:28:16,403 - DEBUG - 0 contig(s) binned in the iteration
2022-02-10 22:28:16,403 - DEBUG - Iteration 89: 4 contig(s) with seed marker genes
2022-02-10 22:28:16,403 - DEBUG - 2 contig(s) to bin in the iteration
2022-02-10 22:28:16,404 - DEBUG - 0 contig(s) binned in the iteration
2022-02-10 22:28:16,404 - DEBUG - Iteration 90: 4 contig(s) with seed marker genes
2022-02-10 22:28:16,404 - DEBUG - 2 contig(s) to bin in the iteration
2022-02-10 22:28:16,405 - DEBUG - 0 contig(s) binned in the iteration
2022-02-10 22:28:16,405 - DEBUG - Iteration 91: 4 contig(s) with seed marker genes
2022-02-10 22:28:16,405 - DEBUG - 2 contig(s) to bin in the iteration
2022-02-10 22:28:16,407 - DEBUG - 0 contig(s) binned in the iteration
2022-02-10 22:28:16,407 - DEBUG - Iteration 92: 4 contig(s) with seed marker genes
2022-02-10 22:28:16,407 - DEBUG - 1 contig(s) to bin in the iteration
2022-02-10 22:28:16,407 - DEBUG - 0 contig(s) binned in the iteration
2022-02-10 22:28:16,407 - DEBUG - Iteration 93: 4 contig(s) with seed marker genes
2022-02-10 22:28:16,407 - DEBUG - 3 contig(s) to bin in the iteration
2022-02-10 22:28:16,409 - DEBUG - 0 contig(s) binned in the iteration
2022-02-10 22:28:16,409 - DEBUG - Iteration 94: 4 contig(s) with seed marker genes
2022-02-10 22:28:16,409 - DEBUG - 2 contig(s) to bin in the iteration
2022-02-10 22:28:16,410 - DEBUG - 0 contig(s) binned in the iteration
2022-02-10 22:28:16,410 - DEBUG - Iteration 95: 4 contig(s) with seed marker genes
2022-02-10 22:28:16,410 - DEBUG - 3 contig(s) to bin in the iteration
2022-02-10 22:28:16,412 - DEBUG - 1 contig(s) binned in the iteration
2022-02-10 22:28:16,412 - DEBUG - Iteration 96: 4 contig(s) with seed marker genes
2022-02-10 22:28:16,412 - DEBUG - 3 contig(s) to bin in the iteration
2022-02-10 22:28:16,414 - DEBUG - 0 contig(s) binned in the iteration
2022-02-10 22:28:16,414 - DEBUG - Iteration 97: 3 contig(s) with seed marker genes
2022-02-10 22:28:16,414 - DEBUG - 2 contig(s) to bin in the iteration
2022-02-10 22:28:16,415 - DEBUG - 1 contig(s) binned in the iteration
2022-02-10 22:28:16,415 - DEBUG - Iteration 98: 3 contig(s) with seed marker genes
2022-02-10 22:28:16,415 - DEBUG - 1 contig(s) to bin in the iteration
2022-02-10 22:28:16,416 - DEBUG - 0 contig(s) binned in the iteration
2022-02-10 22:28:16,416 - DEBUG - Iteration 99: 3 contig(s) with seed marker genes
2022-02-10 22:28:16,416 - DEBUG - 2 contig(s) to bin in the iteration
2022-02-10 22:28:16,417 - DEBUG - 0 contig(s) binned in the iteration
2022-02-10 22:28:16,417 - DEBUG - Iteration 100: 3 contig(s) with seed marker genes
2022-02-10 22:28:16,417 - DEBUG - 1 contig(s) to bin in the iteration
2022-02-10 22:28:16,418 - DEBUG - 0 contig(s) binned in the iteration
2022-02-10 22:28:16,418 - DEBUG - Iteration 101: 3 contig(s) with seed marker genes
2022-02-10 22:28:16,418 - DEBUG - 1 contig(s) to bin in the iteration
2022-02-10 22:28:16,419 - DEBUG - 0 contig(s) binned in the iteration
2022-02-10 22:28:16,419 - DEBUG - Iteration 102: 3 contig(s) with seed marker genes
2022-02-10 22:28:16,419 - DEBUG - 2 contig(s) to bin in the iteration
2022-02-10 22:28:16,420 - DEBUG - 1 contig(s) binned in the iteration
2022-02-10 22:28:16,420 - DEBUG - Iteration 103: 3 contig(s) with seed marker genes
2022-02-10 22:28:16,420 - DEBUG - 1 contig(s) to bin in the iteration
2022-02-10 22:28:16,421 - DEBUG - 0 contig(s) binned in the iteration
2022-02-10 22:28:16,421 - DEBUG - Iteration 104: 3 contig(s) with seed marker genes
2022-02-10 22:28:16,421 - DEBUG - 1 contig(s) to bin in the iteration
2022-02-10 22:28:16,422 - DEBUG - 0 contig(s) binned in the iteration
2022-02-10 22:28:16,422 - DEBUG - Iteration 105: 2 contig(s) with seed marker genes
2022-02-10 22:28:16,422 - DEBUG - 2 contig(s) to bin in the iteration
2022-02-10 22:28:16,423 - DEBUG - 0 contig(s) binned in the iteration
2022-02-10 22:28:16,423 - DEBUG - Iteration 106: 1 contig(s) with seed marker genes
2022-02-10 22:28:16,423 - DEBUG - 1 contig(s) to bin in the iteration
2022-02-10 22:28:16,424 - DEBUG - 0 contig(s) binned in the iteration
2022-02-10 22:28:16,424 - DEBUG - Number of bins after matching: 6
2022-02-10 22:28:16,424 - DEBUG - Bins with contigs containing seed marker genes
2022-02-10 22:28:16,424 - DEBUG - 0: [1, 2]
2022-02-10 22:28:16,424 - DEBUG - 1: [19, 48, 42, 22, 66, 75, 27, 54, 49, 35, 34, 36, 47, 37, 21, 68, 55, 81, 44, 80, 57]
2022-02-10 22:28:16,424 - DEBUG - 2: [0, 16]
2022-02-10 22:28:16,424 - DEBUG - 3: [7, 14]
2022-02-10 22:28:16,424 - DEBUG - 4: [56, 39]
2022-02-10 22:28:16,424 - DEBUG - 5: [33, 12]
2022-02-10 22:28:16,424 - DEBUG - Number of binned contigs with single-copy marker genes: 31
2022-02-10 22:28:16,433 - DEBUG - Number of unbinned contigs with single-copy marker genes: 27
2022-02-10 22:28:16,433 - INFO - Further assigning contigs with single-copy marker genes
2022-02-10 22:28:16,437 - DEBUG - Remaining number of unbinned MG seed contigs: 27
2022-02-10 22:28:16,438 - DEBUG - Number of binned contigs with single-copy marker genes: 31
2022-02-10 22:28:16,444 - DEBUG - Number of binned contigs: 31
2022-02-10 22:28:16,445 - DEBUG - Number of unbinned contigs: 294
2022-02-10 22:28:16,445 - DEBUG - Number of binned contigs with markers: 31
2022-02-10 22:28:16,448 - DEBUG - Number of non-isolated contigs: 309
2022-02-10 22:28:16,448 - INFO - Propagating labels to connected vertices of unlabelled long contigs
2022-02-10 22:28:16,460 - DEBUG - Total number of binned contigs: 36
2022-02-10 22:28:18,170 - DEBUG - Total number of binned contigs: 76
2022-02-10 22:28:18,170 - DEBUG - Number of binned contigs: 76
2022-02-10 22:28:18,171 - DEBUG - Number of unbinned contigs: 249
2022-02-10 22:28:18,171 - INFO - Further propagating labels to vertices of unlabelled long contigs
2022-02-10 22:28:18,191 - DEBUG - Total number of binned contigs: 148
2022-02-10 22:28:18,191 - INFO - Further propagating labels to connected vertices of unlabelled long contigs
2022-02-10 22:28:18,422 - DEBUG - Total number of binned contigs: 148
2022-02-10 22:28:18,422 - INFO - Elapsed time: 8.544941425323486 seconds
2022-02-10 22:28:18,422 - DEBUG - Bin 0: # contigs: 10, bin size: 2203331bp, # markers: 88
2022-02-10 22:28:18,422 - DEBUG - Bin 1: # contigs: 78, bin size: 4597970bp, # markers: 106
2022-02-10 22:28:18,422 - DEBUG - Bin 2: # contigs: 6, bin size: 1839248bp, # markers: 20
2022-02-10 22:28:18,422 - DEBUG - Bin 3: # contigs: 22, bin size: 1945448bp, # markers: 56
2022-02-10 22:28:18,422 - DEBUG - Bin 4: # contigs: 7, bin size: 2685901bp, # markers: 100
2022-02-10 22:28:18,422 - DEBUG - Bin 5: # contigs: 25, bin size: 4626679bp, # markers: 49
2022-02-10 22:28:18,432 - INFO - Writing the Final Binning result to file
2022-02-10 22:28:18,508 - INFO - Producing 5 bins...
2022-02-10 22:28:18,508 - INFO - Final binning results can be found in ../binning/Ctrl2b/bins/
2022-02-10 22:28:18,508 - INFO - Thank you for using MetaCoAG!
2022-02-10 23:09:58,621 - INFO - Welcome to MetaCoAG: Binning Metagenomic Contigs via Composition, Coverage and Assembly Graphs.
2022-02-10 23:09:58,621 - INFO - This version of MetaCoAG makes use of the assembly graph produced by SPAdes which is based on the de Bruijn graph approach.
2022-02-10 23:09:58,621 - INFO - Input arguments: 
2022-02-10 23:09:58,621 - INFO - Assembler used: spades
2022-02-10 23:09:58,621 - INFO - Contigs file: ../spades_results/Ctrl2/contigs.fasta
2022-02-10 23:09:58,621 - INFO - Assembly graph file: ../spades_results/Ctrl2/assembly_graph_with_scaffolds.gfa
2022-02-10 23:09:58,621 - INFO - Contig paths file: ../spades_results/Ctrl2/contigs.paths
2022-02-10 23:09:58,621 - INFO - Abundance file: ../binning/abundance_Ctrl2.tsv
2022-02-10 23:09:58,621 - INFO - Final binning output file: ../binning/Ctrl2b/
2022-02-10 23:09:58,621 - INFO - Marker file: /home/modesto/data/freeDNA/MetaCoAG/auxiliary/marker.hmm
2022-02-10 23:09:58,621 - INFO - Minimum length of contigs to consider: 1000
2022-02-10 23:09:58,621 - INFO - Depth to consider for label propagation: 10
2022-02-10 23:09:58,621 - INFO - p_intra: 0.1
2022-02-10 23:09:58,621 - INFO - p_inter: 0.01
2022-02-10 23:09:58,621 - DEBUG - bin_threshold: 0.9999999999999998
2022-02-10 23:09:58,621 - DEBUG - break_threshold: 1.9999999999999996
2022-02-10 23:09:58,621 - INFO - mg_threshold: 0.2
2022-02-10 23:09:58,621 - INFO - bin_mg_threshold: 0.2
2022-02-10 23:09:58,621 - INFO - min_bin_size: 200000 base pairs
2022-02-10 23:09:58,621 - INFO - d_limit: 20
2022-02-10 23:09:58,621 - INFO - Number of threads: 12
2022-02-10 23:09:58,621 - INFO - MetaCoAG started
2022-02-10 23:09:58,625 - INFO - Total number of contigs available: 325
2022-02-10 23:09:58,638 - INFO - Total number of edges in the assembly graph: 532
2022-02-10 23:09:58,638 - INFO - Obtaining lengths and coverage values of contigs
2022-02-10 23:09:58,711 - DEBUG - w_intra: 1.9999999999999996
2022-02-10 23:09:58,711 - DEBUG - w_inter: 3.999999999999999
2022-02-10 23:09:58,711 - INFO - Obtaining tetranucleotide frequencies of contigs
2022-02-10 23:09:58,720 - INFO - Scanning for single-copy marker genes
2022-02-10 23:09:58,720 - INFO - .hmmout file already exists
2022-02-10 23:09:58,720 - INFO - Obtaining contigs with single-copy marker genes
2022-02-10 23:09:58,722 - INFO - Number of contigs containing single-copy marker genes: 58
2022-02-10 23:09:58,722 - INFO - Determining contig counts for each single-copy marker gene
2022-02-10 23:09:58,722 - DEBUG - Contig counts of single-copy marker genes: 
2022-02-10 23:09:58,722 - DEBUG - [6, 5, 5, 5, 4, 4, 4, 4, 4, 4, 4, 4, 4, 4, 4, 4, 4, 4, 4, 4, 4, 4, 4, 4, 4, 4, 4, 4, 4, 4, 4, 4, 4, 4, 4, 4, 4, 4, 4, 4, 4, 4, 4, 4, 4, 4, 4, 4, 4, 4, 4, 4, 4, 4, 4, 4, 4, 4, 4, 4, 4, 4, 4, 4, 4, 4, 4, 4, 4, 4, 4, 4, 4, 4, 4, 4, 4, 4, 4, 4, 4, 4, 4, 4, 4, 4, 4, 4, 4, 4, 4, 4, 4, 4, 4, 4, 4, 4, 3, 3, 3, 3, 3, 3, 3, 3, 1, 1]
2022-02-10 23:09:58,722 - INFO - Initialising bins
2022-02-10 23:09:58,722 - DEBUG - Number of initial bins detected: 6
2022-02-10 23:09:58,722 - DEBUG - Initialised bins: 
2022-02-10 23:09:58,722 - DEBUG - {0: [1], 1: [19], 2: [0], 3: [7], 4: [56], 5: [33]}
2022-02-10 23:09:58,722 - INFO - Matching and assigning contigs with single-copy marker genes to bins
2022-02-10 23:09:58,722 - DEBUG - Iteration 0: 6 contig(s) with seed marker genes
2022-02-10 23:09:58,722 - DEBUG - Iteration 1: 5 contig(s) with seed marker genes
2022-02-10 23:09:58,722 - DEBUG - 2 contig(s) to bin in the iteration
2022-02-10 23:09:58,733 - DEBUG - 0 contig(s) binned in the iteration
2022-02-10 23:09:58,733 - DEBUG - Iteration 2: 5 contig(s) with seed marker genes
2022-02-10 23:09:58,733 - DEBUG - 4 contig(s) to bin in the iteration
2022-02-10 23:09:58,734 - DEBUG - 2 contig(s) binned in the iteration
2022-02-10 23:09:58,734 - DEBUG - Iteration 3: 5 contig(s) with seed marker genes
2022-02-10 23:09:58,734 - DEBUG - 4 contig(s) to bin in the iteration
2022-02-10 23:09:58,734 - DEBUG - 1 contig(s) binned in the iteration
2022-02-10 23:09:58,734 - DEBUG - Iteration 4: 4 contig(s) with seed marker genes
2022-02-10 23:09:58,735 - DEBUG - 4 contig(s) to bin in the iteration
2022-02-10 23:09:58,735 - DEBUG - 0 contig(s) binned in the iteration
2022-02-10 23:09:58,735 - DEBUG - Iteration 5: 4 contig(s) with seed marker genes
2022-02-10 23:09:58,735 - DEBUG - 4 contig(s) to bin in the iteration
2022-02-10 23:09:58,736 - DEBUG - 0 contig(s) binned in the iteration
2022-02-10 23:09:58,736 - DEBUG - Iteration 6: 4 contig(s) with seed marker genes
2022-02-10 23:09:58,736 - DEBUG - 4 contig(s) to bin in the iteration
2022-02-10 23:09:58,737 - DEBUG - 0 contig(s) binned in the iteration
2022-02-10 23:09:58,737 - DEBUG - Iteration 7: 4 contig(s) with seed marker genes
2022-02-10 23:09:58,737 - DEBUG - 4 contig(s) to bin in the iteration
2022-02-10 23:09:58,738 - DEBUG - 0 contig(s) binned in the iteration
2022-02-10 23:09:58,738 - DEBUG - Iteration 8: 4 contig(s) with seed marker genes
2022-02-10 23:09:58,738 - DEBUG - 4 contig(s) to bin in the iteration
2022-02-10 23:09:58,739 - DEBUG - 0 contig(s) binned in the iteration
2022-02-10 23:09:58,739 - DEBUG - Iteration 9: 4 contig(s) with seed marker genes
2022-02-10 23:09:58,739 - DEBUG - 4 contig(s) to bin in the iteration
2022-02-10 23:09:58,740 - DEBUG - 0 contig(s) binned in the iteration
2022-02-10 23:09:58,740 - DEBUG - Iteration 10: 4 contig(s) with seed marker genes
2022-02-10 23:09:58,740 - DEBUG - 4 contig(s) to bin in the iteration
2022-02-10 23:09:58,741 - DEBUG - 0 contig(s) binned in the iteration
2022-02-10 23:09:58,741 - DEBUG - Iteration 11: 4 contig(s) with seed marker genes
2022-02-10 23:09:58,741 - DEBUG - 4 contig(s) to bin in the iteration
2022-02-10 23:09:58,742 - DEBUG - 0 contig(s) binned in the iteration
2022-02-10 23:09:58,742 - DEBUG - Iteration 12: 4 contig(s) with seed marker genes
2022-02-10 23:09:58,742 - DEBUG - 4 contig(s) to bin in the iteration
2022-02-10 23:09:58,743 - DEBUG - 0 contig(s) binned in the iteration
2022-02-10 23:09:58,743 - DEBUG - Iteration 13: 4 contig(s) with seed marker genes
2022-02-10 23:09:58,743 - DEBUG - 4 contig(s) to bin in the iteration
2022-02-10 23:09:58,744 - DEBUG - 0 contig(s) binned in the iteration
2022-02-10 23:09:58,744 - DEBUG - Iteration 14: 4 contig(s) with seed marker genes
2022-02-10 23:09:58,744 - DEBUG - 4 contig(s) to bin in the iteration
2022-02-10 23:09:58,745 - DEBUG - 0 contig(s) binned in the iteration
2022-02-10 23:09:58,745 - DEBUG - Iteration 15: 4 contig(s) with seed marker genes
2022-02-10 23:09:58,745 - DEBUG - 4 contig(s) to bin in the iteration
2022-02-10 23:09:58,746 - DEBUG - 0 contig(s) binned in the iteration
2022-02-10 23:09:58,746 - DEBUG - Iteration 16: 4 contig(s) with seed marker genes
2022-02-10 23:09:58,746 - DEBUG - 4 contig(s) to bin in the iteration
2022-02-10 23:09:58,747 - DEBUG - 0 contig(s) binned in the iteration
2022-02-10 23:09:58,747 - DEBUG - Iteration 17: 4 contig(s) with seed marker genes
2022-02-10 23:09:58,747 - DEBUG - 4 contig(s) to bin in the iteration
2022-02-10 23:09:58,748 - DEBUG - 0 contig(s) binned in the iteration
2022-02-10 23:09:58,748 - DEBUG - Iteration 18: 4 contig(s) with seed marker genes
2022-02-10 23:09:58,748 - DEBUG - 4 contig(s) to bin in the iteration
2022-02-10 23:09:58,749 - DEBUG - 0 contig(s) binned in the iteration
2022-02-10 23:09:58,749 - DEBUG - Iteration 19: 4 contig(s) with seed marker genes
2022-02-10 23:09:58,749 - DEBUG - 4 contig(s) to bin in the iteration
2022-02-10 23:09:58,750 - DEBUG - 0 contig(s) binned in the iteration
2022-02-10 23:09:58,750 - DEBUG - Iteration 20: 4 contig(s) with seed marker genes
2022-02-10 23:09:58,750 - DEBUG - 4 contig(s) to bin in the iteration
2022-02-10 23:09:58,751 - DEBUG - 0 contig(s) binned in the iteration
2022-02-10 23:09:58,751 - DEBUG - Iteration 21: 4 contig(s) with seed marker genes
2022-02-10 23:09:58,751 - DEBUG - 4 contig(s) to bin in the iteration
2022-02-10 23:09:58,752 - DEBUG - 0 contig(s) binned in the iteration
2022-02-10 23:09:58,752 - DEBUG - Iteration 22: 4 contig(s) with seed marker genes
2022-02-10 23:09:58,752 - DEBUG - 4 contig(s) to bin in the iteration
2022-02-10 23:09:58,753 - DEBUG - 0 contig(s) binned in the iteration
2022-02-10 23:09:58,753 - DEBUG - Iteration 23: 4 contig(s) with seed marker genes
2022-02-10 23:09:58,753 - DEBUG - 4 contig(s) to bin in the iteration
2022-02-10 23:09:58,754 - DEBUG - 0 contig(s) binned in the iteration
2022-02-10 23:09:58,754 - DEBUG - Iteration 24: 4 contig(s) with seed marker genes
2022-02-10 23:09:58,754 - DEBUG - 4 contig(s) to bin in the iteration
2022-02-10 23:09:58,755 - DEBUG - 0 contig(s) binned in the iteration
2022-02-10 23:09:58,755 - DEBUG - Iteration 25: 4 contig(s) with seed marker genes
2022-02-10 23:09:58,755 - DEBUG - 4 contig(s) to bin in the iteration
2022-02-10 23:09:58,756 - DEBUG - 0 contig(s) binned in the iteration
2022-02-10 23:09:58,756 - DEBUG - Iteration 26: 4 contig(s) with seed marker genes
2022-02-10 23:09:58,756 - DEBUG - 4 contig(s) to bin in the iteration
2022-02-10 23:09:58,757 - DEBUG - 0 contig(s) binned in the iteration
2022-02-10 23:09:58,757 - DEBUG - Iteration 27: 4 contig(s) with seed marker genes
2022-02-10 23:09:58,757 - DEBUG - 4 contig(s) to bin in the iteration
2022-02-10 23:09:58,758 - DEBUG - 0 contig(s) binned in the iteration
2022-02-10 23:09:58,758 - DEBUG - Iteration 28: 4 contig(s) with seed marker genes
2022-02-10 23:09:58,758 - DEBUG - 4 contig(s) to bin in the iteration
2022-02-10 23:09:58,759 - DEBUG - 0 contig(s) binned in the iteration
2022-02-10 23:09:58,759 - DEBUG - Iteration 29: 4 contig(s) with seed marker genes
2022-02-10 23:09:58,759 - DEBUG - 4 contig(s) to bin in the iteration
2022-02-10 23:09:58,760 - DEBUG - 0 contig(s) binned in the iteration
2022-02-10 23:09:58,760 - DEBUG - Iteration 30: 4 contig(s) with seed marker genes
2022-02-10 23:09:58,760 - DEBUG - 4 contig(s) to bin in the iteration
2022-02-10 23:09:58,760 - DEBUG - 0 contig(s) binned in the iteration
2022-02-10 23:09:58,761 - DEBUG - Iteration 31: 4 contig(s) with seed marker genes
2022-02-10 23:09:58,761 - DEBUG - 4 contig(s) to bin in the iteration
2022-02-10 23:09:58,761 - DEBUG - 0 contig(s) binned in the iteration
2022-02-10 23:09:58,761 - DEBUG - Iteration 32: 4 contig(s) with seed marker genes
2022-02-10 23:09:58,762 - DEBUG - 4 contig(s) to bin in the iteration
2022-02-10 23:09:58,762 - DEBUG - 0 contig(s) binned in the iteration
2022-02-10 23:09:58,762 - DEBUG - Iteration 33: 4 contig(s) with seed marker genes
2022-02-10 23:09:58,762 - DEBUG - 4 contig(s) to bin in the iteration
2022-02-10 23:09:58,763 - DEBUG - 0 contig(s) binned in the iteration
2022-02-10 23:09:58,763 - DEBUG - Iteration 34: 4 contig(s) with seed marker genes
2022-02-10 23:09:58,763 - DEBUG - 4 contig(s) to bin in the iteration
2022-02-10 23:09:58,764 - DEBUG - 0 contig(s) binned in the iteration
2022-02-10 23:09:58,764 - DEBUG - Iteration 35: 4 contig(s) with seed marker genes
2022-02-10 23:09:58,764 - DEBUG - 3 contig(s) to bin in the iteration
2022-02-10 23:09:58,765 - DEBUG - 0 contig(s) binned in the iteration
2022-02-10 23:09:58,765 - DEBUG - Iteration 36: 4 contig(s) with seed marker genes
2022-02-10 23:09:58,765 - DEBUG - 4 contig(s) to bin in the iteration
2022-02-10 23:09:58,766 - DEBUG - 1 contig(s) binned in the iteration
2022-02-10 23:09:58,766 - DEBUG - Iteration 37: 4 contig(s) with seed marker genes
2022-02-10 23:09:58,766 - DEBUG - 3 contig(s) to bin in the iteration
2022-02-10 23:09:58,767 - DEBUG - 0 contig(s) binned in the iteration
2022-02-10 23:09:58,767 - DEBUG - Iteration 38: 4 contig(s) with seed marker genes
2022-02-10 23:09:58,767 - DEBUG - 3 contig(s) to bin in the iteration
2022-02-10 23:09:58,768 - DEBUG - 2 contig(s) binned in the iteration
2022-02-10 23:09:58,768 - DEBUG - Iteration 39: 4 contig(s) with seed marker genes
2022-02-10 23:09:58,768 - DEBUG - 4 contig(s) to bin in the iteration
2022-02-10 23:09:58,769 - DEBUG - 1 contig(s) binned in the iteration
2022-02-10 23:09:58,769 - DEBUG - Iteration 40: 4 contig(s) with seed marker genes
2022-02-10 23:09:58,769 - DEBUG - 3 contig(s) to bin in the iteration
2022-02-10 23:09:58,770 - DEBUG - 0 contig(s) binned in the iteration
2022-02-10 23:09:58,770 - DEBUG - Iteration 41: 4 contig(s) with seed marker genes
2022-02-10 23:09:58,770 - DEBUG - 2 contig(s) to bin in the iteration
2022-02-10 23:09:58,771 - DEBUG - 1 contig(s) binned in the iteration
2022-02-10 23:09:58,771 - DEBUG - Iteration 42: 4 contig(s) with seed marker genes
2022-02-10 23:09:58,771 - DEBUG - 3 contig(s) to bin in the iteration
2022-02-10 23:09:58,772 - DEBUG - 1 contig(s) binned in the iteration
2022-02-10 23:09:58,772 - DEBUG - Iteration 43: 4 contig(s) with seed marker genes
2022-02-10 23:09:58,772 - DEBUG - 3 contig(s) to bin in the iteration
2022-02-10 23:09:58,773 - DEBUG - 1 contig(s) binned in the iteration
2022-02-10 23:09:58,773 - DEBUG - Iteration 44: 4 contig(s) with seed marker genes
2022-02-10 23:09:58,773 - DEBUG - 3 contig(s) to bin in the iteration
2022-02-10 23:09:58,774 - DEBUG - 0 contig(s) binned in the iteration
2022-02-10 23:09:58,774 - DEBUG - Iteration 45: 4 contig(s) with seed marker genes
2022-02-10 23:09:58,774 - DEBUG - 3 contig(s) to bin in the iteration
2022-02-10 23:09:58,775 - DEBUG - 1 contig(s) binned in the iteration
2022-02-10 23:09:58,775 - DEBUG - Iteration 46: 4 contig(s) with seed marker genes
2022-02-10 23:09:58,775 - DEBUG - 2 contig(s) to bin in the iteration
2022-02-10 23:09:58,776 - DEBUG - 0 contig(s) binned in the iteration
2022-02-10 23:09:58,776 - DEBUG - Iteration 47: 4 contig(s) with seed marker genes
2022-02-10 23:09:58,776 - DEBUG - 3 contig(s) to bin in the iteration
2022-02-10 23:09:58,777 - DEBUG - 0 contig(s) binned in the iteration
2022-02-10 23:09:58,777 - DEBUG - Iteration 48: 4 contig(s) with seed marker genes
2022-02-10 23:09:58,777 - DEBUG - 3 contig(s) to bin in the iteration
2022-02-10 23:09:58,778 - DEBUG - 0 contig(s) binned in the iteration
2022-02-10 23:09:58,778 - DEBUG - Iteration 49: 4 contig(s) with seed marker genes
2022-02-10 23:09:58,778 - DEBUG - 2 contig(s) to bin in the iteration
2022-02-10 23:09:58,779 - DEBUG - 0 contig(s) binned in the iteration
2022-02-10 23:09:58,779 - DEBUG - Iteration 50: 4 contig(s) with seed marker genes
2022-02-10 23:09:58,779 - DEBUG - 4 contig(s) to bin in the iteration
2022-02-10 23:09:58,780 - DEBUG - 1 contig(s) binned in the iteration
2022-02-10 23:09:58,780 - DEBUG - Iteration 51: 4 contig(s) with seed marker genes
2022-02-10 23:09:58,780 - DEBUG - 2 contig(s) to bin in the iteration
2022-02-10 23:09:58,781 - DEBUG - 0 contig(s) binned in the iteration
2022-02-10 23:09:58,781 - DEBUG - Iteration 52: 4 contig(s) with seed marker genes
2022-02-10 23:09:58,781 - DEBUG - 2 contig(s) to bin in the iteration
2022-02-10 23:09:58,782 - DEBUG - 0 contig(s) binned in the iteration
2022-02-10 23:09:58,782 - DEBUG - Iteration 53: 4 contig(s) with seed marker genes
2022-02-10 23:09:58,782 - DEBUG - 2 contig(s) to bin in the iteration
2022-02-10 23:09:58,783 - DEBUG - 0 contig(s) binned in the iteration
2022-02-10 23:09:58,783 - DEBUG - Iteration 54: 4 contig(s) with seed marker genes
2022-02-10 23:09:58,783 - DEBUG - 2 contig(s) to bin in the iteration
2022-02-10 23:09:58,784 - DEBUG - 0 contig(s) binned in the iteration
2022-02-10 23:09:58,784 - DEBUG - Iteration 55: 4 contig(s) with seed marker genes
2022-02-10 23:09:58,784 - DEBUG - 1 contig(s) to bin in the iteration
2022-02-10 23:09:58,784 - DEBUG - 0 contig(s) binned in the iteration
2022-02-10 23:09:58,784 - DEBUG - Iteration 56: 4 contig(s) with seed marker genes
2022-02-10 23:09:58,785 - DEBUG - 2 contig(s) to bin in the iteration
2022-02-10 23:09:58,785 - DEBUG - 0 contig(s) binned in the iteration
2022-02-10 23:09:58,785 - DEBUG - Iteration 57: 4 contig(s) with seed marker genes
2022-02-10 23:09:58,785 - DEBUG - 3 contig(s) to bin in the iteration
2022-02-10 23:09:58,787 - DEBUG - 0 contig(s) binned in the iteration
2022-02-10 23:09:58,787 - DEBUG - Iteration 58: 4 contig(s) with seed marker genes
2022-02-10 23:09:58,787 - DEBUG - 3 contig(s) to bin in the iteration
2022-02-10 23:09:58,788 - DEBUG - 1 contig(s) binned in the iteration
2022-02-10 23:09:58,788 - DEBUG - Iteration 59: 4 contig(s) with seed marker genes
2022-02-10 23:09:58,788 - DEBUG - 3 contig(s) to bin in the iteration
2022-02-10 23:09:58,789 - DEBUG - 1 contig(s) binned in the iteration
2022-02-10 23:09:58,789 - DEBUG - Iteration 60: 4 contig(s) with seed marker genes
2022-02-10 23:09:58,789 - DEBUG - 3 contig(s) to bin in the iteration
2022-02-10 23:09:58,790 - DEBUG - 0 contig(s) binned in the iteration
2022-02-10 23:09:58,790 - DEBUG - Iteration 61: 4 contig(s) with seed marker genes
2022-02-10 23:09:58,790 - DEBUG - 3 contig(s) to bin in the iteration
2022-02-10 23:09:58,792 - DEBUG - 0 contig(s) binned in the iteration
2022-02-10 23:09:58,792 - DEBUG - Iteration 62: 4 contig(s) with seed marker genes
2022-02-10 23:09:58,792 - DEBUG - 2 contig(s) to bin in the iteration
2022-02-10 23:09:58,792 - DEBUG - 1 contig(s) binned in the iteration
2022-02-10 23:09:58,792 - DEBUG - Iteration 63: 4 contig(s) with seed marker genes
2022-02-10 23:09:58,792 - DEBUG - 2 contig(s) to bin in the iteration
2022-02-10 23:09:58,793 - DEBUG - 0 contig(s) binned in the iteration
2022-02-10 23:09:58,793 - DEBUG - Iteration 64: 4 contig(s) with seed marker genes
2022-02-10 23:09:58,793 - DEBUG - 3 contig(s) to bin in the iteration
2022-02-10 23:09:58,795 - DEBUG - 0 contig(s) binned in the iteration
2022-02-10 23:09:58,795 - DEBUG - Iteration 65: 4 contig(s) with seed marker genes
2022-02-10 23:09:58,795 - DEBUG - 3 contig(s) to bin in the iteration
2022-02-10 23:09:58,796 - DEBUG - 0 contig(s) binned in the iteration
2022-02-10 23:09:58,796 - DEBUG - Iteration 66: 4 contig(s) with seed marker genes
2022-02-10 23:09:58,796 - DEBUG - 2 contig(s) to bin in the iteration
2022-02-10 23:09:58,797 - DEBUG - 1 contig(s) binned in the iteration
2022-02-10 23:09:58,797 - DEBUG - Iteration 67: 4 contig(s) with seed marker genes
2022-02-10 23:09:58,797 - DEBUG - 1 contig(s) to bin in the iteration
2022-02-10 23:09:58,798 - DEBUG - 0 contig(s) binned in the iteration
2022-02-10 23:09:58,798 - DEBUG - Iteration 68: 4 contig(s) with seed marker genes
2022-02-10 23:09:58,798 - DEBUG - 1 contig(s) to bin in the iteration
2022-02-10 23:09:58,798 - DEBUG - 0 contig(s) binned in the iteration
2022-02-10 23:09:58,798 - DEBUG - Iteration 69: 4 contig(s) with seed marker genes
2022-02-10 23:09:58,798 - DEBUG - 1 contig(s) to bin in the iteration
2022-02-10 23:09:58,799 - DEBUG - 0 contig(s) binned in the iteration
2022-02-10 23:09:58,799 - DEBUG - Iteration 70: 4 contig(s) with seed marker genes
2022-02-10 23:09:58,799 - DEBUG - 1 contig(s) to bin in the iteration
2022-02-10 23:09:58,800 - DEBUG - 0 contig(s) binned in the iteration
2022-02-10 23:09:58,800 - DEBUG - Iteration 71: 4 contig(s) with seed marker genes
2022-02-10 23:09:58,800 - DEBUG - 3 contig(s) to bin in the iteration
2022-02-10 23:09:58,801 - DEBUG - 1 contig(s) binned in the iteration
2022-02-10 23:09:58,801 - DEBUG - Iteration 72: 4 contig(s) with seed marker genes
2022-02-10 23:09:58,801 - DEBUG - 1 contig(s) to bin in the iteration
2022-02-10 23:09:58,802 - DEBUG - 0 contig(s) binned in the iteration
2022-02-10 23:09:58,802 - DEBUG - Iteration 73: 4 contig(s) with seed marker genes
2022-02-10 23:09:58,802 - DEBUG - 3 contig(s) to bin in the iteration
2022-02-10 23:09:58,803 - DEBUG - 0 contig(s) binned in the iteration
2022-02-10 23:09:58,803 - DEBUG - Iteration 74: 4 contig(s) with seed marker genes
2022-02-10 23:09:58,803 - DEBUG - 2 contig(s) to bin in the iteration
2022-02-10 23:09:58,804 - DEBUG - 0 contig(s) binned in the iteration
2022-02-10 23:09:58,804 - DEBUG - Iteration 75: 4 contig(s) with seed marker genes
2022-02-10 23:09:58,804 - DEBUG - 1 contig(s) to bin in the iteration
2022-02-10 23:09:58,805 - DEBUG - 0 contig(s) binned in the iteration
2022-02-10 23:09:58,805 - DEBUG - Iteration 76: 4 contig(s) with seed marker genes
2022-02-10 23:09:58,805 - DEBUG - 4 contig(s) to bin in the iteration
2022-02-10 23:09:58,807 - DEBUG - 1 contig(s) binned in the iteration
2022-02-10 23:09:58,807 - DEBUG - Iteration 77: 4 contig(s) with seed marker genes
2022-02-10 23:09:58,807 - DEBUG - 2 contig(s) to bin in the iteration
2022-02-10 23:09:58,808 - DEBUG - 0 contig(s) binned in the iteration
2022-02-10 23:09:58,808 - DEBUG - Iteration 78: 4 contig(s) with seed marker genes
2022-02-10 23:09:58,808 - DEBUG - 3 contig(s) to bin in the iteration
2022-02-10 23:09:58,809 - DEBUG - 0 contig(s) binned in the iteration
2022-02-10 23:09:58,809 - DEBUG - Iteration 79: 4 contig(s) with seed marker genes
2022-02-10 23:09:58,809 - DEBUG - 3 contig(s) to bin in the iteration
2022-02-10 23:09:58,810 - DEBUG - 0 contig(s) binned in the iteration
2022-02-10 23:09:58,810 - DEBUG - Iteration 80: 4 contig(s) with seed marker genes
2022-02-10 23:09:58,810 - DEBUG - 2 contig(s) to bin in the iteration
2022-02-10 23:09:58,811 - DEBUG - 0 contig(s) binned in the iteration
2022-02-10 23:09:58,812 - DEBUG - Iteration 81: 4 contig(s) with seed marker genes
2022-02-10 23:09:58,812 - DEBUG - 1 contig(s) to bin in the iteration
2022-02-10 23:09:58,812 - DEBUG - 0 contig(s) binned in the iteration
2022-02-10 23:09:58,812 - DEBUG - Iteration 82: 4 contig(s) with seed marker genes
2022-02-10 23:09:58,812 - DEBUG - 1 contig(s) to bin in the iteration
2022-02-10 23:09:58,813 - DEBUG - 0 contig(s) binned in the iteration
2022-02-10 23:09:58,813 - DEBUG - Iteration 83: 4 contig(s) with seed marker genes
2022-02-10 23:09:58,813 - DEBUG - 3 contig(s) to bin in the iteration
2022-02-10 23:09:58,814 - DEBUG - 0 contig(s) binned in the iteration
2022-02-10 23:09:58,814 - DEBUG - Iteration 84: 4 contig(s) with seed marker genes
2022-02-10 23:09:58,814 - DEBUG - 2 contig(s) to bin in the iteration
2022-02-10 23:09:58,815 - DEBUG - 1 contig(s) binned in the iteration
2022-02-10 23:09:58,815 - DEBUG - Iteration 85: 4 contig(s) with seed marker genes
2022-02-10 23:09:58,815 - DEBUG - 1 contig(s) to bin in the iteration
2022-02-10 23:09:58,816 - DEBUG - 0 contig(s) binned in the iteration
2022-02-10 23:09:58,816 - DEBUG - Iteration 86: 4 contig(s) with seed marker genes
2022-02-10 23:09:58,816 - DEBUG - 4 contig(s) to bin in the iteration
2022-02-10 23:09:58,818 - DEBUG - 1 contig(s) binned in the iteration
2022-02-10 23:09:58,818 - DEBUG - Iteration 87: 4 contig(s) with seed marker genes
2022-02-10 23:09:58,818 - DEBUG - 2 contig(s) to bin in the iteration
2022-02-10 23:09:58,819 - DEBUG - 1 contig(s) binned in the iteration
2022-02-10 23:09:58,819 - DEBUG - Iteration 88: 4 contig(s) with seed marker genes
2022-02-10 23:09:58,819 - DEBUG - 1 contig(s) to bin in the iteration
2022-02-10 23:09:58,820 - DEBUG - 0 contig(s) binned in the iteration
2022-02-10 23:09:58,820 - DEBUG - Iteration 89: 4 contig(s) with seed marker genes
2022-02-10 23:09:58,820 - DEBUG - 1 contig(s) to bin in the iteration
2022-02-10 23:09:58,821 - DEBUG - 0 contig(s) binned in the iteration
2022-02-10 23:09:58,821 - DEBUG - Iteration 90: 4 contig(s) with seed marker genes
2022-02-10 23:09:58,821 - DEBUG - 3 contig(s) to bin in the iteration
2022-02-10 23:09:58,822 - DEBUG - 0 contig(s) binned in the iteration
2022-02-10 23:09:58,822 - DEBUG - Iteration 91: 4 contig(s) with seed marker genes
2022-02-10 23:09:58,822 - DEBUG - 2 contig(s) to bin in the iteration
2022-02-10 23:09:58,823 - DEBUG - 0 contig(s) binned in the iteration
2022-02-10 23:09:58,823 - DEBUG - Iteration 92: 4 contig(s) with seed marker genes
2022-02-10 23:09:58,823 - DEBUG - 2 contig(s) to bin in the iteration
2022-02-10 23:09:58,824 - DEBUG - 0 contig(s) binned in the iteration
2022-02-10 23:09:58,824 - DEBUG - Iteration 93: 4 contig(s) with seed marker genes
2022-02-10 23:09:58,824 - DEBUG - 2 contig(s) to bin in the iteration
2022-02-10 23:09:58,825 - DEBUG - 0 contig(s) binned in the iteration
2022-02-10 23:09:58,826 - DEBUG - Iteration 94: 4 contig(s) with seed marker genes
2022-02-10 23:09:58,826 - DEBUG - 2 contig(s) to bin in the iteration
2022-02-10 23:09:58,827 - DEBUG - 0 contig(s) binned in the iteration
2022-02-10 23:09:58,827 - DEBUG - Iteration 95: 4 contig(s) with seed marker genes
2022-02-10 23:09:58,827 - DEBUG - 3 contig(s) to bin in the iteration
2022-02-10 23:09:58,828 - DEBUG - 0 contig(s) binned in the iteration
2022-02-10 23:09:58,828 - DEBUG - Iteration 96: 4 contig(s) with seed marker genes
2022-02-10 23:09:58,828 - DEBUG - 3 contig(s) to bin in the iteration
2022-02-10 23:09:58,830 - DEBUG - 1 contig(s) binned in the iteration
2022-02-10 23:09:58,830 - DEBUG - Iteration 97: 4 contig(s) with seed marker genes
2022-02-10 23:09:58,830 - DEBUG - 3 contig(s) to bin in the iteration
2022-02-10 23:09:58,831 - DEBUG - 0 contig(s) binned in the iteration
2022-02-10 23:09:58,831 - DEBUG - Iteration 98: 3 contig(s) with seed marker genes
2022-02-10 23:09:58,831 - DEBUG - 2 contig(s) to bin in the iteration
2022-02-10 23:09:58,832 - DEBUG - 1 contig(s) binned in the iteration
2022-02-10 23:09:58,833 - DEBUG - Iteration 99: 3 contig(s) with seed marker genes
2022-02-10 23:09:58,833 - DEBUG - 1 contig(s) to bin in the iteration
2022-02-10 23:09:58,833 - DEBUG - 0 contig(s) binned in the iteration
2022-02-10 23:09:58,833 - DEBUG - Iteration 100: 3 contig(s) with seed marker genes
2022-02-10 23:09:58,833 - DEBUG - 3 contig(s) to bin in the iteration
2022-02-10 23:09:58,835 - DEBUG - 0 contig(s) binned in the iteration
2022-02-10 23:09:58,835 - DEBUG - Iteration 101: 3 contig(s) with seed marker genes
2022-02-10 23:09:58,835 - DEBUG - 1 contig(s) to bin in the iteration
2022-02-10 23:09:58,836 - DEBUG - 0 contig(s) binned in the iteration
2022-02-10 23:09:58,836 - DEBUG - Iteration 102: 3 contig(s) with seed marker genes
2022-02-10 23:09:58,836 - DEBUG - 1 contig(s) to bin in the iteration
2022-02-10 23:09:58,837 - DEBUG - 0 contig(s) binned in the iteration
2022-02-10 23:09:58,837 - DEBUG - Iteration 103: 3 contig(s) with seed marker genes
2022-02-10 23:09:58,837 - DEBUG - 2 contig(s) to bin in the iteration
2022-02-10 23:09:58,838 - DEBUG - 1 contig(s) binned in the iteration
2022-02-10 23:09:58,838 - DEBUG - Iteration 104: 3 contig(s) with seed marker genes
2022-02-10 23:09:58,838 - DEBUG - 1 contig(s) to bin in the iteration
2022-02-10 23:09:58,839 - DEBUG - 0 contig(s) binned in the iteration
2022-02-10 23:09:58,839 - DEBUG - Iteration 105: 3 contig(s) with seed marker genes
2022-02-10 23:09:58,839 - DEBUG - 2 contig(s) to bin in the iteration
2022-02-10 23:09:58,840 - DEBUG - 0 contig(s) binned in the iteration
2022-02-10 23:09:58,840 - DEBUG - Iteration 106: 1 contig(s) with seed marker genes
2022-02-10 23:09:58,840 - DEBUG - 1 contig(s) to bin in the iteration
2022-02-10 23:09:58,841 - DEBUG - 0 contig(s) binned in the iteration
2022-02-10 23:09:58,841 - DEBUG - Iteration 107: 1 contig(s) with seed marker genes
2022-02-10 23:09:58,841 - DEBUG - 1 contig(s) to bin in the iteration
2022-02-10 23:09:58,841 - DEBUG - 0 contig(s) binned in the iteration
2022-02-10 23:09:58,841 - DEBUG - Number of bins after matching: 6
2022-02-10 23:09:58,841 - DEBUG - Bins with contigs containing seed marker genes
2022-02-10 23:09:58,842 - DEBUG - 0: [1]
2022-02-10 23:09:58,842 - DEBUG - 1: [19, 34, 48, 42, 22, 66, 75, 27, 54, 49, 35, 36, 47, 37, 21, 68, 55, 81, 44, 80, 57]
2022-02-10 23:09:58,842 - DEBUG - 2: [0, 16]
2022-02-10 23:09:58,842 - DEBUG - 3: [7, 14]
2022-02-10 23:09:58,842 - DEBUG - 4: [56, 39]
2022-02-10 23:09:58,842 - DEBUG - 5: [33, 12]
2022-02-10 23:09:58,842 - DEBUG - Number of binned contigs with single-copy marker genes: 30
2022-02-10 23:09:58,850 - DEBUG - Number of unbinned contigs with single-copy marker genes: 28
2022-02-10 23:09:58,850 - INFO - Further assigning contigs with single-copy marker genes
2022-02-10 23:09:58,854 - DEBUG - Remaining number of unbinned MG seed contigs: 28
2022-02-10 23:09:58,854 - DEBUG - Number of binned contigs with single-copy marker genes: 30
2022-02-10 23:09:58,861 - DEBUG - Number of binned contigs: 30
2022-02-10 23:09:58,861 - DEBUG - Number of unbinned contigs: 295
2022-02-10 23:09:58,861 - DEBUG - Number of binned contigs with markers: 30
2022-02-10 23:09:58,865 - DEBUG - Number of non-isolated contigs: 309
2022-02-10 23:09:58,865 - INFO - Propagating labels to connected vertices of unlabelled long contigs
2022-02-10 23:09:58,877 - DEBUG - Total number of binned contigs: 36
2022-02-10 23:10:00,592 - DEBUG - Total number of binned contigs: 76
2022-02-10 23:10:00,592 - DEBUG - Number of binned contigs: 76
2022-02-10 23:10:00,592 - DEBUG - Number of unbinned contigs: 249
2022-02-10 23:10:00,592 - INFO - Further propagating labels to vertices of unlabelled long contigs
2022-02-10 23:10:00,611 - DEBUG - Total number of binned contigs: 148
2022-02-10 23:10:00,611 - INFO - Further propagating labels to connected vertices of unlabelled long contigs
2022-02-10 23:10:00,831 - DEBUG - Total number of binned contigs: 148
2022-02-10 23:10:00,831 - INFO - Elapsed time: 2.2099058628082275 seconds
2022-02-10 23:10:00,831 - DEBUG - Bin 0: # contigs: 11, bin size: 2211386bp, # markers: 89
2022-02-10 23:10:00,831 - DEBUG - Bin 1: # contigs: 77, bin size: 4589915bp, # markers: 106
2022-02-10 23:10:00,831 - DEBUG - Bin 2: # contigs: 6, bin size: 1839248bp, # markers: 20
2022-02-10 23:10:00,831 - DEBUG - Bin 3: # contigs: 22, bin size: 1945448bp, # markers: 56
2022-02-10 23:10:00,831 - DEBUG - Bin 4: # contigs: 7, bin size: 2685901bp, # markers: 102
2022-02-10 23:10:00,831 - DEBUG - Bin 5: # contigs: 25, bin size: 4626679bp, # markers: 49
2022-02-10 23:10:00,832 - INFO - Writing the Final Binning result to file
2022-02-10 23:10:00,936 - INFO - Producing 5 bins...
2022-02-10 23:10:00,936 - INFO - Final binning results can be found in ../binning/Ctrl2b/bins/
2022-02-10 23:10:00,936 - INFO - Thank you for using MetaCoAG!
2022-02-14 10:50:17,136 - INFO - Welcome to MetaCoAG: Binning Metagenomic Contigs via Composition, Coverage and Assembly Graphs.
2022-02-14 10:50:17,137 - INFO - This version of MetaCoAG makes use of the assembly graph produced by SPAdes which is based on the de Bruijn graph approach.
2022-02-14 10:50:17,137 - INFO - Input arguments: 
2022-02-14 10:50:17,137 - INFO - Assembler used: spades
2022-02-14 10:50:17,137 - INFO - Contigs file: ../spades_results/Ctrl2/contigs.fasta
2022-02-14 10:50:17,137 - INFO - Assembly graph file: ../spades_results/Ctrl2/assembly_graph_with_scaffolds.gfa
2022-02-14 10:50:17,137 - INFO - Contig paths file: ../spades_results/Ctrl2/contigs.paths
2022-02-14 10:50:17,137 - INFO - Abundance file: ../binning/abundance_Ctrl2.tsv
2022-02-14 10:50:17,137 - INFO - Final binning output file: ../binning/Ctrl2b/
2022-02-14 10:50:17,137 - INFO - Marker file: /home/modesto/data/freeDNA/MetaCoAG/auxiliary/marker.hmm
2022-02-14 10:50:17,137 - INFO - Minimum length of contigs to consider: 1000
2022-02-14 10:50:17,137 - INFO - Depth to consider for label propagation: 10
2022-02-14 10:50:17,137 - INFO - p_intra: 0.1
2022-02-14 10:50:17,137 - INFO - p_inter: 0.01
2022-02-14 10:50:17,137 - DEBUG - bin_threshold: 0.9999999999999998
2022-02-14 10:50:17,137 - DEBUG - break_threshold: 1.9999999999999996
2022-02-14 10:50:17,137 - INFO - mg_threshold: 0.4
2022-02-14 10:50:17,137 - INFO - bin_mg_threshold: 0.2
2022-02-14 10:50:17,137 - INFO - min_bin_size: 200000 base pairs
2022-02-14 10:50:17,137 - INFO - d_limit: 20
2022-02-14 10:50:17,137 - INFO - Number of threads: 12
2022-02-14 10:50:17,137 - INFO - MetaCoAG started
2022-02-14 10:50:17,141 - INFO - Total number of contigs available: 325
2022-02-14 10:50:17,183 - INFO - Total number of edges in the assembly graph: 532
2022-02-14 10:50:17,183 - INFO - Obtaining lengths and coverage values of contigs
2022-02-14 10:50:17,259 - DEBUG - w_intra: 1.9999999999999996
2022-02-14 10:50:17,259 - DEBUG - w_inter: 3.999999999999999
2022-02-14 10:50:17,259 - INFO - Obtaining tetranucleotide frequencies of contigs
2022-02-14 10:50:17,268 - INFO - Scanning for single-copy marker genes
2022-02-14 10:50:17,269 - INFO - .hmmout file already exists
2022-02-14 10:50:17,269 - INFO - Obtaining contigs with single-copy marker genes
2022-02-14 10:50:17,272 - INFO - Number of contigs containing single-copy marker genes: 58
2022-02-14 10:50:17,272 - INFO - Determining contig counts for each single-copy marker gene
2022-02-14 10:50:17,272 - DEBUG - Contig counts of single-copy marker genes: 
2022-02-14 10:50:17,272 - DEBUG - [6, 5, 5, 4, 4, 4, 4, 4, 4, 4, 4, 4, 4, 4, 4, 4, 4, 4, 4, 4, 4, 4, 4, 4, 4, 4, 4, 4, 4, 4, 4, 4, 4, 4, 4, 4, 4, 4, 4, 4, 4, 4, 4, 4, 4, 4, 4, 4, 4, 4, 4, 4, 4, 4, 4, 4, 4, 4, 4, 4, 4, 4, 4, 4, 4, 4, 4, 4, 4, 4, 4, 4, 4, 4, 4, 4, 4, 4, 4, 4, 4, 4, 4, 4, 4, 4, 4, 4, 4, 4, 4, 4, 4, 4, 4, 4, 4, 4, 3, 3, 3, 3, 3, 3, 3, 3, 1, 1]
2022-02-14 10:50:17,272 - INFO - Initialising bins
2022-02-14 10:50:17,272 - DEBUG - Number of initial bins detected: 6
2022-02-14 10:50:17,272 - DEBUG - Initialised bins: 
2022-02-14 10:50:17,272 - DEBUG - {0: [1], 1: [19], 2: [0], 3: [7], 4: [56], 5: [33]}
2022-02-14 10:50:17,272 - INFO - Matching and assigning contigs with single-copy marker genes to bins
2022-02-14 10:50:17,272 - DEBUG - Iteration 0: 6 contig(s) with seed marker genes
2022-02-14 10:50:17,272 - DEBUG - Iteration 1: 5 contig(s) with seed marker genes
2022-02-14 10:50:17,272 - DEBUG - 2 contig(s) to bin in the iteration
2022-02-14 10:50:17,282 - DEBUG - 0 contig(s) binned in the iteration
2022-02-14 10:50:17,282 - DEBUG - Iteration 2: 5 contig(s) with seed marker genes
2022-02-14 10:50:17,282 - DEBUG - 4 contig(s) to bin in the iteration
2022-02-14 10:50:17,283 - DEBUG - 2 contig(s) binned in the iteration
2022-02-14 10:50:17,283 - DEBUG - Iteration 3: 4 contig(s) with seed marker genes
2022-02-14 10:50:17,283 - DEBUG - 4 contig(s) to bin in the iteration
2022-02-14 10:50:17,283 - DEBUG - 0 contig(s) binned in the iteration
2022-02-14 10:50:17,283 - DEBUG - Iteration 4: 4 contig(s) with seed marker genes
2022-02-14 10:50:17,284 - DEBUG - 4 contig(s) to bin in the iteration
2022-02-14 10:50:17,284 - DEBUG - 0 contig(s) binned in the iteration
2022-02-14 10:50:17,284 - DEBUG - Iteration 5: 4 contig(s) with seed marker genes
2022-02-14 10:50:17,284 - DEBUG - 4 contig(s) to bin in the iteration
2022-02-14 10:50:17,285 - DEBUG - 0 contig(s) binned in the iteration
2022-02-14 10:50:17,285 - DEBUG - Iteration 6: 4 contig(s) with seed marker genes
2022-02-14 10:50:17,285 - DEBUG - 4 contig(s) to bin in the iteration
2022-02-14 10:50:17,286 - DEBUG - 0 contig(s) binned in the iteration
2022-02-14 10:50:17,286 - DEBUG - Iteration 7: 4 contig(s) with seed marker genes
2022-02-14 10:50:17,286 - DEBUG - 4 contig(s) to bin in the iteration
2022-02-14 10:50:17,287 - DEBUG - 0 contig(s) binned in the iteration
2022-02-14 10:50:17,287 - DEBUG - Iteration 8: 4 contig(s) with seed marker genes
2022-02-14 10:50:17,287 - DEBUG - 4 contig(s) to bin in the iteration
2022-02-14 10:50:17,288 - DEBUG - 0 contig(s) binned in the iteration
2022-02-14 10:50:17,288 - DEBUG - Iteration 9: 4 contig(s) with seed marker genes
2022-02-14 10:50:17,288 - DEBUG - 4 contig(s) to bin in the iteration
2022-02-14 10:50:17,289 - DEBUG - 0 contig(s) binned in the iteration
2022-02-14 10:50:17,289 - DEBUG - Iteration 10: 4 contig(s) with seed marker genes
2022-02-14 10:50:17,289 - DEBUG - 4 contig(s) to bin in the iteration
2022-02-14 10:50:17,290 - DEBUG - 0 contig(s) binned in the iteration
2022-02-14 10:50:17,290 - DEBUG - Iteration 11: 4 contig(s) with seed marker genes
2022-02-14 10:50:17,290 - DEBUG - 4 contig(s) to bin in the iteration
2022-02-14 10:50:17,290 - DEBUG - 0 contig(s) binned in the iteration
2022-02-14 10:50:17,290 - DEBUG - Iteration 12: 4 contig(s) with seed marker genes
2022-02-14 10:50:17,290 - DEBUG - 4 contig(s) to bin in the iteration
2022-02-14 10:50:17,291 - DEBUG - 0 contig(s) binned in the iteration
2022-02-14 10:50:17,291 - DEBUG - Iteration 13: 4 contig(s) with seed marker genes
2022-02-14 10:50:17,291 - DEBUG - 4 contig(s) to bin in the iteration
2022-02-14 10:50:17,292 - DEBUG - 0 contig(s) binned in the iteration
2022-02-14 10:50:17,292 - DEBUG - Iteration 14: 4 contig(s) with seed marker genes
2022-02-14 10:50:17,292 - DEBUG - 4 contig(s) to bin in the iteration
2022-02-14 10:50:17,293 - DEBUG - 0 contig(s) binned in the iteration
2022-02-14 10:50:17,293 - DEBUG - Iteration 15: 4 contig(s) with seed marker genes
2022-02-14 10:50:17,293 - DEBUG - 4 contig(s) to bin in the iteration
2022-02-14 10:50:17,294 - DEBUG - 0 contig(s) binned in the iteration
2022-02-14 10:50:17,294 - DEBUG - Iteration 16: 4 contig(s) with seed marker genes
2022-02-14 10:50:17,294 - DEBUG - 4 contig(s) to bin in the iteration
2022-02-14 10:50:17,295 - DEBUG - 0 contig(s) binned in the iteration
2022-02-14 10:50:17,295 - DEBUG - Iteration 17: 4 contig(s) with seed marker genes
2022-02-14 10:50:17,295 - DEBUG - 4 contig(s) to bin in the iteration
2022-02-14 10:50:17,296 - DEBUG - 0 contig(s) binned in the iteration
2022-02-14 10:50:17,296 - DEBUG - Iteration 18: 4 contig(s) with seed marker genes
2022-02-14 10:50:17,296 - DEBUG - 4 contig(s) to bin in the iteration
2022-02-14 10:50:17,296 - DEBUG - 0 contig(s) binned in the iteration
2022-02-14 10:50:17,296 - DEBUG - Iteration 19: 4 contig(s) with seed marker genes
2022-02-14 10:50:17,296 - DEBUG - 4 contig(s) to bin in the iteration
2022-02-14 10:50:17,297 - DEBUG - 0 contig(s) binned in the iteration
2022-02-14 10:50:17,297 - DEBUG - Iteration 20: 4 contig(s) with seed marker genes
2022-02-14 10:50:17,297 - DEBUG - 4 contig(s) to bin in the iteration
2022-02-14 10:50:17,298 - DEBUG - 0 contig(s) binned in the iteration
2022-02-14 10:50:17,298 - DEBUG - Iteration 21: 4 contig(s) with seed marker genes
2022-02-14 10:50:17,298 - DEBUG - 4 contig(s) to bin in the iteration
2022-02-14 10:50:17,299 - DEBUG - 0 contig(s) binned in the iteration
2022-02-14 10:50:17,299 - DEBUG - Iteration 22: 4 contig(s) with seed marker genes
2022-02-14 10:50:17,299 - DEBUG - 4 contig(s) to bin in the iteration
2022-02-14 10:50:17,300 - DEBUG - 0 contig(s) binned in the iteration
2022-02-14 10:50:17,300 - DEBUG - Iteration 23: 4 contig(s) with seed marker genes
2022-02-14 10:50:17,300 - DEBUG - 4 contig(s) to bin in the iteration
2022-02-14 10:50:17,301 - DEBUG - 0 contig(s) binned in the iteration
2022-02-14 10:50:17,301 - DEBUG - Iteration 24: 4 contig(s) with seed marker genes
2022-02-14 10:50:17,301 - DEBUG - 4 contig(s) to bin in the iteration
2022-02-14 10:50:17,302 - DEBUG - 0 contig(s) binned in the iteration
2022-02-14 10:50:17,302 - DEBUG - Iteration 25: 4 contig(s) with seed marker genes
2022-02-14 10:50:17,302 - DEBUG - 4 contig(s) to bin in the iteration
2022-02-14 10:50:17,302 - DEBUG - 0 contig(s) binned in the iteration
2022-02-14 10:50:17,303 - DEBUG - Iteration 26: 4 contig(s) with seed marker genes
2022-02-14 10:50:17,303 - DEBUG - 4 contig(s) to bin in the iteration
2022-02-14 10:50:17,303 - DEBUG - 0 contig(s) binned in the iteration
2022-02-14 10:50:17,303 - DEBUG - Iteration 27: 4 contig(s) with seed marker genes
2022-02-14 10:50:17,303 - DEBUG - 4 contig(s) to bin in the iteration
2022-02-14 10:50:17,304 - DEBUG - 0 contig(s) binned in the iteration
2022-02-14 10:50:17,304 - DEBUG - Iteration 28: 4 contig(s) with seed marker genes
2022-02-14 10:50:17,304 - DEBUG - 4 contig(s) to bin in the iteration
2022-02-14 10:50:17,305 - DEBUG - 0 contig(s) binned in the iteration
2022-02-14 10:50:17,305 - DEBUG - Iteration 29: 4 contig(s) with seed marker genes
2022-02-14 10:50:17,305 - DEBUG - 4 contig(s) to bin in the iteration
2022-02-14 10:50:17,306 - DEBUG - 0 contig(s) binned in the iteration
2022-02-14 10:50:17,306 - DEBUG - Iteration 30: 4 contig(s) with seed marker genes
2022-02-14 10:50:17,306 - DEBUG - 4 contig(s) to bin in the iteration
2022-02-14 10:50:17,307 - DEBUG - 0 contig(s) binned in the iteration
2022-02-14 10:50:17,307 - DEBUG - Iteration 31: 4 contig(s) with seed marker genes
2022-02-14 10:50:17,307 - DEBUG - 4 contig(s) to bin in the iteration
2022-02-14 10:50:17,308 - DEBUG - 0 contig(s) binned in the iteration
2022-02-14 10:50:17,308 - DEBUG - Iteration 32: 4 contig(s) with seed marker genes
2022-02-14 10:50:17,308 - DEBUG - 4 contig(s) to bin in the iteration
2022-02-14 10:50:17,308 - DEBUG - 0 contig(s) binned in the iteration
2022-02-14 10:50:17,308 - DEBUG - Iteration 33: 4 contig(s) with seed marker genes
2022-02-14 10:50:17,308 - DEBUG - 4 contig(s) to bin in the iteration
2022-02-14 10:50:17,309 - DEBUG - 0 contig(s) binned in the iteration
2022-02-14 10:50:17,309 - DEBUG - Iteration 34: 4 contig(s) with seed marker genes
2022-02-14 10:50:17,309 - DEBUG - 3 contig(s) to bin in the iteration
2022-02-14 10:50:17,310 - DEBUG - 0 contig(s) binned in the iteration
2022-02-14 10:50:17,310 - DEBUG - Iteration 35: 4 contig(s) with seed marker genes
2022-02-14 10:50:17,310 - DEBUG - 4 contig(s) to bin in the iteration
2022-02-14 10:50:17,311 - DEBUG - 1 contig(s) binned in the iteration
2022-02-14 10:50:17,311 - DEBUG - Iteration 36: 4 contig(s) with seed marker genes
2022-02-14 10:50:17,311 - DEBUG - 3 contig(s) to bin in the iteration
2022-02-14 10:50:17,312 - DEBUG - 0 contig(s) binned in the iteration
2022-02-14 10:50:17,312 - DEBUG - Iteration 37: 4 contig(s) with seed marker genes
2022-02-14 10:50:17,312 - DEBUG - 3 contig(s) to bin in the iteration
2022-02-14 10:50:17,312 - DEBUG - 2 contig(s) binned in the iteration
2022-02-14 10:50:17,312 - DEBUG - Iteration 38: 4 contig(s) with seed marker genes
2022-02-14 10:50:17,312 - DEBUG - 4 contig(s) to bin in the iteration
2022-02-14 10:50:17,313 - DEBUG - 1 contig(s) binned in the iteration
2022-02-14 10:50:17,313 - DEBUG - Iteration 39: 4 contig(s) with seed marker genes
2022-02-14 10:50:17,313 - DEBUG - 3 contig(s) to bin in the iteration
2022-02-14 10:50:17,314 - DEBUG - 0 contig(s) binned in the iteration
2022-02-14 10:50:17,314 - DEBUG - Iteration 40: 4 contig(s) with seed marker genes
2022-02-14 10:50:17,314 - DEBUG - 2 contig(s) to bin in the iteration
2022-02-14 10:50:17,315 - DEBUG - 1 contig(s) binned in the iteration
2022-02-14 10:50:17,315 - DEBUG - Iteration 41: 4 contig(s) with seed marker genes
2022-02-14 10:50:17,315 - DEBUG - 3 contig(s) to bin in the iteration
2022-02-14 10:50:17,316 - DEBUG - 1 contig(s) binned in the iteration
2022-02-14 10:50:17,316 - DEBUG - Iteration 42: 4 contig(s) with seed marker genes
2022-02-14 10:50:17,316 - DEBUG - 2 contig(s) to bin in the iteration
2022-02-14 10:50:17,317 - DEBUG - 0 contig(s) binned in the iteration
2022-02-14 10:50:17,317 - DEBUG - Iteration 43: 4 contig(s) with seed marker genes
2022-02-14 10:50:17,317 - DEBUG - 3 contig(s) to bin in the iteration
2022-02-14 10:50:17,318 - DEBUG - 1 contig(s) binned in the iteration
2022-02-14 10:50:17,318 - DEBUG - Iteration 44: 4 contig(s) with seed marker genes
2022-02-14 10:50:17,318 - DEBUG - 2 contig(s) to bin in the iteration
2022-02-14 10:50:17,318 - DEBUG - 0 contig(s) binned in the iteration
2022-02-14 10:50:17,318 - DEBUG - Iteration 45: 4 contig(s) with seed marker genes
2022-02-14 10:50:17,318 - DEBUG - 2 contig(s) to bin in the iteration
2022-02-14 10:50:17,319 - DEBUG - 0 contig(s) binned in the iteration
2022-02-14 10:50:17,319 - DEBUG - Iteration 46: 4 contig(s) with seed marker genes
2022-02-14 10:50:17,319 - DEBUG - 3 contig(s) to bin in the iteration
2022-02-14 10:50:17,320 - DEBUG - 1 contig(s) binned in the iteration
2022-02-14 10:50:17,320 - DEBUG - Iteration 47: 4 contig(s) with seed marker genes
2022-02-14 10:50:17,320 - DEBUG - 3 contig(s) to bin in the iteration
2022-02-14 10:50:17,321 - DEBUG - 1 contig(s) binned in the iteration
2022-02-14 10:50:17,321 - DEBUG - Iteration 48: 4 contig(s) with seed marker genes
2022-02-14 10:50:17,321 - DEBUG - 2 contig(s) to bin in the iteration
2022-02-14 10:50:17,322 - DEBUG - 0 contig(s) binned in the iteration
2022-02-14 10:50:17,322 - DEBUG - Iteration 49: 4 contig(s) with seed marker genes
2022-02-14 10:50:17,322 - DEBUG - 2 contig(s) to bin in the iteration
2022-02-14 10:50:17,323 - DEBUG - 0 contig(s) binned in the iteration
2022-02-14 10:50:17,323 - DEBUG - Iteration 50: 4 contig(s) with seed marker genes
2022-02-14 10:50:17,323 - DEBUG - 2 contig(s) to bin in the iteration
2022-02-14 10:50:17,324 - DEBUG - 0 contig(s) binned in the iteration
2022-02-14 10:50:17,324 - DEBUG - Iteration 51: 4 contig(s) with seed marker genes
2022-02-14 10:50:17,324 - DEBUG - 3 contig(s) to bin in the iteration
2022-02-14 10:50:17,325 - DEBUG - 1 contig(s) binned in the iteration
2022-02-14 10:50:17,325 - DEBUG - Iteration 52: 4 contig(s) with seed marker genes
2022-02-14 10:50:17,325 - DEBUG - 2 contig(s) to bin in the iteration
2022-02-14 10:50:17,326 - DEBUG - 0 contig(s) binned in the iteration
2022-02-14 10:50:17,326 - DEBUG - Iteration 53: 4 contig(s) with seed marker genes
2022-02-14 10:50:17,326 - DEBUG - 1 contig(s) to bin in the iteration
2022-02-14 10:50:17,326 - DEBUG - 0 contig(s) binned in the iteration
2022-02-14 10:50:17,326 - DEBUG - Iteration 54: 4 contig(s) with seed marker genes
2022-02-14 10:50:17,326 - DEBUG - 2 contig(s) to bin in the iteration
2022-02-14 10:50:17,327 - DEBUG - 0 contig(s) binned in the iteration
2022-02-14 10:50:17,327 - DEBUG - Iteration 55: 4 contig(s) with seed marker genes
2022-02-14 10:50:17,327 - DEBUG - 3 contig(s) to bin in the iteration
2022-02-14 10:50:17,328 - DEBUG - 0 contig(s) binned in the iteration
2022-02-14 10:50:17,328 - DEBUG - Iteration 56: 4 contig(s) with seed marker genes
2022-02-14 10:50:17,328 - DEBUG - 2 contig(s) to bin in the iteration
2022-02-14 10:50:17,329 - DEBUG - 0 contig(s) binned in the iteration
2022-02-14 10:50:17,329 - DEBUG - Iteration 57: 4 contig(s) with seed marker genes
2022-02-14 10:50:17,329 - DEBUG - 3 contig(s) to bin in the iteration
2022-02-14 10:50:17,330 - DEBUG - 1 contig(s) binned in the iteration
2022-02-14 10:50:17,330 - DEBUG - Iteration 58: 4 contig(s) with seed marker genes
2022-02-14 10:50:17,330 - DEBUG - 2 contig(s) to bin in the iteration
2022-02-14 10:50:17,331 - DEBUG - 0 contig(s) binned in the iteration
2022-02-14 10:50:17,331 - DEBUG - Iteration 59: 4 contig(s) with seed marker genes
2022-02-14 10:50:17,331 - DEBUG - 3 contig(s) to bin in the iteration
2022-02-14 10:50:17,333 - DEBUG - 1 contig(s) binned in the iteration
2022-02-14 10:50:17,333 - DEBUG - Iteration 60: 4 contig(s) with seed marker genes
2022-02-14 10:50:17,333 - DEBUG - 2 contig(s) to bin in the iteration
2022-02-14 10:50:17,333 - DEBUG - 0 contig(s) binned in the iteration
2022-02-14 10:50:17,333 - DEBUG - Iteration 61: 4 contig(s) with seed marker genes
2022-02-14 10:50:17,333 - DEBUG - 2 contig(s) to bin in the iteration
2022-02-14 10:50:17,334 - DEBUG - 1 contig(s) binned in the iteration
2022-02-14 10:50:17,334 - DEBUG - Iteration 62: 4 contig(s) with seed marker genes
2022-02-14 10:50:17,334 - DEBUG - 2 contig(s) to bin in the iteration
2022-02-14 10:50:17,335 - DEBUG - 0 contig(s) binned in the iteration
2022-02-14 10:50:17,335 - DEBUG - Iteration 63: 4 contig(s) with seed marker genes
2022-02-14 10:50:17,335 - DEBUG - 2 contig(s) to bin in the iteration
2022-02-14 10:50:17,336 - DEBUG - 0 contig(s) binned in the iteration
2022-02-14 10:50:17,336 - DEBUG - Iteration 64: 4 contig(s) with seed marker genes
2022-02-14 10:50:17,336 - DEBUG - 2 contig(s) to bin in the iteration
2022-02-14 10:50:17,337 - DEBUG - 0 contig(s) binned in the iteration
2022-02-14 10:50:17,337 - DEBUG - Iteration 65: 4 contig(s) with seed marker genes
2022-02-14 10:50:17,337 - DEBUG - 2 contig(s) to bin in the iteration
2022-02-14 10:50:17,338 - DEBUG - 1 contig(s) binned in the iteration
2022-02-14 10:50:17,338 - DEBUG - Iteration 66: 4 contig(s) with seed marker genes
2022-02-14 10:50:17,338 - DEBUG - 3 contig(s) to bin in the iteration
2022-02-14 10:50:17,339 - DEBUG - 1 contig(s) binned in the iteration
2022-02-14 10:50:17,339 - DEBUG - Iteration 67: 4 contig(s) with seed marker genes
2022-02-14 10:50:17,339 - DEBUG - 1 contig(s) to bin in the iteration
2022-02-14 10:50:17,340 - DEBUG - 0 contig(s) binned in the iteration
2022-02-14 10:50:17,340 - DEBUG - Iteration 68: 4 contig(s) with seed marker genes
2022-02-14 10:50:17,340 - DEBUG - 3 contig(s) to bin in the iteration
2022-02-14 10:50:17,341 - DEBUG - 0 contig(s) binned in the iteration
2022-02-14 10:50:17,341 - DEBUG - Iteration 69: 4 contig(s) with seed marker genes
2022-02-14 10:50:17,341 - DEBUG - 1 contig(s) to bin in the iteration
2022-02-14 10:50:17,342 - DEBUG - 0 contig(s) binned in the iteration
2022-02-14 10:50:17,342 - DEBUG - Iteration 70: 4 contig(s) with seed marker genes
2022-02-14 10:50:17,342 - DEBUG - 1 contig(s) to bin in the iteration
2022-02-14 10:50:17,343 - DEBUG - 0 contig(s) binned in the iteration
2022-02-14 10:50:17,343 - DEBUG - Iteration 71: 4 contig(s) with seed marker genes
2022-02-14 10:50:17,343 - DEBUG - 1 contig(s) to bin in the iteration
2022-02-14 10:50:17,343 - DEBUG - 0 contig(s) binned in the iteration
2022-02-14 10:50:17,343 - DEBUG - Iteration 72: 4 contig(s) with seed marker genes
2022-02-14 10:50:17,343 - DEBUG - 1 contig(s) to bin in the iteration
2022-02-14 10:50:17,344 - DEBUG - 0 contig(s) binned in the iteration
2022-02-14 10:50:17,344 - DEBUG - Iteration 73: 4 contig(s) with seed marker genes
2022-02-14 10:50:17,344 - DEBUG - 1 contig(s) to bin in the iteration
2022-02-14 10:50:17,345 - DEBUG - 0 contig(s) binned in the iteration
2022-02-14 10:50:17,345 - DEBUG - Iteration 74: 4 contig(s) with seed marker genes
2022-02-14 10:50:17,345 - DEBUG - 2 contig(s) to bin in the iteration
2022-02-14 10:50:17,345 - DEBUG - 1 contig(s) binned in the iteration
2022-02-14 10:50:17,346 - DEBUG - Iteration 75: 4 contig(s) with seed marker genes
2022-02-14 10:50:17,346 - DEBUG - 3 contig(s) to bin in the iteration
2022-02-14 10:50:17,347 - DEBUG - 1 contig(s) binned in the iteration
2022-02-14 10:50:17,347 - DEBUG - Iteration 76: 4 contig(s) with seed marker genes
2022-02-14 10:50:17,347 - DEBUG - 1 contig(s) to bin in the iteration
2022-02-14 10:50:17,348 - DEBUG - 0 contig(s) binned in the iteration
2022-02-14 10:50:17,348 - DEBUG - Iteration 77: 4 contig(s) with seed marker genes
2022-02-14 10:50:17,348 - DEBUG - 2 contig(s) to bin in the iteration
2022-02-14 10:50:17,349 - DEBUG - 0 contig(s) binned in the iteration
2022-02-14 10:50:17,349 - DEBUG - Iteration 78: 4 contig(s) with seed marker genes
2022-02-14 10:50:17,349 - DEBUG - 2 contig(s) to bin in the iteration
2022-02-14 10:50:17,350 - DEBUG - 0 contig(s) binned in the iteration
2022-02-14 10:50:17,350 - DEBUG - Iteration 79: 4 contig(s) with seed marker genes
2022-02-14 10:50:17,350 - DEBUG - 1 contig(s) to bin in the iteration
2022-02-14 10:50:17,350 - DEBUG - 0 contig(s) binned in the iteration
2022-02-14 10:50:17,350 - DEBUG - Iteration 80: 4 contig(s) with seed marker genes
2022-02-14 10:50:17,350 - DEBUG - 0 contig(s) to bin in the iteration
2022-02-14 10:50:17,350 - DEBUG - 0 contig(s) binned in the iteration
2022-02-14 10:50:17,350 - DEBUG - Iteration 81: 4 contig(s) with seed marker genes
2022-02-14 10:50:17,350 - DEBUG - 0 contig(s) to bin in the iteration
2022-02-14 10:50:17,350 - DEBUG - 0 contig(s) binned in the iteration
2022-02-14 10:50:17,350 - DEBUG - Iteration 82: 4 contig(s) with seed marker genes
2022-02-14 10:50:17,350 - DEBUG - 3 contig(s) to bin in the iteration
2022-02-14 10:50:17,352 - DEBUG - 0 contig(s) binned in the iteration
2022-02-14 10:50:17,352 - DEBUG - Iteration 83: 4 contig(s) with seed marker genes
2022-02-14 10:50:17,352 - DEBUG - 2 contig(s) to bin in the iteration
2022-02-14 10:50:17,353 - DEBUG - 1 contig(s) binned in the iteration
2022-02-14 10:50:17,353 - DEBUG - Iteration 84: 4 contig(s) with seed marker genes
2022-02-14 10:50:17,353 - DEBUG - 1 contig(s) to bin in the iteration
2022-02-14 10:50:17,353 - DEBUG - 0 contig(s) binned in the iteration
2022-02-14 10:50:17,353 - DEBUG - Iteration 85: 4 contig(s) with seed marker genes
2022-02-14 10:50:17,354 - DEBUG - 4 contig(s) to bin in the iteration
2022-02-14 10:50:17,355 - DEBUG - 1 contig(s) binned in the iteration
2022-02-14 10:50:17,355 - DEBUG - Iteration 86: 4 contig(s) with seed marker genes
2022-02-14 10:50:17,355 - DEBUG - 2 contig(s) to bin in the iteration
2022-02-14 10:50:17,356 - DEBUG - 1 contig(s) binned in the iteration
2022-02-14 10:50:17,357 - DEBUG - Iteration 87: 4 contig(s) with seed marker genes
2022-02-14 10:50:17,357 - DEBUG - 1 contig(s) to bin in the iteration
2022-02-14 10:50:17,357 - DEBUG - 0 contig(s) binned in the iteration
2022-02-14 10:50:17,357 - DEBUG - Iteration 88: 4 contig(s) with seed marker genes
2022-02-14 10:50:17,357 - DEBUG - 1 contig(s) to bin in the iteration
2022-02-14 10:50:17,358 - DEBUG - 0 contig(s) binned in the iteration
2022-02-14 10:50:17,358 - DEBUG - Iteration 89: 4 contig(s) with seed marker genes
2022-02-14 10:50:17,358 - DEBUG - 2 contig(s) to bin in the iteration
2022-02-14 10:50:17,359 - DEBUG - 0 contig(s) binned in the iteration
2022-02-14 10:50:17,359 - DEBUG - Iteration 90: 4 contig(s) with seed marker genes
2022-02-14 10:50:17,359 - DEBUG - 2 contig(s) to bin in the iteration
2022-02-14 10:50:17,360 - DEBUG - 0 contig(s) binned in the iteration
2022-02-14 10:50:17,360 - DEBUG - Iteration 91: 4 contig(s) with seed marker genes
2022-02-14 10:50:17,360 - DEBUG - 2 contig(s) to bin in the iteration
2022-02-14 10:50:17,361 - DEBUG - 0 contig(s) binned in the iteration
2022-02-14 10:50:17,361 - DEBUG - Iteration 92: 4 contig(s) with seed marker genes
2022-02-14 10:50:17,361 - DEBUG - 2 contig(s) to bin in the iteration
2022-02-14 10:50:17,362 - DEBUG - 0 contig(s) binned in the iteration
2022-02-14 10:50:17,362 - DEBUG - Iteration 93: 4 contig(s) with seed marker genes
2022-02-14 10:50:17,362 - DEBUG - 1 contig(s) to bin in the iteration
2022-02-14 10:50:17,363 - DEBUG - 0 contig(s) binned in the iteration
2022-02-14 10:50:17,363 - DEBUG - Iteration 94: 4 contig(s) with seed marker genes
2022-02-14 10:50:17,363 - DEBUG - 2 contig(s) to bin in the iteration
2022-02-14 10:50:17,364 - DEBUG - 0 contig(s) binned in the iteration
2022-02-14 10:50:17,364 - DEBUG - Iteration 95: 4 contig(s) with seed marker genes
2022-02-14 10:50:17,364 - DEBUG - 3 contig(s) to bin in the iteration
2022-02-14 10:50:17,366 - DEBUG - 0 contig(s) binned in the iteration
2022-02-14 10:50:17,366 - DEBUG - Iteration 96: 4 contig(s) with seed marker genes
2022-02-14 10:50:17,366 - DEBUG - 3 contig(s) to bin in the iteration
2022-02-14 10:50:17,367 - DEBUG - 1 contig(s) binned in the iteration
2022-02-14 10:50:17,367 - DEBUG - Iteration 97: 4 contig(s) with seed marker genes
2022-02-14 10:50:17,367 - DEBUG - 3 contig(s) to bin in the iteration
2022-02-14 10:50:17,369 - DEBUG - 0 contig(s) binned in the iteration
2022-02-14 10:50:17,369 - DEBUG - Iteration 98: 3 contig(s) with seed marker genes
2022-02-14 10:50:17,369 - DEBUG - 2 contig(s) to bin in the iteration
2022-02-14 10:50:17,370 - DEBUG - 1 contig(s) binned in the iteration
2022-02-14 10:50:17,370 - DEBUG - Iteration 99: 3 contig(s) with seed marker genes
2022-02-14 10:50:17,370 - DEBUG - 1 contig(s) to bin in the iteration
2022-02-14 10:50:17,371 - DEBUG - 0 contig(s) binned in the iteration
2022-02-14 10:50:17,371 - DEBUG - Iteration 100: 3 contig(s) with seed marker genes
2022-02-14 10:50:17,371 - DEBUG - 2 contig(s) to bin in the iteration
2022-02-14 10:50:17,372 - DEBUG - 0 contig(s) binned in the iteration
2022-02-14 10:50:17,372 - DEBUG - Iteration 101: 3 contig(s) with seed marker genes
2022-02-14 10:50:17,372 - DEBUG - 1 contig(s) to bin in the iteration
2022-02-14 10:50:17,373 - DEBUG - 0 contig(s) binned in the iteration
2022-02-14 10:50:17,373 - DEBUG - Iteration 102: 3 contig(s) with seed marker genes
2022-02-14 10:50:17,373 - DEBUG - 1 contig(s) to bin in the iteration
2022-02-14 10:50:17,373 - DEBUG - 0 contig(s) binned in the iteration
2022-02-14 10:50:17,373 - DEBUG - Iteration 103: 3 contig(s) with seed marker genes
2022-02-14 10:50:17,373 - DEBUG - 2 contig(s) to bin in the iteration
2022-02-14 10:50:17,374 - DEBUG - 1 contig(s) binned in the iteration
2022-02-14 10:50:17,375 - DEBUG - Iteration 104: 3 contig(s) with seed marker genes
2022-02-14 10:50:17,375 - DEBUG - 1 contig(s) to bin in the iteration
2022-02-14 10:50:17,375 - DEBUG - 0 contig(s) binned in the iteration
2022-02-14 10:50:17,375 - DEBUG - Iteration 105: 3 contig(s) with seed marker genes
2022-02-14 10:50:17,375 - DEBUG - 1 contig(s) to bin in the iteration
2022-02-14 10:50:17,376 - DEBUG - 0 contig(s) binned in the iteration
2022-02-14 10:50:17,376 - DEBUG - Iteration 106: 1 contig(s) with seed marker genes
2022-02-14 10:50:17,376 - DEBUG - 1 contig(s) to bin in the iteration
2022-02-14 10:50:17,377 - DEBUG - 0 contig(s) binned in the iteration
2022-02-14 10:50:17,377 - DEBUG - Iteration 107: 1 contig(s) with seed marker genes
2022-02-14 10:50:17,377 - DEBUG - 1 contig(s) to bin in the iteration
2022-02-14 10:50:17,377 - DEBUG - 0 contig(s) binned in the iteration
2022-02-14 10:50:17,377 - DEBUG - Number of bins after matching: 6
2022-02-14 10:50:17,377 - DEBUG - Bins with contigs containing seed marker genes
2022-02-14 10:50:17,377 - DEBUG - 0: [1, 2]
2022-02-14 10:50:17,378 - DEBUG - 1: [19, 48, 42, 22, 66, 75, 27, 54, 35, 49, 34, 36, 47, 37, 21, 68, 55, 81, 44, 80, 57]
2022-02-14 10:50:17,378 - DEBUG - 2: [0, 16]
2022-02-14 10:50:17,378 - DEBUG - 3: [7, 14]
2022-02-14 10:50:17,378 - DEBUG - 4: [56, 39]
2022-02-14 10:50:17,378 - DEBUG - 5: [33, 12]
2022-02-14 10:50:17,378 - DEBUG - Number of binned contigs with single-copy marker genes: 31
2022-02-14 10:50:17,385 - DEBUG - Number of unbinned contigs with single-copy marker genes: 27
2022-02-14 10:50:17,386 - INFO - Further assigning contigs with single-copy marker genes
2022-02-14 10:50:17,390 - DEBUG - Remaining number of unbinned MG seed contigs: 27
2022-02-14 10:50:17,390 - DEBUG - Number of binned contigs with single-copy marker genes: 31
2022-02-14 10:50:17,397 - DEBUG - Number of binned contigs: 31
2022-02-14 10:50:17,397 - DEBUG - Number of unbinned contigs: 294
2022-02-14 10:50:17,397 - DEBUG - Number of binned contigs with markers: 31
2022-02-14 10:50:17,400 - DEBUG - Number of non-isolated contigs: 309
2022-02-14 10:50:17,400 - INFO - Propagating labels to connected vertices of unlabelled long contigs
2022-02-14 10:50:17,412 - DEBUG - Total number of binned contigs: 36
2022-02-14 10:50:19,059 - DEBUG - Total number of binned contigs: 76
2022-02-14 10:50:19,059 - DEBUG - Number of binned contigs: 76
2022-02-14 10:50:19,059 - DEBUG - Number of unbinned contigs: 249
2022-02-14 10:50:19,059 - INFO - Further propagating labels to vertices of unlabelled long contigs
2022-02-14 10:50:19,078 - DEBUG - Total number of binned contigs: 148
2022-02-14 10:50:19,078 - INFO - Further propagating labels to connected vertices of unlabelled long contigs
2022-02-14 10:50:19,292 - DEBUG - Total number of binned contigs: 148
2022-02-14 10:50:19,292 - INFO - Elapsed time: 2.1544196605682373 seconds
2022-02-14 10:50:19,292 - DEBUG - Bin 0: # contigs: 10, bin size: 2203331bp, # markers: 89
2022-02-14 10:50:19,292 - DEBUG - Bin 1: # contigs: 78, bin size: 4597970bp, # markers: 106
2022-02-14 10:50:19,292 - DEBUG - Bin 2: # contigs: 6, bin size: 1839248bp, # markers: 20
2022-02-14 10:50:19,292 - DEBUG - Bin 3: # contigs: 22, bin size: 1945448bp, # markers: 56
2022-02-14 10:50:19,292 - DEBUG - Bin 4: # contigs: 7, bin size: 2685901bp, # markers: 102
2022-02-14 10:50:19,292 - DEBUG - Bin 5: # contigs: 25, bin size: 4626679bp, # markers: 49
2022-02-14 10:50:19,292 - INFO - Writing the Final Binning result to file
2022-02-14 10:50:19,394 - INFO - Producing 5 bins...
2022-02-14 10:50:19,394 - INFO - Final binning results can be found in ../binning/Ctrl2b/bins/
2022-02-14 10:50:19,394 - INFO - Thank you for using MetaCoAG!
