Aligning contigs to reference...
	Aligning contigs to the reference
Filtering alignments...
Parsing coords...
Loading reference...
	Loaded [Kocuria_rhizophila_ATCC_9341_NC_010617.1]
	Total Regions: 1
	Total Region Length: 2696980
Analyzing contigs...
CONTIG: NODE_4_length_583354_cov_173.439161 (583354bp)
Best alignment score: 293906.2 (LEN: 293965, IDY: 99.98), Total number of alignments: 2
			Looking for the best set of alignments (out of 2 total alignments)
			The best set is below. Score: 583266.3, number of alignments: 2, unaligned bases: 0
		This contig is misassembled.
			Real Alignment 1: 1 293921 | 293965 1 | 293921 293965 | 99.98 | Kocuria_rhizophila_ATCC_9341_NC_010617.1 NODE_4_length_583354_cov_173.439161
			  Not a misassembly [linear representation of circular genome] between these two alignments
			Real Alignment 2: 2407585 2696980 | 583354 293966 | 289396 289389 | 99.99 | Kocuria_rhizophila_ATCC_9341_NC_010617.1 NODE_4_length_583354_cov_173.439161

CONTIG: NODE_5_length_489396_cov_130.225642 (489396bp)
Best alignment score: 489290.1 (LEN: 489339, IDY: 99.99), Total number of alignments: 1
		One align captures most of this contig: 1081505 1570807 | 489396 58 | 489303 489339 | 99.99 | Kocuria_rhizophila_ATCC_9341_NC_010617.1 NODE_5_length_489396_cov_130.225642

CONTIG: NODE_9_length_422898_cov_154.640576 (422898bp)
Best alignment score: 420657.9 (LEN: 420742, IDY: 99.98), Total number of alignments: 2
		Skipping these alignments as insignificant (option --ambiguity-score is set to "0.99"):
			Skipping alignment 296666 298593 | 1 1928 | 1928 1928 | 100.0 | Kocuria_rhizophila_ATCC_9341_NC_010617.1 NODE_9_length_422898_cov_154.640576
		One align captures most of this contig: 298612 719296 | 2157 422898 | 420685 420742 | 99.98 | Kocuria_rhizophila_ATCC_9341_NC_010617.1 NODE_9_length_422898_cov_154.640576

CONTIG: NODE_16_length_304679_cov_139.471549 (304679bp)
Best alignment score: 261903.0 (LEN: 261903, IDY: 100.00), Total number of alignments: 4
			Looking for the best set of alignments (out of 4 total alignments)
			The best set is below. Score: 304075.7, number of alignments: 4, unaligned bases: 528
		This contig is misassembled.
			Real Alignment 1: 2118163 2122905 | 4743 1 | 4743 4743 | 100.0 | Kocuria_rhizophila_ATCC_9341_NC_010617.1 NODE_16_length_304679_cov_139.471549
			  Gap between these two alignments (local misassembly). Inconsistency = -113
			Real Alignment 2: 2113279 2118170 | 9740 4849 | 4892 4892 | 100.0 | Kocuria_rhizophila_ATCC_9341_NC_010617.1 NODE_16_length_304679_cov_139.471549
			  Gap between these two alignments (local misassembly). Inconsistency = -222
			Real Alignment 3: 2080664 2113273 | 42580 9968 | 32610 32613 | 99.99 | Kocuria_rhizophila_ATCC_9341_NC_010617.1 NODE_16_length_304679_cov_139.471549
			  Gap between these two alignments (local misassembly). Inconsistency = -172
			Real Alignment 4: 1818770 2080666 | 304652 42750 | 261897 261903 | 100.0 | Kocuria_rhizophila_ATCC_9341_NC_010617.1 NODE_16_length_304679_cov_139.471549

CONTIG: NODE_24_length_216260_cov_136.891968 (216260bp)
Best alignment score: 216243.0 (LEN: 216243, IDY: 100.00), Total number of alignments: 1
		One align captures most of this contig: 865266 1081507 | 216257 15 | 216242 216243 | 100.0 | Kocuria_rhizophila_ATCC_9341_NC_010617.1 NODE_24_length_216260_cov_136.891968

CONTIG: NODE_25_length_210724_cov_155.777637 (210724bp)
Best alignment score: 210721.0 (LEN: 210721, IDY: 100.00), Total number of alignments: 1
		One align captures most of this contig: 2191422 2402134 | 4 210724 | 210713 210721 | 100.0 | Kocuria_rhizophila_ATCC_9341_NC_010617.1 NODE_25_length_210724_cov_155.777637

CONTIG: NODE_45_length_112837_cov_134.708331 (112837bp)
Best alignment score: 112829.0 (LEN: 112829, IDY: 100.00), Total number of alignments: 1
		One align captures most of this contig: 1635416 1748244 | 9 112837 | 112829 112829 | 100.0 | Kocuria_rhizophila_ATCC_9341_NC_010617.1 NODE_45_length_112837_cov_134.708331

CONTIG: NODE_62_length_75931_cov_150.300253 (75931bp)
Best alignment score: 75914.4 (LEN: 75922, IDY: 99.99), Total number of alignments: 1
		One align captures most of this contig: 789292 865204 | 75931 10 | 75913 75922 | 99.99 | Kocuria_rhizophila_ATCC_9341_NC_010617.1 NODE_62_length_75931_cov_150.300253

CONTIG: NODE_67_length_67282_cov_146.395377 (67282bp)
Best alignment score: 67267.0 (LEN: 67267, IDY: 100.00), Total number of alignments: 1
		One align captures most of this contig: 719281 786547 | 16 67282 | 67267 67267 | 100.0 | Kocuria_rhizophila_ATCC_9341_NC_010617.1 NODE_67_length_67282_cov_146.395377

CONTIG: NODE_69_length_63058_cov_149.928130 (63058bp)
Best alignment score: 63054.0 (LEN: 63054, IDY: 100.00), Total number of alignments: 1
		One align captures most of this contig: 2128371 2191424 | 1 63054 | 63054 63054 | 100.0 | Kocuria_rhizophila_ATCC_9341_NC_010617.1 NODE_69_length_63058_cov_149.928130

CONTIG: NODE_74_length_58127_cov_132.264964 (58127bp)
Best alignment score: 58016.1 (LEN: 58080, IDY: 99.89), Total number of alignments: 1
		One align captures most of this contig: 1570811 1628832 | 48 58127 | 58022 58080 | 99.89 | Kocuria_rhizophila_ATCC_9341_NC_010617.1 NODE_74_length_58127_cov_132.264964

CONTIG: NODE_96_length_38177_cov_133.560254 (38177bp)
Best alignment score: 38069.8 (LEN: 38127, IDY: 99.85), Total number of alignments: 1
		One align captures most of this contig: 1780549 1818734 | 38155 29 | 38186 38127 | 99.85 | Kocuria_rhizophila_ATCC_9341_NC_010617.1 NODE_96_length_38177_cov_133.560254

CONTIG: NODE_107_length_26799_cov_131.535672 (26799bp)
Best alignment score: 26794.0 (LEN: 26794, IDY: 100.00), Total number of alignments: 1
		One align captures most of this contig: 1753766 1780559 | 26799 6 | 26794 26794 | 100.0 | Kocuria_rhizophila_ATCC_9341_NC_010617.1 NODE_107_length_26799_cov_131.535672

CONTIG: NODE_127_length_6211_cov_138.657245 (6211bp)
Best alignment score: 6211.0 (LEN: 6211, IDY: 100.00), Total number of alignments: 1
		One align captures most of this contig: 1629205 1635415 | 1 6211 | 6211 6211 | 100.0 | Kocuria_rhizophila_ATCC_9341_NC_010617.1 NODE_127_length_6211_cov_138.657245

CONTIG: NODE_131_length_5560_cov_495.182380 (5560bp)
Best alignment score: 5560.0 (LEN: 5560, IDY: 100.00), Total number of alignments: 3
		Skipping these alignments as insignificant (option --ambiguity-score is set to "0.99"):
			Skipping alignment 2122853 2128354 | 59 5560 | 5502 5502 | 100.0 | Kocuria_rhizophila_ATCC_9341_NC_010617.1 NODE_131_length_5560_cov_495.182380
		This contig has 2 significant alignments. [An ambiguously mapped contig]
		Using only first of these alignment (option --ambiguity-usage is set to "one"):
			Alignment: 1748190 1753749 | 1 5560 | 5560 5560 | 100.0 | Kocuria_rhizophila_ATCC_9341_NC_010617.1 NODE_131_length_5560_cov_495.182380
			Skipping alignment 2402080 2407639 | 1 5560 | 5560 5560 | 99.98 | Kocuria_rhizophila_ATCC_9341_NC_010617.1 NODE_131_length_5560_cov_495.182380

CONTIG: NODE_142_length_2854_cov_332.666309 (2854bp)
Best alignment score: 2854.0 (LEN: 2854, IDY: 100.00), Total number of alignments: 2
		This contig has 2 significant alignments. [An ambiguously mapped contig]
		Using only first of these alignment (option --ambiguity-usage is set to "one"):
			Alignment: 786493 789346 | 1 2854 | 2854 2854 | 100.0 | Kocuria_rhizophila_ATCC_9341_NC_010617.1 NODE_142_length_2854_cov_332.666309
			Skipping alignment 293867 296720 | 1 2854 | 2854 2854 | 100.0 | Kocuria_rhizophila_ATCC_9341_NC_010617.1 NODE_142_length_2854_cov_332.666309

Analyzing coverage...
Writing SNPs into /home/modesto/data/freeDNA/quast_results/results_2022_03_10_13_57_32/runs_per_reference/Kocuria_rhizophila_ATCC_9341/contigs_reports/minimap_output/NA.used_snps.gz

Analysis is finished!
Founded SNPs were written into /home/modesto/data/freeDNA/quast_results/results_2022_03_10_13_57_32/runs_per_reference/Kocuria_rhizophila_ATCC_9341/contigs_reports/minimap_output/NA.used_snps.gz

Results:
	Local Misassemblies: 3
	Misassemblies: 0
		Relocations: 0
		Translocations: 0
		Inversions: 0
	Scaffold gap extensive misassemblies: 0
	Scaffold gap local misassemblies: 0
	Misassembled Contigs: 0
	Misassembled Contig Bases: 0
	Misassemblies Inter-Contig Overlap ("Extra" Aligned Bases): 0
Unaligned Contigs: 0 + 0 part
Half Unaligned Contigs with Misassemblies: 0
Unaligned Bases in Fully and Partially Unaligned Contigs: 0

Ambiguously Mapped Contigs: 2
Total Bases in Ambiguously Mapped Contigs: 8414
"Extra" Aligned Bases in Ambiguously Mapped Contigs: 0
Note that --allow-ambiguity option was set to "one" and only first alignment per each of these contigs was used (there is no "extra" aligned bases).

	Covered Bases in Reference: 2680883
	Raw Aligned Bases in Assembly: 2681248
	Total Aligned Bases in Assembly (with "Extras"): 2681248

	SNPs: 36
	Insertions: 245
	Deletions: 89

