Aligning contigs to reference...
	Aligning contigs to the reference
Filtering alignments...
Parsing coords...
Loading reference...
	Loaded [Kocuria_rhizophila_ATCC_9341_NC_010617.1]
	Total Regions: 1
	Total Region Length: 2696980
Analyzing contigs...
CONTIG: NODE_4_length_840041_cov_170.985933 (840041bp)
Best alignment score: 839957.0 (LEN: 840041, IDY: 99.99), Total number of alignments: 1
		One align captures most of this contig: 789292 1629252 | 840041 1 | 839961 840041 | 99.99 | Kocuria_rhizophila_ATCC_9341_NC_010617.1 NODE_4_length_840041_cov_170.985933

CONTIG: NODE_6_length_583329_cov_217.204329 (583329bp)
Best alignment score: 293910.6 (LEN: 293940, IDY: 99.99), Total number of alignments: 2
			Looking for the best set of alignments (out of 2 total alignments)
			The best set is below. Score: 583270.7, number of alignments: 2, unaligned bases: 0
		This contig is misassembled.
			Real Alignment 1: 1 293921 | 293940 1 | 293921 293940 | 99.99 | Kocuria_rhizophila_ATCC_9341_NC_010617.1 NODE_6_length_583329_cov_217.204329
			  Not a misassembly [linear representation of circular genome] between these two alignments
			Real Alignment 2: 2407585 2696980 | 583329 293941 | 289396 289389 | 99.99 | Kocuria_rhizophila_ATCC_9341_NC_010617.1 NODE_6_length_583329_cov_217.204329

CONTIG: NODE_7_length_490148_cov_195.127812 (490148bp)
Best alignment score: 487894.4 (LEN: 487992, IDY: 99.98), Total number of alignments: 2
		Skipping these alignments as insignificant (option --ambiguity-score is set to "0.99"):
			Skipping alignment 296666 298593 | 490148 488221 | 1928 1928 | 100.0 | Kocuria_rhizophila_ATCC_9341_NC_010617.1 NODE_7_length_490148_cov_195.127812
		One align captures most of this contig: 298612 786547 | 487992 1 | 487936 487992 | 99.98 | Kocuria_rhizophila_ATCC_9341_NC_010617.1 NODE_7_length_490148_cov_195.127812

CONTIG: NODE_16_length_310147_cov_186.419908 (310147bp)
Best alignment score: 261903.0 (LEN: 261903, IDY: 100.00), Total number of alignments: 4
			Looking for the best set of alignments (out of 4 total alignments)
			The best set is below. Score: 309496.2, number of alignments: 4, unaligned bases: 549
		This contig is misassembled.
			Real Alignment 1: 1818770 2080666 | 49 261951 | 261897 261903 | 100.0 | Kocuria_rhizophila_ATCC_9341_NC_010617.1 NODE_16_length_310147_cov_186.419908
			  Gap between these two alignments (local misassembly). Inconsistency = -172
			Real Alignment 2: 2080664 2113273 | 262121 294733 | 32610 32613 | 99.99 | Kocuria_rhizophila_ATCC_9341_NC_010617.1 NODE_16_length_310147_cov_186.419908
			  Gap between these two alignments (local misassembly). Inconsistency = -222
			Real Alignment 3: 2113279 2118170 | 294961 299852 | 4892 4892 | 100.0 | Kocuria_rhizophila_ATCC_9341_NC_010617.1 NODE_16_length_310147_cov_186.419908
			  Gap between these two alignments (local misassembly). Inconsistency = -113
			Real Alignment 4: 2118163 2128354 | 299958 310147 | 10192 10190 | 99.74 | Kocuria_rhizophila_ATCC_9341_NC_010617.1 NODE_16_length_310147_cov_186.419908

CONTIG: NODE_19_length_273772_cov_198.336285 (273772bp)
Best alignment score: 273772.0 (LEN: 273772, IDY: 100.00), Total number of alignments: 1
		One align captures most of this contig: 2128371 2402134 | 1 273772 | 273764 273772 | 100.0 | Kocuria_rhizophila_ATCC_9341_NC_010617.1 NODE_19_length_273772_cov_198.336285

CONTIG: NODE_40_length_118620_cov_174.473192 (118620bp)
Best alignment score: 118620.0 (LEN: 118620, IDY: 100.00), Total number of alignments: 1
		One align captures most of this contig: 1629625 1748244 | 118620 1 | 118620 118620 | 100.0 | Kocuria_rhizophila_ATCC_9341_NC_010617.1 NODE_40_length_118620_cov_174.473192

CONTIG: NODE_57_length_69844_cov_199.293427 (69844bp)
Best alignment score: 69736.2 (LEN: 69820, IDY: 99.88), Total number of alignments: 1
		One align captures most of this contig: 1748909 1818789 | 1 69820 | 69881 69820 | 99.88 | Kocuria_rhizophila_ATCC_9341_NC_010617.1 NODE_57_length_69844_cov_199.293427

CONTIG: NODE_129_length_2854_cov_396.855305 (2854bp)
Best alignment score: 2854.0 (LEN: 2854, IDY: 100.00), Total number of alignments: 2
		This contig has 2 significant alignments. [An ambiguously mapped contig]
		Using only first of these alignment (option --ambiguity-usage is set to "one"):
			Alignment: 786493 789346 | 2854 1 | 2854 2854 | 100.0 | Kocuria_rhizophila_ATCC_9341_NC_010617.1 NODE_129_length_2854_cov_396.855305
			Skipping alignment 293867 296720 | 2854 1 | 2854 2854 | 100.0 | Kocuria_rhizophila_ATCC_9341_NC_010617.1 NODE_129_length_2854_cov_396.855305

Analyzing coverage...
Writing SNPs into /home/modesto/data/freeDNA/quast_results/results_2022_03_10_13_57_32/runs_per_reference/Kocuria_rhizophila_ATCC_9341/contigs_reports/minimap_output/NA_2.used_snps.gz

Analysis is finished!
Founded SNPs were written into /home/modesto/data/freeDNA/quast_results/results_2022_03_10_13_57_32/runs_per_reference/Kocuria_rhizophila_ATCC_9341/contigs_reports/minimap_output/NA_2.used_snps.gz

Results:
	Local Misassemblies: 3
	Misassemblies: 0
		Relocations: 0
		Translocations: 0
		Inversions: 0
	Scaffold gap extensive misassemblies: 0
	Scaffold gap local misassemblies: 0
	Misassembled Contigs: 0
	Misassembled Contig Bases: 0
	Misassemblies Inter-Contig Overlap ("Extra" Aligned Bases): 0
Unaligned Contigs: 0 + 0 part
Half Unaligned Contigs with Misassemblies: 0
Unaligned Bases in Fully and Partially Unaligned Contigs: 0

Ambiguously Mapped Contigs: 1
Total Bases in Ambiguously Mapped Contigs: 2854
"Extra" Aligned Bases in Ambiguously Mapped Contigs: 0
Note that --allow-ambiguity option was set to "one" and only first alignment per each of these contigs was used (there is no "extra" aligned bases).

	Covered Bases in Reference: 2685783
	Raw Aligned Bases in Assembly: 2686026
	Total Aligned Bases in Assembly (with "Extras"): 2686026

	SNPs: 57
	Insertions: 205
	Deletions: 103

