Aligning contigs to reference...
	Aligning contigs to the reference
Filtering alignments...
Parsing coords...
Loading reference...
	Loaded [Kocuria_rhizophila_ATCC_9341_NC_010617.1]
	Total Regions: 1
	Total Region Length: 2696980
Analyzing contigs...
CONTIG: NODE_4_length_593849_cov_223.459526 (593849bp)
Best alignment score: 128156.0 (LEN: 128156, IDY: 100.00), Total number of alignments: 10
			Looking for the best set of alignments (out of 10 total alignments)
			The best set is below. Score: 592801.4, number of alignments: 10, unaligned bases: 54
		This contig is misassembled.
			Real Alignment 1: 1526498 1629252 | 102821 1 | 102755 102821 | 99.93 | Kocuria_rhizophila_ATCC_9341_NC_010617.1 NODE_4_length_593849_cov_223.459526
			  Extensive misassembly (relocation, inconsistency = -1558) between these two alignments
			Real Alignment 2: 1399901 1528055 | 230977 102822 | 128155 128156 | 100.0 | Kocuria_rhizophila_ATCC_9341_NC_010617.1 NODE_4_length_593849_cov_223.459526
			  Extensive misassembly (relocation, inconsistency = -2811) between these two alignments
			Real Alignment 3: 1396329 1402711 | 237362 230978 | 6383 6385 | 99.97 | Kocuria_rhizophila_ATCC_9341_NC_010617.1 NODE_4_length_593849_cov_223.459526
			  Overlap between these two alignments (local misassembly). Inconsistency = -686
			Real Alignment 4: 1348461 1397014 | 285916 237363 | 48554 48554 | 100.0 | Kocuria_rhizophila_ATCC_9341_NC_010617.1 NODE_4_length_593849_cov_223.459526
			  Overlap between these two alignments (local misassembly). Inconsistency = -851
			Excluding internal overlap of size 2 between Alignment 5 and 6: 1193010 1232762 | 443170 403417 | 39753 39754 --> 1193010 1232760 | 443170 403419 | 39751 39752
			Real Alignment 5: 1231833 1349311 | 403418 285917 | 117479 117502 | 99.98 | Kocuria_rhizophila_ATCC_9341_NC_010617.1 NODE_4_length_593849_cov_223.459526
			  Overlap between these two alignments (local misassembly). Inconsistency = -928
			Real Alignment 6: 1193010 1232760 | 443170 403419 | 39751 39752 | 100.0 | Kocuria_rhizophila_ATCC_9341_NC_010617.1 NODE_4_length_593849_cov_223.459526
			  Extensive misassembly (relocation, inconsistency = -3659) between these two alignments
			Real Alignment 7: 1190433 1196668 | 449407 443171 | 6236 6237 | 99.98 | Kocuria_rhizophila_ATCC_9341_NC_010617.1 NODE_4_length_593849_cov_223.459526
			  Overlap between these two alignments (local misassembly). Inconsistency = -664
			Real Alignment 8: 1147826 1191096 | 492678 449408 | 43271 43271 | 100.0 | Kocuria_rhizophila_ATCC_9341_NC_010617.1 NODE_4_length_593849_cov_223.459526
			  Overlap between these two alignments (local misassembly). Inconsistency = -930
			Real Alignment 9: 1106514 1148755 | 534920 492679 | 42242 42242 | 100.0 | Kocuria_rhizophila_ATCC_9341_NC_010617.1 NODE_4_length_593849_cov_223.459526
			  Overlap between these two alignments (local misassembly). Inconsistency = -834
			Real Alignment 10: 1048473 1107347 | 593795 534921 | 58875 58875 | 100.0 | Kocuria_rhizophila_ATCC_9341_NC_010617.1 NODE_4_length_593849_cov_223.459526

CONTIG: NODE_5_length_461821_cov_417.397461 (461821bp)
Best alignment score: 268962.0 (LEN: 268962, IDY: 100.00), Total number of alignments: 3
			Looking for the best set of alignments (out of 3 total alignments)
			The best set is below. Score: 461780.0, number of alignments: 3, unaligned bases: 0
		This contig is misassembled.
			Excluding internal overlap of size 1 between Alignment 1 and 2: 2504823 2533010 | 1 28188 | 28188 28188 --> 2504823 2533009 | 1 28187 | 28187 28187
			Real Alignment 1: 2504823 2533009 | 1 28187 | 28187 28187 | 100.0 | Kocuria_rhizophila_ATCC_9341_NC_010617.1 NODE_5_length_461821_cov_417.397461
			  Overlap between these two alignments (local misassembly). Inconsistency = -715
			Real Alignment 2: 2532295 2696980 | 28188 192859 | 164686 164672 | 99.99 | Kocuria_rhizophila_ATCC_9341_NC_010617.1 NODE_5_length_461821_cov_417.397461
			  Not a misassembly [linear representation of circular genome] between these two alignments
			Real Alignment 3: 1 268952 | 192860 461821 | 268952 268962 | 100.0 | Kocuria_rhizophila_ATCC_9341_NC_010617.1 NODE_5_length_461821_cov_417.397461

CONTIG: NODE_10_length_376610_cov_234.566993 (376610bp)
Best alignment score: 171251.5 (LEN: 171320, IDY: 99.96), Total number of alignments: 9
			Looking for the best set of alignments (out of 9 total alignments)
			The best set is below. Score: 375384.3, number of alignments: 9, unaligned bases: 501
		This contig is misassembled.
			Real Alignment 1: 1753695 1763818 | 1 10124 | 10124 10124 | 100.0 | Kocuria_rhizophila_ATCC_9341_NC_010617.1 NODE_10_length_376610_cov_234.566993
			  Overlap between these two alignments (local misassembly). Inconsistency = -851
			Excluding internal overlap of size 1 between Alignment 2 and 3: 1932127 2000828 | 181444 250151 | 68702 68708 --> 1932128 2000828 | 181445 250151 | 68701 68707
			Real Alignment 2: 1762968 1934346 | 10125 181444 | 171379 171320 | 99.96 | Kocuria_rhizophila_ATCC_9341_NC_010617.1 NODE_10_length_376610_cov_234.566993
			  Extensive misassembly (relocation, inconsistency = -2219) between these two alignments
			Excluding internal overlap of size 1 between Alignment 3 and 4: 1998266 2015521 | 250151 267406 | 17256 17256 --> 1998267 2015521 | 250152 267406 | 17255 17255
			Real Alignment 3: 1932128 2000828 | 181445 250151 | 68701 68707 | 99.99 | Kocuria_rhizophila_ATCC_9341_NC_010617.1 NODE_10_length_376610_cov_234.566993
			  Extensive misassembly (relocation, inconsistency = -2562) between these two alignments
			Excluding internal overlap of size 2 between Alignment 4 and 5: 2014850 2028798 | 267405 281353 | 13949 13949 --> 2014852 2028798 | 267407 281353 | 13947 13947
			Real Alignment 4: 1998267 2015521 | 250152 267406 | 17255 17255 | 100.0 | Kocuria_rhizophila_ATCC_9341_NC_010617.1 NODE_10_length_376610_cov_234.566993
			  Overlap between these two alignments (local misassembly). Inconsistency = -670
			Real Alignment 5: 2014852 2028798 | 267407 281353 | 13947 13947 | 100.0 | Kocuria_rhizophila_ATCC_9341_NC_010617.1 NODE_10_length_376610_cov_234.566993
			  Overlap between these two alignments (local misassembly). Inconsistency = -648
			Real Alignment 6: 2028151 2080666 | 281354 333869 | 52516 52516 | 100.0 | Kocuria_rhizophila_ATCC_9341_NC_010617.1 NODE_10_length_376610_cov_234.566993
			  Gap between these two alignments (local misassembly). Inconsistency = -172
			Real Alignment 7: 2080664 2113273 | 334039 366651 | 32610 32613 | 99.99 | Kocuria_rhizophila_ATCC_9341_NC_010617.1 NODE_10_length_376610_cov_234.566993
			  Gap between these two alignments (local misassembly). Inconsistency = -222
			Real Alignment 8: 2113279 2118170 | 366879 371770 | 4892 4892 | 100.0 | Kocuria_rhizophila_ATCC_9341_NC_010617.1 NODE_10_length_376610_cov_234.566993
			  Gap between these two alignments (local misassembly). Inconsistency = -113
			Real Alignment 9: 2118163 2122897 | 371876 376610 | 4735 4735 | 100.0 | Kocuria_rhizophila_ATCC_9341_NC_010617.1 NODE_10_length_376610_cov_234.566993

CONTIG: NODE_16_length_273772_cov_300.483211 (273772bp)
Best alignment score: 273772.0 (LEN: 273772, IDY: 100.00), Total number of alignments: 1
		One align captures most of this contig: 2128371 2402134 | 1 273772 | 273764 273772 | 100.0 | Kocuria_rhizophila_ATCC_9341_NC_010617.1 NODE_16_length_273772_cov_300.483211

CONTIG: NODE_20_length_260102_cov_235.719328 (260102bp)
Best alignment score: 136773.0 (LEN: 136773, IDY: 100.00), Total number of alignments: 2
			Looking for the best set of alignments (out of 2 total alignments)
			The best set is below. Score: 260064.7, number of alignments: 2, unaligned bases: 0
		This contig is misassembled.
			Excluding internal overlap of size 2 between Alignment 1 and 2: 789292 912613 | 260102 136772 | 123322 123331 --> 789292 912611 | 260102 136774 | 123320 123329
			Real Alignment 1: 911756 1048527 | 136773 1 | 136772 136773 | 100.0 | Kocuria_rhizophila_ATCC_9341_NC_010617.1 NODE_20_length_260102_cov_235.719328
			  Overlap between these two alignments (local misassembly). Inconsistency = -856
			Real Alignment 2: 789292 912611 | 260102 136774 | 123320 123329 | 99.99 | Kocuria_rhizophila_ATCC_9341_NC_010617.1 NODE_20_length_260102_cov_235.719328

CONTIG: NODE_34_length_172699_cov_360.053706 (172699bp)
Best alignment score: 100145.0 (LEN: 100155, IDY: 99.99), Total number of alignments: 3
			Looking for the best set of alignments (out of 3 total alignments)
			The best set is below. Score: 172315.8, number of alignments: 3, unaligned bases: 283
		This contig is misassembled.
			Real Alignment 1: 296669 298593 | 1 1925 | 1925 1925 | 100.0 | Kocuria_rhizophila_ATCC_9341_NC_010617.1 NODE_34_length_172699_cov_360.053706
			  Gap between these two alignments (local misassembly). Inconsistency = -210
			Real Alignment 2: 298612 398760 | 2154 102308 | 100149 100155 | 99.99 | Kocuria_rhizophila_ATCC_9341_NC_010617.1 NODE_34_length_172699_cov_360.053706
			  Overlap between these two alignments (local misassembly). Inconsistency = -700
			Real Alignment 3: 398061 468353 | 102309 172644 | 70293 70336 | 99.94 | Kocuria_rhizophila_ATCC_9341_NC_010617.1 NODE_34_length_172699_cov_360.053706

CONTIG: NODE_41_length_141899_cov_257.105320 (141899bp)
Best alignment score: 63448.7 (LEN: 63455, IDY: 99.99), Total number of alignments: 3
			Looking for the best set of alignments (out of 3 total alignments)
			The best set is below. Score: 141792.7, number of alignments: 3, unaligned bases: 52
		This contig is misassembled.
			Real Alignment 1: 545530 580798 | 53 35321 | 35269 35269 | 100.0 | Kocuria_rhizophila_ATCC_9341_NC_010617.1 NODE_41_length_141899_cov_257.105320
			  Overlap between these two alignments (local misassembly). Inconsistency = -647
			Real Alignment 2: 580152 643605 | 35322 98776 | 63454 63455 | 99.99 | Kocuria_rhizophila_ATCC_9341_NC_010617.1 NODE_41_length_141899_cov_257.105320
			  Overlap between these two alignments (local misassembly). Inconsistency = -701
			Real Alignment 3: 642905 686027 | 98777 141899 | 43123 43123 | 100.0 | Kocuria_rhizophila_ATCC_9341_NC_010617.1 NODE_41_length_141899_cov_257.105320

CONTIG: NODE_46_length_120619_cov_223.117365 (120619bp)
Best alignment score: 67098.0 (LEN: 67098, IDY: 100.00), Total number of alignments: 3
			Looking for the best set of alignments (out of 3 total alignments)
			The best set is below. Score: 120344.5, number of alignments: 3, unaligned bases: 0
		This contig is misassembled.
			Real Alignment 1: 1681147 1748244 | 67098 1 | 67098 67098 | 100.0 | Kocuria_rhizophila_ATCC_9341_NC_010617.1 NODE_46_length_120619_cov_223.117365
			  Extensive misassembly (relocation, inconsistency = -1082) between these two alignments
			Excluding internal overlap of size 1 between Alignment 2 and 3: 1664727 1682228 | 84600 67099 | 17502 17502 --> 1664728 1682228 | 84599 67099 | 17501 17501
			Real Alignment 2: 1664728 1682228 | 84599 67099 | 17501 17501 | 100.0 | Kocuria_rhizophila_ATCC_9341_NC_010617.1 NODE_46_length_120619_cov_223.117365
			  Overlap between these two alignments (local misassembly). Inconsistency = -917
			Real Alignment 3: 1629625 1665644 | 120619 84600 | 36020 36020 | 100.0 | Kocuria_rhizophila_ATCC_9341_NC_010617.1 NODE_46_length_120619_cov_223.117365

CONTIG: NODE_60_length_100307_cov_265.704963 (100307bp)
Best alignment score: 81160.9 (LEN: 81169, IDY: 99.99), Total number of alignments: 2
			Looking for the best set of alignments (out of 2 total alignments)
			The best set is below. Score: 100273.9, number of alignments: 2, unaligned bases: 0
		This contig is misassembled.
			Excluding internal overlap of size 2 between Alignment 1 and 2: 767408 786547 | 19140 1 | 19140 19140 --> 767410 786547 | 19138 1 | 19138 19138
			Real Alignment 1: 767410 786547 | 19138 1 | 19138 19138 | 100.0 | Kocuria_rhizophila_ATCC_9341_NC_010617.1 NODE_60_length_100307_cov_265.704963
			  Overlap between these two alignments (local misassembly). Inconsistency = -968
			Real Alignment 2: 687201 768377 | 100307 19139 | 81177 81169 | 99.99 | Kocuria_rhizophila_ATCC_9341_NC_010617.1 NODE_60_length_100307_cov_265.704963

CONTIG: NODE_66_length_78689_cov_295.783096 (78689bp)
Best alignment score: 47255.0 (LEN: 47255, IDY: 100.00), Total number of alignments: 3
			Looking for the best set of alignments (out of 3 total alignments)
			The best set is below. Score: 78621.8, number of alignments: 3, unaligned bases: 18
		This contig is misassembled.
			Excluding internal overlap of size 1 between Alignment 1 and 2: 468299 492460 | 1 24162 | 24162 24162 --> 468299 492459 | 1 24161 | 24161 24161
			Real Alignment 1: 468299 492459 | 1 24161 | 24161 24161 | 100.0 | Kocuria_rhizophila_ATCC_9341_NC_010617.1 NODE_66_length_78689_cov_295.783096
			  Overlap between these two alignments (local misassembly). Inconsistency = -875
			Real Alignment 2: 491585 538838 | 24162 71416 | 47254 47255 | 100.0 | Kocuria_rhizophila_ATCC_9341_NC_010617.1 NODE_66_length_78689_cov_295.783096
			  Overlap between these two alignments (local misassembly). Inconsistency = -563
			Real Alignment 3: 538276 545529 | 71417 78671 | 7254 7255 | 99.99 | Kocuria_rhizophila_ATCC_9341_NC_010617.1 NODE_66_length_78689_cov_295.783096

CONTIG: NODE_77_length_57649_cov_406.934820 (57649bp)
Best alignment score: 57549.2 (LEN: 57555, IDY: 99.99), Total number of alignments: 1
		One align captures most of this contig: 2447328 2504877 | 40 57594 | 57550 57555 | 99.99 | Kocuria_rhizophila_ATCC_9341_NC_010617.1 NODE_77_length_57649_cov_406.934820

CONTIG: NODE_96_length_39762_cov_342.379807 (39762bp)
Best alignment score: 39739.0 (LEN: 39743, IDY: 99.99), Total number of alignments: 1
		One align captures most of this contig: 2407585 2447327 | 1 39743 | 39743 39743 | 99.99 | Kocuria_rhizophila_ATCC_9341_NC_010617.1 NODE_96_length_39762_cov_342.379807

CONTIG: NODE_113_length_24159_cov_418.795760 (24159bp)
Best alignment score: 24159.0 (LEN: 24159, IDY: 100.00), Total number of alignments: 1
		One align captures most of this contig: 269763 293921 | 1 24159 | 24159 24159 | 100.0 | Kocuria_rhizophila_ATCC_9341_NC_010617.1 NODE_113_length_24159_cov_418.795760

CONTIG: NODE_136_length_5560_cov_131.698274 (5560bp)
Best alignment score: 5560.0 (LEN: 5560, IDY: 100.00), Total number of alignments: 3
		Skipping these alignments as insignificant (option --ambiguity-score is set to "0.99"):
			Skipping alignment 2122853 2128354 | 59 5560 | 5502 5502 | 100.0 | Kocuria_rhizophila_ATCC_9341_NC_010617.1 NODE_136_length_5560_cov_131.698274
		This contig has 2 significant alignments. [An ambiguously mapped contig]
		Using only first of these alignment (option --ambiguity-usage is set to "one"):
			Alignment: 1748190 1753749 | 1 5560 | 5560 5560 | 100.0 | Kocuria_rhizophila_ATCC_9341_NC_010617.1 NODE_136_length_5560_cov_131.698274
			Skipping alignment 2402080 2407639 | 1 5560 | 5560 5560 | 99.98 | Kocuria_rhizophila_ATCC_9341_NC_010617.1 NODE_136_length_5560_cov_131.698274

CONTIG: NODE_150_length_2857_cov_2605.114561 (2857bp)
Best alignment score: 2857.0 (LEN: 2857, IDY: 100.00), Total number of alignments: 2
		This contig has 2 significant alignments. [An ambiguously mapped contig]
		Using only first of these alignment (option --ambiguity-usage is set to "one"):
			Alignment: 293867 296723 | 1 2857 | 2857 2857 | 100.0 | Kocuria_rhizophila_ATCC_9341_NC_010617.1 NODE_150_length_2857_cov_2605.114561
			Skipping alignment 786493 789346 | 1 2854 | 2854 2854 | 100.0 | Kocuria_rhizophila_ATCC_9341_NC_010617.1 NODE_150_length_2857_cov_2605.114561

CONTIG: NODE_167_length_1283_cov_225.963355 (1283bp)
Best alignment score: 1283.0 (LEN: 1283, IDY: 100.00), Total number of alignments: 1
		One align captures most of this contig: 685973 687255 | 1 1283 | 1283 1283 | 100.0 | Kocuria_rhizophila_ATCC_9341_NC_010617.1 NODE_167_length_1283_cov_225.963355

CONTIG: NODE_176_length_920_cov_990.991908 (920bp)
Best alignment score: 920.0 (LEN: 920, IDY: 100.00), Total number of alignments: 1
		One align captures most of this contig: 268898 269817 | 920 1 | 920 920 | 100.0 | Kocuria_rhizophila_ATCC_9341_NC_010617.1 NODE_176_length_920_cov_990.991908

Analyzing coverage...
Writing SNPs into /home/modesto/data/freeDNA/quast_results/results_2022_03_10_13_57_32/runs_per_reference/Kocuria_rhizophila_ATCC_9341/contigs_reports/minimap_output/piMDA_2.used_snps.gz

Analysis is finished!
Founded SNPs were written into /home/modesto/data/freeDNA/quast_results/results_2022_03_10_13_57_32/runs_per_reference/Kocuria_rhizophila_ATCC_9341/contigs_reports/minimap_output/piMDA_2.used_snps.gz

Results:
	Local Misassemblies: 22
	Misassemblies: 6
		Relocations: 6
		Translocations: 0
		Inversions: 0
	Scaffold gap extensive misassemblies: 0
	Scaffold gap local misassemblies: 0
	Misassembled Contigs: 3
	Misassembled Contig Bases: 1091078
	Misassemblies Inter-Contig Overlap ("Extra" Aligned Bases): 0
Unaligned Contigs: 0 + 0 part
Half Unaligned Contigs with Misassemblies: 0
Unaligned Bases in Fully and Partially Unaligned Contigs: 0

Ambiguously Mapped Contigs: 2
Total Bases in Ambiguously Mapped Contigs: 8417
"Extra" Aligned Bases in Ambiguously Mapped Contigs: 0
Note that --allow-ambiguity option was set to "one" and only first alignment per each of these contigs was used (there is no "extra" aligned bases).

	Covered Bases in Reference: 2682918
	Raw Aligned Bases in Assembly: 2711535
	Total Aligned Bases in Assembly (with "Extras"): 2711535

	SNPs: 28
	Insertions: 196
	Deletions: 89

