Aligning contigs to reference...
	Aligning contigs to the reference
Filtering alignments...
Parsing coords...
Loading reference...
	Loaded [Kocuria_rhizophila_ATCC_9341_NC_010617.1]
	Total Regions: 1
	Total Region Length: 2696980
Analyzing contigs...
CONTIG: NODE_13_length_305864_cov_195.212643 (305864bp)
Best alignment score: 139602.0 (LEN: 139616, IDY: 99.99), Total number of alignments: 6
			Looking for the best set of alignments (out of 6 total alignments)
			The best set is below. Score: 305202.8, number of alignments: 6, unaligned bases: 522
		This contig is misassembled.
			Real Alignment 1: 2118163 2122894 | 4732 1 | 4732 4732 | 100.0 | Kocuria_rhizophila_ATCC_9341_NC_010617.1 NODE_13_length_305864_cov_195.212643
			  Gap between these two alignments (local misassembly). Inconsistency = -113
			Real Alignment 2: 2113279 2118170 | 9729 4838 | 4892 4892 | 100.0 | Kocuria_rhizophila_ATCC_9341_NC_010617.1 NODE_13_length_305864_cov_195.212643
			  Gap between these two alignments (local misassembly). Inconsistency = -222
			Real Alignment 3: 2080664 2113273 | 42569 9957 | 32610 32613 | 99.99 | Kocuria_rhizophila_ATCC_9341_NC_010617.1 NODE_13_length_305864_cov_195.212643
			  Gap between these two alignments (local misassembly). Inconsistency = -172
			Excluding internal overlap of size 3 between Alignment 4 and 5: 1976747 2080666 | 146658 42739 | 103920 103920 --> 1976750 2080666 | 146655 42739 | 103917 103917
			Real Alignment 4: 1976750 2080666 | 146655 42739 | 103917 103917 | 100.0 | Kocuria_rhizophila_ATCC_9341_NC_010617.1 NODE_13_length_305864_cov_195.212643
			  Overlap between these two alignments (local misassembly). Inconsistency = -664
			Excluding internal overlap of size 1 between Alignment 5 and 6: 1818770 1838342 | 305843 286271 | 19573 19573 --> 1818770 1838341 | 305843 286272 | 19572 19572
			Real Alignment 5: 1837804 1977413 | 286271 146656 | 139610 139616 | 99.99 | Kocuria_rhizophila_ATCC_9341_NC_010617.1 NODE_13_length_305864_cov_195.212643
			  Overlap between these two alignments (local misassembly). Inconsistency = -538
			Real Alignment 6: 1818770 1838341 | 305843 286272 | 19572 19572 | 100.0 | Kocuria_rhizophila_ATCC_9341_NC_010617.1 NODE_13_length_305864_cov_195.212643

CONTIG: NODE_14_length_299925_cov_357.673485 (299925bp)
Best alignment score: 201843.4 (LEN: 201904, IDY: 99.97), Total number of alignments: 3
			Looking for the best set of alignments (out of 3 total alignments)
			The best set is below. Score: 299840.4, number of alignments: 3, unaligned bases: 0
		This contig is misassembled.
			Real Alignment 1: 92087 293921 | 201904 1 | 201835 201904 | 99.97 | Kocuria_rhizophila_ATCC_9341_NC_010617.1 NODE_14_length_299925_cov_357.673485
			  Overlap between these two alignments (local misassembly). Inconsistency = -949
			Real Alignment 2: 1 93035 | 294939 201905 | 93035 93035 | 100.0 | Kocuria_rhizophila_ATCC_9341_NC_010617.1 NODE_14_length_299925_cov_357.673485
			  Not a misassembly [linear representation of circular genome] between these two alignments
			Real Alignment 3: 2691995 2696980 | 299925 294940 | 4986 4986 | 100.0 | Kocuria_rhizophila_ATCC_9341_NC_010617.1 NODE_14_length_299925_cov_357.673485

CONTIG: NODE_19_length_249145_cov_281.852258 (249145bp)
Best alignment score: 246918.6 (LEN: 246968, IDY: 99.98), Total number of alignments: 2
		Skipping these alignments as insignificant (option --ambiguity-score is set to "0.99"):
			Skipping alignment 296666 298593 | 1 1928 | 1928 1928 | 100.0 | Kocuria_rhizophila_ATCC_9341_NC_010617.1 NODE_19_length_249145_cov_281.852258
		One align captures most of this contig: 298612 545529 | 2158 249125 | 246918 246968 | 99.98 | Kocuria_rhizophila_ATCC_9341_NC_010617.1 NODE_19_length_249145_cov_281.852258

CONTIG: NODE_20_length_239557_cov_209.072622 (239557bp)
Best alignment score: 239533.0 (LEN: 239557, IDY: 99.99), Total number of alignments: 1
		One align captures most of this contig: 546984 786547 | 1 239557 | 239564 239557 | 99.99 | Kocuria_rhizophila_ATCC_9341_NC_010617.1 NODE_20_length_239557_cov_209.072622

CONTIG: NODE_21_length_239546_cov_187.961840 (239546bp)
Best alignment score: 129333.0 (LEN: 129333, IDY: 100.00), Total number of alignments: 2
			Looking for the best set of alignments (out of 2 total alignments)
			The best set is below. Score: 239295.5, number of alignments: 2, unaligned bases: 0
		This contig is misassembled.
			Excluding internal overlap of size 1 between Alignment 1 and 2: 1279470 1389682 | 239546 129333 | 110213 110214 --> 1279470 1389681 | 239546 129334 | 110212 110213
			Real Alignment 1: 1388313 1517642 | 129333 1 | 129330 129333 | 100.0 | Kocuria_rhizophila_ATCC_9341_NC_010617.1 NODE_21_length_239546_cov_187.961840
			  Extensive misassembly (relocation, inconsistency = -1369) between these two alignments
			Real Alignment 2: 1279470 1389681 | 239546 129334 | 110212 110213 | 100.0 | Kocuria_rhizophila_ATCC_9341_NC_010617.1 NODE_21_length_239546_cov_187.961840

CONTIG: NODE_25_length_198003_cov_173.075186 (198003bp)
Best alignment score: 197971.0 (LEN: 197971, IDY: 100.00), Total number of alignments: 1
		One align captures most of this contig: 1081505 1279469 | 198003 33 | 197965 197971 | 100.0 | Kocuria_rhizophila_ATCC_9341_NC_010617.1 NODE_25_length_198003_cov_173.075186

CONTIG: NODE_28_length_174021_cov_242.558615 (174021bp)
Best alignment score: 174003.6 (LEN: 174021, IDY: 99.99), Total number of alignments: 1
		One align captures most of this contig: 2228122 2402134 | 174021 1 | 174013 174021 | 99.99 | Kocuria_rhizophila_ATCC_9341_NC_010617.1 NODE_28_length_174021_cov_242.558615

CONTIG: NODE_29_length_170278_cov_328.036176 (170278bp)
Best alignment score: 70876.9 (LEN: 70884, IDY: 99.99), Total number of alignments: 4
			Looking for the best set of alignments (out of 4 total alignments)
			The best set is below. Score: 169922.4, number of alignments: 4, unaligned bases: 50
		This contig is misassembled.
			Real Alignment 1: 2589874 2615416 | 25543 1 | 25543 25543 | 100.0 | Kocuria_rhizophila_ATCC_9341_NC_010617.1 NODE_29_length_170278_cov_328.036176
			  Extensive misassembly (relocation, inconsistency = -1043) between these two alignments
			Excluding internal overlap of size 1 between Alignment 2 and 3: 2517663 2523864 | 99344 93143 | 6202 6202 --> 2517663 2523863 | 99344 93144 | 6201 6201
			Real Alignment 2: 2523317 2590916 | 93143 25544 | 67600 67600 | 100.0 | Kocuria_rhizophila_ATCC_9341_NC_010617.1 NODE_29_length_170278_cov_328.036176
			  Overlap between these two alignments (local misassembly). Inconsistency = -547
			Real Alignment 3: 2517663 2523863 | 99344 93144 | 6201 6201 | 100.0 | Kocuria_rhizophila_ATCC_9341_NC_010617.1 NODE_29_length_170278_cov_328.036176
			  Overlap between these two alignments (local misassembly). Inconsistency = -544
			Real Alignment 4: 2447328 2518206 | 170228 99345 | 70879 70884 | 99.99 | Kocuria_rhizophila_ATCC_9341_NC_010617.1 NODE_29_length_170278_cov_328.036176

CONTIG: NODE_45_length_109165_cov_176.559481 (109165bp)
Best alignment score: 109165.0 (LEN: 109165, IDY: 100.00), Total number of alignments: 1
		One align captures most of this contig: 1639080 1748244 | 1 109165 | 109165 109165 | 100.0 | Kocuria_rhizophila_ATCC_9341_NC_010617.1 NODE_45_length_109165_cov_176.559481

CONTIG: NODE_46_length_108298_cov_169.322968 (108298bp)
Best alignment score: 108298.0 (LEN: 108298, IDY: 100.00), Total number of alignments: 1
		One align captures most of this contig: 961716 1070013 | 108298 1 | 108298 108298 | 100.0 | Kocuria_rhizophila_ATCC_9341_NC_010617.1 NODE_46_length_108298_cov_169.322968

CONTIG: NODE_53_length_98717_cov_238.816069 (98717bp)
Best alignment score: 98669.0 (LEN: 98669, IDY: 100.00), Total number of alignments: 1
		One align captures most of this contig: 2129485 2228153 | 98717 49 | 98669 98669 | 100.0 | Kocuria_rhizophila_ATCC_9341_NC_010617.1 NODE_53_length_98717_cov_238.816069

CONTIG: NODE_63_length_76727_cov_363.253365 (76727bp)
Best alignment score: 76664.3 (LEN: 76672, IDY: 99.99), Total number of alignments: 1
		One align captures most of this contig: 2615362 2692030 | 76672 1 | 76669 76672 | 99.99 | Kocuria_rhizophila_ATCC_9341_NC_010617.1 NODE_63_length_76727_cov_363.253365

CONTIG: NODE_65_length_75934_cov_249.610222 (75934bp)
Best alignment score: 75917.4 (LEN: 75925, IDY: 99.99), Total number of alignments: 1
		One align captures most of this contig: 789292 865207 | 75934 10 | 75916 75925 | 99.99 | Kocuria_rhizophila_ATCC_9341_NC_010617.1 NODE_65_length_75934_cov_249.610222

CONTIG: NODE_66_length_74768_cov_131.174829 (74768bp)
Best alignment score: 74768.0 (LEN: 74768, IDY: 100.00), Total number of alignments: 1
		One align captures most of this contig: 887004 961770 | 74768 1 | 74767 74768 | 100.0 | Kocuria_rhizophila_ATCC_9341_NC_010617.1 NODE_66_length_74768_cov_131.174829

CONTIG: NODE_78_length_58552_cov_189.438535 (58552bp)
Best alignment score: 58436.6 (LEN: 58501, IDY: 99.89), Total number of alignments: 1
		One align captures most of this contig: 1570811 1629252 | 52 58552 | 58442 58501 | 99.89 | Kocuria_rhizophila_ATCC_9341_NC_010617.1 NODE_78_length_58552_cov_189.438535

CONTIG: NODE_90_length_50678_cov_150.062205 (50678bp)
Best alignment score: 50617.9 (LEN: 50623, IDY: 99.99), Total number of alignments: 1
		One align captures most of this contig: 1520191 1570807 | 50678 56 | 50617 50623 | 99.99 | Kocuria_rhizophila_ATCC_9341_NC_010617.1 NODE_90_length_50678_cov_150.062205

CONTIG: NODE_102_length_40929_cov_293.031878 (40929bp)
Best alignment score: 38502.1 (LEN: 38506, IDY: 99.99), Total number of alignments: 2
			Looking for the best set of alignments (out of 2 total alignments)
			The best set is below. Score: 40663.1, number of alignments: 2, unaligned bases: 12
		This contig is misassembled.
			Real Alignment 1: 2407585 2409995 | 1 2411 | 2411 2411 | 100.0 | Kocuria_rhizophila_ATCC_9341_NC_010617.1 NODE_102_length_40929_cov_293.031878
			  Extensive misassembly (relocation, inconsistency = -1174) between these two alignments
			Real Alignment 2: 2408822 2447327 | 2412 40917 | 38506 38506 | 99.99 | Kocuria_rhizophila_ATCC_9341_NC_010617.1 NODE_102_length_40929_cov_293.031878

CONTIG: NODE_111_length_32843_cov_167.018391 (32843bp)
Best alignment score: 21312.0 (LEN: 21312, IDY: 100.00), Total number of alignments: 2
			Looking for the best set of alignments (out of 2 total alignments)
			The best set is below. Score: 32736.8, number of alignments: 2, unaligned bases: 23
		This contig is misassembled.
			Excluding internal overlap of size 1 between Alignment 1 and 2: 1780549 1792116 | 32820 21312 | 11568 11509 --> 1780549 1792115 | 32820 21313 | 11567 11508
			Real Alignment 1: 1791227 1812538 | 21312 1 | 21312 21312 | 100.0 | Kocuria_rhizophila_ATCC_9341_NC_010617.1 NODE_111_length_32843_cov_167.018391
			  Overlap between these two alignments (local misassembly). Inconsistency = -889
			Real Alignment 2: 1780549 1792115 | 32820 21313 | 11567 11508 | 99.49 | Kocuria_rhizophila_ATCC_9341_NC_010617.1 NODE_111_length_32843_cov_167.018391

CONTIG: NODE_124_length_25604_cov_135.447063 (25604bp)
Best alignment score: 25604.0 (LEN: 25604, IDY: 100.00), Total number of alignments: 1
		One align captures most of this contig: 1754947 1780550 | 25604 1 | 25604 25604 | 100.0 | Kocuria_rhizophila_ATCC_9341_NC_010617.1 NODE_124_length_25604_cov_135.447063

CONTIG: NODE_129_length_21815_cov_232.867188 (21815bp)
Best alignment score: 21815.0 (LEN: 21815, IDY: 100.00), Total number of alignments: 1
		One align captures most of this contig: 865244 887058 | 1 21815 | 21815 21815 | 100.0 | Kocuria_rhizophila_ATCC_9341_NC_010617.1 NODE_129_length_21815_cov_232.867188

CONTIG: NODE_143_length_11575_cov_163.120833 (11575bp)
Best alignment score: 11549.0 (LEN: 11549, IDY: 100.00), Total number of alignments: 1
		One align captures most of this contig: 1069959 1081507 | 11575 27 | 11549 11549 | 100.0 | Kocuria_rhizophila_ATCC_9341_NC_010617.1 NODE_143_length_11575_cov_163.120833

CONTIG: NODE_145_length_9564_cov_144.874014 (9564bp)
Best alignment score: 9509.0 (LEN: 9510, IDY: 99.99), Total number of alignments: 1
		One align captures most of this contig: 1629625 1639134 | 1 9510 | 9510 9510 | 99.99 | Kocuria_rhizophila_ATCC_9341_NC_010617.1 NODE_145_length_9564_cov_144.874014

CONTIG: NODE_151_length_6248_cov_116.125141 (6248bp)
Best alignment score: 6229.0 (LEN: 6229, IDY: 100.00), Total number of alignments: 1
		One align captures most of this contig: 1812506 1818734 | 6232 4 | 6229 6229 | 100.0 | Kocuria_rhizophila_ATCC_9341_NC_010617.1 NODE_151_length_6248_cov_116.125141

CONTIG: NODE_155_length_5560_cov_100.205086 (5560bp)
Best alignment score: 5560.0 (LEN: 5560, IDY: 100.00), Total number of alignments: 3
		Skipping these alignments as insignificant (option --ambiguity-score is set to "0.99"):
			Skipping alignment 2122853 2128354 | 59 5560 | 5502 5502 | 100.0 | Kocuria_rhizophila_ATCC_9341_NC_010617.1 NODE_155_length_5560_cov_100.205086
		This contig has 2 significant alignments. [An ambiguously mapped contig]
		Using only first of these alignment (option --ambiguity-usage is set to "one"):
			Alignment: 1748190 1753749 | 1 5560 | 5560 5560 | 100.0 | Kocuria_rhizophila_ATCC_9341_NC_010617.1 NODE_155_length_5560_cov_100.205086
			Skipping alignment 2402080 2407639 | 1 5560 | 5560 5560 | 99.98 | Kocuria_rhizophila_ATCC_9341_NC_010617.1 NODE_155_length_5560_cov_100.205086

CONTIG: NODE_170_length_2854_cov_2385.619150 (2854bp)
Best alignment score: 2854.0 (LEN: 2854, IDY: 100.00), Total number of alignments: 2
		This contig has 2 significant alignments. [An ambiguously mapped contig]
		Using only first of these alignment (option --ambiguity-usage is set to "one"):
			Alignment: 786493 789346 | 1 2854 | 2854 2854 | 100.0 | Kocuria_rhizophila_ATCC_9341_NC_010617.1 NODE_170_length_2854_cov_2385.619150
			Skipping alignment 293867 296720 | 1 2854 | 2854 2854 | 100.0 | Kocuria_rhizophila_ATCC_9341_NC_010617.1 NODE_170_length_2854_cov_2385.619150

CONTIG: NODE_179_length_1619_cov_228.335678 (1619bp)
Best alignment score: 1619.0 (LEN: 1619, IDY: 100.00), Total number of alignments: 1
		One align captures most of this contig: 1518627 1520245 | 1 1619 | 1619 1619 | 100.0 | Kocuria_rhizophila_ATCC_9341_NC_010617.1 NODE_179_length_1619_cov_228.335678

CONTIG: NODE_181_length_1534_cov_217.883029 (1534bp)
Best alignment score: 1482.0 (LEN: 1482, IDY: 100.00), Total number of alignments: 1
			Looking for the best set of alignments (out of 1 total alignments)
			The best set is below. Score: 1482.0, number of alignments: 1, unaligned bases: 52
		Alignment: 545530 547011 | 53 1534 | 1482 1482 | 100.0 | Kocuria_rhizophila_ATCC_9341_NC_010617.1 NODE_181_length_1534_cov_217.883029

CONTIG: NODE_185_length_1307_cov_31.528754 (1307bp)
Best alignment score: 1307.0 (LEN: 1307, IDY: 100.00), Total number of alignments: 1
		One align captures most of this contig: 1753695 1755001 | 1307 1 | 1307 1307 | 100.0 | Kocuria_rhizophila_ATCC_9341_NC_010617.1 NODE_185_length_1307_cov_31.528754

CONTIG: NODE_189_length_1170_cov_76.676233 (1170bp)
Best alignment score: 1168.9 (LEN: 1170, IDY: 99.91), Total number of alignments: 1
		One align captures most of this contig: 2128371 2129539 | 1170 1 | 1169 1170 | 99.91 | Kocuria_rhizophila_ATCC_9341_NC_010617.1 NODE_189_length_1170_cov_76.676233

CONTIG: NODE_196_length_978_cov_300.653304 (978bp)
Best alignment score: 978.0 (LEN: 978, IDY: 100.00), Total number of alignments: 1
		One align captures most of this contig: 1517588 1518565 | 978 1 | 978 978 | 100.0 | Kocuria_rhizophila_ATCC_9341_NC_010617.1 NODE_196_length_978_cov_300.653304

Analyzing coverage...
Writing SNPs into /home/modesto/data/freeDNA/quast_results/results_2022_03_10_13_57_32/runs_per_reference/Kocuria_rhizophila_ATCC_9341/contigs_reports/minimap_output/piMDA.used_snps.gz

Analysis is finished!
Founded SNPs were written into /home/modesto/data/freeDNA/quast_results/results_2022_03_10_13_57_32/runs_per_reference/Kocuria_rhizophila_ATCC_9341/contigs_reports/minimap_output/piMDA.used_snps.gz

Results:
	Local Misassemblies: 9
	Misassemblies: 3
		Relocations: 3
		Translocations: 0
		Inversions: 0
	Scaffold gap extensive misassemblies: 0
	Scaffold gap local misassemblies: 0
	Misassembled Contigs: 3
	Misassembled Contig Bases: 450753
	Misassemblies Inter-Contig Overlap ("Extra" Aligned Bases): 0
Unaligned Contigs: 0 + 0 part
Half Unaligned Contigs with Misassemblies: 0
Unaligned Bases in Fully and Partially Unaligned Contigs: 0

Ambiguously Mapped Contigs: 2
Total Bases in Ambiguously Mapped Contigs: 8414
"Extra" Aligned Bases in Ambiguously Mapped Contigs: 0
Note that --allow-ambiguity option was set to "one" and only first alignment per each of these contigs was used (there is no "extra" aligned bases).

	Covered Bases in Reference: 2680852
	Raw Aligned Bases in Assembly: 2689590
	Total Aligned Bases in Assembly (with "Extras"): 2689590

	SNPs: 29
	Insertions: 238
	Deletions: 74

