Aligning contigs to reference...
	Aligning contigs to the reference
Filtering alignments...
Parsing coords...
Loading reference...
	Loaded [NC_000964.3_NC_000964.3]
	Total Regions: 1
	Total Region Length: 4215606
Analyzing contigs...
CONTIG: NODE_1_length_1046726_cov_342.809333 (1046726bp)
Best alignment score: 1036774.3 (LEN: 1036878, IDY: 99.99), Total number of alignments: 2
		Skipping these alignments as insignificant (option --ambiguity-score is set to "0.99"):
			Skipping alignment 1 9848 | 9848 1 | 9848 9848 | 100.0 | NC_000964.3_NC_000964.3 NODE_1_length_1046726_cov_342.809333
		One align captures most of this contig: 3178740 4215606 | 1046726 9849 | 1036867 1036878 | 99.99 | NC_000964.3_NC_000964.3 NODE_1_length_1046726_cov_342.809333

CONTIG: NODE_2_length_1042490_cov_333.485775 (1042490bp)
Best alignment score: 886865.3 (LEN: 886954, IDY: 99.99), Total number of alignments: 2
			Looking for the best set of alignments (out of 2 total alignments)
			The best set is below. Score: 1042143.3, number of alignments: 2, unaligned bases: 0
		This contig is misassembled.
			Excluding internal overlap of size 16 between Alignment 1 and 2: 1996495 2152046 | 1 155552 | 155552 155552 --> 1996495 2152030 | 1 155536 | 155536 155536
			Real Alignment 1: 1996495 2152030 | 1 155536 | 155536 155536 | 100.0 | NC_000964.3_NC_000964.3 NODE_2_length_1042490_cov_333.485775
			  Extensive misassembly (relocation, inconsistency = 134402) between these two alignments
			Real Alignment 2: 2286433 3173377 | 155537 1042490 | 886945 886954 | 99.99 | NC_000964.3_NC_000964.3 NODE_2_length_1042490_cov_333.485775

CONTIG: NODE_3_length_1028950_cov_334.726989 (1028950bp)
Best alignment score: 1028847.1 (LEN: 1028950, IDY: 99.99), Total number of alignments: 1
		One align captures most of this contig: 952152 1981122 | 1 1028950 | 1028971 1028950 | 99.99 | NC_000964.3_NC_000964.3 NODE_3_length_1028950_cov_334.726989

CONTIG: NODE_8_length_440772_cov_365.041507 (440772bp)
Best alignment score: 374917.5 (LEN: 374955, IDY: 99.99), Total number of alignments: 2
			Looking for the best set of alignments (out of 2 total alignments)
			The best set is below. Score: 440705.5, number of alignments: 2, unaligned bases: 0
		This contig is misassembled.
			Excluding internal overlap of size 10 between Alignment 1 and 2: 194490 260316 | 440772 374946 | 65827 65827 --> 194490 260306 | 440772 374956 | 65817 65817
			Real Alignment 1: 260517 635471 | 374955 1 | 374955 374955 | 99.99 | NC_000964.3_NC_000964.3 NODE_8_length_440772_cov_365.041507
			  Gap between these two alignments (local misassembly). Inconsistency = 210
			Real Alignment 2: 194490 260306 | 440772 374956 | 65817 65817 | 100.0 | NC_000964.3_NC_000964.3 NODE_8_length_440772_cov_365.041507

CONTIG: NODE_16_length_306395_cov_321.844284 (306395bp)
Best alignment score: 306395.0 (LEN: 306395, IDY: 100.00), Total number of alignments: 1
		One align captures most of this contig: 640200 946594 | 1 306395 | 306395 306395 | 100.0 | NC_000964.3_NC_000964.3 NODE_16_length_306395_cov_321.844284

CONTIG: NODE_67_length_59674_cov_329.467653 (59674bp)
Best alignment score: 59674.0 (LEN: 59674, IDY: 100.00), Total number of alignments: 1
		One align captures most of this contig: 101190 160863 | 59674 1 | 59674 59674 | 100.0 | NC_000964.3_NC_000964.3 NODE_67_length_59674_cov_329.467653

CONTIG: NODE_72_length_55182_cov_370.900013 (55182bp)
Best alignment score: 55182.0 (LEN: 55182, IDY: 100.00), Total number of alignments: 1
		One align captures most of this contig: 35314 90495 | 1 55182 | 55182 55182 | 100.0 | NC_000964.3_NC_000964.3 NODE_72_length_55182_cov_370.900013

CONTIG: NODE_110_length_18063_cov_490.659762 (18063bp)
Best alignment score: 18057.6 (LEN: 18063, IDY: 99.97), Total number of alignments: 1
		One align captures most of this contig: 176276 194335 | 1 18063 | 18060 18063 | 99.97 | NC_000964.3_NC_000964.3 NODE_110_length_18063_cov_490.659762

CONTIG: NODE_112_length_15454_cov_343.166180 (15454bp)
Best alignment score: 15454.0 (LEN: 15454, IDY: 100.00), Total number of alignments: 1
		One align captures most of this contig: 14789 30242 | 1 15454 | 15454 15454 | 100.0 | NC_000964.3_NC_000964.3 NODE_112_length_15454_cov_343.166180

CONTIG: NODE_116_length_12782_cov_363.530526 (12782bp)
Best alignment score: 12782.0 (LEN: 12782, IDY: 100.00), Total number of alignments: 1
		One align captures most of this contig: 1981068 1993849 | 1 12782 | 12782 12782 | 100.0 | NC_000964.3_NC_000964.3 NODE_116_length_12782_cov_363.530526

CONTIG: NODE_137_length_3182_cov_2832.353054 (3182bp)
Best alignment score: 3181.0 (LEN: 3182, IDY: 99.97), Total number of alignments: 10
		Skipping these alignments as insignificant (option --ambiguity-score is set to "0.99"):
			Skipping alignment 32095 35353 | 1 3182 | 3259 3182 | 97.52 | NC_000964.3_NC_000964.3 NODE_137_length_3182_cov_2832.353054
			Skipping alignment 948336 951387 | 1 3052 | 3052 3052 | 99.9 | NC_000964.3_NC_000964.3 NODE_137_length_3182_cov_2832.353054
		This contig has 8 significant alignments. [An ambiguously mapped contig]
		Using only first of these alignment (option --ambiguity-usage is set to "one"):
			Alignment: 637073 640254 | 1 3182 | 3182 3182 | 99.97 | NC_000964.3_NC_000964.3 NODE_137_length_3182_cov_2832.353054
			Skipping alignment 11627 14808 | 1 3182 | 3182 3182 | 99.94 | NC_000964.3_NC_000964.3 NODE_137_length_3182_cov_2832.353054
			Skipping alignment 3173819 3177000 | 3182 1 | 3182 3182 | 99.91 | NC_000964.3_NC_000964.3 NODE_137_length_3182_cov_2832.353054
			Skipping alignment 92175 95353 | 1 3182 | 3179 3182 | 99.84 | NC_000964.3_NC_000964.3 NODE_137_length_3182_cov_2832.353054
			Skipping alignment 173135 176313 | 1 3182 | 3179 3182 | 99.81 | NC_000964.3_NC_000964.3 NODE_137_length_3182_cov_2832.353054
			Skipping alignment 98031 101209 | 1 3182 | 3179 3182 | 99.78 | NC_000964.3_NC_000964.3 NODE_137_length_3182_cov_2832.353054
			Skipping alignment 162531 165707 | 1 3182 | 3177 3182 | 99.69 | NC_000964.3_NC_000964.3 NODE_137_length_3182_cov_2832.353054
			Skipping alignment 168139 171313 | 1 3182 | 3175 3182 | 99.53 | NC_000964.3_NC_000964.3 NODE_137_length_3182_cov_2832.353054

CONTIG: NODE_147_length_1627_cov_2357.829517 (1627bp)
Best alignment score: 1627.0 (LEN: 1627, IDY: 100.00), Total number of alignments: 10
		This contig has 10 significant alignments. [An ambiguously mapped contig]
		Using only first of these alignment (option --ambiguity-usage is set to "one"):
			Alignment: 946697 948323 | 1 1627 | 1627 1627 | 100.0 | NC_000964.3_NC_000964.3 NODE_147_length_1627_cov_2357.829517
			Skipping alignment 96392 98018 | 1 1627 | 1627 1627 | 99.94 | NC_000964.3_NC_000964.3 NODE_147_length_1627_cov_2357.829517
			Skipping alignment 30279 31905 | 1 1627 | 1627 1627 | 99.88 | NC_000964.3_NC_000964.3 NODE_147_length_1627_cov_2357.829517
			Skipping alignment 635434 637060 | 1 1627 | 1627 1627 | 99.82 | NC_000964.3_NC_000964.3 NODE_147_length_1627_cov_2357.829517
			Skipping alignment 9811 11437 | 1 1627 | 1627 1627 | 99.82 | NC_000964.3_NC_000964.3 NODE_147_length_1627_cov_2357.829517
			Skipping alignment 166500 168126 | 1 1627 | 1627 1627 | 99.82 | NC_000964.3_NC_000964.3 NODE_147_length_1627_cov_2357.829517
			Skipping alignment 90536 92162 | 1 1627 | 1627 1627 | 99.75 | NC_000964.3_NC_000964.3 NODE_147_length_1627_cov_2357.829517
			Skipping alignment 160893 162518 | 1 1627 | 1626 1627 | 99.75 | NC_000964.3_NC_000964.3 NODE_147_length_1627_cov_2357.829517
			Skipping alignment 171498 173122 | 1 1627 | 1625 1627 | 99.63 | NC_000964.3_NC_000964.3 NODE_147_length_1627_cov_2357.829517
			Skipping alignment 3177013 3178639 | 1627 1 | 1627 1627 | 99.57 | NC_000964.3_NC_000964.3 NODE_147_length_1627_cov_2357.829517

CONTIG: NODE_166_length_685_cov_796.031746 (685bp)
Best alignment score: 682.0 (LEN: 685, IDY: 99.56), Total number of alignments: 1
		One align captures most of this contig: 165776 166459 | 1 685 | 684 685 | 99.56 | NC_000964.3_NC_000964.3 NODE_166_length_685_cov_796.031746

CONTIG: NODE_169_length_525_cov_509.700000 (525bp)
Best alignment score: 521.0 (LEN: 525, IDY: 99.24), Total number of alignments: 1
		One align captures most of this contig: 95300 95823 | 525 1 | 524 525 | 99.24 | NC_000964.3_NC_000964.3 NODE_169_length_525_cov_509.700000

Analyzing coverage...
Writing SNPs into /home/modesto/data/freeDNA/quast_results/results_2022_03_10_13_57_32/runs_per_reference/NC_000964.3/contigs_reports/minimap_output/PrimPol-Phi29.used_snps.gz

Analysis is finished!
Founded SNPs were written into /home/modesto/data/freeDNA/quast_results/results_2022_03_10_13_57_32/runs_per_reference/NC_000964.3/contigs_reports/minimap_output/PrimPol-Phi29.used_snps.gz

Results:
	Local Misassemblies: 1
	Misassemblies: 1
		Relocations: 1
		Translocations: 0
		Inversions: 0
	Scaffold gap extensive misassemblies: 0
	Scaffold gap local misassemblies: 0
	Misassembled Contigs: 1
	Misassembled Contig Bases: 1042490
	Misassemblies Inter-Contig Overlap ("Extra" Aligned Bases): 0
Unaligned Contigs: 0 + 0 part
Half Unaligned Contigs with Misassemblies: 0
Unaligned Bases in Fully and Partially Unaligned Contigs: 0

Ambiguously Mapped Contigs: 2
Total Bases in Ambiguously Mapped Contigs: 4809
"Extra" Aligned Bases in Ambiguously Mapped Contigs: 0
Note that --allow-ambiguity option was set to "one" and only first alignment per each of these contigs was used (there is no "extra" aligned bases).

	Covered Bases in Reference: 4022545
	Raw Aligned Bases in Assembly: 4022659
	Total Aligned Bases in Assembly (with "Extras"): 4022659

	SNPs: 179
	Insertions: 62
	Deletions: 58

