Aligning contigs to reference...
	Aligning contigs to the reference
Filtering alignments...
Parsing coords...
Loading reference...
	Loaded [NC_000964.3_NC_000964.3]
	Total Regions: 1
	Total Region Length: 4215606
Analyzing contigs...
CONTIG: NODE_1_length_610348_cov_30.237119 (610348bp)
Best alignment score: 610287.0 (LEN: 610348, IDY: 99.99), Total number of alignments: 1
		One align captures most of this contig: 1049531 1659833 | 1 610348 | 610303 610348 | 99.99 | NC_000964.3_NC_000964.3 NODE_1_length_610348_cov_30.237119

CONTIG: NODE_2_length_568529_cov_28.410272 (568529bp)
Best alignment score: 413544.6 (LEN: 413586, IDY: 99.99), Total number of alignments: 2
			Looking for the best set of alignments (out of 2 total alignments)
			The best set is below. Score: 568198.6, number of alignments: 2, unaligned bases: 0
		This contig is misassembled.
			Excluding internal overlap of size 16 between Alignment 1 and 2: 1997111 2152046 | 568529 413571 | 154936 154959 --> 1997111 2152030 | 568529 413587 | 154920 154943
			Real Alignment 1: 2286433 2700002 | 413586 1 | 413570 413586 | 99.99 | NC_000964.3_NC_000964.3 NODE_2_length_568529_cov_28.410272
			  Extensive misassembly (relocation, inconsistency = 134402) between these two alignments
			Real Alignment 2: 1997111 2152030 | 568529 413587 | 154920 154943 | 99.98 | NC_000964.3_NC_000964.3 NODE_2_length_568529_cov_28.410272

CONTIG: NODE_10_length_307850_cov_36.200162 (307850bp)
Best alignment score: 307819.2 (LEN: 307850, IDY: 99.99), Total number of alignments: 1
		One align captures most of this contig: 1659779 1967640 | 307850 1 | 307862 307850 | 99.99 | NC_000964.3_NC_000964.3 NODE_10_length_307850_cov_36.200162

CONTIG: NODE_13_length_275771_cov_28.793871 (275771bp)
Best alignment score: 275743.4 (LEN: 275771, IDY: 99.99), Total number of alignments: 1
		One align captures most of this contig: 3208097 3483847 | 275771 1 | 275751 275771 | 99.99 | NC_000964.3_NC_000964.3 NODE_13_length_275771_cov_28.793871

CONTIG: NODE_19_length_207997_cov_36.236085 (207997bp)
Best alignment score: 207997.0 (LEN: 207997, IDY: 100.00), Total number of alignments: 1
		One align captures most of this contig: 3878634 4086628 | 1 207997 | 207995 207997 | 100.0 | NC_000964.3_NC_000964.3 NODE_19_length_207997_cov_36.236085

CONTIG: NODE_30_length_144514_cov_32.746897 (144514bp)
Best alignment score: 144456.2 (LEN: 144514, IDY: 99.96), Total number of alignments: 1
		One align captures most of this contig: 384527 529039 | 1 144514 | 144513 144514 | 99.96 | NC_000964.3_NC_000964.3 NODE_30_length_144514_cov_32.746897

CONTIG: NODE_33_length_136805_cov_33.878501 (136805bp)
Best alignment score: 124060.6 (LEN: 124073, IDY: 99.99), Total number of alignments: 2
			Looking for the best set of alignments (out of 2 total alignments)
			The best set is below. Score: 136761.0, number of alignments: 2, unaligned bases: 0
		This contig is misassembled.
			Excluding internal overlap of size 10 between Alignment 1 and 2: 247577 260316 | 136805 124064 | 12740 12742 --> 247577 260306 | 136805 124074 | 12730 12732
			Real Alignment 1: 260517 384581 | 124073 1 | 124065 124073 | 99.99 | NC_000964.3_NC_000964.3 NODE_33_length_136805_cov_33.878501
			  Gap between these two alignments (local misassembly). Inconsistency = 210
			Real Alignment 2: 247577 260306 | 136805 124074 | 12730 12732 | 99.98 | NC_000964.3_NC_000964.3 NODE_33_length_136805_cov_33.878501

CONTIG: NODE_39_length_123304_cov_30.235182 (123304bp)
Best alignment score: 123304.0 (LEN: 123304, IDY: 100.00), Total number of alignments: 1
		One align captures most of this contig: 3035002 3158300 | 123304 1 | 123299 123304 | 100.0 | NC_000964.3_NC_000964.3 NODE_39_length_123304_cov_30.235182

CONTIG: NODE_40_length_121752_cov_32.028974 (121752bp)
Best alignment score: 121703.3 (LEN: 121752, IDY: 99.96), Total number of alignments: 1
		One align captures most of this contig: 3606019 3727742 | 1 121752 | 121724 121752 | 99.96 | NC_000964.3_NC_000964.3 NODE_40_length_121752_cov_32.028974

CONTIG: NODE_43_length_113680_cov_34.571318 (113680bp)
Best alignment score: 113443.7 (LEN: 113455, IDY: 99.99), Total number of alignments: 2
		Skipping these alignments as insignificant (option --ambiguity-score is set to "0.99"):
			Skipping alignment 753407 753645 | 1 239 | 239 239 | 100.0 | NC_000964.3_NC_000964.3 NODE_43_length_113680_cov_34.571318
		One align captures most of this contig: 640201 753645 | 113680 226 | 113445 113455 | 99.99 | NC_000964.3_NC_000964.3 NODE_43_length_113680_cov_34.571318

CONTIG: NODE_52_length_99689_cov_25.285374 (99689bp)
Best alignment score: 99679.0 (LEN: 99689, IDY: 99.99), Total number of alignments: 1
		One align captures most of this contig: 2918593 3018277 | 1 99689 | 99685 99689 | 99.99 | NC_000964.3_NC_000964.3 NODE_52_length_99689_cov_25.285374

CONTIG: NODE_54_length_96931_cov_26.900667 (96931bp)
Best alignment score: 96931.0 (LEN: 96931, IDY: 100.00), Total number of alignments: 1
		One align captures most of this contig: 952599 1049526 | 96931 1 | 96928 96931 | 100.0 | NC_000964.3_NC_000964.3 NODE_54_length_96931_cov_26.900667

CONTIG: NODE_57_length_92925_cov_30.783288 (92925bp)
Best alignment score: 92915.7 (LEN: 92925, IDY: 99.99), Total number of alignments: 1
		One align captures most of this contig: 785651 878570 | 1 92925 | 92920 92925 | 99.99 | NC_000964.3_NC_000964.3 NODE_57_length_92925_cov_30.783288

CONTIG: NODE_75_length_73552_cov_47.197940 (73552bp)
Best alignment score: 73537.3 (LEN: 73552, IDY: 99.98), Total number of alignments: 1
		One align captures most of this contig: 561934 635470 | 73552 1 | 73537 73552 | 99.98 | NC_000964.3_NC_000964.3 NODE_75_length_73552_cov_47.197940

CONTIG: NODE_77_length_71373_cov_44.200370 (71373bp)
Best alignment score: 71351.6 (LEN: 71373, IDY: 99.97), Total number of alignments: 1
		One align captures most of this contig: 176276 247631 | 1 71373 | 71356 71373 | 99.97 | NC_000964.3_NC_000964.3 NODE_77_length_71373_cov_44.200370

CONTIG: NODE_81_length_68082_cov_30.434592 (68082bp)
Best alignment score: 68082.0 (LEN: 68082, IDY: 100.00), Total number of alignments: 1
		One align captures most of this contig: 878516 946594 | 68082 1 | 68079 68082 | 100.0 | NC_000964.3_NC_000964.3 NODE_81_length_68082_cov_30.434592

CONTIG: NODE_84_length_66273_cov_26.988719 (66273bp)
Best alignment score: 66266.4 (LEN: 66273, IDY: 99.99), Total number of alignments: 1
		One align captures most of this contig: 2778570 2844837 | 66273 1 | 66268 66273 | 99.99 | NC_000964.3_NC_000964.3 NODE_84_length_66273_cov_26.988719

CONTIG: NODE_86_length_64527_cov_31.934840 (64527bp)
Best alignment score: 64520.5 (LEN: 64527, IDY: 99.99), Total number of alignments: 1
		One align captures most of this contig: 3483793 3548315 | 1 64527 | 64523 64527 | 99.99 | NC_000964.3_NC_000964.3 NODE_86_length_64527_cov_31.934840

CONTIG: NODE_90_length_62365_cov_37.120847 (62365bp)
Best alignment score: 62352.5 (LEN: 62365, IDY: 99.98), Total number of alignments: 1
		One align captures most of this contig: 2716268 2778624 | 62365 1 | 62357 62365 | 99.98 | NC_000964.3_NC_000964.3 NODE_90_length_62365_cov_37.120847

CONTIG: NODE_101_length_54908_cov_32.076605 (54908bp)
Best alignment score: 54897.0 (LEN: 54908, IDY: 99.98), Total number of alignments: 1
		One align captures most of this contig: 3803548 3858463 | 1 54908 | 54916 54908 | 99.98 | NC_000964.3_NC_000964.3 NODE_101_length_54908_cov_32.076605

CONTIG: NODE_105_length_51559_cov_37.736292 (51559bp)
Best alignment score: 51553.8 (LEN: 51559, IDY: 99.99), Total number of alignments: 1
		One align captures most of this contig: 4097266 4148819 | 1 51559 | 51554 51559 | 99.99 | NC_000964.3_NC_000964.3 NODE_105_length_51559_cov_37.736292

CONTIG: NODE_108_length_50115_cov_34.110627 (50115bp)
Best alignment score: 40401.0 (LEN: 40405, IDY: 99.99), Total number of alignments: 2
			Looking for the best set of alignments (out of 2 total alignments)
			The best set is below. Score: 50111.0, number of alignments: 2, unaligned bases: 0
		This contig is misassembled.
			Real Alignment 1: 4175206 4215606 | 1 40405 | 40401 40405 | 99.99 | NC_000964.3_NC_000964.3 NODE_108_length_50115_cov_34.110627
			  Not a misassembly [linear representation of circular genome] between these two alignments
			Real Alignment 2: 1 9710 | 40406 50115 | 9710 9710 | 100.0 | NC_000964.3_NC_000964.3 NODE_108_length_50115_cov_34.110627

CONTIG: NODE_117_length_43270_cov_29.002846 (43270bp)
Best alignment score: 43270.0 (LEN: 43270, IDY: 100.00), Total number of alignments: 1
		One align captures most of this contig: 117594 160863 | 43270 1 | 43270 43270 | 100.0 | NC_000964.3_NC_000964.3 NODE_117_length_43270_cov_29.002846

CONTIG: NODE_131_length_38113_cov_34.700562 (38113bp)
Best alignment score: 38109.2 (LEN: 38113, IDY: 99.99), Total number of alignments: 1
		One align captures most of this contig: 3567962 3606073 | 38113 1 | 38112 38113 | 99.99 | NC_000964.3_NC_000964.3 NODE_131_length_38113_cov_34.700562

CONTIG: NODE_138_length_32663_cov_27.277049 (32663bp)
Best alignment score: 32656.5 (LEN: 32663, IDY: 99.98), Total number of alignments: 1
		One align captures most of this contig: 3770945 3803602 | 1 32663 | 32658 32663 | 99.98 | NC_000964.3_NC_000964.3 NODE_138_length_32663_cov_27.277049

CONTIG: NODE_140_length_32071_cov_33.604604 (32071bp)
Best alignment score: 32067.8 (LEN: 32071, IDY: 99.99), Total number of alignments: 1
		One align captures most of this contig: 753638 785705 | 32071 1 | 32068 32071 | 99.99 | NC_000964.3_NC_000964.3 NODE_140_length_32071_cov_33.604604

CONTIG: NODE_145_length_31014_cov_452.005491 (31014bp)
Best alignment score: 31010.0 (LEN: 31010, IDY: 100.00), Total number of alignments: 1
		One align captures most of this contig: 3727688 3758696 | 31014 5 | 31009 31010 | 100.0 | NC_000964.3_NC_000964.3 NODE_145_length_31014_cov_452.005491

CONTIG: NODE_146_length_30871_cov_34.756360 (30871bp)
Best alignment score: 30867.9 (LEN: 30871, IDY: 99.99), Total number of alignments: 1
		One align captures most of this contig: 531121 561988 | 1 30871 | 30868 30871 | 99.99 | NC_000964.3_NC_000964.3 NODE_146_length_30871_cov_34.756360

CONTIG: NODE_154_length_29413_cov_29.859834 (29413bp)
Best alignment score: 29413.0 (LEN: 29413, IDY: 100.00), Total number of alignments: 1
		One align captures most of this contig: 3178740 3208151 | 1 29413 | 29412 29413 | 100.0 | NC_000964.3_NC_000964.3 NODE_154_length_29413_cov_29.859834

CONTIG: NODE_159_length_28726_cov_29.457396 (28726bp)
Best alignment score: 28726.0 (LEN: 28726, IDY: 100.00), Total number of alignments: 1
		One align captures most of this contig: 2889922 2918647 | 1 28726 | 28726 28726 | 100.0 | NC_000964.3_NC_000964.3 NODE_159_length_28726_cov_29.457396

CONTIG: NODE_160_length_28193_cov_27.179295 (28193bp)
Best alignment score: 28149.0 (LEN: 28149, IDY: 100.00), Total number of alignments: 1
		One align captures most of this contig: 2861828 2889976 | 45 28193 | 28149 28149 | 100.0 | NC_000964.3_NC_000964.3 NODE_160_length_28193_cov_27.179295

CONTIG: NODE_173_length_22150_cov_40.907626 (22150bp)
Best alignment score: 22145.6 (LEN: 22150, IDY: 99.98), Total number of alignments: 1
		One align captures most of this contig: 47480 69625 | 1 22150 | 22146 22150 | 99.98 | NC_000964.3_NC_000964.3 NODE_173_length_22150_cov_40.907626

CONTIG: NODE_177_length_20282_cov_28.326099 (20282bp)
Best alignment score: 20280.0 (LEN: 20282, IDY: 99.99), Total number of alignments: 1
		One align captures most of this contig: 3858409 3878688 | 1 20282 | 20280 20282 | 99.99 | NC_000964.3_NC_000964.3 NODE_177_length_20282_cov_28.326099

CONTIG: NODE_179_length_19756_cov_37.704634 (19756bp)
Best alignment score: 19756.0 (LEN: 19756, IDY: 100.00), Total number of alignments: 1
		One align captures most of this contig: 3548261 3568016 | 19756 1 | 19756 19756 | 100.0 | NC_000964.3_NC_000964.3 NODE_179_length_19756_cov_37.704634

CONTIG: NODE_182_length_17421_cov_44.368248 (17421bp)
Best alignment score: 17419.3 (LEN: 17421, IDY: 99.99), Total number of alignments: 1
		One align captures most of this contig: 69571 86991 | 1 17421 | 17421 17421 | 99.99 | NC_000964.3_NC_000964.3 NODE_182_length_17421_cov_44.368248

CONTIG: NODE_184_length_17063_cov_33.001294 (17063bp)
Best alignment score: 17050.3 (LEN: 17052, IDY: 99.99), Total number of alignments: 1
		One align captures most of this contig: 2844825 2861875 | 17063 12 | 17051 17052 | 99.99 | NC_000964.3_NC_000964.3 NODE_184_length_17063_cov_33.001294

CONTIG: NODE_186_length_16835_cov_25.140286 (16835bp)
Best alignment score: 16833.3 (LEN: 16835, IDY: 99.99), Total number of alignments: 1
		One align captures most of this contig: 3018223 3035056 | 1 16835 | 16834 16835 | 99.99 | NC_000964.3_NC_000964.3 NODE_186_length_16835_cov_25.140286

CONTIG: NODE_189_length_16459_cov_41.486467 (16459bp)
Best alignment score: 16457.4 (LEN: 16459, IDY: 99.99), Total number of alignments: 1
		One align captures most of this contig: 101190 117648 | 1 16459 | 16459 16459 | 99.99 | NC_000964.3_NC_000964.3 NODE_189_length_16459_cov_41.486467

CONTIG: NODE_190_length_16376_cov_38.051713 (16376bp)
Best alignment score: 16374.4 (LEN: 16376, IDY: 99.99), Total number of alignments: 1
		One align captures most of this contig: 2699948 2716322 | 16376 1 | 16375 16376 | 99.99 | NC_000964.3_NC_000964.3 NODE_190_length_16376_cov_38.051713

CONTIG: NODE_193_length_15472_cov_42.524616 (15472bp)
Best alignment score: 15472.0 (LEN: 15472, IDY: 100.00), Total number of alignments: 1
		One align captures most of this contig: 14771 30242 | 1 15472 | 15472 15472 | 100.0 | NC_000964.3_NC_000964.3 NODE_193_length_15472_cov_42.524616

CONTIG: NODE_197_length_14320_cov_43.431125 (14320bp)
Best alignment score: 14318.6 (LEN: 14320, IDY: 99.99), Total number of alignments: 1
		One align captures most of this contig: 3158246 3172563 | 14320 1 | 14318 14320 | 99.99 | NC_000964.3_NC_000964.3 NODE_197_length_14320_cov_43.431125

CONTIG: NODE_198_length_14291_cov_38.565327 (14291bp)
Best alignment score: 14291.0 (LEN: 14291, IDY: 100.00), Total number of alignments: 1
		One align captures most of this contig: 4160970 4175260 | 14291 1 | 14291 14291 | 100.0 | NC_000964.3_NC_000964.3 NODE_198_length_14291_cov_38.565327

CONTIG: NODE_202_length_13537_cov_51.400386 (13537bp)
Best alignment score: 13486.9 (LEN: 13537, IDY: 99.63), Total number of alignments: 1
		One align captures most of this contig: 1967586 1981122 | 1 13537 | 13537 13537 | 99.63 | NC_000964.3_NC_000964.3 NODE_202_length_13537_cov_51.400386

CONTIG: NODE_206_length_12784_cov_52.205358 (12784bp)
Best alignment score: 12781.4 (LEN: 12784, IDY: 99.98), Total number of alignments: 1
		One align captures most of this contig: 1981068 1993849 | 1 12784 | 12782 12784 | 99.98 | NC_000964.3_NC_000964.3 NODE_206_length_12784_cov_52.205358

CONTIG: NODE_207_length_12359_cov_27.840865 (12359bp)
Best alignment score: 12322.8 (LEN: 12324, IDY: 99.99), Total number of alignments: 1
		One align captures most of this contig: 3758678 3771000 | 36 12359 | 12323 12324 | 99.99 | NC_000964.3_NC_000964.3 NODE_207_length_12359_cov_27.840865

CONTIG: NODE_208_length_12223_cov_46.104208 (12223bp)
Best alignment score: 12220.6 (LEN: 12223, IDY: 99.98), Total number of alignments: 1
		One align captures most of this contig: 35314 47534 | 12223 1 | 12221 12223 | 99.98 | NC_000964.3_NC_000964.3 NODE_208_length_12223_cov_46.104208

CONTIG: NODE_213_length_10677_cov_36.765957 (10677bp)
Best alignment score: 10673.9 (LEN: 10676, IDY: 99.98), Total number of alignments: 1
		One align captures most of this contig: 4086574 4097248 | 2 10677 | 10675 10676 | 99.98 | NC_000964.3_NC_000964.3 NODE_213_length_10677_cov_36.765957

CONTIG: NODE_227_length_6154_cov_36.588293 (6154bp)
Best alignment score: 6154.0 (LEN: 6154, IDY: 100.00), Total number of alignments: 1
		One align captures most of this contig: 4148793 4154946 | 1 6154 | 6154 6154 | 100.0 | NC_000964.3_NC_000964.3 NODE_227_length_6154_cov_36.588293

CONTIG: NODE_228_length_5956_cov_30.925775 (5956bp)
Best alignment score: 5954.8 (LEN: 5956, IDY: 99.98), Total number of alignments: 1
		One align captures most of this contig: 4155070 4161024 | 1 5956 | 5955 5956 | 99.98 | NC_000964.3_NC_000964.3 NODE_228_length_5956_cov_30.925775

CONTIG: NODE_240_length_3559_cov_38.216324 (3559bp)
Best alignment score: 3559.0 (LEN: 3559, IDY: 100.00), Total number of alignments: 1
		One align captures most of this contig: 86937 90495 | 3559 1 | 3559 3559 | 100.0 | NC_000964.3_NC_000964.3 NODE_240_length_3559_cov_38.216324

CONTIG: NODE_244_length_3157_cov_343.114120 (3157bp)
Best alignment score: 3155.1 (LEN: 3157, IDY: 99.94), Total number of alignments: 10
		Skipping these alignments as insignificant (option --ambiguity-score is set to "0.99"):
			Skipping alignment 32095 35148 | 1 3055 | 3054 3055 | 99.87 | NC_000964.3_NC_000964.3 NODE_244_length_3157_cov_343.114120
			Skipping alignment 948336 951387 | 1 3052 | 3052 3052 | 99.87 | NC_000964.3_NC_000964.3 NODE_244_length_3157_cov_343.114120
		This contig has 8 significant alignments. [An ambiguously mapped contig]
		Using only first of these alignment (option --ambiguity-usage is set to "one"):
			Alignment: 637073 640229 | 1 3157 | 3157 3157 | 99.94 | NC_000964.3_NC_000964.3 NODE_244_length_3157_cov_343.114120
			Skipping alignment 11627 14783 | 1 3157 | 3157 3157 | 99.9 | NC_000964.3_NC_000964.3 NODE_244_length_3157_cov_343.114120
			Skipping alignment 92175 95328 | 1 3157 | 3154 3157 | 99.87 | NC_000964.3_NC_000964.3 NODE_244_length_3157_cov_343.114120
			Skipping alignment 3173844 3177000 | 3157 1 | 3157 3157 | 99.87 | NC_000964.3_NC_000964.3 NODE_244_length_3157_cov_343.114120
			Skipping alignment 98031 101184 | 1 3157 | 3154 3157 | 99.81 | NC_000964.3_NC_000964.3 NODE_244_length_3157_cov_343.114120
			Skipping alignment 173135 176288 | 1 3157 | 3154 3157 | 99.78 | NC_000964.3_NC_000964.3 NODE_244_length_3157_cov_343.114120
			Skipping alignment 162531 165682 | 1 3157 | 3152 3157 | 99.71 | NC_000964.3_NC_000964.3 NODE_244_length_3157_cov_343.114120
			Skipping alignment 168139 171288 | 1 3157 | 3150 3157 | 99.49 | NC_000964.3_NC_000964.3 NODE_244_length_3157_cov_343.114120

CONTIG: NODE_254_length_2173_cov_17.845137 (2173bp)
Best alignment score: 2173.0 (LEN: 2173, IDY: 100.00), Total number of alignments: 1
		One align captures most of this contig: 529003 531175 | 1 2173 | 2173 2173 | 100.0 | NC_000964.3_NC_000964.3 NODE_254_length_2173_cov_17.845137

CONTIG: NODE_262_length_1627_cov_256.551527 (1627bp)
Best alignment score: 1627.0 (LEN: 1627, IDY: 100.00), Total number of alignments: 10
		This contig has 10 significant alignments. [An ambiguously mapped contig]
		Using only first of these alignment (option --ambiguity-usage is set to "one"):
			Alignment: 946697 948323 | 1627 1 | 1627 1627 | 100.0 | NC_000964.3_NC_000964.3 NODE_262_length_1627_cov_256.551527
			Skipping alignment 96392 98018 | 1627 1 | 1627 1627 | 99.94 | NC_000964.3_NC_000964.3 NODE_262_length_1627_cov_256.551527
			Skipping alignment 30279 31905 | 1627 1 | 1627 1627 | 99.88 | NC_000964.3_NC_000964.3 NODE_262_length_1627_cov_256.551527
			Skipping alignment 635434 637060 | 1627 1 | 1627 1627 | 99.82 | NC_000964.3_NC_000964.3 NODE_262_length_1627_cov_256.551527
			Skipping alignment 9811 11437 | 1627 1 | 1627 1627 | 99.82 | NC_000964.3_NC_000964.3 NODE_262_length_1627_cov_256.551527
			Skipping alignment 166500 168126 | 1627 1 | 1627 1627 | 99.82 | NC_000964.3_NC_000964.3 NODE_262_length_1627_cov_256.551527
			Skipping alignment 90536 92162 | 1627 1 | 1627 1627 | 99.75 | NC_000964.3_NC_000964.3 NODE_262_length_1627_cov_256.551527
			Skipping alignment 160893 162518 | 1627 1 | 1626 1627 | 99.75 | NC_000964.3_NC_000964.3 NODE_262_length_1627_cov_256.551527
			Skipping alignment 171498 173122 | 1627 1 | 1625 1627 | 99.63 | NC_000964.3_NC_000964.3 NODE_262_length_1627_cov_256.551527
			Skipping alignment 3177013 3178639 | 1 1627 | 1627 1627 | 99.57 | NC_000964.3_NC_000964.3 NODE_262_length_1627_cov_256.551527

CONTIG: NODE_282_length_671_cov_31.185065 (671bp)
Best alignment score: 671.0 (LEN: 671, IDY: 100.00), Total number of alignments: 1
		One align captures most of this contig: 1996495 1997165 | 1 671 | 671 671 | 100.0 | NC_000964.3_NC_000964.3 NODE_282_length_671_cov_31.185065

CONTIG: NODE_287_length_556_cov_48.483034 (556bp)
Best alignment score: 554.0 (LEN: 556, IDY: 99.64), Total number of alignments: 1
		One align captures most of this contig: 165776 166329 | 1 556 | 554 556 | 99.64 | NC_000964.3_NC_000964.3 NODE_287_length_556_cov_48.483034

Analyzing coverage...
Writing SNPs into /home/modesto/data/freeDNA/quast_results/results_2022_03_10_13_57_32/runs_per_reference/NC_000964.3/contigs_reports/minimap_output/piPolB-D.used_snps.gz

Analysis is finished!
Founded SNPs were written into /home/modesto/data/freeDNA/quast_results/results_2022_03_10_13_57_32/runs_per_reference/NC_000964.3/contigs_reports/minimap_output/piPolB-D.used_snps.gz

Results:
	Local Misassemblies: 1
	Misassemblies: 1
		Relocations: 1
		Translocations: 0
		Inversions: 0
	Scaffold gap extensive misassemblies: 0
	Scaffold gap local misassemblies: 0
	Misassembled Contigs: 1
	Misassembled Contig Bases: 568529
	Misassemblies Inter-Contig Overlap ("Extra" Aligned Bases): 0
Unaligned Contigs: 0 + 0 part
Half Unaligned Contigs with Misassemblies: 0
Unaligned Bases in Fully and Partially Unaligned Contigs: 0

Ambiguously Mapped Contigs: 2
Total Bases in Ambiguously Mapped Contigs: 4784
"Extra" Aligned Bases in Ambiguously Mapped Contigs: 0
Note that --allow-ambiguity option was set to "one" and only first alignment per each of these contigs was used (there is no "extra" aligned bases).

	Covered Bases in Reference: 4030367
	Raw Aligned Bases in Assembly: 4032721
	Total Aligned Bases in Assembly (with "Extras"): 4032721

	SNPs: 176
	Insertions: 306
	Deletions: 59

