Aligning contigs to reference...
	Aligning contigs to the reference
Filtering alignments...
Parsing coords...
Loading reference...
	Loaded [NC_000964.3_NC_000964.3]
	Total Regions: 1
	Total Region Length: 4215606
Analyzing contigs...
CONTIG: NODE_1_length_1046588_cov_220.312961 (1046588bp)
Best alignment score: 1036774.3 (LEN: 1036878, IDY: 99.99), Total number of alignments: 2
		Skipping these alignments as insignificant (option --ambiguity-score is set to "0.99"):
			Skipping alignment 1 9710 | 1036879 1046588 | 9710 9710 | 100.0 | NC_000964.3_NC_000964.3 NODE_1_length_1046588_cov_220.312961
		One align captures most of this contig: 3178740 4215606 | 1 1036878 | 1036867 1036878 | 99.99 | NC_000964.3_NC_000964.3 NODE_1_length_1046588_cov_220.312961

CONTIG: NODE_2_length_1042514_cov_163.439668 (1042514bp)
Best alignment score: 886889.3 (LEN: 886978, IDY: 99.99), Total number of alignments: 2
			Looking for the best set of alignments (out of 2 total alignments)
			The best set is below. Score: 1042167.3, number of alignments: 2, unaligned bases: 0
		This contig is misassembled.
			Excluding internal overlap of size 16 between Alignment 1 and 2: 1996495 2152046 | 1 155552 | 155552 155552 --> 1996495 2152030 | 1 155536 | 155536 155536
			Real Alignment 1: 1996495 2152030 | 1 155536 | 155536 155536 | 100.0 | NC_000964.3_NC_000964.3 NODE_2_length_1042514_cov_163.439668
			  Extensive misassembly (relocation, inconsistency = 134402) between these two alignments
			Real Alignment 2: 2286433 3173401 | 155537 1042514 | 886969 886978 | 99.99 | NC_000964.3_NC_000964.3 NODE_2_length_1042514_cov_163.439668

CONTIG: NODE_3_length_1015468_cov_165.590486 (1015468bp)
Best alignment score: 1015468.0 (LEN: 1015468, IDY: 100.00), Total number of alignments: 1
		One align captures most of this contig: 952152 1967640 | 1015468 1 | 1015489 1015468 | 100.0 | NC_000964.3_NC_000964.3 NODE_3_length_1015468_cov_165.590486

CONTIG: NODE_9_length_458852_cov_211.324921 (458852bp)
Best alignment score: 374777.5 (LEN: 374815, IDY: 99.99), Total number of alignments: 2
			Looking for the best set of alignments (out of 2 total alignments)
			The best set is below. Score: 458774.1, number of alignments: 2, unaligned bases: 3
		This contig is misassembled.
			Excluding internal overlap of size 10 between Alignment 1 and 2: 176276 260316 | 1 84044 | 84041 84044 --> 176276 260306 | 1 84034 | 84031 84034
			Real Alignment 1: 176276 260306 | 1 84034 | 84031 84034 | 99.99 | NC_000964.3_NC_000964.3 NODE_9_length_458852_cov_211.324921
			  Gap between these two alignments (local misassembly). Inconsistency = 210
			Real Alignment 2: 260517 635331 | 84035 458849 | 374815 374815 | 99.99 | NC_000964.3_NC_000964.3 NODE_9_length_458852_cov_211.324921

CONTIG: NODE_17_length_306394_cov_217.326416 (306394bp)
Best alignment score: 306394.0 (LEN: 306394, IDY: 100.00), Total number of alignments: 1
		One align captures most of this contig: 640201 946594 | 1 306394 | 306394 306394 | 100.0 | NC_000964.3_NC_000964.3 NODE_17_length_306394_cov_217.326416

CONTIG: NODE_64_length_59674_cov_176.109864 (59674bp)
Best alignment score: 59674.0 (LEN: 59674, IDY: 100.00), Total number of alignments: 1
		One align captures most of this contig: 101190 160863 | 59674 1 | 59674 59674 | 100.0 | NC_000964.3_NC_000964.3 NODE_64_length_59674_cov_176.109864

CONTIG: NODE_68_length_55182_cov_186.108749 (55182bp)
Best alignment score: 55182.0 (LEN: 55182, IDY: 100.00), Total number of alignments: 1
		One align captures most of this contig: 35314 90495 | 55182 1 | 55182 55182 | 100.0 | NC_000964.3_NC_000964.3 NODE_68_length_55182_cov_186.108749

CONTIG: NODE_105_length_15461_cov_182.743217 (15461bp)
Best alignment score: 15461.0 (LEN: 15461, IDY: 100.00), Total number of alignments: 1
		One align captures most of this contig: 14789 30249 | 15461 1 | 15461 15461 | 100.0 | NC_000964.3_NC_000964.3 NODE_105_length_15461_cov_182.743217

CONTIG: NODE_109_length_13537_cov_312.259605 (13537bp)
Best alignment score: 13489.6 (LEN: 13537, IDY: 99.65), Total number of alignments: 1
		One align captures most of this contig: 1967586 1981122 | 1 13537 | 13537 13537 | 99.65 | NC_000964.3_NC_000964.3 NODE_109_length_13537_cov_312.259605

CONTIG: NODE_111_length_12782_cov_203.450774 (12782bp)
Best alignment score: 12782.0 (LEN: 12782, IDY: 100.00), Total number of alignments: 1
		One align captures most of this contig: 1981068 1993849 | 1 12782 | 12782 12782 | 100.0 | NC_000964.3_NC_000964.3 NODE_111_length_12782_cov_203.450774

CONTIG: NODE_125_length_3182_cov_1783.077710 (3182bp)
Best alignment score: 3180.1 (LEN: 3182, IDY: 99.94), Total number of alignments: 10
		Skipping these alignments as insignificant (option --ambiguity-score is set to "0.99"):
			Skipping alignment 32095 35353 | 3182 1 | 3259 3182 | 97.48 | NC_000964.3_NC_000964.3 NODE_125_length_3182_cov_1783.077710
			Skipping alignment 948336 951387 | 3182 131 | 3052 3052 | 99.87 | NC_000964.3_NC_000964.3 NODE_125_length_3182_cov_1783.077710
		This contig has 8 significant alignments. [An ambiguously mapped contig]
		Using only first of these alignment (option --ambiguity-usage is set to "one"):
			Alignment: 637073 640254 | 3182 1 | 3182 3182 | 99.94 | NC_000964.3_NC_000964.3 NODE_125_length_3182_cov_1783.077710
			Skipping alignment 11627 14808 | 3182 1 | 3182 3182 | 99.91 | NC_000964.3_NC_000964.3 NODE_125_length_3182_cov_1783.077710
			Skipping alignment 92175 95353 | 3182 1 | 3179 3182 | 99.87 | NC_000964.3_NC_000964.3 NODE_125_length_3182_cov_1783.077710
			Skipping alignment 3173819 3177000 | 1 3182 | 3182 3182 | 99.87 | NC_000964.3_NC_000964.3 NODE_125_length_3182_cov_1783.077710
			Skipping alignment 98031 101209 | 3182 1 | 3179 3182 | 99.81 | NC_000964.3_NC_000964.3 NODE_125_length_3182_cov_1783.077710
			Skipping alignment 173135 176313 | 3182 1 | 3179 3182 | 99.78 | NC_000964.3_NC_000964.3 NODE_125_length_3182_cov_1783.077710
			Skipping alignment 162531 165707 | 3182 1 | 3177 3182 | 99.72 | NC_000964.3_NC_000964.3 NODE_125_length_3182_cov_1783.077710
			Skipping alignment 168139 171313 | 3182 1 | 3175 3182 | 99.5 | NC_000964.3_NC_000964.3 NODE_125_length_3182_cov_1783.077710

CONTIG: NODE_138_length_1627_cov_1825.462468 (1627bp)
Best alignment score: 1627.0 (LEN: 1627, IDY: 100.00), Total number of alignments: 10
		This contig has 10 significant alignments. [An ambiguously mapped contig]
		Using only first of these alignment (option --ambiguity-usage is set to "one"):
			Alignment: 96392 98018 | 1627 1 | 1627 1627 | 100.0 | NC_000964.3_NC_000964.3 NODE_138_length_1627_cov_1825.462468
			Skipping alignment 946697 948323 | 1627 1 | 1627 1627 | 99.94 | NC_000964.3_NC_000964.3 NODE_138_length_1627_cov_1825.462468
			Skipping alignment 30279 31905 | 1627 1 | 1627 1627 | 99.94 | NC_000964.3_NC_000964.3 NODE_138_length_1627_cov_1825.462468
			Skipping alignment 9811 11437 | 1627 1 | 1627 1627 | 99.88 | NC_000964.3_NC_000964.3 NODE_138_length_1627_cov_1825.462468
			Skipping alignment 90536 92162 | 1627 1 | 1627 1627 | 99.82 | NC_000964.3_NC_000964.3 NODE_138_length_1627_cov_1825.462468
			Skipping alignment 635434 637060 | 1627 1 | 1627 1627 | 99.75 | NC_000964.3_NC_000964.3 NODE_138_length_1627_cov_1825.462468
			Skipping alignment 166500 168126 | 1627 1 | 1627 1627 | 99.75 | NC_000964.3_NC_000964.3 NODE_138_length_1627_cov_1825.462468
			Skipping alignment 160893 162518 | 1627 1 | 1626 1627 | 99.69 | NC_000964.3_NC_000964.3 NODE_138_length_1627_cov_1825.462468
			Skipping alignment 171498 173122 | 1627 1 | 1625 1627 | 99.57 | NC_000964.3_NC_000964.3 NODE_138_length_1627_cov_1825.462468
			Skipping alignment 3177013 3178639 | 1 1627 | 1627 1627 | 99.51 | NC_000964.3_NC_000964.3 NODE_138_length_1627_cov_1825.462468

CONTIG: NODE_153_length_685_cov_633.595238 (685bp)
Best alignment score: 682.0 (LEN: 685, IDY: 99.56), Total number of alignments: 1
		One align captures most of this contig: 165776 166459 | 685 1 | 684 685 | 99.56 | NC_000964.3_NC_000964.3 NODE_153_length_685_cov_633.595238

Analyzing coverage...
Writing SNPs into /home/modesto/data/freeDNA/quast_results/results_2022_03_10_13_57_32/runs_per_reference/NC_000964.3/contigs_reports/minimap_output/NA_2.used_snps.gz

Analysis is finished!
Founded SNPs were written into /home/modesto/data/freeDNA/quast_results/results_2022_03_10_13_57_32/runs_per_reference/NC_000964.3/contigs_reports/minimap_output/NA_2.used_snps.gz

Results:
	Local Misassemblies: 1
	Misassemblies: 1
		Relocations: 1
		Translocations: 0
		Inversions: 0
	Scaffold gap extensive misassemblies: 0
	Scaffold gap local misassemblies: 0
	Misassembled Contigs: 1
	Misassembled Contig Bases: 1042514
	Misassemblies Inter-Contig Overlap ("Extra" Aligned Bases): 0
Unaligned Contigs: 0 + 0 part
Half Unaligned Contigs with Misassemblies: 0
Unaligned Bases in Fully and Partially Unaligned Contigs: 0

Ambiguously Mapped Contigs: 2
Total Bases in Ambiguously Mapped Contigs: 4809
"Extra" Aligned Bases in Ambiguously Mapped Contigs: 0
Note that --allow-ambiguity option was set to "one" and only first alignment per each of these contigs was used (there is no "extra" aligned bases).

	Covered Bases in Reference: 4022066
	Raw Aligned Bases in Assembly: 4022233
	Total Aligned Bases in Assembly (with "Extras"): 4022233

	SNPs: 175
	Insertions: 59
	Deletions: 56

