Aligning contigs to reference...
	Aligning contigs to the reference
Filtering alignments...
Parsing coords...
Loading reference...
	Loaded [NC_000964.3_NC_000964.3]
	Total Regions: 1
	Total Region Length: 4215606
Analyzing contigs...
CONTIG: NODE_1_length_2086699_cov_489.234906 (2086699bp)
Best alignment score: 1200012.0 (LEN: 1200132, IDY: 99.99), Total number of alignments: 2
			Looking for the best set of alignments (out of 2 total alignments)
			The best set is below. Score: 2086232.3, number of alignments: 2, unaligned bases: 0
		This contig is misassembled.
			Excluding internal overlap of size 16 between Alignment 1 and 2: 2286433 3173021 | 886583 1 | 886589 886583 --> 2286449 3173021 | 886567 1 | 886573 886567
			Real Alignment 1: 2286449 3173021 | 886567 1 | 886573 886567 | 99.99 | NC_000964.3_NC_000964.3 NODE_1_length_2086699_cov_489.234906
			  Extensive misassembly (relocation, inconsistency = 134402) between these two alignments
			Real Alignment 2: 951894 2152046 | 2086699 886568 | 1200153 1200132 | 99.99 | NC_000964.3_NC_000964.3 NODE_1_length_2086699_cov_489.234906

CONTIG: NODE_2_length_1046726_cov_448.304375 (1046726bp)
Best alignment score: 1036774.3 (LEN: 1036878, IDY: 99.99), Total number of alignments: 2
		Skipping these alignments as insignificant (option --ambiguity-score is set to "0.99"):
			Skipping alignment 1 9848 | 1036879 1046726 | 9848 9848 | 100.0 | NC_000964.3_NC_000964.3 NODE_2_length_1046726_cov_448.304375
		One align captures most of this contig: 3178740 4215606 | 1 1036878 | 1036867 1036878 | 99.99 | NC_000964.3_NC_000964.3 NODE_2_length_1046726_cov_448.304375

CONTIG: NODE_3_length_458989_cov_511.538932 (458989bp)
Best alignment score: 374917.5 (LEN: 374955, IDY: 99.99), Total number of alignments: 2
			Looking for the best set of alignments (out of 2 total alignments)
			The best set is below. Score: 458914.1, number of alignments: 2, unaligned bases: 0
		This contig is misassembled.
			Excluding internal overlap of size 10 between Alignment 1 and 2: 176276 260316 | 1 84044 | 84041 84044 --> 176276 260306 | 1 84034 | 84031 84034
			Real Alignment 1: 176276 260306 | 1 84034 | 84031 84034 | 99.99 | NC_000964.3_NC_000964.3 NODE_3_length_458989_cov_511.538932
			  Gap between these two alignments (local misassembly). Inconsistency = 210
			Real Alignment 2: 260517 635471 | 84035 458989 | 374955 374955 | 99.99 | NC_000964.3_NC_000964.3 NODE_3_length_458989_cov_511.538932

CONTIG: NODE_6_length_306395_cov_467.774254 (306395bp)
Best alignment score: 306395.0 (LEN: 306395, IDY: 100.00), Total number of alignments: 1
		One align captures most of this contig: 640200 946594 | 1 306395 | 306395 306395 | 100.0 | NC_000964.3_NC_000964.3 NODE_6_length_306395_cov_467.774254

CONTIG: NODE_67_length_59674_cov_441.305121 (59674bp)
Best alignment score: 59674.0 (LEN: 59674, IDY: 100.00), Total number of alignments: 1
		One align captures most of this contig: 101190 160863 | 59674 1 | 59674 59674 | 100.0 | NC_000964.3_NC_000964.3 NODE_67_length_59674_cov_441.305121

CONTIG: NODE_73_length_55182_cov_427.634571 (55182bp)
Best alignment score: 55182.0 (LEN: 55182, IDY: 100.00), Total number of alignments: 1
		One align captures most of this contig: 35314 90495 | 1 55182 | 55182 55182 | 100.0 | NC_000964.3_NC_000964.3 NODE_73_length_55182_cov_427.634571

CONTIG: NODE_179_length_15454_cov_418.447821 (15454bp)
Best alignment score: 15454.0 (LEN: 15454, IDY: 100.00), Total number of alignments: 1
		One align captures most of this contig: 14789 30242 | 15454 1 | 15454 15454 | 100.0 | NC_000964.3_NC_000964.3 NODE_179_length_15454_cov_418.447821

CONTIG: NODE_359_length_3182_cov_4415.041573 (3182bp)
Best alignment score: 3181.0 (LEN: 3182, IDY: 99.97), Total number of alignments: 10
		Skipping these alignments as insignificant (option --ambiguity-score is set to "0.99"):
			Skipping alignment 32095 35353 | 3182 1 | 3259 3182 | 97.52 | NC_000964.3_NC_000964.3 NODE_359_length_3182_cov_4415.041573
			Skipping alignment 948336 951387 | 3182 131 | 3052 3052 | 99.9 | NC_000964.3_NC_000964.3 NODE_359_length_3182_cov_4415.041573
		This contig has 8 significant alignments. [An ambiguously mapped contig]
		Using only first of these alignment (option --ambiguity-usage is set to "one"):
			Alignment: 637073 640254 | 3182 1 | 3182 3182 | 99.97 | NC_000964.3_NC_000964.3 NODE_359_length_3182_cov_4415.041573
			Skipping alignment 11627 14808 | 3182 1 | 3182 3182 | 99.94 | NC_000964.3_NC_000964.3 NODE_359_length_3182_cov_4415.041573
			Skipping alignment 3173819 3177000 | 1 3182 | 3182 3182 | 99.91 | NC_000964.3_NC_000964.3 NODE_359_length_3182_cov_4415.041573
			Skipping alignment 92175 95353 | 3182 1 | 3179 3182 | 99.84 | NC_000964.3_NC_000964.3 NODE_359_length_3182_cov_4415.041573
			Skipping alignment 173135 176313 | 3182 1 | 3179 3182 | 99.81 | NC_000964.3_NC_000964.3 NODE_359_length_3182_cov_4415.041573
			Skipping alignment 98031 101209 | 3182 1 | 3179 3182 | 99.78 | NC_000964.3_NC_000964.3 NODE_359_length_3182_cov_4415.041573
			Skipping alignment 162531 165707 | 3182 1 | 3177 3182 | 99.69 | NC_000964.3_NC_000964.3 NODE_359_length_3182_cov_4415.041573
			Skipping alignment 168139 171313 | 3182 1 | 3175 3182 | 99.53 | NC_000964.3_NC_000964.3 NODE_359_length_3182_cov_4415.041573

CONTIG: NODE_534_length_1627_cov_3626.538804 (1627bp)
Best alignment score: 1627.0 (LEN: 1627, IDY: 100.00), Total number of alignments: 10
		This contig has 10 significant alignments. [An ambiguously mapped contig]
		Using only first of these alignment (option --ambiguity-usage is set to "one"):
			Alignment: 96392 98018 | 1 1627 | 1627 1627 | 100.0 | NC_000964.3_NC_000964.3 NODE_534_length_1627_cov_3626.538804
			Skipping alignment 30279 31905 | 1 1627 | 1627 1627 | 99.94 | NC_000964.3_NC_000964.3 NODE_534_length_1627_cov_3626.538804
			Skipping alignment 946697 948323 | 1 1627 | 1627 1627 | 99.94 | NC_000964.3_NC_000964.3 NODE_534_length_1627_cov_3626.538804
			Skipping alignment 9811 11437 | 1 1627 | 1627 1627 | 99.88 | NC_000964.3_NC_000964.3 NODE_534_length_1627_cov_3626.538804
			Skipping alignment 90536 92162 | 1 1627 | 1627 1627 | 99.82 | NC_000964.3_NC_000964.3 NODE_534_length_1627_cov_3626.538804
			Skipping alignment 635434 637060 | 1 1627 | 1627 1627 | 99.75 | NC_000964.3_NC_000964.3 NODE_534_length_1627_cov_3626.538804
			Skipping alignment 166500 168126 | 1 1627 | 1627 1627 | 99.75 | NC_000964.3_NC_000964.3 NODE_534_length_1627_cov_3626.538804
			Skipping alignment 160893 162518 | 1 1627 | 1626 1627 | 99.69 | NC_000964.3_NC_000964.3 NODE_534_length_1627_cov_3626.538804
			Skipping alignment 171498 173122 | 1 1627 | 1625 1627 | 99.57 | NC_000964.3_NC_000964.3 NODE_534_length_1627_cov_3626.538804
			Skipping alignment 3177013 3178639 | 1627 1 | 1627 1627 | 99.51 | NC_000964.3_NC_000964.3 NODE_534_length_1627_cov_3626.538804

CONTIG: NODE_837_length_685_cov_1301.036508 (685bp)
Best alignment score: 682.0 (LEN: 685, IDY: 99.56), Total number of alignments: 1
		One align captures most of this contig: 165776 166459 | 685 1 | 684 685 | 99.56 | NC_000964.3_NC_000964.3 NODE_837_length_685_cov_1301.036508

Analyzing coverage...
Writing SNPs into /home/modesto/data/freeDNA/quast_results/results_2022_03_10_13_57_32/runs_per_reference/NC_000964.3/contigs_reports/minimap_output/Phi29-RP_2.used_snps.gz

Analysis is finished!
Founded SNPs were written into /home/modesto/data/freeDNA/quast_results/results_2022_03_10_13_57_32/runs_per_reference/NC_000964.3/contigs_reports/minimap_output/Phi29-RP_2.used_snps.gz

Results:
	Local Misassemblies: 1
	Misassemblies: 1
		Relocations: 1
		Translocations: 0
		Inversions: 0
	Scaffold gap extensive misassemblies: 0
	Scaffold gap local misassemblies: 0
	Misassembled Contigs: 1
	Misassembled Contig Bases: 2086699
	Misassemblies Inter-Contig Overlap ("Extra" Aligned Bases): 0
Unaligned Contigs: 0 + 0 part
Half Unaligned Contigs with Misassemblies: 0
Unaligned Bases in Fully and Partially Unaligned Contigs: 0

Ambiguously Mapped Contigs: 2
Total Bases in Ambiguously Mapped Contigs: 4809
"Extra" Aligned Bases in Ambiguously Mapped Contigs: 0
Note that --allow-ambiguity option was set to "one" and only first alignment per each of these contigs was used (there is no "extra" aligned bases).

	Covered Bases in Reference: 4024722
	Raw Aligned Bases in Assembly: 4024765
	Total Aligned Bases in Assembly (with "Extras"): 4024765

	SNPs: 212
	Insertions: 45
	Deletions: 57

