Aligning contigs to reference...
	Aligning contigs to the reference
Filtering alignments...
Parsing coords...
Loading reference...
	Loaded [NC_000964.3_NC_000964.3]
	Total Regions: 1
	Total Region Length: 4215606
Analyzing contigs...
CONTIG: NODE_1_length_2071182_cov_42.024203 (2071182bp)
Best alignment score: 1028881.1 (LEN: 1028984, IDY: 99.99), Total number of alignments: 3
			Looking for the best set of alignments (out of 3 total alignments)
			The best set is below. Score: 2070259.9, number of alignments: 3, unaligned bases: 0
		This contig is misassembled.
			Excluding internal overlap of size 2763 between Alignment 1 and 2: 1993821 2152046 | 1026222 1184447 | 158226 158226 --> 1996584 2152046 | 1028985 1184447 | 155463 155463
			Real Alignment 1: 952152 1981156 | 1 1028984 | 1029005 1028984 | 99.99 | NC_000964.3_NC_000964.3 NODE_1_length_2071182_cov_42.024203
			  Extensive misassembly (relocation, inconsistency = 15427) between these two alignments
			Excluding internal overlap of size 16 between Alignment 2 and 3: 1996584 2152046 | 1028985 1184447 | 155463 155463 --> 1996584 2152030 | 1028985 1184431 | 155447 155447
			Real Alignment 2: 1996584 2152030 | 1028985 1184431 | 155447 155447 | 99.96 | NC_000964.3_NC_000964.3 NODE_1_length_2071182_cov_42.024203
			  Extensive misassembly (relocation, inconsistency = 134402) between these two alignments
			Real Alignment 3: 2286433 3173191 | 1184432 2071182 | 886759 886751 | 100.0 | NC_000964.3_NC_000964.3 NODE_1_length_2071182_cov_42.024203

CONTIG: NODE_2_length_976111_cov_53.666970 (976111bp)
Best alignment score: 976013.4 (LEN: 976111, IDY: 99.99), Total number of alignments: 1
		One align captures most of this contig: 3178740 4154840 | 976111 1 | 976101 976111 | 99.99 | NC_000964.3_NC_000964.3 NODE_2_length_976111_cov_53.666970

CONTIG: NODE_8_length_325029_cov_67.334722 (325029bp)
Best alignment score: 240946.8 (LEN: 240995, IDY: 99.98), Total number of alignments: 2
			Looking for the best set of alignments (out of 2 total alignments)
			The best set is below. Score: 324943.4, number of alignments: 2, unaligned bases: 0
		This contig is misassembled.
			Excluding internal overlap of size 10 between Alignment 1 and 2: 176276 260316 | 1 84044 | 84041 84044 --> 176276 260306 | 1 84034 | 84031 84034
			Real Alignment 1: 176276 260306 | 1 84034 | 84031 84034 | 99.99 | NC_000964.3_NC_000964.3 NODE_8_length_325029_cov_67.334722
			  Gap between these two alignments (local misassembly). Inconsistency = 210
			Real Alignment 2: 260517 501513 | 84035 325029 | 240997 240995 | 99.98 | NC_000964.3_NC_000964.3 NODE_8_length_325029_cov_67.334722

CONTIG: NODE_12_length_306394_cov_58.500100 (306394bp)
Best alignment score: 306394.0 (LEN: 306394, IDY: 100.00), Total number of alignments: 1
		One align captures most of this contig: 640201 946594 | 1 306394 | 306394 306394 | 100.0 | NC_000964.3_NC_000964.3 NODE_12_length_306394_cov_58.500100

CONTIG: NODE_38_length_134027_cov_47.104365 (134027bp)
Best alignment score: 134013.6 (LEN: 134027, IDY: 99.99), Total number of alignments: 1
		One align captures most of this contig: 501459 635488 | 134027 1 | 134030 134027 | 99.99 | NC_000964.3_NC_000964.3 NODE_38_length_134027_cov_47.104365

CONTIG: NODE_67_length_70248_cov_47.838802 (70248bp)
Best alignment score: 60538.0 (LEN: 60538, IDY: 100.00), Total number of alignments: 2
			Looking for the best set of alignments (out of 2 total alignments)
			The best set is below. Score: 70248.0, number of alignments: 2, unaligned bases: 0
		This contig is misassembled.
			Real Alignment 1: 1 9710 | 9710 1 | 9710 9710 | 100.0 | NC_000964.3_NC_000964.3 NODE_67_length_70248_cov_47.838802
			  Not a misassembly [linear representation of circular genome] between these two alignments
			Real Alignment 2: 4155070 4215606 | 70248 9711 | 60537 60538 | 100.0 | NC_000964.3_NC_000964.3 NODE_67_length_70248_cov_47.838802

CONTIG: NODE_75_length_59674_cov_31.544290 (59674bp)
Best alignment score: 59674.0 (LEN: 59674, IDY: 100.00), Total number of alignments: 1
		One align captures most of this contig: 101190 160863 | 59674 1 | 59674 59674 | 100.0 | NC_000964.3_NC_000964.3 NODE_75_length_59674_cov_31.544290

CONTIG: NODE_86_length_55241_cov_44.457815 (55241bp)
Best alignment score: 55241.0 (LEN: 55241, IDY: 100.00), Total number of alignments: 1
		One align captures most of this contig: 35314 90554 | 1 55241 | 55241 55241 | 100.0 | NC_000964.3_NC_000964.3 NODE_86_length_55241_cov_44.457815

CONTIG: NODE_134_length_15461_cov_36.218097 (15461bp)
Best alignment score: 15461.0 (LEN: 15461, IDY: 100.00), Total number of alignments: 1
		One align captures most of this contig: 14789 30249 | 1 15461 | 15461 15461 | 100.0 | NC_000964.3_NC_000964.3 NODE_134_length_15461_cov_36.218097

CONTIG: NODE_141_length_12782_cov_61.062073 (12782bp)
Best alignment score: 12782.0 (LEN: 12782, IDY: 100.00), Total number of alignments: 1
		One align captures most of this contig: 1981068 1993849 | 1 12782 | 12782 12782 | 100.0 | NC_000964.3_NC_000964.3 NODE_141_length_12782_cov_61.062073

CONTIG: NODE_164_length_3182_cov_281.692357 (3182bp)
Best alignment score: 3181.0 (LEN: 3182, IDY: 99.97), Total number of alignments: 10
		Skipping these alignments as insignificant (option --ambiguity-score is set to "0.99"):
			Skipping alignment 32095 35353 | 1 3182 | 3259 3182 | 97.52 | NC_000964.3_NC_000964.3 NODE_164_length_3182_cov_281.692357
			Skipping alignment 948336 951387 | 1 3052 | 3052 3052 | 99.9 | NC_000964.3_NC_000964.3 NODE_164_length_3182_cov_281.692357
		This contig has 8 significant alignments. [An ambiguously mapped contig]
		Using only first of these alignment (option --ambiguity-usage is set to "one"):
			Alignment: 637073 640254 | 1 3182 | 3182 3182 | 99.97 | NC_000964.3_NC_000964.3 NODE_164_length_3182_cov_281.692357
			Skipping alignment 11627 14808 | 1 3182 | 3182 3182 | 99.94 | NC_000964.3_NC_000964.3 NODE_164_length_3182_cov_281.692357
			Skipping alignment 3173819 3177000 | 3182 1 | 3182 3182 | 99.91 | NC_000964.3_NC_000964.3 NODE_164_length_3182_cov_281.692357
			Skipping alignment 92175 95353 | 1 3182 | 3179 3182 | 99.84 | NC_000964.3_NC_000964.3 NODE_164_length_3182_cov_281.692357
			Skipping alignment 173135 176313 | 1 3182 | 3179 3182 | 99.81 | NC_000964.3_NC_000964.3 NODE_164_length_3182_cov_281.692357
			Skipping alignment 98031 101209 | 1 3182 | 3179 3182 | 99.78 | NC_000964.3_NC_000964.3 NODE_164_length_3182_cov_281.692357
			Skipping alignment 162531 165707 | 1 3182 | 3177 3182 | 99.69 | NC_000964.3_NC_000964.3 NODE_164_length_3182_cov_281.692357
			Skipping alignment 168139 171313 | 1 3182 | 3175 3182 | 99.53 | NC_000964.3_NC_000964.3 NODE_164_length_3182_cov_281.692357

CONTIG: NODE_178_length_1627_cov_274.089695 (1627bp)
Best alignment score: 1627.0 (LEN: 1627, IDY: 100.00), Total number of alignments: 10
		This contig has 10 significant alignments. [An ambiguously mapped contig]
		Using only first of these alignment (option --ambiguity-usage is set to "one"):
			Alignment: 946697 948323 | 1 1627 | 1627 1627 | 100.0 | NC_000964.3_NC_000964.3 NODE_178_length_1627_cov_274.089695
			Skipping alignment 96392 98018 | 1 1627 | 1627 1627 | 99.94 | NC_000964.3_NC_000964.3 NODE_178_length_1627_cov_274.089695
			Skipping alignment 30279 31905 | 1 1627 | 1627 1627 | 99.88 | NC_000964.3_NC_000964.3 NODE_178_length_1627_cov_274.089695
			Skipping alignment 635434 637060 | 1 1627 | 1627 1627 | 99.82 | NC_000964.3_NC_000964.3 NODE_178_length_1627_cov_274.089695
			Skipping alignment 9811 11437 | 1 1627 | 1627 1627 | 99.82 | NC_000964.3_NC_000964.3 NODE_178_length_1627_cov_274.089695
			Skipping alignment 166500 168126 | 1 1627 | 1627 1627 | 99.82 | NC_000964.3_NC_000964.3 NODE_178_length_1627_cov_274.089695
			Skipping alignment 90536 92162 | 1 1627 | 1627 1627 | 99.75 | NC_000964.3_NC_000964.3 NODE_178_length_1627_cov_274.089695
			Skipping alignment 160893 162518 | 1 1627 | 1626 1627 | 99.75 | NC_000964.3_NC_000964.3 NODE_178_length_1627_cov_274.089695
			Skipping alignment 171498 173122 | 1 1627 | 1625 1627 | 99.63 | NC_000964.3_NC_000964.3 NODE_178_length_1627_cov_274.089695
			Skipping alignment 3177013 3178639 | 1627 1 | 1627 1627 | 99.57 | NC_000964.3_NC_000964.3 NODE_178_length_1627_cov_274.089695

CONTIG: NODE_199_length_806_cov_75.436751 (806bp)
Best alignment score: 801.0 (LEN: 806, IDY: 99.38), Total number of alignments: 1
		One align captures most of this contig: 165653 166459 | 1 806 | 807 806 | 99.38 | NC_000964.3_NC_000964.3 NODE_199_length_806_cov_75.436751

Analyzing coverage...
Writing SNPs into /home/modesto/data/freeDNA/quast_results/results_2022_03_10_13_57_32/runs_per_reference/NC_000964.3/contigs_reports/minimap_output/piMDA.used_snps.gz

Analysis is finished!
Founded SNPs were written into /home/modesto/data/freeDNA/quast_results/results_2022_03_10_13_57_32/runs_per_reference/NC_000964.3/contigs_reports/minimap_output/piMDA.used_snps.gz

Results:
	Local Misassemblies: 1
	Misassemblies: 2
		Relocations: 2
		Translocations: 0
		Inversions: 0
	Scaffold gap extensive misassemblies: 0
	Scaffold gap local misassemblies: 0
	Misassembled Contigs: 1
	Misassembled Contig Bases: 2071182
	Misassemblies Inter-Contig Overlap ("Extra" Aligned Bases): 0
Unaligned Contigs: 0 + 0 part
Half Unaligned Contigs with Misassemblies: 0
Unaligned Bases in Fully and Partially Unaligned Contigs: 0

Ambiguously Mapped Contigs: 2
Total Bases in Ambiguously Mapped Contigs: 4809
"Extra" Aligned Bases in Ambiguously Mapped Contigs: 0
Note that --allow-ambiguity option was set to "one" and only first alignment per each of these contigs was used (there is no "extra" aligned bases).

	Covered Bases in Reference: 4031587
	Raw Aligned Bases in Assembly: 4031748
	Total Aligned Bases in Assembly (with "Extras"): 4031748

	SNPs: 167
	Insertions: 41
	Deletions: 62

