Aligning contigs to reference...
	Aligning contigs to the reference
Filtering alignments...
Parsing coords...
Loading reference...
	Loaded [NC_000964.3_NC_000964.3]
	Total Regions: 1
	Total Region Length: 4215606
Analyzing contigs...
CONTIG: NODE_1_length_1042019_cov_29.291759 (1042019bp)
Best alignment score: 886483.0 (LEN: 886483, IDY: 100.00), Total number of alignments: 2
			Looking for the best set of alignments (out of 2 total alignments)
			The best set is below. Score: 1041761.0, number of alignments: 2, unaligned bases: 0
		This contig is misassembled.
			Excluding internal overlap of size 16 between Alignment 1 and 2: 1996495 2152046 | 1042019 886468 | 155552 155552 --> 1996495 2152030 | 1042019 886484 | 155536 155536
			Real Alignment 1: 2286433 3172926 | 886483 1 | 886494 886483 | 100.0 | NC_000964.3_NC_000964.3 NODE_1_length_1042019_cov_29.291759
			  Extensive misassembly (relocation, inconsistency = 134402) between these two alignments
			Real Alignment 2: 1996495 2152030 | 1042019 886484 | 155536 155536 | 100.0 | NC_000964.3_NC_000964.3 NODE_1_length_1042019_cov_29.291759

CONTIG: NODE_2_length_1015468_cov_32.940425 (1015468bp)
Best alignment score: 1015468.0 (LEN: 1015468, IDY: 100.00), Total number of alignments: 1
		One align captures most of this contig: 952152 1967640 | 1 1015468 | 1015489 1015468 | 100.0 | NC_000964.3_NC_000964.3 NODE_2_length_1015468_cov_32.940425

CONTIG: NODE_3_length_976111_cov_38.762350 (976111bp)
Best alignment score: 976013.4 (LEN: 976111, IDY: 99.99), Total number of alignments: 1
		One align captures most of this contig: 3178740 4154840 | 1 976111 | 976101 976111 | 99.99 | NC_000964.3_NC_000964.3 NODE_3_length_976111_cov_38.762350

CONTIG: NODE_12_length_373438_cov_45.896707 (373438bp)
Best alignment score: 289346.1 (LEN: 289404, IDY: 99.98), Total number of alignments: 2
			Looking for the best set of alignments (out of 2 total alignments)
			The best set is below. Score: 373342.7, number of alignments: 2, unaligned bases: 0
		This contig is misassembled.
			Excluding internal overlap of size 10 between Alignment 1 and 2: 176276 260316 | 1 84044 | 84041 84044 --> 176276 260306 | 1 84034 | 84031 84034
			Real Alignment 1: 176276 260306 | 1 84034 | 84031 84034 | 99.99 | NC_000964.3_NC_000964.3 NODE_12_length_373438_cov_45.896707
			  Gap between these two alignments (local misassembly). Inconsistency = 210
			Real Alignment 2: 260517 549927 | 84035 373438 | 289411 289404 | 99.98 | NC_000964.3_NC_000964.3 NODE_12_length_373438_cov_45.896707

CONTIG: NODE_17_length_306394_cov_40.087299 (306394bp)
Best alignment score: 306394.0 (LEN: 306394, IDY: 100.00), Total number of alignments: 1
		One align captures most of this contig: 640201 946594 | 1 306394 | 306394 306394 | 100.0 | NC_000964.3_NC_000964.3 NODE_17_length_306394_cov_40.087299

CONTIG: NODE_55_length_85613_cov_32.395626 (85613bp)
Best alignment score: 85613.0 (LEN: 85613, IDY: 100.00), Total number of alignments: 1
		One align captures most of this contig: 549878 635488 | 1 85613 | 85611 85613 | 100.0 | NC_000964.3_NC_000964.3 NODE_55_length_85613_cov_32.395626

CONTIG: NODE_62_length_70160_cov_31.225448 (70160bp)
Best alignment score: 60450.0 (LEN: 60450, IDY: 100.00), Total number of alignments: 2
			Looking for the best set of alignments (out of 2 total alignments)
			The best set is below. Score: 70160.0, number of alignments: 2, unaligned bases: 0
		This contig is misassembled.
			Real Alignment 1: 4155158 4215606 | 1 60450 | 60449 60450 | 100.0 | NC_000964.3_NC_000964.3 NODE_62_length_70160_cov_31.225448
			  Not a misassembly [linear representation of circular genome] between these two alignments
			Real Alignment 2: 1 9710 | 60451 70160 | 9710 9710 | 100.0 | NC_000964.3_NC_000964.3 NODE_62_length_70160_cov_31.225448

CONTIG: NODE_70_length_59674_cov_26.902749 (59674bp)
Best alignment score: 59674.0 (LEN: 59674, IDY: 100.00), Total number of alignments: 1
		One align captures most of this contig: 101190 160863 | 59674 1 | 59674 59674 | 100.0 | NC_000964.3_NC_000964.3 NODE_70_length_59674_cov_26.902749

CONTIG: NODE_76_length_55241_cov_30.000507 (55241bp)
Best alignment score: 55241.0 (LEN: 55241, IDY: 100.00), Total number of alignments: 1
		One align captures most of this contig: 35314 90554 | 1 55241 | 55241 55241 | 100.0 | NC_000964.3_NC_000964.3 NODE_76_length_55241_cov_30.000507

CONTIG: NODE_116_length_15454_cov_27.324826 (15454bp)
Best alignment score: 15454.0 (LEN: 15454, IDY: 100.00), Total number of alignments: 1
		One align captures most of this contig: 14789 30242 | 1 15454 | 15454 15454 | 100.0 | NC_000964.3_NC_000964.3 NODE_116_length_15454_cov_27.324826

CONTIG: NODE_121_length_12782_cov_47.804353 (12782bp)
Best alignment score: 12782.0 (LEN: 12782, IDY: 100.00), Total number of alignments: 1
		One align captures most of this contig: 1981068 1993849 | 1 12782 | 12782 12782 | 100.0 | NC_000964.3_NC_000964.3 NODE_121_length_12782_cov_47.804353

CONTIG: NODE_122_length_12530_cov_84.537234 (12530bp)
Best alignment score: 12492.4 (LEN: 12530, IDY: 99.70), Total number of alignments: 1
		One align captures most of this contig: 1967586 1980115 | 1 12530 | 12530 12530 | 99.7 | NC_000964.3_NC_000964.3 NODE_122_length_12530_cov_84.537234

CONTIG: NODE_140_length_3182_cov_258.780301 (3182bp)
Best alignment score: 3181.0 (LEN: 3182, IDY: 99.97), Total number of alignments: 10
		Skipping these alignments as insignificant (option --ambiguity-score is set to "0.99"):
			Skipping alignment 32095 35353 | 3182 1 | 3259 3182 | 97.52 | NC_000964.3_NC_000964.3 NODE_140_length_3182_cov_258.780301
			Skipping alignment 948336 951387 | 3182 131 | 3052 3052 | 99.9 | NC_000964.3_NC_000964.3 NODE_140_length_3182_cov_258.780301
		This contig has 8 significant alignments. [An ambiguously mapped contig]
		Using only first of these alignment (option --ambiguity-usage is set to "one"):
			Alignment: 637073 640254 | 3182 1 | 3182 3182 | 99.97 | NC_000964.3_NC_000964.3 NODE_140_length_3182_cov_258.780301
			Skipping alignment 11627 14808 | 3182 1 | 3182 3182 | 99.94 | NC_000964.3_NC_000964.3 NODE_140_length_3182_cov_258.780301
			Skipping alignment 3173819 3177000 | 1 3182 | 3182 3182 | 99.91 | NC_000964.3_NC_000964.3 NODE_140_length_3182_cov_258.780301
			Skipping alignment 92175 95353 | 3182 1 | 3179 3182 | 99.84 | NC_000964.3_NC_000964.3 NODE_140_length_3182_cov_258.780301
			Skipping alignment 173135 176313 | 3182 1 | 3179 3182 | 99.81 | NC_000964.3_NC_000964.3 NODE_140_length_3182_cov_258.780301
			Skipping alignment 98031 101209 | 3182 1 | 3179 3182 | 99.78 | NC_000964.3_NC_000964.3 NODE_140_length_3182_cov_258.780301
			Skipping alignment 162531 165707 | 3182 1 | 3177 3182 | 99.69 | NC_000964.3_NC_000964.3 NODE_140_length_3182_cov_258.780301
			Skipping alignment 168139 171313 | 3182 1 | 3175 3182 | 99.53 | NC_000964.3_NC_000964.3 NODE_140_length_3182_cov_258.780301

CONTIG: NODE_152_length_1627_cov_242.860687 (1627bp)
Best alignment score: 1627.0 (LEN: 1627, IDY: 100.00), Total number of alignments: 10
		This contig has 10 significant alignments. [An ambiguously mapped contig]
		Using only first of these alignment (option --ambiguity-usage is set to "one"):
			Alignment: 946697 948323 | 1627 1 | 1627 1627 | 100.0 | NC_000964.3_NC_000964.3 NODE_152_length_1627_cov_242.860687
			Skipping alignment 96392 98018 | 1627 1 | 1627 1627 | 99.94 | NC_000964.3_NC_000964.3 NODE_152_length_1627_cov_242.860687
			Skipping alignment 30279 31905 | 1627 1 | 1627 1627 | 99.88 | NC_000964.3_NC_000964.3 NODE_152_length_1627_cov_242.860687
			Skipping alignment 9811 11437 | 1627 1 | 1627 1627 | 99.82 | NC_000964.3_NC_000964.3 NODE_152_length_1627_cov_242.860687
			Skipping alignment 635434 637060 | 1627 1 | 1627 1627 | 99.82 | NC_000964.3_NC_000964.3 NODE_152_length_1627_cov_242.860687
			Skipping alignment 166500 168126 | 1627 1 | 1627 1627 | 99.82 | NC_000964.3_NC_000964.3 NODE_152_length_1627_cov_242.860687
			Skipping alignment 90536 92162 | 1627 1 | 1627 1627 | 99.75 | NC_000964.3_NC_000964.3 NODE_152_length_1627_cov_242.860687
			Skipping alignment 160893 162518 | 1627 1 | 1626 1627 | 99.75 | NC_000964.3_NC_000964.3 NODE_152_length_1627_cov_242.860687
			Skipping alignment 171498 173122 | 1627 1 | 1625 1627 | 99.63 | NC_000964.3_NC_000964.3 NODE_152_length_1627_cov_242.860687
			Skipping alignment 3177013 3178639 | 1 1627 | 1627 1627 | 99.57 | NC_000964.3_NC_000964.3 NODE_152_length_1627_cov_242.860687

CONTIG: NODE_161_length_1062_cov_86.164846 (1062bp)
Best alignment score: 1062.0 (LEN: 1062, IDY: 100.00), Total number of alignments: 1
		One align captures most of this contig: 1980061 1981122 | 1 1062 | 1062 1062 | 100.0 | NC_000964.3_NC_000964.3 NODE_161_length_1062_cov_86.164846

CONTIG: NODE_167_length_553_cov_59.196787 (553bp)
Best alignment score: 534.5 (LEN: 553, IDY: 96.65), Total number of alignments: 1
		One align captures most of this contig: 165653 166217 | 1 553 | 565 553 | 96.65 | NC_000964.3_NC_000964.3 NODE_167_length_553_cov_59.196787

Analyzing coverage...
Writing SNPs into /home/modesto/data/freeDNA/quast_results/results_2022_03_10_13_57_32/runs_per_reference/NC_000964.3/contigs_reports/minimap_output/piMDA-D.used_snps.gz

Analysis is finished!
Founded SNPs were written into /home/modesto/data/freeDNA/quast_results/results_2022_03_10_13_57_32/runs_per_reference/NC_000964.3/contigs_reports/minimap_output/piMDA-D.used_snps.gz

Results:
	Local Misassemblies: 1
	Misassemblies: 1
		Relocations: 1
		Translocations: 0
		Inversions: 0
	Scaffold gap extensive misassemblies: 0
	Scaffold gap local misassemblies: 0
	Misassembled Contigs: 1
	Misassembled Contig Bases: 1042019
	Misassemblies Inter-Contig Overlap ("Extra" Aligned Bases): 0
Unaligned Contigs: 0 + 0 part
Half Unaligned Contigs with Misassemblies: 0
Unaligned Bases in Fully and Partially Unaligned Contigs: 0

Ambiguously Mapped Contigs: 2
Total Bases in Ambiguously Mapped Contigs: 4809
"Extra" Aligned Bases in Ambiguously Mapped Contigs: 0
Note that --allow-ambiguity option was set to "one" and only first alignment per each of these contigs was used (there is no "extra" aligned bases).

	Covered Bases in Reference: 4031074
	Raw Aligned Bases in Assembly: 4031308
	Total Aligned Bases in Assembly (with "Extras"): 4031308

	SNPs: 163
	Insertions: 39
	Deletions: 74

