Aligning contigs to reference...
	Aligning contigs to the reference
Filtering alignments...
Parsing coords...
Loading reference...
	Loaded [NC_000964.3_NC_000964.3]
	Total Regions: 1
	Total Region Length: 4215606
Analyzing contigs...
CONTIG: NODE_1_length_2086696_cov_76.802883 (2086696bp)
Best alignment score: 1199754.0 (LEN: 1199874, IDY: 99.99), Total number of alignments: 2
			Looking for the best set of alignments (out of 2 total alignments)
			The best set is below. Score: 2086318.0, number of alignments: 2, unaligned bases: 0
		This contig is misassembled.
			Excluding internal overlap of size 16 between Alignment 1 and 2: 2286433 3173278 | 1199859 2086696 | 886846 886838 --> 2286449 3173278 | 1199875 2086696 | 886830 886822
			Real Alignment 1: 952152 2152046 | 1 1199874 | 1199895 1199874 | 99.99 | NC_000964.3_NC_000964.3 NODE_1_length_2086696_cov_76.802883
			  Extensive misassembly (relocation, inconsistency = 134402) between these two alignments
			Real Alignment 2: 2286449 3173278 | 1199875 2086696 | 886830 886822 | 100.0 | NC_000964.3_NC_000964.3 NODE_1_length_2086696_cov_76.802883

CONTIG: NODE_2_length_1046588_cov_91.032134 (1046588bp)
Best alignment score: 1036774.3 (LEN: 1036878, IDY: 99.99), Total number of alignments: 2
		Skipping these alignments as insignificant (option --ambiguity-score is set to "0.99"):
			Skipping alignment 1 9710 | 1036879 1046588 | 9710 9710 | 100.0 | NC_000964.3_NC_000964.3 NODE_2_length_1046588_cov_91.032134
		One align captures most of this contig: 3178740 4215606 | 1 1036878 | 1036867 1036878 | 99.99 | NC_000964.3_NC_000964.3 NODE_2_length_1046588_cov_91.032134

CONTIG: NODE_5_length_459001_cov_101.485488 (459001bp)
Best alignment score: 374892.0 (LEN: 374967, IDY: 99.98), Total number of alignments: 2
			Looking for the best set of alignments (out of 2 total alignments)
			The best set is below. Score: 458888.6, number of alignments: 2, unaligned bases: 0
		This contig is misassembled.
			Excluding internal overlap of size 10 between Alignment 1 and 2: 176276 260316 | 459001 374958 | 84041 84044 --> 176276 260306 | 459001 374968 | 84031 84034
			Real Alignment 1: 260517 635488 | 374967 1 | 374972 374967 | 99.98 | NC_000964.3_NC_000964.3 NODE_5_length_459001_cov_101.485488
			  Gap between these two alignments (local misassembly). Inconsistency = 210
			Real Alignment 2: 176276 260306 | 459001 374968 | 84031 84034 | 99.99 | NC_000964.3_NC_000964.3 NODE_5_length_459001_cov_101.485488

CONTIG: NODE_17_length_306394_cov_92.020637 (306394bp)
Best alignment score: 306394.0 (LEN: 306394, IDY: 100.00), Total number of alignments: 1
		One align captures most of this contig: 640201 946594 | 1 306394 | 306394 306394 | 100.0 | NC_000964.3_NC_000964.3 NODE_17_length_306394_cov_92.020637

CONTIG: NODE_62_length_59674_cov_53.474278 (59674bp)
Best alignment score: 59674.0 (LEN: 59674, IDY: 100.00), Total number of alignments: 1
		One align captures most of this contig: 101190 160863 | 1 59674 | 59674 59674 | 100.0 | NC_000964.3_NC_000964.3 NODE_62_length_59674_cov_53.474278

CONTIG: NODE_66_length_55241_cov_67.415903 (55241bp)
Best alignment score: 55241.0 (LEN: 55241, IDY: 100.00), Total number of alignments: 1
		One align captures most of this contig: 35314 90554 | 1 55241 | 55241 55241 | 100.0 | NC_000964.3_NC_000964.3 NODE_66_length_55241_cov_67.415903

CONTIG: NODE_102_length_15461_cov_60.807478 (15461bp)
Best alignment score: 15461.0 (LEN: 15461, IDY: 100.00), Total number of alignments: 1
		One align captures most of this contig: 14789 30249 | 1 15461 | 15461 15461 | 100.0 | NC_000964.3_NC_000964.3 NODE_102_length_15461_cov_60.807478

CONTIG: NODE_126_length_3182_cov_412.314359 (3182bp)
Best alignment score: 3181.0 (LEN: 3182, IDY: 99.97), Total number of alignments: 10
		Skipping these alignments as insignificant (option --ambiguity-score is set to "0.99"):
			Skipping alignment 32095 35353 | 1 3182 | 3259 3182 | 97.52 | NC_000964.3_NC_000964.3 NODE_126_length_3182_cov_412.314359
			Skipping alignment 948336 951387 | 1 3052 | 3052 3052 | 99.9 | NC_000964.3_NC_000964.3 NODE_126_length_3182_cov_412.314359
		This contig has 8 significant alignments. [An ambiguously mapped contig]
		Using only first of these alignment (option --ambiguity-usage is set to "one"):
			Alignment: 637073 640254 | 1 3182 | 3182 3182 | 99.97 | NC_000964.3_NC_000964.3 NODE_126_length_3182_cov_412.314359
			Skipping alignment 11627 14808 | 1 3182 | 3182 3182 | 99.94 | NC_000964.3_NC_000964.3 NODE_126_length_3182_cov_412.314359
			Skipping alignment 3173819 3177000 | 3182 1 | 3182 3182 | 99.91 | NC_000964.3_NC_000964.3 NODE_126_length_3182_cov_412.314359
			Skipping alignment 92175 95353 | 1 3182 | 3179 3182 | 99.84 | NC_000964.3_NC_000964.3 NODE_126_length_3182_cov_412.314359
			Skipping alignment 173135 176313 | 1 3182 | 3179 3182 | 99.81 | NC_000964.3_NC_000964.3 NODE_126_length_3182_cov_412.314359
			Skipping alignment 98031 101209 | 1 3182 | 3179 3182 | 99.78 | NC_000964.3_NC_000964.3 NODE_126_length_3182_cov_412.314359
			Skipping alignment 162531 165707 | 1 3182 | 3177 3182 | 99.69 | NC_000964.3_NC_000964.3 NODE_126_length_3182_cov_412.314359
			Skipping alignment 168139 171313 | 1 3182 | 3175 3182 | 99.53 | NC_000964.3_NC_000964.3 NODE_126_length_3182_cov_412.314359

CONTIG: NODE_137_length_1627_cov_403.328244 (1627bp)
Best alignment score: 1627.0 (LEN: 1627, IDY: 100.00), Total number of alignments: 10
		This contig has 10 significant alignments. [An ambiguously mapped contig]
		Using only first of these alignment (option --ambiguity-usage is set to "one"):
			Alignment: 946697 948323 | 1 1627 | 1627 1627 | 100.0 | NC_000964.3_NC_000964.3 NODE_137_length_1627_cov_403.328244
			Skipping alignment 96392 98018 | 1 1627 | 1627 1627 | 99.94 | NC_000964.3_NC_000964.3 NODE_137_length_1627_cov_403.328244
			Skipping alignment 30279 31905 | 1 1627 | 1627 1627 | 99.88 | NC_000964.3_NC_000964.3 NODE_137_length_1627_cov_403.328244
			Skipping alignment 635434 637060 | 1 1627 | 1627 1627 | 99.82 | NC_000964.3_NC_000964.3 NODE_137_length_1627_cov_403.328244
			Skipping alignment 9811 11437 | 1 1627 | 1627 1627 | 99.82 | NC_000964.3_NC_000964.3 NODE_137_length_1627_cov_403.328244
			Skipping alignment 166500 168126 | 1 1627 | 1627 1627 | 99.82 | NC_000964.3_NC_000964.3 NODE_137_length_1627_cov_403.328244
			Skipping alignment 90536 92162 | 1 1627 | 1627 1627 | 99.75 | NC_000964.3_NC_000964.3 NODE_137_length_1627_cov_403.328244
			Skipping alignment 160893 162518 | 1 1627 | 1626 1627 | 99.75 | NC_000964.3_NC_000964.3 NODE_137_length_1627_cov_403.328244
			Skipping alignment 171498 173122 | 1 1627 | 1625 1627 | 99.63 | NC_000964.3_NC_000964.3 NODE_137_length_1627_cov_403.328244
			Skipping alignment 3177013 3178639 | 1627 1 | 1627 1627 | 99.57 | NC_000964.3_NC_000964.3 NODE_137_length_1627_cov_403.328244

Analyzing coverage...
Writing SNPs into /home/modesto/data/freeDNA/quast_results/results_2022_03_10_13_57_32/runs_per_reference/NC_000964.3/contigs_reports/minimap_output/piMDA-D_2.used_snps.gz

Analysis is finished!
Founded SNPs were written into /home/modesto/data/freeDNA/quast_results/results_2022_03_10_13_57_32/runs_per_reference/NC_000964.3/contigs_reports/minimap_output/piMDA-D_2.used_snps.gz

Results:
	Local Misassemblies: 1
	Misassemblies: 1
		Relocations: 1
		Translocations: 0
		Inversions: 0
	Scaffold gap extensive misassemblies: 0
	Scaffold gap local misassemblies: 0
	Misassembled Contigs: 1
	Misassembled Contig Bases: 2086696
	Misassemblies Inter-Contig Overlap ("Extra" Aligned Bases): 0
Unaligned Contigs: 0 + 0 part
Half Unaligned Contigs with Misassemblies: 0
Unaligned Bases in Fully and Partially Unaligned Contigs: 0

Ambiguously Mapped Contigs: 2
Total Bases in Ambiguously Mapped Contigs: 4809
"Extra" Aligned Bases in Ambiguously Mapped Contigs: 0
Note that --allow-ambiguity option was set to "one" and only first alignment per each of these contigs was used (there is no "extra" aligned bases).

	Covered Bases in Reference: 4024120
	Raw Aligned Bases in Assembly: 4024154
	Total Aligned Bases in Assembly (with "Extras"): 4024154

	SNPs: 209
	Insertions: 41
	Deletions: 61

