Aligning contigs to reference...
	Aligning contigs to the reference
Filtering alignments...
Parsing coords...
Loading reference...
	Loaded [NC_000964.3_NC_000964.3]
	Total Regions: 1
	Total Region Length: 4215606
Analyzing contigs...
CONTIG: NODE_1_length_2089305_cov_528.157056 (2089305bp)
Best alignment score: 886667.3 (LEN: 886756, IDY: 99.99), Total number of alignments: 4
			Looking for the best set of alignments (out of 4 total alignments)
			The best set is below. Score: 2088333.1, number of alignments: 4, unaligned bases: 0
		This contig is misassembled.
			Real Alignment 1: 952339 1512197 | 1 559863 | 559859 559863 | 100.0 | NC_000964.3_NC_000964.3 NODE_1_length_2089305_cov_528.157056
			  Extensive misassembly (relocation, inconsistency = -1097) between these two alignments
			Excluding internal overlap of size 1 between Alignment 2 and 3: 2113440 2152046 | 1163960 1202565 | 38607 38606 --> 2113441 2152046 | 1163961 1202565 | 38606 38605
			Real Alignment 2: 1511101 2115221 | 559864 1163960 | 604121 604097 | 99.98 | NC_000964.3_NC_000964.3 NODE_1_length_2089305_cov_528.157056
			  Extensive misassembly (relocation, inconsistency = -1781) between these two alignments
			Excluding internal overlap of size 16 between Alignment 3 and 4: 2113441 2152046 | 1163961 1202565 | 38606 38605 --> 2113441 2152030 | 1163961 1202549 | 38590 38589
			Real Alignment 3: 2113441 2152030 | 1163961 1202549 | 38590 38589 | 99.99 | NC_000964.3_NC_000964.3 NODE_1_length_2089305_cov_528.157056
			  Extensive misassembly (relocation, inconsistency = 134402) between these two alignments
			Real Alignment 4: 2286433 3173191 | 1202550 2089305 | 886759 886756 | 99.99 | NC_000964.3_NC_000964.3 NODE_1_length_2089305_cov_528.157056

CONTIG: NODE_2_length_1055207_cov_475.261049 (1055207bp)
Best alignment score: 985181.5 (LEN: 985280, IDY: 99.99), Total number of alignments: 3
			Looking for the best set of alignments (out of 3 total alignments)
		This contig has several significant sets of alignments. [An ambiguously mapped contig]
		Using only the very best set (option --ambiguity-usage is set to "one").
			The best set is below. Score: 1054858.0, number of alignments: 3, unaligned bases: 0
		This contig is misassembled.
			Excluding internal overlap of size 1 between Alignment 1 and 2: 3178740 3238902 | 1 60163 | 60163 60163 --> 3178740 3238901 | 1 60162 | 60162 60162
			Real Alignment 1: 3178740 3238901 | 1 60162 | 60162 60162 | 100.0 | NC_000964.3_NC_000964.3 NODE_2_length_1055207_cov_475.261049
			  Extensive misassembly (relocation, inconsistency = -8564) between these two alignments
			Real Alignment 2: 3230338 4215606 | 60163 1045442 | 985269 985280 | 99.99 | NC_000964.3_NC_000964.3 NODE_2_length_1055207_cov_475.261049
			  Not a misassembly [linear representation of circular genome] between these two alignments
			Real Alignment 3: 1 9765 | 1045443 1055207 | 9765 9765 | 100.0 | NC_000964.3_NC_000964.3 NODE_2_length_1055207_cov_475.261049

CONTIG: NODE_4_length_306395_cov_514.935004 (306395bp)
Best alignment score: 306395.0 (LEN: 306395, IDY: 100.00), Total number of alignments: 1
		One align captures most of this contig: 640200 946594 | 1 306395 | 306395 306395 | 100.0 | NC_000964.3_NC_000964.3 NODE_4_length_306395_cov_514.935004

CONTIG: NODE_6_length_238258_cov_544.336667 (238258bp)
Best alignment score: 238258.0 (LEN: 238258, IDY: 100.00), Total number of alignments: 1
		One align captures most of this contig: 397216 635471 | 238258 1 | 238256 238258 | 100.0 | NC_000964.3_NC_000964.3 NODE_6_length_238258_cov_544.336667

CONTIG: NODE_8_length_208097_cov_611.023889 (208097bp)
Best alignment score: 124063.0 (LEN: 124063, IDY: 100.00), Total number of alignments: 2
			Looking for the best set of alignments (out of 2 total alignments)
			The best set is below. Score: 208059.6, number of alignments: 2, unaligned bases: 0
		This contig is misassembled.
			Excluding internal overlap of size 10 between Alignment 1 and 2: 176276 260316 | 1 84044 | 84041 84044 --> 176276 260306 | 1 84034 | 84031 84034
			Real Alignment 1: 176276 260306 | 1 84034 | 84031 84034 | 99.99 | NC_000964.3_NC_000964.3 NODE_8_length_208097_cov_611.023889
			  Gap between these two alignments (local misassembly). Inconsistency = 210
			Real Alignment 2: 260517 384581 | 84035 208097 | 124065 124063 | 100.0 | NC_000964.3_NC_000964.3 NODE_8_length_208097_cov_611.023889

CONTIG: NODE_35_length_59674_cov_271.319395 (59674bp)
Best alignment score: 59674.0 (LEN: 59674, IDY: 100.00), Total number of alignments: 1
		One align captures most of this contig: 101190 160863 | 1 59674 | 59674 59674 | 100.0 | NC_000964.3_NC_000964.3 NODE_35_length_59674_cov_271.319395

CONTIG: NODE_38_length_55241_cov_374.594426 (55241bp)
Best alignment score: 55241.0 (LEN: 55241, IDY: 100.00), Total number of alignments: 1
		One align captures most of this contig: 35314 90554 | 1 55241 | 55241 55241 | 100.0 | NC_000964.3_NC_000964.3 NODE_38_length_55241_cov_374.594426

CONTIG: NODE_110_length_15454_cov_333.102604 (15454bp)
Best alignment score: 15454.0 (LEN: 15454, IDY: 100.00), Total number of alignments: 1
		One align captures most of this contig: 14789 30242 | 15454 1 | 15454 15454 | 100.0 | NC_000964.3_NC_000964.3 NODE_110_length_15454_cov_333.102604

CONTIG: NODE_172_length_8894_cov_233.393823 (8894bp)
Best alignment score: 8894.0 (LEN: 8894, IDY: 100.00), Total number of alignments: 1
		One align captures most of this contig: 386452 395345 | 1 8894 | 8894 8894 | 100.0 | NC_000964.3_NC_000964.3 NODE_172_length_8894_cov_233.393823

CONTIG: NODE_411_length_3182_cov_3172.932203 (3182bp)
Best alignment score: 3181.0 (LEN: 3182, IDY: 99.97), Total number of alignments: 10
		Skipping these alignments as insignificant (option --ambiguity-score is set to "0.99"):
			Skipping alignment 32095 35353 | 3182 1 | 3259 3182 | 97.52 | NC_000964.3_NC_000964.3 NODE_411_length_3182_cov_3172.932203
			Skipping alignment 948336 951387 | 3182 131 | 3052 3052 | 99.9 | NC_000964.3_NC_000964.3 NODE_411_length_3182_cov_3172.932203
		This contig has 8 significant alignments. [An ambiguously mapped contig]
		Using only first of these alignment (option --ambiguity-usage is set to "one"):
			Alignment: 637073 640254 | 3182 1 | 3182 3182 | 99.97 | NC_000964.3_NC_000964.3 NODE_411_length_3182_cov_3172.932203
			Skipping alignment 11627 14808 | 3182 1 | 3182 3182 | 99.94 | NC_000964.3_NC_000964.3 NODE_411_length_3182_cov_3172.932203
			Skipping alignment 3173819 3177000 | 1 3182 | 3182 3182 | 99.91 | NC_000964.3_NC_000964.3 NODE_411_length_3182_cov_3172.932203
			Skipping alignment 92175 95353 | 3182 1 | 3179 3182 | 99.84 | NC_000964.3_NC_000964.3 NODE_411_length_3182_cov_3172.932203
			Skipping alignment 173135 176313 | 3182 1 | 3179 3182 | 99.81 | NC_000964.3_NC_000964.3 NODE_411_length_3182_cov_3172.932203
			Skipping alignment 98031 101209 | 3182 1 | 3179 3182 | 99.78 | NC_000964.3_NC_000964.3 NODE_411_length_3182_cov_3172.932203
			Skipping alignment 162531 165707 | 3182 1 | 3177 3182 | 99.69 | NC_000964.3_NC_000964.3 NODE_411_length_3182_cov_3172.932203
			Skipping alignment 168139 171313 | 3182 1 | 3175 3182 | 99.53 | NC_000964.3_NC_000964.3 NODE_411_length_3182_cov_3172.932203

CONTIG: NODE_636_length_1980_cov_416.772468 (1980bp)
Best alignment score: 1979.0 (LEN: 1980, IDY: 99.95), Total number of alignments: 1
		One align captures most of this contig: 384527 386506 | 1 1980 | 1980 1980 | 99.95 | NC_000964.3_NC_000964.3 NODE_636_length_1980_cov_416.772468

CONTIG: NODE_759_length_1627_cov_2451.660941 (1627bp)
Best alignment score: 1627.0 (LEN: 1627, IDY: 100.00), Total number of alignments: 10
		This contig has 10 significant alignments. [An ambiguously mapped contig]
		Using only first of these alignment (option --ambiguity-usage is set to "one"):
			Alignment: 946697 948323 | 1627 1 | 1627 1627 | 100.0 | NC_000964.3_NC_000964.3 NODE_759_length_1627_cov_2451.660941
			Skipping alignment 96392 98018 | 1627 1 | 1627 1627 | 99.94 | NC_000964.3_NC_000964.3 NODE_759_length_1627_cov_2451.660941
			Skipping alignment 30279 31905 | 1627 1 | 1627 1627 | 99.88 | NC_000964.3_NC_000964.3 NODE_759_length_1627_cov_2451.660941
			Skipping alignment 635434 637060 | 1627 1 | 1627 1627 | 99.82 | NC_000964.3_NC_000964.3 NODE_759_length_1627_cov_2451.660941
			Skipping alignment 9811 11437 | 1627 1 | 1627 1627 | 99.82 | NC_000964.3_NC_000964.3 NODE_759_length_1627_cov_2451.660941
			Skipping alignment 166500 168126 | 1627 1 | 1627 1627 | 99.82 | NC_000964.3_NC_000964.3 NODE_759_length_1627_cov_2451.660941
			Skipping alignment 90536 92162 | 1627 1 | 1627 1627 | 99.75 | NC_000964.3_NC_000964.3 NODE_759_length_1627_cov_2451.660941
			Skipping alignment 160893 162518 | 1627 1 | 1626 1627 | 99.75 | NC_000964.3_NC_000964.3 NODE_759_length_1627_cov_2451.660941
			Skipping alignment 171498 173122 | 1627 1 | 1625 1627 | 99.63 | NC_000964.3_NC_000964.3 NODE_759_length_1627_cov_2451.660941
			Skipping alignment 3177013 3178639 | 1 1627 | 1627 1627 | 99.57 | NC_000964.3_NC_000964.3 NODE_759_length_1627_cov_2451.660941

CONTIG: NODE_1911_length_617_cov_750.259786 (617bp)
Best alignment score: 613.0 (LEN: 617, IDY: 99.35), Total number of alignments: 4
		Skipping these alignments as insignificant (option --ambiguity-score is set to "0.99"):
			Skipping alignment 3173407 3173691 | 185 464 | 285 280 | 95.79 | NC_000964.3_NC_000964.3 NODE_1911_length_617_cov_750.259786
			Skipping alignment 3173720 3173872 | 465 617 | 153 153 | 100.0 | NC_000964.3_NC_000964.3 NODE_1911_length_617_cov_750.259786
			Skipping alignment 3173255 3173406 | 1 151 | 152 151 | 98.68 | NC_000964.3_NC_000964.3 NODE_1911_length_617_cov_750.259786
		One align captures most of this contig: 95300 95915 | 617 1 | 616 617 | 99.35 | NC_000964.3_NC_000964.3 NODE_1911_length_617_cov_750.259786

Analyzing coverage...
Writing SNPs into /home/modesto/data/freeDNA/quast_results/results_2022_03_10_13_57_32/runs_per_reference/NC_000964.3/contigs_reports/minimap_output/Phi29-RP.used_snps.gz

Analysis is finished!
Founded SNPs were written into /home/modesto/data/freeDNA/quast_results/results_2022_03_10_13_57_32/runs_per_reference/NC_000964.3/contigs_reports/minimap_output/Phi29-RP.used_snps.gz

Results:
	Local Misassemblies: 1
	Misassemblies: 4
		Relocations: 4
		Translocations: 0
		Inversions: 0
	Scaffold gap extensive misassemblies: 0
	Scaffold gap local misassemblies: 0
	Misassembled Contigs: 2
	Misassembled Contig Bases: 3144512
	Misassemblies Inter-Contig Overlap ("Extra" Aligned Bases): 0
Unaligned Contigs: 0 + 0 part
Half Unaligned Contigs with Misassemblies: 0
Unaligned Bases in Fully and Partially Unaligned Contigs: 0

Ambiguously Mapped Contigs: 3
Total Bases in Ambiguously Mapped Contigs: 1060016
"Extra" Aligned Bases in Ambiguously Mapped Contigs: 0
Note that --allow-ambiguity option was set to "one" and only first alignment per each of these contigs was used (there is no "extra" aligned bases).

	Covered Bases in Reference: 4032333
	Raw Aligned Bases in Assembly: 4043915
	Total Aligned Bases in Assembly (with "Extras"): 4043915

	SNPs: 180
	Insertions: 46
	Deletions: 55

